<testsuites>
  <testsuite name='no non-derived object property is reified by a property chain'>
    <testcase name='http://imce.jpl.nasa.gov/discipline/fse/fse#connectsAssembly1'/>
    <testcase name='http://imce.jpl.nasa.gov/discipline/fse/fse#connectsAssembly2'/>
    <testcase name='http://imce.jpl.nasa.gov/discipline/fse/fse#hasConnectsAssemblySource'/>
    <testcase name='http://imce.jpl.nasa.gov/discipline/fse/fse#connectsAssembly'/>
    <testcase name='http://imce.jpl.nasa.gov/discipline/fse/fse#hasConnectsAssembly2Source'/>
    <testcase name='http://imce.jpl.nasa.gov/discipline/fse/fse#hasConnectsAssemblyTarget'/>
    <testcase name='http://imce.jpl.nasa.gov/discipline/fse/fse#hasConnectsAssembly1Target'/>
    <testcase name='http://imce.jpl.nasa.gov/discipline/fse/fse#hasConnectsAssembly1Source'/>
    <testcase name='http://imce.jpl.nasa.gov/discipline/fse/fse#hasConnectsAssembly2Target'/>
    <testcase name='http://imce.jpl.nasa.gov/foundation/analysis#analyzes'/>
    <testcase name='http://imce.jpl.nasa.gov/foundation/analysis#characterizes'/>
    <testcase name='http://imce.jpl.nasa.gov/foundation/analysis#constrains'/>
    <testcase name='http://imce.jpl.nasa.gov/foundation/analysis#explains'/>
    <testcase name='http://imce.jpl.nasa.gov/foundation/analysis#hasAnalyzesSource'/>
    <testcase name='http://imce.jpl.nasa.gov/foundation/analysis#hasAnalyzesTarget'/>
    <testcase name='http://imce.jpl.nasa.gov/foundation/analysis#hasCharacterizesSource'/>
    <testcase name='http://imce.jpl.nasa.gov/foundation/analysis#hasCharacterizesTarget'/>
    <testcase name='http://imce.jpl.nasa.gov/foundation/analysis#hasConstrainsSource'/>
    <testcase name='http://imce.jpl.nasa.gov/foundation/analysis#hasConstrainsTarget'/>
    <testcase name='http://imce.jpl.nasa.gov/foundation/analysis#hasExplainsSource'/>
    <testcase name='http://imce.jpl.nasa.gov/foundation/analysis#hasExplainsTarget'/>
    <testcase name='http://imce.jpl.nasa.gov/foundation/analysis#hasLimitsSource'/>
    <testcase name='http://imce.jpl.nasa.gov/foundation/analysis#hasLimitsTarget'/>
    <testcase name='http://imce.jpl.nasa.gov/foundation/analysis#hasValidatesSource'/>
    <testcase name='http://imce.jpl.nasa.gov/foundation/analysis#hasValidatesTarget'/>
    <testcase name='http://imce.jpl.nasa.gov/foundation/analysis#isAnalyzedBy'/>
    <testcase name='http://imce.jpl.nasa.gov/foundation/analysis#isCharacterizedBy'/>
    <testcase name='http://imce.jpl.nasa.gov/foundation/analysis#isExplainedBy'/>
    <testcase name='http://imce.jpl.nasa.gov/foundation/analysis#isLimitedBy'/>
    <testcase name='http://imce.jpl.nasa.gov/foundation/analysis#limits'/>
    <testcase name='http://imce.jpl.nasa.gov/foundation/analysis#isValidatedBy'/>
    <testcase name='http://imce.jpl.nasa.gov/foundation/analysis#validates'/>
    <testcase name='http://iso.org/80000-5-quantities#celcius-temperature-has-thermodynamic-temperature'/>
    <testcase name='http://iso.org/80000-5-quantities#hasCelcius-Temperature-Has-Thermodynamic-TemperatureSource'/>
    <testcase name='http://iso.org/80000-5-quantities#hasCelcius-Temperature-Has-Thermodynamic-TemperatureTarget'/>
    <testcase name='http://iso.org/80000-4-quantities#hasPower-Has-ForceTarget'/>
    <testcase name='http://iso.org/80000-4-quantities#power-has-velocity'/>
    <testcase name='http://iso.org/80000-4-quantities#hasForce-Has-MomentumTarget'/>
    <testcase name='http://iso.org/80000-4-quantities#hasMomentum-Has-VelocityTarget'/>
    <testcase name='http://iso.org/80000-4-quantities#hasMomentum-Has-MassTarget'/>
    <testcase name='http://iso.org/80000-4-quantities#momentum-has-mass'/>
    <testcase name='http://iso.org/80000-4-quantities#hasMomentum-Has-MassSource'/>
    <testcase name='http://iso.org/80000-4-quantities#force-has-momentum'/>
    <testcase name='http://iso.org/80000-4-quantities#hasPower-Has-VelocitySource'/>
    <testcase name='http://iso.org/80000-4-quantities#force-has-velocity'/>
    <testcase name='http://iso.org/80000-4-quantities#hasForce-Has-VelocitySource'/>
    <testcase name='http://iso.org/80000-4-quantities#impulse-has-duration'/>
    <testcase name='http://iso.org/80000-4-quantities#hasPower-Has-VelocityTarget'/>
    <testcase name='http://iso.org/80000-4-quantities#hasImpulse-Has-DurationSource'/>
    <testcase name='http://iso.org/80000-4-quantities#hasImpulse-Has-ForceTarget'/>
    <testcase name='http://iso.org/80000-4-quantities#momentum-has-velocity'/>
    <testcase name='http://iso.org/80000-4-quantities#hasPower-Has-ForceSource'/>
    <testcase name='http://iso.org/80000-4-quantities#hasForce-Has-MomentumSource'/>
    <testcase name='http://iso.org/80000-4-quantities#hasForce-Has-VelocityTarget'/>
    <testcase name='http://iso.org/80000-4-quantities#impulse-has-force'/>
    <testcase name='http://iso.org/80000-4-quantities#hasImpulse-Has-ForceSource'/>
    <testcase name='http://iso.org/80000-4-quantities#hasMomentum-Has-VelocitySource'/>
    <testcase name='http://iso.org/80000-4-quantities#power-has-force'/>
    <testcase name='http://iso.org/80000-4-quantities#hasImpulse-Has-DurationTarget'/>
    <testcase name='http://iso.org/80000-6-quantities#hasResistance-Has-Electric-PotentialTarget'/>
    <testcase name='http://iso.org/80000-6-quantities#electric-field-strength-has-electric-charge'/>
    <testcase name='http://iso.org/80000-6-quantities#hasResistance-Has-Electric-CurrentTarget'/>
    <testcase name='http://iso.org/80000-6-quantities#electric-potential-has-path-length'/>
    <testcase name='http://iso.org/80000-6-quantities#resistance-has-electric-current'/>
    <testcase name='http://iso.org/80000-6-quantities#hasElectric-Field-Strength-Has-Electric-ChargeSource'/>
    <testcase name='http://iso.org/80000-6-quantities#hasResistance-Has-Electric-PotentialSource'/>
    <testcase name='http://iso.org/80000-6-quantities#electric-charge-has-electric-current'/>
    <testcase name='http://iso.org/80000-6-quantities#hasElectric-Field-Strength-Has-ForceTarget'/>
    <testcase name='http://iso.org/80000-6-quantities#hasElectric-Charge-Has-Electric-CurrentTarget'/>
    <testcase name='http://iso.org/80000-6-quantities#hasElectric-Charge-Has-DurationTarget'/>
    <testcase name='http://iso.org/80000-6-quantities#hasElectric-Field-Strength-Has-ForceSource'/>
    <testcase name='http://iso.org/80000-6-quantities#hasElectric-Potential-Has-Electric-Field-StrengthSource'/>
    <testcase name='http://iso.org/80000-6-quantities#hasElectric-Potential-Has-Path-LengthTarget'/>
    <testcase name='http://iso.org/80000-6-quantities#electric-field-strength-has-force'/>
    <testcase name='http://iso.org/80000-6-quantities#hasElectric-Charge-Has-Electric-CurrentSource'/>
    <testcase name='http://iso.org/80000-6-quantities#electric-charge-has-duration'/>
    <testcase name='http://iso.org/80000-6-quantities#electric-potential-has-electric-field-strength'/>
    <testcase name='http://iso.org/80000-6-quantities#hasElectric-Charge-Has-DurationSource'/>
    <testcase name='http://iso.org/80000-6-quantities#hasElectric-Potential-Has-Path-LengthSource'/>
    <testcase name='http://iso.org/80000-6-quantities#hasResistance-Has-Electric-CurrentSource'/>
    <testcase name='http://iso.org/80000-6-quantities#hasElectric-Potential-Has-Electric-Field-StrengthTarget'/>
    <testcase name='http://iso.org/80000-6-quantities#resistance-has-electric-potential'/>
    <testcase name='http://iso.org/80000-6-quantities#hasElectric-Field-Strength-Has-Electric-ChargeTarget'/>
    <testcase name='http://imce.jpl.nasa.gov/foundation/project#realizes'/>
    <testcase name='http://imce.jpl.nasa.gov/foundation/project#interchangesThrough'/>
    <testcase name='http://imce.jpl.nasa.gov/foundation/project#isInterchangePointFor'/>
    <testcase name='http://imce.jpl.nasa.gov/foundation/project#describes'/>
    <testcase name='http://imce.jpl.nasa.gov/foundation/project#isDescribedBy'/>
    <testcase name='http://imce.jpl.nasa.gov/foundation/project#delivers'/>
    <testcase name='http://imce.jpl.nasa.gov/foundation/project#isDeliveredBy'/>
    <testcase name='http://imce.jpl.nasa.gov/foundation/project#hasHasResponsibilityForSource'/>
    <testcase name='http://imce.jpl.nasa.gov/foundation/project#isAssignedTo'/>
    <testcase name='http://imce.jpl.nasa.gov/foundation/project#hasAssignment'/>
    <testcase name='http://imce.jpl.nasa.gov/foundation/project#hasReceivesSource'/>
    <testcase name='http://imce.jpl.nasa.gov/foundation/project#hasPreparesTarget'/>
    <testcase name='http://imce.jpl.nasa.gov/foundation/project#hasHasAssignmentTarget'/>
    <testcase name='http://imce.jpl.nasa.gov/foundation/project#hasApprovesTarget'/>
    <testcase name='http://imce.jpl.nasa.gov/foundation/project#hasInvolves1Target'/>
    <testcase name='http://imce.jpl.nasa.gov/foundation/project#hasInvolvesTarget'/>
    <testcase name='http://imce.jpl.nasa.gov/foundation/project#isInvolvedIn1'/>
    <testcase name='http://imce.jpl.nasa.gov/foundation/project#involves1'/>
    <testcase name='http://imce.jpl.nasa.gov/foundation/project#hasReliesOnSource'/>
    <testcase name='http://imce.jpl.nasa.gov/foundation/project#hasHasParticipantTarget'/>
    <testcase name='http://imce.jpl.nasa.gov/foundation/project#hasDelegatesToTarget'/>
    <testcase name='http://imce.jpl.nasa.gov/foundation/project#hasParticipant'/>
    <testcase name='http://imce.jpl.nasa.gov/foundation/project#participatesIn'/>
    <testcase name='http://imce.jpl.nasa.gov/foundation/project#hasInvokesTarget'/>
    <testcase name='http://imce.jpl.nasa.gov/foundation/project#executes'/>
    <testcase name='http://imce.jpl.nasa.gov/foundation/project#isExecutedBy'/>
    <testcase name='http://imce.jpl.nasa.gov/foundation/project#isRealizedBy'/>
    <testcase name='http://imce.jpl.nasa.gov/foundation/project#represents'/>
    <testcase name='http://imce.jpl.nasa.gov/foundation/project#isRepresentedBy'/>
    <testcase name='http://imce.jpl.nasa.gov/foundation/project#hasInvolvesSource'/>
    <testcase name='http://imce.jpl.nasa.gov/foundation/project#hasDeliversSource'/>
    <testcase name='http://imce.jpl.nasa.gov/foundation/project#isRoleOf'/>
    <testcase name='http://imce.jpl.nasa.gov/foundation/project#hasRole'/>
    <testcase name='http://imce.jpl.nasa.gov/foundation/project#hasBindsTarget'/>
    <testcase name='http://imce.jpl.nasa.gov/foundation/project#supplies'/>
    <testcase name='http://imce.jpl.nasa.gov/foundation/project#isSuppliedBy'/>
    <testcase name='http://imce.jpl.nasa.gov/foundation/project#hasHasRoleTarget'/>
    <testcase name='http://imce.jpl.nasa.gov/foundation/project#hasApprovesSource'/>
    <testcase name='http://imce.jpl.nasa.gov/foundation/project#hasHasAssignmentSource'/>
    <testcase name='http://imce.jpl.nasa.gov/foundation/project#receives'/>
    <testcase name='http://imce.jpl.nasa.gov/foundation/project#isReceivedBy'/>
    <testcase name='http://imce.jpl.nasa.gov/foundation/project#manifests'/>
    <testcase name='http://imce.jpl.nasa.gov/foundation/project#isManfestedBy'/>
    <testcase name='http://imce.jpl.nasa.gov/foundation/project#hasInvolves1Source'/>
    <testcase name='http://imce.jpl.nasa.gov/foundation/project#hasDelegatesToSource'/>
    <testcase name='http://imce.jpl.nasa.gov/foundation/project#hasHasResponsibilityForTarget'/>
    <testcase name='http://imce.jpl.nasa.gov/foundation/project#hasReceivesTarget'/>
    <testcase name='http://imce.jpl.nasa.gov/foundation/project#concurs'/>
    <testcase name='http://imce.jpl.nasa.gov/foundation/project#isConcurredBy'/>
    <testcase name='http://imce.jpl.nasa.gov/foundation/project#hasReliesOnTarget'/>
    <testcase name='http://imce.jpl.nasa.gov/foundation/project#produces'/>
    <testcase name='http://imce.jpl.nasa.gov/foundation/project#isProducedBy'/>
    <testcase name='http://imce.jpl.nasa.gov/foundation/project#hasHasRoleSource'/>
    <testcase name='http://imce.jpl.nasa.gov/foundation/project#hasInterchangesThroughTarget'/>
    <testcase name='http://imce.jpl.nasa.gov/foundation/project#isApprovedBy'/>
    <testcase name='http://imce.jpl.nasa.gov/foundation/project#approves'/>
    <testcase name='http://imce.jpl.nasa.gov/foundation/project#binds'/>
    <testcase name='http://imce.jpl.nasa.gov/foundation/project#isBoundBy'/>
    <testcase name='http://imce.jpl.nasa.gov/foundation/project#hasDeliversTarget'/>
    <testcase name='http://imce.jpl.nasa.gov/foundation/project#hasBelongsToSource'/>
    <testcase name='http://imce.jpl.nasa.gov/foundation/project#hasInvolves2Target'/>
    <testcase name='http://imce.jpl.nasa.gov/foundation/project#isReliedOnBy'/>
    <testcase name='http://imce.jpl.nasa.gov/foundation/project#reliesOn'/>
    <testcase name='http://imce.jpl.nasa.gov/foundation/project#involves2'/>
    <testcase name='http://imce.jpl.nasa.gov/foundation/project#isInvolvedIn2'/>
    <testcase name='http://imce.jpl.nasa.gov/foundation/project#belongsTo'/>
    <testcase name='http://imce.jpl.nasa.gov/foundation/project#invokes'/>
    <testcase name='http://imce.jpl.nasa.gov/foundation/project#isInvokedBy'/>
    <testcase name='http://imce.jpl.nasa.gov/foundation/project#hasRealizesSource'/>
    <testcase name='http://imce.jpl.nasa.gov/foundation/project#hasInterchangesThroughSource'/>
    <testcase name='http://imce.jpl.nasa.gov/foundation/project#hasRepresentsSource'/>
    <testcase name='http://imce.jpl.nasa.gov/foundation/project#hasProducesSource'/>
    <testcase name='http://imce.jpl.nasa.gov/foundation/project#hasInvolves2Source'/>
    <testcase name='http://imce.jpl.nasa.gov/foundation/project#hasDescribesSource'/>
    <testcase name='http://imce.jpl.nasa.gov/foundation/project#hasManifestsTarget'/>
    <testcase name='http://imce.jpl.nasa.gov/foundation/project#hasExecutesSource'/>
    <testcase name='http://imce.jpl.nasa.gov/foundation/project#hasAuthorizesTarget'/>
    <testcase name='http://imce.jpl.nasa.gov/foundation/project#isResponsibilityOf'/>
    <testcase name='http://imce.jpl.nasa.gov/foundation/project#hasResponsibilityFor'/>
    <testcase name='http://imce.jpl.nasa.gov/foundation/project#delegatesTo'/>
    <testcase name='http://imce.jpl.nasa.gov/foundation/project#isDelegateOf'/>
    <testcase name='http://imce.jpl.nasa.gov/foundation/project#isPreparedBy'/>
    <testcase name='http://imce.jpl.nasa.gov/foundation/project#prepares'/>
    <testcase name='http://imce.jpl.nasa.gov/foundation/project#hasBelongsToTarget'/>
    <testcase name='http://imce.jpl.nasa.gov/foundation/project#hasConcursSource'/>
    <testcase name='http://imce.jpl.nasa.gov/foundation/project#isInvolvedIn'/>
    <testcase name='http://imce.jpl.nasa.gov/foundation/project#involves'/>
    <testcase name='http://imce.jpl.nasa.gov/foundation/project#hasPreparesSource'/>
    <testcase name='http://imce.jpl.nasa.gov/foundation/project#hasManifestsSource'/>
    <testcase name='http://imce.jpl.nasa.gov/foundation/project#hasRealizesTarget'/>
    <testcase name='http://imce.jpl.nasa.gov/foundation/project#hasAuthorizesSource'/>
    <testcase name='http://imce.jpl.nasa.gov/foundation/project#hasSuppliesTarget'/>
    <testcase name='http://imce.jpl.nasa.gov/foundation/project#hasRepresentsTarget'/>
    <testcase name='http://imce.jpl.nasa.gov/foundation/project#hasProducesTarget'/>
    <testcase name='http://imce.jpl.nasa.gov/foundation/project#hasHasParticipantSource'/>
    <testcase name='http://imce.jpl.nasa.gov/foundation/project#hasDescribesTarget'/>
    <testcase name='http://imce.jpl.nasa.gov/foundation/project#hasInvokesSource'/>
    <testcase name='http://imce.jpl.nasa.gov/foundation/project#hasExecutesTarget'/>
    <testcase name='http://imce.jpl.nasa.gov/foundation/project#hasBindsSource'/>
    <testcase name='http://imce.jpl.nasa.gov/foundation/project#hasConcursTarget'/>
    <testcase name='http://imce.jpl.nasa.gov/foundation/project#authorizes'/>
    <testcase name='http://imce.jpl.nasa.gov/foundation/project#hasSuppliesSource'/>
    <testcase name='http://iso.org/80000-6-units#hasNewton-Per-Coulomb-Has-NewtonSource'/>
    <testcase name='http://iso.org/80000-6-units#hasVolt-Has-Newton-Per-CoulombSource'/>
    <testcase name='http://iso.org/80000-6-units#coulomb-has-ampere'/>
    <testcase name='http://iso.org/80000-6-units#hasOhm-Has-AmpereTarget'/>
    <testcase name='http://iso.org/80000-6-units#newton-per-coulomb-has-newton'/>
    <testcase name='http://iso.org/80000-6-units#hasOhm-Has-VoltSource'/>
    <testcase name='http://iso.org/80000-6-units#hasNewton-Per-Coulomb-Has-NewtonTarget'/>
    <testcase name='http://iso.org/80000-6-units#hasVolt-Has-MetreSource'/>
    <testcase name='http://iso.org/80000-6-units#volt-has-metre'/>
    <testcase name='http://iso.org/80000-6-units#hasNewton-Per-Coulomb-Has-CoulombTarget'/>
    <testcase name='http://iso.org/80000-6-units#hasOhm-Has-VoltTarget'/>
    <testcase name='http://iso.org/80000-6-units#hasVolt-Has-MetreTarget'/>
    <testcase name='http://iso.org/80000-6-units#hasCoulomb-Has-AmpereSource'/>
    <testcase name='http://iso.org/80000-6-units#ohm-has-ampere'/>
    <testcase name='http://iso.org/80000-6-units#volt-has-newton-per-coulomb'/>
    <testcase name='http://iso.org/80000-6-units#hasCoulomb-Has-SecondTarget'/>
    <testcase name='http://iso.org/80000-6-units#hasNewton-Per-Coulomb-Has-CoulombSource'/>
    <testcase name='http://iso.org/80000-6-units#coulomb-has-second'/>
    <testcase name='http://iso.org/80000-6-units#ohm-has-volt'/>
    <testcase name='http://iso.org/80000-6-units#hasCoulomb-Has-SecondSource'/>
    <testcase name='http://iso.org/80000-6-units#hasCoulomb-Has-AmpereTarget'/>
    <testcase name='http://iso.org/80000-6-units#newton-per-coulomb-has-coulomb'/>
    <testcase name='http://iso.org/80000-6-units#hasVolt-Has-Newton-Per-CoulombTarget'/>
    <testcase name='http://iso.org/80000-6-units#hasOhm-Has-AmpereSource'/>
    <testcase name='http://imce.jpl.nasa.gov/foundation/mission#performs'/>
    <testcase name='http://imce.jpl.nasa.gov/foundation/mission#hasPerformsSource'/>
    <testcase name='http://imce.jpl.nasa.gov/foundation/mission#hasPerformsTarget'/>
    <testcase name='http://imce.jpl.nasa.gov/foundation/base#contains'/>
    <testcase name='http://imce.jpl.nasa.gov/foundation/mission#joins1'/>
    <testcase name='http://imce.jpl.nasa.gov/foundation/mission#joins2'/>
    <testcase name='http://iupac.org/metrology#isQuantityOf'/>
    <testcase name='http://iupac.org/metrology#isMagnitudeOf'/>
    <testcase name='http://imce.jpl.nasa.gov/foundation/mission#isSpecifiedBy'/>
    <testcase name='http://imce.jpl.nasa.gov/foundation/mission#refines'/>
    <testcase name='http://imce.jpl.nasa.gov/foundation/base#aggregates'/>
    <testcase name='http://opencaesar.io/oml#forwardRelation'/>
    <testcase name='http://imce.jpl.nasa.gov/foundation/base#hasAggregatesSource'/>
    <testcase name='http://opencaesar.io/oml#sourceRelation'/>
    <testcase name='http://imce.jpl.nasa.gov/foundation/base#hasAggregatesTarget'/>
    <testcase name='http://opencaesar.io/oml#targetRelation'/>
    <testcase name='http://imce.jpl.nasa.gov/foundation/base#hasContainsSource'/>
    <testcase name='http://imce.jpl.nasa.gov/foundation/base#hasContainsTarget'/>
    <testcase name='http://imce.jpl.nasa.gov/foundation/base#isAggregatedIn'/>
    <testcase name='http://opencaesar.io/oml#reverseRelation'/>
    <testcase name='http://imce.jpl.nasa.gov/foundation/base#isContainedIn'/>
    <testcase name='http://iupac.org/metrology#hasReference'/>
    <testcase name='http://iupac.org/metrology#hasIsQuantityOfSource'/>
    <testcase name='http://iupac.org/metrology#hasIsQuantityOfTarget'/>
    <testcase name='http://iupac.org/metrology#hasHasFactorForUnitaryQuantitySource'/>
    <testcase name='http://iupac.org/metrology#hasHasFactorForUnitaryQuantityTarget'/>
    <testcase name='http://iupac.org/metrology#hasMagnitude'/>
    <testcase name='http://imce.jpl.nasa.gov/foundation/mission#presents'/>
    <testcase name='http://iso.org/80000-5-units#degreeCelcius-has-kelvin'/>
    <testcase name='http://iso.org/80000-5-units#hasDegreeCelcius-Has-KelvinSource'/>
    <testcase name='http://iupac.org/metrology#hasHasFactorForMeasurementUnitSource'/>
    <testcase name='http://iso.org/80000-5-units#hasDegreeCelcius-Has-KelvinTarget'/>
    <testcase name='http://iupac.org/metrology#hasHasFactorForMeasurementUnitTarget'/>
    <testcase name='http://iupac.org/metrology#hasSystemHasUnitaryQuantitySource'/>
    <testcase name='http://iupac.org/metrology#hasSystemHasUnitaryQuantityTarget'/>
    <testcase name='http://iupac.org/metrology#hasSystemHasMetrologicalUnitSource'/>
    <testcase name='http://iupac.org/metrology#hasSystemHasMetrologicalUnitTarget'/>
    <testcase name='http://iso.org/80000-3-quantities#angular-measure-has-arc-length'/>
    <testcase name='http://iso.org/80000-3-quantities#angular-measure-has-radius'/>
    <testcase name='http://iso.org/80000-3-quantities#frequency-has-period-duration'/>
    <testcase name='http://iso.org/80000-3-quantities#hasAngular-Measure-Has-Arc-LengthSource'/>
    <testcase name='http://iso.org/80000-3-quantities#hasAngular-Measure-Has-Arc-LengthTarget'/>
    <testcase name='http://iso.org/80000-3-quantities#hasAngular-Measure-Has-RadiusSource'/>
    <testcase name='http://iso.org/80000-3-quantities#hasAngular-Measure-Has-RadiusTarget'/>
    <testcase name='http://iso.org/80000-3-quantities#hasFrequency-Has-Period-DurationSource'/>
    <testcase name='http://iso.org/80000-3-quantities#hasFrequency-Has-Period-DurationTarget'/>
    <testcase name='http://iso.org/80000-3-quantities#hasRotation-Has-Rotational-DisplacementSource'/>
    <testcase name='http://iso.org/80000-3-quantities#hasRotation-Has-Rotational-DisplacementTarget'/>
    <testcase name='http://iso.org/80000-3-quantities#hasRotational-Displacement-Has-DistanceSource'/>
    <testcase name='http://iso.org/80000-3-quantities#hasRotational-Displacement-Has-DistanceTarget'/>
    <testcase name='http://iso.org/80000-3-quantities#hasRotational-Displacement-Has-Path-LengthSource'/>
    <testcase name='http://iso.org/80000-3-quantities#hasRotational-Displacement-Has-Path-LengthTarget'/>
    <testcase name='http://iso.org/80000-3-quantities#hasRotational-Frequency-Has-DurationSource'/>
    <testcase name='http://iso.org/80000-3-quantities#hasRotational-Frequency-Has-DurationTarget'/>
    <testcase name='http://iso.org/80000-3-quantities#hasRotational-Frequency-Has-RotationSource'/>
    <testcase name='http://iso.org/80000-3-quantities#hasRotational-Frequency-Has-RotationTarget'/>
    <testcase name='http://iso.org/80000-3-quantities#hasVelocity-Has-DurationSource'/>
    <testcase name='http://iso.org/80000-3-quantities#hasVelocity-Has-DurationTarget'/>
    <testcase name='http://iso.org/80000-3-quantities#hasVelocity-Has-Position-VectorSource'/>
    <testcase name='http://iso.org/80000-3-quantities#hasVelocity-Has-Position-VectorTarget'/>
    <testcase name='http://iso.org/80000-3-quantities#rotation-has-rotational-displacement'/>
    <testcase name='http://iso.org/80000-3-quantities#rotational-displacement-has-distance'/>
    <testcase name='http://iso.org/80000-3-quantities#rotational-displacement-has-path-length'/>
    <testcase name='http://iso.org/80000-3-quantities#rotational-frequency-has-duration'/>
    <testcase name='http://iso.org/80000-3-quantities#rotational-frequency-has-rotation'/>
    <testcase name='http://iso.org/80000-3-quantities#velocity-has-duration'/>
    <testcase name='http://iso.org/80000-3-quantities#velocity-has-position-vector'/>
    <testcase name='owl:sameAs'/>
    <testcase name='http://iso.org/80000-4-units#hasWatt-Has-NewtonSource'/>
    <testcase name='http://imce.jpl.nasa.gov/foundation/mission#hasInducesTarget'/>
    <testcase name='http://iupac.org/metrology#hasFactorForMeasurementUnit'/>
    <testcase name='http://imce.jpl.nasa.gov/foundation/mission#involves2'/>
    <testcase name='http://imce.jpl.nasa.gov/foundation/mission#isInvolvedIn2'/>
    <testcase name='http://imce.jpl.nasa.gov/foundation/mission#hasInvolvesTarget'/>
    <testcase name='http://imce.jpl.nasa.gov/foundation/mission#hasSpecifiesTarget'/>
    <testcase name='http://imce.jpl.nasa.gov/foundation/mission#hasInterchangesThroughTarget'/>
    <testcase name='http://iso.org/80000-4-units#watt-has-metre-per-second'/>
    <testcase name='http://iso.org/80000-3-units#hasHertz-Has-SecondTarget'/>
    <testcase name='http://imce.jpl.nasa.gov/foundation/mission#hasRefinesTarget'/>
    <testcase name='http://iupac.org/metrology#hasQuantity'/>
    <testcase name='http://iso.org/80000-4-units#newton-millisecond-has-millisecond'/>
    <testcase name='http://imce.jpl.nasa.gov/foundation/mission#hasReceivesSource'/>
    <testcase name='http://iso.org/80000-3-units#hasRevolution-Has-RadianTarget'/>
    <testcase name='http://iso.org/80000-3-units#hasMetre-Per-Second-Has-MetreTarget'/>
    <testcase name='http://imce.jpl.nasa.gov/foundation/mission#traverses'/>
    <testcase name='http://imce.jpl.nasa.gov/foundation/mission#isTraversedBy'/>
    <testcase name='http://iupac.org/metrology#systemHasMetrologicalUnit'/>
    <testcase name='http://imce.jpl.nasa.gov/foundation/mission#transfersIn'/>
    <testcase name='http://imce.jpl.nasa.gov/foundation/mission#hasTransfersSource'/>
    <testcase name='http://iupac.org/metrology#nonCoherentDerivedMeasurementUnitOf'/>
    <testcase name='http://imce.jpl.nasa.gov/foundation/mission#hasInvolves2Target'/>
    <testcase name='http://imce.jpl.nasa.gov/foundation/mission#hasDeploysTarget'/>
    <testcase name='http://iso.org/80000-4-units#newton-has-metre-per-second'/>
    <testcase name='http://imce.jpl.nasa.gov/foundation/mission#deploys'/>
    <testcase name='http://imce.jpl.nasa.gov/foundation/mission#isDeployedBy'/>
    <testcase name='http://imce.jpl.nasa.gov/foundation/mission#emits'/>
    <testcase name='http://imce.jpl.nasa.gov/foundation/mission#isEmittedBy'/>
    <testcase name='http://imce.jpl.nasa.gov/foundation/mission#invokes'/>
    <testcase name='http://imce.jpl.nasa.gov/foundation/mission#isInvokedBy'/>
    <testcase name='http://imce.jpl.nasa.gov/foundation/mission#participatesIn'/>
    <testcase name='http://imce.jpl.nasa.gov/foundation/mission#hasParticipant'/>
    <testcase name='http://iso.org/80000-4-units#hasWatt-Has-Metre-Per-SecondTarget'/>
    <testcase name='http://imce.jpl.nasa.gov/foundation/mission#isPerformedBy'/>
    <testcase name='http://imce.jpl.nasa.gov/foundation/mission#hasHasParticipantSource'/>
    <testcase name='http://imce.jpl.nasa.gov/foundation/mission#hasJoinsTarget'/>
    <testcase name='http://imce.jpl.nasa.gov/foundation/mission#hasJoins1Source'/>
    <testcase name='http://imce.jpl.nasa.gov/foundation/mission#hasJoinsSource'/>
    <testcase name='http://imce.jpl.nasa.gov/foundation/mission#hasPresentsSource'/>
    <testcase name='http://imce.jpl.nasa.gov/foundation/mission#hasIngestsSource'/>
    <testcase name='http://imce.jpl.nasa.gov/foundation/mission#isJoinedIn2'/>
    <testcase name='http://iso.org/80000-4-units#hasNewton-Millisecond-Has-MillisecondTarget'/>
    <testcase name='http://imce.jpl.nasa.gov/foundation/mission#hasInterchangesThroughSource'/>
    <testcase name='http://iupac.org/metrology#hasNonCoherentDerivedMeasurementUnitOfTarget'/>
    <testcase name='http://iso.org/80000-4-units#kilogram-metre-per-second-has-metre-per-second'/>
    <testcase name='http://iso.org/80000-3-units#hasMetre-Per-Second-Has-SecondSource'/>
    <testcase name='http://iso.org/80000-4-units#hasKilogram-Metre-Per-Second-Has-Metre-Per-SecondSource'/>
    <testcase name='http://iso.org/80000-3-units#hasMetre-Per-Second-Has-MetreSource'/>
    <testcase name='http://imce.jpl.nasa.gov/foundation/mission#isPresentedBy'/>
    <testcase name='http://imce.jpl.nasa.gov/foundation/mission#involves'/>
    <testcase name='http://imce.jpl.nasa.gov/foundation/mission#isInvolvedIn'/>
    <testcase name='http://imce.jpl.nasa.gov/foundation/mission#isJoinedIn1'/>
    <testcase name='http://iupac.org/metrology#isReflexiveMagnitudeOf'/>
    <testcase name='http://iupac.org/metrology#hasIsMagnitudeOfSource'/>
    <testcase name='http://imce.jpl.nasa.gov/foundation/mission#hasInvolves2Source'/>
    <testcase name='http://imce.jpl.nasa.gov/foundation/mission#hasInvolvesSource'/>
    <testcase name='http://imce.jpl.nasa.gov/foundation/mission#hasDeploysSource'/>
    <testcase name='http://imce.jpl.nasa.gov/foundation/mission#isInvolvedIn1'/>
    <testcase name='http://imce.jpl.nasa.gov/foundation/mission#involves1'/>
    <testcase name='http://iso.org/80000-4-units#hasNewton-Has-Metre-Per-SecondSource'/>
    <testcase name='owl:topObjectProperty'/>
    <testcase name='http://imce.jpl.nasa.gov/foundation/mission#hasTransfersOutTarget'/>
    <testcase name='http://imce.jpl.nasa.gov/foundation/mission#hasTransfersTarget'/>
    <testcase name='http://imce.jpl.nasa.gov/foundation/mission#hasPursuesTarget'/>
    <testcase name='http://iso.org/80000-3-units#metre-per-second-has-metre'/>
    <testcase name='http://imce.jpl.nasa.gov/foundation/mission#hasReceivesTarget'/>
    <testcase name='http://imce.jpl.nasa.gov/foundation/mission#isSentBy'/>
    <testcase name='http://imce.jpl.nasa.gov/foundation/mission#sends'/>
    <testcase name='http://iso.org/80000-3-units#hasRadian-Has-Metre-NumeratorSource'/>
    <testcase name='http://imce.jpl.nasa.gov/foundation/mission#isInfluencedBy'/>
    <testcase name='http://imce.jpl.nasa.gov/foundation/mission#influences'/>
    <testcase name='http://iso.org/80000-4-units#newton-millisecond-has-newton'/>
    <testcase name='http://imce.jpl.nasa.gov/foundation/mission#specifies'/>
    <testcase name='http://imce.jpl.nasa.gov/foundation/mission#ingests'/>
    <testcase name='http://imce.jpl.nasa.gov/foundation/mission#isIngestedBy'/>
    <testcase name='http://iupac.org/metrology#hasNonCoherentDerivedMeasurementUnitOfSource'/>
    <testcase name='http://iso.org/80000-3-units#kilometre-per-second-has-kilometre'/>
    <testcase name='http://iupac.org/metrology#hasHasReferenceSource'/>
    <testcase name='http://imce.jpl.nasa.gov/foundation/mission#hasEmitsTarget'/>
    <testcase name='http://iupac.org/metrology#hasHasPrefixSource'/>
    <testcase name='http://imce.jpl.nasa.gov/foundation/mission#hasJoins1Target'/>
    <testcase name='http://imce.jpl.nasa.gov/foundation/mission#hasPresentsTarget'/>
    <testcase name='http://iso.org/80000-4-units#newton-has-kilogram'/>
    <testcase name='http://imce.jpl.nasa.gov/foundation/mission#joins'/>
    <testcase name='http://imce.jpl.nasa.gov/foundation/mission#isJoinedIn'/>
    <testcase name='http://imce.jpl.nasa.gov/foundation/mission#hasIngestsTarget'/>
    <testcase name='http://iso.org/80000-3-units#hertz-has-second'/>
    <testcase name='http://iso.org/80000-4-units#hasNewton-Millisecond-Has-NewtonSource'/>
    <testcase name='http://imce.jpl.nasa.gov/foundation/mission#isInterchangePointFor'/>
    <testcase name='http://imce.jpl.nasa.gov/foundation/mission#interchangesThrough'/>
    <testcase name='http://imce.jpl.nasa.gov/foundation/mission#hasProducesTarget'/>
    <testcase name='http://iso.org/80000-3-units#radian-has-metre-denominator'/>
    <testcase name='http://imce.jpl.nasa.gov/foundation/mission#hasTransfersOutSource'/>
    <testcase name='http://imce.jpl.nasa.gov/foundation/mission#hasTransfersInSource'/>
    <testcase name='http://imce.jpl.nasa.gov/foundation/mission#hasPursuesSource'/>
    <testcase name='http://iso.org/80000-3-units#hasMetre-Per-Second-Has-SecondTarget'/>
    <testcase name='http://imce.jpl.nasa.gov/foundation/mission#isReceivedBy'/>
    <testcase name='http://imce.jpl.nasa.gov/foundation/mission#receives'/>
    <testcase name='http://iso.org/80000-4-units#hasKilogram-Metre-Per-Second-Has-Metre-Per-SecondTarget'/>
    <testcase name='http://imce.jpl.nasa.gov/foundation/mission#isPursuedBy'/>
    <testcase name='http://imce.jpl.nasa.gov/foundation/mission#pursues'/>
    <testcase name='http://iupac.org/metrology#hasIsMagnitudeOfTarget'/>
    <testcase name='http://iso.org/80000-4-units#hasNewton-Has-Metre-Per-SecondTarget'/>
    <testcase name='http://iso.org/80000-3-units#kilometre-per-second-has-second'/>
    <testcase name='http://iso.org/80000-4-units#newton-second-has-newton'/>
    <testcase name='http://iupac.org/metrology#systemHasUnitaryQuantity'/>
    <testcase name='http://imce.jpl.nasa.gov/foundation/mission#hasEmitsSource'/>
    <testcase name='http://imce.jpl.nasa.gov/foundation/mission#transfers'/>
    <testcase name='http://imce.jpl.nasa.gov/foundation/mission#isProducedBy'/>
    <testcase name='http://imce.jpl.nasa.gov/foundation/mission#produces'/>
    <testcase name='http://iso.org/80000-3-units#hasRadian-Has-Metre-NumeratorTarget'/>
    <testcase name='http://iupac.org/metrology#hasIsReflexiveMagnitudeOfSource'/>
    <testcase name='http://iso.org/80000-3-units#hasKilometre-Per-Second-Has-KilometreSource'/>
    <testcase name='http://imce.jpl.nasa.gov/foundation/mission#isRefinedBy'/>
    <testcase name='http://iso.org/80000-4-units#hasNewton-Has-KilogramSource'/>
    <testcase name='http://imce.jpl.nasa.gov/foundation/mission#hasInvokesSource'/>
    <testcase name='http://imce.jpl.nasa.gov/foundation/mission#hasProducesSource'/>
    <testcase name='http://imce.jpl.nasa.gov/foundation/mission#hasInfluencesSource'/>
    <testcase name='http://iupac.org/metrology#hasFactorForUnitaryQuantity'/>
    <testcase name='http://iupac.org/metrology#hasHasReferenceTarget'/>
    <testcase name='http://iupac.org/metrology#hasHasPrefixTarget'/>
    <testcase name='http://iso.org/80000-4-units#hasNewton-Second-Has-NewtonTarget'/>
    <testcase name='http://iso.org/80000-3-units#metre-per-second-has-second'/>
    <testcase name='http://iso.org/80000-3-units#revolution-has-radian'/>
    <testcase name='http://iso.org/80000-4-units#hasNewton-Millisecond-Has-NewtonTarget'/>
    <testcase name='http://iso.org/80000-3-units#radian-has-metre-numerator'/>
    <testcase name='http://imce.jpl.nasa.gov/foundation/mission#hasSendsSource'/>
    <testcase name='http://iso.org/80000-4-units#kilogram-metre-per-second-has-kilogram'/>
    <testcase name='http://imce.jpl.nasa.gov/foundation/mission#hasTransfersInTarget'/>
    <testcase name='http://imce.jpl.nasa.gov/foundation/mission#hasIsTraversedBySource'/>
    <testcase name='http://imce.jpl.nasa.gov/foundation/mission#hasInvolves1Target'/>
    <testcase name='http://iso.org/80000-4-units#hasKilogram-Metre-Per-Second-Has-KilogramTarget'/>
    <testcase name='http://imce.jpl.nasa.gov/foundation/mission#hasJoins2Target'/>
    <testcase name='http://imce.jpl.nasa.gov/foundation/mission#hasInducesSource'/>
    <testcase name='http://iso.org/80000-3-units#hasRadian-Has-Metre-DenominatorTarget'/>
    <testcase name='http://imce.jpl.nasa.gov/foundation/mission#hasSpecifiesSource'/>
    <testcase name='http://imce.jpl.nasa.gov/foundation/mission#isInducedBy'/>
    <testcase name='http://imce.jpl.nasa.gov/foundation/mission#induces'/>
    <testcase name='http://iso.org/80000-3-units#hasHertz-Has-SecondSource'/>
    <testcase name='http://iupac.org/metrology#hasPrefix'/>
    <testcase name='http://imce.jpl.nasa.gov/foundation/mission#hasRefinesSource'/>
    <testcase name='http://iso.org/80000-3-units#hasRevolution-Has-RadianSource'/>
    <testcase name='http://iso.org/80000-3-units#hasKilometre-Per-Second-Has-SecondTarget'/>
    <testcase name='http://iso.org/80000-4-units#hasNewton-Second-Has-SecondTarget'/>
    <testcase name='http://iso.org/80000-4-units#hasWatt-Has-NewtonTarget'/>
    <testcase name='http://iso.org/80000-4-units#hasNewton-Second-Has-NewtonSource'/>
    <testcase name='http://iupac.org/metrology#hasIsReflexiveMagnitudeOfTarget'/>
    <testcase name='http://iso.org/80000-3-units#hasKilometre-Per-Second-Has-KilometreTarget'/>
    <testcase name='http://iso.org/80000-4-units#watt-has-newton'/>
    <testcase name='http://imce.jpl.nasa.gov/foundation/mission#hasInvokesTarget'/>
    <testcase name='http://iso.org/80000-4-units#hasNewton-Has-KilogramTarget'/>
    <testcase name='http://imce.jpl.nasa.gov/foundation/mission#hasInfluencesTarget'/>
    <testcase name='http://iso.org/80000-4-units#hasWatt-Has-Metre-Per-SecondSource'/>
    <testcase name='http://imce.jpl.nasa.gov/foundation/mission#hasInvolves1Source'/>
    <testcase name='http://imce.jpl.nasa.gov/foundation/mission#transfersOut'/>
    <testcase name='http://iso.org/80000-4-units#hasKilogram-Metre-Per-Second-Has-KilogramSource'/>
    <testcase name='http://imce.jpl.nasa.gov/foundation/mission#hasJoins2Source'/>
    <testcase name='http://iso.org/80000-3-units#hasRadian-Has-Metre-DenominatorSource'/>
    <testcase name='http://imce.jpl.nasa.gov/foundation/mission#hasSendsTarget'/>
    <testcase name='http://iso.org/80000-4-units#newton-second-has-second'/>
    <testcase name='http://iso.org/80000-4-units#hasNewton-Millisecond-Has-MillisecondSource'/>
    <testcase name='http://imce.jpl.nasa.gov/foundation/mission#hasIsTraversedByTarget'/>
    <testcase name='http://imce.jpl.nasa.gov/foundation/mission#hasHasParticipantTarget'/>
    <testcase name='http://iso.org/80000-3-units#hasKilometre-Per-Second-Has-SecondSource'/>
    <testcase name='http://iso.org/80000-4-units#hasNewton-Second-Has-SecondSource'/>
  </testsuite>
</testsuites>
