<testsuites>
  <testsuite name='every subclass axiom is essential'>
    <testcase name='http://imce.jpl.nasa.gov/discipline/fse/fse#Subsystem subclass of http://opencaesar.io/oml#Concept'>
      <failure>
        Asserted in http://imce.jpl.nasa.gov/discipline/fse/fse.
      </failure>
    </testcase>
    <testcase name='http://imce.jpl.nasa.gov/discipline/fse/fse#CBEMass subclass of http://opencaesar.io/oml#Concept'>
      <failure>
        Asserted in http://imce.jpl.nasa.gov/discipline/fse/fse.
      </failure>
    </testcase>
    <testcase name='http://imce.jpl.nasa.gov/discipline/fse/fse#CBEMagnitude subclass of http://opencaesar.io/oml#Concept'>
      <failure>
        Asserted in http://imce.jpl.nasa.gov/discipline/fse/fse.
      </failure>
    </testcase>
    <testcase name='http://imce.jpl.nasa.gov/discipline/fse/fse#MassLimit subclass of http://opencaesar.io/oml#Concept'>
      <failure>
        Asserted in http://imce.jpl.nasa.gov/discipline/fse/fse.
      </failure>
    </testcase>
    <testcase name='http://imce.jpl.nasa.gov/discipline/fse/fse#MassLimitMagnitude subclass of http://opencaesar.io/oml#Concept'>
      <failure>
        Asserted in http://imce.jpl.nasa.gov/discipline/fse/fse.
      </failure>
    </testcase>
    <testcase name='http://imce.jpl.nasa.gov/discipline/fse/fse#EndCircuit subclass of http://opencaesar.io/oml#Concept'>
      <failure>
        Asserted in http://imce.jpl.nasa.gov/discipline/fse/fse.
      </failure>
    </testcase>
    <testcase name='http://imce.jpl.nasa.gov/discipline/fse/fse#Assembly subclass of http://opencaesar.io/oml#Concept'>
      <failure>
        Asserted in http://imce.jpl.nasa.gov/discipline/fse/fse.
      </failure>
    </testcase>
    <testcase name='http://imce.jpl.nasa.gov/discipline/fse/fse#FlightHardwareComponent subclass of http://opencaesar.io/oml#Concept'>
      <failure>
        Asserted in http://imce.jpl.nasa.gov/discipline/fse/fse.
      </failure>
    </testcase>
    <testcase name='http://imce.jpl.nasa.gov/discipline/fse/fse#MassEstimateMagnitude subclass of http://opencaesar.io/oml#Concept'>
      <failure>
        Asserted in http://imce.jpl.nasa.gov/discipline/fse/fse.
      </failure>
    </testcase>
    <testcase name='http://imce.jpl.nasa.gov/discipline/fse/fse#MGAMagnitude subclass of http://opencaesar.io/oml#Concept'>
      <failure>
        Asserted in http://imce.jpl.nasa.gov/discipline/fse/fse.
      </failure>
    </testcase>
    <testcase name='http://imce.jpl.nasa.gov/discipline/fse/fse#Function subclass of http://opencaesar.io/oml#Concept'>
      <failure>
        Asserted in http://imce.jpl.nasa.gov/discipline/fse/fse.
      </failure>
    </testcase>
    <testcase name='http://imce.jpl.nasa.gov/discipline/fse/fse#MassAllocationMagnitude subclass of http://opencaesar.io/oml#Concept'>
      <failure>
        Asserted in http://imce.jpl.nasa.gov/discipline/fse/fse.
      </failure>
    </testcase>
    <testcase name='http://imce.jpl.nasa.gov/discipline/fse/fse#MGAMass subclass of http://opencaesar.io/oml#Concept'>
      <failure>
        Asserted in http://imce.jpl.nasa.gov/discipline/fse/fse.
      </failure>
    </testcase>
    <testcase name='http://imce.jpl.nasa.gov/discipline/fse/fse#ConsumableMass subclass of http://opencaesar.io/oml#Concept'>
      <failure>
        Asserted in http://imce.jpl.nasa.gov/discipline/fse/fse.
      </failure>
    </testcase>
    <testcase name='http://imce.jpl.nasa.gov/discipline/fse/fse#MEVMass subclass of http://opencaesar.io/oml#Concept'>
      <failure>
        Asserted in http://imce.jpl.nasa.gov/discipline/fse/fse.
      </failure>
    </testcase>
    <testcase name='http://imce.jpl.nasa.gov/discipline/fse/fse#MassAllocation subclass of http://opencaesar.io/oml#Concept'>
      <failure>
        Asserted in http://imce.jpl.nasa.gov/discipline/fse/fse.
      </failure>
    </testcase>
    <testcase name='http://imce.jpl.nasa.gov/discipline/fse/fse#MassEstimate subclass of http://opencaesar.io/oml#Concept'>
      <failure>
        Asserted in http://imce.jpl.nasa.gov/discipline/fse/fse.
      </failure>
    </testcase>
    <testcase name='http://imce.jpl.nasa.gov/discipline/fse/fse#MEVMagnitue subclass of http://opencaesar.io/oml#Concept'>
      <failure>
        Asserted in http://imce.jpl.nasa.gov/discipline/fse/fse.
      </failure>
    </testcase>
    <testcase name='http://iso.org/80000-6-magnitudes1#newton-per-coulomb-magnitude subclass of http://opencaesar.io/oml#Concept'>
      <failure>
        Asserted in http://iso.org/80000-6-magnitudes1.
      </failure>
    </testcase>
    <testcase name='http://iso.org/80000-6-magnitudes1#ohm-magnitude subclass of http://opencaesar.io/oml#Concept'>
      <failure>
        Asserted in http://iso.org/80000-6-magnitudes1.
      </failure>
    </testcase>
    <testcase name='http://iso.org/80000-6-magnitudes1#ampere-magnitude subclass of http://opencaesar.io/oml#Concept'>
      <failure>
        Asserted in http://iso.org/80000-6-magnitudes1.
      </failure>
    </testcase>
    <testcase name='http://iso.org/80000-6-magnitudes1#coulomb-magnitude subclass of http://opencaesar.io/oml#Concept'>
      <failure>
        Asserted in http://iso.org/80000-6-magnitudes1.
      </failure>
    </testcase>
    <testcase name='http://iso.org/80000-6-magnitudes1#volt-magnitude subclass of http://opencaesar.io/oml#Concept'>
      <failure>
        Asserted in http://iso.org/80000-6-magnitudes1.
      </failure>
    </testcase>
    <testcase name='http://imce.jpl.nasa.gov/foundation/analysis#Explanation subclass of http://opencaesar.io/oml#Concept'>
      <failure>
        Asserted in http://imce.jpl.nasa.gov/foundation/analysis.
      </failure>
    </testcase>
    <testcase name='http://imce.jpl.nasa.gov/foundation/analysis#Characterization subclass of http://opencaesar.io/oml#Concept'>
      <failure>
        Asserted in http://imce.jpl.nasa.gov/foundation/analysis.
      </failure>
    </testcase>
    <testcase name='http://imce.jpl.nasa.gov/foundation/analysis#Constraint subclass of http://opencaesar.io/oml#Concept'>
      <failure>
        Asserted in http://imce.jpl.nasa.gov/foundation/analysis.
      </failure>
    </testcase>
    <testcase name='http://imce.jpl.nasa.gov/foundation/analysis#Assumption subclass of http://opencaesar.io/oml#Concept'>
      <failure>
        Asserted in http://imce.jpl.nasa.gov/foundation/analysis.
      </failure>
    </testcase>
    <testcase name='http://imce.jpl.nasa.gov/foundation/analysis#GlossaryEntry subclass of http://opencaesar.io/oml#Concept'>
      <failure>
        Asserted in http://imce.jpl.nasa.gov/foundation/analysis.
      </failure>
    </testcase>
    <testcase name='http://imce.jpl.nasa.gov/foundation/analysis#Analysis subclass of http://opencaesar.io/oml#Concept'>
      <failure>
        Asserted in http://imce.jpl.nasa.gov/foundation/analysis.
      </failure>
    </testcase>
    <testcase name='http://imce.jpl.nasa.gov/foundation/analysis#Criterion subclass of http://opencaesar.io/oml#Concept'>
      <failure>
        Asserted in http://imce.jpl.nasa.gov/foundation/analysis.
      </failure>
    </testcase>
    <testcase name='http://imce.jpl.nasa.gov/foundation/analysis#DrivingRequirementsAnalysis subclass of http://opencaesar.io/oml#Concept'>
      <failure>
        Asserted in http://imce.jpl.nasa.gov/foundation/analysis.
      </failure>
    </testcase>
    <testcase name='http://imce.jpl.nasa.gov/foundation/analysis#DrivingRequirementsExplanation subclass of http://opencaesar.io/oml#Concept'>
      <failure>
        Asserted in http://imce.jpl.nasa.gov/foundation/analysis.
      </failure>
    </testcase>
    <testcase name='http://imce.jpl.nasa.gov/foundation/analysis#Fact subclass of http://opencaesar.io/oml#Concept'>
      <failure>
        Asserted in http://imce.jpl.nasa.gov/foundation/analysis.
      </failure>
    </testcase>
    <testcase name='http://imce.jpl.nasa.gov/foundation/analysis#KeyRequirementsAnalysis subclass of http://opencaesar.io/oml#Concept'>
      <failure>
        Asserted in http://imce.jpl.nasa.gov/foundation/analysis.
      </failure>
    </testcase>
    <testcase name='http://imce.jpl.nasa.gov/foundation/analysis#KeyRequirementsExplanation subclass of http://opencaesar.io/oml#Concept'>
      <failure>
        Asserted in http://imce.jpl.nasa.gov/foundation/analysis.
      </failure>
    </testcase>
    <testcase name='http://imce.jpl.nasa.gov/foundation/analysis#TradeStudy subclass of http://opencaesar.io/oml#Concept'>
      <failure>
        Asserted in http://imce.jpl.nasa.gov/foundation/analysis.
      </failure>
    </testcase>
    <testcase name='http://iso.org/80000-5-quantities#celcius-temperature subclass of http://opencaesar.io/oml#Concept'>
      <failure>
        Asserted in http://iso.org/80000-5-quantities.
      </failure>
    </testcase>
    <testcase name='http://iso.org/80000-5-quantities#thermodynamic-temperature subclass of http://opencaesar.io/oml#Concept'>
      <failure>
        Asserted in http://iso.org/80000-5-quantities.
      </failure>
    </testcase>
    <testcase name='http://iso.org/80000-4-quantities#momentum subclass of http://opencaesar.io/oml#Concept'>
      <failure>
        Asserted in http://iso.org/80000-4-quantities.
      </failure>
    </testcase>
    <testcase name='http://iso.org/80000-4-quantities#impulse subclass of http://opencaesar.io/oml#Concept'>
      <failure>
        Asserted in http://iso.org/80000-4-quantities.
      </failure>
    </testcase>
    <testcase name='http://iso.org/80000-4-quantities#power subclass of http://opencaesar.io/oml#Concept'>
      <failure>
        Asserted in http://iso.org/80000-4-quantities.
      </failure>
    </testcase>
    <testcase name='http://iso.org/80000-4-quantities#force subclass of http://opencaesar.io/oml#Concept'>
      <failure>
        Asserted in http://iso.org/80000-4-quantities.
      </failure>
    </testcase>
    <testcase name='http://iso.org/80000-4-quantities#mass subclass of http://opencaesar.io/oml#Concept'>
      <failure>
        Asserted in http://iso.org/80000-4-quantities.
      </failure>
    </testcase>
    <testcase name='http://iso.org/80000-6-quantities#electric-charge subclass of http://opencaesar.io/oml#Concept'>
      <failure>
        Asserted in http://iso.org/80000-6-quantities.
      </failure>
    </testcase>
    <testcase name='http://iso.org/80000-6-quantities#electric-current subclass of http://opencaesar.io/oml#Concept'>
      <failure>
        Asserted in http://iso.org/80000-6-quantities.
      </failure>
    </testcase>
    <testcase name='http://iso.org/80000-6-quantities#electric-field-strength subclass of http://opencaesar.io/oml#Concept'>
      <failure>
        Asserted in http://iso.org/80000-6-quantities.
      </failure>
    </testcase>
    <testcase name='http://iso.org/80000-6-quantities#electric-potential subclass of http://opencaesar.io/oml#Concept'>
      <failure>
        Asserted in http://iso.org/80000-6-quantities.
      </failure>
    </testcase>
    <testcase name='http://iso.org/80000-6-quantities#resistance subclass of http://opencaesar.io/oml#Concept'>
      <failure>
        Asserted in http://iso.org/80000-6-quantities.
      </failure>
    </testcase>
    <testcase name='http://imce.jpl.nasa.gov/foundation/project#Organization subclass of http://opencaesar.io/oml#Concept'>
      <failure>
        Asserted in http://imce.jpl.nasa.gov/foundation/project.
      </failure>
    </testcase>
    <testcase name='http://imce.jpl.nasa.gov/foundation/project#Policy subclass of http://opencaesar.io/oml#Concept'>
      <failure>
        Asserted in http://imce.jpl.nasa.gov/foundation/project.
      </failure>
    </testcase>
    <testcase name='http://imce.jpl.nasa.gov/foundation/project#Process subclass of http://opencaesar.io/oml#Concept'>
      <failure>
        Asserted in http://imce.jpl.nasa.gov/foundation/project.
      </failure>
    </testcase>
    <testcase name='http://imce.jpl.nasa.gov/foundation/project#Facility subclass of http://opencaesar.io/oml#Concept'>
      <failure>
        Asserted in http://imce.jpl.nasa.gov/foundation/project.
      </failure>
    </testcase>
    <testcase name='http://imce.jpl.nasa.gov/foundation/project#Project subclass of http://opencaesar.io/oml#Concept'>
      <failure>
        Asserted in http://imce.jpl.nasa.gov/foundation/project.
      </failure>
    </testcase>
    <testcase name='http://imce.jpl.nasa.gov/foundation/project#Authority subclass of http://opencaesar.io/oml#Concept'>
      <failure>
        Asserted in http://imce.jpl.nasa.gov/foundation/project.
      </failure>
    </testcase>
    <testcase name='http://imce.jpl.nasa.gov/foundation/project#Role subclass of http://opencaesar.io/oml#Concept'>
      <failure>
        Asserted in http://imce.jpl.nasa.gov/foundation/project.
      </failure>
    </testcase>
    <testcase name='http://imce.jpl.nasa.gov/foundation/project#Program subclass of http://opencaesar.io/oml#Concept'>
      <failure>
        Asserted in http://imce.jpl.nasa.gov/foundation/project.
      </failure>
    </testcase>
    <testcase name='http://imce.jpl.nasa.gov/foundation/project#Concern subclass of http://opencaesar.io/oml#Concept'>
      <failure>
        Asserted in http://imce.jpl.nasa.gov/foundation/project.
      </failure>
    </testcase>
    <testcase name='http://imce.jpl.nasa.gov/foundation/project#InterchangePoint subclass of http://opencaesar.io/oml#Concept'>
      <failure>
        Asserted in http://imce.jpl.nasa.gov/foundation/project.
      </failure>
    </testcase>
    <testcase name='http://imce.jpl.nasa.gov/foundation/project#WorkPackage subclass of http://opencaesar.io/oml#Concept'>
      <failure>
        Asserted in http://imce.jpl.nasa.gov/foundation/project.
      </failure>
    </testcase>
    <testcase name='http://imce.jpl.nasa.gov/foundation/project#DevelopmentState subclass of http://opencaesar.io/oml#Concept'>
      <failure>
        Asserted in http://imce.jpl.nasa.gov/foundation/project.
      </failure>
    </testcase>
    <testcase name='http://imce.jpl.nasa.gov/foundation/project#Deliverable subclass of http://opencaesar.io/oml#Concept'>
      <failure>
        Asserted in http://imce.jpl.nasa.gov/foundation/project.
      </failure>
    </testcase>
    <testcase name='http://imce.jpl.nasa.gov/foundation/project#Person subclass of http://opencaesar.io/oml#Concept'>
      <failure>
        Asserted in http://imce.jpl.nasa.gov/foundation/project.
      </failure>
    </testcase>
    <testcase name='http://imce.jpl.nasa.gov/foundation/project#Stakeholder subclass of http://opencaesar.io/oml#Concept'>
      <failure>
        Asserted in http://imce.jpl.nasa.gov/foundation/project.
      </failure>
    </testcase>
    <testcase name='http://imce.jpl.nasa.gov/foundation/project#Product subclass of http://opencaesar.io/oml#Concept'>
      <failure>
        Asserted in http://imce.jpl.nasa.gov/foundation/project.
      </failure>
    </testcase>
    <testcase name='http://imce.jpl.nasa.gov/foundation/project#Interchange subclass of http://opencaesar.io/oml#Concept'>
      <failure>
        Asserted in http://imce.jpl.nasa.gov/foundation/project.
      </failure>
    </testcase>
    <testcase name='http://imce.jpl.nasa.gov/discipline/fse/functions#UnidirectionalPower subclass of http://opencaesar.io/oml#Concept'>
      <failure>
        Asserted in http://imce.jpl.nasa.gov/discipline/fse/functions.
      </failure>
    </testcase>
    <testcase name='http://imce.jpl.nasa.gov/discipline/fse/functions#BaseFunction subclass of http://opencaesar.io/oml#Concept'>
      <failure>
        Asserted in http://imce.jpl.nasa.gov/discipline/fse/functions.
      </failure>
    </testcase>
    <testcase name='http://imce.jpl.nasa.gov/discipline/fse/functions#Power subclass of http://opencaesar.io/oml#Concept'>
      <failure>
        Asserted in http://imce.jpl.nasa.gov/discipline/fse/functions.
      </failure>
    </testcase>
    <testcase name='http://iso.org/80000-6-units#ampere subclass of http://opencaesar.io/oml#Concept'>
      <failure>
        Asserted in http://iso.org/80000-6-units.
      </failure>
    </testcase>
    <testcase name='http://iso.org/80000-6-units#coulomb subclass of http://opencaesar.io/oml#Concept'>
      <failure>
        Asserted in http://iso.org/80000-6-units.
      </failure>
    </testcase>
    <testcase name='http://iso.org/80000-6-units#newton-per-coulomb subclass of http://opencaesar.io/oml#Concept'>
      <failure>
        Asserted in http://iso.org/80000-6-units.
      </failure>
    </testcase>
    <testcase name='http://iso.org/80000-6-units#ohm subclass of http://opencaesar.io/oml#Concept'>
      <failure>
        Asserted in http://iso.org/80000-6-units.
      </failure>
    </testcase>
    <testcase name='http://iso.org/80000-6-units#volt subclass of http://opencaesar.io/oml#Concept'>
      <failure>
        Asserted in http://iso.org/80000-6-units.
      </failure>
    </testcase>
    <testcase name='http://iso.org/80000-6-units#ElectricChargeUnit subclass of http://opencaesar.io/oml#Concept'>
      <failure>
        Asserted in http://iso.org/80000-6-units.
      </failure>
    </testcase>
    <testcase name='http://iso.org/80000-6-units#ElectricFieldStrengthUnit subclass of http://opencaesar.io/oml#Concept'>
      <failure>
        Asserted in http://iso.org/80000-6-units.
      </failure>
    </testcase>
    <testcase name='http://iso.org/80000-6-units#ElectricPotentialUnit subclass of http://opencaesar.io/oml#Concept'>
      <failure>
        Asserted in http://iso.org/80000-6-units.
      </failure>
    </testcase>
    <testcase name='http://iso.org/80000-6-units#ElectricCurrentUnit subclass of http://opencaesar.io/oml#Concept'>
      <failure>
        Asserted in http://iso.org/80000-6-units.
      </failure>
    </testcase>
    <testcase name='http://iso.org/80000-6-units#ResistanceUnit subclass of http://opencaesar.io/oml#Concept'>
      <failure>
        Asserted in http://iso.org/80000-6-units.
      </failure>
    </testcase>
    <testcase name='http://iso.org/80000-4-magnitudes1#gram-magnitude subclass of http://opencaesar.io/oml#Concept'>
      <failure>
        Asserted in http://iso.org/80000-4-magnitudes1.
      </failure>
    </testcase>
    <testcase name='http://iso.org/80000-4-magnitudes1#kilogram-magnitude subclass of http://opencaesar.io/oml#Concept'>
      <failure>
        Asserted in http://iso.org/80000-4-magnitudes1.
      </failure>
    </testcase>
    <testcase name='http://iso.org/80000-4-magnitudes1#kilogram-metre-per-second-magnitude subclass of http://opencaesar.io/oml#Concept'>
      <failure>
        Asserted in http://iso.org/80000-4-magnitudes1.
      </failure>
    </testcase>
    <testcase name='http://iso.org/80000-4-magnitudes1#newton-magnitude subclass of http://opencaesar.io/oml#Concept'>
      <failure>
        Asserted in http://iso.org/80000-4-magnitudes1.
      </failure>
    </testcase>
    <testcase name='http://iso.org/80000-4-magnitudes1#newton-millisecond-magnitude subclass of http://opencaesar.io/oml#Concept'>
      <failure>
        Asserted in http://iso.org/80000-4-magnitudes1.
      </failure>
    </testcase>
    <testcase name='http://iso.org/80000-4-magnitudes1#newton-second-magnitude subclass of http://opencaesar.io/oml#Concept'>
      <failure>
        Asserted in http://iso.org/80000-4-magnitudes1.
      </failure>
    </testcase>
    <testcase name='http://iso.org/80000-4-magnitudes1#watt-magnitude subclass of http://opencaesar.io/oml#Concept'>
      <failure>
        Asserted in http://iso.org/80000-4-magnitudes1.
      </failure>
    </testcase>
    <testcase name='http://imce.jpl.nasa.gov/foundation/mission#Function subclass of http://opencaesar.io/oml#Concept'>
      <failure>
        Asserted in http://imce.jpl.nasa.gov/foundation/mission.
      </failure>
    </testcase>
    <testcase name='http://imce.jpl.nasa.gov/foundation/mission#Requirement subclass of http://opencaesar.io/oml#Concept'>
      <failure>
        Asserted in http://imce.jpl.nasa.gov/foundation/mission.
      </failure>
    </testcase>
    <testcase name='http://imce.jpl.nasa.gov/foundation/mission#Component subclass of http://opencaesar.io/oml#Concept'>
      <failure>
        Asserted in http://imce.jpl.nasa.gov/foundation/mission.
      </failure>
    </testcase>
    <testcase name='http://imce.jpl.nasa.gov/foundation/mission#Environment subclass of http://opencaesar.io/oml#Concept'>
      <failure>
        Asserted in http://imce.jpl.nasa.gov/foundation/mission.
      </failure>
    </testcase>
    <testcase name='http://imce.jpl.nasa.gov/foundation/mission#Flow subclass of http://opencaesar.io/oml#Concept'>
      <failure>
        Asserted in http://imce.jpl.nasa.gov/foundation/mission.
      </failure>
    </testcase>
    <testcase name='http://imce.jpl.nasa.gov/foundation/mission#Interchange subclass of http://opencaesar.io/oml#Concept'>
      <failure>
        Asserted in http://imce.jpl.nasa.gov/foundation/mission.
      </failure>
    </testcase>
    <testcase name='http://imce.jpl.nasa.gov/foundation/mission#InterchangePoint subclass of http://opencaesar.io/oml#Concept'>
      <failure>
        Asserted in http://imce.jpl.nasa.gov/foundation/mission.
      </failure>
    </testcase>
    <testcase name='http://imce.jpl.nasa.gov/foundation/mission#Interface subclass of http://opencaesar.io/oml#Concept'>
      <failure>
        Asserted in http://imce.jpl.nasa.gov/foundation/mission.
      </failure>
    </testcase>
    <testcase name='http://imce.jpl.nasa.gov/foundation/mission#Item subclass of http://opencaesar.io/oml#Concept'>
      <failure>
        Asserted in http://imce.jpl.nasa.gov/foundation/mission.
      </failure>
    </testcase>
    <testcase name='http://imce.jpl.nasa.gov/foundation/mission#Junction subclass of http://opencaesar.io/oml#Concept'>
      <failure>
        Asserted in http://imce.jpl.nasa.gov/foundation/mission.
      </failure>
    </testcase>
    <testcase name='http://imce.jpl.nasa.gov/foundation/mission#Mission subclass of http://opencaesar.io/oml#Concept'>
      <failure>
        Asserted in http://imce.jpl.nasa.gov/foundation/mission.
      </failure>
    </testcase>
    <testcase name='http://imce.jpl.nasa.gov/foundation/mission#Objective subclass of http://opencaesar.io/oml#Concept'>
      <failure>
        Asserted in http://imce.jpl.nasa.gov/foundation/mission.
      </failure>
    </testcase>
    <testcase name='http://imce.jpl.nasa.gov/foundation/mission#Product subclass of http://opencaesar.io/oml#Concept'>
      <failure>
        Asserted in http://imce.jpl.nasa.gov/foundation/mission.
      </failure>
    </testcase>
    <testcase name='http://imce.jpl.nasa.gov/foundation/mission#Message subclass of http://opencaesar.io/oml#Concept'>
      <failure>
        Asserted in http://imce.jpl.nasa.gov/foundation/mission.
      </failure>
    </testcase>
    <testcase name='http://imce.jpl.nasa.gov/foundation/mission#MaterialItem subclass of http://opencaesar.io/oml#Concept'>
      <failure>
        Asserted in http://imce.jpl.nasa.gov/foundation/mission.
      </failure>
    </testcase>
    <testcase name='http://iso.org/80000-3-quantities#angular-measure subclass of http://opencaesar.io/oml#Concept'>
      <failure>
        Asserted in http://iso.org/80000-3-quantities.
      </failure>
    </testcase>
    <testcase name='http://iso.org/80000-3-quantities#arc-length subclass of http://opencaesar.io/oml#Concept'>
      <failure>
        Asserted in http://iso.org/80000-3-quantities.
      </failure>
    </testcase>
    <testcase name='http://iso.org/80000-3-quantities#radius subclass of http://opencaesar.io/oml#Concept'>
      <failure>
        Asserted in http://iso.org/80000-3-quantities.
      </failure>
    </testcase>
    <testcase name='http://iso.org/80000-3-quantities#frequency subclass of http://opencaesar.io/oml#Concept'>
      <failure>
        Asserted in http://iso.org/80000-3-quantities.
      </failure>
    </testcase>
    <testcase name='http://iso.org/80000-3-quantities#period-duration subclass of http://opencaesar.io/oml#Concept'>
      <failure>
        Asserted in http://iso.org/80000-3-quantities.
      </failure>
    </testcase>
    <testcase name='http://iso.org/80000-3-quantities#rotation subclass of http://opencaesar.io/oml#Concept'>
      <failure>
        Asserted in http://iso.org/80000-3-quantities.
      </failure>
    </testcase>
    <testcase name='http://iso.org/80000-3-quantities#rotational-displacement subclass of http://opencaesar.io/oml#Concept'>
      <failure>
        Asserted in http://iso.org/80000-3-quantities.
      </failure>
    </testcase>
    <testcase name='http://iso.org/80000-3-quantities#distance subclass of http://opencaesar.io/oml#Concept'>
      <failure>
        Asserted in http://iso.org/80000-3-quantities.
      </failure>
    </testcase>
    <testcase name='http://iso.org/80000-3-quantities#path-length subclass of http://opencaesar.io/oml#Concept'>
      <failure>
        Asserted in http://iso.org/80000-3-quantities.
      </failure>
    </testcase>
    <testcase name='http://iso.org/80000-3-quantities#rotational-frequency subclass of http://opencaesar.io/oml#Concept'>
      <failure>
        Asserted in http://iso.org/80000-3-quantities.
      </failure>
    </testcase>
    <testcase name='http://iso.org/80000-3-quantities#duration subclass of http://opencaesar.io/oml#Concept'>
      <failure>
        Asserted in http://iso.org/80000-3-quantities.
      </failure>
    </testcase>
    <testcase name='http://iso.org/80000-3-quantities#velocity subclass of http://opencaesar.io/oml#Concept'>
      <failure>
        Asserted in http://iso.org/80000-3-quantities.
      </failure>
    </testcase>
    <testcase name='http://iso.org/80000-3-quantities#position-vector subclass of http://opencaesar.io/oml#Concept'>
      <failure>
        Asserted in http://iso.org/80000-3-quantities.
      </failure>
    </testcase>
    <testcase name='http://iso.org/80000-3-quantities#altitude subclass of http://opencaesar.io/oml#Concept'>
      <failure>
        Asserted in http://iso.org/80000-3-quantities.
      </failure>
    </testcase>
    <testcase name='http://iso.org/80000-3-quantities#height subclass of http://opencaesar.io/oml#Concept'>
      <failure>
        Asserted in http://iso.org/80000-3-quantities.
      </failure>
    </testcase>
    <testcase name='http://iso.org/80000-3-quantities#breadth subclass of http://opencaesar.io/oml#Concept'>
      <failure>
        Asserted in http://iso.org/80000-3-quantities.
      </failure>
    </testcase>
    <testcase name='http://iso.org/80000-3-quantities#width subclass of http://opencaesar.io/oml#Concept'>
      <failure>
        Asserted in http://iso.org/80000-3-quantities.
      </failure>
    </testcase>
    <testcase name='http://iso.org/80000-3-quantities#depth subclass of http://opencaesar.io/oml#Concept'>
      <failure>
        Asserted in http://iso.org/80000-3-quantities.
      </failure>
    </testcase>
    <testcase name='http://iso.org/80000-3-quantities#diameter subclass of http://opencaesar.io/oml#Concept'>
      <failure>
        Asserted in http://iso.org/80000-3-quantities.
      </failure>
    </testcase>
    <testcase name='http://iso.org/80000-3-quantities#length subclass of http://opencaesar.io/oml#Concept'>
      <failure>
        Asserted in http://iso.org/80000-3-quantities.
      </failure>
    </testcase>
    <testcase name='http://iso.org/80000-3-quantities#displacement subclass of http://opencaesar.io/oml#Concept'>
      <failure>
        Asserted in http://iso.org/80000-3-quantities.
      </failure>
    </testcase>
    <testcase name='http://iso.org/80000-3-quantities#radial-distance subclass of http://opencaesar.io/oml#Concept'>
      <failure>
        Asserted in http://iso.org/80000-3-quantities.
      </failure>
    </testcase>
    <testcase name='http://iso.org/80000-3-quantities#radius-of-curvature subclass of http://opencaesar.io/oml#Concept'>
      <failure>
        Asserted in http://iso.org/80000-3-quantities.
      </failure>
    </testcase>
    <testcase name='http://iso.org/80000-3-quantities#thickness subclass of http://opencaesar.io/oml#Concept'>
      <failure>
        Asserted in http://iso.org/80000-3-quantities.
      </failure>
    </testcase>
    <testcase name='http://imce.jpl.nasa.gov/foundation/base#Package subclass of http://opencaesar.io/oml#Concept'>
      <failure>
        Asserted in http://imce.jpl.nasa.gov/foundation/base.
      </failure>
    </testcase>
    <testcase name='http://iso.org/80000-1-decimalPrefix#DecimalPrefix subclass of http://opencaesar.io/oml#Concept'>
      <failure>
        Asserted in http://iso.org/80000-1-decimalPrefix.
      </failure>
    </testcase>
    <testcase name='http://iso.org/80000-3-units#LengthUnit subclass of http://opencaesar.io/oml#Concept'>
      <failure>
        Asserted in http://iso.org/80000-3-units.
      </failure>
    </testcase>
    <testcase name='http://iso.org/80000-3-units#CoherentTimeUnit subclass of http://opencaesar.io/oml#Concept'>
      <failure>
        Asserted in http://iso.org/80000-3-units.
      </failure>
    </testcase>
    <testcase name='http://iso.org/80000-3-units#VelocityUnit subclass of http://opencaesar.io/oml#Concept'>
      <failure>
        Asserted in http://iso.org/80000-3-units.
      </failure>
    </testcase>
    <testcase name='http://iso.org/80000-3-units#revolution subclass of http://opencaesar.io/oml#Concept'>
      <failure>
        Asserted in http://iso.org/80000-3-units.
      </failure>
    </testcase>
    <testcase name='http://iso.org/80000-3-units#second subclass of http://opencaesar.io/oml#Concept'>
      <failure>
        Asserted in http://iso.org/80000-3-units.
      </failure>
    </testcase>
    <testcase name='http://iso.org/80000-3-units#hour subclass of http://opencaesar.io/oml#Concept'>
      <failure>
        Asserted in http://iso.org/80000-3-units.
      </failure>
    </testcase>
    <testcase name='http://iso.org/80000-3-units#metre subclass of http://opencaesar.io/oml#Concept'>
      <failure>
        Asserted in http://iso.org/80000-3-units.
      </failure>
    </testcase>
    <testcase name='http://iso.org/80000-3-units#metre-per-second subclass of http://opencaesar.io/oml#Concept'>
      <failure>
        Asserted in http://iso.org/80000-3-units.
      </failure>
    </testcase>
    <testcase name='http://iso.org/80000-3-units#kilometre-per-second subclass of http://opencaesar.io/oml#Concept'>
      <failure>
        Asserted in http://iso.org/80000-3-units.
      </failure>
    </testcase>
    <testcase name='http://iso.org/80000-3-units#FrequencyUnit subclass of http://opencaesar.io/oml#Concept'>
      <failure>
        Asserted in http://iso.org/80000-3-units.
      </failure>
    </testcase>
    <testcase name='http://iso.org/80000-3-units#millisecond subclass of http://opencaesar.io/oml#Concept'>
      <failure>
        Asserted in http://iso.org/80000-3-units.
      </failure>
    </testcase>
    <testcase name='http://iso.org/80000-3-units#radian subclass of http://opencaesar.io/oml#Concept'>
      <failure>
        Asserted in http://iso.org/80000-3-units.
      </failure>
    </testcase>
    <testcase name='http://iso.org/80000-3-units#AngularMeasureUnit subclass of http://opencaesar.io/oml#Concept'>
      <failure>
        Asserted in http://iso.org/80000-3-units.
      </failure>
    </testcase>
    <testcase name='http://iso.org/80000-3-units#TimeUnit subclass of http://opencaesar.io/oml#Concept'>
      <failure>
        Asserted in http://iso.org/80000-3-units.
      </failure>
    </testcase>
    <testcase name='http://iso.org/80000-3-units#hertz subclass of http://opencaesar.io/oml#Concept'>
      <failure>
        Asserted in http://iso.org/80000-3-units.
      </failure>
    </testcase>
    <testcase name='http://iso.org/80000-3-units#RotationUnit subclass of http://opencaesar.io/oml#Concept'>
      <failure>
        Asserted in http://iso.org/80000-3-units.
      </failure>
    </testcase>
    <testcase name='http://iso.org/80000-3-units#minute subclass of http://opencaesar.io/oml#Concept'>
      <failure>
        Asserted in http://iso.org/80000-3-units.
      </failure>
    </testcase>
    <testcase name='http://iso.org/80000-3-units#kilometre subclass of http://opencaesar.io/oml#Concept'>
      <failure>
        Asserted in http://iso.org/80000-3-units.
      </failure>
    </testcase>
    <testcase name='http://iso.org/80000-5-units#CelciusTemperatureUnit subclass of http://opencaesar.io/oml#Concept'>
      <failure>
        Asserted in http://iso.org/80000-5-units.
      </failure>
    </testcase>
    <testcase name='http://iso.org/80000-5-units#ThermodynamicTemperatureUnit subclass of http://opencaesar.io/oml#Concept'>
      <failure>
        Asserted in http://iso.org/80000-5-units.
      </failure>
    </testcase>
    <testcase name='http://iso.org/80000-5-units#degreeCelcius subclass of http://opencaesar.io/oml#Concept'>
      <failure>
        Asserted in http://iso.org/80000-5-units.
      </failure>
    </testcase>
    <testcase name='http://iso.org/80000-5-units#kelvin subclass of http://opencaesar.io/oml#Concept'>
      <failure>
        Asserted in http://iso.org/80000-5-units.
      </failure>
    </testcase>
    <testcase name='http://imce.jpl.nasa.gov/discipline/fse/endcircuits#Power subclass of http://opencaesar.io/oml#Concept'>
      <failure>
        Asserted in http://imce.jpl.nasa.gov/discipline/fse/endcircuits.
      </failure>
    </testcase>
    <testcase name='http://imce.jpl.nasa.gov/discipline/fse/endcircuits#PowerIn subclass of http://opencaesar.io/oml#Concept'>
      <failure>
        Asserted in http://imce.jpl.nasa.gov/discipline/fse/endcircuits.
      </failure>
    </testcase>
    <testcase name='http://imce.jpl.nasa.gov/discipline/fse/endcircuits#UnidirectionalPower subclass of http://opencaesar.io/oml#Concept'>
      <failure>
        Asserted in http://imce.jpl.nasa.gov/discipline/fse/endcircuits.
      </failure>
    </testcase>
    <testcase name='http://imce.jpl.nasa.gov/discipline/fse/endcircuits#PowerOut subclass of http://opencaesar.io/oml#Concept'>
      <failure>
        Asserted in http://imce.jpl.nasa.gov/discipline/fse/endcircuits.
      </failure>
    </testcase>
    <testcase name='http://imce.jpl.nasa.gov/discipline/fse/assemblies#BaseAssembly subclass of http://opencaesar.io/oml#Concept'>
      <failure>
        Asserted in http://imce.jpl.nasa.gov/discipline/fse/assemblies.
      </failure>
    </testcase>
    <testcase name='http://iupac.org/metrology#Quantity subclass of http://opencaesar.io/oml#Concept'>
      <failure>
        Asserted in http://iupac.org/metrology.
      </failure>
    </testcase>
    <testcase name='http://iupac.org/metrology#DerivedUnitaryQuantity subclass of http://opencaesar.io/oml#Concept'>
      <failure>
        Asserted in http://iupac.org/metrology.
      </failure>
    </testcase>
    <testcase name='http://iupac.org/metrology#IndependentUnitaryQuantity subclass of http://opencaesar.io/oml#Concept'>
      <failure>
        Asserted in http://iupac.org/metrology.
      </failure>
    </testcase>
    <testcase name='http://iupac.org/metrology#CoherentMeasurementUnit subclass of http://opencaesar.io/oml#Concept'>
      <failure>
        Asserted in http://iupac.org/metrology.
      </failure>
    </testcase>
    <testcase name='http://iupac.org/metrology#DerivedMeasurementUnit subclass of http://opencaesar.io/oml#Concept'>
      <failure>
        Asserted in http://iupac.org/metrology.
      </failure>
    </testcase>
    <testcase name='http://iupac.org/metrology#IndependentMeasurementUnit subclass of http://opencaesar.io/oml#Concept'>
      <failure>
        Asserted in http://iupac.org/metrology.
      </failure>
    </testcase>
    <testcase name='http://iupac.org/metrology#NonCoherentDerivedMeasurementUnit subclass of http://opencaesar.io/oml#Concept'>
      <failure>
        Asserted in http://iupac.org/metrology.
      </failure>
    </testcase>
    <testcase name='http://iupac.org/metrology#UnitaryQuantity subclass of http://opencaesar.io/oml#Concept'>
      <failure>
        Asserted in http://iupac.org/metrology.
      </failure>
    </testcase>
    <testcase name='http://iupac.org/metrology#OrdinalQuantity subclass of http://opencaesar.io/oml#Concept'>
      <failure>
        Asserted in http://iupac.org/metrology.
      </failure>
    </testcase>
    <testcase name='http://iupac.org/metrology#SystemOfUnitaryQuantities subclass of http://opencaesar.io/oml#Concept'>
      <failure>
        Asserted in http://iupac.org/metrology.
      </failure>
    </testcase>
    <testcase name='http://iupac.org/metrology#SystemOfMetrologicalUnits subclass of http://opencaesar.io/oml#Concept'>
      <failure>
        Asserted in http://iupac.org/metrology.
      </failure>
    </testcase>
    <testcase name='http://iso.org/80000-4-units#MomentumUnit subclass of http://opencaesar.io/oml#Concept'>
      <failure>
        Asserted in http://iso.org/80000-4-units.
      </failure>
    </testcase>
    <testcase name='http://iso.org/80000-4-units#PowerUnit subclass of http://opencaesar.io/oml#Concept'>
      <failure>
        Asserted in http://iso.org/80000-4-units.
      </failure>
    </testcase>
    <testcase name='http://iso.org/80000-4-units#ImpulseUnit subclass of http://opencaesar.io/oml#Concept'>
      <failure>
        Asserted in http://iso.org/80000-4-units.
      </failure>
    </testcase>
    <testcase name='http://iso.org/80000-4-units#kilogram-metre-per-second subclass of http://opencaesar.io/oml#Concept'>
      <failure>
        Asserted in http://iso.org/80000-4-units.
      </failure>
    </testcase>
    <testcase name='http://iso.org/80000-4-units#MassUnit subclass of http://opencaesar.io/oml#Concept'>
      <failure>
        Asserted in http://iso.org/80000-4-units.
      </failure>
    </testcase>
    <testcase name='http://iso.org/80000-4-units#ForceUnit subclass of http://opencaesar.io/oml#Concept'>
      <failure>
        Asserted in http://iso.org/80000-4-units.
      </failure>
    </testcase>
    <testcase name='http://iso.org/80000-4-units#newton-millisecond subclass of http://opencaesar.io/oml#Concept'>
      <failure>
        Asserted in http://iso.org/80000-4-units.
      </failure>
    </testcase>
    <testcase name='http://iso.org/80000-4-units#gram subclass of http://opencaesar.io/oml#Concept'>
      <failure>
        Asserted in http://iso.org/80000-4-units.
      </failure>
    </testcase>
    <testcase name='http://iso.org/80000-4-units#kilogram subclass of http://opencaesar.io/oml#Concept'>
      <failure>
        Asserted in http://iso.org/80000-4-units.
      </failure>
    </testcase>
    <testcase name='http://iso.org/80000-4-units#newton subclass of http://opencaesar.io/oml#Concept'>
      <failure>
        Asserted in http://iso.org/80000-4-units.
      </failure>
    </testcase>
    <testcase name='http://iso.org/80000-4-units#newton-second subclass of http://opencaesar.io/oml#Concept'>
      <failure>
        Asserted in http://iso.org/80000-4-units.
      </failure>
    </testcase>
    <testcase name='http://iso.org/80000-4-units#watt subclass of http://opencaesar.io/oml#Concept'>
      <failure>
        Asserted in http://iso.org/80000-4-units.
      </failure>
    </testcase>
    <testcase name='http://imce.jpl.nasa.gov/discipline/fse/fse#ReferenceDesignatedElement subclass of http://imce.jpl.nasa.gov/foundation/base#IdentifiedElement'>
      <failure>
        Asserted in http://imce.jpl.nasa.gov/discipline/fse/fse,
        http://opencaesar.io/examples/firesat/programs/earth-science/projects/firesat/bundle/classes.
      </failure>
    </testcase>
    <testcase name='http://imce.jpl.nasa.gov/foundation/analysis#Characterization subclass of http://imce.jpl.nasa.gov/foundation/base#IdentifiedElement'>
      <failure>
        Asserted in http://imce.jpl.nasa.gov/foundation/analysis,
        http://opencaesar.io/examples/firesat/programs/earth-science/projects/firesat/bundle/classes.
      </failure>
    </testcase>
    <testcase name='http://imce.jpl.nasa.gov/foundation/analysis#Criterion subclass of http://imce.jpl.nasa.gov/foundation/base#IdentifiedElement'>
      <failure>
        Asserted in http://imce.jpl.nasa.gov/foundation/analysis,
        http://opencaesar.io/examples/firesat/programs/earth-science/projects/firesat/bundle/classes.
      </failure>
    </testcase>
    <testcase name='http://imce.jpl.nasa.gov/foundation/mission#Objective subclass of http://imce.jpl.nasa.gov/foundation/base#IdentifiedElement'>
      <failure>
        Asserted in http://imce.jpl.nasa.gov/foundation/project,
        http://imce.jpl.nasa.gov/foundation/mission,
        http://opencaesar.io/examples/firesat/programs/earth-science/projects/firesat/bundle/classes.
      </failure>
    </testcase>
    <testcase name='http://imce.jpl.nasa.gov/foundation/project#Process subclass of http://imce.jpl.nasa.gov/foundation/base#IdentifiedElement'>
      <failure>
        Asserted in http://imce.jpl.nasa.gov/foundation/project,
        http://opencaesar.io/examples/firesat/programs/earth-science/projects/firesat/bundle/classes.
      </failure>
    </testcase>
    <testcase name='http://imce.jpl.nasa.gov/foundation/project#Facility subclass of http://imce.jpl.nasa.gov/foundation/base#IdentifiedElement'>
      <failure>
        Asserted in http://imce.jpl.nasa.gov/foundation/project,
        http://opencaesar.io/examples/firesat/programs/earth-science/projects/firesat/bundle/classes.
      </failure>
    </testcase>
    <testcase name='http://imce.jpl.nasa.gov/foundation/project#Role subclass of http://imce.jpl.nasa.gov/foundation/base#IdentifiedElement'>
      <failure>
        Asserted in http://imce.jpl.nasa.gov/foundation/project,
        http://opencaesar.io/examples/firesat/programs/earth-science/projects/firesat/bundle/classes.
      </failure>
    </testcase>
    <testcase name='http://imce.jpl.nasa.gov/foundation/project#Concern subclass of http://imce.jpl.nasa.gov/foundation/base#IdentifiedElement'>
      <failure>
        Asserted in http://imce.jpl.nasa.gov/foundation/project,
        http://opencaesar.io/examples/firesat/programs/earth-science/projects/firesat/bundle/classes.
      </failure>
    </testcase>
    <testcase name='http://imce.jpl.nasa.gov/foundation/project#InterchangePoint subclass of http://imce.jpl.nasa.gov/foundation/base#IdentifiedElement'>
      <failure>
        Asserted in http://imce.jpl.nasa.gov/foundation/project,
        http://opencaesar.io/examples/firesat/programs/earth-science/projects/firesat/bundle/classes.
      </failure>
    </testcase>
    <testcase name='http://imce.jpl.nasa.gov/foundation/project#Deliverable subclass of http://imce.jpl.nasa.gov/foundation/base#IdentifiedElement'>
      <failure>
        Asserted in http://imce.jpl.nasa.gov/foundation/project,
        http://opencaesar.io/examples/firesat/programs/earth-science/projects/firesat/bundle/classes.
      </failure>
    </testcase>
    <testcase name='http://imce.jpl.nasa.gov/foundation/project#Person subclass of http://imce.jpl.nasa.gov/foundation/base#IdentifiedElement'>
      <failure>
        Asserted in http://imce.jpl.nasa.gov/foundation/project,
        http://opencaesar.io/examples/firesat/programs/earth-science/projects/firesat/bundle/classes.
      </failure>
    </testcase>
    <testcase name='http://imce.jpl.nasa.gov/foundation/project#Stakeholder subclass of http://imce.jpl.nasa.gov/foundation/base#IdentifiedElement'>
      <failure>
        Asserted in http://imce.jpl.nasa.gov/foundation/project,
        http://opencaesar.io/examples/firesat/programs/earth-science/projects/firesat/bundle/classes.
      </failure>
    </testcase>
    <testcase name='http://imce.jpl.nasa.gov/foundation/project#Product subclass of http://imce.jpl.nasa.gov/foundation/base#IdentifiedElement'>
      <failure>
        Asserted in http://imce.jpl.nasa.gov/foundation/project,
        http://opencaesar.io/examples/firesat/programs/earth-science/projects/firesat/bundle/classes.
      </failure>
    </testcase>
    <testcase name='http://imce.jpl.nasa.gov/foundation/project#Interchange subclass of http://imce.jpl.nasa.gov/foundation/base#IdentifiedElement'>
      <failure>
        Asserted in http://imce.jpl.nasa.gov/foundation/project,
        http://opencaesar.io/examples/firesat/programs/earth-science/projects/firesat/bundle/classes.
      </failure>
    </testcase>
    <testcase name='http://imce.jpl.nasa.gov/foundation/mission#Function subclass of http://imce.jpl.nasa.gov/foundation/base#IdentifiedElement'>
      <failure>
        Asserted in http://imce.jpl.nasa.gov/foundation/mission,
        http://opencaesar.io/examples/firesat/programs/earth-science/projects/firesat/bundle/classes.
      </failure>
    </testcase>
    <testcase name='http://imce.jpl.nasa.gov/foundation/mission#Requirement subclass of http://imce.jpl.nasa.gov/foundation/base#IdentifiedElement'>
      <failure>
        Asserted in http://imce.jpl.nasa.gov/foundation/mission,
        http://opencaesar.io/examples/firesat/programs/earth-science/projects/firesat/bundle/classes.
      </failure>
    </testcase>
    <testcase name='http://imce.jpl.nasa.gov/foundation/mission#Component subclass of http://imce.jpl.nasa.gov/foundation/base#IdentifiedElement'>
      <failure>
        Asserted in http://imce.jpl.nasa.gov/foundation/mission,
        http://opencaesar.io/examples/firesat/programs/earth-science/projects/firesat/bundle/classes.
      </failure>
    </testcase>
    <testcase name='http://imce.jpl.nasa.gov/foundation/mission#Environment subclass of http://imce.jpl.nasa.gov/foundation/base#IdentifiedElement'>
      <failure>
        Asserted in http://imce.jpl.nasa.gov/foundation/mission,
        http://opencaesar.io/examples/firesat/programs/earth-science/projects/firesat/bundle/classes.
      </failure>
    </testcase>
    <testcase name='http://imce.jpl.nasa.gov/foundation/mission#Flow subclass of http://imce.jpl.nasa.gov/foundation/base#IdentifiedElement'>
      <failure>
        Asserted in http://imce.jpl.nasa.gov/foundation/mission,
        http://opencaesar.io/examples/firesat/programs/earth-science/projects/firesat/bundle/classes.
      </failure>
    </testcase>
    <testcase name='http://imce.jpl.nasa.gov/foundation/mission#Interchange subclass of http://imce.jpl.nasa.gov/foundation/base#IdentifiedElement'>
      <failure>
        Asserted in http://imce.jpl.nasa.gov/foundation/mission,
        http://opencaesar.io/examples/firesat/programs/earth-science/projects/firesat/bundle/classes.
      </failure>
    </testcase>
    <testcase name='http://imce.jpl.nasa.gov/foundation/mission#InterchangePoint subclass of http://imce.jpl.nasa.gov/foundation/base#IdentifiedElement'>
      <failure>
        Asserted in http://imce.jpl.nasa.gov/foundation/mission,
        http://opencaesar.io/examples/firesat/programs/earth-science/projects/firesat/bundle/classes.
      </failure>
    </testcase>
    <testcase name='http://imce.jpl.nasa.gov/foundation/mission#Interface subclass of http://imce.jpl.nasa.gov/foundation/base#IdentifiedElement'>
      <failure>
        Asserted in http://imce.jpl.nasa.gov/foundation/mission,
        http://opencaesar.io/examples/firesat/programs/earth-science/projects/firesat/bundle/classes.
      </failure>
    </testcase>
    <testcase name='http://imce.jpl.nasa.gov/foundation/mission#Item subclass of http://imce.jpl.nasa.gov/foundation/base#IdentifiedElement'>
      <failure>
        Asserted in http://imce.jpl.nasa.gov/foundation/mission,
        http://opencaesar.io/examples/firesat/programs/earth-science/projects/firesat/bundle/classes.
      </failure>
    </testcase>
    <testcase name='http://imce.jpl.nasa.gov/foundation/mission#Junction subclass of http://imce.jpl.nasa.gov/foundation/base#IdentifiedElement'>
      <failure>
        Asserted in http://imce.jpl.nasa.gov/foundation/mission,
        http://opencaesar.io/examples/firesat/programs/earth-science/projects/firesat/bundle/classes.
      </failure>
    </testcase>
    <testcase name='http://imce.jpl.nasa.gov/foundation/mission#Mission subclass of http://imce.jpl.nasa.gov/foundation/base#IdentifiedElement'>
      <failure>
        Asserted in http://imce.jpl.nasa.gov/foundation/mission,
        http://opencaesar.io/examples/firesat/programs/earth-science/projects/firesat/bundle/classes.
      </failure>
    </testcase>
    <testcase name='http://imce.jpl.nasa.gov/foundation/mission#Product subclass of http://imce.jpl.nasa.gov/foundation/base#IdentifiedElement'>
      <failure>
        Asserted in http://imce.jpl.nasa.gov/foundation/mission,
        http://opencaesar.io/examples/firesat/programs/earth-science/projects/firesat/bundle/classes.
      </failure>
    </testcase>
    <testcase name='http://imce.jpl.nasa.gov/foundation/base#Package subclass of http://imce.jpl.nasa.gov/foundation/base#IdentifiedElement'>
      <failure>
        Asserted in http://imce.jpl.nasa.gov/foundation/base,
        http://opencaesar.io/examples/firesat/programs/earth-science/projects/firesat/bundle/classes.
      </failure>
    </testcase>
    <testcase name='http://imce.jpl.nasa.gov/discipline/fse/fse#Subsystem subclass of http://imce.jpl.nasa.gov/foundation/base#IdentifiedElement'>
      <failure>
        Asserted in
        http://opencaesar.io/examples/firesat/programs/earth-science/projects/firesat/bundle/classes.
      </failure>
    </testcase>
    <testcase name='http://imce.jpl.nasa.gov/discipline/fse/functions#UnidirectionalPower subclass of http://imce.jpl.nasa.gov/foundation/base#IdentifiedElement'>
      <failure>
        Asserted in
        http://opencaesar.io/examples/firesat/programs/earth-science/projects/firesat/bundle/classes.
      </failure>
    </testcase>
    <testcase name='http://imce.jpl.nasa.gov/discipline/fse/fse#CBEMass subclass of http://imce.jpl.nasa.gov/foundation/base#IdentifiedElement'>
      <failure>
        Asserted in
        http://opencaesar.io/examples/firesat/programs/earth-science/projects/firesat/bundle/classes.
      </failure>
    </testcase>
    <testcase name='http://imce.jpl.nasa.gov/discipline/fse/fse#MassLimit subclass of http://imce.jpl.nasa.gov/foundation/base#IdentifiedElement'>
      <failure>
        Asserted in
        http://opencaesar.io/examples/firesat/programs/earth-science/projects/firesat/bundle/classes.
      </failure>
    </testcase>
    <testcase name='http://imce.jpl.nasa.gov/discipline/fse/endcircuits#Power subclass of http://imce.jpl.nasa.gov/foundation/base#IdentifiedElement'>
      <failure>
        Asserted in
        http://opencaesar.io/examples/firesat/programs/earth-science/projects/firesat/bundle/classes.
      </failure>
    </testcase>
    <testcase name='http://imce.jpl.nasa.gov/discipline/fse/fse#EndCircuit subclass of http://imce.jpl.nasa.gov/foundation/base#IdentifiedElement'>
      <failure>
        Asserted in
        http://opencaesar.io/examples/firesat/programs/earth-science/projects/firesat/bundle/classes.
      </failure>
    </testcase>
    <testcase name='http://imce.jpl.nasa.gov/discipline/fse/endcircuits#PowerIn subclass of http://imce.jpl.nasa.gov/foundation/base#IdentifiedElement'>
      <failure>
        Asserted in
        http://opencaesar.io/examples/firesat/programs/earth-science/projects/firesat/bundle/classes.
      </failure>
    </testcase>
    <testcase name='http://imce.jpl.nasa.gov/discipline/fse/endcircuits#UnidirectionalPower subclass of http://imce.jpl.nasa.gov/foundation/base#IdentifiedElement'>
      <failure>
        Asserted in
        http://opencaesar.io/examples/firesat/programs/earth-science/projects/firesat/bundle/classes.
      </failure>
    </testcase>
    <testcase name='http://imce.jpl.nasa.gov/discipline/fse/endcircuits#PowerOut subclass of http://imce.jpl.nasa.gov/foundation/base#IdentifiedElement'>
      <failure>
        Asserted in
        http://opencaesar.io/examples/firesat/programs/earth-science/projects/firesat/bundle/classes.
      </failure>
    </testcase>
    <testcase name='http://imce.jpl.nasa.gov/discipline/fse/assemblies#BaseAssembly subclass of http://imce.jpl.nasa.gov/foundation/base#IdentifiedElement'>
      <failure>
        Asserted in
        http://opencaesar.io/examples/firesat/programs/earth-science/projects/firesat/bundle/classes.
      </failure>
    </testcase>
    <testcase name='http://imce.jpl.nasa.gov/foundation/base#IdentifiedElement subclass of http://imce.jpl.nasa.gov/foundation/base#IdentifiedElement'>
      <failure>
        Asserted in
        http://opencaesar.io/examples/firesat/programs/earth-science/projects/firesat/bundle/classes.
      </failure>
    </testcase>
    <testcase name='http://imce.jpl.nasa.gov/foundation/analysis#Explanation subclass of http://imce.jpl.nasa.gov/foundation/base#IdentifiedElement'>
      <failure>
        Asserted in
        http://opencaesar.io/examples/firesat/programs/earth-science/projects/firesat/bundle/classes.
      </failure>
    </testcase>
    <testcase name='http://imce.jpl.nasa.gov/foundation/analysis#Assumption subclass of http://imce.jpl.nasa.gov/foundation/base#IdentifiedElement'>
      <failure>
        Asserted in
        http://opencaesar.io/examples/firesat/programs/earth-science/projects/firesat/bundle/classes.
      </failure>
    </testcase>
    <testcase name='http://imce.jpl.nasa.gov/foundation/analysis#GlossaryEntry subclass of http://imce.jpl.nasa.gov/foundation/base#IdentifiedElement'>
      <failure>
        Asserted in
        http://opencaesar.io/examples/firesat/programs/earth-science/projects/firesat/bundle/classes.
      </failure>
    </testcase>
    <testcase name='http://imce.jpl.nasa.gov/foundation/analysis#Analysis subclass of http://imce.jpl.nasa.gov/foundation/base#IdentifiedElement'>
      <failure>
        Asserted in
        http://opencaesar.io/examples/firesat/programs/earth-science/projects/firesat/bundle/classes.
      </failure>
    </testcase>
    <testcase name='http://imce.jpl.nasa.gov/foundation/analysis#DrivingRequirementsAnalysis subclass of http://imce.jpl.nasa.gov/foundation/base#IdentifiedElement'>
      <failure>
        Asserted in
        http://opencaesar.io/examples/firesat/programs/earth-science/projects/firesat/bundle/classes.
      </failure>
    </testcase>
    <testcase name='http://imce.jpl.nasa.gov/foundation/analysis#DrivingRequirementsExplanation subclass of http://imce.jpl.nasa.gov/foundation/base#IdentifiedElement'>
      <failure>
        Asserted in
        http://opencaesar.io/examples/firesat/programs/earth-science/projects/firesat/bundle/classes.
      </failure>
    </testcase>
    <testcase name='http://imce.jpl.nasa.gov/foundation/analysis#Fact subclass of http://imce.jpl.nasa.gov/foundation/base#IdentifiedElement'>
      <failure>
        Asserted in
        http://opencaesar.io/examples/firesat/programs/earth-science/projects/firesat/bundle/classes.
      </failure>
    </testcase>
    <testcase name='http://imce.jpl.nasa.gov/foundation/analysis#KeyRequirementsAnalysis subclass of http://imce.jpl.nasa.gov/foundation/base#IdentifiedElement'>
      <failure>
        Asserted in
        http://opencaesar.io/examples/firesat/programs/earth-science/projects/firesat/bundle/classes.
      </failure>
    </testcase>
    <testcase name='http://imce.jpl.nasa.gov/foundation/analysis#KeyRequirementsExplanation subclass of http://imce.jpl.nasa.gov/foundation/base#IdentifiedElement'>
      <failure>
        Asserted in
        http://opencaesar.io/examples/firesat/programs/earth-science/projects/firesat/bundle/classes.
      </failure>
    </testcase>
    <testcase name='http://imce.jpl.nasa.gov/foundation/analysis#TradeStudy subclass of http://imce.jpl.nasa.gov/foundation/base#IdentifiedElement'>
      <failure>
        Asserted in
        http://opencaesar.io/examples/firesat/programs/earth-science/projects/firesat/bundle/classes.
      </failure>
    </testcase>
    <testcase name='http://iupac.org/metrology#Quantity subclass of http://imce.jpl.nasa.gov/foundation/base#IdentifiedElement'>
      <failure>
        Asserted in
        http://opencaesar.io/examples/firesat/programs/earth-science/projects/firesat/bundle/classes.
      </failure>
    </testcase>
    <testcase name='http://iso.org/80000-5-quantities#celcius-temperature subclass of http://imce.jpl.nasa.gov/foundation/base#IdentifiedElement'>
      <failure>
        Asserted in
        http://opencaesar.io/examples/firesat/programs/earth-science/projects/firesat/bundle/classes.
      </failure>
    </testcase>
    <testcase name='http://iso.org/80000-5-quantities#thermodynamic-temperature subclass of http://imce.jpl.nasa.gov/foundation/base#IdentifiedElement'>
      <failure>
        Asserted in
        http://opencaesar.io/examples/firesat/programs/earth-science/projects/firesat/bundle/classes.
      </failure>
    </testcase>
    <testcase name='http://iupac.org/metrology#DerivedUnitaryQuantity subclass of http://imce.jpl.nasa.gov/foundation/base#IdentifiedElement'>
      <failure>
        Asserted in
        http://opencaesar.io/examples/firesat/programs/earth-science/projects/firesat/bundle/classes.
      </failure>
    </testcase>
    <testcase name='http://iupac.org/metrology#IndependentUnitaryQuantity subclass of http://imce.jpl.nasa.gov/foundation/base#IdentifiedElement'>
      <failure>
        Asserted in
        http://opencaesar.io/examples/firesat/programs/earth-science/projects/firesat/bundle/classes.
      </failure>
    </testcase>
    <testcase name='http://iso.org/80000-6-quantities#electric-charge subclass of http://imce.jpl.nasa.gov/foundation/base#IdentifiedElement'>
      <failure>
        Asserted in
        http://opencaesar.io/examples/firesat/programs/earth-science/projects/firesat/bundle/classes.
      </failure>
    </testcase>
    <testcase name='http://iso.org/80000-6-quantities#electric-current subclass of http://imce.jpl.nasa.gov/foundation/base#IdentifiedElement'>
      <failure>
        Asserted in
        http://opencaesar.io/examples/firesat/programs/earth-science/projects/firesat/bundle/classes.
      </failure>
    </testcase>
    <testcase name='http://iso.org/80000-6-quantities#electric-field-strength subclass of http://imce.jpl.nasa.gov/foundation/base#IdentifiedElement'>
      <failure>
        Asserted in
        http://opencaesar.io/examples/firesat/programs/earth-science/projects/firesat/bundle/classes.
      </failure>
    </testcase>
    <testcase name='http://iso.org/80000-6-quantities#electric-potential subclass of http://imce.jpl.nasa.gov/foundation/base#IdentifiedElement'>
      <failure>
        Asserted in
        http://opencaesar.io/examples/firesat/programs/earth-science/projects/firesat/bundle/classes.
      </failure>
    </testcase>
    <testcase name='http://iso.org/80000-6-quantities#resistance subclass of http://imce.jpl.nasa.gov/foundation/base#IdentifiedElement'>
      <failure>
        Asserted in
        http://opencaesar.io/examples/firesat/programs/earth-science/projects/firesat/bundle/classes.
      </failure>
    </testcase>
    <testcase name='http://imce.jpl.nasa.gov/discipline/fse/fse#Assembly subclass of http://imce.jpl.nasa.gov/foundation/base#IdentifiedElement'>
      <failure>
        Asserted in
        http://opencaesar.io/examples/firesat/programs/earth-science/projects/firesat/bundle/classes.
      </failure>
    </testcase>
    <testcase name='http://iso.org/80000-3-quantities#angular-measure subclass of http://imce.jpl.nasa.gov/foundation/base#IdentifiedElement'>
      <failure>
        Asserted in
        http://opencaesar.io/examples/firesat/programs/earth-science/projects/firesat/bundle/classes.
      </failure>
    </testcase>
    <testcase name='http://iso.org/80000-3-quantities#arc-length subclass of http://imce.jpl.nasa.gov/foundation/base#IdentifiedElement'>
      <failure>
        Asserted in
        http://opencaesar.io/examples/firesat/programs/earth-science/projects/firesat/bundle/classes.
      </failure>
    </testcase>
    <testcase name='http://iso.org/80000-3-quantities#radius subclass of http://imce.jpl.nasa.gov/foundation/base#IdentifiedElement'>
      <failure>
        Asserted in
        http://opencaesar.io/examples/firesat/programs/earth-science/projects/firesat/bundle/classes.
      </failure>
    </testcase>
    <testcase name='http://iso.org/80000-3-quantities#frequency subclass of http://imce.jpl.nasa.gov/foundation/base#IdentifiedElement'>
      <failure>
        Asserted in
        http://opencaesar.io/examples/firesat/programs/earth-science/projects/firesat/bundle/classes.
      </failure>
    </testcase>
    <testcase name='http://iso.org/80000-3-quantities#period-duration subclass of http://imce.jpl.nasa.gov/foundation/base#IdentifiedElement'>
      <failure>
        Asserted in
        http://opencaesar.io/examples/firesat/programs/earth-science/projects/firesat/bundle/classes.
      </failure>
    </testcase>
    <testcase name='http://iso.org/80000-3-quantities#rotation subclass of http://imce.jpl.nasa.gov/foundation/base#IdentifiedElement'>
      <failure>
        Asserted in
        http://opencaesar.io/examples/firesat/programs/earth-science/projects/firesat/bundle/classes.
      </failure>
    </testcase>
    <testcase name='http://iso.org/80000-3-quantities#rotational-displacement subclass of http://imce.jpl.nasa.gov/foundation/base#IdentifiedElement'>
      <failure>
        Asserted in
        http://opencaesar.io/examples/firesat/programs/earth-science/projects/firesat/bundle/classes.
      </failure>
    </testcase>
    <testcase name='http://iso.org/80000-3-quantities#distance subclass of http://imce.jpl.nasa.gov/foundation/base#IdentifiedElement'>
      <failure>
        Asserted in
        http://opencaesar.io/examples/firesat/programs/earth-science/projects/firesat/bundle/classes.
      </failure>
    </testcase>
    <testcase name='http://iso.org/80000-3-quantities#path-length subclass of http://imce.jpl.nasa.gov/foundation/base#IdentifiedElement'>
      <failure>
        Asserted in
        http://opencaesar.io/examples/firesat/programs/earth-science/projects/firesat/bundle/classes.
      </failure>
    </testcase>
    <testcase name='http://iso.org/80000-3-quantities#rotational-frequency subclass of http://imce.jpl.nasa.gov/foundation/base#IdentifiedElement'>
      <failure>
        Asserted in
        http://opencaesar.io/examples/firesat/programs/earth-science/projects/firesat/bundle/classes.
      </failure>
    </testcase>
    <testcase name='http://iso.org/80000-3-quantities#duration subclass of http://imce.jpl.nasa.gov/foundation/base#IdentifiedElement'>
      <failure>
        Asserted in
        http://opencaesar.io/examples/firesat/programs/earth-science/projects/firesat/bundle/classes.
      </failure>
    </testcase>
    <testcase name='http://iso.org/80000-3-quantities#velocity subclass of http://imce.jpl.nasa.gov/foundation/base#IdentifiedElement'>
      <failure>
        Asserted in
        http://opencaesar.io/examples/firesat/programs/earth-science/projects/firesat/bundle/classes.
      </failure>
    </testcase>
    <testcase name='http://iso.org/80000-3-quantities#position-vector subclass of http://imce.jpl.nasa.gov/foundation/base#IdentifiedElement'>
      <failure>
        Asserted in
        http://opencaesar.io/examples/firesat/programs/earth-science/projects/firesat/bundle/classes.
      </failure>
    </testcase>
    <testcase name='http://iso.org/80000-3-quantities#altitude subclass of http://imce.jpl.nasa.gov/foundation/base#IdentifiedElement'>
      <failure>
        Asserted in
        http://opencaesar.io/examples/firesat/programs/earth-science/projects/firesat/bundle/classes.
      </failure>
    </testcase>
    <testcase name='http://iso.org/80000-3-quantities#height subclass of http://imce.jpl.nasa.gov/foundation/base#IdentifiedElement'>
      <failure>
        Asserted in
        http://opencaesar.io/examples/firesat/programs/earth-science/projects/firesat/bundle/classes.
      </failure>
    </testcase>
    <testcase name='http://iso.org/80000-3-quantities#breadth subclass of http://imce.jpl.nasa.gov/foundation/base#IdentifiedElement'>
      <failure>
        Asserted in
        http://opencaesar.io/examples/firesat/programs/earth-science/projects/firesat/bundle/classes.
      </failure>
    </testcase>
    <testcase name='http://iso.org/80000-3-quantities#width subclass of http://imce.jpl.nasa.gov/foundation/base#IdentifiedElement'>
      <failure>
        Asserted in
        http://opencaesar.io/examples/firesat/programs/earth-science/projects/firesat/bundle/classes.
      </failure>
    </testcase>
    <testcase name='http://iso.org/80000-3-quantities#depth subclass of http://imce.jpl.nasa.gov/foundation/base#IdentifiedElement'>
      <failure>
        Asserted in
        http://opencaesar.io/examples/firesat/programs/earth-science/projects/firesat/bundle/classes.
      </failure>
    </testcase>
    <testcase name='http://iso.org/80000-3-quantities#diameter subclass of http://imce.jpl.nasa.gov/foundation/base#IdentifiedElement'>
      <failure>
        Asserted in
        http://opencaesar.io/examples/firesat/programs/earth-science/projects/firesat/bundle/classes.
      </failure>
    </testcase>
    <testcase name='http://iso.org/80000-3-quantities#length subclass of http://imce.jpl.nasa.gov/foundation/base#IdentifiedElement'>
      <failure>
        Asserted in
        http://opencaesar.io/examples/firesat/programs/earth-science/projects/firesat/bundle/classes.
      </failure>
    </testcase>
    <testcase name='http://iso.org/80000-3-quantities#displacement subclass of http://imce.jpl.nasa.gov/foundation/base#IdentifiedElement'>
      <failure>
        Asserted in
        http://opencaesar.io/examples/firesat/programs/earth-science/projects/firesat/bundle/classes.
      </failure>
    </testcase>
    <testcase name='http://iso.org/80000-3-quantities#radial-distance subclass of http://imce.jpl.nasa.gov/foundation/base#IdentifiedElement'>
      <failure>
        Asserted in
        http://opencaesar.io/examples/firesat/programs/earth-science/projects/firesat/bundle/classes.
      </failure>
    </testcase>
    <testcase name='http://iso.org/80000-3-quantities#radius-of-curvature subclass of http://imce.jpl.nasa.gov/foundation/base#IdentifiedElement'>
      <failure>
        Asserted in
        http://opencaesar.io/examples/firesat/programs/earth-science/projects/firesat/bundle/classes.
      </failure>
    </testcase>
    <testcase name='http://iso.org/80000-3-quantities#thickness subclass of http://imce.jpl.nasa.gov/foundation/base#IdentifiedElement'>
      <failure>
        Asserted in
        http://opencaesar.io/examples/firesat/programs/earth-science/projects/firesat/bundle/classes.
      </failure>
    </testcase>
    <testcase name='http://imce.jpl.nasa.gov/discipline/fse/fse#FlightHardwareComponent subclass of http://imce.jpl.nasa.gov/foundation/base#IdentifiedElement'>
      <failure>
        Asserted in
        http://opencaesar.io/examples/firesat/programs/earth-science/projects/firesat/bundle/classes.
      </failure>
    </testcase>
    <testcase name='http://iso.org/80000-4-quantities#momentum subclass of http://imce.jpl.nasa.gov/foundation/base#IdentifiedElement'>
      <failure>
        Asserted in
        http://opencaesar.io/examples/firesat/programs/earth-science/projects/firesat/bundle/classes.
      </failure>
    </testcase>
    <testcase name='http://imce.jpl.nasa.gov/discipline/fse/fse#Function subclass of http://imce.jpl.nasa.gov/foundation/base#IdentifiedElement'>
      <failure>
        Asserted in
        http://opencaesar.io/examples/firesat/programs/earth-science/projects/firesat/bundle/classes.
      </failure>
    </testcase>
    <testcase name='http://iso.org/80000-4-quantities#impulse subclass of http://imce.jpl.nasa.gov/foundation/base#IdentifiedElement'>
      <failure>
        Asserted in
        http://opencaesar.io/examples/firesat/programs/earth-science/projects/firesat/bundle/classes.
      </failure>
    </testcase>
    <testcase name='http://iupac.org/metrology#UnitaryQuantity subclass of http://imce.jpl.nasa.gov/foundation/base#IdentifiedElement'>
      <failure>
        Asserted in
        http://opencaesar.io/examples/firesat/programs/earth-science/projects/firesat/bundle/classes.
      </failure>
    </testcase>
    <testcase name='http://iupac.org/metrology#OrdinalQuantity subclass of http://imce.jpl.nasa.gov/foundation/base#IdentifiedElement'>
      <failure>
        Asserted in
        http://opencaesar.io/examples/firesat/programs/earth-science/projects/firesat/bundle/classes.
      </failure>
    </testcase>
    <testcase name='http://imce.jpl.nasa.gov/foundation/project#Project subclass of http://imce.jpl.nasa.gov/foundation/base#IdentifiedElement'>
      <failure>
        Asserted in
        http://opencaesar.io/examples/firesat/programs/earth-science/projects/firesat/bundle/classes.
      </failure>
    </testcase>
    <testcase name='http://imce.jpl.nasa.gov/foundation/project#Authority subclass of http://imce.jpl.nasa.gov/foundation/base#IdentifiedElement'>
      <failure>
        Asserted in
        http://opencaesar.io/examples/firesat/programs/earth-science/projects/firesat/bundle/classes.
      </failure>
    </testcase>
    <testcase name='http://iso.org/80000-4-quantities#power subclass of http://imce.jpl.nasa.gov/foundation/base#IdentifiedElement'>
      <failure>
        Asserted in
        http://opencaesar.io/examples/firesat/programs/earth-science/projects/firesat/bundle/classes.
      </failure>
    </testcase>
    <testcase name='http://imce.jpl.nasa.gov/discipline/fse/functions#BaseFunction subclass of http://imce.jpl.nasa.gov/foundation/base#IdentifiedElement'>
      <failure>
        Asserted in
        http://opencaesar.io/examples/firesat/programs/earth-science/projects/firesat/bundle/classes.
      </failure>
    </testcase>
    <testcase name='http://imce.jpl.nasa.gov/foundation/project#Program subclass of http://imce.jpl.nasa.gov/foundation/base#IdentifiedElement'>
      <failure>
        Asserted in
        http://opencaesar.io/examples/firesat/programs/earth-science/projects/firesat/bundle/classes.
      </failure>
    </testcase>
    <testcase name='http://imce.jpl.nasa.gov/discipline/fse/functions#Power subclass of http://imce.jpl.nasa.gov/foundation/base#IdentifiedElement'>
      <failure>
        Asserted in
        http://opencaesar.io/examples/firesat/programs/earth-science/projects/firesat/bundle/classes.
      </failure>
    </testcase>
    <testcase name='http://iso.org/80000-4-quantities#force subclass of http://imce.jpl.nasa.gov/foundation/base#IdentifiedElement'>
      <failure>
        Asserted in
        http://opencaesar.io/examples/firesat/programs/earth-science/projects/firesat/bundle/classes.
      </failure>
    </testcase>
    <testcase name='http://imce.jpl.nasa.gov/discipline/fse/fse#MGAMass subclass of http://imce.jpl.nasa.gov/foundation/base#IdentifiedElement'>
      <failure>
        Asserted in
        http://opencaesar.io/examples/firesat/programs/earth-science/projects/firesat/bundle/classes.
      </failure>
    </testcase>
    <testcase name='http://imce.jpl.nasa.gov/foundation/project#WorkPackage subclass of http://imce.jpl.nasa.gov/foundation/base#IdentifiedElement'>
      <failure>
        Asserted in
        http://opencaesar.io/examples/firesat/programs/earth-science/projects/firesat/bundle/classes.
      </failure>
    </testcase>
    <testcase name='http://imce.jpl.nasa.gov/discipline/fse/fse#MEVMass subclass of http://imce.jpl.nasa.gov/foundation/base#IdentifiedElement'>
      <failure>
        Asserted in
        http://opencaesar.io/examples/firesat/programs/earth-science/projects/firesat/bundle/classes.
      </failure>
    </testcase>
    <testcase name='http://imce.jpl.nasa.gov/foundation/mission#Message subclass of http://imce.jpl.nasa.gov/foundation/base#IdentifiedElement'>
      <failure>
        Asserted in
        http://opencaesar.io/examples/firesat/programs/earth-science/projects/firesat/bundle/classes.
      </failure>
    </testcase>
    <testcase name='http://imce.jpl.nasa.gov/foundation/project#DevelopmentState subclass of http://imce.jpl.nasa.gov/foundation/base#IdentifiedElement'>
      <failure>
        Asserted in
        http://opencaesar.io/examples/firesat/programs/earth-science/projects/firesat/bundle/classes.
      </failure>
    </testcase>
    <testcase name='http://imce.jpl.nasa.gov/discipline/fse/fse#MassAllocation subclass of http://imce.jpl.nasa.gov/foundation/base#IdentifiedElement'>
      <failure>
        Asserted in
        http://opencaesar.io/examples/firesat/programs/earth-science/projects/firesat/bundle/classes.
      </failure>
    </testcase>
    <testcase name='http://imce.jpl.nasa.gov/discipline/fse/fse#MassEstimate subclass of http://imce.jpl.nasa.gov/foundation/base#IdentifiedElement'>
      <failure>
        Asserted in
        http://opencaesar.io/examples/firesat/programs/earth-science/projects/firesat/bundle/classes.
      </failure>
    </testcase>
    <testcase name='http://imce.jpl.nasa.gov/foundation/mission#MaterialItem subclass of http://imce.jpl.nasa.gov/foundation/base#IdentifiedElement'>
      <failure>
        Asserted in
        http://opencaesar.io/examples/firesat/programs/earth-science/projects/firesat/bundle/classes.
      </failure>
    </testcase>
    <testcase name='http://iso.org/80000-4-quantities#mass subclass of http://imce.jpl.nasa.gov/foundation/base#IdentifiedElement'>
      <failure>
        Asserted in
        http://opencaesar.io/examples/firesat/programs/earth-science/projects/firesat/bundle/classes.
      </failure>
    </testcase>
    <testcase name='http://imce.jpl.nasa.gov/discipline/fse/fse#MassAllocatedElement subclass of http://opencaesar.io/oml#Aspect'>
      <failure>
        Asserted in http://imce.jpl.nasa.gov/discipline/fse/fse.
      </failure>
    </testcase>
    <testcase name='http://imce.jpl.nasa.gov/discipline/fse/fse#MassConstrainedElement subclass of http://opencaesar.io/oml#Aspect'>
      <failure>
        Asserted in http://imce.jpl.nasa.gov/discipline/fse/fse.
      </failure>
    </testcase>
    <testcase name='http://imce.jpl.nasa.gov/discipline/fse/fse#MassEstimatedElement subclass of http://opencaesar.io/oml#Aspect'>
      <failure>
        Asserted in http://imce.jpl.nasa.gov/discipline/fse/fse.
      </failure>
    </testcase>
    <testcase name='http://imce.jpl.nasa.gov/discipline/fse/fse#MassProxy subclass of http://opencaesar.io/oml#Aspect'>
      <failure>
        Asserted in http://imce.jpl.nasa.gov/discipline/fse/fse.
      </failure>
    </testcase>
    <testcase name='http://imce.jpl.nasa.gov/discipline/fse/fse#ReferenceDesignatedElement subclass of http://opencaesar.io/oml#Aspect'>
      <failure>
        Asserted in http://imce.jpl.nasa.gov/discipline/fse/fse.
      </failure>
    </testcase>
    <testcase name='http://imce.jpl.nasa.gov/discipline/fse/fse#EndCircuitPresentingElement subclass of http://opencaesar.io/oml#Aspect'>
      <failure>
        Asserted in http://imce.jpl.nasa.gov/discipline/fse/fse.
      </failure>
    </testcase>
    <testcase name='http://imce.jpl.nasa.gov/foundation/analysis#AnalyzedElement subclass of http://opencaesar.io/oml#Aspect'>
      <failure>
        Asserted in http://imce.jpl.nasa.gov/foundation/analysis.
      </failure>
    </testcase>
    <testcase name='http://imce.jpl.nasa.gov/foundation/analysis#CharacterizedElement subclass of http://opencaesar.io/oml#Aspect'>
      <failure>
        Asserted in http://imce.jpl.nasa.gov/foundation/analysis.
      </failure>
    </testcase>
    <testcase name='http://imce.jpl.nasa.gov/foundation/analysis#ConstrainedElement subclass of http://opencaesar.io/oml#Aspect'>
      <failure>
        Asserted in http://imce.jpl.nasa.gov/foundation/analysis.
      </failure>
    </testcase>
    <testcase name='http://imce.jpl.nasa.gov/foundation/project#DevelopedElement subclass of http://opencaesar.io/oml#Aspect'>
      <failure>
        Asserted in http://imce.jpl.nasa.gov/foundation/project.
      </failure>
    </testcase>
    <testcase name='http://imce.jpl.nasa.gov/foundation/project#SuppliedElement subclass of http://opencaesar.io/oml#Aspect'>
      <failure>
        Asserted in http://imce.jpl.nasa.gov/foundation/project.
      </failure>
    </testcase>
    <testcase name='http://imce.jpl.nasa.gov/foundation/project#AssignedElement subclass of http://opencaesar.io/oml#Aspect'>
      <failure>
        Asserted in http://imce.jpl.nasa.gov/foundation/project.
      </failure>
    </testcase>
    <testcase name='http://imce.jpl.nasa.gov/foundation/project#RealizedElement subclass of http://opencaesar.io/oml#Aspect'>
      <failure>
        Asserted in http://imce.jpl.nasa.gov/foundation/project.
      </failure>
    </testcase>
    <testcase name='http://iso.org/80000-6-units#ElectricFieldStrengthMagnitude subclass of http://opencaesar.io/oml#Aspect'>
      <failure>
        Asserted in http://iso.org/80000-6-units.
      </failure>
    </testcase>
    <testcase name='http://iso.org/80000-6-units#ElectricCurrentMagnitude subclass of http://opencaesar.io/oml#Aspect'>
      <failure>
        Asserted in http://iso.org/80000-6-units.
      </failure>
    </testcase>
    <testcase name='http://iso.org/80000-6-units#ResistanceMagnitude subclass of http://opencaesar.io/oml#Aspect'>
      <failure>
        Asserted in http://iso.org/80000-6-units.
      </failure>
    </testcase>
    <testcase name='http://iso.org/80000-6-units#ElectricChargeMagnitude subclass of http://opencaesar.io/oml#Aspect'>
      <failure>
        Asserted in http://iso.org/80000-6-units.
      </failure>
    </testcase>
    <testcase name='http://iso.org/80000-6-units#ElectricPotentialMagnitude subclass of http://opencaesar.io/oml#Aspect'>
      <failure>
        Asserted in http://iso.org/80000-6-units.
      </failure>
    </testcase>
    <testcase name='http://imce.jpl.nasa.gov/foundation/mission#SpecifiedElement subclass of http://opencaesar.io/oml#Aspect'>
      <failure>
        Asserted in http://imce.jpl.nasa.gov/foundation/mission.
      </failure>
    </testcase>
    <testcase name='http://imce.jpl.nasa.gov/foundation/mission#PerformingElement subclass of http://opencaesar.io/oml#Aspect'>
      <failure>
        Asserted in http://imce.jpl.nasa.gov/foundation/mission.
      </failure>
    </testcase>
    <testcase name='http://imce.jpl.nasa.gov/foundation/mission#PresentingElement subclass of http://opencaesar.io/oml#Aspect'>
      <failure>
        Asserted in http://imce.jpl.nasa.gov/foundation/mission.
      </failure>
    </testcase>
    <testcase name='http://imce.jpl.nasa.gov/foundation/mission#TraversingElement subclass of http://opencaesar.io/oml#Aspect'>
      <failure>
        Asserted in http://imce.jpl.nasa.gov/foundation/mission.
      </failure>
    </testcase>
    <testcase name='http://imce.jpl.nasa.gov/foundation/base#AggregatedElement subclass of http://opencaesar.io/oml#Aspect'>
      <failure>
        Asserted in http://imce.jpl.nasa.gov/foundation/base.
      </failure>
    </testcase>
    <testcase name='http://imce.jpl.nasa.gov/foundation/base#Container subclass of http://opencaesar.io/oml#Aspect'>
      <failure>
        Asserted in http://imce.jpl.nasa.gov/foundation/base.
      </failure>
    </testcase>
    <testcase name='http://imce.jpl.nasa.gov/foundation/base#ContainedElement subclass of http://opencaesar.io/oml#Aspect'>
      <failure>
        Asserted in http://imce.jpl.nasa.gov/foundation/base.
      </failure>
    </testcase>
    <testcase name='http://imce.jpl.nasa.gov/foundation/base#IdentifiedElement subclass of http://opencaesar.io/oml#Aspect'>
      <failure>
        Asserted in http://imce.jpl.nasa.gov/foundation/base.
      </failure>
    </testcase>
    <testcase name='http://iso.org/80000-3-units#AngularMeasureMagnitude subclass of http://opencaesar.io/oml#Aspect'>
      <failure>
        Asserted in http://iso.org/80000-3-units.
      </failure>
    </testcase>
    <testcase name='http://iso.org/80000-3-units#TimeMagnitude subclass of http://opencaesar.io/oml#Aspect'>
      <failure>
        Asserted in http://iso.org/80000-3-units.
      </failure>
    </testcase>
    <testcase name='http://iso.org/80000-3-units#FrequencyMagnitude subclass of http://opencaesar.io/oml#Aspect'>
      <failure>
        Asserted in http://iso.org/80000-3-units.
      </failure>
    </testcase>
    <testcase name='http://iso.org/80000-3-units#LengthMagnitude subclass of http://opencaesar.io/oml#Aspect'>
      <failure>
        Asserted in http://iso.org/80000-3-units.
      </failure>
    </testcase>
    <testcase name='http://iso.org/80000-3-units#RotationMagnitude subclass of http://opencaesar.io/oml#Aspect'>
      <failure>
        Asserted in http://iso.org/80000-3-units.
      </failure>
    </testcase>
    <testcase name='http://iso.org/80000-3-units#VelocityMagnitude subclass of http://opencaesar.io/oml#Aspect'>
      <failure>
        Asserted in http://iso.org/80000-3-units.
      </failure>
    </testcase>
    <testcase name='http://iso.org/80000-5-units#CelciusTemperatureMagnitude subclass of http://opencaesar.io/oml#Aspect'>
      <failure>
        Asserted in http://iso.org/80000-5-units.
      </failure>
    </testcase>
    <testcase name='http://iso.org/80000-5-units#ThermodynamicTemperatureMagnitude subclass of http://opencaesar.io/oml#Aspect'>
      <failure>
        Asserted in http://iso.org/80000-5-units.
      </failure>
    </testcase>
    <testcase name='http://iupac.org/metrology#Object subclass of http://opencaesar.io/oml#Aspect'>
      <failure>
        Asserted in http://iupac.org/metrology.
      </failure>
    </testcase>
    <testcase name='http://iupac.org/metrology#UnitaryMagnitude subclass of http://opencaesar.io/oml#Aspect'>
      <failure>
        Asserted in http://iupac.org/metrology.
      </failure>
    </testcase>
    <testcase name='http://iupac.org/metrology#Prefix subclass of http://opencaesar.io/oml#Aspect'>
      <failure>
        Asserted in http://iupac.org/metrology.
      </failure>
    </testcase>
    <testcase name='http://iupac.org/metrology#MetrologicalEntity subclass of http://opencaesar.io/oml#Aspect'>
      <failure>
        Asserted in http://iupac.org/metrology.
      </failure>
    </testcase>
    <testcase name='http://iupac.org/metrology#MeasurementProcedure subclass of http://opencaesar.io/oml#Aspect'>
      <failure>
        Asserted in http://iupac.org/metrology.
      </failure>
    </testcase>
    <testcase name='http://iupac.org/metrology#OrdinalMagnitude subclass of http://opencaesar.io/oml#Aspect'>
      <failure>
        Asserted in http://iupac.org/metrology.
      </failure>
    </testcase>
    <testcase name='http://iupac.org/metrology#ExponentFactor subclass of http://opencaesar.io/oml#Aspect'>
      <failure>
        Asserted in http://iupac.org/metrology.
      </failure>
    </testcase>
    <testcase name='http://iupac.org/metrology#Magnitude subclass of http://opencaesar.io/oml#Aspect'>
      <failure>
        Asserted in http://iupac.org/metrology.
      </failure>
    </testcase>
    <testcase name='http://iupac.org/metrology#Thing subclass of http://opencaesar.io/oml#Aspect'>
      <failure>
        Asserted in http://iupac.org/metrology.
      </failure>
    </testcase>
    <testcase name='http://iupac.org/metrology#MeasurementUnit subclass of http://opencaesar.io/oml#Aspect'>
      <failure>
        Asserted in http://iupac.org/metrology.
      </failure>
    </testcase>
    <testcase name='http://iupac.org/metrology#Reference subclass of http://opencaesar.io/oml#Aspect'>
      <failure>
        Asserted in http://iupac.org/metrology.
      </failure>
    </testcase>
    <testcase name='http://iupac.org/metrology#ReferenceMaterial subclass of http://opencaesar.io/oml#Aspect'>
      <failure>
        Asserted in http://iupac.org/metrology.
      </failure>
    </testcase>
    <testcase name='http://iupac.org/metrology#PrefixedMeasurementUnit subclass of http://opencaesar.io/oml#Aspect'>
      <failure>
        Asserted in http://iupac.org/metrology.
      </failure>
    </testcase>
    <testcase name='http://iso.org/80000-4-units#MassMagnitude subclass of http://opencaesar.io/oml#Aspect'>
      <failure>
        Asserted in http://iso.org/80000-4-units.
      </failure>
    </testcase>
    <testcase name='http://iso.org/80000-4-units#MomentumMagnitude subclass of http://opencaesar.io/oml#Aspect'>
      <failure>
        Asserted in http://iso.org/80000-4-units.
      </failure>
    </testcase>
    <testcase name='http://iso.org/80000-4-units#ForceMagnitude subclass of http://opencaesar.io/oml#Aspect'>
      <failure>
        Asserted in http://iso.org/80000-4-units.
      </failure>
    </testcase>
    <testcase name='http://iso.org/80000-4-units#ImpulseMagnitude subclass of http://opencaesar.io/oml#Aspect'>
      <failure>
        Asserted in http://iso.org/80000-4-units.
      </failure>
    </testcase>
    <testcase name='http://iso.org/80000-4-units#PowerMagnitude subclass of http://opencaesar.io/oml#Aspect'>
      <failure>
        Asserted in http://iso.org/80000-4-units.
      </failure>
    </testcase>
    <testcase name='http://imce.jpl.nasa.gov/discipline/fse/fse#ConnectsAssembly2 subclass of http://opencaesar.io/oml#RelationEntity'>
      <failure>
        Asserted in http://imce.jpl.nasa.gov/discipline/fse/fse.
      </failure>
    </testcase>
    <testcase name='http://imce.jpl.nasa.gov/discipline/fse/fse#ConnectsAssembly subclass of http://opencaesar.io/oml#RelationEntity'>
      <failure>
        Asserted in http://imce.jpl.nasa.gov/discipline/fse/fse.
      </failure>
    </testcase>
    <testcase name='http://imce.jpl.nasa.gov/discipline/fse/fse#ConnectsAssembly1 subclass of http://opencaesar.io/oml#RelationEntity'>
      <failure>
        Asserted in http://imce.jpl.nasa.gov/discipline/fse/fse.
      </failure>
    </testcase>
    <testcase name='http://imce.jpl.nasa.gov/foundation/analysis#Analyzes subclass of http://opencaesar.io/oml#RelationEntity'>
      <failure>
        Asserted in http://imce.jpl.nasa.gov/foundation/analysis.
      </failure>
    </testcase>
    <testcase name='http://imce.jpl.nasa.gov/foundation/analysis#Characterizes subclass of http://opencaesar.io/oml#RelationEntity'>
      <failure>
        Asserted in http://imce.jpl.nasa.gov/foundation/analysis.
      </failure>
    </testcase>
    <testcase name='http://imce.jpl.nasa.gov/foundation/analysis#Constrains subclass of http://opencaesar.io/oml#RelationEntity'>
      <failure>
        Asserted in http://imce.jpl.nasa.gov/foundation/analysis.
      </failure>
    </testcase>
    <testcase name='http://imce.jpl.nasa.gov/foundation/analysis#Explains subclass of http://opencaesar.io/oml#RelationEntity'>
      <failure>
        Asserted in http://imce.jpl.nasa.gov/foundation/analysis.
      </failure>
    </testcase>
    <testcase name='http://imce.jpl.nasa.gov/foundation/analysis#Limits subclass of http://opencaesar.io/oml#RelationEntity'>
      <failure>
        Asserted in http://imce.jpl.nasa.gov/foundation/analysis.
      </failure>
    </testcase>
    <testcase name='http://imce.jpl.nasa.gov/foundation/analysis#Validates subclass of http://opencaesar.io/oml#RelationEntity'>
      <failure>
        Asserted in http://imce.jpl.nasa.gov/foundation/analysis.
      </failure>
    </testcase>
    <testcase name='http://iso.org/80000-5-quantities#Celcius-Temperature-Has-Thermodynamic-Temperature subclass of http://opencaesar.io/oml#RelationEntity'>
      <failure>
        Asserted in http://iso.org/80000-5-quantities.
      </failure>
    </testcase>
    <testcase name='http://iso.org/80000-4-quantities#Momentum-Has-Mass subclass of http://opencaesar.io/oml#RelationEntity'>
      <failure>
        Asserted in http://iso.org/80000-4-quantities.
      </failure>
    </testcase>
    <testcase name='http://iso.org/80000-4-quantities#Impulse-Has-Force subclass of http://opencaesar.io/oml#RelationEntity'>
      <failure>
        Asserted in http://iso.org/80000-4-quantities.
      </failure>
    </testcase>
    <testcase name='http://iso.org/80000-4-quantities#Power-Has-Velocity subclass of http://opencaesar.io/oml#RelationEntity'>
      <failure>
        Asserted in http://iso.org/80000-4-quantities.
      </failure>
    </testcase>
    <testcase name='http://iso.org/80000-4-quantities#Impulse-Has-Duration subclass of http://opencaesar.io/oml#RelationEntity'>
      <failure>
        Asserted in http://iso.org/80000-4-quantities.
      </failure>
    </testcase>
    <testcase name='http://iso.org/80000-4-quantities#Momentum-Has-Velocity subclass of http://opencaesar.io/oml#RelationEntity'>
      <failure>
        Asserted in http://iso.org/80000-4-quantities.
      </failure>
    </testcase>
    <testcase name='http://iso.org/80000-4-quantities#Power-Has-Force subclass of http://opencaesar.io/oml#RelationEntity'>
      <failure>
        Asserted in http://iso.org/80000-4-quantities.
      </failure>
    </testcase>
    <testcase name='http://iso.org/80000-4-quantities#Force-Has-Momentum subclass of http://opencaesar.io/oml#RelationEntity'>
      <failure>
        Asserted in http://iso.org/80000-4-quantities.
      </failure>
    </testcase>
    <testcase name='http://iso.org/80000-4-quantities#Force-Has-Velocity subclass of http://opencaesar.io/oml#RelationEntity'>
      <failure>
        Asserted in http://iso.org/80000-4-quantities.
      </failure>
    </testcase>
    <testcase name='http://iso.org/80000-6-quantities#Electric-Potential-Has-Path-Length subclass of http://opencaesar.io/oml#RelationEntity'>
      <failure>
        Asserted in http://iso.org/80000-6-quantities.
      </failure>
    </testcase>
    <testcase name='http://iso.org/80000-6-quantities#Resistance-Has-Electric-Current subclass of http://opencaesar.io/oml#RelationEntity'>
      <failure>
        Asserted in http://iso.org/80000-6-quantities.
      </failure>
    </testcase>
    <testcase name='http://iso.org/80000-6-quantities#Resistance-Has-Electric-Potential subclass of http://opencaesar.io/oml#RelationEntity'>
      <failure>
        Asserted in http://iso.org/80000-6-quantities.
      </failure>
    </testcase>
    <testcase name='http://iso.org/80000-6-quantities#Electric-Charge-Has-Duration subclass of http://opencaesar.io/oml#RelationEntity'>
      <failure>
        Asserted in http://iso.org/80000-6-quantities.
      </failure>
    </testcase>
    <testcase name='http://iso.org/80000-6-quantities#Electric-Potential-Has-Electric-Field-Strength subclass of http://opencaesar.io/oml#RelationEntity'>
      <failure>
        Asserted in http://iso.org/80000-6-quantities.
      </failure>
    </testcase>
    <testcase name='http://iso.org/80000-6-quantities#Electric-Field-Strength-Has-Force subclass of http://opencaesar.io/oml#RelationEntity'>
      <failure>
        Asserted in http://iso.org/80000-6-quantities.
      </failure>
    </testcase>
    <testcase name='http://iso.org/80000-6-quantities#Electric-Field-Strength-Has-Electric-Charge subclass of http://opencaesar.io/oml#RelationEntity'>
      <failure>
        Asserted in http://iso.org/80000-6-quantities.
      </failure>
    </testcase>
    <testcase name='http://iso.org/80000-6-quantities#Electric-Charge-Has-Electric-Current subclass of http://opencaesar.io/oml#RelationEntity'>
      <failure>
        Asserted in http://iso.org/80000-6-quantities.
      </failure>
    </testcase>
    <testcase name='http://imce.jpl.nasa.gov/foundation/project#Invokes subclass of http://opencaesar.io/oml#RelationEntity'>
      <failure>
        Asserted in http://imce.jpl.nasa.gov/foundation/project.
      </failure>
    </testcase>
    <testcase name='http://imce.jpl.nasa.gov/foundation/project#Produces subclass of http://opencaesar.io/oml#RelationEntity'>
      <failure>
        Asserted in http://imce.jpl.nasa.gov/foundation/project.
      </failure>
    </testcase>
    <testcase name='http://imce.jpl.nasa.gov/foundation/project#Prepares subclass of http://opencaesar.io/oml#RelationEntity'>
      <failure>
        Asserted in http://imce.jpl.nasa.gov/foundation/project.
      </failure>
    </testcase>
    <testcase name='http://imce.jpl.nasa.gov/foundation/project#Involves subclass of http://opencaesar.io/oml#RelationEntity'>
      <failure>
        Asserted in http://imce.jpl.nasa.gov/foundation/project.
      </failure>
    </testcase>
    <testcase name='http://imce.jpl.nasa.gov/foundation/project#ReliesOn subclass of http://opencaesar.io/oml#RelationEntity'>
      <failure>
        Asserted in http://imce.jpl.nasa.gov/foundation/project.
      </failure>
    </testcase>
    <testcase name='http://imce.jpl.nasa.gov/foundation/project#Involves1 subclass of http://opencaesar.io/oml#RelationEntity'>
      <failure>
        Asserted in http://imce.jpl.nasa.gov/foundation/project.
      </failure>
    </testcase>
    <testcase name='http://imce.jpl.nasa.gov/foundation/project#DelegatesTo subclass of http://opencaesar.io/oml#RelationEntity'>
      <failure>
        Asserted in http://imce.jpl.nasa.gov/foundation/project.
      </failure>
    </testcase>
    <testcase name='http://imce.jpl.nasa.gov/foundation/project#Concurs subclass of http://opencaesar.io/oml#RelationEntity'>
      <failure>
        Asserted in http://imce.jpl.nasa.gov/foundation/project.
      </failure>
    </testcase>
    <testcase name='http://imce.jpl.nasa.gov/foundation/project#HasRole subclass of http://opencaesar.io/oml#RelationEntity'>
      <failure>
        Asserted in http://imce.jpl.nasa.gov/foundation/project.
      </failure>
    </testcase>
    <testcase name='http://imce.jpl.nasa.gov/foundation/project#Describes subclass of http://opencaesar.io/oml#RelationEntity'>
      <failure>
        Asserted in http://imce.jpl.nasa.gov/foundation/project.
      </failure>
    </testcase>
    <testcase name='http://imce.jpl.nasa.gov/foundation/project#InterchangesThrough subclass of http://opencaesar.io/oml#RelationEntity'>
      <failure>
        Asserted in http://imce.jpl.nasa.gov/foundation/project.
      </failure>
    </testcase>
    <testcase name='http://imce.jpl.nasa.gov/foundation/project#Approves subclass of http://opencaesar.io/oml#RelationEntity'>
      <failure>
        Asserted in http://imce.jpl.nasa.gov/foundation/project.
      </failure>
    </testcase>
    <testcase name='http://imce.jpl.nasa.gov/foundation/project#BelongsTo subclass of http://opencaesar.io/oml#RelationEntity'>
      <failure>
        Asserted in http://imce.jpl.nasa.gov/foundation/project.
      </failure>
    </testcase>
    <testcase name='http://imce.jpl.nasa.gov/foundation/project#Executes subclass of http://opencaesar.io/oml#RelationEntity'>
      <failure>
        Asserted in http://imce.jpl.nasa.gov/foundation/project.
      </failure>
    </testcase>
    <testcase name='http://imce.jpl.nasa.gov/foundation/project#Realizes subclass of http://opencaesar.io/oml#RelationEntity'>
      <failure>
        Asserted in http://imce.jpl.nasa.gov/foundation/project.
      </failure>
    </testcase>
    <testcase name='http://imce.jpl.nasa.gov/foundation/project#Authorizes subclass of http://opencaesar.io/oml#RelationEntity'>
      <failure>
        Asserted in http://imce.jpl.nasa.gov/foundation/project.
      </failure>
    </testcase>
    <testcase name='http://imce.jpl.nasa.gov/foundation/project#Receives subclass of http://opencaesar.io/oml#RelationEntity'>
      <failure>
        Asserted in http://imce.jpl.nasa.gov/foundation/project.
      </failure>
    </testcase>
    <testcase name='http://imce.jpl.nasa.gov/foundation/project#Manifests subclass of http://opencaesar.io/oml#RelationEntity'>
      <failure>
        Asserted in http://imce.jpl.nasa.gov/foundation/project.
      </failure>
    </testcase>
    <testcase name='http://imce.jpl.nasa.gov/foundation/project#HasParticipant subclass of http://opencaesar.io/oml#RelationEntity'>
      <failure>
        Asserted in http://imce.jpl.nasa.gov/foundation/project.
      </failure>
    </testcase>
    <testcase name='http://imce.jpl.nasa.gov/foundation/project#Represents subclass of http://opencaesar.io/oml#RelationEntity'>
      <failure>
        Asserted in http://imce.jpl.nasa.gov/foundation/project.
      </failure>
    </testcase>
    <testcase name='http://imce.jpl.nasa.gov/foundation/project#HasResponsibilityFor subclass of http://opencaesar.io/oml#RelationEntity'>
      <failure>
        Asserted in http://imce.jpl.nasa.gov/foundation/project.
      </failure>
    </testcase>
    <testcase name='http://imce.jpl.nasa.gov/foundation/project#Delivers subclass of http://opencaesar.io/oml#RelationEntity'>
      <failure>
        Asserted in http://imce.jpl.nasa.gov/foundation/project.
      </failure>
    </testcase>
    <testcase name='http://imce.jpl.nasa.gov/foundation/project#Involves2 subclass of http://opencaesar.io/oml#RelationEntity'>
      <failure>
        Asserted in http://imce.jpl.nasa.gov/foundation/project.
      </failure>
    </testcase>
    <testcase name='http://imce.jpl.nasa.gov/foundation/project#Binds subclass of http://opencaesar.io/oml#RelationEntity'>
      <failure>
        Asserted in http://imce.jpl.nasa.gov/foundation/project.
      </failure>
    </testcase>
    <testcase name='http://imce.jpl.nasa.gov/foundation/project#Supplies subclass of http://opencaesar.io/oml#RelationEntity'>
      <failure>
        Asserted in http://imce.jpl.nasa.gov/foundation/project.
      </failure>
    </testcase>
    <testcase name='http://imce.jpl.nasa.gov/foundation/project#HasAssignment subclass of http://opencaesar.io/oml#RelationEntity'>
      <failure>
        Asserted in http://imce.jpl.nasa.gov/foundation/project.
      </failure>
    </testcase>
    <testcase name='http://iso.org/80000-6-units#Coulomb-Has-Ampere subclass of http://opencaesar.io/oml#RelationEntity'>
      <failure>
        Asserted in http://iso.org/80000-6-units.
      </failure>
    </testcase>
    <testcase name='http://iso.org/80000-6-units#Volt-Has-Newton-Per-Coulomb subclass of http://opencaesar.io/oml#RelationEntity'>
      <failure>
        Asserted in http://iso.org/80000-6-units.
      </failure>
    </testcase>
    <testcase name='http://iso.org/80000-6-units#Newton-Per-Coulomb-Has-Coulomb subclass of http://opencaesar.io/oml#RelationEntity'>
      <failure>
        Asserted in http://iso.org/80000-6-units.
      </failure>
    </testcase>
    <testcase name='http://iso.org/80000-6-units#Newton-Per-Coulomb-Has-Newton subclass of http://opencaesar.io/oml#RelationEntity'>
      <failure>
        Asserted in http://iso.org/80000-6-units.
      </failure>
    </testcase>
    <testcase name='http://iso.org/80000-6-units#Volt-Has-Metre subclass of http://opencaesar.io/oml#RelationEntity'>
      <failure>
        Asserted in http://iso.org/80000-6-units.
      </failure>
    </testcase>
    <testcase name='http://iso.org/80000-6-units#Ohm-Has-Volt subclass of http://opencaesar.io/oml#RelationEntity'>
      <failure>
        Asserted in http://iso.org/80000-6-units.
      </failure>
    </testcase>
    <testcase name='http://iso.org/80000-6-units#Coulomb-Has-Second subclass of http://opencaesar.io/oml#RelationEntity'>
      <failure>
        Asserted in http://iso.org/80000-6-units.
      </failure>
    </testcase>
    <testcase name='http://iso.org/80000-6-units#Ohm-Has-Ampere subclass of http://opencaesar.io/oml#RelationEntity'>
      <failure>
        Asserted in http://iso.org/80000-6-units.
      </failure>
    </testcase>
    <testcase name='http://imce.jpl.nasa.gov/foundation/mission#Performs subclass of http://opencaesar.io/oml#RelationEntity'>
      <failure>
        Asserted in http://imce.jpl.nasa.gov/foundation/mission.
      </failure>
    </testcase>
    <testcase name='http://imce.jpl.nasa.gov/foundation/mission#Deploys subclass of http://opencaesar.io/oml#RelationEntity'>
      <failure>
        Asserted in http://imce.jpl.nasa.gov/foundation/mission.
      </failure>
    </testcase>
    <testcase name='http://imce.jpl.nasa.gov/foundation/mission#Emits subclass of http://opencaesar.io/oml#RelationEntity'>
      <failure>
        Asserted in http://imce.jpl.nasa.gov/foundation/mission.
      </failure>
    </testcase>
    <testcase name='http://imce.jpl.nasa.gov/foundation/mission#HasParticipant subclass of http://opencaesar.io/oml#RelationEntity'>
      <failure>
        Asserted in http://imce.jpl.nasa.gov/foundation/mission.
      </failure>
    </testcase>
    <testcase name='http://imce.jpl.nasa.gov/foundation/mission#Induces subclass of http://opencaesar.io/oml#RelationEntity'>
      <failure>
        Asserted in http://imce.jpl.nasa.gov/foundation/mission.
      </failure>
    </testcase>
    <testcase name='http://imce.jpl.nasa.gov/foundation/mission#Influences subclass of http://opencaesar.io/oml#RelationEntity'>
      <failure>
        Asserted in http://imce.jpl.nasa.gov/foundation/mission.
      </failure>
    </testcase>
    <testcase name='http://imce.jpl.nasa.gov/foundation/mission#Ingests subclass of http://opencaesar.io/oml#RelationEntity'>
      <failure>
        Asserted in http://imce.jpl.nasa.gov/foundation/mission.
      </failure>
    </testcase>
    <testcase name='http://imce.jpl.nasa.gov/foundation/mission#InterchangesThrough subclass of http://opencaesar.io/oml#RelationEntity'>
      <failure>
        Asserted in http://imce.jpl.nasa.gov/foundation/mission.
      </failure>
    </testcase>
    <testcase name='http://imce.jpl.nasa.gov/foundation/mission#Invokes subclass of http://opencaesar.io/oml#RelationEntity'>
      <failure>
        Asserted in http://imce.jpl.nasa.gov/foundation/mission.
      </failure>
    </testcase>
    <testcase name='http://imce.jpl.nasa.gov/foundation/mission#Involves subclass of http://opencaesar.io/oml#RelationEntity'>
      <failure>
        Asserted in http://imce.jpl.nasa.gov/foundation/mission.
      </failure>
    </testcase>
    <testcase name='http://imce.jpl.nasa.gov/foundation/mission#IsTraversedBy subclass of http://opencaesar.io/oml#RelationEntity'>
      <failure>
        Asserted in http://imce.jpl.nasa.gov/foundation/mission.
      </failure>
    </testcase>
    <testcase name='http://imce.jpl.nasa.gov/foundation/mission#Joins subclass of http://opencaesar.io/oml#RelationEntity'>
      <failure>
        Asserted in http://imce.jpl.nasa.gov/foundation/mission.
      </failure>
    </testcase>
    <testcase name='http://imce.jpl.nasa.gov/foundation/mission#Presents subclass of http://opencaesar.io/oml#RelationEntity'>
      <failure>
        Asserted in http://imce.jpl.nasa.gov/foundation/mission.
      </failure>
    </testcase>
    <testcase name='http://imce.jpl.nasa.gov/foundation/mission#Produces subclass of http://opencaesar.io/oml#RelationEntity'>
      <failure>
        Asserted in http://imce.jpl.nasa.gov/foundation/mission.
      </failure>
    </testcase>
    <testcase name='http://imce.jpl.nasa.gov/foundation/mission#Pursues subclass of http://opencaesar.io/oml#RelationEntity'>
      <failure>
        Asserted in http://imce.jpl.nasa.gov/foundation/mission.
      </failure>
    </testcase>
    <testcase name='http://imce.jpl.nasa.gov/foundation/mission#Receives subclass of http://opencaesar.io/oml#RelationEntity'>
      <failure>
        Asserted in http://imce.jpl.nasa.gov/foundation/mission.
      </failure>
    </testcase>
    <testcase name='http://imce.jpl.nasa.gov/foundation/mission#Refines subclass of http://opencaesar.io/oml#RelationEntity'>
      <failure>
        Asserted in http://imce.jpl.nasa.gov/foundation/mission.
      </failure>
    </testcase>
    <testcase name='http://imce.jpl.nasa.gov/foundation/mission#Sends subclass of http://opencaesar.io/oml#RelationEntity'>
      <failure>
        Asserted in http://imce.jpl.nasa.gov/foundation/mission.
      </failure>
    </testcase>
    <testcase name='http://imce.jpl.nasa.gov/foundation/mission#Specifies subclass of http://opencaesar.io/oml#RelationEntity'>
      <failure>
        Asserted in http://imce.jpl.nasa.gov/foundation/mission.
      </failure>
    </testcase>
    <testcase name='http://imce.jpl.nasa.gov/foundation/mission#Transfers subclass of http://opencaesar.io/oml#RelationEntity'>
      <failure>
        Asserted in http://imce.jpl.nasa.gov/foundation/mission.
      </failure>
    </testcase>
    <testcase name='http://imce.jpl.nasa.gov/foundation/mission#TransfersIn subclass of http://opencaesar.io/oml#RelationEntity'>
      <failure>
        Asserted in http://imce.jpl.nasa.gov/foundation/mission.
      </failure>
    </testcase>
    <testcase name='http://imce.jpl.nasa.gov/foundation/mission#TransfersOut subclass of http://opencaesar.io/oml#RelationEntity'>
      <failure>
        Asserted in http://imce.jpl.nasa.gov/foundation/mission.
      </failure>
    </testcase>
    <testcase name='http://imce.jpl.nasa.gov/foundation/mission#Joins2 subclass of http://opencaesar.io/oml#RelationEntity'>
      <failure>
        Asserted in http://imce.jpl.nasa.gov/foundation/mission.
      </failure>
    </testcase>
    <testcase name='http://imce.jpl.nasa.gov/foundation/mission#Involves2 subclass of http://opencaesar.io/oml#RelationEntity'>
      <failure>
        Asserted in http://imce.jpl.nasa.gov/foundation/mission.
      </failure>
    </testcase>
    <testcase name='http://imce.jpl.nasa.gov/foundation/mission#Joins1 subclass of http://opencaesar.io/oml#RelationEntity'>
      <failure>
        Asserted in http://imce.jpl.nasa.gov/foundation/mission.
      </failure>
    </testcase>
    <testcase name='http://imce.jpl.nasa.gov/foundation/mission#Involves1 subclass of http://opencaesar.io/oml#RelationEntity'>
      <failure>
        Asserted in http://imce.jpl.nasa.gov/foundation/mission.
      </failure>
    </testcase>
    <testcase name='http://iso.org/80000-3-quantities#Angular-Measure-Has-Arc-Length subclass of http://opencaesar.io/oml#RelationEntity'>
      <failure>
        Asserted in http://iso.org/80000-3-quantities.
      </failure>
    </testcase>
    <testcase name='http://iso.org/80000-3-quantities#Angular-Measure-Has-Radius subclass of http://opencaesar.io/oml#RelationEntity'>
      <failure>
        Asserted in http://iso.org/80000-3-quantities.
      </failure>
    </testcase>
    <testcase name='http://iso.org/80000-3-quantities#Frequency-Has-Period-Duration subclass of http://opencaesar.io/oml#RelationEntity'>
      <failure>
        Asserted in http://iso.org/80000-3-quantities.
      </failure>
    </testcase>
    <testcase name='http://iso.org/80000-3-quantities#Rotation-Has-Rotational-Displacement subclass of http://opencaesar.io/oml#RelationEntity'>
      <failure>
        Asserted in http://iso.org/80000-3-quantities.
      </failure>
    </testcase>
    <testcase name='http://iso.org/80000-3-quantities#Rotational-Displacement-Has-Distance subclass of http://opencaesar.io/oml#RelationEntity'>
      <failure>
        Asserted in http://iso.org/80000-3-quantities.
      </failure>
    </testcase>
    <testcase name='http://iso.org/80000-3-quantities#Rotational-Displacement-Has-Path-Length subclass of http://opencaesar.io/oml#RelationEntity'>
      <failure>
        Asserted in http://iso.org/80000-3-quantities.
      </failure>
    </testcase>
    <testcase name='http://iso.org/80000-3-quantities#Rotational-Frequency-Has-Duration subclass of http://opencaesar.io/oml#RelationEntity'>
      <failure>
        Asserted in http://iso.org/80000-3-quantities.
      </failure>
    </testcase>
    <testcase name='http://iso.org/80000-3-quantities#Rotational-Frequency-Has-Rotation subclass of http://opencaesar.io/oml#RelationEntity'>
      <failure>
        Asserted in http://iso.org/80000-3-quantities.
      </failure>
    </testcase>
    <testcase name='http://iso.org/80000-3-quantities#Velocity-Has-Duration subclass of http://opencaesar.io/oml#RelationEntity'>
      <failure>
        Asserted in http://iso.org/80000-3-quantities.
      </failure>
    </testcase>
    <testcase name='http://iso.org/80000-3-quantities#Velocity-Has-Position-Vector subclass of http://opencaesar.io/oml#RelationEntity'>
      <failure>
        Asserted in http://iso.org/80000-3-quantities.
      </failure>
    </testcase>
    <testcase name='http://imce.jpl.nasa.gov/foundation/base#Aggregates subclass of http://opencaesar.io/oml#RelationEntity'>
      <failure>
        Asserted in http://imce.jpl.nasa.gov/foundation/base.
      </failure>
    </testcase>
    <testcase name='http://imce.jpl.nasa.gov/foundation/base#Contains subclass of http://opencaesar.io/oml#RelationEntity'>
      <failure>
        Asserted in http://imce.jpl.nasa.gov/foundation/base.
      </failure>
    </testcase>
    <testcase name='http://iso.org/80000-3-units#Radian-Has-Metre-Numerator subclass of http://opencaesar.io/oml#RelationEntity'>
      <failure>
        Asserted in http://iso.org/80000-3-units.
      </failure>
    </testcase>
    <testcase name='http://iso.org/80000-3-units#Radian-Has-Metre-Denominator subclass of http://opencaesar.io/oml#RelationEntity'>
      <failure>
        Asserted in http://iso.org/80000-3-units.
      </failure>
    </testcase>
    <testcase name='http://iso.org/80000-3-units#Hertz-Has-Second subclass of http://opencaesar.io/oml#RelationEntity'>
      <failure>
        Asserted in http://iso.org/80000-3-units.
      </failure>
    </testcase>
    <testcase name='http://iso.org/80000-3-units#Metre-Per-Second-Has-Second subclass of http://opencaesar.io/oml#RelationEntity'>
      <failure>
        Asserted in http://iso.org/80000-3-units.
      </failure>
    </testcase>
    <testcase name='http://iso.org/80000-3-units#Metre-Per-Second-Has-Metre subclass of http://opencaesar.io/oml#RelationEntity'>
      <failure>
        Asserted in http://iso.org/80000-3-units.
      </failure>
    </testcase>
    <testcase name='http://iso.org/80000-3-units#Kilometre-Per-Second-Has-Kilometre subclass of http://opencaesar.io/oml#RelationEntity'>
      <failure>
        Asserted in http://iso.org/80000-3-units.
      </failure>
    </testcase>
    <testcase name='http://iso.org/80000-3-units#Revolution-Has-Radian subclass of http://opencaesar.io/oml#RelationEntity'>
      <failure>
        Asserted in http://iso.org/80000-3-units.
      </failure>
    </testcase>
    <testcase name='http://iso.org/80000-3-units#Kilometre-Per-Second-Has-Second subclass of http://opencaesar.io/oml#RelationEntity'>
      <failure>
        Asserted in http://iso.org/80000-3-units.
      </failure>
    </testcase>
    <testcase name='http://iso.org/80000-5-units#DegreeCelcius-Has-Kelvin subclass of http://opencaesar.io/oml#RelationEntity'>
      <failure>
        Asserted in http://iso.org/80000-5-units.
      </failure>
    </testcase>
    <testcase name='http://iupac.org/metrology#IsQuantityOf subclass of http://opencaesar.io/oml#RelationEntity'>
      <failure>
        Asserted in http://iupac.org/metrology.
      </failure>
    </testcase>
    <testcase name='http://iupac.org/metrology#HasFactorForUnitaryQuantity subclass of http://opencaesar.io/oml#RelationEntity'>
      <failure>
        Asserted in http://iupac.org/metrology.
      </failure>
    </testcase>
    <testcase name='http://iupac.org/metrology#HasFactorForMeasurementUnit subclass of http://opencaesar.io/oml#RelationEntity'>
      <failure>
        Asserted in http://iupac.org/metrology.
      </failure>
    </testcase>
    <testcase name='http://iupac.org/metrology#SystemHasUnitaryQuantity subclass of http://opencaesar.io/oml#RelationEntity'>
      <failure>
        Asserted in http://iupac.org/metrology.
      </failure>
    </testcase>
    <testcase name='http://iupac.org/metrology#SystemHasMetrologicalUnit subclass of http://opencaesar.io/oml#RelationEntity'>
      <failure>
        Asserted in http://iupac.org/metrology.
      </failure>
    </testcase>
    <testcase name='http://iupac.org/metrology#IsReflexiveMagnitudeOf subclass of http://opencaesar.io/oml#RelationEntity'>
      <failure>
        Asserted in http://iupac.org/metrology.
      </failure>
    </testcase>
    <testcase name='http://iupac.org/metrology#NonCoherentDerivedMeasurementUnitOf subclass of http://opencaesar.io/oml#RelationEntity'>
      <failure>
        Asserted in http://iupac.org/metrology.
      </failure>
    </testcase>
    <testcase name='http://iupac.org/metrology#HasPrefix subclass of http://opencaesar.io/oml#RelationEntity'>
      <failure>
        Asserted in http://iupac.org/metrology.
      </failure>
    </testcase>
    <testcase name='http://iupac.org/metrology#HasReference subclass of http://opencaesar.io/oml#RelationEntity'>
      <failure>
        Asserted in http://iupac.org/metrology.
      </failure>
    </testcase>
    <testcase name='http://iupac.org/metrology#IsMagnitudeOf subclass of http://opencaesar.io/oml#RelationEntity'>
      <failure>
        Asserted in http://iupac.org/metrology.
      </failure>
    </testcase>
    <testcase name='http://iso.org/80000-4-units#Newton-Second-Has-Second subclass of http://opencaesar.io/oml#RelationEntity'>
      <failure>
        Asserted in http://iso.org/80000-4-units.
      </failure>
    </testcase>
    <testcase name='http://iso.org/80000-4-units#Newton-Millisecond-Has-Newton subclass of http://opencaesar.io/oml#RelationEntity'>
      <failure>
        Asserted in http://iso.org/80000-4-units.
      </failure>
    </testcase>
    <testcase name='http://iso.org/80000-4-units#Newton-Has-Metre-Per-Second subclass of http://opencaesar.io/oml#RelationEntity'>
      <failure>
        Asserted in http://iso.org/80000-4-units.
      </failure>
    </testcase>
    <testcase name='http://iso.org/80000-4-units#Kilogram-Metre-Per-Second-Has-Kilogram subclass of http://opencaesar.io/oml#RelationEntity'>
      <failure>
        Asserted in http://iso.org/80000-4-units.
      </failure>
    </testcase>
    <testcase name='http://iso.org/80000-4-units#Newton-Millisecond-Has-Millisecond subclass of http://opencaesar.io/oml#RelationEntity'>
      <failure>
        Asserted in http://iso.org/80000-4-units.
      </failure>
    </testcase>
    <testcase name='http://iso.org/80000-4-units#Watt-Has-Metre-Per-Second subclass of http://opencaesar.io/oml#RelationEntity'>
      <failure>
        Asserted in http://iso.org/80000-4-units.
      </failure>
    </testcase>
    <testcase name='http://iso.org/80000-4-units#Newton-Second-Has-Newton subclass of http://opencaesar.io/oml#RelationEntity'>
      <failure>
        Asserted in http://iso.org/80000-4-units.
      </failure>
    </testcase>
    <testcase name='http://iso.org/80000-4-units#Watt-Has-Newton subclass of http://opencaesar.io/oml#RelationEntity'>
      <failure>
        Asserted in http://iso.org/80000-4-units.
      </failure>
    </testcase>
    <testcase name='http://iso.org/80000-4-units#Newton-Has-Kilogram subclass of http://opencaesar.io/oml#RelationEntity'>
      <failure>
        Asserted in http://iso.org/80000-4-units.
      </failure>
    </testcase>
    <testcase name='http://iso.org/80000-4-units#Kilogram-Metre-Per-Second-Has-Metre-Per-Second subclass of http://opencaesar.io/oml#RelationEntity'>
      <failure>
        Asserted in http://iso.org/80000-4-units.
      </failure>
    </testcase>
    <testcase name='http://imce.jpl.nasa.gov/discipline/fse/fse#MassEstimateMagnitude subclass of http://iso.org/80000-4-units#MassMagnitude'>
      <failure>
        Asserted in http://imce.jpl.nasa.gov/discipline/fse/fse,
        http://opencaesar.io/examples/firesat/programs/earth-science/projects/firesat/bundle/classes.
      </failure>
    </testcase>
    <testcase name='http://imce.jpl.nasa.gov/discipline/fse/fse#MassAllocationMagnitude subclass of http://iso.org/80000-4-units#MassMagnitude'>
      <failure>
        Asserted in http://imce.jpl.nasa.gov/discipline/fse/fse,
        http://opencaesar.io/examples/firesat/programs/earth-science/projects/firesat/bundle/classes.
      </failure>
    </testcase>
    <testcase name='http://iso.org/80000-4-magnitudes1#gram-magnitude subclass of http://iso.org/80000-4-units#MassMagnitude'>
      <failure>
        Asserted in http://iso.org/80000-4-magnitudes1,
        http://opencaesar.io/examples/firesat/programs/earth-science/projects/firesat/bundle/classes.
      </failure>
    </testcase>
    <testcase name='http://iso.org/80000-4-magnitudes1#kilogram-magnitude subclass of http://iso.org/80000-4-units#MassMagnitude'>
      <failure>
        Asserted in http://iso.org/80000-4-magnitudes1,
        http://opencaesar.io/examples/firesat/programs/earth-science/projects/firesat/bundle/classes.
      </failure>
    </testcase>
    <testcase name='http://imce.jpl.nasa.gov/discipline/fse/fse#CBEMagnitude subclass of http://iso.org/80000-4-units#MassMagnitude'>
      <failure>
        Asserted in
        http://opencaesar.io/examples/firesat/programs/earth-science/projects/firesat/bundle/classes.
      </failure>
    </testcase>
    <testcase name='http://imce.jpl.nasa.gov/discipline/fse/fse#MassLimitMagnitude subclass of http://iso.org/80000-4-units#MassMagnitude'>
      <failure>
        Asserted in
        http://opencaesar.io/examples/firesat/programs/earth-science/projects/firesat/bundle/classes.
      </failure>
    </testcase>
    <testcase name='http://iso.org/80000-4-units#MassMagnitude subclass of http://iso.org/80000-4-units#MassMagnitude'>
      <failure>
        Asserted in
        http://opencaesar.io/examples/firesat/programs/earth-science/projects/firesat/bundle/classes.
      </failure>
    </testcase>
    <testcase name='http://imce.jpl.nasa.gov/discipline/fse/fse#MGAMagnitude subclass of http://iso.org/80000-4-units#MassMagnitude'>
      <failure>
        Asserted in
        http://opencaesar.io/examples/firesat/programs/earth-science/projects/firesat/bundle/classes.
      </failure>
    </testcase>
    <testcase name='http://imce.jpl.nasa.gov/discipline/fse/fse#MEVMagnitue subclass of http://iso.org/80000-4-units#MassMagnitude'>
      <failure>
        Asserted in
        http://opencaesar.io/examples/firesat/programs/earth-science/projects/firesat/bundle/classes.
      </failure>
    </testcase>
    <testcase name='http://imce.jpl.nasa.gov/discipline/fse/fse#ConnectsAssembly subclass of http://imce.jpl.nasa.gov/foundation/analysis#AnalyzedElement'>
      <failure>
        Asserted in http://imce.jpl.nasa.gov/discipline/fse/fse,
        http://opencaesar.io/examples/firesat/programs/earth-science/projects/firesat/bundle/classes.
      </failure>
    </testcase>
    <testcase name='http://imce.jpl.nasa.gov/foundation/mission#Function subclass of http://imce.jpl.nasa.gov/foundation/analysis#AnalyzedElement'>
      <failure>
        Asserted in http://imce.jpl.nasa.gov/foundation/analysis,
        http://opencaesar.io/examples/firesat/programs/earth-science/projects/firesat/bundle/classes.
      </failure>
    </testcase>
    <testcase name='http://imce.jpl.nasa.gov/foundation/mission#Performs subclass of http://imce.jpl.nasa.gov/foundation/analysis#AnalyzedElement'>
      <failure>
        Asserted in http://imce.jpl.nasa.gov/foundation/analysis,
        http://opencaesar.io/examples/firesat/programs/earth-science/projects/firesat/bundle/classes.
      </failure>
    </testcase>
    <testcase name='http://imce.jpl.nasa.gov/foundation/mission#Requirement subclass of http://imce.jpl.nasa.gov/foundation/analysis#AnalyzedElement'>
      <failure>
        Asserted in http://imce.jpl.nasa.gov/foundation/analysis,
        http://opencaesar.io/examples/firesat/programs/earth-science/projects/firesat/bundle/classes.
      </failure>
    </testcase>
    <testcase name='http://imce.jpl.nasa.gov/foundation/base#AggregatedElement subclass of http://imce.jpl.nasa.gov/foundation/analysis#AnalyzedElement'>
      <failure>
        Asserted in http://imce.jpl.nasa.gov/foundation/analysis,
        http://opencaesar.io/examples/firesat/programs/earth-science/projects/firesat/bundle/classes.
      </failure>
    </testcase>
    <testcase name='http://imce.jpl.nasa.gov/foundation/base#Container subclass of http://imce.jpl.nasa.gov/foundation/analysis#AnalyzedElement'>
      <failure>
        Asserted in http://imce.jpl.nasa.gov/foundation/analysis,
        http://opencaesar.io/examples/firesat/programs/earth-science/projects/firesat/bundle/classes.
      </failure>
    </testcase>
    <testcase name='http://imce.jpl.nasa.gov/foundation/base#ContainedElement subclass of http://imce.jpl.nasa.gov/foundation/analysis#AnalyzedElement'>
      <failure>
        Asserted in http://imce.jpl.nasa.gov/foundation/analysis,
        http://opencaesar.io/examples/firesat/programs/earth-science/projects/firesat/bundle/classes.
      </failure>
    </testcase>
    <testcase name='http://imce.jpl.nasa.gov/foundation/base#Aggregates subclass of http://imce.jpl.nasa.gov/foundation/analysis#AnalyzedElement'>
      <failure>
        Asserted in http://imce.jpl.nasa.gov/foundation/analysis,
        http://opencaesar.io/examples/firesat/programs/earth-science/projects/firesat/bundle/classes.
      </failure>
    </testcase>
    <testcase name='http://imce.jpl.nasa.gov/foundation/base#Contains subclass of http://imce.jpl.nasa.gov/foundation/analysis#AnalyzedElement'>
      <failure>
        Asserted in http://imce.jpl.nasa.gov/foundation/analysis,
        http://opencaesar.io/examples/firesat/programs/earth-science/projects/firesat/bundle/classes.
      </failure>
    </testcase>
    <testcase name='http://imce.jpl.nasa.gov/foundation/base#IdentifiedElement subclass of http://imce.jpl.nasa.gov/foundation/analysis#AnalyzedElement'>
      <failure>
        Asserted in http://imce.jpl.nasa.gov/foundation/analysis,
        http://opencaesar.io/examples/firesat/programs/earth-science/projects/firesat/bundle/classes.
      </failure>
    </testcase>
    <testcase name='http://imce.jpl.nasa.gov/foundation/base#Package subclass of http://imce.jpl.nasa.gov/foundation/analysis#AnalyzedElement'>
      <failure>
        Asserted in http://imce.jpl.nasa.gov/foundation/analysis,
        http://opencaesar.io/examples/firesat/programs/earth-science/projects/firesat/bundle/classes.
      </failure>
    </testcase>
    <testcase name='http://imce.jpl.nasa.gov/foundation/analysis#Characterization subclass of http://imce.jpl.nasa.gov/foundation/analysis#AnalyzedElement'>
      <failure>
        Asserted in http://imce.jpl.nasa.gov/foundation/analysis,
        http://opencaesar.io/examples/firesat/programs/earth-science/projects/firesat/bundle/classes.
      </failure>
    </testcase>
    <testcase name='http://imce.jpl.nasa.gov/foundation/analysis#Constraint subclass of http://imce.jpl.nasa.gov/foundation/analysis#AnalyzedElement'>
      <failure>
        Asserted in http://imce.jpl.nasa.gov/foundation/analysis,
        http://opencaesar.io/examples/firesat/programs/earth-science/projects/firesat/bundle/classes.
      </failure>
    </testcase>
    <testcase name='http://imce.jpl.nasa.gov/foundation/analysis#ConstrainedElement subclass of http://imce.jpl.nasa.gov/foundation/analysis#AnalyzedElement'>
      <failure>
        Asserted in http://imce.jpl.nasa.gov/foundation/analysis,
        http://opencaesar.io/examples/firesat/programs/earth-science/projects/firesat/bundle/classes.
      </failure>
    </testcase>
    <testcase name='http://imce.jpl.nasa.gov/foundation/analysis#Analyzes subclass of http://imce.jpl.nasa.gov/foundation/analysis#AnalyzedElement'>
      <failure>
        Asserted in http://imce.jpl.nasa.gov/foundation/analysis,
        http://opencaesar.io/examples/firesat/programs/earth-science/projects/firesat/bundle/classes.
      </failure>
    </testcase>
    <testcase name='http://imce.jpl.nasa.gov/foundation/analysis#Characterizes subclass of http://imce.jpl.nasa.gov/foundation/analysis#AnalyzedElement'>
      <failure>
        Asserted in http://imce.jpl.nasa.gov/foundation/analysis,
        http://opencaesar.io/examples/firesat/programs/earth-science/projects/firesat/bundle/classes.
      </failure>
    </testcase>
    <testcase name='http://imce.jpl.nasa.gov/foundation/analysis#Constrains subclass of http://imce.jpl.nasa.gov/foundation/analysis#AnalyzedElement'>
      <failure>
        Asserted in http://imce.jpl.nasa.gov/foundation/analysis,
        http://opencaesar.io/examples/firesat/programs/earth-science/projects/firesat/bundle/classes.
      </failure>
    </testcase>
    <testcase name='http://imce.jpl.nasa.gov/foundation/analysis#Explains subclass of http://imce.jpl.nasa.gov/foundation/analysis#AnalyzedElement'>
      <failure>
        Asserted in http://imce.jpl.nasa.gov/foundation/analysis,
        http://opencaesar.io/examples/firesat/programs/earth-science/projects/firesat/bundle/classes.
      </failure>
    </testcase>
    <testcase name='http://imce.jpl.nasa.gov/foundation/analysis#Limits subclass of http://imce.jpl.nasa.gov/foundation/analysis#AnalyzedElement'>
      <failure>
        Asserted in http://imce.jpl.nasa.gov/foundation/analysis,
        http://opencaesar.io/examples/firesat/programs/earth-science/projects/firesat/bundle/classes.
      </failure>
    </testcase>
    <testcase name='http://imce.jpl.nasa.gov/foundation/analysis#Validates subclass of http://imce.jpl.nasa.gov/foundation/analysis#AnalyzedElement'>
      <failure>
        Asserted in http://imce.jpl.nasa.gov/foundation/analysis,
        http://opencaesar.io/examples/firesat/programs/earth-science/projects/firesat/bundle/classes.
      </failure>
    </testcase>
    <testcase name='http://imce.jpl.nasa.gov/foundation/mission#SpecifiedElement subclass of http://imce.jpl.nasa.gov/foundation/analysis#AnalyzedElement'>
      <failure>
        Asserted in http://imce.jpl.nasa.gov/foundation/analysis,
        http://opencaesar.io/examples/firesat/programs/earth-science/projects/firesat/bundle/classes.
      </failure>
    </testcase>
    <testcase name='http://imce.jpl.nasa.gov/foundation/analysis#Criterion subclass of http://imce.jpl.nasa.gov/foundation/analysis#AnalyzedElement'>
      <failure>
        Asserted in http://imce.jpl.nasa.gov/foundation/analysis,
        http://opencaesar.io/examples/firesat/programs/earth-science/projects/firesat/bundle/classes.
      </failure>
    </testcase>
    <testcase name='http://imce.jpl.nasa.gov/foundation/mission#Component subclass of http://imce.jpl.nasa.gov/foundation/analysis#AnalyzedElement'>
      <failure>
        Asserted in http://imce.jpl.nasa.gov/foundation/analysis,
        http://opencaesar.io/examples/firesat/programs/earth-science/projects/firesat/bundle/classes.
      </failure>
    </testcase>
    <testcase name='http://imce.jpl.nasa.gov/foundation/mission#Deploys subclass of http://imce.jpl.nasa.gov/foundation/analysis#AnalyzedElement'>
      <failure>
        Asserted in http://imce.jpl.nasa.gov/foundation/analysis,
        http://opencaesar.io/examples/firesat/programs/earth-science/projects/firesat/bundle/classes.
      </failure>
    </testcase>
    <testcase name='http://imce.jpl.nasa.gov/foundation/mission#Emits subclass of http://imce.jpl.nasa.gov/foundation/analysis#AnalyzedElement'>
      <failure>
        Asserted in http://imce.jpl.nasa.gov/foundation/analysis,
        http://opencaesar.io/examples/firesat/programs/earth-science/projects/firesat/bundle/classes.
      </failure>
    </testcase>
    <testcase name='http://imce.jpl.nasa.gov/foundation/mission#Environment subclass of http://imce.jpl.nasa.gov/foundation/analysis#AnalyzedElement'>
      <failure>
        Asserted in http://imce.jpl.nasa.gov/foundation/analysis,
        http://opencaesar.io/examples/firesat/programs/earth-science/projects/firesat/bundle/classes.
      </failure>
    </testcase>
    <testcase name='http://imce.jpl.nasa.gov/foundation/mission#Flow subclass of http://imce.jpl.nasa.gov/foundation/analysis#AnalyzedElement'>
      <failure>
        Asserted in http://imce.jpl.nasa.gov/foundation/analysis,
        http://opencaesar.io/examples/firesat/programs/earth-science/projects/firesat/bundle/classes.
      </failure>
    </testcase>
    <testcase name='http://imce.jpl.nasa.gov/foundation/mission#HasParticipant subclass of http://imce.jpl.nasa.gov/foundation/analysis#AnalyzedElement'>
      <failure>
        Asserted in http://imce.jpl.nasa.gov/foundation/analysis,
        http://opencaesar.io/examples/firesat/programs/earth-science/projects/firesat/bundle/classes.
      </failure>
    </testcase>
    <testcase name='http://imce.jpl.nasa.gov/foundation/mission#Induces subclass of http://imce.jpl.nasa.gov/foundation/analysis#AnalyzedElement'>
      <failure>
        Asserted in http://imce.jpl.nasa.gov/foundation/analysis,
        http://opencaesar.io/examples/firesat/programs/earth-science/projects/firesat/bundle/classes.
      </failure>
    </testcase>
    <testcase name='http://imce.jpl.nasa.gov/foundation/mission#Influences subclass of http://imce.jpl.nasa.gov/foundation/analysis#AnalyzedElement'>
      <failure>
        Asserted in http://imce.jpl.nasa.gov/foundation/analysis,
        http://opencaesar.io/examples/firesat/programs/earth-science/projects/firesat/bundle/classes.
      </failure>
    </testcase>
    <testcase name='http://imce.jpl.nasa.gov/foundation/mission#Ingests subclass of http://imce.jpl.nasa.gov/foundation/analysis#AnalyzedElement'>
      <failure>
        Asserted in http://imce.jpl.nasa.gov/foundation/analysis,
        http://opencaesar.io/examples/firesat/programs/earth-science/projects/firesat/bundle/classes.
      </failure>
    </testcase>
    <testcase name='http://imce.jpl.nasa.gov/foundation/mission#Interchange subclass of http://imce.jpl.nasa.gov/foundation/analysis#AnalyzedElement'>
      <failure>
        Asserted in http://imce.jpl.nasa.gov/foundation/analysis,
        http://opencaesar.io/examples/firesat/programs/earth-science/projects/firesat/bundle/classes.
      </failure>
    </testcase>
    <testcase name='http://imce.jpl.nasa.gov/foundation/mission#InterchangePoint subclass of http://imce.jpl.nasa.gov/foundation/analysis#AnalyzedElement'>
      <failure>
        Asserted in http://imce.jpl.nasa.gov/foundation/analysis,
        http://opencaesar.io/examples/firesat/programs/earth-science/projects/firesat/bundle/classes.
      </failure>
    </testcase>
    <testcase name='http://imce.jpl.nasa.gov/foundation/mission#InterchangesThrough subclass of http://imce.jpl.nasa.gov/foundation/analysis#AnalyzedElement'>
      <failure>
        Asserted in http://imce.jpl.nasa.gov/foundation/analysis,
        http://opencaesar.io/examples/firesat/programs/earth-science/projects/firesat/bundle/classes.
      </failure>
    </testcase>
    <testcase name='http://imce.jpl.nasa.gov/foundation/mission#Interface subclass of http://imce.jpl.nasa.gov/foundation/analysis#AnalyzedElement'>
      <failure>
        Asserted in http://imce.jpl.nasa.gov/foundation/analysis,
        http://opencaesar.io/examples/firesat/programs/earth-science/projects/firesat/bundle/classes.
      </failure>
    </testcase>
    <testcase name='http://imce.jpl.nasa.gov/foundation/mission#Invokes subclass of http://imce.jpl.nasa.gov/foundation/analysis#AnalyzedElement'>
      <failure>
        Asserted in http://imce.jpl.nasa.gov/foundation/analysis,
        http://opencaesar.io/examples/firesat/programs/earth-science/projects/firesat/bundle/classes.
      </failure>
    </testcase>
    <testcase name='http://imce.jpl.nasa.gov/foundation/mission#Involves subclass of http://imce.jpl.nasa.gov/foundation/analysis#AnalyzedElement'>
      <failure>
        Asserted in http://imce.jpl.nasa.gov/foundation/analysis,
        http://opencaesar.io/examples/firesat/programs/earth-science/projects/firesat/bundle/classes.
      </failure>
    </testcase>
    <testcase name='http://imce.jpl.nasa.gov/foundation/mission#IsTraversedBy subclass of http://imce.jpl.nasa.gov/foundation/analysis#AnalyzedElement'>
      <failure>
        Asserted in http://imce.jpl.nasa.gov/foundation/analysis,
        http://opencaesar.io/examples/firesat/programs/earth-science/projects/firesat/bundle/classes.
      </failure>
    </testcase>
    <testcase name='http://imce.jpl.nasa.gov/foundation/mission#Item subclass of http://imce.jpl.nasa.gov/foundation/analysis#AnalyzedElement'>
      <failure>
        Asserted in http://imce.jpl.nasa.gov/foundation/analysis,
        http://opencaesar.io/examples/firesat/programs/earth-science/projects/firesat/bundle/classes.
      </failure>
    </testcase>
    <testcase name='http://imce.jpl.nasa.gov/foundation/mission#Joins subclass of http://imce.jpl.nasa.gov/foundation/analysis#AnalyzedElement'>
      <failure>
        Asserted in http://imce.jpl.nasa.gov/foundation/analysis,
        http://opencaesar.io/examples/firesat/programs/earth-science/projects/firesat/bundle/classes.
      </failure>
    </testcase>
    <testcase name='http://imce.jpl.nasa.gov/foundation/mission#Junction subclass of http://imce.jpl.nasa.gov/foundation/analysis#AnalyzedElement'>
      <failure>
        Asserted in http://imce.jpl.nasa.gov/foundation/analysis,
        http://opencaesar.io/examples/firesat/programs/earth-science/projects/firesat/bundle/classes.
      </failure>
    </testcase>
    <testcase name='http://imce.jpl.nasa.gov/foundation/mission#Mission subclass of http://imce.jpl.nasa.gov/foundation/analysis#AnalyzedElement'>
      <failure>
        Asserted in http://imce.jpl.nasa.gov/foundation/analysis,
        http://opencaesar.io/examples/firesat/programs/earth-science/projects/firesat/bundle/classes.
      </failure>
    </testcase>
    <testcase name='http://imce.jpl.nasa.gov/foundation/mission#Objective subclass of http://imce.jpl.nasa.gov/foundation/analysis#AnalyzedElement'>
      <failure>
        Asserted in http://imce.jpl.nasa.gov/foundation/analysis,
        http://opencaesar.io/examples/firesat/programs/earth-science/projects/firesat/bundle/classes.
      </failure>
    </testcase>
    <testcase name='http://imce.jpl.nasa.gov/foundation/mission#PerformingElement subclass of http://imce.jpl.nasa.gov/foundation/analysis#AnalyzedElement'>
      <failure>
        Asserted in http://imce.jpl.nasa.gov/foundation/analysis,
        http://opencaesar.io/examples/firesat/programs/earth-science/projects/firesat/bundle/classes.
      </failure>
    </testcase>
    <testcase name='http://imce.jpl.nasa.gov/foundation/mission#PresentingElement subclass of http://imce.jpl.nasa.gov/foundation/analysis#AnalyzedElement'>
      <failure>
        Asserted in http://imce.jpl.nasa.gov/foundation/analysis,
        http://opencaesar.io/examples/firesat/programs/earth-science/projects/firesat/bundle/classes.
      </failure>
    </testcase>
    <testcase name='http://imce.jpl.nasa.gov/foundation/mission#Presents subclass of http://imce.jpl.nasa.gov/foundation/analysis#AnalyzedElement'>
      <failure>
        Asserted in http://imce.jpl.nasa.gov/foundation/analysis,
        http://opencaesar.io/examples/firesat/programs/earth-science/projects/firesat/bundle/classes.
      </failure>
    </testcase>
    <testcase name='http://imce.jpl.nasa.gov/foundation/mission#Produces subclass of http://imce.jpl.nasa.gov/foundation/analysis#AnalyzedElement'>
      <failure>
        Asserted in http://imce.jpl.nasa.gov/foundation/analysis,
        http://opencaesar.io/examples/firesat/programs/earth-science/projects/firesat/bundle/classes.
      </failure>
    </testcase>
    <testcase name='http://imce.jpl.nasa.gov/foundation/mission#Product subclass of http://imce.jpl.nasa.gov/foundation/analysis#AnalyzedElement'>
      <failure>
        Asserted in http://imce.jpl.nasa.gov/foundation/analysis,
        http://opencaesar.io/examples/firesat/programs/earth-science/projects/firesat/bundle/classes.
      </failure>
    </testcase>
    <testcase name='http://imce.jpl.nasa.gov/foundation/mission#Pursues subclass of http://imce.jpl.nasa.gov/foundation/analysis#AnalyzedElement'>
      <failure>
        Asserted in http://imce.jpl.nasa.gov/foundation/analysis,
        http://opencaesar.io/examples/firesat/programs/earth-science/projects/firesat/bundle/classes.
      </failure>
    </testcase>
    <testcase name='http://imce.jpl.nasa.gov/foundation/mission#Receives subclass of http://imce.jpl.nasa.gov/foundation/analysis#AnalyzedElement'>
      <failure>
        Asserted in http://imce.jpl.nasa.gov/foundation/analysis,
        http://opencaesar.io/examples/firesat/programs/earth-science/projects/firesat/bundle/classes.
      </failure>
    </testcase>
    <testcase name='http://imce.jpl.nasa.gov/foundation/mission#Refines subclass of http://imce.jpl.nasa.gov/foundation/analysis#AnalyzedElement'>
      <failure>
        Asserted in http://imce.jpl.nasa.gov/foundation/analysis,
        http://opencaesar.io/examples/firesat/programs/earth-science/projects/firesat/bundle/classes.
      </failure>
    </testcase>
    <testcase name='http://imce.jpl.nasa.gov/foundation/mission#Sends subclass of http://imce.jpl.nasa.gov/foundation/analysis#AnalyzedElement'>
      <failure>
        Asserted in http://imce.jpl.nasa.gov/foundation/analysis,
        http://opencaesar.io/examples/firesat/programs/earth-science/projects/firesat/bundle/classes.
      </failure>
    </testcase>
    <testcase name='http://imce.jpl.nasa.gov/foundation/mission#Specifies subclass of http://imce.jpl.nasa.gov/foundation/analysis#AnalyzedElement'>
      <failure>
        Asserted in http://imce.jpl.nasa.gov/foundation/analysis,
        http://opencaesar.io/examples/firesat/programs/earth-science/projects/firesat/bundle/classes.
      </failure>
    </testcase>
    <testcase name='http://imce.jpl.nasa.gov/foundation/mission#Transfers subclass of http://imce.jpl.nasa.gov/foundation/analysis#AnalyzedElement'>
      <failure>
        Asserted in http://imce.jpl.nasa.gov/foundation/analysis,
        http://opencaesar.io/examples/firesat/programs/earth-science/projects/firesat/bundle/classes.
      </failure>
    </testcase>
    <testcase name='http://imce.jpl.nasa.gov/foundation/mission#TransfersIn subclass of http://imce.jpl.nasa.gov/foundation/analysis#AnalyzedElement'>
      <failure>
        Asserted in http://imce.jpl.nasa.gov/foundation/analysis,
        http://opencaesar.io/examples/firesat/programs/earth-science/projects/firesat/bundle/classes.
      </failure>
    </testcase>
    <testcase name='http://imce.jpl.nasa.gov/foundation/mission#TransfersOut subclass of http://imce.jpl.nasa.gov/foundation/analysis#AnalyzedElement'>
      <failure>
        Asserted in http://imce.jpl.nasa.gov/foundation/analysis,
        http://opencaesar.io/examples/firesat/programs/earth-science/projects/firesat/bundle/classes.
      </failure>
    </testcase>
    <testcase name='http://imce.jpl.nasa.gov/foundation/mission#TraversingElement subclass of http://imce.jpl.nasa.gov/foundation/analysis#AnalyzedElement'>
      <failure>
        Asserted in http://imce.jpl.nasa.gov/foundation/analysis,
        http://opencaesar.io/examples/firesat/programs/earth-science/projects/firesat/bundle/classes.
      </failure>
    </testcase>
    <testcase name='http://imce.jpl.nasa.gov/foundation/project#Organization subclass of http://imce.jpl.nasa.gov/foundation/analysis#AnalyzedElement'>
      <failure>
        Asserted in http://imce.jpl.nasa.gov/foundation/project,
        http://opencaesar.io/examples/firesat/programs/earth-science/projects/firesat/bundle/classes.
      </failure>
    </testcase>
    <testcase name='http://imce.jpl.nasa.gov/foundation/project#Invokes subclass of http://imce.jpl.nasa.gov/foundation/analysis#AnalyzedElement'>
      <failure>
        Asserted in http://imce.jpl.nasa.gov/foundation/project,
        http://opencaesar.io/examples/firesat/programs/earth-science/projects/firesat/bundle/classes.
      </failure>
    </testcase>
    <testcase name='http://imce.jpl.nasa.gov/foundation/project#Produces subclass of http://imce.jpl.nasa.gov/foundation/analysis#AnalyzedElement'>
      <failure>
        Asserted in http://imce.jpl.nasa.gov/foundation/project,
        http://opencaesar.io/examples/firesat/programs/earth-science/projects/firesat/bundle/classes.
      </failure>
    </testcase>
    <testcase name='http://imce.jpl.nasa.gov/foundation/project#Policy subclass of http://imce.jpl.nasa.gov/foundation/analysis#AnalyzedElement'>
      <failure>
        Asserted in http://imce.jpl.nasa.gov/foundation/project,
        http://opencaesar.io/examples/firesat/programs/earth-science/projects/firesat/bundle/classes.
      </failure>
    </testcase>
    <testcase name='http://imce.jpl.nasa.gov/foundation/project#Prepares subclass of http://imce.jpl.nasa.gov/foundation/analysis#AnalyzedElement'>
      <failure>
        Asserted in http://imce.jpl.nasa.gov/foundation/project,
        http://opencaesar.io/examples/firesat/programs/earth-science/projects/firesat/bundle/classes.
      </failure>
    </testcase>
    <testcase name='http://imce.jpl.nasa.gov/foundation/project#Involves subclass of http://imce.jpl.nasa.gov/foundation/analysis#AnalyzedElement'>
      <failure>
        Asserted in http://imce.jpl.nasa.gov/foundation/project,
        http://opencaesar.io/examples/firesat/programs/earth-science/projects/firesat/bundle/classes.
      </failure>
    </testcase>
    <testcase name='http://imce.jpl.nasa.gov/foundation/project#ReliesOn subclass of http://imce.jpl.nasa.gov/foundation/analysis#AnalyzedElement'>
      <failure>
        Asserted in http://imce.jpl.nasa.gov/foundation/project,
        http://opencaesar.io/examples/firesat/programs/earth-science/projects/firesat/bundle/classes.
      </failure>
    </testcase>
    <testcase name='http://imce.jpl.nasa.gov/foundation/project#DelegatesTo subclass of http://imce.jpl.nasa.gov/foundation/analysis#AnalyzedElement'>
      <failure>
        Asserted in http://imce.jpl.nasa.gov/foundation/project,
        http://opencaesar.io/examples/firesat/programs/earth-science/projects/firesat/bundle/classes.
      </failure>
    </testcase>
    <testcase name='http://imce.jpl.nasa.gov/foundation/project#Concurs subclass of http://imce.jpl.nasa.gov/foundation/analysis#AnalyzedElement'>
      <failure>
        Asserted in http://imce.jpl.nasa.gov/foundation/project,
        http://opencaesar.io/examples/firesat/programs/earth-science/projects/firesat/bundle/classes.
      </failure>
    </testcase>
    <testcase name='http://imce.jpl.nasa.gov/foundation/project#HasRole subclass of http://imce.jpl.nasa.gov/foundation/analysis#AnalyzedElement'>
      <failure>
        Asserted in http://imce.jpl.nasa.gov/foundation/project,
        http://opencaesar.io/examples/firesat/programs/earth-science/projects/firesat/bundle/classes.
      </failure>
    </testcase>
    <testcase name='http://imce.jpl.nasa.gov/foundation/project#Describes subclass of http://imce.jpl.nasa.gov/foundation/analysis#AnalyzedElement'>
      <failure>
        Asserted in http://imce.jpl.nasa.gov/foundation/project,
        http://opencaesar.io/examples/firesat/programs/earth-science/projects/firesat/bundle/classes.
      </failure>
    </testcase>
    <testcase name='http://imce.jpl.nasa.gov/foundation/project#InterchangesThrough subclass of http://imce.jpl.nasa.gov/foundation/analysis#AnalyzedElement'>
      <failure>
        Asserted in http://imce.jpl.nasa.gov/foundation/project,
        http://opencaesar.io/examples/firesat/programs/earth-science/projects/firesat/bundle/classes.
      </failure>
    </testcase>
    <testcase name='http://imce.jpl.nasa.gov/foundation/project#Approves subclass of http://imce.jpl.nasa.gov/foundation/analysis#AnalyzedElement'>
      <failure>
        Asserted in http://imce.jpl.nasa.gov/foundation/project,
        http://opencaesar.io/examples/firesat/programs/earth-science/projects/firesat/bundle/classes.
      </failure>
    </testcase>
    <testcase name='http://imce.jpl.nasa.gov/foundation/project#BelongsTo subclass of http://imce.jpl.nasa.gov/foundation/analysis#AnalyzedElement'>
      <failure>
        Asserted in http://imce.jpl.nasa.gov/foundation/project,
        http://opencaesar.io/examples/firesat/programs/earth-science/projects/firesat/bundle/classes.
      </failure>
    </testcase>
    <testcase name='http://imce.jpl.nasa.gov/foundation/project#Realizes subclass of http://imce.jpl.nasa.gov/foundation/analysis#AnalyzedElement'>
      <failure>
        Asserted in http://imce.jpl.nasa.gov/foundation/project,
        http://opencaesar.io/examples/firesat/programs/earth-science/projects/firesat/bundle/classes.
      </failure>
    </testcase>
    <testcase name='http://imce.jpl.nasa.gov/foundation/project#DevelopedElement subclass of http://imce.jpl.nasa.gov/foundation/analysis#AnalyzedElement'>
      <failure>
        Asserted in http://imce.jpl.nasa.gov/foundation/project,
        http://opencaesar.io/examples/firesat/programs/earth-science/projects/firesat/bundle/classes.
      </failure>
    </testcase>
    <testcase name='http://imce.jpl.nasa.gov/foundation/project#Authorizes subclass of http://imce.jpl.nasa.gov/foundation/analysis#AnalyzedElement'>
      <failure>
        Asserted in http://imce.jpl.nasa.gov/foundation/project,
        http://opencaesar.io/examples/firesat/programs/earth-science/projects/firesat/bundle/classes.
      </failure>
    </testcase>
    <testcase name='http://imce.jpl.nasa.gov/foundation/project#Receives subclass of http://imce.jpl.nasa.gov/foundation/analysis#AnalyzedElement'>
      <failure>
        Asserted in http://imce.jpl.nasa.gov/foundation/project,
        http://opencaesar.io/examples/firesat/programs/earth-science/projects/firesat/bundle/classes.
      </failure>
    </testcase>
    <testcase name='http://imce.jpl.nasa.gov/foundation/project#Manifests subclass of http://imce.jpl.nasa.gov/foundation/analysis#AnalyzedElement'>
      <failure>
        Asserted in http://imce.jpl.nasa.gov/foundation/project,
        http://opencaesar.io/examples/firesat/programs/earth-science/projects/firesat/bundle/classes.
      </failure>
    </testcase>
    <testcase name='http://imce.jpl.nasa.gov/foundation/project#HasParticipant subclass of http://imce.jpl.nasa.gov/foundation/analysis#AnalyzedElement'>
      <failure>
        Asserted in http://imce.jpl.nasa.gov/foundation/project,
        http://opencaesar.io/examples/firesat/programs/earth-science/projects/firesat/bundle/classes.
      </failure>
    </testcase>
    <testcase name='http://imce.jpl.nasa.gov/foundation/project#Represents subclass of http://imce.jpl.nasa.gov/foundation/analysis#AnalyzedElement'>
      <failure>
        Asserted in http://imce.jpl.nasa.gov/foundation/project,
        http://opencaesar.io/examples/firesat/programs/earth-science/projects/firesat/bundle/classes.
      </failure>
    </testcase>
    <testcase name='http://imce.jpl.nasa.gov/foundation/project#SuppliedElement subclass of http://imce.jpl.nasa.gov/foundation/analysis#AnalyzedElement'>
      <failure>
        Asserted in http://imce.jpl.nasa.gov/foundation/project,
        http://opencaesar.io/examples/firesat/programs/earth-science/projects/firesat/bundle/classes.
      </failure>
    </testcase>
    <testcase name='http://imce.jpl.nasa.gov/foundation/project#HasResponsibilityFor subclass of http://imce.jpl.nasa.gov/foundation/analysis#AnalyzedElement'>
      <failure>
        Asserted in http://imce.jpl.nasa.gov/foundation/project,
        http://opencaesar.io/examples/firesat/programs/earth-science/projects/firesat/bundle/classes.
      </failure>
    </testcase>
    <testcase name='http://imce.jpl.nasa.gov/foundation/project#Delivers subclass of http://imce.jpl.nasa.gov/foundation/analysis#AnalyzedElement'>
      <failure>
        Asserted in http://imce.jpl.nasa.gov/foundation/project,
        http://opencaesar.io/examples/firesat/programs/earth-science/projects/firesat/bundle/classes.
      </failure>
    </testcase>
    <testcase name='http://imce.jpl.nasa.gov/foundation/project#AssignedElement subclass of http://imce.jpl.nasa.gov/foundation/analysis#AnalyzedElement'>
      <failure>
        Asserted in http://imce.jpl.nasa.gov/foundation/project,
        http://opencaesar.io/examples/firesat/programs/earth-science/projects/firesat/bundle/classes.
      </failure>
    </testcase>
    <testcase name='http://imce.jpl.nasa.gov/foundation/project#Binds subclass of http://imce.jpl.nasa.gov/foundation/analysis#AnalyzedElement'>
      <failure>
        Asserted in http://imce.jpl.nasa.gov/foundation/project,
        http://opencaesar.io/examples/firesat/programs/earth-science/projects/firesat/bundle/classes.
      </failure>
    </testcase>
    <testcase name='http://imce.jpl.nasa.gov/foundation/project#RealizedElement subclass of http://imce.jpl.nasa.gov/foundation/analysis#AnalyzedElement'>
      <failure>
        Asserted in http://imce.jpl.nasa.gov/foundation/project,
        http://opencaesar.io/examples/firesat/programs/earth-science/projects/firesat/bundle/classes.
      </failure>
    </testcase>
    <testcase name='http://imce.jpl.nasa.gov/foundation/project#Supplies subclass of http://imce.jpl.nasa.gov/foundation/analysis#AnalyzedElement'>
      <failure>
        Asserted in http://imce.jpl.nasa.gov/foundation/project,
        http://opencaesar.io/examples/firesat/programs/earth-science/projects/firesat/bundle/classes.
      </failure>
    </testcase>
    <testcase name='http://imce.jpl.nasa.gov/foundation/project#HasAssignment subclass of http://imce.jpl.nasa.gov/foundation/analysis#AnalyzedElement'>
      <failure>
        Asserted in http://imce.jpl.nasa.gov/foundation/project,
        http://opencaesar.io/examples/firesat/programs/earth-science/projects/firesat/bundle/classes.
      </failure>
    </testcase>
    <testcase name='http://imce.jpl.nasa.gov/discipline/fse/fse#Subsystem subclass of http://imce.jpl.nasa.gov/foundation/analysis#AnalyzedElement'>
      <failure>
        Asserted in
        http://opencaesar.io/examples/firesat/programs/earth-science/projects/firesat/bundle/classes.
      </failure>
    </testcase>
    <testcase name='http://imce.jpl.nasa.gov/discipline/fse/functions#UnidirectionalPower subclass of http://imce.jpl.nasa.gov/foundation/analysis#AnalyzedElement'>
      <failure>
        Asserted in
        http://opencaesar.io/examples/firesat/programs/earth-science/projects/firesat/bundle/classes.
      </failure>
    </testcase>
    <testcase name='http://imce.jpl.nasa.gov/discipline/fse/fse#CBEMass subclass of http://imce.jpl.nasa.gov/foundation/analysis#AnalyzedElement'>
      <failure>
        Asserted in
        http://opencaesar.io/examples/firesat/programs/earth-science/projects/firesat/bundle/classes.
      </failure>
    </testcase>
    <testcase name='http://imce.jpl.nasa.gov/discipline/fse/fse#MassLimit subclass of http://imce.jpl.nasa.gov/foundation/analysis#AnalyzedElement'>
      <failure>
        Asserted in
        http://opencaesar.io/examples/firesat/programs/earth-science/projects/firesat/bundle/classes.
      </failure>
    </testcase>
    <testcase name='http://imce.jpl.nasa.gov/discipline/fse/endcircuits#Power subclass of http://imce.jpl.nasa.gov/foundation/analysis#AnalyzedElement'>
      <failure>
        Asserted in
        http://opencaesar.io/examples/firesat/programs/earth-science/projects/firesat/bundle/classes.
      </failure>
    </testcase>
    <testcase name='http://imce.jpl.nasa.gov/discipline/fse/fse#EndCircuit subclass of http://imce.jpl.nasa.gov/foundation/analysis#AnalyzedElement'>
      <failure>
        Asserted in
        http://opencaesar.io/examples/firesat/programs/earth-science/projects/firesat/bundle/classes.
      </failure>
    </testcase>
    <testcase name='http://imce.jpl.nasa.gov/discipline/fse/endcircuits#PowerIn subclass of http://imce.jpl.nasa.gov/foundation/analysis#AnalyzedElement'>
      <failure>
        Asserted in
        http://opencaesar.io/examples/firesat/programs/earth-science/projects/firesat/bundle/classes.
      </failure>
    </testcase>
    <testcase name='http://imce.jpl.nasa.gov/discipline/fse/endcircuits#UnidirectionalPower subclass of http://imce.jpl.nasa.gov/foundation/analysis#AnalyzedElement'>
      <failure>
        Asserted in
        http://opencaesar.io/examples/firesat/programs/earth-science/projects/firesat/bundle/classes.
      </failure>
    </testcase>
    <testcase name='http://imce.jpl.nasa.gov/discipline/fse/endcircuits#PowerOut subclass of http://imce.jpl.nasa.gov/foundation/analysis#AnalyzedElement'>
      <failure>
        Asserted in
        http://opencaesar.io/examples/firesat/programs/earth-science/projects/firesat/bundle/classes.
      </failure>
    </testcase>
    <testcase name='http://imce.jpl.nasa.gov/discipline/fse/assemblies#BaseAssembly subclass of http://imce.jpl.nasa.gov/foundation/analysis#AnalyzedElement'>
      <failure>
        Asserted in
        http://opencaesar.io/examples/firesat/programs/earth-science/projects/firesat/bundle/classes.
      </failure>
    </testcase>
    <testcase name='http://imce.jpl.nasa.gov/foundation/analysis#Explanation subclass of http://imce.jpl.nasa.gov/foundation/analysis#AnalyzedElement'>
      <failure>
        Asserted in
        http://opencaesar.io/examples/firesat/programs/earth-science/projects/firesat/bundle/classes.
      </failure>
    </testcase>
    <testcase name='http://imce.jpl.nasa.gov/foundation/analysis#AnalyzedElement subclass of http://imce.jpl.nasa.gov/foundation/analysis#AnalyzedElement'>
      <failure>
        Asserted in
        http://opencaesar.io/examples/firesat/programs/earth-science/projects/firesat/bundle/classes.
      </failure>
    </testcase>
    <testcase name='http://imce.jpl.nasa.gov/foundation/analysis#Assumption subclass of http://imce.jpl.nasa.gov/foundation/analysis#AnalyzedElement'>
      <failure>
        Asserted in
        http://opencaesar.io/examples/firesat/programs/earth-science/projects/firesat/bundle/classes.
      </failure>
    </testcase>
    <testcase name='http://imce.jpl.nasa.gov/foundation/analysis#GlossaryEntry subclass of http://imce.jpl.nasa.gov/foundation/analysis#AnalyzedElement'>
      <failure>
        Asserted in
        http://opencaesar.io/examples/firesat/programs/earth-science/projects/firesat/bundle/classes.
      </failure>
    </testcase>
    <testcase name='http://imce.jpl.nasa.gov/foundation/analysis#Analysis subclass of http://imce.jpl.nasa.gov/foundation/analysis#AnalyzedElement'>
      <failure>
        Asserted in
        http://opencaesar.io/examples/firesat/programs/earth-science/projects/firesat/bundle/classes.
      </failure>
    </testcase>
    <testcase name='http://imce.jpl.nasa.gov/foundation/analysis#DrivingRequirementsAnalysis subclass of http://imce.jpl.nasa.gov/foundation/analysis#AnalyzedElement'>
      <failure>
        Asserted in
        http://opencaesar.io/examples/firesat/programs/earth-science/projects/firesat/bundle/classes.
      </failure>
    </testcase>
    <testcase name='http://imce.jpl.nasa.gov/foundation/analysis#DrivingRequirementsExplanation subclass of http://imce.jpl.nasa.gov/foundation/analysis#AnalyzedElement'>
      <failure>
        Asserted in
        http://opencaesar.io/examples/firesat/programs/earth-science/projects/firesat/bundle/classes.
      </failure>
    </testcase>
    <testcase name='http://imce.jpl.nasa.gov/foundation/analysis#Fact subclass of http://imce.jpl.nasa.gov/foundation/analysis#AnalyzedElement'>
      <failure>
        Asserted in
        http://opencaesar.io/examples/firesat/programs/earth-science/projects/firesat/bundle/classes.
      </failure>
    </testcase>
    <testcase name='http://imce.jpl.nasa.gov/foundation/analysis#KeyRequirementsAnalysis subclass of http://imce.jpl.nasa.gov/foundation/analysis#AnalyzedElement'>
      <failure>
        Asserted in
        http://opencaesar.io/examples/firesat/programs/earth-science/projects/firesat/bundle/classes.
      </failure>
    </testcase>
    <testcase name='http://imce.jpl.nasa.gov/foundation/analysis#KeyRequirementsExplanation subclass of http://imce.jpl.nasa.gov/foundation/analysis#AnalyzedElement'>
      <failure>
        Asserted in
        http://opencaesar.io/examples/firesat/programs/earth-science/projects/firesat/bundle/classes.
      </failure>
    </testcase>
    <testcase name='http://imce.jpl.nasa.gov/foundation/analysis#TradeStudy subclass of http://imce.jpl.nasa.gov/foundation/analysis#AnalyzedElement'>
      <failure>
        Asserted in
        http://opencaesar.io/examples/firesat/programs/earth-science/projects/firesat/bundle/classes.
      </failure>
    </testcase>
    <testcase name='http://iupac.org/metrology#IsQuantityOf subclass of http://imce.jpl.nasa.gov/foundation/analysis#AnalyzedElement'>
      <failure>
        Asserted in
        http://opencaesar.io/examples/firesat/programs/earth-science/projects/firesat/bundle/classes.
      </failure>
    </testcase>
    <testcase name='http://iupac.org/metrology#Quantity subclass of http://imce.jpl.nasa.gov/foundation/analysis#AnalyzedElement'>
      <failure>
        Asserted in
        http://opencaesar.io/examples/firesat/programs/earth-science/projects/firesat/bundle/classes.
      </failure>
    </testcase>
    <testcase name='http://iso.org/80000-5-quantities#celcius-temperature subclass of http://imce.jpl.nasa.gov/foundation/analysis#AnalyzedElement'>
      <failure>
        Asserted in
        http://opencaesar.io/examples/firesat/programs/earth-science/projects/firesat/bundle/classes.
      </failure>
    </testcase>
    <testcase name='http://iso.org/80000-5-quantities#thermodynamic-temperature subclass of http://imce.jpl.nasa.gov/foundation/analysis#AnalyzedElement'>
      <failure>
        Asserted in
        http://opencaesar.io/examples/firesat/programs/earth-science/projects/firesat/bundle/classes.
      </failure>
    </testcase>
    <testcase name='http://iupac.org/metrology#DerivedUnitaryQuantity subclass of http://imce.jpl.nasa.gov/foundation/analysis#AnalyzedElement'>
      <failure>
        Asserted in
        http://opencaesar.io/examples/firesat/programs/earth-science/projects/firesat/bundle/classes.
      </failure>
    </testcase>
    <testcase name='http://iupac.org/metrology#IndependentUnitaryQuantity subclass of http://imce.jpl.nasa.gov/foundation/analysis#AnalyzedElement'>
      <failure>
        Asserted in
        http://opencaesar.io/examples/firesat/programs/earth-science/projects/firesat/bundle/classes.
      </failure>
    </testcase>
    <testcase name='http://iso.org/80000-6-quantities#electric-charge subclass of http://imce.jpl.nasa.gov/foundation/analysis#AnalyzedElement'>
      <failure>
        Asserted in
        http://opencaesar.io/examples/firesat/programs/earth-science/projects/firesat/bundle/classes.
      </failure>
    </testcase>
    <testcase name='http://iso.org/80000-6-quantities#electric-current subclass of http://imce.jpl.nasa.gov/foundation/analysis#AnalyzedElement'>
      <failure>
        Asserted in
        http://opencaesar.io/examples/firesat/programs/earth-science/projects/firesat/bundle/classes.
      </failure>
    </testcase>
    <testcase name='http://iso.org/80000-6-quantities#electric-field-strength subclass of http://imce.jpl.nasa.gov/foundation/analysis#AnalyzedElement'>
      <failure>
        Asserted in
        http://opencaesar.io/examples/firesat/programs/earth-science/projects/firesat/bundle/classes.
      </failure>
    </testcase>
    <testcase name='http://iso.org/80000-6-quantities#electric-potential subclass of http://imce.jpl.nasa.gov/foundation/analysis#AnalyzedElement'>
      <failure>
        Asserted in
        http://opencaesar.io/examples/firesat/programs/earth-science/projects/firesat/bundle/classes.
      </failure>
    </testcase>
    <testcase name='http://iso.org/80000-6-quantities#resistance subclass of http://imce.jpl.nasa.gov/foundation/analysis#AnalyzedElement'>
      <failure>
        Asserted in
        http://opencaesar.io/examples/firesat/programs/earth-science/projects/firesat/bundle/classes.
      </failure>
    </testcase>
    <testcase name='http://imce.jpl.nasa.gov/discipline/fse/fse#Assembly subclass of http://imce.jpl.nasa.gov/foundation/analysis#AnalyzedElement'>
      <failure>
        Asserted in
        http://opencaesar.io/examples/firesat/programs/earth-science/projects/firesat/bundle/classes.
      </failure>
    </testcase>
    <testcase name='http://iso.org/80000-3-quantities#angular-measure subclass of http://imce.jpl.nasa.gov/foundation/analysis#AnalyzedElement'>
      <failure>
        Asserted in
        http://opencaesar.io/examples/firesat/programs/earth-science/projects/firesat/bundle/classes.
      </failure>
    </testcase>
    <testcase name='http://iso.org/80000-3-quantities#arc-length subclass of http://imce.jpl.nasa.gov/foundation/analysis#AnalyzedElement'>
      <failure>
        Asserted in
        http://opencaesar.io/examples/firesat/programs/earth-science/projects/firesat/bundle/classes.
      </failure>
    </testcase>
    <testcase name='http://iso.org/80000-3-quantities#radius subclass of http://imce.jpl.nasa.gov/foundation/analysis#AnalyzedElement'>
      <failure>
        Asserted in
        http://opencaesar.io/examples/firesat/programs/earth-science/projects/firesat/bundle/classes.
      </failure>
    </testcase>
    <testcase name='http://iso.org/80000-3-quantities#frequency subclass of http://imce.jpl.nasa.gov/foundation/analysis#AnalyzedElement'>
      <failure>
        Asserted in
        http://opencaesar.io/examples/firesat/programs/earth-science/projects/firesat/bundle/classes.
      </failure>
    </testcase>
    <testcase name='http://iso.org/80000-3-quantities#period-duration subclass of http://imce.jpl.nasa.gov/foundation/analysis#AnalyzedElement'>
      <failure>
        Asserted in
        http://opencaesar.io/examples/firesat/programs/earth-science/projects/firesat/bundle/classes.
      </failure>
    </testcase>
    <testcase name='http://iso.org/80000-3-quantities#rotation subclass of http://imce.jpl.nasa.gov/foundation/analysis#AnalyzedElement'>
      <failure>
        Asserted in
        http://opencaesar.io/examples/firesat/programs/earth-science/projects/firesat/bundle/classes.
      </failure>
    </testcase>
    <testcase name='http://iso.org/80000-3-quantities#rotational-displacement subclass of http://imce.jpl.nasa.gov/foundation/analysis#AnalyzedElement'>
      <failure>
        Asserted in
        http://opencaesar.io/examples/firesat/programs/earth-science/projects/firesat/bundle/classes.
      </failure>
    </testcase>
    <testcase name='http://iso.org/80000-3-quantities#distance subclass of http://imce.jpl.nasa.gov/foundation/analysis#AnalyzedElement'>
      <failure>
        Asserted in
        http://opencaesar.io/examples/firesat/programs/earth-science/projects/firesat/bundle/classes.
      </failure>
    </testcase>
    <testcase name='http://iso.org/80000-3-quantities#path-length subclass of http://imce.jpl.nasa.gov/foundation/analysis#AnalyzedElement'>
      <failure>
        Asserted in
        http://opencaesar.io/examples/firesat/programs/earth-science/projects/firesat/bundle/classes.
      </failure>
    </testcase>
    <testcase name='http://iso.org/80000-3-quantities#rotational-frequency subclass of http://imce.jpl.nasa.gov/foundation/analysis#AnalyzedElement'>
      <failure>
        Asserted in
        http://opencaesar.io/examples/firesat/programs/earth-science/projects/firesat/bundle/classes.
      </failure>
    </testcase>
    <testcase name='http://iso.org/80000-3-quantities#duration subclass of http://imce.jpl.nasa.gov/foundation/analysis#AnalyzedElement'>
      <failure>
        Asserted in
        http://opencaesar.io/examples/firesat/programs/earth-science/projects/firesat/bundle/classes.
      </failure>
    </testcase>
    <testcase name='http://iso.org/80000-3-quantities#velocity subclass of http://imce.jpl.nasa.gov/foundation/analysis#AnalyzedElement'>
      <failure>
        Asserted in
        http://opencaesar.io/examples/firesat/programs/earth-science/projects/firesat/bundle/classes.
      </failure>
    </testcase>
    <testcase name='http://iso.org/80000-3-quantities#position-vector subclass of http://imce.jpl.nasa.gov/foundation/analysis#AnalyzedElement'>
      <failure>
        Asserted in
        http://opencaesar.io/examples/firesat/programs/earth-science/projects/firesat/bundle/classes.
      </failure>
    </testcase>
    <testcase name='http://iso.org/80000-3-quantities#altitude subclass of http://imce.jpl.nasa.gov/foundation/analysis#AnalyzedElement'>
      <failure>
        Asserted in
        http://opencaesar.io/examples/firesat/programs/earth-science/projects/firesat/bundle/classes.
      </failure>
    </testcase>
    <testcase name='http://iso.org/80000-3-quantities#height subclass of http://imce.jpl.nasa.gov/foundation/analysis#AnalyzedElement'>
      <failure>
        Asserted in
        http://opencaesar.io/examples/firesat/programs/earth-science/projects/firesat/bundle/classes.
      </failure>
    </testcase>
    <testcase name='http://iso.org/80000-3-quantities#breadth subclass of http://imce.jpl.nasa.gov/foundation/analysis#AnalyzedElement'>
      <failure>
        Asserted in
        http://opencaesar.io/examples/firesat/programs/earth-science/projects/firesat/bundle/classes.
      </failure>
    </testcase>
    <testcase name='http://iso.org/80000-3-quantities#width subclass of http://imce.jpl.nasa.gov/foundation/analysis#AnalyzedElement'>
      <failure>
        Asserted in
        http://opencaesar.io/examples/firesat/programs/earth-science/projects/firesat/bundle/classes.
      </failure>
    </testcase>
    <testcase name='http://iso.org/80000-3-quantities#depth subclass of http://imce.jpl.nasa.gov/foundation/analysis#AnalyzedElement'>
      <failure>
        Asserted in
        http://opencaesar.io/examples/firesat/programs/earth-science/projects/firesat/bundle/classes.
      </failure>
    </testcase>
    <testcase name='http://iso.org/80000-3-quantities#diameter subclass of http://imce.jpl.nasa.gov/foundation/analysis#AnalyzedElement'>
      <failure>
        Asserted in
        http://opencaesar.io/examples/firesat/programs/earth-science/projects/firesat/bundle/classes.
      </failure>
    </testcase>
    <testcase name='http://iso.org/80000-3-quantities#length subclass of http://imce.jpl.nasa.gov/foundation/analysis#AnalyzedElement'>
      <failure>
        Asserted in
        http://opencaesar.io/examples/firesat/programs/earth-science/projects/firesat/bundle/classes.
      </failure>
    </testcase>
    <testcase name='http://iso.org/80000-3-quantities#displacement subclass of http://imce.jpl.nasa.gov/foundation/analysis#AnalyzedElement'>
      <failure>
        Asserted in
        http://opencaesar.io/examples/firesat/programs/earth-science/projects/firesat/bundle/classes.
      </failure>
    </testcase>
    <testcase name='http://iso.org/80000-3-quantities#radial-distance subclass of http://imce.jpl.nasa.gov/foundation/analysis#AnalyzedElement'>
      <failure>
        Asserted in
        http://opencaesar.io/examples/firesat/programs/earth-science/projects/firesat/bundle/classes.
      </failure>
    </testcase>
    <testcase name='http://iso.org/80000-3-quantities#radius-of-curvature subclass of http://imce.jpl.nasa.gov/foundation/analysis#AnalyzedElement'>
      <failure>
        Asserted in
        http://opencaesar.io/examples/firesat/programs/earth-science/projects/firesat/bundle/classes.
      </failure>
    </testcase>
    <testcase name='http://iso.org/80000-3-quantities#thickness subclass of http://imce.jpl.nasa.gov/foundation/analysis#AnalyzedElement'>
      <failure>
        Asserted in
        http://opencaesar.io/examples/firesat/programs/earth-science/projects/firesat/bundle/classes.
      </failure>
    </testcase>
    <testcase name='http://imce.jpl.nasa.gov/discipline/fse/fse#FlightHardwareComponent subclass of http://imce.jpl.nasa.gov/foundation/analysis#AnalyzedElement'>
      <failure>
        Asserted in
        http://opencaesar.io/examples/firesat/programs/earth-science/projects/firesat/bundle/classes.
      </failure>
    </testcase>
    <testcase name='http://iso.org/80000-4-quantities#momentum subclass of http://imce.jpl.nasa.gov/foundation/analysis#AnalyzedElement'>
      <failure>
        Asserted in
        http://opencaesar.io/examples/firesat/programs/earth-science/projects/firesat/bundle/classes.
      </failure>
    </testcase>
    <testcase name='http://imce.jpl.nasa.gov/discipline/fse/fse#ConnectsAssembly2 subclass of http://imce.jpl.nasa.gov/foundation/analysis#AnalyzedElement'>
      <failure>
        Asserted in
        http://opencaesar.io/examples/firesat/programs/earth-science/projects/firesat/bundle/classes.
      </failure>
    </testcase>
    <testcase name='http://imce.jpl.nasa.gov/discipline/fse/fse#Function subclass of http://imce.jpl.nasa.gov/foundation/analysis#AnalyzedElement'>
      <failure>
        Asserted in
        http://opencaesar.io/examples/firesat/programs/earth-science/projects/firesat/bundle/classes.
      </failure>
    </testcase>
    <testcase name='http://iso.org/80000-4-quantities#impulse subclass of http://imce.jpl.nasa.gov/foundation/analysis#AnalyzedElement'>
      <failure>
        Asserted in
        http://opencaesar.io/examples/firesat/programs/earth-science/projects/firesat/bundle/classes.
      </failure>
    </testcase>
    <testcase name='http://iupac.org/metrology#UnitaryQuantity subclass of http://imce.jpl.nasa.gov/foundation/analysis#AnalyzedElement'>
      <failure>
        Asserted in
        http://opencaesar.io/examples/firesat/programs/earth-science/projects/firesat/bundle/classes.
      </failure>
    </testcase>
    <testcase name='http://imce.jpl.nasa.gov/foundation/project#Process subclass of http://imce.jpl.nasa.gov/foundation/analysis#AnalyzedElement'>
      <failure>
        Asserted in
        http://opencaesar.io/examples/firesat/programs/earth-science/projects/firesat/bundle/classes.
      </failure>
    </testcase>
    <testcase name='http://iupac.org/metrology#OrdinalQuantity subclass of http://imce.jpl.nasa.gov/foundation/analysis#AnalyzedElement'>
      <failure>
        Asserted in
        http://opencaesar.io/examples/firesat/programs/earth-science/projects/firesat/bundle/classes.
      </failure>
    </testcase>
    <testcase name='http://imce.jpl.nasa.gov/foundation/project#Facility subclass of http://imce.jpl.nasa.gov/foundation/analysis#AnalyzedElement'>
      <failure>
        Asserted in
        http://opencaesar.io/examples/firesat/programs/earth-science/projects/firesat/bundle/classes.
      </failure>
    </testcase>
    <testcase name='http://imce.jpl.nasa.gov/foundation/project#Involves1 subclass of http://imce.jpl.nasa.gov/foundation/analysis#AnalyzedElement'>
      <failure>
        Asserted in
        http://opencaesar.io/examples/firesat/programs/earth-science/projects/firesat/bundle/classes.
      </failure>
    </testcase>
    <testcase name='http://imce.jpl.nasa.gov/foundation/project#Project subclass of http://imce.jpl.nasa.gov/foundation/analysis#AnalyzedElement'>
      <failure>
        Asserted in
        http://opencaesar.io/examples/firesat/programs/earth-science/projects/firesat/bundle/classes.
      </failure>
    </testcase>
    <testcase name='http://imce.jpl.nasa.gov/foundation/project#Authority subclass of http://imce.jpl.nasa.gov/foundation/analysis#AnalyzedElement'>
      <failure>
        Asserted in
        http://opencaesar.io/examples/firesat/programs/earth-science/projects/firesat/bundle/classes.
      </failure>
    </testcase>
    <testcase name='http://iso.org/80000-4-quantities#power subclass of http://imce.jpl.nasa.gov/foundation/analysis#AnalyzedElement'>
      <failure>
        Asserted in
        http://opencaesar.io/examples/firesat/programs/earth-science/projects/firesat/bundle/classes.
      </failure>
    </testcase>
    <testcase name='http://imce.jpl.nasa.gov/discipline/fse/functions#BaseFunction subclass of http://imce.jpl.nasa.gov/foundation/analysis#AnalyzedElement'>
      <failure>
        Asserted in
        http://opencaesar.io/examples/firesat/programs/earth-science/projects/firesat/bundle/classes.
      </failure>
    </testcase>
    <testcase name='http://imce.jpl.nasa.gov/foundation/project#Role subclass of http://imce.jpl.nasa.gov/foundation/analysis#AnalyzedElement'>
      <failure>
        Asserted in
        http://opencaesar.io/examples/firesat/programs/earth-science/projects/firesat/bundle/classes.
      </failure>
    </testcase>
    <testcase name='http://imce.jpl.nasa.gov/foundation/project#Program subclass of http://imce.jpl.nasa.gov/foundation/analysis#AnalyzedElement'>
      <failure>
        Asserted in
        http://opencaesar.io/examples/firesat/programs/earth-science/projects/firesat/bundle/classes.
      </failure>
    </testcase>
    <testcase name='http://imce.jpl.nasa.gov/foundation/mission#Joins2 subclass of http://imce.jpl.nasa.gov/foundation/analysis#AnalyzedElement'>
      <failure>
        Asserted in
        http://opencaesar.io/examples/firesat/programs/earth-science/projects/firesat/bundle/classes.
      </failure>
    </testcase>
    <testcase name='http://imce.jpl.nasa.gov/discipline/fse/functions#Power subclass of http://imce.jpl.nasa.gov/foundation/analysis#AnalyzedElement'>
      <failure>
        Asserted in
        http://opencaesar.io/examples/firesat/programs/earth-science/projects/firesat/bundle/classes.
      </failure>
    </testcase>
    <testcase name='http://imce.jpl.nasa.gov/foundation/mission#Involves2 subclass of http://imce.jpl.nasa.gov/foundation/analysis#AnalyzedElement'>
      <failure>
        Asserted in
        http://opencaesar.io/examples/firesat/programs/earth-science/projects/firesat/bundle/classes.
      </failure>
    </testcase>
    <testcase name='http://imce.jpl.nasa.gov/foundation/project#Concern subclass of http://imce.jpl.nasa.gov/foundation/analysis#AnalyzedElement'>
      <failure>
        Asserted in
        http://opencaesar.io/examples/firesat/programs/earth-science/projects/firesat/bundle/classes.
      </failure>
    </testcase>
    <testcase name='http://imce.jpl.nasa.gov/foundation/project#InterchangePoint subclass of http://imce.jpl.nasa.gov/foundation/analysis#AnalyzedElement'>
      <failure>
        Asserted in
        http://opencaesar.io/examples/firesat/programs/earth-science/projects/firesat/bundle/classes.
      </failure>
    </testcase>
    <testcase name='http://iso.org/80000-4-quantities#force subclass of http://imce.jpl.nasa.gov/foundation/analysis#AnalyzedElement'>
      <failure>
        Asserted in
        http://opencaesar.io/examples/firesat/programs/earth-science/projects/firesat/bundle/classes.
      </failure>
    </testcase>
    <testcase name='http://imce.jpl.nasa.gov/discipline/fse/fse#ConnectsAssembly1 subclass of http://imce.jpl.nasa.gov/foundation/analysis#AnalyzedElement'>
      <failure>
        Asserted in
        http://opencaesar.io/examples/firesat/programs/earth-science/projects/firesat/bundle/classes.
      </failure>
    </testcase>
    <testcase name='http://imce.jpl.nasa.gov/foundation/project#Executes subclass of http://imce.jpl.nasa.gov/foundation/analysis#AnalyzedElement'>
      <failure>
        Asserted in
        http://opencaesar.io/examples/firesat/programs/earth-science/projects/firesat/bundle/classes.
      </failure>
    </testcase>
    <testcase name='http://imce.jpl.nasa.gov/discipline/fse/fse#MGAMass subclass of http://imce.jpl.nasa.gov/foundation/analysis#AnalyzedElement'>
      <failure>
        Asserted in
        http://opencaesar.io/examples/firesat/programs/earth-science/projects/firesat/bundle/classes.
      </failure>
    </testcase>
    <testcase name='http://imce.jpl.nasa.gov/foundation/project#WorkPackage subclass of http://imce.jpl.nasa.gov/foundation/analysis#AnalyzedElement'>
      <failure>
        Asserted in
        http://opencaesar.io/examples/firesat/programs/earth-science/projects/firesat/bundle/classes.
      </failure>
    </testcase>
    <testcase name='http://imce.jpl.nasa.gov/discipline/fse/fse#MEVMass subclass of http://imce.jpl.nasa.gov/foundation/analysis#AnalyzedElement'>
      <failure>
        Asserted in
        http://opencaesar.io/examples/firesat/programs/earth-science/projects/firesat/bundle/classes.
      </failure>
    </testcase>
    <testcase name='http://imce.jpl.nasa.gov/foundation/mission#Message subclass of http://imce.jpl.nasa.gov/foundation/analysis#AnalyzedElement'>
      <failure>
        Asserted in
        http://opencaesar.io/examples/firesat/programs/earth-science/projects/firesat/bundle/classes.
      </failure>
    </testcase>
    <testcase name='http://imce.jpl.nasa.gov/foundation/project#DevelopmentState subclass of http://imce.jpl.nasa.gov/foundation/analysis#AnalyzedElement'>
      <failure>
        Asserted in
        http://opencaesar.io/examples/firesat/programs/earth-science/projects/firesat/bundle/classes.
      </failure>
    </testcase>
    <testcase name='http://imce.jpl.nasa.gov/foundation/project#Deliverable subclass of http://imce.jpl.nasa.gov/foundation/analysis#AnalyzedElement'>
      <failure>
        Asserted in
        http://opencaesar.io/examples/firesat/programs/earth-science/projects/firesat/bundle/classes.
      </failure>
    </testcase>
    <testcase name='http://imce.jpl.nasa.gov/discipline/fse/fse#MassAllocation subclass of http://imce.jpl.nasa.gov/foundation/analysis#AnalyzedElement'>
      <failure>
        Asserted in
        http://opencaesar.io/examples/firesat/programs/earth-science/projects/firesat/bundle/classes.
      </failure>
    </testcase>
    <testcase name='http://imce.jpl.nasa.gov/discipline/fse/fse#MassEstimate subclass of http://imce.jpl.nasa.gov/foundation/analysis#AnalyzedElement'>
      <failure>
        Asserted in
        http://opencaesar.io/examples/firesat/programs/earth-science/projects/firesat/bundle/classes.
      </failure>
    </testcase>
    <testcase name='http://imce.jpl.nasa.gov/foundation/project#Person subclass of http://imce.jpl.nasa.gov/foundation/analysis#AnalyzedElement'>
      <failure>
        Asserted in
        http://opencaesar.io/examples/firesat/programs/earth-science/projects/firesat/bundle/classes.
      </failure>
    </testcase>
    <testcase name='http://imce.jpl.nasa.gov/foundation/project#Stakeholder subclass of http://imce.jpl.nasa.gov/foundation/analysis#AnalyzedElement'>
      <failure>
        Asserted in
        http://opencaesar.io/examples/firesat/programs/earth-science/projects/firesat/bundle/classes.
      </failure>
    </testcase>
    <testcase name='http://imce.jpl.nasa.gov/foundation/mission#Joins1 subclass of http://imce.jpl.nasa.gov/foundation/analysis#AnalyzedElement'>
      <failure>
        Asserted in
        http://opencaesar.io/examples/firesat/programs/earth-science/projects/firesat/bundle/classes.
      </failure>
    </testcase>
    <testcase name='http://imce.jpl.nasa.gov/foundation/mission#Involves1 subclass of http://imce.jpl.nasa.gov/foundation/analysis#AnalyzedElement'>
      <failure>
        Asserted in
        http://opencaesar.io/examples/firesat/programs/earth-science/projects/firesat/bundle/classes.
      </failure>
    </testcase>
    <testcase name='http://imce.jpl.nasa.gov/foundation/project#Involves2 subclass of http://imce.jpl.nasa.gov/foundation/analysis#AnalyzedElement'>
      <failure>
        Asserted in
        http://opencaesar.io/examples/firesat/programs/earth-science/projects/firesat/bundle/classes.
      </failure>
    </testcase>
    <testcase name='http://imce.jpl.nasa.gov/foundation/project#Product subclass of http://imce.jpl.nasa.gov/foundation/analysis#AnalyzedElement'>
      <failure>
        Asserted in
        http://opencaesar.io/examples/firesat/programs/earth-science/projects/firesat/bundle/classes.
      </failure>
    </testcase>
    <testcase name='http://imce.jpl.nasa.gov/foundation/mission#MaterialItem subclass of http://imce.jpl.nasa.gov/foundation/analysis#AnalyzedElement'>
      <failure>
        Asserted in
        http://opencaesar.io/examples/firesat/programs/earth-science/projects/firesat/bundle/classes.
      </failure>
    </testcase>
    <testcase name='http://imce.jpl.nasa.gov/discipline/fse/fse#ReferenceDesignatedElement subclass of http://imce.jpl.nasa.gov/foundation/analysis#AnalyzedElement'>
      <failure>
        Asserted in
        http://opencaesar.io/examples/firesat/programs/earth-science/projects/firesat/bundle/classes.
      </failure>
    </testcase>
    <testcase name='http://iso.org/80000-4-quantities#mass subclass of http://imce.jpl.nasa.gov/foundation/analysis#AnalyzedElement'>
      <failure>
        Asserted in
        http://opencaesar.io/examples/firesat/programs/earth-science/projects/firesat/bundle/classes.
      </failure>
    </testcase>
    <testcase name='http://imce.jpl.nasa.gov/discipline/fse/fse#EndCircuitPresentingElement subclass of http://imce.jpl.nasa.gov/foundation/analysis#AnalyzedElement'>
      <failure>
        Asserted in
        http://opencaesar.io/examples/firesat/programs/earth-science/projects/firesat/bundle/classes.
      </failure>
    </testcase>
    <testcase name='http://imce.jpl.nasa.gov/foundation/project#Interchange subclass of http://imce.jpl.nasa.gov/foundation/analysis#AnalyzedElement'>
      <failure>
        Asserted in
        http://opencaesar.io/examples/firesat/programs/earth-science/projects/firesat/bundle/classes.
      </failure>
    </testcase>
    <testcase name='http://imce.jpl.nasa.gov/discipline/fse/fse#ConnectsAssembly subclass of http://imce.jpl.nasa.gov/foundation/analysis#CharacterizedElement'>
      <failure>
        Asserted in http://imce.jpl.nasa.gov/discipline/fse/fse,
        http://opencaesar.io/examples/firesat/programs/earth-science/projects/firesat/bundle/classes.
      </failure>
    </testcase>
    <testcase name='http://imce.jpl.nasa.gov/foundation/mission#Function subclass of http://imce.jpl.nasa.gov/foundation/analysis#CharacterizedElement'>
      <failure>
        Asserted in http://imce.jpl.nasa.gov/foundation/analysis,
        http://opencaesar.io/examples/firesat/programs/earth-science/projects/firesat/bundle/classes.
      </failure>
    </testcase>
    <testcase name='http://imce.jpl.nasa.gov/foundation/mission#Performs subclass of http://imce.jpl.nasa.gov/foundation/analysis#CharacterizedElement'>
      <failure>
        Asserted in http://imce.jpl.nasa.gov/foundation/analysis,
        http://opencaesar.io/examples/firesat/programs/earth-science/projects/firesat/bundle/classes.
      </failure>
    </testcase>
    <testcase name='http://imce.jpl.nasa.gov/foundation/mission#Requirement subclass of http://imce.jpl.nasa.gov/foundation/analysis#CharacterizedElement'>
      <failure>
        Asserted in http://imce.jpl.nasa.gov/foundation/analysis,
        http://opencaesar.io/examples/firesat/programs/earth-science/projects/firesat/bundle/classes.
      </failure>
    </testcase>
    <testcase name='http://imce.jpl.nasa.gov/foundation/base#AggregatedElement subclass of http://imce.jpl.nasa.gov/foundation/analysis#CharacterizedElement'>
      <failure>
        Asserted in http://imce.jpl.nasa.gov/foundation/analysis,
        http://opencaesar.io/examples/firesat/programs/earth-science/projects/firesat/bundle/classes.
      </failure>
    </testcase>
    <testcase name='http://imce.jpl.nasa.gov/foundation/base#Container subclass of http://imce.jpl.nasa.gov/foundation/analysis#CharacterizedElement'>
      <failure>
        Asserted in http://imce.jpl.nasa.gov/foundation/analysis,
        http://opencaesar.io/examples/firesat/programs/earth-science/projects/firesat/bundle/classes.
      </failure>
    </testcase>
    <testcase name='http://imce.jpl.nasa.gov/foundation/base#ContainedElement subclass of http://imce.jpl.nasa.gov/foundation/analysis#CharacterizedElement'>
      <failure>
        Asserted in http://imce.jpl.nasa.gov/foundation/analysis,
        http://opencaesar.io/examples/firesat/programs/earth-science/projects/firesat/bundle/classes.
      </failure>
    </testcase>
    <testcase name='http://imce.jpl.nasa.gov/foundation/base#Aggregates subclass of http://imce.jpl.nasa.gov/foundation/analysis#CharacterizedElement'>
      <failure>
        Asserted in http://imce.jpl.nasa.gov/foundation/analysis,
        http://opencaesar.io/examples/firesat/programs/earth-science/projects/firesat/bundle/classes.
      </failure>
    </testcase>
    <testcase name='http://imce.jpl.nasa.gov/foundation/base#Contains subclass of http://imce.jpl.nasa.gov/foundation/analysis#CharacterizedElement'>
      <failure>
        Asserted in http://imce.jpl.nasa.gov/foundation/analysis,
        http://opencaesar.io/examples/firesat/programs/earth-science/projects/firesat/bundle/classes.
      </failure>
    </testcase>
    <testcase name='http://imce.jpl.nasa.gov/foundation/base#IdentifiedElement subclass of http://imce.jpl.nasa.gov/foundation/analysis#CharacterizedElement'>
      <failure>
        Asserted in http://imce.jpl.nasa.gov/foundation/analysis,
        http://opencaesar.io/examples/firesat/programs/earth-science/projects/firesat/bundle/classes.
      </failure>
    </testcase>
    <testcase name='http://imce.jpl.nasa.gov/foundation/base#Package subclass of http://imce.jpl.nasa.gov/foundation/analysis#CharacterizedElement'>
      <failure>
        Asserted in http://imce.jpl.nasa.gov/foundation/analysis,
        http://opencaesar.io/examples/firesat/programs/earth-science/projects/firesat/bundle/classes.
      </failure>
    </testcase>
    <testcase name='http://imce.jpl.nasa.gov/foundation/analysis#Characterization subclass of http://imce.jpl.nasa.gov/foundation/analysis#CharacterizedElement'>
      <failure>
        Asserted in http://imce.jpl.nasa.gov/foundation/analysis,
        http://opencaesar.io/examples/firesat/programs/earth-science/projects/firesat/bundle/classes.
      </failure>
    </testcase>
    <testcase name='http://imce.jpl.nasa.gov/foundation/analysis#Constraint subclass of http://imce.jpl.nasa.gov/foundation/analysis#CharacterizedElement'>
      <failure>
        Asserted in http://imce.jpl.nasa.gov/foundation/analysis,
        http://opencaesar.io/examples/firesat/programs/earth-science/projects/firesat/bundle/classes.
      </failure>
    </testcase>
    <testcase name='http://imce.jpl.nasa.gov/foundation/analysis#ConstrainedElement subclass of http://imce.jpl.nasa.gov/foundation/analysis#CharacterizedElement'>
      <failure>
        Asserted in http://imce.jpl.nasa.gov/foundation/analysis,
        http://opencaesar.io/examples/firesat/programs/earth-science/projects/firesat/bundle/classes.
      </failure>
    </testcase>
    <testcase name='http://imce.jpl.nasa.gov/foundation/analysis#Analyzes subclass of http://imce.jpl.nasa.gov/foundation/analysis#CharacterizedElement'>
      <failure>
        Asserted in http://imce.jpl.nasa.gov/foundation/analysis,
        http://opencaesar.io/examples/firesat/programs/earth-science/projects/firesat/bundle/classes.
      </failure>
    </testcase>
    <testcase name='http://imce.jpl.nasa.gov/foundation/analysis#Characterizes subclass of http://imce.jpl.nasa.gov/foundation/analysis#CharacterizedElement'>
      <failure>
        Asserted in http://imce.jpl.nasa.gov/foundation/analysis,
        http://opencaesar.io/examples/firesat/programs/earth-science/projects/firesat/bundle/classes.
      </failure>
    </testcase>
    <testcase name='http://imce.jpl.nasa.gov/foundation/analysis#Constrains subclass of http://imce.jpl.nasa.gov/foundation/analysis#CharacterizedElement'>
      <failure>
        Asserted in http://imce.jpl.nasa.gov/foundation/analysis,
        http://opencaesar.io/examples/firesat/programs/earth-science/projects/firesat/bundle/classes.
      </failure>
    </testcase>
    <testcase name='http://imce.jpl.nasa.gov/foundation/analysis#Explains subclass of http://imce.jpl.nasa.gov/foundation/analysis#CharacterizedElement'>
      <failure>
        Asserted in http://imce.jpl.nasa.gov/foundation/analysis,
        http://opencaesar.io/examples/firesat/programs/earth-science/projects/firesat/bundle/classes.
      </failure>
    </testcase>
    <testcase name='http://imce.jpl.nasa.gov/foundation/analysis#Limits subclass of http://imce.jpl.nasa.gov/foundation/analysis#CharacterizedElement'>
      <failure>
        Asserted in http://imce.jpl.nasa.gov/foundation/analysis,
        http://opencaesar.io/examples/firesat/programs/earth-science/projects/firesat/bundle/classes.
      </failure>
    </testcase>
    <testcase name='http://imce.jpl.nasa.gov/foundation/analysis#Validates subclass of http://imce.jpl.nasa.gov/foundation/analysis#CharacterizedElement'>
      <failure>
        Asserted in http://imce.jpl.nasa.gov/foundation/analysis,
        http://opencaesar.io/examples/firesat/programs/earth-science/projects/firesat/bundle/classes.
      </failure>
    </testcase>
    <testcase name='http://imce.jpl.nasa.gov/foundation/mission#SpecifiedElement subclass of http://imce.jpl.nasa.gov/foundation/analysis#CharacterizedElement'>
      <failure>
        Asserted in http://imce.jpl.nasa.gov/foundation/analysis,
        http://opencaesar.io/examples/firesat/programs/earth-science/projects/firesat/bundle/classes.
      </failure>
    </testcase>
    <testcase name='http://imce.jpl.nasa.gov/foundation/analysis#Criterion subclass of http://imce.jpl.nasa.gov/foundation/analysis#CharacterizedElement'>
      <failure>
        Asserted in http://imce.jpl.nasa.gov/foundation/analysis,
        http://opencaesar.io/examples/firesat/programs/earth-science/projects/firesat/bundle/classes.
      </failure>
    </testcase>
    <testcase name='http://imce.jpl.nasa.gov/foundation/mission#Component subclass of http://imce.jpl.nasa.gov/foundation/analysis#CharacterizedElement'>
      <failure>
        Asserted in http://imce.jpl.nasa.gov/foundation/analysis,
        http://opencaesar.io/examples/firesat/programs/earth-science/projects/firesat/bundle/classes.
      </failure>
    </testcase>
    <testcase name='http://imce.jpl.nasa.gov/foundation/mission#Deploys subclass of http://imce.jpl.nasa.gov/foundation/analysis#CharacterizedElement'>
      <failure>
        Asserted in http://imce.jpl.nasa.gov/foundation/analysis,
        http://opencaesar.io/examples/firesat/programs/earth-science/projects/firesat/bundle/classes.
      </failure>
    </testcase>
    <testcase name='http://imce.jpl.nasa.gov/foundation/mission#Emits subclass of http://imce.jpl.nasa.gov/foundation/analysis#CharacterizedElement'>
      <failure>
        Asserted in http://imce.jpl.nasa.gov/foundation/analysis,
        http://opencaesar.io/examples/firesat/programs/earth-science/projects/firesat/bundle/classes.
      </failure>
    </testcase>
    <testcase name='http://imce.jpl.nasa.gov/foundation/mission#Environment subclass of http://imce.jpl.nasa.gov/foundation/analysis#CharacterizedElement'>
      <failure>
        Asserted in http://imce.jpl.nasa.gov/foundation/analysis,
        http://opencaesar.io/examples/firesat/programs/earth-science/projects/firesat/bundle/classes.
      </failure>
    </testcase>
    <testcase name='http://imce.jpl.nasa.gov/foundation/mission#Flow subclass of http://imce.jpl.nasa.gov/foundation/analysis#CharacterizedElement'>
      <failure>
        Asserted in http://imce.jpl.nasa.gov/foundation/analysis,
        http://opencaesar.io/examples/firesat/programs/earth-science/projects/firesat/bundle/classes.
      </failure>
    </testcase>
    <testcase name='http://imce.jpl.nasa.gov/foundation/mission#HasParticipant subclass of http://imce.jpl.nasa.gov/foundation/analysis#CharacterizedElement'>
      <failure>
        Asserted in http://imce.jpl.nasa.gov/foundation/analysis,
        http://opencaesar.io/examples/firesat/programs/earth-science/projects/firesat/bundle/classes.
      </failure>
    </testcase>
    <testcase name='http://imce.jpl.nasa.gov/foundation/mission#Induces subclass of http://imce.jpl.nasa.gov/foundation/analysis#CharacterizedElement'>
      <failure>
        Asserted in http://imce.jpl.nasa.gov/foundation/analysis,
        http://opencaesar.io/examples/firesat/programs/earth-science/projects/firesat/bundle/classes.
      </failure>
    </testcase>
    <testcase name='http://imce.jpl.nasa.gov/foundation/mission#Influences subclass of http://imce.jpl.nasa.gov/foundation/analysis#CharacterizedElement'>
      <failure>
        Asserted in http://imce.jpl.nasa.gov/foundation/analysis,
        http://opencaesar.io/examples/firesat/programs/earth-science/projects/firesat/bundle/classes.
      </failure>
    </testcase>
    <testcase name='http://imce.jpl.nasa.gov/foundation/mission#Ingests subclass of http://imce.jpl.nasa.gov/foundation/analysis#CharacterizedElement'>
      <failure>
        Asserted in http://imce.jpl.nasa.gov/foundation/analysis,
        http://opencaesar.io/examples/firesat/programs/earth-science/projects/firesat/bundle/classes.
      </failure>
    </testcase>
    <testcase name='http://imce.jpl.nasa.gov/foundation/mission#Interchange subclass of http://imce.jpl.nasa.gov/foundation/analysis#CharacterizedElement'>
      <failure>
        Asserted in http://imce.jpl.nasa.gov/foundation/analysis,
        http://opencaesar.io/examples/firesat/programs/earth-science/projects/firesat/bundle/classes.
      </failure>
    </testcase>
    <testcase name='http://imce.jpl.nasa.gov/foundation/mission#InterchangePoint subclass of http://imce.jpl.nasa.gov/foundation/analysis#CharacterizedElement'>
      <failure>
        Asserted in http://imce.jpl.nasa.gov/foundation/analysis,
        http://opencaesar.io/examples/firesat/programs/earth-science/projects/firesat/bundle/classes.
      </failure>
    </testcase>
    <testcase name='http://imce.jpl.nasa.gov/foundation/mission#InterchangesThrough subclass of http://imce.jpl.nasa.gov/foundation/analysis#CharacterizedElement'>
      <failure>
        Asserted in http://imce.jpl.nasa.gov/foundation/analysis,
        http://opencaesar.io/examples/firesat/programs/earth-science/projects/firesat/bundle/classes.
      </failure>
    </testcase>
    <testcase name='http://imce.jpl.nasa.gov/foundation/mission#Interface subclass of http://imce.jpl.nasa.gov/foundation/analysis#CharacterizedElement'>
      <failure>
        Asserted in http://imce.jpl.nasa.gov/foundation/analysis,
        http://opencaesar.io/examples/firesat/programs/earth-science/projects/firesat/bundle/classes.
      </failure>
    </testcase>
    <testcase name='http://imce.jpl.nasa.gov/foundation/mission#Invokes subclass of http://imce.jpl.nasa.gov/foundation/analysis#CharacterizedElement'>
      <failure>
        Asserted in http://imce.jpl.nasa.gov/foundation/analysis,
        http://opencaesar.io/examples/firesat/programs/earth-science/projects/firesat/bundle/classes.
      </failure>
    </testcase>
    <testcase name='http://imce.jpl.nasa.gov/foundation/mission#Involves subclass of http://imce.jpl.nasa.gov/foundation/analysis#CharacterizedElement'>
      <failure>
        Asserted in http://imce.jpl.nasa.gov/foundation/analysis,
        http://opencaesar.io/examples/firesat/programs/earth-science/projects/firesat/bundle/classes.
      </failure>
    </testcase>
    <testcase name='http://imce.jpl.nasa.gov/foundation/mission#IsTraversedBy subclass of http://imce.jpl.nasa.gov/foundation/analysis#CharacterizedElement'>
      <failure>
        Asserted in http://imce.jpl.nasa.gov/foundation/analysis,
        http://opencaesar.io/examples/firesat/programs/earth-science/projects/firesat/bundle/classes.
      </failure>
    </testcase>
    <testcase name='http://imce.jpl.nasa.gov/foundation/mission#Item subclass of http://imce.jpl.nasa.gov/foundation/analysis#CharacterizedElement'>
      <failure>
        Asserted in http://imce.jpl.nasa.gov/foundation/analysis,
        http://opencaesar.io/examples/firesat/programs/earth-science/projects/firesat/bundle/classes.
      </failure>
    </testcase>
    <testcase name='http://imce.jpl.nasa.gov/foundation/mission#Joins subclass of http://imce.jpl.nasa.gov/foundation/analysis#CharacterizedElement'>
      <failure>
        Asserted in http://imce.jpl.nasa.gov/foundation/analysis,
        http://opencaesar.io/examples/firesat/programs/earth-science/projects/firesat/bundle/classes.
      </failure>
    </testcase>
    <testcase name='http://imce.jpl.nasa.gov/foundation/mission#Junction subclass of http://imce.jpl.nasa.gov/foundation/analysis#CharacterizedElement'>
      <failure>
        Asserted in http://imce.jpl.nasa.gov/foundation/analysis,
        http://opencaesar.io/examples/firesat/programs/earth-science/projects/firesat/bundle/classes.
      </failure>
    </testcase>
    <testcase name='http://imce.jpl.nasa.gov/foundation/mission#Mission subclass of http://imce.jpl.nasa.gov/foundation/analysis#CharacterizedElement'>
      <failure>
        Asserted in http://imce.jpl.nasa.gov/foundation/analysis,
        http://opencaesar.io/examples/firesat/programs/earth-science/projects/firesat/bundle/classes.
      </failure>
    </testcase>
    <testcase name='http://imce.jpl.nasa.gov/foundation/mission#Objective subclass of http://imce.jpl.nasa.gov/foundation/analysis#CharacterizedElement'>
      <failure>
        Asserted in http://imce.jpl.nasa.gov/foundation/analysis,
        http://opencaesar.io/examples/firesat/programs/earth-science/projects/firesat/bundle/classes.
      </failure>
    </testcase>
    <testcase name='http://imce.jpl.nasa.gov/foundation/mission#PerformingElement subclass of http://imce.jpl.nasa.gov/foundation/analysis#CharacterizedElement'>
      <failure>
        Asserted in http://imce.jpl.nasa.gov/foundation/analysis,
        http://opencaesar.io/examples/firesat/programs/earth-science/projects/firesat/bundle/classes.
      </failure>
    </testcase>
    <testcase name='http://imce.jpl.nasa.gov/foundation/mission#PresentingElement subclass of http://imce.jpl.nasa.gov/foundation/analysis#CharacterizedElement'>
      <failure>
        Asserted in http://imce.jpl.nasa.gov/foundation/analysis,
        http://opencaesar.io/examples/firesat/programs/earth-science/projects/firesat/bundle/classes.
      </failure>
    </testcase>
    <testcase name='http://imce.jpl.nasa.gov/foundation/mission#Presents subclass of http://imce.jpl.nasa.gov/foundation/analysis#CharacterizedElement'>
      <failure>
        Asserted in http://imce.jpl.nasa.gov/foundation/analysis,
        http://opencaesar.io/examples/firesat/programs/earth-science/projects/firesat/bundle/classes.
      </failure>
    </testcase>
    <testcase name='http://imce.jpl.nasa.gov/foundation/mission#Produces subclass of http://imce.jpl.nasa.gov/foundation/analysis#CharacterizedElement'>
      <failure>
        Asserted in http://imce.jpl.nasa.gov/foundation/analysis,
        http://opencaesar.io/examples/firesat/programs/earth-science/projects/firesat/bundle/classes.
      </failure>
    </testcase>
    <testcase name='http://imce.jpl.nasa.gov/foundation/mission#Product subclass of http://imce.jpl.nasa.gov/foundation/analysis#CharacterizedElement'>
      <failure>
        Asserted in http://imce.jpl.nasa.gov/foundation/analysis,
        http://opencaesar.io/examples/firesat/programs/earth-science/projects/firesat/bundle/classes.
      </failure>
    </testcase>
    <testcase name='http://imce.jpl.nasa.gov/foundation/mission#Pursues subclass of http://imce.jpl.nasa.gov/foundation/analysis#CharacterizedElement'>
      <failure>
        Asserted in http://imce.jpl.nasa.gov/foundation/analysis,
        http://opencaesar.io/examples/firesat/programs/earth-science/projects/firesat/bundle/classes.
      </failure>
    </testcase>
    <testcase name='http://imce.jpl.nasa.gov/foundation/mission#Receives subclass of http://imce.jpl.nasa.gov/foundation/analysis#CharacterizedElement'>
      <failure>
        Asserted in http://imce.jpl.nasa.gov/foundation/analysis,
        http://opencaesar.io/examples/firesat/programs/earth-science/projects/firesat/bundle/classes.
      </failure>
    </testcase>
    <testcase name='http://imce.jpl.nasa.gov/foundation/mission#Refines subclass of http://imce.jpl.nasa.gov/foundation/analysis#CharacterizedElement'>
      <failure>
        Asserted in http://imce.jpl.nasa.gov/foundation/analysis,
        http://opencaesar.io/examples/firesat/programs/earth-science/projects/firesat/bundle/classes.
      </failure>
    </testcase>
    <testcase name='http://imce.jpl.nasa.gov/foundation/mission#Sends subclass of http://imce.jpl.nasa.gov/foundation/analysis#CharacterizedElement'>
      <failure>
        Asserted in http://imce.jpl.nasa.gov/foundation/analysis,
        http://opencaesar.io/examples/firesat/programs/earth-science/projects/firesat/bundle/classes.
      </failure>
    </testcase>
    <testcase name='http://imce.jpl.nasa.gov/foundation/mission#Specifies subclass of http://imce.jpl.nasa.gov/foundation/analysis#CharacterizedElement'>
      <failure>
        Asserted in http://imce.jpl.nasa.gov/foundation/analysis,
        http://opencaesar.io/examples/firesat/programs/earth-science/projects/firesat/bundle/classes.
      </failure>
    </testcase>
    <testcase name='http://imce.jpl.nasa.gov/foundation/mission#Transfers subclass of http://imce.jpl.nasa.gov/foundation/analysis#CharacterizedElement'>
      <failure>
        Asserted in http://imce.jpl.nasa.gov/foundation/analysis,
        http://opencaesar.io/examples/firesat/programs/earth-science/projects/firesat/bundle/classes.
      </failure>
    </testcase>
    <testcase name='http://imce.jpl.nasa.gov/foundation/mission#TransfersIn subclass of http://imce.jpl.nasa.gov/foundation/analysis#CharacterizedElement'>
      <failure>
        Asserted in http://imce.jpl.nasa.gov/foundation/analysis,
        http://opencaesar.io/examples/firesat/programs/earth-science/projects/firesat/bundle/classes.
      </failure>
    </testcase>
    <testcase name='http://imce.jpl.nasa.gov/foundation/mission#TransfersOut subclass of http://imce.jpl.nasa.gov/foundation/analysis#CharacterizedElement'>
      <failure>
        Asserted in http://imce.jpl.nasa.gov/foundation/analysis,
        http://opencaesar.io/examples/firesat/programs/earth-science/projects/firesat/bundle/classes.
      </failure>
    </testcase>
    <testcase name='http://imce.jpl.nasa.gov/foundation/mission#TraversingElement subclass of http://imce.jpl.nasa.gov/foundation/analysis#CharacterizedElement'>
      <failure>
        Asserted in http://imce.jpl.nasa.gov/foundation/analysis,
        http://opencaesar.io/examples/firesat/programs/earth-science/projects/firesat/bundle/classes.
      </failure>
    </testcase>
    <testcase name='http://iupac.org/metrology#Object subclass of http://imce.jpl.nasa.gov/foundation/analysis#CharacterizedElement'>
      <failure>
        Asserted in http://imce.jpl.nasa.gov/foundation/analysis,
        http://opencaesar.io/examples/firesat/programs/earth-science/projects/firesat/bundle/classes.
      </failure>
    </testcase>
    <testcase name='http://imce.jpl.nasa.gov/foundation/project#Organization subclass of http://imce.jpl.nasa.gov/foundation/analysis#CharacterizedElement'>
      <failure>
        Asserted in http://imce.jpl.nasa.gov/foundation/project,
        http://opencaesar.io/examples/firesat/programs/earth-science/projects/firesat/bundle/classes.
      </failure>
    </testcase>
    <testcase name='http://imce.jpl.nasa.gov/foundation/project#Invokes subclass of http://imce.jpl.nasa.gov/foundation/analysis#CharacterizedElement'>
      <failure>
        Asserted in http://imce.jpl.nasa.gov/foundation/project,
        http://opencaesar.io/examples/firesat/programs/earth-science/projects/firesat/bundle/classes.
      </failure>
    </testcase>
    <testcase name='http://imce.jpl.nasa.gov/foundation/project#Produces subclass of http://imce.jpl.nasa.gov/foundation/analysis#CharacterizedElement'>
      <failure>
        Asserted in http://imce.jpl.nasa.gov/foundation/project,
        http://opencaesar.io/examples/firesat/programs/earth-science/projects/firesat/bundle/classes.
      </failure>
    </testcase>
    <testcase name='http://imce.jpl.nasa.gov/foundation/project#Policy subclass of http://imce.jpl.nasa.gov/foundation/analysis#CharacterizedElement'>
      <failure>
        Asserted in http://imce.jpl.nasa.gov/foundation/project,
        http://opencaesar.io/examples/firesat/programs/earth-science/projects/firesat/bundle/classes.
      </failure>
    </testcase>
    <testcase name='http://imce.jpl.nasa.gov/foundation/project#Prepares subclass of http://imce.jpl.nasa.gov/foundation/analysis#CharacterizedElement'>
      <failure>
        Asserted in http://imce.jpl.nasa.gov/foundation/project,
        http://opencaesar.io/examples/firesat/programs/earth-science/projects/firesat/bundle/classes.
      </failure>
    </testcase>
    <testcase name='http://imce.jpl.nasa.gov/foundation/project#Involves subclass of http://imce.jpl.nasa.gov/foundation/analysis#CharacterizedElement'>
      <failure>
        Asserted in http://imce.jpl.nasa.gov/foundation/project,
        http://opencaesar.io/examples/firesat/programs/earth-science/projects/firesat/bundle/classes.
      </failure>
    </testcase>
    <testcase name='http://imce.jpl.nasa.gov/foundation/project#ReliesOn subclass of http://imce.jpl.nasa.gov/foundation/analysis#CharacterizedElement'>
      <failure>
        Asserted in http://imce.jpl.nasa.gov/foundation/project,
        http://opencaesar.io/examples/firesat/programs/earth-science/projects/firesat/bundle/classes.
      </failure>
    </testcase>
    <testcase name='http://imce.jpl.nasa.gov/foundation/project#DelegatesTo subclass of http://imce.jpl.nasa.gov/foundation/analysis#CharacterizedElement'>
      <failure>
        Asserted in http://imce.jpl.nasa.gov/foundation/project,
        http://opencaesar.io/examples/firesat/programs/earth-science/projects/firesat/bundle/classes.
      </failure>
    </testcase>
    <testcase name='http://imce.jpl.nasa.gov/foundation/project#Concurs subclass of http://imce.jpl.nasa.gov/foundation/analysis#CharacterizedElement'>
      <failure>
        Asserted in http://imce.jpl.nasa.gov/foundation/project,
        http://opencaesar.io/examples/firesat/programs/earth-science/projects/firesat/bundle/classes.
      </failure>
    </testcase>
    <testcase name='http://imce.jpl.nasa.gov/foundation/project#HasRole subclass of http://imce.jpl.nasa.gov/foundation/analysis#CharacterizedElement'>
      <failure>
        Asserted in http://imce.jpl.nasa.gov/foundation/project,
        http://opencaesar.io/examples/firesat/programs/earth-science/projects/firesat/bundle/classes.
      </failure>
    </testcase>
    <testcase name='http://imce.jpl.nasa.gov/foundation/project#Describes subclass of http://imce.jpl.nasa.gov/foundation/analysis#CharacterizedElement'>
      <failure>
        Asserted in http://imce.jpl.nasa.gov/foundation/project,
        http://opencaesar.io/examples/firesat/programs/earth-science/projects/firesat/bundle/classes.
      </failure>
    </testcase>
    <testcase name='http://imce.jpl.nasa.gov/foundation/project#InterchangesThrough subclass of http://imce.jpl.nasa.gov/foundation/analysis#CharacterizedElement'>
      <failure>
        Asserted in http://imce.jpl.nasa.gov/foundation/project,
        http://opencaesar.io/examples/firesat/programs/earth-science/projects/firesat/bundle/classes.
      </failure>
    </testcase>
    <testcase name='http://imce.jpl.nasa.gov/foundation/project#Approves subclass of http://imce.jpl.nasa.gov/foundation/analysis#CharacterizedElement'>
      <failure>
        Asserted in http://imce.jpl.nasa.gov/foundation/project,
        http://opencaesar.io/examples/firesat/programs/earth-science/projects/firesat/bundle/classes.
      </failure>
    </testcase>
    <testcase name='http://imce.jpl.nasa.gov/foundation/project#BelongsTo subclass of http://imce.jpl.nasa.gov/foundation/analysis#CharacterizedElement'>
      <failure>
        Asserted in http://imce.jpl.nasa.gov/foundation/project,
        http://opencaesar.io/examples/firesat/programs/earth-science/projects/firesat/bundle/classes.
      </failure>
    </testcase>
    <testcase name='http://imce.jpl.nasa.gov/foundation/project#Realizes subclass of http://imce.jpl.nasa.gov/foundation/analysis#CharacterizedElement'>
      <failure>
        Asserted in http://imce.jpl.nasa.gov/foundation/project,
        http://opencaesar.io/examples/firesat/programs/earth-science/projects/firesat/bundle/classes.
      </failure>
    </testcase>
    <testcase name='http://imce.jpl.nasa.gov/foundation/project#DevelopedElement subclass of http://imce.jpl.nasa.gov/foundation/analysis#CharacterizedElement'>
      <failure>
        Asserted in http://imce.jpl.nasa.gov/foundation/project,
        http://opencaesar.io/examples/firesat/programs/earth-science/projects/firesat/bundle/classes.
      </failure>
    </testcase>
    <testcase name='http://imce.jpl.nasa.gov/foundation/project#Authorizes subclass of http://imce.jpl.nasa.gov/foundation/analysis#CharacterizedElement'>
      <failure>
        Asserted in http://imce.jpl.nasa.gov/foundation/project,
        http://opencaesar.io/examples/firesat/programs/earth-science/projects/firesat/bundle/classes.
      </failure>
    </testcase>
    <testcase name='http://imce.jpl.nasa.gov/foundation/project#Receives subclass of http://imce.jpl.nasa.gov/foundation/analysis#CharacterizedElement'>
      <failure>
        Asserted in http://imce.jpl.nasa.gov/foundation/project,
        http://opencaesar.io/examples/firesat/programs/earth-science/projects/firesat/bundle/classes.
      </failure>
    </testcase>
    <testcase name='http://imce.jpl.nasa.gov/foundation/project#Manifests subclass of http://imce.jpl.nasa.gov/foundation/analysis#CharacterizedElement'>
      <failure>
        Asserted in http://imce.jpl.nasa.gov/foundation/project,
        http://opencaesar.io/examples/firesat/programs/earth-science/projects/firesat/bundle/classes.
      </failure>
    </testcase>
    <testcase name='http://imce.jpl.nasa.gov/foundation/project#HasParticipant subclass of http://imce.jpl.nasa.gov/foundation/analysis#CharacterizedElement'>
      <failure>
        Asserted in http://imce.jpl.nasa.gov/foundation/project,
        http://opencaesar.io/examples/firesat/programs/earth-science/projects/firesat/bundle/classes.
      </failure>
    </testcase>
    <testcase name='http://imce.jpl.nasa.gov/foundation/project#Represents subclass of http://imce.jpl.nasa.gov/foundation/analysis#CharacterizedElement'>
      <failure>
        Asserted in http://imce.jpl.nasa.gov/foundation/project,
        http://opencaesar.io/examples/firesat/programs/earth-science/projects/firesat/bundle/classes.
      </failure>
    </testcase>
    <testcase name='http://imce.jpl.nasa.gov/foundation/project#SuppliedElement subclass of http://imce.jpl.nasa.gov/foundation/analysis#CharacterizedElement'>
      <failure>
        Asserted in http://imce.jpl.nasa.gov/foundation/project,
        http://opencaesar.io/examples/firesat/programs/earth-science/projects/firesat/bundle/classes.
      </failure>
    </testcase>
    <testcase name='http://imce.jpl.nasa.gov/foundation/project#HasResponsibilityFor subclass of http://imce.jpl.nasa.gov/foundation/analysis#CharacterizedElement'>
      <failure>
        Asserted in http://imce.jpl.nasa.gov/foundation/project,
        http://opencaesar.io/examples/firesat/programs/earth-science/projects/firesat/bundle/classes.
      </failure>
    </testcase>
    <testcase name='http://imce.jpl.nasa.gov/foundation/project#Delivers subclass of http://imce.jpl.nasa.gov/foundation/analysis#CharacterizedElement'>
      <failure>
        Asserted in http://imce.jpl.nasa.gov/foundation/project,
        http://opencaesar.io/examples/firesat/programs/earth-science/projects/firesat/bundle/classes.
      </failure>
    </testcase>
    <testcase name='http://imce.jpl.nasa.gov/foundation/project#AssignedElement subclass of http://imce.jpl.nasa.gov/foundation/analysis#CharacterizedElement'>
      <failure>
        Asserted in http://imce.jpl.nasa.gov/foundation/project,
        http://opencaesar.io/examples/firesat/programs/earth-science/projects/firesat/bundle/classes.
      </failure>
    </testcase>
    <testcase name='http://imce.jpl.nasa.gov/foundation/project#Binds subclass of http://imce.jpl.nasa.gov/foundation/analysis#CharacterizedElement'>
      <failure>
        Asserted in http://imce.jpl.nasa.gov/foundation/project,
        http://opencaesar.io/examples/firesat/programs/earth-science/projects/firesat/bundle/classes.
      </failure>
    </testcase>
    <testcase name='http://imce.jpl.nasa.gov/foundation/project#RealizedElement subclass of http://imce.jpl.nasa.gov/foundation/analysis#CharacterizedElement'>
      <failure>
        Asserted in http://imce.jpl.nasa.gov/foundation/project,
        http://opencaesar.io/examples/firesat/programs/earth-science/projects/firesat/bundle/classes.
      </failure>
    </testcase>
    <testcase name='http://imce.jpl.nasa.gov/foundation/project#Supplies subclass of http://imce.jpl.nasa.gov/foundation/analysis#CharacterizedElement'>
      <failure>
        Asserted in http://imce.jpl.nasa.gov/foundation/project,
        http://opencaesar.io/examples/firesat/programs/earth-science/projects/firesat/bundle/classes.
      </failure>
    </testcase>
    <testcase name='http://imce.jpl.nasa.gov/foundation/project#HasAssignment subclass of http://imce.jpl.nasa.gov/foundation/analysis#CharacterizedElement'>
      <failure>
        Asserted in http://imce.jpl.nasa.gov/foundation/project,
        http://opencaesar.io/examples/firesat/programs/earth-science/projects/firesat/bundle/classes.
      </failure>
    </testcase>
    <testcase name='http://imce.jpl.nasa.gov/discipline/fse/fse#Subsystem subclass of http://imce.jpl.nasa.gov/foundation/analysis#CharacterizedElement'>
      <failure>
        Asserted in
        http://opencaesar.io/examples/firesat/programs/earth-science/projects/firesat/bundle/classes.
      </failure>
    </testcase>
    <testcase name='http://imce.jpl.nasa.gov/discipline/fse/functions#UnidirectionalPower subclass of http://imce.jpl.nasa.gov/foundation/analysis#CharacterizedElement'>
      <failure>
        Asserted in
        http://opencaesar.io/examples/firesat/programs/earth-science/projects/firesat/bundle/classes.
      </failure>
    </testcase>
    <testcase name='http://imce.jpl.nasa.gov/discipline/fse/fse#CBEMass subclass of http://imce.jpl.nasa.gov/foundation/analysis#CharacterizedElement'>
      <failure>
        Asserted in
        http://opencaesar.io/examples/firesat/programs/earth-science/projects/firesat/bundle/classes.
      </failure>
    </testcase>
    <testcase name='http://imce.jpl.nasa.gov/discipline/fse/fse#MassLimit subclass of http://imce.jpl.nasa.gov/foundation/analysis#CharacterizedElement'>
      <failure>
        Asserted in
        http://opencaesar.io/examples/firesat/programs/earth-science/projects/firesat/bundle/classes.
      </failure>
    </testcase>
    <testcase name='http://imce.jpl.nasa.gov/discipline/fse/endcircuits#Power subclass of http://imce.jpl.nasa.gov/foundation/analysis#CharacterizedElement'>
      <failure>
        Asserted in
        http://opencaesar.io/examples/firesat/programs/earth-science/projects/firesat/bundle/classes.
      </failure>
    </testcase>
    <testcase name='http://imce.jpl.nasa.gov/discipline/fse/fse#EndCircuit subclass of http://imce.jpl.nasa.gov/foundation/analysis#CharacterizedElement'>
      <failure>
        Asserted in
        http://opencaesar.io/examples/firesat/programs/earth-science/projects/firesat/bundle/classes.
      </failure>
    </testcase>
    <testcase name='http://imce.jpl.nasa.gov/discipline/fse/endcircuits#PowerIn subclass of http://imce.jpl.nasa.gov/foundation/analysis#CharacterizedElement'>
      <failure>
        Asserted in
        http://opencaesar.io/examples/firesat/programs/earth-science/projects/firesat/bundle/classes.
      </failure>
    </testcase>
    <testcase name='http://imce.jpl.nasa.gov/discipline/fse/endcircuits#UnidirectionalPower subclass of http://imce.jpl.nasa.gov/foundation/analysis#CharacterizedElement'>
      <failure>
        Asserted in
        http://opencaesar.io/examples/firesat/programs/earth-science/projects/firesat/bundle/classes.
      </failure>
    </testcase>
    <testcase name='http://imce.jpl.nasa.gov/discipline/fse/endcircuits#PowerOut subclass of http://imce.jpl.nasa.gov/foundation/analysis#CharacterizedElement'>
      <failure>
        Asserted in
        http://opencaesar.io/examples/firesat/programs/earth-science/projects/firesat/bundle/classes.
      </failure>
    </testcase>
    <testcase name='http://imce.jpl.nasa.gov/discipline/fse/assemblies#BaseAssembly subclass of http://imce.jpl.nasa.gov/foundation/analysis#CharacterizedElement'>
      <failure>
        Asserted in
        http://opencaesar.io/examples/firesat/programs/earth-science/projects/firesat/bundle/classes.
      </failure>
    </testcase>
    <testcase name='http://imce.jpl.nasa.gov/foundation/analysis#Explanation subclass of http://imce.jpl.nasa.gov/foundation/analysis#CharacterizedElement'>
      <failure>
        Asserted in
        http://opencaesar.io/examples/firesat/programs/earth-science/projects/firesat/bundle/classes.
      </failure>
    </testcase>
    <testcase name='http://imce.jpl.nasa.gov/foundation/analysis#CharacterizedElement subclass of http://imce.jpl.nasa.gov/foundation/analysis#CharacterizedElement'>
      <failure>
        Asserted in
        http://opencaesar.io/examples/firesat/programs/earth-science/projects/firesat/bundle/classes.
      </failure>
    </testcase>
    <testcase name='http://imce.jpl.nasa.gov/foundation/analysis#Assumption subclass of http://imce.jpl.nasa.gov/foundation/analysis#CharacterizedElement'>
      <failure>
        Asserted in
        http://opencaesar.io/examples/firesat/programs/earth-science/projects/firesat/bundle/classes.
      </failure>
    </testcase>
    <testcase name='http://imce.jpl.nasa.gov/foundation/analysis#GlossaryEntry subclass of http://imce.jpl.nasa.gov/foundation/analysis#CharacterizedElement'>
      <failure>
        Asserted in
        http://opencaesar.io/examples/firesat/programs/earth-science/projects/firesat/bundle/classes.
      </failure>
    </testcase>
    <testcase name='http://imce.jpl.nasa.gov/foundation/analysis#Analysis subclass of http://imce.jpl.nasa.gov/foundation/analysis#CharacterizedElement'>
      <failure>
        Asserted in
        http://opencaesar.io/examples/firesat/programs/earth-science/projects/firesat/bundle/classes.
      </failure>
    </testcase>
    <testcase name='http://imce.jpl.nasa.gov/foundation/analysis#DrivingRequirementsAnalysis subclass of http://imce.jpl.nasa.gov/foundation/analysis#CharacterizedElement'>
      <failure>
        Asserted in
        http://opencaesar.io/examples/firesat/programs/earth-science/projects/firesat/bundle/classes.
      </failure>
    </testcase>
    <testcase name='http://imce.jpl.nasa.gov/foundation/analysis#DrivingRequirementsExplanation subclass of http://imce.jpl.nasa.gov/foundation/analysis#CharacterizedElement'>
      <failure>
        Asserted in
        http://opencaesar.io/examples/firesat/programs/earth-science/projects/firesat/bundle/classes.
      </failure>
    </testcase>
    <testcase name='http://imce.jpl.nasa.gov/foundation/analysis#Fact subclass of http://imce.jpl.nasa.gov/foundation/analysis#CharacterizedElement'>
      <failure>
        Asserted in
        http://opencaesar.io/examples/firesat/programs/earth-science/projects/firesat/bundle/classes.
      </failure>
    </testcase>
    <testcase name='http://imce.jpl.nasa.gov/foundation/analysis#KeyRequirementsAnalysis subclass of http://imce.jpl.nasa.gov/foundation/analysis#CharacterizedElement'>
      <failure>
        Asserted in
        http://opencaesar.io/examples/firesat/programs/earth-science/projects/firesat/bundle/classes.
      </failure>
    </testcase>
    <testcase name='http://imce.jpl.nasa.gov/foundation/analysis#KeyRequirementsExplanation subclass of http://imce.jpl.nasa.gov/foundation/analysis#CharacterizedElement'>
      <failure>
        Asserted in
        http://opencaesar.io/examples/firesat/programs/earth-science/projects/firesat/bundle/classes.
      </failure>
    </testcase>
    <testcase name='http://imce.jpl.nasa.gov/foundation/analysis#TradeStudy subclass of http://imce.jpl.nasa.gov/foundation/analysis#CharacterizedElement'>
      <failure>
        Asserted in
        http://opencaesar.io/examples/firesat/programs/earth-science/projects/firesat/bundle/classes.
      </failure>
    </testcase>
    <testcase name='http://iupac.org/metrology#IsQuantityOf subclass of http://imce.jpl.nasa.gov/foundation/analysis#CharacterizedElement'>
      <failure>
        Asserted in
        http://opencaesar.io/examples/firesat/programs/earth-science/projects/firesat/bundle/classes.
      </failure>
    </testcase>
    <testcase name='http://iupac.org/metrology#Quantity subclass of http://imce.jpl.nasa.gov/foundation/analysis#CharacterizedElement'>
      <failure>
        Asserted in
        http://opencaesar.io/examples/firesat/programs/earth-science/projects/firesat/bundle/classes.
      </failure>
    </testcase>
    <testcase name='http://iso.org/80000-5-quantities#celcius-temperature subclass of http://imce.jpl.nasa.gov/foundation/analysis#CharacterizedElement'>
      <failure>
        Asserted in
        http://opencaesar.io/examples/firesat/programs/earth-science/projects/firesat/bundle/classes.
      </failure>
    </testcase>
    <testcase name='http://iso.org/80000-5-quantities#thermodynamic-temperature subclass of http://imce.jpl.nasa.gov/foundation/analysis#CharacterizedElement'>
      <failure>
        Asserted in
        http://opencaesar.io/examples/firesat/programs/earth-science/projects/firesat/bundle/classes.
      </failure>
    </testcase>
    <testcase name='http://iupac.org/metrology#DerivedUnitaryQuantity subclass of http://imce.jpl.nasa.gov/foundation/analysis#CharacterizedElement'>
      <failure>
        Asserted in
        http://opencaesar.io/examples/firesat/programs/earth-science/projects/firesat/bundle/classes.
      </failure>
    </testcase>
    <testcase name='http://iupac.org/metrology#IndependentUnitaryQuantity subclass of http://imce.jpl.nasa.gov/foundation/analysis#CharacterizedElement'>
      <failure>
        Asserted in
        http://opencaesar.io/examples/firesat/programs/earth-science/projects/firesat/bundle/classes.
      </failure>
    </testcase>
    <testcase name='http://iso.org/80000-6-quantities#electric-charge subclass of http://imce.jpl.nasa.gov/foundation/analysis#CharacterizedElement'>
      <failure>
        Asserted in
        http://opencaesar.io/examples/firesat/programs/earth-science/projects/firesat/bundle/classes.
      </failure>
    </testcase>
    <testcase name='http://iso.org/80000-6-quantities#electric-current subclass of http://imce.jpl.nasa.gov/foundation/analysis#CharacterizedElement'>
      <failure>
        Asserted in
        http://opencaesar.io/examples/firesat/programs/earth-science/projects/firesat/bundle/classes.
      </failure>
    </testcase>
    <testcase name='http://iso.org/80000-6-quantities#electric-field-strength subclass of http://imce.jpl.nasa.gov/foundation/analysis#CharacterizedElement'>
      <failure>
        Asserted in
        http://opencaesar.io/examples/firesat/programs/earth-science/projects/firesat/bundle/classes.
      </failure>
    </testcase>
    <testcase name='http://iso.org/80000-6-quantities#electric-potential subclass of http://imce.jpl.nasa.gov/foundation/analysis#CharacterizedElement'>
      <failure>
        Asserted in
        http://opencaesar.io/examples/firesat/programs/earth-science/projects/firesat/bundle/classes.
      </failure>
    </testcase>
    <testcase name='http://iso.org/80000-6-quantities#resistance subclass of http://imce.jpl.nasa.gov/foundation/analysis#CharacterizedElement'>
      <failure>
        Asserted in
        http://opencaesar.io/examples/firesat/programs/earth-science/projects/firesat/bundle/classes.
      </failure>
    </testcase>
    <testcase name='http://imce.jpl.nasa.gov/discipline/fse/fse#Assembly subclass of http://imce.jpl.nasa.gov/foundation/analysis#CharacterizedElement'>
      <failure>
        Asserted in
        http://opencaesar.io/examples/firesat/programs/earth-science/projects/firesat/bundle/classes.
      </failure>
    </testcase>
    <testcase name='http://iso.org/80000-3-quantities#angular-measure subclass of http://imce.jpl.nasa.gov/foundation/analysis#CharacterizedElement'>
      <failure>
        Asserted in
        http://opencaesar.io/examples/firesat/programs/earth-science/projects/firesat/bundle/classes.
      </failure>
    </testcase>
    <testcase name='http://iso.org/80000-3-quantities#arc-length subclass of http://imce.jpl.nasa.gov/foundation/analysis#CharacterizedElement'>
      <failure>
        Asserted in
        http://opencaesar.io/examples/firesat/programs/earth-science/projects/firesat/bundle/classes.
      </failure>
    </testcase>
    <testcase name='http://iso.org/80000-3-quantities#radius subclass of http://imce.jpl.nasa.gov/foundation/analysis#CharacterizedElement'>
      <failure>
        Asserted in
        http://opencaesar.io/examples/firesat/programs/earth-science/projects/firesat/bundle/classes.
      </failure>
    </testcase>
    <testcase name='http://iso.org/80000-3-quantities#frequency subclass of http://imce.jpl.nasa.gov/foundation/analysis#CharacterizedElement'>
      <failure>
        Asserted in
        http://opencaesar.io/examples/firesat/programs/earth-science/projects/firesat/bundle/classes.
      </failure>
    </testcase>
    <testcase name='http://iso.org/80000-3-quantities#period-duration subclass of http://imce.jpl.nasa.gov/foundation/analysis#CharacterizedElement'>
      <failure>
        Asserted in
        http://opencaesar.io/examples/firesat/programs/earth-science/projects/firesat/bundle/classes.
      </failure>
    </testcase>
    <testcase name='http://iso.org/80000-3-quantities#rotation subclass of http://imce.jpl.nasa.gov/foundation/analysis#CharacterizedElement'>
      <failure>
        Asserted in
        http://opencaesar.io/examples/firesat/programs/earth-science/projects/firesat/bundle/classes.
      </failure>
    </testcase>
    <testcase name='http://iso.org/80000-3-quantities#rotational-displacement subclass of http://imce.jpl.nasa.gov/foundation/analysis#CharacterizedElement'>
      <failure>
        Asserted in
        http://opencaesar.io/examples/firesat/programs/earth-science/projects/firesat/bundle/classes.
      </failure>
    </testcase>
    <testcase name='http://iso.org/80000-3-quantities#distance subclass of http://imce.jpl.nasa.gov/foundation/analysis#CharacterizedElement'>
      <failure>
        Asserted in
        http://opencaesar.io/examples/firesat/programs/earth-science/projects/firesat/bundle/classes.
      </failure>
    </testcase>
    <testcase name='http://iso.org/80000-3-quantities#path-length subclass of http://imce.jpl.nasa.gov/foundation/analysis#CharacterizedElement'>
      <failure>
        Asserted in
        http://opencaesar.io/examples/firesat/programs/earth-science/projects/firesat/bundle/classes.
      </failure>
    </testcase>
    <testcase name='http://iso.org/80000-3-quantities#rotational-frequency subclass of http://imce.jpl.nasa.gov/foundation/analysis#CharacterizedElement'>
      <failure>
        Asserted in
        http://opencaesar.io/examples/firesat/programs/earth-science/projects/firesat/bundle/classes.
      </failure>
    </testcase>
    <testcase name='http://iso.org/80000-3-quantities#duration subclass of http://imce.jpl.nasa.gov/foundation/analysis#CharacterizedElement'>
      <failure>
        Asserted in
        http://opencaesar.io/examples/firesat/programs/earth-science/projects/firesat/bundle/classes.
      </failure>
    </testcase>
    <testcase name='http://iso.org/80000-3-quantities#velocity subclass of http://imce.jpl.nasa.gov/foundation/analysis#CharacterizedElement'>
      <failure>
        Asserted in
        http://opencaesar.io/examples/firesat/programs/earth-science/projects/firesat/bundle/classes.
      </failure>
    </testcase>
    <testcase name='http://iso.org/80000-3-quantities#position-vector subclass of http://imce.jpl.nasa.gov/foundation/analysis#CharacterizedElement'>
      <failure>
        Asserted in
        http://opencaesar.io/examples/firesat/programs/earth-science/projects/firesat/bundle/classes.
      </failure>
    </testcase>
    <testcase name='http://iso.org/80000-3-quantities#altitude subclass of http://imce.jpl.nasa.gov/foundation/analysis#CharacterizedElement'>
      <failure>
        Asserted in
        http://opencaesar.io/examples/firesat/programs/earth-science/projects/firesat/bundle/classes.
      </failure>
    </testcase>
    <testcase name='http://iso.org/80000-3-quantities#height subclass of http://imce.jpl.nasa.gov/foundation/analysis#CharacterizedElement'>
      <failure>
        Asserted in
        http://opencaesar.io/examples/firesat/programs/earth-science/projects/firesat/bundle/classes.
      </failure>
    </testcase>
    <testcase name='http://iso.org/80000-3-quantities#breadth subclass of http://imce.jpl.nasa.gov/foundation/analysis#CharacterizedElement'>
      <failure>
        Asserted in
        http://opencaesar.io/examples/firesat/programs/earth-science/projects/firesat/bundle/classes.
      </failure>
    </testcase>
    <testcase name='http://iso.org/80000-3-quantities#width subclass of http://imce.jpl.nasa.gov/foundation/analysis#CharacterizedElement'>
      <failure>
        Asserted in
        http://opencaesar.io/examples/firesat/programs/earth-science/projects/firesat/bundle/classes.
      </failure>
    </testcase>
    <testcase name='http://iso.org/80000-3-quantities#depth subclass of http://imce.jpl.nasa.gov/foundation/analysis#CharacterizedElement'>
      <failure>
        Asserted in
        http://opencaesar.io/examples/firesat/programs/earth-science/projects/firesat/bundle/classes.
      </failure>
    </testcase>
    <testcase name='http://iso.org/80000-3-quantities#diameter subclass of http://imce.jpl.nasa.gov/foundation/analysis#CharacterizedElement'>
      <failure>
        Asserted in
        http://opencaesar.io/examples/firesat/programs/earth-science/projects/firesat/bundle/classes.
      </failure>
    </testcase>
    <testcase name='http://iso.org/80000-3-quantities#length subclass of http://imce.jpl.nasa.gov/foundation/analysis#CharacterizedElement'>
      <failure>
        Asserted in
        http://opencaesar.io/examples/firesat/programs/earth-science/projects/firesat/bundle/classes.
      </failure>
    </testcase>
    <testcase name='http://iso.org/80000-3-quantities#displacement subclass of http://imce.jpl.nasa.gov/foundation/analysis#CharacterizedElement'>
      <failure>
        Asserted in
        http://opencaesar.io/examples/firesat/programs/earth-science/projects/firesat/bundle/classes.
      </failure>
    </testcase>
    <testcase name='http://iso.org/80000-3-quantities#radial-distance subclass of http://imce.jpl.nasa.gov/foundation/analysis#CharacterizedElement'>
      <failure>
        Asserted in
        http://opencaesar.io/examples/firesat/programs/earth-science/projects/firesat/bundle/classes.
      </failure>
    </testcase>
    <testcase name='http://iso.org/80000-3-quantities#radius-of-curvature subclass of http://imce.jpl.nasa.gov/foundation/analysis#CharacterizedElement'>
      <failure>
        Asserted in
        http://opencaesar.io/examples/firesat/programs/earth-science/projects/firesat/bundle/classes.
      </failure>
    </testcase>
    <testcase name='http://iso.org/80000-3-quantities#thickness subclass of http://imce.jpl.nasa.gov/foundation/analysis#CharacterizedElement'>
      <failure>
        Asserted in
        http://opencaesar.io/examples/firesat/programs/earth-science/projects/firesat/bundle/classes.
      </failure>
    </testcase>
    <testcase name='http://imce.jpl.nasa.gov/discipline/fse/fse#FlightHardwareComponent subclass of http://imce.jpl.nasa.gov/foundation/analysis#CharacterizedElement'>
      <failure>
        Asserted in
        http://opencaesar.io/examples/firesat/programs/earth-science/projects/firesat/bundle/classes.
      </failure>
    </testcase>
    <testcase name='http://iso.org/80000-4-quantities#momentum subclass of http://imce.jpl.nasa.gov/foundation/analysis#CharacterizedElement'>
      <failure>
        Asserted in
        http://opencaesar.io/examples/firesat/programs/earth-science/projects/firesat/bundle/classes.
      </failure>
    </testcase>
    <testcase name='http://imce.jpl.nasa.gov/discipline/fse/fse#MassAllocatedElement subclass of http://imce.jpl.nasa.gov/foundation/analysis#CharacterizedElement'>
      <failure>
        Asserted in
        http://opencaesar.io/examples/firesat/programs/earth-science/projects/firesat/bundle/classes.
      </failure>
    </testcase>
    <testcase name='http://imce.jpl.nasa.gov/discipline/fse/fse#ConnectsAssembly2 subclass of http://imce.jpl.nasa.gov/foundation/analysis#CharacterizedElement'>
      <failure>
        Asserted in
        http://opencaesar.io/examples/firesat/programs/earth-science/projects/firesat/bundle/classes.
      </failure>
    </testcase>
    <testcase name='http://imce.jpl.nasa.gov/discipline/fse/fse#Function subclass of http://imce.jpl.nasa.gov/foundation/analysis#CharacterizedElement'>
      <failure>
        Asserted in
        http://opencaesar.io/examples/firesat/programs/earth-science/projects/firesat/bundle/classes.
      </failure>
    </testcase>
    <testcase name='http://iso.org/80000-4-quantities#impulse subclass of http://imce.jpl.nasa.gov/foundation/analysis#CharacterizedElement'>
      <failure>
        Asserted in
        http://opencaesar.io/examples/firesat/programs/earth-science/projects/firesat/bundle/classes.
      </failure>
    </testcase>
    <testcase name='http://iupac.org/metrology#UnitaryQuantity subclass of http://imce.jpl.nasa.gov/foundation/analysis#CharacterizedElement'>
      <failure>
        Asserted in
        http://opencaesar.io/examples/firesat/programs/earth-science/projects/firesat/bundle/classes.
      </failure>
    </testcase>
    <testcase name='http://imce.jpl.nasa.gov/foundation/project#Process subclass of http://imce.jpl.nasa.gov/foundation/analysis#CharacterizedElement'>
      <failure>
        Asserted in
        http://opencaesar.io/examples/firesat/programs/earth-science/projects/firesat/bundle/classes.
      </failure>
    </testcase>
    <testcase name='http://iupac.org/metrology#OrdinalQuantity subclass of http://imce.jpl.nasa.gov/foundation/analysis#CharacterizedElement'>
      <failure>
        Asserted in
        http://opencaesar.io/examples/firesat/programs/earth-science/projects/firesat/bundle/classes.
      </failure>
    </testcase>
    <testcase name='http://imce.jpl.nasa.gov/foundation/project#Facility subclass of http://imce.jpl.nasa.gov/foundation/analysis#CharacterizedElement'>
      <failure>
        Asserted in
        http://opencaesar.io/examples/firesat/programs/earth-science/projects/firesat/bundle/classes.
      </failure>
    </testcase>
    <testcase name='http://imce.jpl.nasa.gov/foundation/project#Involves1 subclass of http://imce.jpl.nasa.gov/foundation/analysis#CharacterizedElement'>
      <failure>
        Asserted in
        http://opencaesar.io/examples/firesat/programs/earth-science/projects/firesat/bundle/classes.
      </failure>
    </testcase>
    <testcase name='http://imce.jpl.nasa.gov/foundation/project#Project subclass of http://imce.jpl.nasa.gov/foundation/analysis#CharacterizedElement'>
      <failure>
        Asserted in
        http://opencaesar.io/examples/firesat/programs/earth-science/projects/firesat/bundle/classes.
      </failure>
    </testcase>
    <testcase name='http://imce.jpl.nasa.gov/foundation/project#Authority subclass of http://imce.jpl.nasa.gov/foundation/analysis#CharacterizedElement'>
      <failure>
        Asserted in
        http://opencaesar.io/examples/firesat/programs/earth-science/projects/firesat/bundle/classes.
      </failure>
    </testcase>
    <testcase name='http://iso.org/80000-4-quantities#power subclass of http://imce.jpl.nasa.gov/foundation/analysis#CharacterizedElement'>
      <failure>
        Asserted in
        http://opencaesar.io/examples/firesat/programs/earth-science/projects/firesat/bundle/classes.
      </failure>
    </testcase>
    <testcase name='http://imce.jpl.nasa.gov/discipline/fse/functions#BaseFunction subclass of http://imce.jpl.nasa.gov/foundation/analysis#CharacterizedElement'>
      <failure>
        Asserted in
        http://opencaesar.io/examples/firesat/programs/earth-science/projects/firesat/bundle/classes.
      </failure>
    </testcase>
    <testcase name='http://imce.jpl.nasa.gov/discipline/fse/fse#MassConstrainedElement subclass of http://imce.jpl.nasa.gov/foundation/analysis#CharacterizedElement'>
      <failure>
        Asserted in
        http://opencaesar.io/examples/firesat/programs/earth-science/projects/firesat/bundle/classes.
      </failure>
    </testcase>
    <testcase name='http://imce.jpl.nasa.gov/foundation/project#Role subclass of http://imce.jpl.nasa.gov/foundation/analysis#CharacterizedElement'>
      <failure>
        Asserted in
        http://opencaesar.io/examples/firesat/programs/earth-science/projects/firesat/bundle/classes.
      </failure>
    </testcase>
    <testcase name='http://imce.jpl.nasa.gov/foundation/project#Program subclass of http://imce.jpl.nasa.gov/foundation/analysis#CharacterizedElement'>
      <failure>
        Asserted in
        http://opencaesar.io/examples/firesat/programs/earth-science/projects/firesat/bundle/classes.
      </failure>
    </testcase>
    <testcase name='http://imce.jpl.nasa.gov/foundation/mission#Joins2 subclass of http://imce.jpl.nasa.gov/foundation/analysis#CharacterizedElement'>
      <failure>
        Asserted in
        http://opencaesar.io/examples/firesat/programs/earth-science/projects/firesat/bundle/classes.
      </failure>
    </testcase>
    <testcase name='http://imce.jpl.nasa.gov/discipline/fse/functions#Power subclass of http://imce.jpl.nasa.gov/foundation/analysis#CharacterizedElement'>
      <failure>
        Asserted in
        http://opencaesar.io/examples/firesat/programs/earth-science/projects/firesat/bundle/classes.
      </failure>
    </testcase>
    <testcase name='http://imce.jpl.nasa.gov/discipline/fse/fse#MassEstimatedElement subclass of http://imce.jpl.nasa.gov/foundation/analysis#CharacterizedElement'>
      <failure>
        Asserted in
        http://opencaesar.io/examples/firesat/programs/earth-science/projects/firesat/bundle/classes.
      </failure>
    </testcase>
    <testcase name='http://imce.jpl.nasa.gov/foundation/mission#Involves2 subclass of http://imce.jpl.nasa.gov/foundation/analysis#CharacterizedElement'>
      <failure>
        Asserted in
        http://opencaesar.io/examples/firesat/programs/earth-science/projects/firesat/bundle/classes.
      </failure>
    </testcase>
    <testcase name='http://imce.jpl.nasa.gov/foundation/project#Concern subclass of http://imce.jpl.nasa.gov/foundation/analysis#CharacterizedElement'>
      <failure>
        Asserted in
        http://opencaesar.io/examples/firesat/programs/earth-science/projects/firesat/bundle/classes.
      </failure>
    </testcase>
    <testcase name='http://imce.jpl.nasa.gov/foundation/project#InterchangePoint subclass of http://imce.jpl.nasa.gov/foundation/analysis#CharacterizedElement'>
      <failure>
        Asserted in
        http://opencaesar.io/examples/firesat/programs/earth-science/projects/firesat/bundle/classes.
      </failure>
    </testcase>
    <testcase name='http://iso.org/80000-4-quantities#force subclass of http://imce.jpl.nasa.gov/foundation/analysis#CharacterizedElement'>
      <failure>
        Asserted in
        http://opencaesar.io/examples/firesat/programs/earth-science/projects/firesat/bundle/classes.
      </failure>
    </testcase>
    <testcase name='http://imce.jpl.nasa.gov/discipline/fse/fse#ConnectsAssembly1 subclass of http://imce.jpl.nasa.gov/foundation/analysis#CharacterizedElement'>
      <failure>
        Asserted in
        http://opencaesar.io/examples/firesat/programs/earth-science/projects/firesat/bundle/classes.
      </failure>
    </testcase>
    <testcase name='http://imce.jpl.nasa.gov/foundation/project#Executes subclass of http://imce.jpl.nasa.gov/foundation/analysis#CharacterizedElement'>
      <failure>
        Asserted in
        http://opencaesar.io/examples/firesat/programs/earth-science/projects/firesat/bundle/classes.
      </failure>
    </testcase>
    <testcase name='http://imce.jpl.nasa.gov/discipline/fse/fse#MGAMass subclass of http://imce.jpl.nasa.gov/foundation/analysis#CharacterizedElement'>
      <failure>
        Asserted in
        http://opencaesar.io/examples/firesat/programs/earth-science/projects/firesat/bundle/classes.
      </failure>
    </testcase>
    <testcase name='http://imce.jpl.nasa.gov/foundation/project#WorkPackage subclass of http://imce.jpl.nasa.gov/foundation/analysis#CharacterizedElement'>
      <failure>
        Asserted in
        http://opencaesar.io/examples/firesat/programs/earth-science/projects/firesat/bundle/classes.
      </failure>
    </testcase>
    <testcase name='http://imce.jpl.nasa.gov/discipline/fse/fse#ConsumableMass subclass of http://imce.jpl.nasa.gov/foundation/analysis#CharacterizedElement'>
      <failure>
        Asserted in
        http://opencaesar.io/examples/firesat/programs/earth-science/projects/firesat/bundle/classes.
      </failure>
    </testcase>
    <testcase name='http://imce.jpl.nasa.gov/discipline/fse/fse#MEVMass subclass of http://imce.jpl.nasa.gov/foundation/analysis#CharacterizedElement'>
      <failure>
        Asserted in
        http://opencaesar.io/examples/firesat/programs/earth-science/projects/firesat/bundle/classes.
      </failure>
    </testcase>
    <testcase name='http://imce.jpl.nasa.gov/discipline/fse/fse#MassProxy subclass of http://imce.jpl.nasa.gov/foundation/analysis#CharacterizedElement'>
      <failure>
        Asserted in
        http://opencaesar.io/examples/firesat/programs/earth-science/projects/firesat/bundle/classes.
      </failure>
    </testcase>
    <testcase name='http://imce.jpl.nasa.gov/foundation/mission#Message subclass of http://imce.jpl.nasa.gov/foundation/analysis#CharacterizedElement'>
      <failure>
        Asserted in
        http://opencaesar.io/examples/firesat/programs/earth-science/projects/firesat/bundle/classes.
      </failure>
    </testcase>
    <testcase name='http://imce.jpl.nasa.gov/foundation/project#DevelopmentState subclass of http://imce.jpl.nasa.gov/foundation/analysis#CharacterizedElement'>
      <failure>
        Asserted in
        http://opencaesar.io/examples/firesat/programs/earth-science/projects/firesat/bundle/classes.
      </failure>
    </testcase>
    <testcase name='http://imce.jpl.nasa.gov/foundation/project#Deliverable subclass of http://imce.jpl.nasa.gov/foundation/analysis#CharacterizedElement'>
      <failure>
        Asserted in
        http://opencaesar.io/examples/firesat/programs/earth-science/projects/firesat/bundle/classes.
      </failure>
    </testcase>
    <testcase name='http://imce.jpl.nasa.gov/discipline/fse/fse#MassAllocation subclass of http://imce.jpl.nasa.gov/foundation/analysis#CharacterizedElement'>
      <failure>
        Asserted in
        http://opencaesar.io/examples/firesat/programs/earth-science/projects/firesat/bundle/classes.
      </failure>
    </testcase>
    <testcase name='http://imce.jpl.nasa.gov/discipline/fse/fse#MassEstimate subclass of http://imce.jpl.nasa.gov/foundation/analysis#CharacterizedElement'>
      <failure>
        Asserted in
        http://opencaesar.io/examples/firesat/programs/earth-science/projects/firesat/bundle/classes.
      </failure>
    </testcase>
    <testcase name='http://imce.jpl.nasa.gov/foundation/project#Person subclass of http://imce.jpl.nasa.gov/foundation/analysis#CharacterizedElement'>
      <failure>
        Asserted in
        http://opencaesar.io/examples/firesat/programs/earth-science/projects/firesat/bundle/classes.
      </failure>
    </testcase>
    <testcase name='http://imce.jpl.nasa.gov/foundation/project#Stakeholder subclass of http://imce.jpl.nasa.gov/foundation/analysis#CharacterizedElement'>
      <failure>
        Asserted in
        http://opencaesar.io/examples/firesat/programs/earth-science/projects/firesat/bundle/classes.
      </failure>
    </testcase>
    <testcase name='http://imce.jpl.nasa.gov/foundation/mission#Joins1 subclass of http://imce.jpl.nasa.gov/foundation/analysis#CharacterizedElement'>
      <failure>
        Asserted in
        http://opencaesar.io/examples/firesat/programs/earth-science/projects/firesat/bundle/classes.
      </failure>
    </testcase>
    <testcase name='http://imce.jpl.nasa.gov/foundation/mission#Involves1 subclass of http://imce.jpl.nasa.gov/foundation/analysis#CharacterizedElement'>
      <failure>
        Asserted in
        http://opencaesar.io/examples/firesat/programs/earth-science/projects/firesat/bundle/classes.
      </failure>
    </testcase>
    <testcase name='http://imce.jpl.nasa.gov/foundation/project#Involves2 subclass of http://imce.jpl.nasa.gov/foundation/analysis#CharacterizedElement'>
      <failure>
        Asserted in
        http://opencaesar.io/examples/firesat/programs/earth-science/projects/firesat/bundle/classes.
      </failure>
    </testcase>
    <testcase name='http://imce.jpl.nasa.gov/foundation/project#Product subclass of http://imce.jpl.nasa.gov/foundation/analysis#CharacterizedElement'>
      <failure>
        Asserted in
        http://opencaesar.io/examples/firesat/programs/earth-science/projects/firesat/bundle/classes.
      </failure>
    </testcase>
    <testcase name='http://imce.jpl.nasa.gov/foundation/mission#MaterialItem subclass of http://imce.jpl.nasa.gov/foundation/analysis#CharacterizedElement'>
      <failure>
        Asserted in
        http://opencaesar.io/examples/firesat/programs/earth-science/projects/firesat/bundle/classes.
      </failure>
    </testcase>
    <testcase name='http://imce.jpl.nasa.gov/discipline/fse/fse#ReferenceDesignatedElement subclass of http://imce.jpl.nasa.gov/foundation/analysis#CharacterizedElement'>
      <failure>
        Asserted in
        http://opencaesar.io/examples/firesat/programs/earth-science/projects/firesat/bundle/classes.
      </failure>
    </testcase>
    <testcase name='http://iso.org/80000-4-quantities#mass subclass of http://imce.jpl.nasa.gov/foundation/analysis#CharacterizedElement'>
      <failure>
        Asserted in
        http://opencaesar.io/examples/firesat/programs/earth-science/projects/firesat/bundle/classes.
      </failure>
    </testcase>
    <testcase name='http://imce.jpl.nasa.gov/discipline/fse/fse#EndCircuitPresentingElement subclass of http://imce.jpl.nasa.gov/foundation/analysis#CharacterizedElement'>
      <failure>
        Asserted in
        http://opencaesar.io/examples/firesat/programs/earth-science/projects/firesat/bundle/classes.
      </failure>
    </testcase>
    <testcase name='http://imce.jpl.nasa.gov/foundation/project#Interchange subclass of http://imce.jpl.nasa.gov/foundation/analysis#CharacterizedElement'>
      <failure>
        Asserted in
        http://opencaesar.io/examples/firesat/programs/earth-science/projects/firesat/bundle/classes.
      </failure>
    </testcase>
    <testcase name='http://imce.jpl.nasa.gov/discipline/fse/fse#FlightHardwareComponent subclass of http://imce.jpl.nasa.gov/foundation/mission#Component'>
      <failure>
        Asserted in http://imce.jpl.nasa.gov/discipline/fse/fse,
        http://opencaesar.io/examples/firesat/programs/earth-science/projects/firesat/bundle/classes.
      </failure>
    </testcase>
    <testcase name='http://imce.jpl.nasa.gov/discipline/fse/fse#Subsystem subclass of http://imce.jpl.nasa.gov/foundation/mission#Component'>
      <failure>
        Asserted in
        http://opencaesar.io/examples/firesat/programs/earth-science/projects/firesat/bundle/classes.
      </failure>
    </testcase>
    <testcase name='http://imce.jpl.nasa.gov/discipline/fse/assemblies#BaseAssembly subclass of http://imce.jpl.nasa.gov/foundation/mission#Component'>
      <failure>
        Asserted in
        http://opencaesar.io/examples/firesat/programs/earth-science/projects/firesat/bundle/classes.
      </failure>
    </testcase>
    <testcase name='http://imce.jpl.nasa.gov/foundation/mission#Component subclass of http://imce.jpl.nasa.gov/foundation/mission#Component'>
      <failure>
        Asserted in
        http://opencaesar.io/examples/firesat/programs/earth-science/projects/firesat/bundle/classes.
      </failure>
    </testcase>
    <testcase name='http://imce.jpl.nasa.gov/discipline/fse/fse#Assembly subclass of http://imce.jpl.nasa.gov/foundation/mission#Component'>
      <failure>
        Asserted in
        http://opencaesar.io/examples/firesat/programs/earth-science/projects/firesat/bundle/classes.
      </failure>
    </testcase>
    <testcase name='http://imce.jpl.nasa.gov/discipline/fse/fse#EndCircuit subclass of http://imce.jpl.nasa.gov/foundation/mission#Interface'>
      <failure>
        Asserted in http://imce.jpl.nasa.gov/discipline/fse/fse,
        http://opencaesar.io/examples/firesat/programs/earth-science/projects/firesat/bundle/classes.
      </failure>
    </testcase>
    <testcase name='http://imce.jpl.nasa.gov/discipline/fse/endcircuits#Power subclass of http://imce.jpl.nasa.gov/foundation/mission#Interface'>
      <failure>
        Asserted in
        http://opencaesar.io/examples/firesat/programs/earth-science/projects/firesat/bundle/classes.
      </failure>
    </testcase>
    <testcase name='http://imce.jpl.nasa.gov/discipline/fse/endcircuits#PowerIn subclass of http://imce.jpl.nasa.gov/foundation/mission#Interface'>
      <failure>
        Asserted in
        http://opencaesar.io/examples/firesat/programs/earth-science/projects/firesat/bundle/classes.
      </failure>
    </testcase>
    <testcase name='http://imce.jpl.nasa.gov/discipline/fse/endcircuits#UnidirectionalPower subclass of http://imce.jpl.nasa.gov/foundation/mission#Interface'>
      <failure>
        Asserted in
        http://opencaesar.io/examples/firesat/programs/earth-science/projects/firesat/bundle/classes.
      </failure>
    </testcase>
    <testcase name='http://imce.jpl.nasa.gov/discipline/fse/endcircuits#PowerOut subclass of http://imce.jpl.nasa.gov/foundation/mission#Interface'>
      <failure>
        Asserted in
        http://opencaesar.io/examples/firesat/programs/earth-science/projects/firesat/bundle/classes.
      </failure>
    </testcase>
    <testcase name='http://imce.jpl.nasa.gov/foundation/mission#Interface subclass of http://imce.jpl.nasa.gov/foundation/mission#Interface'>
      <failure>
        Asserted in
        http://opencaesar.io/examples/firesat/programs/earth-science/projects/firesat/bundle/classes.
      </failure>
    </testcase>
    <testcase name='http://imce.jpl.nasa.gov/discipline/fse/fse#Function subclass of http://imce.jpl.nasa.gov/foundation/mission#Junction'>
      <failure>
        Asserted in http://imce.jpl.nasa.gov/discipline/fse/fse,
        http://opencaesar.io/examples/firesat/programs/earth-science/projects/firesat/bundle/classes.
      </failure>
    </testcase>
    <testcase name='http://imce.jpl.nasa.gov/discipline/fse/functions#UnidirectionalPower subclass of http://imce.jpl.nasa.gov/foundation/mission#Junction'>
      <failure>
        Asserted in
        http://opencaesar.io/examples/firesat/programs/earth-science/projects/firesat/bundle/classes.
      </failure>
    </testcase>
    <testcase name='http://imce.jpl.nasa.gov/foundation/mission#Junction subclass of http://imce.jpl.nasa.gov/foundation/mission#Junction'>
      <failure>
        Asserted in
        http://opencaesar.io/examples/firesat/programs/earth-science/projects/firesat/bundle/classes.
      </failure>
    </testcase>
    <testcase name='http://imce.jpl.nasa.gov/discipline/fse/functions#BaseFunction subclass of http://imce.jpl.nasa.gov/foundation/mission#Junction'>
      <failure>
        Asserted in
        http://opencaesar.io/examples/firesat/programs/earth-science/projects/firesat/bundle/classes.
      </failure>
    </testcase>
    <testcase name='http://imce.jpl.nasa.gov/discipline/fse/functions#Power subclass of http://imce.jpl.nasa.gov/foundation/mission#Junction'>
      <failure>
        Asserted in
        http://opencaesar.io/examples/firesat/programs/earth-science/projects/firesat/bundle/classes.
      </failure>
    </testcase>
    <testcase name='http://imce.jpl.nasa.gov/discipline/fse/fse#EndCircuitPresentingElement subclass of http://imce.jpl.nasa.gov/foundation/mission#PresentingElement'>
      <failure>
        Asserted in http://imce.jpl.nasa.gov/discipline/fse/fse,
        http://opencaesar.io/examples/firesat/programs/earth-science/projects/firesat/bundle/classes.
      </failure>
    </testcase>
    <testcase name='http://imce.jpl.nasa.gov/foundation/mission#Component subclass of http://imce.jpl.nasa.gov/foundation/mission#PresentingElement'>
      <failure>
        Asserted in http://imce.jpl.nasa.gov/foundation/mission,
        http://opencaesar.io/examples/firesat/programs/earth-science/projects/firesat/bundle/classes.
      </failure>
    </testcase>
    <testcase name='http://imce.jpl.nasa.gov/foundation/mission#Interface subclass of http://imce.jpl.nasa.gov/foundation/mission#PresentingElement'>
      <failure>
        Asserted in http://imce.jpl.nasa.gov/foundation/mission,
        http://opencaesar.io/examples/firesat/programs/earth-science/projects/firesat/bundle/classes.
      </failure>
    </testcase>
    <testcase name='http://imce.jpl.nasa.gov/foundation/mission#Mission subclass of http://imce.jpl.nasa.gov/foundation/mission#PresentingElement'>
      <failure>
        Asserted in http://imce.jpl.nasa.gov/foundation/mission,
        http://opencaesar.io/examples/firesat/programs/earth-science/projects/firesat/bundle/classes.
      </failure>
    </testcase>
    <testcase name='http://imce.jpl.nasa.gov/discipline/fse/fse#Subsystem subclass of http://imce.jpl.nasa.gov/foundation/mission#PresentingElement'>
      <failure>
        Asserted in
        http://opencaesar.io/examples/firesat/programs/earth-science/projects/firesat/bundle/classes.
      </failure>
    </testcase>
    <testcase name='http://imce.jpl.nasa.gov/discipline/fse/endcircuits#Power subclass of http://imce.jpl.nasa.gov/foundation/mission#PresentingElement'>
      <failure>
        Asserted in
        http://opencaesar.io/examples/firesat/programs/earth-science/projects/firesat/bundle/classes.
      </failure>
    </testcase>
    <testcase name='http://imce.jpl.nasa.gov/discipline/fse/fse#EndCircuit subclass of http://imce.jpl.nasa.gov/foundation/mission#PresentingElement'>
      <failure>
        Asserted in
        http://opencaesar.io/examples/firesat/programs/earth-science/projects/firesat/bundle/classes.
      </failure>
    </testcase>
    <testcase name='http://imce.jpl.nasa.gov/discipline/fse/endcircuits#PowerIn subclass of http://imce.jpl.nasa.gov/foundation/mission#PresentingElement'>
      <failure>
        Asserted in
        http://opencaesar.io/examples/firesat/programs/earth-science/projects/firesat/bundle/classes.
      </failure>
    </testcase>
    <testcase name='http://imce.jpl.nasa.gov/discipline/fse/endcircuits#UnidirectionalPower subclass of http://imce.jpl.nasa.gov/foundation/mission#PresentingElement'>
      <failure>
        Asserted in
        http://opencaesar.io/examples/firesat/programs/earth-science/projects/firesat/bundle/classes.
      </failure>
    </testcase>
    <testcase name='http://imce.jpl.nasa.gov/discipline/fse/endcircuits#PowerOut subclass of http://imce.jpl.nasa.gov/foundation/mission#PresentingElement'>
      <failure>
        Asserted in
        http://opencaesar.io/examples/firesat/programs/earth-science/projects/firesat/bundle/classes.
      </failure>
    </testcase>
    <testcase name='http://imce.jpl.nasa.gov/discipline/fse/assemblies#BaseAssembly subclass of http://imce.jpl.nasa.gov/foundation/mission#PresentingElement'>
      <failure>
        Asserted in
        http://opencaesar.io/examples/firesat/programs/earth-science/projects/firesat/bundle/classes.
      </failure>
    </testcase>
    <testcase name='http://imce.jpl.nasa.gov/foundation/mission#PresentingElement subclass of http://imce.jpl.nasa.gov/foundation/mission#PresentingElement'>
      <failure>
        Asserted in
        http://opencaesar.io/examples/firesat/programs/earth-science/projects/firesat/bundle/classes.
      </failure>
    </testcase>
    <testcase name='http://imce.jpl.nasa.gov/discipline/fse/fse#Assembly subclass of http://imce.jpl.nasa.gov/foundation/mission#PresentingElement'>
      <failure>
        Asserted in
        http://opencaesar.io/examples/firesat/programs/earth-science/projects/firesat/bundle/classes.
      </failure>
    </testcase>
    <testcase name='http://imce.jpl.nasa.gov/discipline/fse/fse#FlightHardwareComponent subclass of http://imce.jpl.nasa.gov/foundation/mission#PresentingElement'>
      <failure>
        Asserted in
        http://opencaesar.io/examples/firesat/programs/earth-science/projects/firesat/bundle/classes.
      </failure>
    </testcase>
    <testcase name='http://imce.jpl.nasa.gov/discipline/fse/fse#MassConstrainedElement subclass of http://iupac.org/metrology#Object'>
      <failure>
        Asserted in http://imce.jpl.nasa.gov/discipline/fse/fse,
        http://opencaesar.io/examples/firesat/programs/earth-science/projects/firesat/bundle/classes.
      </failure>
    </testcase>
    <testcase name='http://imce.jpl.nasa.gov/discipline/fse/fse#Subsystem subclass of http://iupac.org/metrology#Object'>
      <failure>
        Asserted in
        http://opencaesar.io/examples/firesat/programs/earth-science/projects/firesat/bundle/classes.
      </failure>
    </testcase>
    <testcase name='http://imce.jpl.nasa.gov/discipline/fse/assemblies#BaseAssembly subclass of http://iupac.org/metrology#Object'>
      <failure>
        Asserted in
        http://opencaesar.io/examples/firesat/programs/earth-science/projects/firesat/bundle/classes.
      </failure>
    </testcase>
    <testcase name='http://iupac.org/metrology#Object subclass of http://iupac.org/metrology#Object'>
      <failure>
        Asserted in
        http://opencaesar.io/examples/firesat/programs/earth-science/projects/firesat/bundle/classes.
      </failure>
    </testcase>
    <testcase name='http://imce.jpl.nasa.gov/discipline/fse/fse#Assembly subclass of http://iupac.org/metrology#Object'>
      <failure>
        Asserted in
        http://opencaesar.io/examples/firesat/programs/earth-science/projects/firesat/bundle/classes.
      </failure>
    </testcase>
    <testcase name='http://imce.jpl.nasa.gov/discipline/fse/fse#FlightHardwareComponent subclass of http://iupac.org/metrology#Object'>
      <failure>
        Asserted in
        http://opencaesar.io/examples/firesat/programs/earth-science/projects/firesat/bundle/classes.
      </failure>
    </testcase>
    <testcase name='http://imce.jpl.nasa.gov/discipline/fse/fse#MassAllocatedElement subclass of http://iupac.org/metrology#Object'>
      <failure>
        Asserted in
        http://opencaesar.io/examples/firesat/programs/earth-science/projects/firesat/bundle/classes.
      </failure>
    </testcase>
    <testcase name='http://imce.jpl.nasa.gov/discipline/fse/fse#MassEstimatedElement subclass of http://iupac.org/metrology#Object'>
      <failure>
        Asserted in
        http://opencaesar.io/examples/firesat/programs/earth-science/projects/firesat/bundle/classes.
      </failure>
    </testcase>
    <testcase name='http://imce.jpl.nasa.gov/foundation/project#WorkPackage subclass of http://iupac.org/metrology#Object'>
      <failure>
        Asserted in
        http://opencaesar.io/examples/firesat/programs/earth-science/projects/firesat/bundle/classes.
      </failure>
    </testcase>
    <testcase name='http://imce.jpl.nasa.gov/discipline/fse/fse#ConsumableMass subclass of http://iupac.org/metrology#Object'>
      <failure>
        Asserted in
        http://opencaesar.io/examples/firesat/programs/earth-science/projects/firesat/bundle/classes.
      </failure>
    </testcase>
    <testcase name='http://imce.jpl.nasa.gov/discipline/fse/fse#MassProxy subclass of http://iupac.org/metrology#Object'>
      <failure>
        Asserted in
        http://opencaesar.io/examples/firesat/programs/earth-science/projects/firesat/bundle/classes.
      </failure>
    </testcase>
    <testcase name='http://imce.jpl.nasa.gov/discipline/fse/fse#Subsystem subclass of http://imce.jpl.nasa.gov/discipline/fse/fse#FlightHardwareComponent'>
      <failure>
        Asserted in http://imce.jpl.nasa.gov/discipline/fse/fse,
        http://opencaesar.io/examples/firesat/programs/earth-science/projects/firesat/bundle/classes.
      </failure>
    </testcase>
    <testcase name='http://imce.jpl.nasa.gov/discipline/fse/fse#Assembly subclass of http://imce.jpl.nasa.gov/discipline/fse/fse#FlightHardwareComponent'>
      <failure>
        Asserted in http://imce.jpl.nasa.gov/discipline/fse/fse,
        http://opencaesar.io/examples/firesat/programs/earth-science/projects/firesat/bundle/classes.
      </failure>
    </testcase>
    <testcase name='http://imce.jpl.nasa.gov/discipline/fse/assemblies#BaseAssembly subclass of http://imce.jpl.nasa.gov/discipline/fse/fse#FlightHardwareComponent'>
      <failure>
        Asserted in
        http://opencaesar.io/examples/firesat/programs/earth-science/projects/firesat/bundle/classes.
      </failure>
    </testcase>
    <testcase name='http://imce.jpl.nasa.gov/discipline/fse/fse#FlightHardwareComponent subclass of http://imce.jpl.nasa.gov/discipline/fse/fse#FlightHardwareComponent'>
      <failure>
        Asserted in
        http://opencaesar.io/examples/firesat/programs/earth-science/projects/firesat/bundle/classes.
      </failure>
    </testcase>
    <testcase name='http://imce.jpl.nasa.gov/discipline/fse/fse#CBEMagnitude subclass of http://imce.jpl.nasa.gov/discipline/fse/fse#MassEstimateMagnitude'>
      <failure>
        Asserted in http://imce.jpl.nasa.gov/discipline/fse/fse,
        http://opencaesar.io/examples/firesat/programs/earth-science/projects/firesat/bundle/classes.
      </failure>
    </testcase>
    <testcase name='http://imce.jpl.nasa.gov/discipline/fse/fse#MGAMagnitude subclass of http://imce.jpl.nasa.gov/discipline/fse/fse#MassEstimateMagnitude'>
      <failure>
        Asserted in http://imce.jpl.nasa.gov/discipline/fse/fse,
        http://opencaesar.io/examples/firesat/programs/earth-science/projects/firesat/bundle/classes.
      </failure>
    </testcase>
    <testcase name='http://imce.jpl.nasa.gov/discipline/fse/fse#MEVMagnitue subclass of http://imce.jpl.nasa.gov/discipline/fse/fse#MassEstimateMagnitude'>
      <failure>
        Asserted in http://imce.jpl.nasa.gov/discipline/fse/fse,
        http://opencaesar.io/examples/firesat/programs/earth-science/projects/firesat/bundle/classes.
      </failure>
    </testcase>
    <testcase name='http://imce.jpl.nasa.gov/discipline/fse/fse#MassEstimateMagnitude subclass of http://imce.jpl.nasa.gov/discipline/fse/fse#MassEstimateMagnitude'>
      <failure>
        Asserted in
        http://opencaesar.io/examples/firesat/programs/earth-science/projects/firesat/bundle/classes.
      </failure>
    </testcase>
    <testcase name='http://imce.jpl.nasa.gov/foundation/project#WorkPackage subclass of http://imce.jpl.nasa.gov/discipline/fse/fse#MassAllocatedElement'>
      <failure>
        Asserted in http://imce.jpl.nasa.gov/discipline/fse/fse,
        http://opencaesar.io/examples/firesat/programs/earth-science/projects/firesat/bundle/classes.
      </failure>
    </testcase>
    <testcase name='http://imce.jpl.nasa.gov/discipline/fse/fse#MassAllocatedElement subclass of http://imce.jpl.nasa.gov/discipline/fse/fse#MassAllocatedElement'>
      <failure>
        Asserted in
        http://opencaesar.io/examples/firesat/programs/earth-science/projects/firesat/bundle/classes.
      </failure>
    </testcase>
    <testcase name='http://imce.jpl.nasa.gov/discipline/fse/fse#ConnectsAssembly2 subclass of http://imce.jpl.nasa.gov/discipline/fse/fse#ConnectsAssembly'>
      <failure>
        Asserted in http://imce.jpl.nasa.gov/discipline/fse/fse,
        http://opencaesar.io/examples/firesat/programs/earth-science/projects/firesat/bundle/classes.
      </failure>
    </testcase>
    <testcase name='http://imce.jpl.nasa.gov/discipline/fse/fse#ConnectsAssembly1 subclass of http://imce.jpl.nasa.gov/discipline/fse/fse#ConnectsAssembly'>
      <failure>
        Asserted in http://imce.jpl.nasa.gov/discipline/fse/fse,
        http://opencaesar.io/examples/firesat/programs/earth-science/projects/firesat/bundle/classes.
      </failure>
    </testcase>
    <testcase name='http://imce.jpl.nasa.gov/discipline/fse/fse#ConnectsAssembly subclass of http://imce.jpl.nasa.gov/discipline/fse/fse#ConnectsAssembly'>
      <failure>
        Asserted in
        http://opencaesar.io/examples/firesat/programs/earth-science/projects/firesat/bundle/classes.
      </failure>
    </testcase>
    <testcase name='http://imce.jpl.nasa.gov/discipline/fse/fse#MassAllocatedElement subclass of http://imce.jpl.nasa.gov/discipline/fse/fse#MassConstrainedElement'>
      <failure>
        Asserted in http://imce.jpl.nasa.gov/discipline/fse/fse,
        http://opencaesar.io/examples/firesat/programs/earth-science/projects/firesat/bundle/classes.
      </failure>
    </testcase>
    <testcase name='http://imce.jpl.nasa.gov/discipline/fse/fse#MassEstimatedElement subclass of http://imce.jpl.nasa.gov/discipline/fse/fse#MassConstrainedElement'>
      <failure>
        Asserted in http://imce.jpl.nasa.gov/discipline/fse/fse,
        http://opencaesar.io/examples/firesat/programs/earth-science/projects/firesat/bundle/classes.
      </failure>
    </testcase>
    <testcase name='http://imce.jpl.nasa.gov/discipline/fse/fse#Subsystem subclass of http://imce.jpl.nasa.gov/discipline/fse/fse#MassConstrainedElement'>
      <failure>
        Asserted in
        http://opencaesar.io/examples/firesat/programs/earth-science/projects/firesat/bundle/classes.
      </failure>
    </testcase>
    <testcase name='http://imce.jpl.nasa.gov/discipline/fse/assemblies#BaseAssembly subclass of http://imce.jpl.nasa.gov/discipline/fse/fse#MassConstrainedElement'>
      <failure>
        Asserted in
        http://opencaesar.io/examples/firesat/programs/earth-science/projects/firesat/bundle/classes.
      </failure>
    </testcase>
    <testcase name='http://imce.jpl.nasa.gov/discipline/fse/fse#Assembly subclass of http://imce.jpl.nasa.gov/discipline/fse/fse#MassConstrainedElement'>
      <failure>
        Asserted in
        http://opencaesar.io/examples/firesat/programs/earth-science/projects/firesat/bundle/classes.
      </failure>
    </testcase>
    <testcase name='http://imce.jpl.nasa.gov/discipline/fse/fse#FlightHardwareComponent subclass of http://imce.jpl.nasa.gov/discipline/fse/fse#MassConstrainedElement'>
      <failure>
        Asserted in
        http://opencaesar.io/examples/firesat/programs/earth-science/projects/firesat/bundle/classes.
      </failure>
    </testcase>
    <testcase name='http://imce.jpl.nasa.gov/discipline/fse/fse#MassConstrainedElement subclass of http://imce.jpl.nasa.gov/discipline/fse/fse#MassConstrainedElement'>
      <failure>
        Asserted in
        http://opencaesar.io/examples/firesat/programs/earth-science/projects/firesat/bundle/classes.
      </failure>
    </testcase>
    <testcase name='http://imce.jpl.nasa.gov/foundation/project#WorkPackage subclass of http://imce.jpl.nasa.gov/discipline/fse/fse#MassConstrainedElement'>
      <failure>
        Asserted in
        http://opencaesar.io/examples/firesat/programs/earth-science/projects/firesat/bundle/classes.
      </failure>
    </testcase>
    <testcase name='http://imce.jpl.nasa.gov/discipline/fse/fse#ConsumableMass subclass of http://imce.jpl.nasa.gov/discipline/fse/fse#MassConstrainedElement'>
      <failure>
        Asserted in
        http://opencaesar.io/examples/firesat/programs/earth-science/projects/firesat/bundle/classes.
      </failure>
    </testcase>
    <testcase name='http://imce.jpl.nasa.gov/discipline/fse/fse#MassProxy subclass of http://imce.jpl.nasa.gov/discipline/fse/fse#MassConstrainedElement'>
      <failure>
        Asserted in
        http://opencaesar.io/examples/firesat/programs/earth-science/projects/firesat/bundle/classes.
      </failure>
    </testcase>
    <testcase name='http://imce.jpl.nasa.gov/discipline/fse/fse#MassLimitMagnitude subclass of http://imce.jpl.nasa.gov/discipline/fse/fse#MassAllocationMagnitude'>
      <failure>
        Asserted in http://imce.jpl.nasa.gov/discipline/fse/fse,
        http://opencaesar.io/examples/firesat/programs/earth-science/projects/firesat/bundle/classes.
      </failure>
    </testcase>
    <testcase name='http://imce.jpl.nasa.gov/discipline/fse/fse#MassAllocationMagnitude subclass of http://imce.jpl.nasa.gov/discipline/fse/fse#MassAllocationMagnitude'>
      <failure>
        Asserted in
        http://opencaesar.io/examples/firesat/programs/earth-science/projects/firesat/bundle/classes.
      </failure>
    </testcase>
    <testcase name='http://imce.jpl.nasa.gov/discipline/fse/fse#FlightHardwareComponent subclass of http://imce.jpl.nasa.gov/discipline/fse/fse#MassEstimatedElement'>
      <failure>
        Asserted in http://imce.jpl.nasa.gov/discipline/fse/fse,
        http://opencaesar.io/examples/firesat/programs/earth-science/projects/firesat/bundle/classes.
      </failure>
    </testcase>
    <testcase name='http://imce.jpl.nasa.gov/foundation/project#WorkPackage subclass of http://imce.jpl.nasa.gov/discipline/fse/fse#MassEstimatedElement'>
      <failure>
        Asserted in http://imce.jpl.nasa.gov/discipline/fse/fse,
        http://opencaesar.io/examples/firesat/programs/earth-science/projects/firesat/bundle/classes.
      </failure>
    </testcase>
    <testcase name='http://imce.jpl.nasa.gov/discipline/fse/fse#MassProxy subclass of http://imce.jpl.nasa.gov/discipline/fse/fse#MassEstimatedElement'>
      <failure>
        Asserted in http://imce.jpl.nasa.gov/discipline/fse/fse,
        http://opencaesar.io/examples/firesat/programs/earth-science/projects/firesat/bundle/classes.
      </failure>
    </testcase>
    <testcase name='http://imce.jpl.nasa.gov/discipline/fse/fse#Subsystem subclass of http://imce.jpl.nasa.gov/discipline/fse/fse#MassEstimatedElement'>
      <failure>
        Asserted in
        http://opencaesar.io/examples/firesat/programs/earth-science/projects/firesat/bundle/classes.
      </failure>
    </testcase>
    <testcase name='http://imce.jpl.nasa.gov/discipline/fse/assemblies#BaseAssembly subclass of http://imce.jpl.nasa.gov/discipline/fse/fse#MassEstimatedElement'>
      <failure>
        Asserted in
        http://opencaesar.io/examples/firesat/programs/earth-science/projects/firesat/bundle/classes.
      </failure>
    </testcase>
    <testcase name='http://imce.jpl.nasa.gov/discipline/fse/fse#Assembly subclass of http://imce.jpl.nasa.gov/discipline/fse/fse#MassEstimatedElement'>
      <failure>
        Asserted in
        http://opencaesar.io/examples/firesat/programs/earth-science/projects/firesat/bundle/classes.
      </failure>
    </testcase>
    <testcase name='http://imce.jpl.nasa.gov/discipline/fse/fse#MassEstimatedElement subclass of http://imce.jpl.nasa.gov/discipline/fse/fse#MassEstimatedElement'>
      <failure>
        Asserted in
        http://opencaesar.io/examples/firesat/programs/earth-science/projects/firesat/bundle/classes.
      </failure>
    </testcase>
    <testcase name='http://imce.jpl.nasa.gov/discipline/fse/fse#ConsumableMass subclass of http://imce.jpl.nasa.gov/discipline/fse/fse#MassEstimatedElement'>
      <failure>
        Asserted in
        http://opencaesar.io/examples/firesat/programs/earth-science/projects/firesat/bundle/classes.
      </failure>
    </testcase>
    <testcase name='http://imce.jpl.nasa.gov/discipline/fse/fse#ConsumableMass subclass of http://imce.jpl.nasa.gov/discipline/fse/fse#MassProxy'>
      <failure>
        Asserted in http://imce.jpl.nasa.gov/discipline/fse/fse,
        http://opencaesar.io/examples/firesat/programs/earth-science/projects/firesat/bundle/classes.
      </failure>
    </testcase>
    <testcase name='http://imce.jpl.nasa.gov/discipline/fse/fse#MassProxy subclass of http://imce.jpl.nasa.gov/discipline/fse/fse#MassProxy'>
      <failure>
        Asserted in
        http://opencaesar.io/examples/firesat/programs/earth-science/projects/firesat/bundle/classes.
      </failure>
    </testcase>
    <testcase name='http://imce.jpl.nasa.gov/discipline/fse/fse#MassLimit subclass of http://imce.jpl.nasa.gov/discipline/fse/fse#MassAllocation'>
      <failure>
        Asserted in http://imce.jpl.nasa.gov/discipline/fse/fse,
        http://opencaesar.io/examples/firesat/programs/earth-science/projects/firesat/bundle/classes.
      </failure>
    </testcase>
    <testcase name='http://imce.jpl.nasa.gov/discipline/fse/fse#MassAllocation subclass of http://imce.jpl.nasa.gov/discipline/fse/fse#MassAllocation'>
      <failure>
        Asserted in
        http://opencaesar.io/examples/firesat/programs/earth-science/projects/firesat/bundle/classes.
      </failure>
    </testcase>
    <testcase name='http://imce.jpl.nasa.gov/discipline/fse/fse#CBEMass subclass of http://imce.jpl.nasa.gov/discipline/fse/fse#MassEstimate'>
      <failure>
        Asserted in http://imce.jpl.nasa.gov/discipline/fse/fse,
        http://opencaesar.io/examples/firesat/programs/earth-science/projects/firesat/bundle/classes.
      </failure>
    </testcase>
    <testcase name='http://imce.jpl.nasa.gov/discipline/fse/fse#MGAMass subclass of http://imce.jpl.nasa.gov/discipline/fse/fse#MassEstimate'>
      <failure>
        Asserted in http://imce.jpl.nasa.gov/discipline/fse/fse,
        http://opencaesar.io/examples/firesat/programs/earth-science/projects/firesat/bundle/classes.
      </failure>
    </testcase>
    <testcase name='http://imce.jpl.nasa.gov/discipline/fse/fse#MEVMass subclass of http://imce.jpl.nasa.gov/discipline/fse/fse#MassEstimate'>
      <failure>
        Asserted in http://imce.jpl.nasa.gov/discipline/fse/fse,
        http://opencaesar.io/examples/firesat/programs/earth-science/projects/firesat/bundle/classes.
      </failure>
    </testcase>
    <testcase name='http://imce.jpl.nasa.gov/discipline/fse/fse#MassEstimate subclass of http://imce.jpl.nasa.gov/discipline/fse/fse#MassEstimate'>
      <failure>
        Asserted in
        http://opencaesar.io/examples/firesat/programs/earth-science/projects/firesat/bundle/classes.
      </failure>
    </testcase>
    <testcase name='http://imce.jpl.nasa.gov/discipline/fse/fse#Subsystem subclass of http://imce.jpl.nasa.gov/discipline/fse/fse#ReferenceDesignatedElement'>
      <failure>
        Asserted in http://imce.jpl.nasa.gov/discipline/fse/fse,
        http://opencaesar.io/examples/firesat/programs/earth-science/projects/firesat/bundle/classes.
      </failure>
    </testcase>
    <testcase name='http://imce.jpl.nasa.gov/discipline/fse/fse#Assembly subclass of http://imce.jpl.nasa.gov/discipline/fse/fse#ReferenceDesignatedElement'>
      <failure>
        Asserted in http://imce.jpl.nasa.gov/discipline/fse/fse,
        http://opencaesar.io/examples/firesat/programs/earth-science/projects/firesat/bundle/classes.
      </failure>
    </testcase>
    <testcase name='http://imce.jpl.nasa.gov/discipline/fse/assemblies#BaseAssembly subclass of http://imce.jpl.nasa.gov/discipline/fse/fse#ReferenceDesignatedElement'>
      <failure>
        Asserted in
        http://opencaesar.io/examples/firesat/programs/earth-science/projects/firesat/bundle/classes.
      </failure>
    </testcase>
    <testcase name='http://imce.jpl.nasa.gov/discipline/fse/fse#ReferenceDesignatedElement subclass of http://imce.jpl.nasa.gov/discipline/fse/fse#ReferenceDesignatedElement'>
      <failure>
        Asserted in
        http://opencaesar.io/examples/firesat/programs/earth-science/projects/firesat/bundle/classes.
      </failure>
    </testcase>
    <testcase name='http://imce.jpl.nasa.gov/discipline/fse/fse#MassAllocation subclass of http://iso.org/80000-4-quantities#mass'>
      <failure>
        Asserted in http://imce.jpl.nasa.gov/discipline/fse/fse,
        http://opencaesar.io/examples/firesat/programs/earth-science/projects/firesat/bundle/classes.
      </failure>
    </testcase>
    <testcase name='http://imce.jpl.nasa.gov/discipline/fse/fse#MassEstimate subclass of http://iso.org/80000-4-quantities#mass'>
      <failure>
        Asserted in http://imce.jpl.nasa.gov/discipline/fse/fse,
        http://opencaesar.io/examples/firesat/programs/earth-science/projects/firesat/bundle/classes.
      </failure>
    </testcase>
    <testcase name='http://imce.jpl.nasa.gov/discipline/fse/fse#CBEMass subclass of http://iso.org/80000-4-quantities#mass'>
      <failure>
        Asserted in
        http://opencaesar.io/examples/firesat/programs/earth-science/projects/firesat/bundle/classes.
      </failure>
    </testcase>
    <testcase name='http://imce.jpl.nasa.gov/discipline/fse/fse#MassLimit subclass of http://iso.org/80000-4-quantities#mass'>
      <failure>
        Asserted in
        http://opencaesar.io/examples/firesat/programs/earth-science/projects/firesat/bundle/classes.
      </failure>
    </testcase>
    <testcase name='http://imce.jpl.nasa.gov/discipline/fse/fse#MGAMass subclass of http://iso.org/80000-4-quantities#mass'>
      <failure>
        Asserted in
        http://opencaesar.io/examples/firesat/programs/earth-science/projects/firesat/bundle/classes.
      </failure>
    </testcase>
    <testcase name='http://imce.jpl.nasa.gov/discipline/fse/fse#MEVMass subclass of http://iso.org/80000-4-quantities#mass'>
      <failure>
        Asserted in
        http://opencaesar.io/examples/firesat/programs/earth-science/projects/firesat/bundle/classes.
      </failure>
    </testcase>
    <testcase name='http://iso.org/80000-4-quantities#mass subclass of http://iso.org/80000-4-quantities#mass'>
      <failure>
        Asserted in
        http://opencaesar.io/examples/firesat/programs/earth-science/projects/firesat/bundle/classes.
      </failure>
    </testcase>
    <testcase name='http://imce.jpl.nasa.gov/discipline/fse/fse#Assembly subclass of http://imce.jpl.nasa.gov/discipline/fse/fse#EndCircuitPresentingElement'>
      <failure>
        Asserted in http://imce.jpl.nasa.gov/discipline/fse/fse,
        http://opencaesar.io/examples/firesat/programs/earth-science/projects/firesat/bundle/classes.
      </failure>
    </testcase>
    <testcase name='http://imce.jpl.nasa.gov/discipline/fse/assemblies#BaseAssembly subclass of http://imce.jpl.nasa.gov/discipline/fse/fse#EndCircuitPresentingElement'>
      <failure>
        Asserted in
        http://opencaesar.io/examples/firesat/programs/earth-science/projects/firesat/bundle/classes.
      </failure>
    </testcase>
    <testcase name='http://imce.jpl.nasa.gov/discipline/fse/fse#EndCircuitPresentingElement subclass of http://imce.jpl.nasa.gov/discipline/fse/fse#EndCircuitPresentingElement'>
      <failure>
        Asserted in
        http://opencaesar.io/examples/firesat/programs/earth-science/projects/firesat/bundle/classes.
      </failure>
    </testcase>
    <testcase name='http://imce.jpl.nasa.gov/discipline/fse/fse#Assembly subclass of -6352b5c8:1761fe45fe9:-7fff'>
      <failure>
        Asserted in http://imce.jpl.nasa.gov/discipline/fse/fse.
      </failure>
    </testcase>
    <testcase name='http://imce.jpl.nasa.gov/discipline/fse/fse#CBEMass subclass of -6352b5c8:1761fe45fe9:-7ffe'>
      <failure>
        Asserted in http://imce.jpl.nasa.gov/discipline/fse/fse.
      </failure>
    </testcase>
    <testcase name='http://imce.jpl.nasa.gov/discipline/fse/fse#EndCircuit subclass of -6352b5c8:1761fe45fe9:-7ffd'>
      <failure>
        Asserted in http://imce.jpl.nasa.gov/discipline/fse/fse.
      </failure>
    </testcase>
    <testcase name='http://imce.jpl.nasa.gov/discipline/fse/fse#EndCircuit subclass of -6352b5c8:1761fe45fe9:-7ffc'>
      <failure>
        Asserted in http://imce.jpl.nasa.gov/discipline/fse/fse.
      </failure>
    </testcase>
    <testcase name='http://imce.jpl.nasa.gov/discipline/fse/fse#Function subclass of -6352b5c8:1761fe45fe9:-7ffb'>
      <failure>
        Asserted in http://imce.jpl.nasa.gov/discipline/fse/fse.
      </failure>
    </testcase>
    <testcase name='http://imce.jpl.nasa.gov/discipline/fse/fse#MEVMass subclass of -6352b5c8:1761fe45fe9:-7ffa'>
      <failure>
        Asserted in http://imce.jpl.nasa.gov/discipline/fse/fse.
      </failure>
    </testcase>
    <testcase name='http://imce.jpl.nasa.gov/discipline/fse/fse#MGAMass subclass of -6352b5c8:1761fe45fe9:-7ff9'>
      <failure>
        Asserted in http://imce.jpl.nasa.gov/discipline/fse/fse.
      </failure>
    </testcase>
    <testcase name='http://imce.jpl.nasa.gov/discipline/fse/fse#MassAllocation subclass of -6352b5c8:1761fe45fe9:-7ff8'>
      <failure>
        Asserted in http://imce.jpl.nasa.gov/discipline/fse/fse.
      </failure>
    </testcase>
    <testcase name='http://imce.jpl.nasa.gov/discipline/fse/fse#MassAllocationMagnitude subclass of -6352b5c8:1761fe45fe9:-7ff7'>
      <failure>
        Asserted in http://imce.jpl.nasa.gov/discipline/fse/fse.
      </failure>
    </testcase>
    <testcase name='http://imce.jpl.nasa.gov/discipline/fse/fse#MassEstimate subclass of -6352b5c8:1761fe45fe9:-7ff6'>
      <failure>
        Asserted in http://imce.jpl.nasa.gov/discipline/fse/fse.
      </failure>
    </testcase>
    <testcase name='http://imce.jpl.nasa.gov/discipline/fse/fse#MassEstimateMagnitude subclass of -6352b5c8:1761fe45fe9:-7ff5'>
      <failure>
        Asserted in http://imce.jpl.nasa.gov/discipline/fse/fse.
      </failure>
    </testcase>
    <testcase name='http://imce.jpl.nasa.gov/discipline/fse/fse#MassLimit subclass of -6352b5c8:1761fe45fe9:-7ff4'>
      <failure>
        Asserted in http://imce.jpl.nasa.gov/discipline/fse/fse.
      </failure>
    </testcase>
    <testcase name='http://imce.jpl.nasa.gov/discipline/fse/fse#Subsystem subclass of -6352b5c8:1761fe45fe9:-7ff3'>
      <failure>
        Asserted in http://imce.jpl.nasa.gov/discipline/fse/fse.
      </failure>
    </testcase>
    <testcase name='http://iso.org/80000-6-magnitudes1#newton-per-coulomb-magnitude subclass of http://iso.org/80000-6-units#ElectricFieldStrengthMagnitude'>
      <failure>
        Asserted in http://iso.org/80000-6-magnitudes1,
        http://opencaesar.io/examples/firesat/programs/earth-science/projects/firesat/bundle/classes.
      </failure>
    </testcase>
    <testcase name='http://iso.org/80000-6-units#ElectricFieldStrengthMagnitude subclass of http://iso.org/80000-6-units#ElectricFieldStrengthMagnitude'>
      <failure>
        Asserted in
        http://opencaesar.io/examples/firesat/programs/earth-science/projects/firesat/bundle/classes.
      </failure>
    </testcase>
    <testcase name='http://iso.org/80000-6-magnitudes1#ampere-magnitude subclass of http://iso.org/80000-6-units#ElectricCurrentMagnitude'>
      <failure>
        Asserted in http://iso.org/80000-6-magnitudes1,
        http://opencaesar.io/examples/firesat/programs/earth-science/projects/firesat/bundle/classes.
      </failure>
    </testcase>
    <testcase name='http://iso.org/80000-6-units#ElectricCurrentMagnitude subclass of http://iso.org/80000-6-units#ElectricCurrentMagnitude'>
      <failure>
        Asserted in
        http://opencaesar.io/examples/firesat/programs/earth-science/projects/firesat/bundle/classes.
      </failure>
    </testcase>
    <testcase name='http://iso.org/80000-6-magnitudes1#ohm-magnitude subclass of http://iso.org/80000-6-units#ResistanceMagnitude'>
      <failure>
        Asserted in http://iso.org/80000-6-magnitudes1,
        http://opencaesar.io/examples/firesat/programs/earth-science/projects/firesat/bundle/classes.
      </failure>
    </testcase>
    <testcase name='http://iso.org/80000-6-units#ResistanceMagnitude subclass of http://iso.org/80000-6-units#ResistanceMagnitude'>
      <failure>
        Asserted in
        http://opencaesar.io/examples/firesat/programs/earth-science/projects/firesat/bundle/classes.
      </failure>
    </testcase>
    <testcase name='http://iso.org/80000-6-magnitudes1#coulomb-magnitude subclass of http://iso.org/80000-6-units#ElectricChargeMagnitude'>
      <failure>
        Asserted in http://iso.org/80000-6-magnitudes1,
        http://opencaesar.io/examples/firesat/programs/earth-science/projects/firesat/bundle/classes.
      </failure>
    </testcase>
    <testcase name='http://iso.org/80000-6-units#ElectricChargeMagnitude subclass of http://iso.org/80000-6-units#ElectricChargeMagnitude'>
      <failure>
        Asserted in
        http://opencaesar.io/examples/firesat/programs/earth-science/projects/firesat/bundle/classes.
      </failure>
    </testcase>
    <testcase name='http://iso.org/80000-6-magnitudes1#volt-magnitude subclass of http://iso.org/80000-6-units#ElectricPotentialMagnitude'>
      <failure>
        Asserted in http://iso.org/80000-6-magnitudes1,
        http://opencaesar.io/examples/firesat/programs/earth-science/projects/firesat/bundle/classes.
      </failure>
    </testcase>
    <testcase name='http://iso.org/80000-6-units#ElectricPotentialMagnitude subclass of http://iso.org/80000-6-units#ElectricPotentialMagnitude'>
      <failure>
        Asserted in
        http://opencaesar.io/examples/firesat/programs/earth-science/projects/firesat/bundle/classes.
      </failure>
    </testcase>
    <testcase name='http://iso.org/80000-6-magnitudes1#ampere-magnitude subclass of -6352b5c8:1761fe45fe9:-7ff2'>
      <failure>
        Asserted in http://iso.org/80000-6-magnitudes1.
      </failure>
    </testcase>
    <testcase name='http://iso.org/80000-6-magnitudes1#coulomb-magnitude subclass of -6352b5c8:1761fe45fe9:-7ff1'>
      <failure>
        Asserted in http://iso.org/80000-6-magnitudes1.
      </failure>
    </testcase>
    <testcase name='http://iso.org/80000-6-magnitudes1#newton-per-coulomb-magnitude subclass of -6352b5c8:1761fe45fe9:-7ff0'>
      <failure>
        Asserted in http://iso.org/80000-6-magnitudes1.
      </failure>
    </testcase>
    <testcase name='http://iso.org/80000-6-magnitudes1#ohm-magnitude subclass of -6352b5c8:1761fe45fe9:-7fef'>
      <failure>
        Asserted in http://iso.org/80000-6-magnitudes1.
      </failure>
    </testcase>
    <testcase name='http://iso.org/80000-6-magnitudes1#volt-magnitude subclass of -6352b5c8:1761fe45fe9:-7fee'>
      <failure>
        Asserted in http://iso.org/80000-6-magnitudes1.
      </failure>
    </testcase>
    <testcase name='http://imce.jpl.nasa.gov/foundation/analysis#Explanation subclass of http://imce.jpl.nasa.gov/foundation/base#AggregatedElement'>
      <failure>
        Asserted in http://imce.jpl.nasa.gov/foundation/analysis,
        http://opencaesar.io/examples/firesat/programs/earth-science/projects/firesat/bundle/classes.
      </failure>
    </testcase>
    <testcase name='http://imce.jpl.nasa.gov/foundation/project#Concern subclass of http://imce.jpl.nasa.gov/foundation/base#AggregatedElement'>
      <failure>
        Asserted in http://imce.jpl.nasa.gov/foundation/project,
        http://opencaesar.io/examples/firesat/programs/earth-science/projects/firesat/bundle/classes.
      </failure>
    </testcase>
    <testcase name='http://imce.jpl.nasa.gov/foundation/project#Product subclass of http://imce.jpl.nasa.gov/foundation/base#AggregatedElement'>
      <failure>
        Asserted in http://imce.jpl.nasa.gov/foundation/project,
        http://opencaesar.io/examples/firesat/programs/earth-science/projects/firesat/bundle/classes.
      </failure>
    </testcase>
    <testcase name='http://imce.jpl.nasa.gov/foundation/mission#Component subclass of http://imce.jpl.nasa.gov/foundation/base#AggregatedElement'>
      <failure>
        Asserted in http://imce.jpl.nasa.gov/foundation/mission,
        http://opencaesar.io/examples/firesat/programs/earth-science/projects/firesat/bundle/classes.
      </failure>
    </testcase>
    <testcase name='http://imce.jpl.nasa.gov/foundation/mission#Environment subclass of http://imce.jpl.nasa.gov/foundation/base#AggregatedElement'>
      <failure>
        Asserted in http://imce.jpl.nasa.gov/foundation/mission,
        http://opencaesar.io/examples/firesat/programs/earth-science/projects/firesat/bundle/classes.
      </failure>
    </testcase>
    <testcase name='http://imce.jpl.nasa.gov/foundation/mission#Objective subclass of http://imce.jpl.nasa.gov/foundation/base#AggregatedElement'>
      <failure>
        Asserted in http://imce.jpl.nasa.gov/foundation/mission,
        http://opencaesar.io/examples/firesat/programs/earth-science/projects/firesat/bundle/classes.
      </failure>
    </testcase>
    <testcase name='http://imce.jpl.nasa.gov/foundation/mission#Product subclass of http://imce.jpl.nasa.gov/foundation/base#AggregatedElement'>
      <failure>
        Asserted in http://imce.jpl.nasa.gov/foundation/mission,
        http://opencaesar.io/examples/firesat/programs/earth-science/projects/firesat/bundle/classes.
      </failure>
    </testcase>
    <testcase name='http://imce.jpl.nasa.gov/discipline/fse/fse#Subsystem subclass of http://imce.jpl.nasa.gov/foundation/base#AggregatedElement'>
      <failure>
        Asserted in
        http://opencaesar.io/examples/firesat/programs/earth-science/projects/firesat/bundle/classes.
      </failure>
    </testcase>
    <testcase name='http://imce.jpl.nasa.gov/discipline/fse/assemblies#BaseAssembly subclass of http://imce.jpl.nasa.gov/foundation/base#AggregatedElement'>
      <failure>
        Asserted in
        http://opencaesar.io/examples/firesat/programs/earth-science/projects/firesat/bundle/classes.
      </failure>
    </testcase>
    <testcase name='http://imce.jpl.nasa.gov/foundation/base#AggregatedElement subclass of http://imce.jpl.nasa.gov/foundation/base#AggregatedElement'>
      <failure>
        Asserted in
        http://opencaesar.io/examples/firesat/programs/earth-science/projects/firesat/bundle/classes.
      </failure>
    </testcase>
    <testcase name='http://imce.jpl.nasa.gov/foundation/analysis#Analysis subclass of http://imce.jpl.nasa.gov/foundation/base#AggregatedElement'>
      <failure>
        Asserted in
        http://opencaesar.io/examples/firesat/programs/earth-science/projects/firesat/bundle/classes.
      </failure>
    </testcase>
    <testcase name='http://imce.jpl.nasa.gov/foundation/analysis#DrivingRequirementsAnalysis subclass of http://imce.jpl.nasa.gov/foundation/base#AggregatedElement'>
      <failure>
        Asserted in
        http://opencaesar.io/examples/firesat/programs/earth-science/projects/firesat/bundle/classes.
      </failure>
    </testcase>
    <testcase name='http://imce.jpl.nasa.gov/foundation/analysis#DrivingRequirementsExplanation subclass of http://imce.jpl.nasa.gov/foundation/base#AggregatedElement'>
      <failure>
        Asserted in
        http://opencaesar.io/examples/firesat/programs/earth-science/projects/firesat/bundle/classes.
      </failure>
    </testcase>
    <testcase name='http://imce.jpl.nasa.gov/foundation/analysis#KeyRequirementsAnalysis subclass of http://imce.jpl.nasa.gov/foundation/base#AggregatedElement'>
      <failure>
        Asserted in
        http://opencaesar.io/examples/firesat/programs/earth-science/projects/firesat/bundle/classes.
      </failure>
    </testcase>
    <testcase name='http://imce.jpl.nasa.gov/foundation/analysis#KeyRequirementsExplanation subclass of http://imce.jpl.nasa.gov/foundation/base#AggregatedElement'>
      <failure>
        Asserted in
        http://opencaesar.io/examples/firesat/programs/earth-science/projects/firesat/bundle/classes.
      </failure>
    </testcase>
    <testcase name='http://imce.jpl.nasa.gov/foundation/analysis#TradeStudy subclass of http://imce.jpl.nasa.gov/foundation/base#AggregatedElement'>
      <failure>
        Asserted in
        http://opencaesar.io/examples/firesat/programs/earth-science/projects/firesat/bundle/classes.
      </failure>
    </testcase>
    <testcase name='http://imce.jpl.nasa.gov/discipline/fse/fse#Assembly subclass of http://imce.jpl.nasa.gov/foundation/base#AggregatedElement'>
      <failure>
        Asserted in
        http://opencaesar.io/examples/firesat/programs/earth-science/projects/firesat/bundle/classes.
      </failure>
    </testcase>
    <testcase name='http://imce.jpl.nasa.gov/discipline/fse/fse#FlightHardwareComponent subclass of http://imce.jpl.nasa.gov/foundation/base#AggregatedElement'>
      <failure>
        Asserted in
        http://opencaesar.io/examples/firesat/programs/earth-science/projects/firesat/bundle/classes.
      </failure>
    </testcase>
    <testcase name='http://imce.jpl.nasa.gov/foundation/analysis#Analysis subclass of http://imce.jpl.nasa.gov/foundation/analysis#Explanation'>
      <failure>
        Asserted in http://imce.jpl.nasa.gov/foundation/analysis,
        http://opencaesar.io/examples/firesat/programs/earth-science/projects/firesat/bundle/classes.
      </failure>
    </testcase>
    <testcase name='http://imce.jpl.nasa.gov/foundation/analysis#Explanation subclass of http://imce.jpl.nasa.gov/foundation/analysis#Explanation'>
      <failure>
        Asserted in
        http://opencaesar.io/examples/firesat/programs/earth-science/projects/firesat/bundle/classes.
      </failure>
    </testcase>
    <testcase name='http://imce.jpl.nasa.gov/foundation/analysis#DrivingRequirementsAnalysis subclass of http://imce.jpl.nasa.gov/foundation/analysis#Explanation'>
      <failure>
        Asserted in
        http://opencaesar.io/examples/firesat/programs/earth-science/projects/firesat/bundle/classes.
      </failure>
    </testcase>
    <testcase name='http://imce.jpl.nasa.gov/foundation/analysis#DrivingRequirementsExplanation subclass of http://imce.jpl.nasa.gov/foundation/analysis#Explanation'>
      <failure>
        Asserted in
        http://opencaesar.io/examples/firesat/programs/earth-science/projects/firesat/bundle/classes.
      </failure>
    </testcase>
    <testcase name='http://imce.jpl.nasa.gov/foundation/analysis#KeyRequirementsAnalysis subclass of http://imce.jpl.nasa.gov/foundation/analysis#Explanation'>
      <failure>
        Asserted in
        http://opencaesar.io/examples/firesat/programs/earth-science/projects/firesat/bundle/classes.
      </failure>
    </testcase>
    <testcase name='http://imce.jpl.nasa.gov/foundation/analysis#KeyRequirementsExplanation subclass of http://imce.jpl.nasa.gov/foundation/analysis#Explanation'>
      <failure>
        Asserted in
        http://opencaesar.io/examples/firesat/programs/earth-science/projects/firesat/bundle/classes.
      </failure>
    </testcase>
    <testcase name='http://imce.jpl.nasa.gov/foundation/analysis#TradeStudy subclass of http://imce.jpl.nasa.gov/foundation/analysis#Explanation'>
      <failure>
        Asserted in
        http://opencaesar.io/examples/firesat/programs/earth-science/projects/firesat/bundle/classes.
      </failure>
    </testcase>
    <testcase name='http://imce.jpl.nasa.gov/foundation/analysis#Explanation subclass of http://imce.jpl.nasa.gov/foundation/analysis#Characterization'>
      <failure>
        Asserted in http://imce.jpl.nasa.gov/foundation/analysis,
        http://opencaesar.io/examples/firesat/programs/earth-science/projects/firesat/bundle/classes.
      </failure>
    </testcase>
    <testcase name='http://imce.jpl.nasa.gov/foundation/analysis#Assumption subclass of http://imce.jpl.nasa.gov/foundation/analysis#Characterization'>
      <failure>
        Asserted in http://imce.jpl.nasa.gov/foundation/analysis,
        http://opencaesar.io/examples/firesat/programs/earth-science/projects/firesat/bundle/classes.
      </failure>
    </testcase>
    <testcase name='http://imce.jpl.nasa.gov/foundation/analysis#GlossaryEntry subclass of http://imce.jpl.nasa.gov/foundation/analysis#Characterization'>
      <failure>
        Asserted in http://imce.jpl.nasa.gov/foundation/analysis,
        http://opencaesar.io/examples/firesat/programs/earth-science/projects/firesat/bundle/classes.
      </failure>
    </testcase>
    <testcase name='http://iupac.org/metrology#Quantity subclass of http://imce.jpl.nasa.gov/foundation/analysis#Characterization'>
      <failure>
        Asserted in http://imce.jpl.nasa.gov/foundation/analysis,
        http://opencaesar.io/examples/firesat/programs/earth-science/projects/firesat/bundle/classes.
      </failure>
    </testcase>
    <testcase name='http://imce.jpl.nasa.gov/foundation/project#DevelopmentState subclass of http://imce.jpl.nasa.gov/foundation/analysis#Characterization'>
      <failure>
        Asserted in http://imce.jpl.nasa.gov/foundation/project,
        http://opencaesar.io/examples/firesat/programs/earth-science/projects/firesat/bundle/classes.
      </failure>
    </testcase>
    <testcase name='http://imce.jpl.nasa.gov/discipline/fse/fse#CBEMass subclass of http://imce.jpl.nasa.gov/foundation/analysis#Characterization'>
      <failure>
        Asserted in
        http://opencaesar.io/examples/firesat/programs/earth-science/projects/firesat/bundle/classes.
      </failure>
    </testcase>
    <testcase name='http://imce.jpl.nasa.gov/discipline/fse/fse#MassLimit subclass of http://imce.jpl.nasa.gov/foundation/analysis#Characterization'>
      <failure>
        Asserted in
        http://opencaesar.io/examples/firesat/programs/earth-science/projects/firesat/bundle/classes.
      </failure>
    </testcase>
    <testcase name='http://imce.jpl.nasa.gov/foundation/analysis#Characterization subclass of http://imce.jpl.nasa.gov/foundation/analysis#Characterization'>
      <failure>
        Asserted in
        http://opencaesar.io/examples/firesat/programs/earth-science/projects/firesat/bundle/classes.
      </failure>
    </testcase>
    <testcase name='http://imce.jpl.nasa.gov/foundation/analysis#Analysis subclass of http://imce.jpl.nasa.gov/foundation/analysis#Characterization'>
      <failure>
        Asserted in
        http://opencaesar.io/examples/firesat/programs/earth-science/projects/firesat/bundle/classes.
      </failure>
    </testcase>
    <testcase name='http://imce.jpl.nasa.gov/foundation/analysis#DrivingRequirementsAnalysis subclass of http://imce.jpl.nasa.gov/foundation/analysis#Characterization'>
      <failure>
        Asserted in
        http://opencaesar.io/examples/firesat/programs/earth-science/projects/firesat/bundle/classes.
      </failure>
    </testcase>
    <testcase name='http://imce.jpl.nasa.gov/foundation/analysis#DrivingRequirementsExplanation subclass of http://imce.jpl.nasa.gov/foundation/analysis#Characterization'>
      <failure>
        Asserted in
        http://opencaesar.io/examples/firesat/programs/earth-science/projects/firesat/bundle/classes.
      </failure>
    </testcase>
    <testcase name='http://imce.jpl.nasa.gov/foundation/analysis#Fact subclass of http://imce.jpl.nasa.gov/foundation/analysis#Characterization'>
      <failure>
        Asserted in
        http://opencaesar.io/examples/firesat/programs/earth-science/projects/firesat/bundle/classes.
      </failure>
    </testcase>
    <testcase name='http://imce.jpl.nasa.gov/foundation/analysis#KeyRequirementsAnalysis subclass of http://imce.jpl.nasa.gov/foundation/analysis#Characterization'>
      <failure>
        Asserted in
        http://opencaesar.io/examples/firesat/programs/earth-science/projects/firesat/bundle/classes.
      </failure>
    </testcase>
    <testcase name='http://imce.jpl.nasa.gov/foundation/analysis#KeyRequirementsExplanation subclass of http://imce.jpl.nasa.gov/foundation/analysis#Characterization'>
      <failure>
        Asserted in
        http://opencaesar.io/examples/firesat/programs/earth-science/projects/firesat/bundle/classes.
      </failure>
    </testcase>
    <testcase name='http://imce.jpl.nasa.gov/foundation/analysis#TradeStudy subclass of http://imce.jpl.nasa.gov/foundation/analysis#Characterization'>
      <failure>
        Asserted in
        http://opencaesar.io/examples/firesat/programs/earth-science/projects/firesat/bundle/classes.
      </failure>
    </testcase>
    <testcase name='http://iso.org/80000-5-quantities#celcius-temperature subclass of http://imce.jpl.nasa.gov/foundation/analysis#Characterization'>
      <failure>
        Asserted in
        http://opencaesar.io/examples/firesat/programs/earth-science/projects/firesat/bundle/classes.
      </failure>
    </testcase>
    <testcase name='http://iso.org/80000-5-quantities#thermodynamic-temperature subclass of http://imce.jpl.nasa.gov/foundation/analysis#Characterization'>
      <failure>
        Asserted in
        http://opencaesar.io/examples/firesat/programs/earth-science/projects/firesat/bundle/classes.
      </failure>
    </testcase>
    <testcase name='http://iupac.org/metrology#DerivedUnitaryQuantity subclass of http://imce.jpl.nasa.gov/foundation/analysis#Characterization'>
      <failure>
        Asserted in
        http://opencaesar.io/examples/firesat/programs/earth-science/projects/firesat/bundle/classes.
      </failure>
    </testcase>
    <testcase name='http://iupac.org/metrology#IndependentUnitaryQuantity subclass of http://imce.jpl.nasa.gov/foundation/analysis#Characterization'>
      <failure>
        Asserted in
        http://opencaesar.io/examples/firesat/programs/earth-science/projects/firesat/bundle/classes.
      </failure>
    </testcase>
    <testcase name='http://iso.org/80000-6-quantities#electric-charge subclass of http://imce.jpl.nasa.gov/foundation/analysis#Characterization'>
      <failure>
        Asserted in
        http://opencaesar.io/examples/firesat/programs/earth-science/projects/firesat/bundle/classes.
      </failure>
    </testcase>
    <testcase name='http://iso.org/80000-6-quantities#electric-current subclass of http://imce.jpl.nasa.gov/foundation/analysis#Characterization'>
      <failure>
        Asserted in
        http://opencaesar.io/examples/firesat/programs/earth-science/projects/firesat/bundle/classes.
      </failure>
    </testcase>
    <testcase name='http://iso.org/80000-6-quantities#electric-field-strength subclass of http://imce.jpl.nasa.gov/foundation/analysis#Characterization'>
      <failure>
        Asserted in
        http://opencaesar.io/examples/firesat/programs/earth-science/projects/firesat/bundle/classes.
      </failure>
    </testcase>
    <testcase name='http://iso.org/80000-6-quantities#electric-potential subclass of http://imce.jpl.nasa.gov/foundation/analysis#Characterization'>
      <failure>
        Asserted in
        http://opencaesar.io/examples/firesat/programs/earth-science/projects/firesat/bundle/classes.
      </failure>
    </testcase>
    <testcase name='http://iso.org/80000-6-quantities#resistance subclass of http://imce.jpl.nasa.gov/foundation/analysis#Characterization'>
      <failure>
        Asserted in
        http://opencaesar.io/examples/firesat/programs/earth-science/projects/firesat/bundle/classes.
      </failure>
    </testcase>
    <testcase name='http://iso.org/80000-3-quantities#angular-measure subclass of http://imce.jpl.nasa.gov/foundation/analysis#Characterization'>
      <failure>
        Asserted in
        http://opencaesar.io/examples/firesat/programs/earth-science/projects/firesat/bundle/classes.
      </failure>
    </testcase>
    <testcase name='http://iso.org/80000-3-quantities#arc-length subclass of http://imce.jpl.nasa.gov/foundation/analysis#Characterization'>
      <failure>
        Asserted in
        http://opencaesar.io/examples/firesat/programs/earth-science/projects/firesat/bundle/classes.
      </failure>
    </testcase>
    <testcase name='http://iso.org/80000-3-quantities#radius subclass of http://imce.jpl.nasa.gov/foundation/analysis#Characterization'>
      <failure>
        Asserted in
        http://opencaesar.io/examples/firesat/programs/earth-science/projects/firesat/bundle/classes.
      </failure>
    </testcase>
    <testcase name='http://iso.org/80000-3-quantities#frequency subclass of http://imce.jpl.nasa.gov/foundation/analysis#Characterization'>
      <failure>
        Asserted in
        http://opencaesar.io/examples/firesat/programs/earth-science/projects/firesat/bundle/classes.
      </failure>
    </testcase>
    <testcase name='http://iso.org/80000-3-quantities#period-duration subclass of http://imce.jpl.nasa.gov/foundation/analysis#Characterization'>
      <failure>
        Asserted in
        http://opencaesar.io/examples/firesat/programs/earth-science/projects/firesat/bundle/classes.
      </failure>
    </testcase>
    <testcase name='http://iso.org/80000-3-quantities#rotation subclass of http://imce.jpl.nasa.gov/foundation/analysis#Characterization'>
      <failure>
        Asserted in
        http://opencaesar.io/examples/firesat/programs/earth-science/projects/firesat/bundle/classes.
      </failure>
    </testcase>
    <testcase name='http://iso.org/80000-3-quantities#rotational-displacement subclass of http://imce.jpl.nasa.gov/foundation/analysis#Characterization'>
      <failure>
        Asserted in
        http://opencaesar.io/examples/firesat/programs/earth-science/projects/firesat/bundle/classes.
      </failure>
    </testcase>
    <testcase name='http://iso.org/80000-3-quantities#distance subclass of http://imce.jpl.nasa.gov/foundation/analysis#Characterization'>
      <failure>
        Asserted in
        http://opencaesar.io/examples/firesat/programs/earth-science/projects/firesat/bundle/classes.
      </failure>
    </testcase>
    <testcase name='http://iso.org/80000-3-quantities#path-length subclass of http://imce.jpl.nasa.gov/foundation/analysis#Characterization'>
      <failure>
        Asserted in
        http://opencaesar.io/examples/firesat/programs/earth-science/projects/firesat/bundle/classes.
      </failure>
    </testcase>
    <testcase name='http://iso.org/80000-3-quantities#rotational-frequency subclass of http://imce.jpl.nasa.gov/foundation/analysis#Characterization'>
      <failure>
        Asserted in
        http://opencaesar.io/examples/firesat/programs/earth-science/projects/firesat/bundle/classes.
      </failure>
    </testcase>
    <testcase name='http://iso.org/80000-3-quantities#duration subclass of http://imce.jpl.nasa.gov/foundation/analysis#Characterization'>
      <failure>
        Asserted in
        http://opencaesar.io/examples/firesat/programs/earth-science/projects/firesat/bundle/classes.
      </failure>
    </testcase>
    <testcase name='http://iso.org/80000-3-quantities#velocity subclass of http://imce.jpl.nasa.gov/foundation/analysis#Characterization'>
      <failure>
        Asserted in
        http://opencaesar.io/examples/firesat/programs/earth-science/projects/firesat/bundle/classes.
      </failure>
    </testcase>
    <testcase name='http://iso.org/80000-3-quantities#position-vector subclass of http://imce.jpl.nasa.gov/foundation/analysis#Characterization'>
      <failure>
        Asserted in
        http://opencaesar.io/examples/firesat/programs/earth-science/projects/firesat/bundle/classes.
      </failure>
    </testcase>
    <testcase name='http://iso.org/80000-3-quantities#altitude subclass of http://imce.jpl.nasa.gov/foundation/analysis#Characterization'>
      <failure>
        Asserted in
        http://opencaesar.io/examples/firesat/programs/earth-science/projects/firesat/bundle/classes.
      </failure>
    </testcase>
    <testcase name='http://iso.org/80000-3-quantities#height subclass of http://imce.jpl.nasa.gov/foundation/analysis#Characterization'>
      <failure>
        Asserted in
        http://opencaesar.io/examples/firesat/programs/earth-science/projects/firesat/bundle/classes.
      </failure>
    </testcase>
    <testcase name='http://iso.org/80000-3-quantities#breadth subclass of http://imce.jpl.nasa.gov/foundation/analysis#Characterization'>
      <failure>
        Asserted in
        http://opencaesar.io/examples/firesat/programs/earth-science/projects/firesat/bundle/classes.
      </failure>
    </testcase>
    <testcase name='http://iso.org/80000-3-quantities#width subclass of http://imce.jpl.nasa.gov/foundation/analysis#Characterization'>
      <failure>
        Asserted in
        http://opencaesar.io/examples/firesat/programs/earth-science/projects/firesat/bundle/classes.
      </failure>
    </testcase>
    <testcase name='http://iso.org/80000-3-quantities#depth subclass of http://imce.jpl.nasa.gov/foundation/analysis#Characterization'>
      <failure>
        Asserted in
        http://opencaesar.io/examples/firesat/programs/earth-science/projects/firesat/bundle/classes.
      </failure>
    </testcase>
    <testcase name='http://iso.org/80000-3-quantities#diameter subclass of http://imce.jpl.nasa.gov/foundation/analysis#Characterization'>
      <failure>
        Asserted in
        http://opencaesar.io/examples/firesat/programs/earth-science/projects/firesat/bundle/classes.
      </failure>
    </testcase>
    <testcase name='http://iso.org/80000-3-quantities#length subclass of http://imce.jpl.nasa.gov/foundation/analysis#Characterization'>
      <failure>
        Asserted in
        http://opencaesar.io/examples/firesat/programs/earth-science/projects/firesat/bundle/classes.
      </failure>
    </testcase>
    <testcase name='http://iso.org/80000-3-quantities#displacement subclass of http://imce.jpl.nasa.gov/foundation/analysis#Characterization'>
      <failure>
        Asserted in
        http://opencaesar.io/examples/firesat/programs/earth-science/projects/firesat/bundle/classes.
      </failure>
    </testcase>
    <testcase name='http://iso.org/80000-3-quantities#radial-distance subclass of http://imce.jpl.nasa.gov/foundation/analysis#Characterization'>
      <failure>
        Asserted in
        http://opencaesar.io/examples/firesat/programs/earth-science/projects/firesat/bundle/classes.
      </failure>
    </testcase>
    <testcase name='http://iso.org/80000-3-quantities#radius-of-curvature subclass of http://imce.jpl.nasa.gov/foundation/analysis#Characterization'>
      <failure>
        Asserted in
        http://opencaesar.io/examples/firesat/programs/earth-science/projects/firesat/bundle/classes.
      </failure>
    </testcase>
    <testcase name='http://iso.org/80000-3-quantities#thickness subclass of http://imce.jpl.nasa.gov/foundation/analysis#Characterization'>
      <failure>
        Asserted in
        http://opencaesar.io/examples/firesat/programs/earth-science/projects/firesat/bundle/classes.
      </failure>
    </testcase>
    <testcase name='http://iso.org/80000-4-quantities#momentum subclass of http://imce.jpl.nasa.gov/foundation/analysis#Characterization'>
      <failure>
        Asserted in
        http://opencaesar.io/examples/firesat/programs/earth-science/projects/firesat/bundle/classes.
      </failure>
    </testcase>
    <testcase name='http://iso.org/80000-4-quantities#impulse subclass of http://imce.jpl.nasa.gov/foundation/analysis#Characterization'>
      <failure>
        Asserted in
        http://opencaesar.io/examples/firesat/programs/earth-science/projects/firesat/bundle/classes.
      </failure>
    </testcase>
    <testcase name='http://iupac.org/metrology#UnitaryQuantity subclass of http://imce.jpl.nasa.gov/foundation/analysis#Characterization'>
      <failure>
        Asserted in
        http://opencaesar.io/examples/firesat/programs/earth-science/projects/firesat/bundle/classes.
      </failure>
    </testcase>
    <testcase name='http://iupac.org/metrology#OrdinalQuantity subclass of http://imce.jpl.nasa.gov/foundation/analysis#Characterization'>
      <failure>
        Asserted in
        http://opencaesar.io/examples/firesat/programs/earth-science/projects/firesat/bundle/classes.
      </failure>
    </testcase>
    <testcase name='http://iso.org/80000-4-quantities#power subclass of http://imce.jpl.nasa.gov/foundation/analysis#Characterization'>
      <failure>
        Asserted in
        http://opencaesar.io/examples/firesat/programs/earth-science/projects/firesat/bundle/classes.
      </failure>
    </testcase>
    <testcase name='http://iso.org/80000-4-quantities#force subclass of http://imce.jpl.nasa.gov/foundation/analysis#Characterization'>
      <failure>
        Asserted in
        http://opencaesar.io/examples/firesat/programs/earth-science/projects/firesat/bundle/classes.
      </failure>
    </testcase>
    <testcase name='http://imce.jpl.nasa.gov/discipline/fse/fse#MGAMass subclass of http://imce.jpl.nasa.gov/foundation/analysis#Characterization'>
      <failure>
        Asserted in
        http://opencaesar.io/examples/firesat/programs/earth-science/projects/firesat/bundle/classes.
      </failure>
    </testcase>
    <testcase name='http://imce.jpl.nasa.gov/discipline/fse/fse#MEVMass subclass of http://imce.jpl.nasa.gov/foundation/analysis#Characterization'>
      <failure>
        Asserted in
        http://opencaesar.io/examples/firesat/programs/earth-science/projects/firesat/bundle/classes.
      </failure>
    </testcase>
    <testcase name='http://imce.jpl.nasa.gov/discipline/fse/fse#MassAllocation subclass of http://imce.jpl.nasa.gov/foundation/analysis#Characterization'>
      <failure>
        Asserted in
        http://opencaesar.io/examples/firesat/programs/earth-science/projects/firesat/bundle/classes.
      </failure>
    </testcase>
    <testcase name='http://imce.jpl.nasa.gov/discipline/fse/fse#MassEstimate subclass of http://imce.jpl.nasa.gov/foundation/analysis#Characterization'>
      <failure>
        Asserted in
        http://opencaesar.io/examples/firesat/programs/earth-science/projects/firesat/bundle/classes.
      </failure>
    </testcase>
    <testcase name='http://iso.org/80000-4-quantities#mass subclass of http://imce.jpl.nasa.gov/foundation/analysis#Characterization'>
      <failure>
        Asserted in
        http://opencaesar.io/examples/firesat/programs/earth-science/projects/firesat/bundle/classes.
      </failure>
    </testcase>
    <testcase name='http://imce.jpl.nasa.gov/foundation/analysis#Explains subclass of http://imce.jpl.nasa.gov/foundation/analysis#Characterizes'>
      <failure>
        Asserted in http://imce.jpl.nasa.gov/foundation/analysis,
        http://opencaesar.io/examples/firesat/programs/earth-science/projects/firesat/bundle/classes.
      </failure>
    </testcase>
    <testcase name='http://imce.jpl.nasa.gov/foundation/analysis#Limits subclass of http://imce.jpl.nasa.gov/foundation/analysis#Characterizes'>
      <failure>
        Asserted in http://imce.jpl.nasa.gov/foundation/analysis,
        http://opencaesar.io/examples/firesat/programs/earth-science/projects/firesat/bundle/classes.
      </failure>
    </testcase>
    <testcase name='http://iupac.org/metrology#IsQuantityOf subclass of http://imce.jpl.nasa.gov/foundation/analysis#Characterizes'>
      <failure>
        Asserted in http://imce.jpl.nasa.gov/foundation/analysis,
        http://opencaesar.io/examples/firesat/programs/earth-science/projects/firesat/bundle/classes.
      </failure>
    </testcase>
    <testcase name='http://imce.jpl.nasa.gov/foundation/analysis#Characterizes subclass of http://imce.jpl.nasa.gov/foundation/analysis#Characterizes'>
      <failure>
        Asserted in
        http://opencaesar.io/examples/firesat/programs/earth-science/projects/firesat/bundle/classes.
      </failure>
    </testcase>
    <testcase name='http://imce.jpl.nasa.gov/foundation/analysis#Validates subclass of http://imce.jpl.nasa.gov/foundation/analysis#Characterizes'>
      <failure>
        Asserted in
        http://opencaesar.io/examples/firesat/programs/earth-science/projects/firesat/bundle/classes.
      </failure>
    </testcase>
    <testcase name='http://imce.jpl.nasa.gov/foundation/analysis#Validates subclass of http://imce.jpl.nasa.gov/foundation/analysis#Explains'>
      <failure>
        Asserted in http://imce.jpl.nasa.gov/foundation/analysis,
        http://opencaesar.io/examples/firesat/programs/earth-science/projects/firesat/bundle/classes.
      </failure>
    </testcase>
    <testcase name='http://imce.jpl.nasa.gov/foundation/analysis#Explains subclass of http://imce.jpl.nasa.gov/foundation/analysis#Explains'>
      <failure>
        Asserted in
        http://opencaesar.io/examples/firesat/programs/earth-science/projects/firesat/bundle/classes.
      </failure>
    </testcase>
    <testcase name='http://imce.jpl.nasa.gov/foundation/analysis#Fact subclass of http://imce.jpl.nasa.gov/foundation/analysis#Assumption'>
      <failure>
        Asserted in http://imce.jpl.nasa.gov/foundation/analysis,
        http://opencaesar.io/examples/firesat/programs/earth-science/projects/firesat/bundle/classes.
      </failure>
    </testcase>
    <testcase name='http://imce.jpl.nasa.gov/foundation/analysis#Assumption subclass of http://imce.jpl.nasa.gov/foundation/analysis#Assumption'>
      <failure>
        Asserted in
        http://opencaesar.io/examples/firesat/programs/earth-science/projects/firesat/bundle/classes.
      </failure>
    </testcase>
    <testcase name='http://imce.jpl.nasa.gov/foundation/analysis#DrivingRequirementsExplanation subclass of http://imce.jpl.nasa.gov/foundation/analysis#Analysis'>
      <failure>
        Asserted in http://imce.jpl.nasa.gov/foundation/analysis,
        http://opencaesar.io/examples/firesat/programs/earth-science/projects/firesat/bundle/classes.
      </failure>
    </testcase>
    <testcase name='http://imce.jpl.nasa.gov/foundation/analysis#KeyRequirementsExplanation subclass of http://imce.jpl.nasa.gov/foundation/analysis#Analysis'>
      <failure>
        Asserted in http://imce.jpl.nasa.gov/foundation/analysis,
        http://opencaesar.io/examples/firesat/programs/earth-science/projects/firesat/bundle/classes.
      </failure>
    </testcase>
    <testcase name='http://imce.jpl.nasa.gov/foundation/analysis#TradeStudy subclass of http://imce.jpl.nasa.gov/foundation/analysis#Analysis'>
      <failure>
        Asserted in http://imce.jpl.nasa.gov/foundation/analysis,
        http://opencaesar.io/examples/firesat/programs/earth-science/projects/firesat/bundle/classes.
      </failure>
    </testcase>
    <testcase name='http://imce.jpl.nasa.gov/foundation/analysis#Analysis subclass of http://imce.jpl.nasa.gov/foundation/analysis#Analysis'>
      <failure>
        Asserted in
        http://opencaesar.io/examples/firesat/programs/earth-science/projects/firesat/bundle/classes.
      </failure>
    </testcase>
    <testcase name='http://imce.jpl.nasa.gov/foundation/analysis#DrivingRequirementsAnalysis subclass of http://imce.jpl.nasa.gov/foundation/analysis#Analysis'>
      <failure>
        Asserted in
        http://opencaesar.io/examples/firesat/programs/earth-science/projects/firesat/bundle/classes.
      </failure>
    </testcase>
    <testcase name='http://imce.jpl.nasa.gov/foundation/analysis#KeyRequirementsAnalysis subclass of http://imce.jpl.nasa.gov/foundation/analysis#Analysis'>
      <failure>
        Asserted in
        http://opencaesar.io/examples/firesat/programs/earth-science/projects/firesat/bundle/classes.
      </failure>
    </testcase>
    <testcase name='http://imce.jpl.nasa.gov/foundation/analysis#Characterizes subclass of http://imce.jpl.nasa.gov/foundation/mission#SpecifiedElement'>
      <failure>
        Asserted in http://imce.jpl.nasa.gov/foundation/analysis,
        http://opencaesar.io/examples/firesat/programs/earth-science/projects/firesat/bundle/classes.
      </failure>
    </testcase>
    <testcase name='http://imce.jpl.nasa.gov/foundation/project#Executes subclass of http://imce.jpl.nasa.gov/foundation/mission#SpecifiedElement'>
      <failure>
        Asserted in http://imce.jpl.nasa.gov/foundation/project,
        http://opencaesar.io/examples/firesat/programs/earth-science/projects/firesat/bundle/classes.
      </failure>
    </testcase>
    <testcase name='http://imce.jpl.nasa.gov/foundation/mission#Performs subclass of http://imce.jpl.nasa.gov/foundation/mission#SpecifiedElement'>
      <failure>
        Asserted in http://imce.jpl.nasa.gov/foundation/mission,
        http://opencaesar.io/examples/firesat/programs/earth-science/projects/firesat/bundle/classes.
      </failure>
    </testcase>
    <testcase name='http://imce.jpl.nasa.gov/foundation/base#Contains subclass of http://imce.jpl.nasa.gov/foundation/mission#SpecifiedElement'>
      <failure>
        Asserted in http://imce.jpl.nasa.gov/foundation/mission,
        http://opencaesar.io/examples/firesat/programs/earth-science/projects/firesat/bundle/classes.
      </failure>
    </testcase>
    <testcase name='http://imce.jpl.nasa.gov/foundation/mission#Component subclass of http://imce.jpl.nasa.gov/foundation/mission#SpecifiedElement'>
      <failure>
        Asserted in http://imce.jpl.nasa.gov/foundation/mission,
        http://opencaesar.io/examples/firesat/programs/earth-science/projects/firesat/bundle/classes.
      </failure>
    </testcase>
    <testcase name='http://imce.jpl.nasa.gov/foundation/mission#Mission subclass of http://imce.jpl.nasa.gov/foundation/mission#SpecifiedElement'>
      <failure>
        Asserted in http://imce.jpl.nasa.gov/foundation/mission,
        http://opencaesar.io/examples/firesat/programs/earth-science/projects/firesat/bundle/classes.
      </failure>
    </testcase>
    <testcase name='http://imce.jpl.nasa.gov/foundation/mission#Presents subclass of http://imce.jpl.nasa.gov/foundation/mission#SpecifiedElement'>
      <failure>
        Asserted in http://imce.jpl.nasa.gov/foundation/mission,
        http://opencaesar.io/examples/firesat/programs/earth-science/projects/firesat/bundle/classes.
      </failure>
    </testcase>
    <testcase name='http://imce.jpl.nasa.gov/foundation/mission#Produces subclass of http://imce.jpl.nasa.gov/foundation/mission#SpecifiedElement'>
      <failure>
        Asserted in http://imce.jpl.nasa.gov/foundation/mission,
        http://opencaesar.io/examples/firesat/programs/earth-science/projects/firesat/bundle/classes.
      </failure>
    </testcase>
    <testcase name='http://imce.jpl.nasa.gov/foundation/mission#TransfersIn subclass of http://imce.jpl.nasa.gov/foundation/mission#SpecifiedElement'>
      <failure>
        Asserted in http://imce.jpl.nasa.gov/foundation/mission,
        http://opencaesar.io/examples/firesat/programs/earth-science/projects/firesat/bundle/classes.
      </failure>
    </testcase>
    <testcase name='http://imce.jpl.nasa.gov/foundation/mission#TransfersOut subclass of http://imce.jpl.nasa.gov/foundation/mission#SpecifiedElement'>
      <failure>
        Asserted in http://imce.jpl.nasa.gov/foundation/mission,
        http://opencaesar.io/examples/firesat/programs/earth-science/projects/firesat/bundle/classes.
      </failure>
    </testcase>
    <testcase name='http://imce.jpl.nasa.gov/discipline/fse/fse#Subsystem subclass of http://imce.jpl.nasa.gov/foundation/mission#SpecifiedElement'>
      <failure>
        Asserted in
        http://opencaesar.io/examples/firesat/programs/earth-science/projects/firesat/bundle/classes.
      </failure>
    </testcase>
    <testcase name='http://imce.jpl.nasa.gov/discipline/fse/assemblies#BaseAssembly subclass of http://imce.jpl.nasa.gov/foundation/mission#SpecifiedElement'>
      <failure>
        Asserted in
        http://opencaesar.io/examples/firesat/programs/earth-science/projects/firesat/bundle/classes.
      </failure>
    </testcase>
    <testcase name='http://imce.jpl.nasa.gov/foundation/analysis#Explains subclass of http://imce.jpl.nasa.gov/foundation/mission#SpecifiedElement'>
      <failure>
        Asserted in
        http://opencaesar.io/examples/firesat/programs/earth-science/projects/firesat/bundle/classes.
      </failure>
    </testcase>
    <testcase name='http://imce.jpl.nasa.gov/foundation/analysis#Limits subclass of http://imce.jpl.nasa.gov/foundation/mission#SpecifiedElement'>
      <failure>
        Asserted in
        http://opencaesar.io/examples/firesat/programs/earth-science/projects/firesat/bundle/classes.
      </failure>
    </testcase>
    <testcase name='http://imce.jpl.nasa.gov/foundation/analysis#Validates subclass of http://imce.jpl.nasa.gov/foundation/mission#SpecifiedElement'>
      <failure>
        Asserted in
        http://opencaesar.io/examples/firesat/programs/earth-science/projects/firesat/bundle/classes.
      </failure>
    </testcase>
    <testcase name='http://imce.jpl.nasa.gov/foundation/mission#SpecifiedElement subclass of http://imce.jpl.nasa.gov/foundation/mission#SpecifiedElement'>
      <failure>
        Asserted in
        http://opencaesar.io/examples/firesat/programs/earth-science/projects/firesat/bundle/classes.
      </failure>
    </testcase>
    <testcase name='http://iupac.org/metrology#IsQuantityOf subclass of http://imce.jpl.nasa.gov/foundation/mission#SpecifiedElement'>
      <failure>
        Asserted in
        http://opencaesar.io/examples/firesat/programs/earth-science/projects/firesat/bundle/classes.
      </failure>
    </testcase>
    <testcase name='http://imce.jpl.nasa.gov/discipline/fse/fse#Assembly subclass of http://imce.jpl.nasa.gov/foundation/mission#SpecifiedElement'>
      <failure>
        Asserted in
        http://opencaesar.io/examples/firesat/programs/earth-science/projects/firesat/bundle/classes.
      </failure>
    </testcase>
    <testcase name='http://imce.jpl.nasa.gov/discipline/fse/fse#FlightHardwareComponent subclass of http://imce.jpl.nasa.gov/foundation/mission#SpecifiedElement'>
      <failure>
        Asserted in
        http://opencaesar.io/examples/firesat/programs/earth-science/projects/firesat/bundle/classes.
      </failure>
    </testcase>
    <testcase name='http://imce.jpl.nasa.gov/foundation/analysis#DrivingRequirementsAnalysis subclass of http://imce.jpl.nasa.gov/foundation/analysis#DrivingRequirementsExplanation'>
      <failure>
        Asserted in http://imce.jpl.nasa.gov/foundation/analysis,
        http://opencaesar.io/examples/firesat/programs/earth-science/projects/firesat/bundle/classes.
      </failure>
    </testcase>
    <testcase name='http://imce.jpl.nasa.gov/foundation/analysis#DrivingRequirementsExplanation subclass of http://imce.jpl.nasa.gov/foundation/analysis#DrivingRequirementsExplanation'>
      <failure>
        Asserted in
        http://opencaesar.io/examples/firesat/programs/earth-science/projects/firesat/bundle/classes.
      </failure>
    </testcase>
    <testcase name='http://imce.jpl.nasa.gov/foundation/analysis#DrivingRequirementsExplanation subclass of -6352b5c8:1761fe45fe9:-7fed'>
      <failure>
        Asserted in http://imce.jpl.nasa.gov/foundation/analysis.
      </failure>
    </testcase>
    <testcase name='http://imce.jpl.nasa.gov/foundation/analysis#KeyRequirementsAnalysis subclass of http://imce.jpl.nasa.gov/foundation/analysis#KeyRequirementsExplanation'>
      <failure>
        Asserted in http://imce.jpl.nasa.gov/foundation/analysis,
        http://opencaesar.io/examples/firesat/programs/earth-science/projects/firesat/bundle/classes.
      </failure>
    </testcase>
    <testcase name='http://imce.jpl.nasa.gov/foundation/analysis#KeyRequirementsExplanation subclass of http://imce.jpl.nasa.gov/foundation/analysis#KeyRequirementsExplanation'>
      <failure>
        Asserted in
        http://opencaesar.io/examples/firesat/programs/earth-science/projects/firesat/bundle/classes.
      </failure>
    </testcase>
    <testcase name='http://imce.jpl.nasa.gov/foundation/analysis#KeyRequirementsExplanation subclass of -6352b5c8:1761fe45fe9:-7fec'>
      <failure>
        Asserted in http://imce.jpl.nasa.gov/foundation/analysis.
      </failure>
    </testcase>
    <testcase name='http://iso.org/80000-5-quantities#Celcius-Temperature-Has-Thermodynamic-Temperature subclass of http://iupac.org/metrology#HasFactorForUnitaryQuantity'>
      <failure>
        Asserted in http://iso.org/80000-5-quantities,
        http://opencaesar.io/examples/firesat/programs/earth-science/projects/firesat/bundle/classes.
      </failure>
    </testcase>
    <testcase name='http://iso.org/80000-4-quantities#Momentum-Has-Mass subclass of http://iupac.org/metrology#HasFactorForUnitaryQuantity'>
      <failure>
        Asserted in http://iso.org/80000-4-quantities,
        http://opencaesar.io/examples/firesat/programs/earth-science/projects/firesat/bundle/classes.
      </failure>
    </testcase>
    <testcase name='http://iso.org/80000-4-quantities#Impulse-Has-Force subclass of http://iupac.org/metrology#HasFactorForUnitaryQuantity'>
      <failure>
        Asserted in http://iso.org/80000-4-quantities,
        http://opencaesar.io/examples/firesat/programs/earth-science/projects/firesat/bundle/classes.
      </failure>
    </testcase>
    <testcase name='http://iso.org/80000-4-quantities#Power-Has-Velocity subclass of http://iupac.org/metrology#HasFactorForUnitaryQuantity'>
      <failure>
        Asserted in http://iso.org/80000-4-quantities,
        http://opencaesar.io/examples/firesat/programs/earth-science/projects/firesat/bundle/classes.
      </failure>
    </testcase>
    <testcase name='http://iso.org/80000-4-quantities#Impulse-Has-Duration subclass of http://iupac.org/metrology#HasFactorForUnitaryQuantity'>
      <failure>
        Asserted in http://iso.org/80000-4-quantities,
        http://opencaesar.io/examples/firesat/programs/earth-science/projects/firesat/bundle/classes.
      </failure>
    </testcase>
    <testcase name='http://iso.org/80000-4-quantities#Momentum-Has-Velocity subclass of http://iupac.org/metrology#HasFactorForUnitaryQuantity'>
      <failure>
        Asserted in http://iso.org/80000-4-quantities,
        http://opencaesar.io/examples/firesat/programs/earth-science/projects/firesat/bundle/classes.
      </failure>
    </testcase>
    <testcase name='http://iso.org/80000-4-quantities#Power-Has-Force subclass of http://iupac.org/metrology#HasFactorForUnitaryQuantity'>
      <failure>
        Asserted in http://iso.org/80000-4-quantities,
        http://opencaesar.io/examples/firesat/programs/earth-science/projects/firesat/bundle/classes.
      </failure>
    </testcase>
    <testcase name='http://iso.org/80000-4-quantities#Force-Has-Momentum subclass of http://iupac.org/metrology#HasFactorForUnitaryQuantity'>
      <failure>
        Asserted in http://iso.org/80000-4-quantities,
        http://opencaesar.io/examples/firesat/programs/earth-science/projects/firesat/bundle/classes.
      </failure>
    </testcase>
    <testcase name='http://iso.org/80000-4-quantities#Force-Has-Velocity subclass of http://iupac.org/metrology#HasFactorForUnitaryQuantity'>
      <failure>
        Asserted in http://iso.org/80000-4-quantities,
        http://opencaesar.io/examples/firesat/programs/earth-science/projects/firesat/bundle/classes.
      </failure>
    </testcase>
    <testcase name='http://iso.org/80000-6-quantities#Electric-Potential-Has-Path-Length subclass of http://iupac.org/metrology#HasFactorForUnitaryQuantity'>
      <failure>
        Asserted in http://iso.org/80000-6-quantities,
        http://opencaesar.io/examples/firesat/programs/earth-science/projects/firesat/bundle/classes.
      </failure>
    </testcase>
    <testcase name='http://iso.org/80000-6-quantities#Resistance-Has-Electric-Current subclass of http://iupac.org/metrology#HasFactorForUnitaryQuantity'>
      <failure>
        Asserted in http://iso.org/80000-6-quantities,
        http://opencaesar.io/examples/firesat/programs/earth-science/projects/firesat/bundle/classes.
      </failure>
    </testcase>
    <testcase name='http://iso.org/80000-6-quantities#Resistance-Has-Electric-Potential subclass of http://iupac.org/metrology#HasFactorForUnitaryQuantity'>
      <failure>
        Asserted in http://iso.org/80000-6-quantities,
        http://opencaesar.io/examples/firesat/programs/earth-science/projects/firesat/bundle/classes.
      </failure>
    </testcase>
    <testcase name='http://iso.org/80000-6-quantities#Electric-Charge-Has-Duration subclass of http://iupac.org/metrology#HasFactorForUnitaryQuantity'>
      <failure>
        Asserted in http://iso.org/80000-6-quantities,
        http://opencaesar.io/examples/firesat/programs/earth-science/projects/firesat/bundle/classes.
      </failure>
    </testcase>
    <testcase name='http://iso.org/80000-6-quantities#Electric-Potential-Has-Electric-Field-Strength subclass of http://iupac.org/metrology#HasFactorForUnitaryQuantity'>
      <failure>
        Asserted in http://iso.org/80000-6-quantities,
        http://opencaesar.io/examples/firesat/programs/earth-science/projects/firesat/bundle/classes.
      </failure>
    </testcase>
    <testcase name='http://iso.org/80000-6-quantities#Electric-Field-Strength-Has-Force subclass of http://iupac.org/metrology#HasFactorForUnitaryQuantity'>
      <failure>
        Asserted in http://iso.org/80000-6-quantities,
        http://opencaesar.io/examples/firesat/programs/earth-science/projects/firesat/bundle/classes.
      </failure>
    </testcase>
    <testcase name='http://iso.org/80000-6-quantities#Electric-Field-Strength-Has-Electric-Charge subclass of http://iupac.org/metrology#HasFactorForUnitaryQuantity'>
      <failure>
        Asserted in http://iso.org/80000-6-quantities,
        http://opencaesar.io/examples/firesat/programs/earth-science/projects/firesat/bundle/classes.
      </failure>
    </testcase>
    <testcase name='http://iso.org/80000-6-quantities#Electric-Charge-Has-Electric-Current subclass of http://iupac.org/metrology#HasFactorForUnitaryQuantity'>
      <failure>
        Asserted in http://iso.org/80000-6-quantities,
        http://opencaesar.io/examples/firesat/programs/earth-science/projects/firesat/bundle/classes.
      </failure>
    </testcase>
    <testcase name='http://iso.org/80000-3-quantities#Angular-Measure-Has-Arc-Length subclass of http://iupac.org/metrology#HasFactorForUnitaryQuantity'>
      <failure>
        Asserted in http://iso.org/80000-3-quantities,
        http://opencaesar.io/examples/firesat/programs/earth-science/projects/firesat/bundle/classes.
      </failure>
    </testcase>
    <testcase name='http://iso.org/80000-3-quantities#Angular-Measure-Has-Radius subclass of http://iupac.org/metrology#HasFactorForUnitaryQuantity'>
      <failure>
        Asserted in http://iso.org/80000-3-quantities,
        http://opencaesar.io/examples/firesat/programs/earth-science/projects/firesat/bundle/classes.
      </failure>
    </testcase>
    <testcase name='http://iso.org/80000-3-quantities#Frequency-Has-Period-Duration subclass of http://iupac.org/metrology#HasFactorForUnitaryQuantity'>
      <failure>
        Asserted in http://iso.org/80000-3-quantities,
        http://opencaesar.io/examples/firesat/programs/earth-science/projects/firesat/bundle/classes.
      </failure>
    </testcase>
    <testcase name='http://iso.org/80000-3-quantities#Rotation-Has-Rotational-Displacement subclass of http://iupac.org/metrology#HasFactorForUnitaryQuantity'>
      <failure>
        Asserted in http://iso.org/80000-3-quantities,
        http://opencaesar.io/examples/firesat/programs/earth-science/projects/firesat/bundle/classes.
      </failure>
    </testcase>
    <testcase name='http://iso.org/80000-3-quantities#Rotational-Displacement-Has-Distance subclass of http://iupac.org/metrology#HasFactorForUnitaryQuantity'>
      <failure>
        Asserted in http://iso.org/80000-3-quantities,
        http://opencaesar.io/examples/firesat/programs/earth-science/projects/firesat/bundle/classes.
      </failure>
    </testcase>
    <testcase name='http://iso.org/80000-3-quantities#Rotational-Displacement-Has-Path-Length subclass of http://iupac.org/metrology#HasFactorForUnitaryQuantity'>
      <failure>
        Asserted in http://iso.org/80000-3-quantities,
        http://opencaesar.io/examples/firesat/programs/earth-science/projects/firesat/bundle/classes.
      </failure>
    </testcase>
    <testcase name='http://iso.org/80000-3-quantities#Rotational-Frequency-Has-Duration subclass of http://iupac.org/metrology#HasFactorForUnitaryQuantity'>
      <failure>
        Asserted in http://iso.org/80000-3-quantities,
        http://opencaesar.io/examples/firesat/programs/earth-science/projects/firesat/bundle/classes.
      </failure>
    </testcase>
    <testcase name='http://iso.org/80000-3-quantities#Rotational-Frequency-Has-Rotation subclass of http://iupac.org/metrology#HasFactorForUnitaryQuantity'>
      <failure>
        Asserted in http://iso.org/80000-3-quantities,
        http://opencaesar.io/examples/firesat/programs/earth-science/projects/firesat/bundle/classes.
      </failure>
    </testcase>
    <testcase name='http://iso.org/80000-3-quantities#Velocity-Has-Duration subclass of http://iupac.org/metrology#HasFactorForUnitaryQuantity'>
      <failure>
        Asserted in http://iso.org/80000-3-quantities,
        http://opencaesar.io/examples/firesat/programs/earth-science/projects/firesat/bundle/classes.
      </failure>
    </testcase>
    <testcase name='http://iso.org/80000-3-quantities#Velocity-Has-Position-Vector subclass of http://iupac.org/metrology#HasFactorForUnitaryQuantity'>
      <failure>
        Asserted in http://iso.org/80000-3-quantities,
        http://opencaesar.io/examples/firesat/programs/earth-science/projects/firesat/bundle/classes.
      </failure>
    </testcase>
    <testcase name='http://iupac.org/metrology#HasFactorForUnitaryQuantity subclass of http://iupac.org/metrology#HasFactorForUnitaryQuantity'>
      <failure>
        Asserted in
        http://opencaesar.io/examples/firesat/programs/earth-science/projects/firesat/bundle/classes.
      </failure>
    </testcase>
    <testcase name='http://iso.org/80000-5-quantities#Celcius-Temperature-Has-Thermodynamic-Temperature subclass of -6352b5c8:1761fe45fe9:-7feb'>
      <failure>
        Asserted in http://iso.org/80000-5-quantities.
      </failure>
    </testcase>
    <testcase name='http://iso.org/80000-5-quantities#celcius-temperature subclass of http://iupac.org/metrology#DerivedUnitaryQuantity'>
      <failure>
        Asserted in http://iso.org/80000-5-quantities,
        http://opencaesar.io/examples/firesat/programs/earth-science/projects/firesat/bundle/classes.
      </failure>
    </testcase>
    <testcase name='http://iso.org/80000-4-quantities#momentum subclass of http://iupac.org/metrology#DerivedUnitaryQuantity'>
      <failure>
        Asserted in http://iso.org/80000-4-quantities,
        http://opencaesar.io/examples/firesat/programs/earth-science/projects/firesat/bundle/classes.
      </failure>
    </testcase>
    <testcase name='http://iso.org/80000-4-quantities#impulse subclass of http://iupac.org/metrology#DerivedUnitaryQuantity'>
      <failure>
        Asserted in http://iso.org/80000-4-quantities,
        http://opencaesar.io/examples/firesat/programs/earth-science/projects/firesat/bundle/classes.
      </failure>
    </testcase>
    <testcase name='http://iso.org/80000-4-quantities#power subclass of http://iupac.org/metrology#DerivedUnitaryQuantity'>
      <failure>
        Asserted in http://iso.org/80000-4-quantities,
        http://opencaesar.io/examples/firesat/programs/earth-science/projects/firesat/bundle/classes.
      </failure>
    </testcase>
    <testcase name='http://iso.org/80000-4-quantities#force subclass of http://iupac.org/metrology#DerivedUnitaryQuantity'>
      <failure>
        Asserted in http://iso.org/80000-4-quantities,
        http://opencaesar.io/examples/firesat/programs/earth-science/projects/firesat/bundle/classes.
      </failure>
    </testcase>
    <testcase name='http://iso.org/80000-6-quantities#electric-charge subclass of http://iupac.org/metrology#DerivedUnitaryQuantity'>
      <failure>
        Asserted in http://iso.org/80000-6-quantities,
        http://opencaesar.io/examples/firesat/programs/earth-science/projects/firesat/bundle/classes.
      </failure>
    </testcase>
    <testcase name='http://iso.org/80000-6-quantities#electric-field-strength subclass of http://iupac.org/metrology#DerivedUnitaryQuantity'>
      <failure>
        Asserted in http://iso.org/80000-6-quantities,
        http://opencaesar.io/examples/firesat/programs/earth-science/projects/firesat/bundle/classes.
      </failure>
    </testcase>
    <testcase name='http://iso.org/80000-6-quantities#electric-potential subclass of http://iupac.org/metrology#DerivedUnitaryQuantity'>
      <failure>
        Asserted in http://iso.org/80000-6-quantities,
        http://opencaesar.io/examples/firesat/programs/earth-science/projects/firesat/bundle/classes.
      </failure>
    </testcase>
    <testcase name='http://iso.org/80000-6-quantities#resistance subclass of http://iupac.org/metrology#DerivedUnitaryQuantity'>
      <failure>
        Asserted in http://iso.org/80000-6-quantities,
        http://opencaesar.io/examples/firesat/programs/earth-science/projects/firesat/bundle/classes.
      </failure>
    </testcase>
    <testcase name='http://iso.org/80000-3-quantities#angular-measure subclass of http://iupac.org/metrology#DerivedUnitaryQuantity'>
      <failure>
        Asserted in http://iso.org/80000-3-quantities,
        http://opencaesar.io/examples/firesat/programs/earth-science/projects/firesat/bundle/classes.
      </failure>
    </testcase>
    <testcase name='http://iso.org/80000-3-quantities#frequency subclass of http://iupac.org/metrology#DerivedUnitaryQuantity'>
      <failure>
        Asserted in http://iso.org/80000-3-quantities,
        http://opencaesar.io/examples/firesat/programs/earth-science/projects/firesat/bundle/classes.
      </failure>
    </testcase>
    <testcase name='http://iso.org/80000-3-quantities#rotation subclass of http://iupac.org/metrology#DerivedUnitaryQuantity'>
      <failure>
        Asserted in http://iso.org/80000-3-quantities,
        http://opencaesar.io/examples/firesat/programs/earth-science/projects/firesat/bundle/classes.
      </failure>
    </testcase>
    <testcase name='http://iso.org/80000-3-quantities#rotational-displacement subclass of http://iupac.org/metrology#DerivedUnitaryQuantity'>
      <failure>
        Asserted in http://iso.org/80000-3-quantities,
        http://opencaesar.io/examples/firesat/programs/earth-science/projects/firesat/bundle/classes.
      </failure>
    </testcase>
    <testcase name='http://iso.org/80000-3-quantities#rotational-frequency subclass of http://iupac.org/metrology#DerivedUnitaryQuantity'>
      <failure>
        Asserted in http://iso.org/80000-3-quantities,
        http://opencaesar.io/examples/firesat/programs/earth-science/projects/firesat/bundle/classes.
      </failure>
    </testcase>
    <testcase name='http://iso.org/80000-3-quantities#velocity subclass of http://iupac.org/metrology#DerivedUnitaryQuantity'>
      <failure>
        Asserted in http://iso.org/80000-3-quantities,
        http://opencaesar.io/examples/firesat/programs/earth-science/projects/firesat/bundle/classes.
      </failure>
    </testcase>
    <testcase name='http://iupac.org/metrology#DerivedUnitaryQuantity subclass of http://iupac.org/metrology#DerivedUnitaryQuantity'>
      <failure>
        Asserted in
        http://opencaesar.io/examples/firesat/programs/earth-science/projects/firesat/bundle/classes.
      </failure>
    </testcase>
    <testcase name='http://iso.org/80000-5-quantities#celcius-temperature subclass of -6352b5c8:1761fe45fe9:-7fea'>
      <failure>
        Asserted in http://iso.org/80000-5-quantities.
      </failure>
    </testcase>
    <testcase name='http://iso.org/80000-5-quantities#celcius-temperature subclass of -6352b5c8:1761fe45fe9:-7fe9'>
      <failure>
        Asserted in http://iso.org/80000-5-quantities.
      </failure>
    </testcase>
    <testcase name='http://iso.org/80000-5-quantities#thermodynamic-temperature subclass of http://iupac.org/metrology#IndependentUnitaryQuantity'>
      <failure>
        Asserted in http://iso.org/80000-5-quantities,
        http://opencaesar.io/examples/firesat/programs/earth-science/projects/firesat/bundle/classes.
      </failure>
    </testcase>
    <testcase name='http://iso.org/80000-4-quantities#mass subclass of http://iupac.org/metrology#IndependentUnitaryQuantity'>
      <failure>
        Asserted in http://iso.org/80000-4-quantities,
        http://opencaesar.io/examples/firesat/programs/earth-science/projects/firesat/bundle/classes.
      </failure>
    </testcase>
    <testcase name='http://iso.org/80000-6-quantities#electric-current subclass of http://iupac.org/metrology#IndependentUnitaryQuantity'>
      <failure>
        Asserted in http://iso.org/80000-6-quantities,
        http://opencaesar.io/examples/firesat/programs/earth-science/projects/firesat/bundle/classes.
      </failure>
    </testcase>
    <testcase name='http://iso.org/80000-3-quantities#duration subclass of http://iupac.org/metrology#IndependentUnitaryQuantity'>
      <failure>
        Asserted in http://iso.org/80000-3-quantities,
        http://opencaesar.io/examples/firesat/programs/earth-science/projects/firesat/bundle/classes.
      </failure>
    </testcase>
    <testcase name='http://iso.org/80000-3-quantities#length subclass of http://iupac.org/metrology#IndependentUnitaryQuantity'>
      <failure>
        Asserted in http://iso.org/80000-3-quantities,
        http://opencaesar.io/examples/firesat/programs/earth-science/projects/firesat/bundle/classes.
      </failure>
    </testcase>
    <testcase name='http://imce.jpl.nasa.gov/discipline/fse/fse#CBEMass subclass of http://iupac.org/metrology#IndependentUnitaryQuantity'>
      <failure>
        Asserted in
        http://opencaesar.io/examples/firesat/programs/earth-science/projects/firesat/bundle/classes.
      </failure>
    </testcase>
    <testcase name='http://imce.jpl.nasa.gov/discipline/fse/fse#MassLimit subclass of http://iupac.org/metrology#IndependentUnitaryQuantity'>
      <failure>
        Asserted in
        http://opencaesar.io/examples/firesat/programs/earth-science/projects/firesat/bundle/classes.
      </failure>
    </testcase>
    <testcase name='http://iupac.org/metrology#IndependentUnitaryQuantity subclass of http://iupac.org/metrology#IndependentUnitaryQuantity'>
      <failure>
        Asserted in
        http://opencaesar.io/examples/firesat/programs/earth-science/projects/firesat/bundle/classes.
      </failure>
    </testcase>
    <testcase name='http://iso.org/80000-3-quantities#arc-length subclass of http://iupac.org/metrology#IndependentUnitaryQuantity'>
      <failure>
        Asserted in
        http://opencaesar.io/examples/firesat/programs/earth-science/projects/firesat/bundle/classes.
      </failure>
    </testcase>
    <testcase name='http://iso.org/80000-3-quantities#radius subclass of http://iupac.org/metrology#IndependentUnitaryQuantity'>
      <failure>
        Asserted in
        http://opencaesar.io/examples/firesat/programs/earth-science/projects/firesat/bundle/classes.
      </failure>
    </testcase>
    <testcase name='http://iso.org/80000-3-quantities#period-duration subclass of http://iupac.org/metrology#IndependentUnitaryQuantity'>
      <failure>
        Asserted in
        http://opencaesar.io/examples/firesat/programs/earth-science/projects/firesat/bundle/classes.
      </failure>
    </testcase>
    <testcase name='http://iso.org/80000-3-quantities#distance subclass of http://iupac.org/metrology#IndependentUnitaryQuantity'>
      <failure>
        Asserted in
        http://opencaesar.io/examples/firesat/programs/earth-science/projects/firesat/bundle/classes.
      </failure>
    </testcase>
    <testcase name='http://iso.org/80000-3-quantities#path-length subclass of http://iupac.org/metrology#IndependentUnitaryQuantity'>
      <failure>
        Asserted in
        http://opencaesar.io/examples/firesat/programs/earth-science/projects/firesat/bundle/classes.
      </failure>
    </testcase>
    <testcase name='http://iso.org/80000-3-quantities#position-vector subclass of http://iupac.org/metrology#IndependentUnitaryQuantity'>
      <failure>
        Asserted in
        http://opencaesar.io/examples/firesat/programs/earth-science/projects/firesat/bundle/classes.
      </failure>
    </testcase>
    <testcase name='http://iso.org/80000-3-quantities#altitude subclass of http://iupac.org/metrology#IndependentUnitaryQuantity'>
      <failure>
        Asserted in
        http://opencaesar.io/examples/firesat/programs/earth-science/projects/firesat/bundle/classes.
      </failure>
    </testcase>
    <testcase name='http://iso.org/80000-3-quantities#height subclass of http://iupac.org/metrology#IndependentUnitaryQuantity'>
      <failure>
        Asserted in
        http://opencaesar.io/examples/firesat/programs/earth-science/projects/firesat/bundle/classes.
      </failure>
    </testcase>
    <testcase name='http://iso.org/80000-3-quantities#breadth subclass of http://iupac.org/metrology#IndependentUnitaryQuantity'>
      <failure>
        Asserted in
        http://opencaesar.io/examples/firesat/programs/earth-science/projects/firesat/bundle/classes.
      </failure>
    </testcase>
    <testcase name='http://iso.org/80000-3-quantities#width subclass of http://iupac.org/metrology#IndependentUnitaryQuantity'>
      <failure>
        Asserted in
        http://opencaesar.io/examples/firesat/programs/earth-science/projects/firesat/bundle/classes.
      </failure>
    </testcase>
    <testcase name='http://iso.org/80000-3-quantities#depth subclass of http://iupac.org/metrology#IndependentUnitaryQuantity'>
      <failure>
        Asserted in
        http://opencaesar.io/examples/firesat/programs/earth-science/projects/firesat/bundle/classes.
      </failure>
    </testcase>
    <testcase name='http://iso.org/80000-3-quantities#diameter subclass of http://iupac.org/metrology#IndependentUnitaryQuantity'>
      <failure>
        Asserted in
        http://opencaesar.io/examples/firesat/programs/earth-science/projects/firesat/bundle/classes.
      </failure>
    </testcase>
    <testcase name='http://iso.org/80000-3-quantities#displacement subclass of http://iupac.org/metrology#IndependentUnitaryQuantity'>
      <failure>
        Asserted in
        http://opencaesar.io/examples/firesat/programs/earth-science/projects/firesat/bundle/classes.
      </failure>
    </testcase>
    <testcase name='http://iso.org/80000-3-quantities#radial-distance subclass of http://iupac.org/metrology#IndependentUnitaryQuantity'>
      <failure>
        Asserted in
        http://opencaesar.io/examples/firesat/programs/earth-science/projects/firesat/bundle/classes.
      </failure>
    </testcase>
    <testcase name='http://iso.org/80000-3-quantities#radius-of-curvature subclass of http://iupac.org/metrology#IndependentUnitaryQuantity'>
      <failure>
        Asserted in
        http://opencaesar.io/examples/firesat/programs/earth-science/projects/firesat/bundle/classes.
      </failure>
    </testcase>
    <testcase name='http://iso.org/80000-3-quantities#thickness subclass of http://iupac.org/metrology#IndependentUnitaryQuantity'>
      <failure>
        Asserted in
        http://opencaesar.io/examples/firesat/programs/earth-science/projects/firesat/bundle/classes.
      </failure>
    </testcase>
    <testcase name='http://imce.jpl.nasa.gov/discipline/fse/fse#MGAMass subclass of http://iupac.org/metrology#IndependentUnitaryQuantity'>
      <failure>
        Asserted in
        http://opencaesar.io/examples/firesat/programs/earth-science/projects/firesat/bundle/classes.
      </failure>
    </testcase>
    <testcase name='http://imce.jpl.nasa.gov/discipline/fse/fse#MEVMass subclass of http://iupac.org/metrology#IndependentUnitaryQuantity'>
      <failure>
        Asserted in
        http://opencaesar.io/examples/firesat/programs/earth-science/projects/firesat/bundle/classes.
      </failure>
    </testcase>
    <testcase name='http://imce.jpl.nasa.gov/discipline/fse/fse#MassAllocation subclass of http://iupac.org/metrology#IndependentUnitaryQuantity'>
      <failure>
        Asserted in
        http://opencaesar.io/examples/firesat/programs/earth-science/projects/firesat/bundle/classes.
      </failure>
    </testcase>
    <testcase name='http://imce.jpl.nasa.gov/discipline/fse/fse#MassEstimate subclass of http://iupac.org/metrology#IndependentUnitaryQuantity'>
      <failure>
        Asserted in
        http://opencaesar.io/examples/firesat/programs/earth-science/projects/firesat/bundle/classes.
      </failure>
    </testcase>
    <testcase name='http://iso.org/80000-5-quantities#thermodynamic-temperature subclass of -6352b5c8:1761fe45fe9:-7fe8'>
      <failure>
        Asserted in http://iso.org/80000-5-quantities.
      </failure>
    </testcase>
    <testcase name='http://iso.org/80000-5-quantities#thermodynamic-temperature subclass of -6352b5c8:1761fe45fe9:-7fe7'>
      <failure>
        Asserted in http://iso.org/80000-5-quantities.
      </failure>
    </testcase>
    <testcase name='http://iso.org/80000-4-quantities#Force-Has-Momentum subclass of -6352b5c8:1761fe45fe9:-7fe6'>
      <failure>
        Asserted in http://iso.org/80000-4-quantities.
      </failure>
    </testcase>
    <testcase name='http://iso.org/80000-4-quantities#Force-Has-Velocity subclass of -6352b5c8:1761fe45fe9:-7fe5'>
      <failure>
        Asserted in http://iso.org/80000-4-quantities.
      </failure>
    </testcase>
    <testcase name='http://iso.org/80000-4-quantities#Impulse-Has-Duration subclass of -6352b5c8:1761fe45fe9:-7fe4'>
      <failure>
        Asserted in http://iso.org/80000-4-quantities.
      </failure>
    </testcase>
    <testcase name='http://iso.org/80000-4-quantities#Impulse-Has-Force subclass of -6352b5c8:1761fe45fe9:-7fe3'>
      <failure>
        Asserted in http://iso.org/80000-4-quantities.
      </failure>
    </testcase>
    <testcase name='http://iso.org/80000-4-quantities#Momentum-Has-Mass subclass of -6352b5c8:1761fe45fe9:-7fe2'>
      <failure>
        Asserted in http://iso.org/80000-4-quantities.
      </failure>
    </testcase>
    <testcase name='http://iso.org/80000-4-quantities#Momentum-Has-Velocity subclass of -6352b5c8:1761fe45fe9:-7fe1'>
      <failure>
        Asserted in http://iso.org/80000-4-quantities.
      </failure>
    </testcase>
    <testcase name='http://iso.org/80000-4-quantities#Power-Has-Force subclass of -6352b5c8:1761fe45fe9:-7fe0'>
      <failure>
        Asserted in http://iso.org/80000-4-quantities.
      </failure>
    </testcase>
    <testcase name='http://iso.org/80000-4-quantities#Power-Has-Velocity subclass of -6352b5c8:1761fe45fe9:-7fdf'>
      <failure>
        Asserted in http://iso.org/80000-4-quantities.
      </failure>
    </testcase>
    <testcase name='http://iso.org/80000-4-quantities#force subclass of -6352b5c8:1761fe45fe9:-7fde'>
      <failure>
        Asserted in http://iso.org/80000-4-quantities.
      </failure>
    </testcase>
    <testcase name='http://iso.org/80000-4-quantities#force subclass of -6352b5c8:1761fe45fe9:-7fdd'>
      <failure>
        Asserted in http://iso.org/80000-4-quantities.
      </failure>
    </testcase>
    <testcase name='http://iso.org/80000-4-quantities#impulse subclass of -6352b5c8:1761fe45fe9:-7fdc'>
      <failure>
        Asserted in http://iso.org/80000-4-quantities.
      </failure>
    </testcase>
    <testcase name='http://iso.org/80000-4-quantities#impulse subclass of -6352b5c8:1761fe45fe9:-7fdb'>
      <failure>
        Asserted in http://iso.org/80000-4-quantities.
      </failure>
    </testcase>
    <testcase name='http://iso.org/80000-4-quantities#mass subclass of -6352b5c8:1761fe45fe9:-7fda'>
      <failure>
        Asserted in http://iso.org/80000-4-quantities.
      </failure>
    </testcase>
    <testcase name='http://iso.org/80000-4-quantities#mass subclass of -6352b5c8:1761fe45fe9:-7fd9'>
      <failure>
        Asserted in http://iso.org/80000-4-quantities.
      </failure>
    </testcase>
    <testcase name='http://iso.org/80000-4-quantities#momentum subclass of -6352b5c8:1761fe45fe9:-7fd8'>
      <failure>
        Asserted in http://iso.org/80000-4-quantities.
      </failure>
    </testcase>
    <testcase name='http://iso.org/80000-4-quantities#momentum subclass of -6352b5c8:1761fe45fe9:-7fd7'>
      <failure>
        Asserted in http://iso.org/80000-4-quantities.
      </failure>
    </testcase>
    <testcase name='http://iso.org/80000-4-quantities#power subclass of -6352b5c8:1761fe45fe9:-7fd6'>
      <failure>
        Asserted in http://iso.org/80000-4-quantities.
      </failure>
    </testcase>
    <testcase name='http://iso.org/80000-4-quantities#power subclass of -6352b5c8:1761fe45fe9:-7fd5'>
      <failure>
        Asserted in http://iso.org/80000-4-quantities.
      </failure>
    </testcase>
    <testcase name='http://iso.org/80000-6-quantities#Electric-Charge-Has-Duration subclass of -6352b5c8:1761fe45fe9:-7fd4'>
      <failure>
        Asserted in http://iso.org/80000-6-quantities.
      </failure>
    </testcase>
    <testcase name='http://iso.org/80000-6-quantities#Electric-Charge-Has-Electric-Current subclass of -6352b5c8:1761fe45fe9:-7fd3'>
      <failure>
        Asserted in http://iso.org/80000-6-quantities.
      </failure>
    </testcase>
    <testcase name='http://iso.org/80000-6-quantities#Electric-Field-Strength-Has-Electric-Charge subclass of -6352b5c8:1761fe45fe9:-7fd2'>
      <failure>
        Asserted in http://iso.org/80000-6-quantities.
      </failure>
    </testcase>
    <testcase name='http://iso.org/80000-6-quantities#Electric-Field-Strength-Has-Force subclass of -6352b5c8:1761fe45fe9:-7fd1'>
      <failure>
        Asserted in http://iso.org/80000-6-quantities.
      </failure>
    </testcase>
    <testcase name='http://iso.org/80000-6-quantities#Electric-Potential-Has-Electric-Field-Strength subclass of -6352b5c8:1761fe45fe9:-7fd0'>
      <failure>
        Asserted in http://iso.org/80000-6-quantities.
      </failure>
    </testcase>
    <testcase name='http://iso.org/80000-6-quantities#Electric-Potential-Has-Path-Length subclass of -6352b5c8:1761fe45fe9:-7fcf'>
      <failure>
        Asserted in http://iso.org/80000-6-quantities.
      </failure>
    </testcase>
    <testcase name='http://iso.org/80000-6-quantities#Resistance-Has-Electric-Current subclass of -6352b5c8:1761fe45fe9:-7fce'>
      <failure>
        Asserted in http://iso.org/80000-6-quantities.
      </failure>
    </testcase>
    <testcase name='http://iso.org/80000-6-quantities#Resistance-Has-Electric-Potential subclass of -6352b5c8:1761fe45fe9:-7fcd'>
      <failure>
        Asserted in http://iso.org/80000-6-quantities.
      </failure>
    </testcase>
    <testcase name='http://iso.org/80000-6-quantities#electric-charge subclass of -6352b5c8:1761fe45fe9:-7fcc'>
      <failure>
        Asserted in http://iso.org/80000-6-quantities.
      </failure>
    </testcase>
    <testcase name='http://iso.org/80000-6-quantities#electric-charge subclass of -6352b5c8:1761fe45fe9:-7fcb'>
      <failure>
        Asserted in http://iso.org/80000-6-quantities.
      </failure>
    </testcase>
    <testcase name='http://iso.org/80000-6-quantities#electric-current subclass of -6352b5c8:1761fe45fe9:-7fca'>
      <failure>
        Asserted in http://iso.org/80000-6-quantities.
      </failure>
    </testcase>
    <testcase name='http://iso.org/80000-6-quantities#electric-current subclass of -6352b5c8:1761fe45fe9:-7fc9'>
      <failure>
        Asserted in http://iso.org/80000-6-quantities.
      </failure>
    </testcase>
    <testcase name='http://iso.org/80000-6-quantities#electric-field-strength subclass of -6352b5c8:1761fe45fe9:-7fc8'>
      <failure>
        Asserted in http://iso.org/80000-6-quantities.
      </failure>
    </testcase>
    <testcase name='http://iso.org/80000-6-quantities#electric-field-strength subclass of -6352b5c8:1761fe45fe9:-7fc7'>
      <failure>
        Asserted in http://iso.org/80000-6-quantities.
      </failure>
    </testcase>
    <testcase name='http://iso.org/80000-6-quantities#electric-potential subclass of -6352b5c8:1761fe45fe9:-7fc6'>
      <failure>
        Asserted in http://iso.org/80000-6-quantities.
      </failure>
    </testcase>
    <testcase name='http://iso.org/80000-6-quantities#electric-potential subclass of -6352b5c8:1761fe45fe9:-7fc5'>
      <failure>
        Asserted in http://iso.org/80000-6-quantities.
      </failure>
    </testcase>
    <testcase name='http://iso.org/80000-6-quantities#resistance subclass of -6352b5c8:1761fe45fe9:-7fc4'>
      <failure>
        Asserted in http://iso.org/80000-6-quantities.
      </failure>
    </testcase>
    <testcase name='http://iso.org/80000-6-quantities#resistance subclass of -6352b5c8:1761fe45fe9:-7fc3'>
      <failure>
        Asserted in http://iso.org/80000-6-quantities.
      </failure>
    </testcase>
    <testcase name='http://imce.jpl.nasa.gov/foundation/project#Authority subclass of http://imce.jpl.nasa.gov/foundation/base#Package'>
      <failure>
        Asserted in http://imce.jpl.nasa.gov/foundation/project,
        http://opencaesar.io/examples/firesat/programs/earth-science/projects/firesat/bundle/classes.
      </failure>
    </testcase>
    <testcase name='http://imce.jpl.nasa.gov/foundation/project#WorkPackage subclass of http://imce.jpl.nasa.gov/foundation/base#Package'>
      <failure>
        Asserted in http://imce.jpl.nasa.gov/foundation/project,
        http://opencaesar.io/examples/firesat/programs/earth-science/projects/firesat/bundle/classes.
      </failure>
    </testcase>
    <testcase name='http://imce.jpl.nasa.gov/foundation/base#Package subclass of http://imce.jpl.nasa.gov/foundation/base#Package'>
      <failure>
        Asserted in
        http://opencaesar.io/examples/firesat/programs/earth-science/projects/firesat/bundle/classes.
      </failure>
    </testcase>
    <testcase name='http://imce.jpl.nasa.gov/foundation/project#Project subclass of http://imce.jpl.nasa.gov/foundation/base#Package'>
      <failure>
        Asserted in
        http://opencaesar.io/examples/firesat/programs/earth-science/projects/firesat/bundle/classes.
      </failure>
    </testcase>
    <testcase name='http://imce.jpl.nasa.gov/foundation/project#Program subclass of http://imce.jpl.nasa.gov/foundation/base#Package'>
      <failure>
        Asserted in
        http://opencaesar.io/examples/firesat/programs/earth-science/projects/firesat/bundle/classes.
      </failure>
    </testcase>
    <testcase name='http://imce.jpl.nasa.gov/foundation/project#Concern subclass of http://imce.jpl.nasa.gov/foundation/analysis#ConstrainedElement'>
      <failure>
        Asserted in http://imce.jpl.nasa.gov/foundation/project,
        http://opencaesar.io/examples/firesat/programs/earth-science/projects/firesat/bundle/classes.
      </failure>
    </testcase>
    <testcase name='http://imce.jpl.nasa.gov/foundation/analysis#ConstrainedElement subclass of http://imce.jpl.nasa.gov/foundation/analysis#ConstrainedElement'>
      <failure>
        Asserted in
        http://opencaesar.io/examples/firesat/programs/earth-science/projects/firesat/bundle/classes.
      </failure>
    </testcase>
    <testcase name='http://imce.jpl.nasa.gov/foundation/mission#Objective subclass of http://imce.jpl.nasa.gov/foundation/analysis#ConstrainedElement'>
      <failure>
        Asserted in
        http://opencaesar.io/examples/firesat/programs/earth-science/projects/firesat/bundle/classes.
      </failure>
    </testcase>
    <testcase name='http://imce.jpl.nasa.gov/foundation/project#Involves1 subclass of http://imce.jpl.nasa.gov/foundation/project#Involves'>
      <failure>
        Asserted in http://imce.jpl.nasa.gov/foundation/project,
        http://opencaesar.io/examples/firesat/programs/earth-science/projects/firesat/bundle/classes.
      </failure>
    </testcase>
    <testcase name='http://imce.jpl.nasa.gov/foundation/project#Involves2 subclass of http://imce.jpl.nasa.gov/foundation/project#Involves'>
      <failure>
        Asserted in http://imce.jpl.nasa.gov/foundation/project,
        http://opencaesar.io/examples/firesat/programs/earth-science/projects/firesat/bundle/classes.
      </failure>
    </testcase>
    <testcase name='http://imce.jpl.nasa.gov/foundation/project#Involves subclass of http://imce.jpl.nasa.gov/foundation/project#Involves'>
      <failure>
        Asserted in
        http://opencaesar.io/examples/firesat/programs/earth-science/projects/firesat/bundle/classes.
      </failure>
    </testcase>
    <testcase name='http://imce.jpl.nasa.gov/foundation/project#Project subclass of http://imce.jpl.nasa.gov/foundation/project#Authority'>
      <failure>
        Asserted in http://imce.jpl.nasa.gov/foundation/project,
        http://opencaesar.io/examples/firesat/programs/earth-science/projects/firesat/bundle/classes.
      </failure>
    </testcase>
    <testcase name='http://imce.jpl.nasa.gov/foundation/project#Program subclass of http://imce.jpl.nasa.gov/foundation/project#Authority'>
      <failure>
        Asserted in http://imce.jpl.nasa.gov/foundation/project,
        http://opencaesar.io/examples/firesat/programs/earth-science/projects/firesat/bundle/classes.
      </failure>
    </testcase>
    <testcase name='http://imce.jpl.nasa.gov/foundation/project#WorkPackage subclass of http://imce.jpl.nasa.gov/foundation/project#Authority'>
      <failure>
        Asserted in http://imce.jpl.nasa.gov/foundation/project,
        http://opencaesar.io/examples/firesat/programs/earth-science/projects/firesat/bundle/classes.
      </failure>
    </testcase>
    <testcase name='http://imce.jpl.nasa.gov/foundation/project#Authority subclass of http://imce.jpl.nasa.gov/foundation/project#Authority'>
      <failure>
        Asserted in
        http://opencaesar.io/examples/firesat/programs/earth-science/projects/firesat/bundle/classes.
      </failure>
    </testcase>
    <testcase name='http://imce.jpl.nasa.gov/foundation/mission#Objective subclass of http://imce.jpl.nasa.gov/foundation/project#Concern'>
      <failure>
        Asserted in http://imce.jpl.nasa.gov/foundation/project,
        http://opencaesar.io/examples/firesat/programs/earth-science/projects/firesat/bundle/classes.
      </failure>
    </testcase>
    <testcase name='http://imce.jpl.nasa.gov/foundation/project#Concern subclass of http://imce.jpl.nasa.gov/foundation/project#Concern'>
      <failure>
        Asserted in
        http://opencaesar.io/examples/firesat/programs/earth-science/projects/firesat/bundle/classes.
      </failure>
    </testcase>
    <testcase name='http://imce.jpl.nasa.gov/foundation/mission#Component subclass of http://imce.jpl.nasa.gov/foundation/project#DevelopedElement'>
      <failure>
        Asserted in http://imce.jpl.nasa.gov/foundation/project,
        http://opencaesar.io/examples/firesat/programs/earth-science/projects/firesat/bundle/classes.
      </failure>
    </testcase>
    <testcase name='http://imce.jpl.nasa.gov/foundation/mission#Interface subclass of http://imce.jpl.nasa.gov/foundation/project#DevelopedElement'>
      <failure>
        Asserted in http://imce.jpl.nasa.gov/foundation/project,
        http://opencaesar.io/examples/firesat/programs/earth-science/projects/firesat/bundle/classes.
      </failure>
    </testcase>
    <testcase name='http://imce.jpl.nasa.gov/foundation/mission#Junction subclass of http://imce.jpl.nasa.gov/foundation/project#DevelopedElement'>
      <failure>
        Asserted in http://imce.jpl.nasa.gov/foundation/project,
        http://opencaesar.io/examples/firesat/programs/earth-science/projects/firesat/bundle/classes.
      </failure>
    </testcase>
    <testcase name='http://imce.jpl.nasa.gov/foundation/project#Facility subclass of http://imce.jpl.nasa.gov/foundation/project#DevelopedElement'>
      <failure>
        Asserted in http://imce.jpl.nasa.gov/foundation/project,
        http://opencaesar.io/examples/firesat/programs/earth-science/projects/firesat/bundle/classes.
      </failure>
    </testcase>
    <testcase name='http://imce.jpl.nasa.gov/foundation/project#Product subclass of http://imce.jpl.nasa.gov/foundation/project#DevelopedElement'>
      <failure>
        Asserted in http://imce.jpl.nasa.gov/foundation/project,
        http://opencaesar.io/examples/firesat/programs/earth-science/projects/firesat/bundle/classes.
      </failure>
    </testcase>
    <testcase name='http://imce.jpl.nasa.gov/discipline/fse/fse#Subsystem subclass of http://imce.jpl.nasa.gov/foundation/project#DevelopedElement'>
      <failure>
        Asserted in
        http://opencaesar.io/examples/firesat/programs/earth-science/projects/firesat/bundle/classes.
      </failure>
    </testcase>
    <testcase name='http://imce.jpl.nasa.gov/discipline/fse/functions#UnidirectionalPower subclass of http://imce.jpl.nasa.gov/foundation/project#DevelopedElement'>
      <failure>
        Asserted in
        http://opencaesar.io/examples/firesat/programs/earth-science/projects/firesat/bundle/classes.
      </failure>
    </testcase>
    <testcase name='http://imce.jpl.nasa.gov/discipline/fse/endcircuits#Power subclass of http://imce.jpl.nasa.gov/foundation/project#DevelopedElement'>
      <failure>
        Asserted in
        http://opencaesar.io/examples/firesat/programs/earth-science/projects/firesat/bundle/classes.
      </failure>
    </testcase>
    <testcase name='http://imce.jpl.nasa.gov/discipline/fse/fse#EndCircuit subclass of http://imce.jpl.nasa.gov/foundation/project#DevelopedElement'>
      <failure>
        Asserted in
        http://opencaesar.io/examples/firesat/programs/earth-science/projects/firesat/bundle/classes.
      </failure>
    </testcase>
    <testcase name='http://imce.jpl.nasa.gov/discipline/fse/endcircuits#PowerIn subclass of http://imce.jpl.nasa.gov/foundation/project#DevelopedElement'>
      <failure>
        Asserted in
        http://opencaesar.io/examples/firesat/programs/earth-science/projects/firesat/bundle/classes.
      </failure>
    </testcase>
    <testcase name='http://imce.jpl.nasa.gov/discipline/fse/endcircuits#UnidirectionalPower subclass of http://imce.jpl.nasa.gov/foundation/project#DevelopedElement'>
      <failure>
        Asserted in
        http://opencaesar.io/examples/firesat/programs/earth-science/projects/firesat/bundle/classes.
      </failure>
    </testcase>
    <testcase name='http://imce.jpl.nasa.gov/discipline/fse/endcircuits#PowerOut subclass of http://imce.jpl.nasa.gov/foundation/project#DevelopedElement'>
      <failure>
        Asserted in
        http://opencaesar.io/examples/firesat/programs/earth-science/projects/firesat/bundle/classes.
      </failure>
    </testcase>
    <testcase name='http://imce.jpl.nasa.gov/discipline/fse/assemblies#BaseAssembly subclass of http://imce.jpl.nasa.gov/foundation/project#DevelopedElement'>
      <failure>
        Asserted in
        http://opencaesar.io/examples/firesat/programs/earth-science/projects/firesat/bundle/classes.
      </failure>
    </testcase>
    <testcase name='http://imce.jpl.nasa.gov/discipline/fse/fse#Assembly subclass of http://imce.jpl.nasa.gov/foundation/project#DevelopedElement'>
      <failure>
        Asserted in
        http://opencaesar.io/examples/firesat/programs/earth-science/projects/firesat/bundle/classes.
      </failure>
    </testcase>
    <testcase name='http://imce.jpl.nasa.gov/discipline/fse/fse#FlightHardwareComponent subclass of http://imce.jpl.nasa.gov/foundation/project#DevelopedElement'>
      <failure>
        Asserted in
        http://opencaesar.io/examples/firesat/programs/earth-science/projects/firesat/bundle/classes.
      </failure>
    </testcase>
    <testcase name='http://imce.jpl.nasa.gov/discipline/fse/fse#Function subclass of http://imce.jpl.nasa.gov/foundation/project#DevelopedElement'>
      <failure>
        Asserted in
        http://opencaesar.io/examples/firesat/programs/earth-science/projects/firesat/bundle/classes.
      </failure>
    </testcase>
    <testcase name='http://imce.jpl.nasa.gov/discipline/fse/functions#BaseFunction subclass of http://imce.jpl.nasa.gov/foundation/project#DevelopedElement'>
      <failure>
        Asserted in
        http://opencaesar.io/examples/firesat/programs/earth-science/projects/firesat/bundle/classes.
      </failure>
    </testcase>
    <testcase name='http://imce.jpl.nasa.gov/discipline/fse/functions#Power subclass of http://imce.jpl.nasa.gov/foundation/project#DevelopedElement'>
      <failure>
        Asserted in
        http://opencaesar.io/examples/firesat/programs/earth-science/projects/firesat/bundle/classes.
      </failure>
    </testcase>
    <testcase name='http://imce.jpl.nasa.gov/foundation/project#DevelopedElement subclass of http://imce.jpl.nasa.gov/foundation/project#DevelopedElement'>
      <failure>
        Asserted in
        http://opencaesar.io/examples/firesat/programs/earth-science/projects/firesat/bundle/classes.
      </failure>
    </testcase>
    <testcase name='http://imce.jpl.nasa.gov/foundation/project#DevelopmentState subclass of http://imce.jpl.nasa.gov/foundation/project#Deliverable'>
      <failure>
        Asserted in http://imce.jpl.nasa.gov/foundation/project,
        http://opencaesar.io/examples/firesat/programs/earth-science/projects/firesat/bundle/classes.
      </failure>
    </testcase>
    <testcase name='http://imce.jpl.nasa.gov/foundation/project#Deliverable subclass of http://imce.jpl.nasa.gov/foundation/project#Deliverable'>
      <failure>
        Asserted in
        http://opencaesar.io/examples/firesat/programs/earth-science/projects/firesat/bundle/classes.
      </failure>
    </testcase>
    <testcase name='http://imce.jpl.nasa.gov/foundation/mission#Component subclass of http://imce.jpl.nasa.gov/foundation/project#SuppliedElement'>
      <failure>
        Asserted in http://imce.jpl.nasa.gov/foundation/project,
        http://opencaesar.io/examples/firesat/programs/earth-science/projects/firesat/bundle/classes.
      </failure>
    </testcase>
    <testcase name='http://imce.jpl.nasa.gov/foundation/mission#Mission subclass of http://imce.jpl.nasa.gov/foundation/project#SuppliedElement'>
      <failure>
        Asserted in http://imce.jpl.nasa.gov/foundation/project,
        http://opencaesar.io/examples/firesat/programs/earth-science/projects/firesat/bundle/classes.
      </failure>
    </testcase>
    <testcase name='http://imce.jpl.nasa.gov/foundation/project#Product subclass of http://imce.jpl.nasa.gov/foundation/project#SuppliedElement'>
      <failure>
        Asserted in http://imce.jpl.nasa.gov/foundation/project,
        http://opencaesar.io/examples/firesat/programs/earth-science/projects/firesat/bundle/classes.
      </failure>
    </testcase>
    <testcase name='http://imce.jpl.nasa.gov/discipline/fse/fse#Subsystem subclass of http://imce.jpl.nasa.gov/foundation/project#SuppliedElement'>
      <failure>
        Asserted in
        http://opencaesar.io/examples/firesat/programs/earth-science/projects/firesat/bundle/classes.
      </failure>
    </testcase>
    <testcase name='http://imce.jpl.nasa.gov/discipline/fse/assemblies#BaseAssembly subclass of http://imce.jpl.nasa.gov/foundation/project#SuppliedElement'>
      <failure>
        Asserted in
        http://opencaesar.io/examples/firesat/programs/earth-science/projects/firesat/bundle/classes.
      </failure>
    </testcase>
    <testcase name='http://imce.jpl.nasa.gov/discipline/fse/fse#Assembly subclass of http://imce.jpl.nasa.gov/foundation/project#SuppliedElement'>
      <failure>
        Asserted in
        http://opencaesar.io/examples/firesat/programs/earth-science/projects/firesat/bundle/classes.
      </failure>
    </testcase>
    <testcase name='http://imce.jpl.nasa.gov/discipline/fse/fse#FlightHardwareComponent subclass of http://imce.jpl.nasa.gov/foundation/project#SuppliedElement'>
      <failure>
        Asserted in
        http://opencaesar.io/examples/firesat/programs/earth-science/projects/firesat/bundle/classes.
      </failure>
    </testcase>
    <testcase name='http://imce.jpl.nasa.gov/foundation/project#SuppliedElement subclass of http://imce.jpl.nasa.gov/foundation/project#SuppliedElement'>
      <failure>
        Asserted in
        http://opencaesar.io/examples/firesat/programs/earth-science/projects/firesat/bundle/classes.
      </failure>
    </testcase>
    <testcase name='http://imce.jpl.nasa.gov/foundation/project#Process subclass of http://imce.jpl.nasa.gov/foundation/project#AssignedElement'>
      <failure>
        Asserted in http://imce.jpl.nasa.gov/foundation/project,
        http://opencaesar.io/examples/firesat/programs/earth-science/projects/firesat/bundle/classes.
      </failure>
    </testcase>
    <testcase name='http://imce.jpl.nasa.gov/foundation/project#ReliesOn subclass of http://imce.jpl.nasa.gov/foundation/project#AssignedElement'>
      <failure>
        Asserted in http://imce.jpl.nasa.gov/foundation/project,
        http://opencaesar.io/examples/firesat/programs/earth-science/projects/firesat/bundle/classes.
      </failure>
    </testcase>
    <testcase name='http://imce.jpl.nasa.gov/foundation/project#Executes subclass of http://imce.jpl.nasa.gov/foundation/project#AssignedElement'>
      <failure>
        Asserted in http://imce.jpl.nasa.gov/foundation/project,
        http://opencaesar.io/examples/firesat/programs/earth-science/projects/firesat/bundle/classes.
      </failure>
    </testcase>
    <testcase name='http://imce.jpl.nasa.gov/foundation/project#DevelopedElement subclass of http://imce.jpl.nasa.gov/foundation/project#AssignedElement'>
      <failure>
        Asserted in http://imce.jpl.nasa.gov/foundation/project,
        http://opencaesar.io/examples/firesat/programs/earth-science/projects/firesat/bundle/classes.
      </failure>
    </testcase>
    <testcase name='http://imce.jpl.nasa.gov/foundation/project#Receives subclass of http://imce.jpl.nasa.gov/foundation/project#AssignedElement'>
      <failure>
        Asserted in http://imce.jpl.nasa.gov/foundation/project,
        http://opencaesar.io/examples/firesat/programs/earth-science/projects/firesat/bundle/classes.
      </failure>
    </testcase>
    <testcase name='http://imce.jpl.nasa.gov/foundation/project#Delivers subclass of http://imce.jpl.nasa.gov/foundation/project#AssignedElement'>
      <failure>
        Asserted in http://imce.jpl.nasa.gov/foundation/project,
        http://opencaesar.io/examples/firesat/programs/earth-science/projects/firesat/bundle/classes.
      </failure>
    </testcase>
    <testcase name='http://imce.jpl.nasa.gov/foundation/project#Supplies subclass of http://imce.jpl.nasa.gov/foundation/project#AssignedElement'>
      <failure>
        Asserted in http://imce.jpl.nasa.gov/foundation/project,
        http://opencaesar.io/examples/firesat/programs/earth-science/projects/firesat/bundle/classes.
      </failure>
    </testcase>
    <testcase name='http://imce.jpl.nasa.gov/discipline/fse/fse#Subsystem subclass of http://imce.jpl.nasa.gov/foundation/project#AssignedElement'>
      <failure>
        Asserted in
        http://opencaesar.io/examples/firesat/programs/earth-science/projects/firesat/bundle/classes.
      </failure>
    </testcase>
    <testcase name='http://imce.jpl.nasa.gov/discipline/fse/functions#UnidirectionalPower subclass of http://imce.jpl.nasa.gov/foundation/project#AssignedElement'>
      <failure>
        Asserted in
        http://opencaesar.io/examples/firesat/programs/earth-science/projects/firesat/bundle/classes.
      </failure>
    </testcase>
    <testcase name='http://imce.jpl.nasa.gov/discipline/fse/endcircuits#Power subclass of http://imce.jpl.nasa.gov/foundation/project#AssignedElement'>
      <failure>
        Asserted in
        http://opencaesar.io/examples/firesat/programs/earth-science/projects/firesat/bundle/classes.
      </failure>
    </testcase>
    <testcase name='http://imce.jpl.nasa.gov/discipline/fse/fse#EndCircuit subclass of http://imce.jpl.nasa.gov/foundation/project#AssignedElement'>
      <failure>
        Asserted in
        http://opencaesar.io/examples/firesat/programs/earth-science/projects/firesat/bundle/classes.
      </failure>
    </testcase>
    <testcase name='http://imce.jpl.nasa.gov/discipline/fse/endcircuits#PowerIn subclass of http://imce.jpl.nasa.gov/foundation/project#AssignedElement'>
      <failure>
        Asserted in
        http://opencaesar.io/examples/firesat/programs/earth-science/projects/firesat/bundle/classes.
      </failure>
    </testcase>
    <testcase name='http://imce.jpl.nasa.gov/discipline/fse/endcircuits#UnidirectionalPower subclass of http://imce.jpl.nasa.gov/foundation/project#AssignedElement'>
      <failure>
        Asserted in
        http://opencaesar.io/examples/firesat/programs/earth-science/projects/firesat/bundle/classes.
      </failure>
    </testcase>
    <testcase name='http://imce.jpl.nasa.gov/discipline/fse/endcircuits#PowerOut subclass of http://imce.jpl.nasa.gov/foundation/project#AssignedElement'>
      <failure>
        Asserted in
        http://opencaesar.io/examples/firesat/programs/earth-science/projects/firesat/bundle/classes.
      </failure>
    </testcase>
    <testcase name='http://imce.jpl.nasa.gov/discipline/fse/assemblies#BaseAssembly subclass of http://imce.jpl.nasa.gov/foundation/project#AssignedElement'>
      <failure>
        Asserted in
        http://opencaesar.io/examples/firesat/programs/earth-science/projects/firesat/bundle/classes.
      </failure>
    </testcase>
    <testcase name='http://imce.jpl.nasa.gov/foundation/mission#Component subclass of http://imce.jpl.nasa.gov/foundation/project#AssignedElement'>
      <failure>
        Asserted in
        http://opencaesar.io/examples/firesat/programs/earth-science/projects/firesat/bundle/classes.
      </failure>
    </testcase>
    <testcase name='http://imce.jpl.nasa.gov/foundation/mission#Interface subclass of http://imce.jpl.nasa.gov/foundation/project#AssignedElement'>
      <failure>
        Asserted in
        http://opencaesar.io/examples/firesat/programs/earth-science/projects/firesat/bundle/classes.
      </failure>
    </testcase>
    <testcase name='http://imce.jpl.nasa.gov/foundation/mission#Junction subclass of http://imce.jpl.nasa.gov/foundation/project#AssignedElement'>
      <failure>
        Asserted in
        http://opencaesar.io/examples/firesat/programs/earth-science/projects/firesat/bundle/classes.
      </failure>
    </testcase>
    <testcase name='http://imce.jpl.nasa.gov/discipline/fse/fse#Assembly subclass of http://imce.jpl.nasa.gov/foundation/project#AssignedElement'>
      <failure>
        Asserted in
        http://opencaesar.io/examples/firesat/programs/earth-science/projects/firesat/bundle/classes.
      </failure>
    </testcase>
    <testcase name='http://imce.jpl.nasa.gov/discipline/fse/fse#FlightHardwareComponent subclass of http://imce.jpl.nasa.gov/foundation/project#AssignedElement'>
      <failure>
        Asserted in
        http://opencaesar.io/examples/firesat/programs/earth-science/projects/firesat/bundle/classes.
      </failure>
    </testcase>
    <testcase name='http://imce.jpl.nasa.gov/discipline/fse/fse#Function subclass of http://imce.jpl.nasa.gov/foundation/project#AssignedElement'>
      <failure>
        Asserted in
        http://opencaesar.io/examples/firesat/programs/earth-science/projects/firesat/bundle/classes.
      </failure>
    </testcase>
    <testcase name='http://imce.jpl.nasa.gov/foundation/project#Facility subclass of http://imce.jpl.nasa.gov/foundation/project#AssignedElement'>
      <failure>
        Asserted in
        http://opencaesar.io/examples/firesat/programs/earth-science/projects/firesat/bundle/classes.
      </failure>
    </testcase>
    <testcase name='http://imce.jpl.nasa.gov/discipline/fse/functions#BaseFunction subclass of http://imce.jpl.nasa.gov/foundation/project#AssignedElement'>
      <failure>
        Asserted in
        http://opencaesar.io/examples/firesat/programs/earth-science/projects/firesat/bundle/classes.
      </failure>
    </testcase>
    <testcase name='http://imce.jpl.nasa.gov/discipline/fse/functions#Power subclass of http://imce.jpl.nasa.gov/foundation/project#AssignedElement'>
      <failure>
        Asserted in
        http://opencaesar.io/examples/firesat/programs/earth-science/projects/firesat/bundle/classes.
      </failure>
    </testcase>
    <testcase name='http://imce.jpl.nasa.gov/foundation/project#AssignedElement subclass of http://imce.jpl.nasa.gov/foundation/project#AssignedElement'>
      <failure>
        Asserted in
        http://opencaesar.io/examples/firesat/programs/earth-science/projects/firesat/bundle/classes.
      </failure>
    </testcase>
    <testcase name='http://imce.jpl.nasa.gov/foundation/project#Product subclass of http://imce.jpl.nasa.gov/foundation/project#AssignedElement'>
      <failure>
        Asserted in
        http://opencaesar.io/examples/firesat/programs/earth-science/projects/firesat/bundle/classes.
      </failure>
    </testcase>
    <testcase name='http://imce.jpl.nasa.gov/foundation/mission#Function subclass of http://imce.jpl.nasa.gov/foundation/project#RealizedElement'>
      <failure>
        Asserted in http://imce.jpl.nasa.gov/foundation/project,
        http://opencaesar.io/examples/firesat/programs/earth-science/projects/firesat/bundle/classes.
      </failure>
    </testcase>
    <testcase name='http://imce.jpl.nasa.gov/foundation/mission#Component subclass of http://imce.jpl.nasa.gov/foundation/project#RealizedElement'>
      <failure>
        Asserted in http://imce.jpl.nasa.gov/foundation/project,
        http://opencaesar.io/examples/firesat/programs/earth-science/projects/firesat/bundle/classes.
      </failure>
    </testcase>
    <testcase name='http://imce.jpl.nasa.gov/foundation/mission#Interface subclass of http://imce.jpl.nasa.gov/foundation/project#RealizedElement'>
      <failure>
        Asserted in http://imce.jpl.nasa.gov/foundation/project,
        http://opencaesar.io/examples/firesat/programs/earth-science/projects/firesat/bundle/classes.
      </failure>
    </testcase>
    <testcase name='http://imce.jpl.nasa.gov/foundation/mission#Junction subclass of http://imce.jpl.nasa.gov/foundation/project#RealizedElement'>
      <failure>
        Asserted in http://imce.jpl.nasa.gov/foundation/project,
        http://opencaesar.io/examples/firesat/programs/earth-science/projects/firesat/bundle/classes.
      </failure>
    </testcase>
    <testcase name='http://imce.jpl.nasa.gov/foundation/mission#Mission subclass of http://imce.jpl.nasa.gov/foundation/project#RealizedElement'>
      <failure>
        Asserted in http://imce.jpl.nasa.gov/foundation/project,
        http://opencaesar.io/examples/firesat/programs/earth-science/projects/firesat/bundle/classes.
      </failure>
    </testcase>
    <testcase name='http://imce.jpl.nasa.gov/foundation/project#Process subclass of http://imce.jpl.nasa.gov/foundation/project#RealizedElement'>
      <failure>
        Asserted in http://imce.jpl.nasa.gov/foundation/project,
        http://opencaesar.io/examples/firesat/programs/earth-science/projects/firesat/bundle/classes.
      </failure>
    </testcase>
    <testcase name='http://imce.jpl.nasa.gov/foundation/project#Project subclass of http://imce.jpl.nasa.gov/foundation/project#RealizedElement'>
      <failure>
        Asserted in http://imce.jpl.nasa.gov/foundation/project,
        http://opencaesar.io/examples/firesat/programs/earth-science/projects/firesat/bundle/classes.
      </failure>
    </testcase>
    <testcase name='http://imce.jpl.nasa.gov/foundation/project#WorkPackage subclass of http://imce.jpl.nasa.gov/foundation/project#RealizedElement'>
      <failure>
        Asserted in http://imce.jpl.nasa.gov/foundation/project,
        http://opencaesar.io/examples/firesat/programs/earth-science/projects/firesat/bundle/classes.
      </failure>
    </testcase>
    <testcase name='http://imce.jpl.nasa.gov/discipline/fse/fse#Subsystem subclass of http://imce.jpl.nasa.gov/foundation/project#RealizedElement'>
      <failure>
        Asserted in
        http://opencaesar.io/examples/firesat/programs/earth-science/projects/firesat/bundle/classes.
      </failure>
    </testcase>
    <testcase name='http://imce.jpl.nasa.gov/discipline/fse/functions#UnidirectionalPower subclass of http://imce.jpl.nasa.gov/foundation/project#RealizedElement'>
      <failure>
        Asserted in
        http://opencaesar.io/examples/firesat/programs/earth-science/projects/firesat/bundle/classes.
      </failure>
    </testcase>
    <testcase name='http://imce.jpl.nasa.gov/discipline/fse/endcircuits#Power subclass of http://imce.jpl.nasa.gov/foundation/project#RealizedElement'>
      <failure>
        Asserted in
        http://opencaesar.io/examples/firesat/programs/earth-science/projects/firesat/bundle/classes.
      </failure>
    </testcase>
    <testcase name='http://imce.jpl.nasa.gov/discipline/fse/fse#EndCircuit subclass of http://imce.jpl.nasa.gov/foundation/project#RealizedElement'>
      <failure>
        Asserted in
        http://opencaesar.io/examples/firesat/programs/earth-science/projects/firesat/bundle/classes.
      </failure>
    </testcase>
    <testcase name='http://imce.jpl.nasa.gov/discipline/fse/endcircuits#PowerIn subclass of http://imce.jpl.nasa.gov/foundation/project#RealizedElement'>
      <failure>
        Asserted in
        http://opencaesar.io/examples/firesat/programs/earth-science/projects/firesat/bundle/classes.
      </failure>
    </testcase>
    <testcase name='http://imce.jpl.nasa.gov/discipline/fse/endcircuits#UnidirectionalPower subclass of http://imce.jpl.nasa.gov/foundation/project#RealizedElement'>
      <failure>
        Asserted in
        http://opencaesar.io/examples/firesat/programs/earth-science/projects/firesat/bundle/classes.
      </failure>
    </testcase>
    <testcase name='http://imce.jpl.nasa.gov/discipline/fse/endcircuits#PowerOut subclass of http://imce.jpl.nasa.gov/foundation/project#RealizedElement'>
      <failure>
        Asserted in
        http://opencaesar.io/examples/firesat/programs/earth-science/projects/firesat/bundle/classes.
      </failure>
    </testcase>
    <testcase name='http://imce.jpl.nasa.gov/discipline/fse/assemblies#BaseAssembly subclass of http://imce.jpl.nasa.gov/foundation/project#RealizedElement'>
      <failure>
        Asserted in
        http://opencaesar.io/examples/firesat/programs/earth-science/projects/firesat/bundle/classes.
      </failure>
    </testcase>
    <testcase name='http://imce.jpl.nasa.gov/discipline/fse/fse#Assembly subclass of http://imce.jpl.nasa.gov/foundation/project#RealizedElement'>
      <failure>
        Asserted in
        http://opencaesar.io/examples/firesat/programs/earth-science/projects/firesat/bundle/classes.
      </failure>
    </testcase>
    <testcase name='http://imce.jpl.nasa.gov/discipline/fse/fse#FlightHardwareComponent subclass of http://imce.jpl.nasa.gov/foundation/project#RealizedElement'>
      <failure>
        Asserted in
        http://opencaesar.io/examples/firesat/programs/earth-science/projects/firesat/bundle/classes.
      </failure>
    </testcase>
    <testcase name='http://imce.jpl.nasa.gov/discipline/fse/fse#Function subclass of http://imce.jpl.nasa.gov/foundation/project#RealizedElement'>
      <failure>
        Asserted in
        http://opencaesar.io/examples/firesat/programs/earth-science/projects/firesat/bundle/classes.
      </failure>
    </testcase>
    <testcase name='http://imce.jpl.nasa.gov/discipline/fse/functions#BaseFunction subclass of http://imce.jpl.nasa.gov/foundation/project#RealizedElement'>
      <failure>
        Asserted in
        http://opencaesar.io/examples/firesat/programs/earth-science/projects/firesat/bundle/classes.
      </failure>
    </testcase>
    <testcase name='http://imce.jpl.nasa.gov/discipline/fse/functions#Power subclass of http://imce.jpl.nasa.gov/foundation/project#RealizedElement'>
      <failure>
        Asserted in
        http://opencaesar.io/examples/firesat/programs/earth-science/projects/firesat/bundle/classes.
      </failure>
    </testcase>
    <testcase name='http://imce.jpl.nasa.gov/foundation/project#RealizedElement subclass of http://imce.jpl.nasa.gov/foundation/project#RealizedElement'>
      <failure>
        Asserted in
        http://opencaesar.io/examples/firesat/programs/earth-science/projects/firesat/bundle/classes.
      </failure>
    </testcase>
    <testcase name='http://imce.jpl.nasa.gov/foundation/project#Prepares subclass of http://imce.jpl.nasa.gov/foundation/project#HasAssignment'>
      <failure>
        Asserted in http://imce.jpl.nasa.gov/foundation/project,
        http://opencaesar.io/examples/firesat/programs/earth-science/projects/firesat/bundle/classes.
      </failure>
    </testcase>
    <testcase name='http://imce.jpl.nasa.gov/foundation/project#Concurs subclass of http://imce.jpl.nasa.gov/foundation/project#HasAssignment'>
      <failure>
        Asserted in http://imce.jpl.nasa.gov/foundation/project,
        http://opencaesar.io/examples/firesat/programs/earth-science/projects/firesat/bundle/classes.
      </failure>
    </testcase>
    <testcase name='http://imce.jpl.nasa.gov/foundation/project#Approves subclass of http://imce.jpl.nasa.gov/foundation/project#HasAssignment'>
      <failure>
        Asserted in http://imce.jpl.nasa.gov/foundation/project,
        http://opencaesar.io/examples/firesat/programs/earth-science/projects/firesat/bundle/classes.
      </failure>
    </testcase>
    <testcase name='http://imce.jpl.nasa.gov/foundation/project#HasAssignment subclass of http://imce.jpl.nasa.gov/foundation/project#HasAssignment'>
      <failure>
        Asserted in
        http://opencaesar.io/examples/firesat/programs/earth-science/projects/firesat/bundle/classes.
      </failure>
    </testcase>
    <testcase name='http://imce.jpl.nasa.gov/foundation/mission#Component subclass of -6352b5c8:1761fe45fe9:-7fc2'>
      <failure>
        Asserted in http://imce.jpl.nasa.gov/foundation/project.
      </failure>
    </testcase>
    <testcase name='http://imce.jpl.nasa.gov/foundation/mission#Component subclass of -6352b5c8:1761fe45fe9:-7fc1'>
      <failure>
        Asserted in http://imce.jpl.nasa.gov/foundation/project.
      </failure>
    </testcase>
    <testcase name='http://imce.jpl.nasa.gov/foundation/mission#Component subclass of -6352b5c8:1761fe45fe9:-7fc0'>
      <failure>
        Asserted in http://imce.jpl.nasa.gov/foundation/project.
      </failure>
    </testcase>
    <testcase name='http://imce.jpl.nasa.gov/foundation/mission#Function subclass of -6352b5c8:1761fe45fe9:-7fbf'>
      <failure>
        Asserted in http://imce.jpl.nasa.gov/foundation/project.
      </failure>
    </testcase>
    <testcase name='http://imce.jpl.nasa.gov/foundation/mission#Function subclass of -6352b5c8:1761fe45fe9:-7fbe'>
      <failure>
        Asserted in http://imce.jpl.nasa.gov/foundation/project.
      </failure>
    </testcase>
    <testcase name='http://imce.jpl.nasa.gov/foundation/mission#Interface subclass of -6352b5c8:1761fe45fe9:-7fbd'>
      <failure>
        Asserted in http://imce.jpl.nasa.gov/foundation/project.
      </failure>
    </testcase>
    <testcase name='http://imce.jpl.nasa.gov/foundation/mission#Interface subclass of -6352b5c8:1761fe45fe9:-7fbc'>
      <failure>
        Asserted in http://imce.jpl.nasa.gov/foundation/project.
      </failure>
    </testcase>
    <testcase name='http://imce.jpl.nasa.gov/foundation/mission#Junction subclass of -6352b5c8:1761fe45fe9:-7fbb'>
      <failure>
        Asserted in http://imce.jpl.nasa.gov/foundation/project.
      </failure>
    </testcase>
    <testcase name='http://imce.jpl.nasa.gov/foundation/mission#Junction subclass of -6352b5c8:1761fe45fe9:-7fba'>
      <failure>
        Asserted in http://imce.jpl.nasa.gov/foundation/project.
      </failure>
    </testcase>
    <testcase name='http://imce.jpl.nasa.gov/foundation/mission#Mission subclass of -6352b5c8:1761fe45fe9:-7fb9'>
      <failure>
        Asserted in http://imce.jpl.nasa.gov/foundation/project.
      </failure>
    </testcase>
    <testcase name='http://imce.jpl.nasa.gov/foundation/mission#Mission subclass of -6352b5c8:1761fe45fe9:-7fb8'>
      <failure>
        Asserted in http://imce.jpl.nasa.gov/foundation/project.
      </failure>
    </testcase>
    <testcase name='http://imce.jpl.nasa.gov/foundation/mission#Mission subclass of -6352b5c8:1761fe45fe9:-7fb7'>
      <failure>
        Asserted in http://imce.jpl.nasa.gov/foundation/project.
      </failure>
    </testcase>
    <testcase name='http://imce.jpl.nasa.gov/foundation/project#Concern subclass of -6352b5c8:1761fe45fe9:-7fb6'>
      <failure>
        Asserted in http://imce.jpl.nasa.gov/foundation/project.
      </failure>
    </testcase>
    <testcase name='http://imce.jpl.nasa.gov/foundation/project#Concern subclass of -6352b5c8:1761fe45fe9:-7fb5'>
      <failure>
        Asserted in http://imce.jpl.nasa.gov/foundation/project.
      </failure>
    </testcase>
    <testcase name='http://imce.jpl.nasa.gov/foundation/project#DevelopmentState subclass of -6352b5c8:1761fe45fe9:-7fb4'>
      <failure>
        Asserted in http://imce.jpl.nasa.gov/foundation/project.
      </failure>
    </testcase>
    <testcase name='http://imce.jpl.nasa.gov/foundation/project#Process subclass of -6352b5c8:1761fe45fe9:-7fb3'>
      <failure>
        Asserted in http://imce.jpl.nasa.gov/foundation/project.
      </failure>
    </testcase>
    <testcase name='http://imce.jpl.nasa.gov/foundation/project#Process subclass of -6352b5c8:1761fe45fe9:-7fb2'>
      <failure>
        Asserted in http://imce.jpl.nasa.gov/foundation/project.
      </failure>
    </testcase>
    <testcase name='http://imce.jpl.nasa.gov/foundation/project#Product subclass of -6352b5c8:1761fe45fe9:-7fb1'>
      <failure>
        Asserted in http://imce.jpl.nasa.gov/foundation/project.
      </failure>
    </testcase>
    <testcase name='http://imce.jpl.nasa.gov/foundation/project#Product subclass of -6352b5c8:1761fe45fe9:-7fb0'>
      <failure>
        Asserted in http://imce.jpl.nasa.gov/foundation/project.
      </failure>
    </testcase>
    <testcase name='http://imce.jpl.nasa.gov/foundation/project#Project subclass of -6352b5c8:1761fe45fe9:-7faf'>
      <failure>
        Asserted in http://imce.jpl.nasa.gov/foundation/project.
      </failure>
    </testcase>
    <testcase name='http://imce.jpl.nasa.gov/foundation/project#Project subclass of -6352b5c8:1761fe45fe9:-7fae'>
      <failure>
        Asserted in http://imce.jpl.nasa.gov/foundation/project.
      </failure>
    </testcase>
    <testcase name='http://imce.jpl.nasa.gov/foundation/project#Project subclass of -6352b5c8:1761fe45fe9:-7fad'>
      <failure>
        Asserted in http://imce.jpl.nasa.gov/foundation/project.
      </failure>
    </testcase>
    <testcase name='http://imce.jpl.nasa.gov/foundation/project#WorkPackage subclass of -6352b5c8:1761fe45fe9:-7fac'>
      <failure>
        Asserted in http://imce.jpl.nasa.gov/foundation/project.
      </failure>
    </testcase>
    <testcase name='http://imce.jpl.nasa.gov/foundation/project#WorkPackage subclass of -6352b5c8:1761fe45fe9:-7fab'>
      <failure>
        Asserted in http://imce.jpl.nasa.gov/foundation/project.
      </failure>
    </testcase>
    <testcase name='http://imce.jpl.nasa.gov/foundation/project#WorkPackage subclass of -6352b5c8:1761fe45fe9:-7faa'>
      <failure>
        Asserted in http://imce.jpl.nasa.gov/foundation/project.
      </failure>
    </testcase>
    <testcase name='http://imce.jpl.nasa.gov/discipline/fse/functions#BaseFunction subclass of http://imce.jpl.nasa.gov/discipline/fse/fse#Function'>
      <failure>
        Asserted in http://imce.jpl.nasa.gov/discipline/fse/functions,
        http://opencaesar.io/examples/firesat/programs/earth-science/projects/firesat/bundle/classes.
      </failure>
    </testcase>
    <testcase name='http://imce.jpl.nasa.gov/discipline/fse/functions#UnidirectionalPower subclass of http://imce.jpl.nasa.gov/discipline/fse/fse#Function'>
      <failure>
        Asserted in
        http://opencaesar.io/examples/firesat/programs/earth-science/projects/firesat/bundle/classes.
      </failure>
    </testcase>
    <testcase name='http://imce.jpl.nasa.gov/discipline/fse/fse#Function subclass of http://imce.jpl.nasa.gov/discipline/fse/fse#Function'>
      <failure>
        Asserted in
        http://opencaesar.io/examples/firesat/programs/earth-science/projects/firesat/bundle/classes.
      </failure>
    </testcase>
    <testcase name='http://imce.jpl.nasa.gov/discipline/fse/functions#Power subclass of http://imce.jpl.nasa.gov/discipline/fse/fse#Function'>
      <failure>
        Asserted in
        http://opencaesar.io/examples/firesat/programs/earth-science/projects/firesat/bundle/classes.
      </failure>
    </testcase>
    <testcase name='http://imce.jpl.nasa.gov/discipline/fse/functions#Power subclass of http://imce.jpl.nasa.gov/discipline/fse/functions#BaseFunction'>
      <failure>
        Asserted in http://imce.jpl.nasa.gov/discipline/fse/functions,
        http://opencaesar.io/examples/firesat/programs/earth-science/projects/firesat/bundle/classes.
      </failure>
    </testcase>
    <testcase name='http://imce.jpl.nasa.gov/discipline/fse/functions#UnidirectionalPower subclass of http://imce.jpl.nasa.gov/discipline/fse/functions#BaseFunction'>
      <failure>
        Asserted in
        http://opencaesar.io/examples/firesat/programs/earth-science/projects/firesat/bundle/classes.
      </failure>
    </testcase>
    <testcase name='http://imce.jpl.nasa.gov/discipline/fse/functions#BaseFunction subclass of http://imce.jpl.nasa.gov/discipline/fse/functions#BaseFunction'>
      <failure>
        Asserted in
        http://opencaesar.io/examples/firesat/programs/earth-science/projects/firesat/bundle/classes.
      </failure>
    </testcase>
    <testcase name='http://imce.jpl.nasa.gov/discipline/fse/functions#UnidirectionalPower subclass of http://imce.jpl.nasa.gov/discipline/fse/functions#Power'>
      <failure>
        Asserted in http://imce.jpl.nasa.gov/discipline/fse/functions,
        http://opencaesar.io/examples/firesat/programs/earth-science/projects/firesat/bundle/classes.
      </failure>
    </testcase>
    <testcase name='http://imce.jpl.nasa.gov/discipline/fse/functions#Power subclass of http://imce.jpl.nasa.gov/discipline/fse/functions#Power'>
      <failure>
        Asserted in
        http://opencaesar.io/examples/firesat/programs/earth-science/projects/firesat/bundle/classes.
      </failure>
    </testcase>
    <testcase name='http://imce.jpl.nasa.gov/discipline/fse/functions#Power subclass of -6352b5c8:1761fe45fe9:-7fa9'>
      <failure>
        Asserted in http://imce.jpl.nasa.gov/discipline/fse/functions.
      </failure>
    </testcase>
    <testcase name='http://imce.jpl.nasa.gov/discipline/fse/functions#UnidirectionalPower subclass of -6352b5c8:1761fe45fe9:-7fa8'>
      <failure>
        Asserted in http://imce.jpl.nasa.gov/discipline/fse/functions.
      </failure>
    </testcase>
    <testcase name='http://iso.org/80000-6-units#ElectricFieldStrengthMagnitude subclass of http://iupac.org/metrology#UnitaryMagnitude'>
      <failure>
        Asserted in http://iso.org/80000-6-units,
        http://opencaesar.io/examples/firesat/programs/earth-science/projects/firesat/bundle/classes.
      </failure>
    </testcase>
    <testcase name='http://iso.org/80000-6-units#ElectricCurrentMagnitude subclass of http://iupac.org/metrology#UnitaryMagnitude'>
      <failure>
        Asserted in http://iso.org/80000-6-units,
        http://opencaesar.io/examples/firesat/programs/earth-science/projects/firesat/bundle/classes.
      </failure>
    </testcase>
    <testcase name='http://iso.org/80000-6-units#ResistanceMagnitude subclass of http://iupac.org/metrology#UnitaryMagnitude'>
      <failure>
        Asserted in http://iso.org/80000-6-units,
        http://opencaesar.io/examples/firesat/programs/earth-science/projects/firesat/bundle/classes.
      </failure>
    </testcase>
    <testcase name='http://iso.org/80000-6-units#ElectricChargeMagnitude subclass of http://iupac.org/metrology#UnitaryMagnitude'>
      <failure>
        Asserted in http://iso.org/80000-6-units,
        http://opencaesar.io/examples/firesat/programs/earth-science/projects/firesat/bundle/classes.
      </failure>
    </testcase>
    <testcase name='http://iso.org/80000-6-units#ElectricPotentialMagnitude subclass of http://iupac.org/metrology#UnitaryMagnitude'>
      <failure>
        Asserted in http://iso.org/80000-6-units,
        http://opencaesar.io/examples/firesat/programs/earth-science/projects/firesat/bundle/classes.
      </failure>
    </testcase>
    <testcase name='http://iso.org/80000-3-units#AngularMeasureMagnitude subclass of http://iupac.org/metrology#UnitaryMagnitude'>
      <failure>
        Asserted in http://iso.org/80000-3-units,
        http://opencaesar.io/examples/firesat/programs/earth-science/projects/firesat/bundle/classes.
      </failure>
    </testcase>
    <testcase name='http://iso.org/80000-3-units#TimeMagnitude subclass of http://iupac.org/metrology#UnitaryMagnitude'>
      <failure>
        Asserted in http://iso.org/80000-3-units,
        http://opencaesar.io/examples/firesat/programs/earth-science/projects/firesat/bundle/classes.
      </failure>
    </testcase>
    <testcase name='http://iso.org/80000-3-units#FrequencyMagnitude subclass of http://iupac.org/metrology#UnitaryMagnitude'>
      <failure>
        Asserted in http://iso.org/80000-3-units,
        http://opencaesar.io/examples/firesat/programs/earth-science/projects/firesat/bundle/classes.
      </failure>
    </testcase>
    <testcase name='http://iso.org/80000-3-units#LengthMagnitude subclass of http://iupac.org/metrology#UnitaryMagnitude'>
      <failure>
        Asserted in http://iso.org/80000-3-units,
        http://opencaesar.io/examples/firesat/programs/earth-science/projects/firesat/bundle/classes.
      </failure>
    </testcase>
    <testcase name='http://iso.org/80000-3-units#RotationMagnitude subclass of http://iupac.org/metrology#UnitaryMagnitude'>
      <failure>
        Asserted in http://iso.org/80000-3-units,
        http://opencaesar.io/examples/firesat/programs/earth-science/projects/firesat/bundle/classes.
      </failure>
    </testcase>
    <testcase name='http://iso.org/80000-3-units#VelocityMagnitude subclass of http://iupac.org/metrology#UnitaryMagnitude'>
      <failure>
        Asserted in http://iso.org/80000-3-units,
        http://opencaesar.io/examples/firesat/programs/earth-science/projects/firesat/bundle/classes.
      </failure>
    </testcase>
    <testcase name='http://iso.org/80000-5-units#CelciusTemperatureMagnitude subclass of http://iupac.org/metrology#UnitaryMagnitude'>
      <failure>
        Asserted in http://iso.org/80000-5-units,
        http://opencaesar.io/examples/firesat/programs/earth-science/projects/firesat/bundle/classes.
      </failure>
    </testcase>
    <testcase name='http://iso.org/80000-5-units#ThermodynamicTemperatureMagnitude subclass of http://iupac.org/metrology#UnitaryMagnitude'>
      <failure>
        Asserted in http://iso.org/80000-5-units,
        http://opencaesar.io/examples/firesat/programs/earth-science/projects/firesat/bundle/classes.
      </failure>
    </testcase>
    <testcase name='http://imce.jpl.nasa.gov/discipline/fse/fse#CBEMagnitude subclass of http://iupac.org/metrology#UnitaryMagnitude'>
      <failure>
        Asserted in
        http://opencaesar.io/examples/firesat/programs/earth-science/projects/firesat/bundle/classes.
      </failure>
    </testcase>
    <testcase name='http://imce.jpl.nasa.gov/discipline/fse/fse#MassLimitMagnitude subclass of http://iupac.org/metrology#UnitaryMagnitude'>
      <failure>
        Asserted in
        http://opencaesar.io/examples/firesat/programs/earth-science/projects/firesat/bundle/classes.
      </failure>
    </testcase>
    <testcase name='http://iso.org/80000-4-magnitudes1#gram-magnitude subclass of http://iupac.org/metrology#UnitaryMagnitude'>
      <failure>
        Asserted in
        http://opencaesar.io/examples/firesat/programs/earth-science/projects/firesat/bundle/classes.
      </failure>
    </testcase>
    <testcase name='http://iso.org/80000-4-units#MassMagnitude subclass of http://iupac.org/metrology#UnitaryMagnitude'>
      <failure>
        Asserted in
        http://opencaesar.io/examples/firesat/programs/earth-science/projects/firesat/bundle/classes, http://iso.org/80000-4-units.
      </failure>
    </testcase>
    <testcase name='http://iso.org/80000-4-magnitudes1#kilogram-magnitude subclass of http://iupac.org/metrology#UnitaryMagnitude'>
      <failure>
        Asserted in
        http://opencaesar.io/examples/firesat/programs/earth-science/projects/firesat/bundle/classes.
      </failure>
    </testcase>
    <testcase name='http://iso.org/80000-4-magnitudes1#kilogram-metre-per-second-magnitude subclass of http://iupac.org/metrology#UnitaryMagnitude'>
      <failure>
        Asserted in
        http://opencaesar.io/examples/firesat/programs/earth-science/projects/firesat/bundle/classes.
      </failure>
    </testcase>
    <testcase name='http://iso.org/80000-4-units#MomentumMagnitude subclass of http://iupac.org/metrology#UnitaryMagnitude'>
      <failure>
        Asserted in
        http://opencaesar.io/examples/firesat/programs/earth-science/projects/firesat/bundle/classes, http://iso.org/80000-4-units.
      </failure>
    </testcase>
    <testcase name='http://iso.org/80000-4-magnitudes1#newton-magnitude subclass of http://iupac.org/metrology#UnitaryMagnitude'>
      <failure>
        Asserted in
        http://opencaesar.io/examples/firesat/programs/earth-science/projects/firesat/bundle/classes.
      </failure>
    </testcase>
    <testcase name='http://iso.org/80000-4-units#ForceMagnitude subclass of http://iupac.org/metrology#UnitaryMagnitude'>
      <failure>
        Asserted in
        http://opencaesar.io/examples/firesat/programs/earth-science/projects/firesat/bundle/classes, http://iso.org/80000-4-units.
      </failure>
    </testcase>
    <testcase name='http://iso.org/80000-4-magnitudes1#newton-millisecond-magnitude subclass of http://iupac.org/metrology#UnitaryMagnitude'>
      <failure>
        Asserted in
        http://opencaesar.io/examples/firesat/programs/earth-science/projects/firesat/bundle/classes.
      </failure>
    </testcase>
    <testcase name='http://iso.org/80000-4-units#ImpulseMagnitude subclass of http://iupac.org/metrology#UnitaryMagnitude'>
      <failure>
        Asserted in
        http://opencaesar.io/examples/firesat/programs/earth-science/projects/firesat/bundle/classes, http://iso.org/80000-4-units.
      </failure>
    </testcase>
    <testcase name='http://iso.org/80000-4-magnitudes1#newton-second-magnitude subclass of http://iupac.org/metrology#UnitaryMagnitude'>
      <failure>
        Asserted in
        http://opencaesar.io/examples/firesat/programs/earth-science/projects/firesat/bundle/classes.
      </failure>
    </testcase>
    <testcase name='http://iso.org/80000-4-magnitudes1#watt-magnitude subclass of http://iupac.org/metrology#UnitaryMagnitude'>
      <failure>
        Asserted in
        http://opencaesar.io/examples/firesat/programs/earth-science/projects/firesat/bundle/classes.
      </failure>
    </testcase>
    <testcase name='http://iso.org/80000-4-units#PowerMagnitude subclass of http://iupac.org/metrology#UnitaryMagnitude'>
      <failure>
        Asserted in
        http://opencaesar.io/examples/firesat/programs/earth-science/projects/firesat/bundle/classes, http://iso.org/80000-4-units.
      </failure>
    </testcase>
    <testcase name='http://iupac.org/metrology#UnitaryMagnitude subclass of http://iupac.org/metrology#UnitaryMagnitude'>
      <failure>
        Asserted in
        http://opencaesar.io/examples/firesat/programs/earth-science/projects/firesat/bundle/classes.
      </failure>
    </testcase>
    <testcase name='http://imce.jpl.nasa.gov/discipline/fse/fse#MassEstimateMagnitude subclass of http://iupac.org/metrology#UnitaryMagnitude'>
      <failure>
        Asserted in
        http://opencaesar.io/examples/firesat/programs/earth-science/projects/firesat/bundle/classes.
      </failure>
    </testcase>
    <testcase name='http://imce.jpl.nasa.gov/discipline/fse/fse#MGAMagnitude subclass of http://iupac.org/metrology#UnitaryMagnitude'>
      <failure>
        Asserted in
        http://opencaesar.io/examples/firesat/programs/earth-science/projects/firesat/bundle/classes.
      </failure>
    </testcase>
    <testcase name='http://iso.org/80000-6-magnitudes1#newton-per-coulomb-magnitude subclass of http://iupac.org/metrology#UnitaryMagnitude'>
      <failure>
        Asserted in
        http://opencaesar.io/examples/firesat/programs/earth-science/projects/firesat/bundle/classes.
      </failure>
    </testcase>
    <testcase name='http://imce.jpl.nasa.gov/discipline/fse/fse#MassAllocationMagnitude subclass of http://iupac.org/metrology#UnitaryMagnitude'>
      <failure>
        Asserted in
        http://opencaesar.io/examples/firesat/programs/earth-science/projects/firesat/bundle/classes.
      </failure>
    </testcase>
    <testcase name='http://iso.org/80000-6-magnitudes1#ohm-magnitude subclass of http://iupac.org/metrology#UnitaryMagnitude'>
      <failure>
        Asserted in
        http://opencaesar.io/examples/firesat/programs/earth-science/projects/firesat/bundle/classes.
      </failure>
    </testcase>
    <testcase name='http://iso.org/80000-6-magnitudes1#ampere-magnitude subclass of http://iupac.org/metrology#UnitaryMagnitude'>
      <failure>
        Asserted in
        http://opencaesar.io/examples/firesat/programs/earth-science/projects/firesat/bundle/classes.
      </failure>
    </testcase>
    <testcase name='http://imce.jpl.nasa.gov/discipline/fse/fse#MEVMagnitue subclass of http://iupac.org/metrology#UnitaryMagnitude'>
      <failure>
        Asserted in
        http://opencaesar.io/examples/firesat/programs/earth-science/projects/firesat/bundle/classes.
      </failure>
    </testcase>
    <testcase name='http://iso.org/80000-6-magnitudes1#coulomb-magnitude subclass of http://iupac.org/metrology#UnitaryMagnitude'>
      <failure>
        Asserted in
        http://opencaesar.io/examples/firesat/programs/earth-science/projects/firesat/bundle/classes.
      </failure>
    </testcase>
    <testcase name='http://iso.org/80000-6-magnitudes1#volt-magnitude subclass of http://iupac.org/metrology#UnitaryMagnitude'>
      <failure>
        Asserted in
        http://opencaesar.io/examples/firesat/programs/earth-science/projects/firesat/bundle/classes.
      </failure>
    </testcase>
    <testcase name='http://iso.org/80000-6-units#ElectricChargeUnit subclass of http://iupac.org/metrology#CoherentMeasurementUnit'>
      <failure>
        Asserted in http://iso.org/80000-6-units,
        http://opencaesar.io/examples/firesat/programs/earth-science/projects/firesat/bundle/classes.
      </failure>
    </testcase>
    <testcase name='http://iso.org/80000-6-units#ElectricFieldStrengthUnit subclass of http://iupac.org/metrology#CoherentMeasurementUnit'>
      <failure>
        Asserted in http://iso.org/80000-6-units,
        http://opencaesar.io/examples/firesat/programs/earth-science/projects/firesat/bundle/classes.
      </failure>
    </testcase>
    <testcase name='http://iso.org/80000-6-units#ElectricPotentialUnit subclass of http://iupac.org/metrology#CoherentMeasurementUnit'>
      <failure>
        Asserted in http://iso.org/80000-6-units,
        http://opencaesar.io/examples/firesat/programs/earth-science/projects/firesat/bundle/classes.
      </failure>
    </testcase>
    <testcase name='http://iso.org/80000-6-units#ElectricCurrentUnit subclass of http://iupac.org/metrology#CoherentMeasurementUnit'>
      <failure>
        Asserted in http://iso.org/80000-6-units,
        http://opencaesar.io/examples/firesat/programs/earth-science/projects/firesat/bundle/classes.
      </failure>
    </testcase>
    <testcase name='http://iso.org/80000-6-units#ResistanceUnit subclass of http://iupac.org/metrology#CoherentMeasurementUnit'>
      <failure>
        Asserted in http://iso.org/80000-6-units,
        http://opencaesar.io/examples/firesat/programs/earth-science/projects/firesat/bundle/classes.
      </failure>
    </testcase>
    <testcase name='http://iso.org/80000-3-units#LengthUnit subclass of http://iupac.org/metrology#CoherentMeasurementUnit'>
      <failure>
        Asserted in http://iso.org/80000-3-units,
        http://opencaesar.io/examples/firesat/programs/earth-science/projects/firesat/bundle/classes.
      </failure>
    </testcase>
    <testcase name='http://iso.org/80000-3-units#CoherentTimeUnit subclass of http://iupac.org/metrology#CoherentMeasurementUnit'>
      <failure>
        Asserted in http://iso.org/80000-3-units,
        http://opencaesar.io/examples/firesat/programs/earth-science/projects/firesat/bundle/classes.
      </failure>
    </testcase>
    <testcase name='http://iso.org/80000-3-units#VelocityUnit subclass of http://iupac.org/metrology#CoherentMeasurementUnit'>
      <failure>
        Asserted in http://iso.org/80000-3-units,
        http://opencaesar.io/examples/firesat/programs/earth-science/projects/firesat/bundle/classes.
      </failure>
    </testcase>
    <testcase name='http://iso.org/80000-3-units#FrequencyUnit subclass of http://iupac.org/metrology#CoherentMeasurementUnit'>
      <failure>
        Asserted in http://iso.org/80000-3-units,
        http://opencaesar.io/examples/firesat/programs/earth-science/projects/firesat/bundle/classes.
      </failure>
    </testcase>
    <testcase name='http://iso.org/80000-3-units#AngularMeasureUnit subclass of http://iupac.org/metrology#CoherentMeasurementUnit'>
      <failure>
        Asserted in http://iso.org/80000-3-units,
        http://opencaesar.io/examples/firesat/programs/earth-science/projects/firesat/bundle/classes.
      </failure>
    </testcase>
    <testcase name='http://iso.org/80000-3-units#RotationUnit subclass of http://iupac.org/metrology#CoherentMeasurementUnit'>
      <failure>
        Asserted in http://iso.org/80000-3-units,
        http://opencaesar.io/examples/firesat/programs/earth-science/projects/firesat/bundle/classes.
      </failure>
    </testcase>
    <testcase name='http://iso.org/80000-5-units#CelciusTemperatureUnit subclass of http://iupac.org/metrology#CoherentMeasurementUnit'>
      <failure>
        Asserted in http://iso.org/80000-5-units,
        http://opencaesar.io/examples/firesat/programs/earth-science/projects/firesat/bundle/classes.
      </failure>
    </testcase>
    <testcase name='http://iso.org/80000-5-units#ThermodynamicTemperatureUnit subclass of http://iupac.org/metrology#CoherentMeasurementUnit'>
      <failure>
        Asserted in http://iso.org/80000-5-units,
        http://opencaesar.io/examples/firesat/programs/earth-science/projects/firesat/bundle/classes.
      </failure>
    </testcase>
    <testcase name='http://iso.org/80000-5-units#degreeCelcius subclass of http://iupac.org/metrology#CoherentMeasurementUnit'>
      <failure>
        Asserted in
        http://opencaesar.io/examples/firesat/programs/earth-science/projects/firesat/bundle/classes.
      </failure>
    </testcase>
    <testcase name='http://iso.org/80000-5-units#kelvin subclass of http://iupac.org/metrology#CoherentMeasurementUnit'>
      <failure>
        Asserted in
        http://opencaesar.io/examples/firesat/programs/earth-science/projects/firesat/bundle/classes.
      </failure>
    </testcase>
    <testcase name='http://iupac.org/metrology#CoherentMeasurementUnit subclass of http://iupac.org/metrology#CoherentMeasurementUnit'>
      <failure>
        Asserted in
        http://opencaesar.io/examples/firesat/programs/earth-science/projects/firesat/bundle/classes.
      </failure>
    </testcase>
    <testcase name='http://iupac.org/metrology#DerivedMeasurementUnit subclass of http://iupac.org/metrology#CoherentMeasurementUnit'>
      <failure>
        Asserted in
        http://opencaesar.io/examples/firesat/programs/earth-science/projects/firesat/bundle/classes, http://iupac.org/metrology.
      </failure>
    </testcase>
    <testcase name='http://iupac.org/metrology#IndependentMeasurementUnit subclass of http://iupac.org/metrology#CoherentMeasurementUnit'>
      <failure>
        Asserted in
        http://opencaesar.io/examples/firesat/programs/earth-science/projects/firesat/bundle/classes, http://iupac.org/metrology.
      </failure>
    </testcase>
    <testcase name='http://iso.org/80000-6-units#ampere subclass of http://iupac.org/metrology#CoherentMeasurementUnit'>
      <failure>
        Asserted in
        http://opencaesar.io/examples/firesat/programs/earth-science/projects/firesat/bundle/classes.
      </failure>
    </testcase>
    <testcase name='http://iso.org/80000-6-units#coulomb subclass of http://iupac.org/metrology#CoherentMeasurementUnit'>
      <failure>
        Asserted in
        http://opencaesar.io/examples/firesat/programs/earth-science/projects/firesat/bundle/classes.
      </failure>
    </testcase>
    <testcase name='http://iso.org/80000-6-units#newton-per-coulomb subclass of http://iupac.org/metrology#CoherentMeasurementUnit'>
      <failure>
        Asserted in
        http://opencaesar.io/examples/firesat/programs/earth-science/projects/firesat/bundle/classes.
      </failure>
    </testcase>
    <testcase name='http://iso.org/80000-6-units#ohm subclass of http://iupac.org/metrology#CoherentMeasurementUnit'>
      <failure>
        Asserted in
        http://opencaesar.io/examples/firesat/programs/earth-science/projects/firesat/bundle/classes.
      </failure>
    </testcase>
    <testcase name='http://iso.org/80000-6-units#volt subclass of http://iupac.org/metrology#CoherentMeasurementUnit'>
      <failure>
        Asserted in
        http://opencaesar.io/examples/firesat/programs/earth-science/projects/firesat/bundle/classes.
      </failure>
    </testcase>
    <testcase name='http://iso.org/80000-4-units#MomentumUnit subclass of http://iupac.org/metrology#CoherentMeasurementUnit'>
      <failure>
        Asserted in
        http://opencaesar.io/examples/firesat/programs/earth-science/projects/firesat/bundle/classes, http://iso.org/80000-4-units.
      </failure>
    </testcase>
    <testcase name='http://iso.org/80000-4-units#PowerUnit subclass of http://iupac.org/metrology#CoherentMeasurementUnit'>
      <failure>
        Asserted in
        http://opencaesar.io/examples/firesat/programs/earth-science/projects/firesat/bundle/classes, http://iso.org/80000-4-units.
      </failure>
    </testcase>
    <testcase name='http://iso.org/80000-4-units#ImpulseUnit subclass of http://iupac.org/metrology#CoherentMeasurementUnit'>
      <failure>
        Asserted in
        http://opencaesar.io/examples/firesat/programs/earth-science/projects/firesat/bundle/classes, http://iso.org/80000-4-units.
      </failure>
    </testcase>
    <testcase name='http://iso.org/80000-4-units#kilogram-metre-per-second subclass of http://iupac.org/metrology#CoherentMeasurementUnit'>
      <failure>
        Asserted in
        http://opencaesar.io/examples/firesat/programs/earth-science/projects/firesat/bundle/classes.
      </failure>
    </testcase>
    <testcase name='http://iso.org/80000-3-units#revolution subclass of http://iupac.org/metrology#CoherentMeasurementUnit'>
      <failure>
        Asserted in
        http://opencaesar.io/examples/firesat/programs/earth-science/projects/firesat/bundle/classes.
      </failure>
    </testcase>
    <testcase name='http://iso.org/80000-3-units#second subclass of http://iupac.org/metrology#CoherentMeasurementUnit'>
      <failure>
        Asserted in
        http://opencaesar.io/examples/firesat/programs/earth-science/projects/firesat/bundle/classes.
      </failure>
    </testcase>
    <testcase name='http://iso.org/80000-3-units#metre subclass of http://iupac.org/metrology#CoherentMeasurementUnit'>
      <failure>
        Asserted in
        http://opencaesar.io/examples/firesat/programs/earth-science/projects/firesat/bundle/classes.
      </failure>
    </testcase>
    <testcase name='http://iso.org/80000-3-units#metre-per-second subclass of http://iupac.org/metrology#CoherentMeasurementUnit'>
      <failure>
        Asserted in
        http://opencaesar.io/examples/firesat/programs/earth-science/projects/firesat/bundle/classes.
      </failure>
    </testcase>
    <testcase name='http://iso.org/80000-4-units#MassUnit subclass of http://iupac.org/metrology#CoherentMeasurementUnit'>
      <failure>
        Asserted in
        http://opencaesar.io/examples/firesat/programs/earth-science/projects/firesat/bundle/classes, http://iso.org/80000-4-units.
      </failure>
    </testcase>
    <testcase name='http://iso.org/80000-4-units#ForceUnit subclass of http://iupac.org/metrology#CoherentMeasurementUnit'>
      <failure>
        Asserted in
        http://opencaesar.io/examples/firesat/programs/earth-science/projects/firesat/bundle/classes, http://iso.org/80000-4-units.
      </failure>
    </testcase>
    <testcase name='http://iso.org/80000-3-units#kilometre-per-second subclass of http://iupac.org/metrology#CoherentMeasurementUnit'>
      <failure>
        Asserted in
        http://opencaesar.io/examples/firesat/programs/earth-science/projects/firesat/bundle/classes.
      </failure>
    </testcase>
    <testcase name='http://iso.org/80000-3-units#millisecond subclass of http://iupac.org/metrology#CoherentMeasurementUnit'>
      <failure>
        Asserted in
        http://opencaesar.io/examples/firesat/programs/earth-science/projects/firesat/bundle/classes.
      </failure>
    </testcase>
    <testcase name='http://iso.org/80000-3-units#radian subclass of http://iupac.org/metrology#CoherentMeasurementUnit'>
      <failure>
        Asserted in
        http://opencaesar.io/examples/firesat/programs/earth-science/projects/firesat/bundle/classes.
      </failure>
    </testcase>
    <testcase name='http://iso.org/80000-4-units#newton-millisecond subclass of http://iupac.org/metrology#CoherentMeasurementUnit'>
      <failure>
        Asserted in
        http://opencaesar.io/examples/firesat/programs/earth-science/projects/firesat/bundle/classes.
      </failure>
    </testcase>
    <testcase name='http://iso.org/80000-4-units#gram subclass of http://iupac.org/metrology#CoherentMeasurementUnit'>
      <failure>
        Asserted in
        http://opencaesar.io/examples/firesat/programs/earth-science/projects/firesat/bundle/classes.
      </failure>
    </testcase>
    <testcase name='http://iso.org/80000-4-units#kilogram subclass of http://iupac.org/metrology#CoherentMeasurementUnit'>
      <failure>
        Asserted in
        http://opencaesar.io/examples/firesat/programs/earth-science/projects/firesat/bundle/classes.
      </failure>
    </testcase>
    <testcase name='http://iso.org/80000-4-units#newton subclass of http://iupac.org/metrology#CoherentMeasurementUnit'>
      <failure>
        Asserted in
        http://opencaesar.io/examples/firesat/programs/earth-science/projects/firesat/bundle/classes.
      </failure>
    </testcase>
    <testcase name='http://iso.org/80000-3-units#hertz subclass of http://iupac.org/metrology#CoherentMeasurementUnit'>
      <failure>
        Asserted in
        http://opencaesar.io/examples/firesat/programs/earth-science/projects/firesat/bundle/classes.
      </failure>
    </testcase>
    <testcase name='http://iso.org/80000-4-units#newton-second subclass of http://iupac.org/metrology#CoherentMeasurementUnit'>
      <failure>
        Asserted in
        http://opencaesar.io/examples/firesat/programs/earth-science/projects/firesat/bundle/classes.
      </failure>
    </testcase>
    <testcase name='http://iso.org/80000-4-units#watt subclass of http://iupac.org/metrology#CoherentMeasurementUnit'>
      <failure>
        Asserted in
        http://opencaesar.io/examples/firesat/programs/earth-science/projects/firesat/bundle/classes.
      </failure>
    </testcase>
    <testcase name='http://iso.org/80000-3-units#kilometre subclass of http://iupac.org/metrology#CoherentMeasurementUnit'>
      <failure>
        Asserted in
        http://opencaesar.io/examples/firesat/programs/earth-science/projects/firesat/bundle/classes.
      </failure>
    </testcase>
    <testcase name='http://iso.org/80000-6-units#Coulomb-Has-Ampere subclass of http://iupac.org/metrology#HasFactorForMeasurementUnit'>
      <failure>
        Asserted in http://iso.org/80000-6-units,
        http://opencaesar.io/examples/firesat/programs/earth-science/projects/firesat/bundle/classes.
      </failure>
    </testcase>
    <testcase name='http://iso.org/80000-6-units#Volt-Has-Newton-Per-Coulomb subclass of http://iupac.org/metrology#HasFactorForMeasurementUnit'>
      <failure>
        Asserted in http://iso.org/80000-6-units,
        http://opencaesar.io/examples/firesat/programs/earth-science/projects/firesat/bundle/classes.
      </failure>
    </testcase>
    <testcase name='http://iso.org/80000-6-units#Newton-Per-Coulomb-Has-Coulomb subclass of http://iupac.org/metrology#HasFactorForMeasurementUnit'>
      <failure>
        Asserted in http://iso.org/80000-6-units,
        http://opencaesar.io/examples/firesat/programs/earth-science/projects/firesat/bundle/classes.
      </failure>
    </testcase>
    <testcase name='http://iso.org/80000-6-units#Newton-Per-Coulomb-Has-Newton subclass of http://iupac.org/metrology#HasFactorForMeasurementUnit'>
      <failure>
        Asserted in http://iso.org/80000-6-units,
        http://opencaesar.io/examples/firesat/programs/earth-science/projects/firesat/bundle/classes.
      </failure>
    </testcase>
    <testcase name='http://iso.org/80000-6-units#Volt-Has-Metre subclass of http://iupac.org/metrology#HasFactorForMeasurementUnit'>
      <failure>
        Asserted in http://iso.org/80000-6-units,
        http://opencaesar.io/examples/firesat/programs/earth-science/projects/firesat/bundle/classes.
      </failure>
    </testcase>
    <testcase name='http://iso.org/80000-6-units#Ohm-Has-Volt subclass of http://iupac.org/metrology#HasFactorForMeasurementUnit'>
      <failure>
        Asserted in http://iso.org/80000-6-units,
        http://opencaesar.io/examples/firesat/programs/earth-science/projects/firesat/bundle/classes.
      </failure>
    </testcase>
    <testcase name='http://iso.org/80000-6-units#Coulomb-Has-Second subclass of http://iupac.org/metrology#HasFactorForMeasurementUnit'>
      <failure>
        Asserted in http://iso.org/80000-6-units,
        http://opencaesar.io/examples/firesat/programs/earth-science/projects/firesat/bundle/classes.
      </failure>
    </testcase>
    <testcase name='http://iso.org/80000-6-units#Ohm-Has-Ampere subclass of http://iupac.org/metrology#HasFactorForMeasurementUnit'>
      <failure>
        Asserted in http://iso.org/80000-6-units,
        http://opencaesar.io/examples/firesat/programs/earth-science/projects/firesat/bundle/classes.
      </failure>
    </testcase>
    <testcase name='http://iso.org/80000-3-units#Radian-Has-Metre-Numerator subclass of http://iupac.org/metrology#HasFactorForMeasurementUnit'>
      <failure>
        Asserted in http://iso.org/80000-3-units,
        http://opencaesar.io/examples/firesat/programs/earth-science/projects/firesat/bundle/classes.
      </failure>
    </testcase>
    <testcase name='http://iso.org/80000-3-units#Radian-Has-Metre-Denominator subclass of http://iupac.org/metrology#HasFactorForMeasurementUnit'>
      <failure>
        Asserted in http://iso.org/80000-3-units,
        http://opencaesar.io/examples/firesat/programs/earth-science/projects/firesat/bundle/classes.
      </failure>
    </testcase>
    <testcase name='http://iso.org/80000-3-units#Hertz-Has-Second subclass of http://iupac.org/metrology#HasFactorForMeasurementUnit'>
      <failure>
        Asserted in http://iso.org/80000-3-units,
        http://opencaesar.io/examples/firesat/programs/earth-science/projects/firesat/bundle/classes.
      </failure>
    </testcase>
    <testcase name='http://iso.org/80000-3-units#Metre-Per-Second-Has-Second subclass of http://iupac.org/metrology#HasFactorForMeasurementUnit'>
      <failure>
        Asserted in http://iso.org/80000-3-units,
        http://opencaesar.io/examples/firesat/programs/earth-science/projects/firesat/bundle/classes.
      </failure>
    </testcase>
    <testcase name='http://iso.org/80000-3-units#Metre-Per-Second-Has-Metre subclass of http://iupac.org/metrology#HasFactorForMeasurementUnit'>
      <failure>
        Asserted in http://iso.org/80000-3-units,
        http://opencaesar.io/examples/firesat/programs/earth-science/projects/firesat/bundle/classes.
      </failure>
    </testcase>
    <testcase name='http://iso.org/80000-3-units#Kilometre-Per-Second-Has-Kilometre subclass of http://iupac.org/metrology#HasFactorForMeasurementUnit'>
      <failure>
        Asserted in http://iso.org/80000-3-units,
        http://opencaesar.io/examples/firesat/programs/earth-science/projects/firesat/bundle/classes.
      </failure>
    </testcase>
    <testcase name='http://iso.org/80000-3-units#Revolution-Has-Radian subclass of http://iupac.org/metrology#HasFactorForMeasurementUnit'>
      <failure>
        Asserted in http://iso.org/80000-3-units,
        http://opencaesar.io/examples/firesat/programs/earth-science/projects/firesat/bundle/classes.
      </failure>
    </testcase>
    <testcase name='http://iso.org/80000-3-units#Kilometre-Per-Second-Has-Second subclass of http://iupac.org/metrology#HasFactorForMeasurementUnit'>
      <failure>
        Asserted in http://iso.org/80000-3-units,
        http://opencaesar.io/examples/firesat/programs/earth-science/projects/firesat/bundle/classes.
      </failure>
    </testcase>
    <testcase name='http://iso.org/80000-5-units#DegreeCelcius-Has-Kelvin subclass of http://iupac.org/metrology#HasFactorForMeasurementUnit'>
      <failure>
        Asserted in http://iso.org/80000-5-units,
        http://opencaesar.io/examples/firesat/programs/earth-science/projects/firesat/bundle/classes.
      </failure>
    </testcase>
    <testcase name='http://iupac.org/metrology#HasFactorForMeasurementUnit subclass of http://iupac.org/metrology#HasFactorForMeasurementUnit'>
      <failure>
        Asserted in
        http://opencaesar.io/examples/firesat/programs/earth-science/projects/firesat/bundle/classes.
      </failure>
    </testcase>
    <testcase name='http://iso.org/80000-4-units#Newton-Second-Has-Second subclass of http://iupac.org/metrology#HasFactorForMeasurementUnit'>
      <failure>
        Asserted in
        http://opencaesar.io/examples/firesat/programs/earth-science/projects/firesat/bundle/classes, http://iso.org/80000-4-units.
      </failure>
    </testcase>
    <testcase name='http://iso.org/80000-4-units#Newton-Millisecond-Has-Newton subclass of http://iupac.org/metrology#HasFactorForMeasurementUnit'>
      <failure>
        Asserted in
        http://opencaesar.io/examples/firesat/programs/earth-science/projects/firesat/bundle/classes, http://iso.org/80000-4-units.
      </failure>
    </testcase>
    <testcase name='http://iso.org/80000-4-units#Newton-Has-Metre-Per-Second subclass of http://iupac.org/metrology#HasFactorForMeasurementUnit'>
      <failure>
        Asserted in
        http://opencaesar.io/examples/firesat/programs/earth-science/projects/firesat/bundle/classes, http://iso.org/80000-4-units.
      </failure>
    </testcase>
    <testcase name='http://iso.org/80000-4-units#Kilogram-Metre-Per-Second-Has-Kilogram subclass of http://iupac.org/metrology#HasFactorForMeasurementUnit'>
      <failure>
        Asserted in
        http://opencaesar.io/examples/firesat/programs/earth-science/projects/firesat/bundle/classes, http://iso.org/80000-4-units.
      </failure>
    </testcase>
    <testcase name='http://iso.org/80000-4-units#Newton-Millisecond-Has-Millisecond subclass of http://iupac.org/metrology#HasFactorForMeasurementUnit'>
      <failure>
        Asserted in
        http://opencaesar.io/examples/firesat/programs/earth-science/projects/firesat/bundle/classes, http://iso.org/80000-4-units.
      </failure>
    </testcase>
    <testcase name='http://iso.org/80000-4-units#Watt-Has-Metre-Per-Second subclass of http://iupac.org/metrology#HasFactorForMeasurementUnit'>
      <failure>
        Asserted in
        http://opencaesar.io/examples/firesat/programs/earth-science/projects/firesat/bundle/classes, http://iso.org/80000-4-units.
      </failure>
    </testcase>
    <testcase name='http://iso.org/80000-4-units#Newton-Second-Has-Newton subclass of http://iupac.org/metrology#HasFactorForMeasurementUnit'>
      <failure>
        Asserted in
        http://opencaesar.io/examples/firesat/programs/earth-science/projects/firesat/bundle/classes, http://iso.org/80000-4-units.
      </failure>
    </testcase>
    <testcase name='http://iso.org/80000-4-units#Watt-Has-Newton subclass of http://iupac.org/metrology#HasFactorForMeasurementUnit'>
      <failure>
        Asserted in
        http://opencaesar.io/examples/firesat/programs/earth-science/projects/firesat/bundle/classes, http://iso.org/80000-4-units.
      </failure>
    </testcase>
    <testcase name='http://iso.org/80000-4-units#Newton-Has-Kilogram subclass of http://iupac.org/metrology#HasFactorForMeasurementUnit'>
      <failure>
        Asserted in
        http://opencaesar.io/examples/firesat/programs/earth-science/projects/firesat/bundle/classes, http://iso.org/80000-4-units.
      </failure>
    </testcase>
    <testcase name='http://iso.org/80000-4-units#Kilogram-Metre-Per-Second-Has-Metre-Per-Second subclass of http://iupac.org/metrology#HasFactorForMeasurementUnit'>
      <failure>
        Asserted in
        http://opencaesar.io/examples/firesat/programs/earth-science/projects/firesat/bundle/classes, http://iso.org/80000-4-units.
      </failure>
    </testcase>
    <testcase name='http://iso.org/80000-6-units#coulomb subclass of http://iupac.org/metrology#DerivedMeasurementUnit'>
      <failure>
        Asserted in http://iso.org/80000-6-units,
        http://opencaesar.io/examples/firesat/programs/earth-science/projects/firesat/bundle/classes.
      </failure>
    </testcase>
    <testcase name='http://iso.org/80000-6-units#newton-per-coulomb subclass of http://iupac.org/metrology#DerivedMeasurementUnit'>
      <failure>
        Asserted in http://iso.org/80000-6-units,
        http://opencaesar.io/examples/firesat/programs/earth-science/projects/firesat/bundle/classes.
      </failure>
    </testcase>
    <testcase name='http://iso.org/80000-6-units#ohm subclass of http://iupac.org/metrology#DerivedMeasurementUnit'>
      <failure>
        Asserted in http://iso.org/80000-6-units,
        http://opencaesar.io/examples/firesat/programs/earth-science/projects/firesat/bundle/classes.
      </failure>
    </testcase>
    <testcase name='http://iso.org/80000-6-units#volt subclass of http://iupac.org/metrology#DerivedMeasurementUnit'>
      <failure>
        Asserted in http://iso.org/80000-6-units,
        http://opencaesar.io/examples/firesat/programs/earth-science/projects/firesat/bundle/classes.
      </failure>
    </testcase>
    <testcase name='http://iso.org/80000-3-units#revolution subclass of http://iupac.org/metrology#DerivedMeasurementUnit'>
      <failure>
        Asserted in http://iso.org/80000-3-units,
        http://opencaesar.io/examples/firesat/programs/earth-science/projects/firesat/bundle/classes.
      </failure>
    </testcase>
    <testcase name='http://iso.org/80000-3-units#metre-per-second subclass of http://iupac.org/metrology#DerivedMeasurementUnit'>
      <failure>
        Asserted in http://iso.org/80000-3-units,
        http://opencaesar.io/examples/firesat/programs/earth-science/projects/firesat/bundle/classes.
      </failure>
    </testcase>
    <testcase name='http://iso.org/80000-3-units#kilometre-per-second subclass of http://iupac.org/metrology#DerivedMeasurementUnit'>
      <failure>
        Asserted in http://iso.org/80000-3-units,
        http://opencaesar.io/examples/firesat/programs/earth-science/projects/firesat/bundle/classes.
      </failure>
    </testcase>
    <testcase name='http://iso.org/80000-3-units#radian subclass of http://iupac.org/metrology#DerivedMeasurementUnit'>
      <failure>
        Asserted in http://iso.org/80000-3-units,
        http://opencaesar.io/examples/firesat/programs/earth-science/projects/firesat/bundle/classes.
      </failure>
    </testcase>
    <testcase name='http://iso.org/80000-3-units#hertz subclass of http://iupac.org/metrology#DerivedMeasurementUnit'>
      <failure>
        Asserted in http://iso.org/80000-3-units,
        http://opencaesar.io/examples/firesat/programs/earth-science/projects/firesat/bundle/classes.
      </failure>
    </testcase>
    <testcase name='http://iso.org/80000-5-units#degreeCelcius subclass of http://iupac.org/metrology#DerivedMeasurementUnit'>
      <failure>
        Asserted in http://iso.org/80000-5-units,
        http://opencaesar.io/examples/firesat/programs/earth-science/projects/firesat/bundle/classes.
      </failure>
    </testcase>
    <testcase name='http://iupac.org/metrology#DerivedMeasurementUnit subclass of http://iupac.org/metrology#DerivedMeasurementUnit'>
      <failure>
        Asserted in
        http://opencaesar.io/examples/firesat/programs/earth-science/projects/firesat/bundle/classes.
      </failure>
    </testcase>
    <testcase name='http://iso.org/80000-4-units#kilogram-metre-per-second subclass of http://iupac.org/metrology#DerivedMeasurementUnit'>
      <failure>
        Asserted in
        http://opencaesar.io/examples/firesat/programs/earth-science/projects/firesat/bundle/classes, http://iso.org/80000-4-units.
      </failure>
    </testcase>
    <testcase name='http://iso.org/80000-4-units#newton-millisecond subclass of http://iupac.org/metrology#DerivedMeasurementUnit'>
      <failure>
        Asserted in
        http://opencaesar.io/examples/firesat/programs/earth-science/projects/firesat/bundle/classes, http://iso.org/80000-4-units.
      </failure>
    </testcase>
    <testcase name='http://iso.org/80000-4-units#newton subclass of http://iupac.org/metrology#DerivedMeasurementUnit'>
      <failure>
        Asserted in
        http://opencaesar.io/examples/firesat/programs/earth-science/projects/firesat/bundle/classes, http://iso.org/80000-4-units.
      </failure>
    </testcase>
    <testcase name='http://iso.org/80000-4-units#newton-second subclass of http://iupac.org/metrology#DerivedMeasurementUnit'>
      <failure>
        Asserted in
        http://opencaesar.io/examples/firesat/programs/earth-science/projects/firesat/bundle/classes, http://iso.org/80000-4-units.
      </failure>
    </testcase>
    <testcase name='http://iso.org/80000-4-units#watt subclass of http://iupac.org/metrology#DerivedMeasurementUnit'>
      <failure>
        Asserted in
        http://opencaesar.io/examples/firesat/programs/earth-science/projects/firesat/bundle/classes, http://iso.org/80000-4-units.
      </failure>
    </testcase>
    <testcase name='http://iso.org/80000-6-units#ampere subclass of http://iupac.org/metrology#IndependentMeasurementUnit'>
      <failure>
        Asserted in http://iso.org/80000-6-units,
        http://opencaesar.io/examples/firesat/programs/earth-science/projects/firesat/bundle/classes.
      </failure>
    </testcase>
    <testcase name='http://iso.org/80000-3-units#second subclass of http://iupac.org/metrology#IndependentMeasurementUnit'>
      <failure>
        Asserted in http://iso.org/80000-3-units,
        http://opencaesar.io/examples/firesat/programs/earth-science/projects/firesat/bundle/classes.
      </failure>
    </testcase>
    <testcase name='http://iso.org/80000-3-units#metre subclass of http://iupac.org/metrology#IndependentMeasurementUnit'>
      <failure>
        Asserted in http://iso.org/80000-3-units,
        http://opencaesar.io/examples/firesat/programs/earth-science/projects/firesat/bundle/classes.
      </failure>
    </testcase>
    <testcase name='http://iso.org/80000-5-units#kelvin subclass of http://iupac.org/metrology#IndependentMeasurementUnit'>
      <failure>
        Asserted in http://iso.org/80000-5-units,
        http://opencaesar.io/examples/firesat/programs/earth-science/projects/firesat/bundle/classes.
      </failure>
    </testcase>
    <testcase name='http://iupac.org/metrology#IndependentMeasurementUnit subclass of http://iupac.org/metrology#IndependentMeasurementUnit'>
      <failure>
        Asserted in
        http://opencaesar.io/examples/firesat/programs/earth-science/projects/firesat/bundle/classes.
      </failure>
    </testcase>
    <testcase name='http://iso.org/80000-3-units#millisecond subclass of http://iupac.org/metrology#IndependentMeasurementUnit'>
      <failure>
        Asserted in
        http://opencaesar.io/examples/firesat/programs/earth-science/projects/firesat/bundle/classes.
      </failure>
    </testcase>
    <testcase name='http://iso.org/80000-4-units#gram subclass of http://iupac.org/metrology#IndependentMeasurementUnit'>
      <failure>
        Asserted in
        http://opencaesar.io/examples/firesat/programs/earth-science/projects/firesat/bundle/classes, http://iso.org/80000-4-units.
      </failure>
    </testcase>
    <testcase name='http://iso.org/80000-4-units#kilogram subclass of http://iupac.org/metrology#IndependentMeasurementUnit'>
      <failure>
        Asserted in
        http://opencaesar.io/examples/firesat/programs/earth-science/projects/firesat/bundle/classes.
      </failure>
    </testcase>
    <testcase name='http://iso.org/80000-3-units#kilometre subclass of http://iupac.org/metrology#IndependentMeasurementUnit'>
      <failure>
        Asserted in
        http://opencaesar.io/examples/firesat/programs/earth-science/projects/firesat/bundle/classes.
      </failure>
    </testcase>
    <testcase name='http://iso.org/80000-6-units#coulomb subclass of http://iso.org/80000-6-units#ElectricChargeUnit'>
      <failure>
        Asserted in http://iso.org/80000-6-units,
        http://opencaesar.io/examples/firesat/programs/earth-science/projects/firesat/bundle/classes.
      </failure>
    </testcase>
    <testcase name='http://iso.org/80000-6-units#ElectricChargeUnit subclass of http://iso.org/80000-6-units#ElectricChargeUnit'>
      <failure>
        Asserted in
        http://opencaesar.io/examples/firesat/programs/earth-science/projects/firesat/bundle/classes.
      </failure>
    </testcase>
    <testcase name='http://iso.org/80000-6-units#newton-per-coulomb subclass of http://iso.org/80000-6-units#ElectricFieldStrengthUnit'>
      <failure>
        Asserted in http://iso.org/80000-6-units,
        http://opencaesar.io/examples/firesat/programs/earth-science/projects/firesat/bundle/classes.
      </failure>
    </testcase>
    <testcase name='http://iso.org/80000-6-units#ElectricFieldStrengthUnit subclass of http://iso.org/80000-6-units#ElectricFieldStrengthUnit'>
      <failure>
        Asserted in
        http://opencaesar.io/examples/firesat/programs/earth-science/projects/firesat/bundle/classes.
      </failure>
    </testcase>
    <testcase name='http://iso.org/80000-6-units#volt subclass of http://iso.org/80000-6-units#ElectricPotentialUnit'>
      <failure>
        Asserted in http://iso.org/80000-6-units,
        http://opencaesar.io/examples/firesat/programs/earth-science/projects/firesat/bundle/classes.
      </failure>
    </testcase>
    <testcase name='http://iso.org/80000-6-units#ElectricPotentialUnit subclass of http://iso.org/80000-6-units#ElectricPotentialUnit'>
      <failure>
        Asserted in
        http://opencaesar.io/examples/firesat/programs/earth-science/projects/firesat/bundle/classes.
      </failure>
    </testcase>
    <testcase name='http://iso.org/80000-6-units#ampere subclass of http://iso.org/80000-6-units#ElectricCurrentUnit'>
      <failure>
        Asserted in http://iso.org/80000-6-units,
        http://opencaesar.io/examples/firesat/programs/earth-science/projects/firesat/bundle/classes.
      </failure>
    </testcase>
    <testcase name='http://iso.org/80000-6-units#ElectricCurrentUnit subclass of http://iso.org/80000-6-units#ElectricCurrentUnit'>
      <failure>
        Asserted in
        http://opencaesar.io/examples/firesat/programs/earth-science/projects/firesat/bundle/classes.
      </failure>
    </testcase>
    <testcase name='http://iso.org/80000-6-units#ohm subclass of http://iso.org/80000-6-units#ResistanceUnit'>
      <failure>
        Asserted in http://iso.org/80000-6-units,
        http://opencaesar.io/examples/firesat/programs/earth-science/projects/firesat/bundle/classes.
      </failure>
    </testcase>
    <testcase name='http://iso.org/80000-6-units#ResistanceUnit subclass of http://iso.org/80000-6-units#ResistanceUnit'>
      <failure>
        Asserted in
        http://opencaesar.io/examples/firesat/programs/earth-science/projects/firesat/bundle/classes.
      </failure>
    </testcase>
    <testcase name='http://iso.org/80000-6-units#Coulomb-Has-Ampere subclass of -6352b5c8:1761fe45fe9:-7fa7'>
      <failure>
        Asserted in http://iso.org/80000-6-units.
      </failure>
    </testcase>
    <testcase name='http://iso.org/80000-6-units#Coulomb-Has-Second subclass of -6352b5c8:1761fe45fe9:-7fa6'>
      <failure>
        Asserted in http://iso.org/80000-6-units.
      </failure>
    </testcase>
    <testcase name='http://iso.org/80000-6-units#ElectricChargeMagnitude subclass of -6352b5c8:1761fe45fe9:-7fa5'>
      <failure>
        Asserted in http://iso.org/80000-6-units.
      </failure>
    </testcase>
    <testcase name='http://iso.org/80000-6-units#ElectricChargeUnit subclass of -6352b5c8:1761fe45fe9:-7fa4'>
      <failure>
        Asserted in http://iso.org/80000-6-units.
      </failure>
    </testcase>
    <testcase name='http://iso.org/80000-6-units#ElectricCurrentMagnitude subclass of -6352b5c8:1761fe45fe9:-7fa3'>
      <failure>
        Asserted in http://iso.org/80000-6-units.
      </failure>
    </testcase>
    <testcase name='http://iso.org/80000-6-units#ElectricCurrentUnit subclass of -6352b5c8:1761fe45fe9:-7fa2'>
      <failure>
        Asserted in http://iso.org/80000-6-units.
      </failure>
    </testcase>
    <testcase name='http://iso.org/80000-6-units#ElectricFieldStrengthMagnitude subclass of -6352b5c8:1761fe45fe9:-7fa1'>
      <failure>
        Asserted in http://iso.org/80000-6-units.
      </failure>
    </testcase>
    <testcase name='http://iso.org/80000-6-units#ElectricFieldStrengthUnit subclass of -6352b5c8:1761fe45fe9:-7fa0'>
      <failure>
        Asserted in http://iso.org/80000-6-units.
      </failure>
    </testcase>
    <testcase name='http://iso.org/80000-6-units#ElectricPotentialMagnitude subclass of -6352b5c8:1761fe45fe9:-7f9f'>
      <failure>
        Asserted in http://iso.org/80000-6-units.
      </failure>
    </testcase>
    <testcase name='http://iso.org/80000-6-units#ElectricPotentialUnit subclass of -6352b5c8:1761fe45fe9:-7f9e'>
      <failure>
        Asserted in http://iso.org/80000-6-units.
      </failure>
    </testcase>
    <testcase name='http://iso.org/80000-6-units#Newton-Per-Coulomb-Has-Coulomb subclass of -6352b5c8:1761fe45fe9:-7f9d'>
      <failure>
        Asserted in http://iso.org/80000-6-units.
      </failure>
    </testcase>
    <testcase name='http://iso.org/80000-6-units#Newton-Per-Coulomb-Has-Newton subclass of -6352b5c8:1761fe45fe9:-7f9c'>
      <failure>
        Asserted in http://iso.org/80000-6-units.
      </failure>
    </testcase>
    <testcase name='http://iso.org/80000-6-units#Ohm-Has-Ampere subclass of -6352b5c8:1761fe45fe9:-7f9b'>
      <failure>
        Asserted in http://iso.org/80000-6-units.
      </failure>
    </testcase>
    <testcase name='http://iso.org/80000-6-units#Ohm-Has-Volt subclass of -6352b5c8:1761fe45fe9:-7f9a'>
      <failure>
        Asserted in http://iso.org/80000-6-units.
      </failure>
    </testcase>
    <testcase name='http://iso.org/80000-6-units#ResistanceMagnitude subclass of -6352b5c8:1761fe45fe9:-7f99'>
      <failure>
        Asserted in http://iso.org/80000-6-units.
      </failure>
    </testcase>
    <testcase name='http://iso.org/80000-6-units#ResistanceUnit subclass of -6352b5c8:1761fe45fe9:-7f98'>
      <failure>
        Asserted in http://iso.org/80000-6-units.
      </failure>
    </testcase>
    <testcase name='http://iso.org/80000-6-units#Volt-Has-Metre subclass of -6352b5c8:1761fe45fe9:-7f97'>
      <failure>
        Asserted in http://iso.org/80000-6-units.
      </failure>
    </testcase>
    <testcase name='http://iso.org/80000-6-units#Volt-Has-Newton-Per-Coulomb subclass of -6352b5c8:1761fe45fe9:-7f96'>
      <failure>
        Asserted in http://iso.org/80000-6-units.
      </failure>
    </testcase>
    <testcase name='http://iso.org/80000-4-magnitudes1#gram-magnitude subclass of -6352b5c8:1761fe45fe9:-7f95'>
      <failure>
        Asserted in http://iso.org/80000-4-magnitudes1.
      </failure>
    </testcase>
    <testcase name='http://iso.org/80000-4-magnitudes1#kilogram-magnitude subclass of -6352b5c8:1761fe45fe9:-7f94'>
      <failure>
        Asserted in http://iso.org/80000-4-magnitudes1.
      </failure>
    </testcase>
    <testcase name='http://iso.org/80000-4-magnitudes1#kilogram-metre-per-second-magnitude subclass of http://iso.org/80000-4-units#MomentumMagnitude'>
      <failure>
        Asserted in http://iso.org/80000-4-magnitudes1,
        http://opencaesar.io/examples/firesat/programs/earth-science/projects/firesat/bundle/classes.
      </failure>
    </testcase>
    <testcase name='http://iso.org/80000-4-units#MomentumMagnitude subclass of http://iso.org/80000-4-units#MomentumMagnitude'>
      <failure>
        Asserted in
        http://opencaesar.io/examples/firesat/programs/earth-science/projects/firesat/bundle/classes.
      </failure>
    </testcase>
    <testcase name='http://iso.org/80000-4-magnitudes1#kilogram-metre-per-second-magnitude subclass of -6352b5c8:1761fe45fe9:-7f93'>
      <failure>
        Asserted in http://iso.org/80000-4-magnitudes1.
      </failure>
    </testcase>
    <testcase name='http://iso.org/80000-4-magnitudes1#newton-magnitude subclass of http://iso.org/80000-4-units#ForceMagnitude'>
      <failure>
        Asserted in http://iso.org/80000-4-magnitudes1,
        http://opencaesar.io/examples/firesat/programs/earth-science/projects/firesat/bundle/classes.
      </failure>
    </testcase>
    <testcase name='http://iso.org/80000-4-units#ForceMagnitude subclass of http://iso.org/80000-4-units#ForceMagnitude'>
      <failure>
        Asserted in
        http://opencaesar.io/examples/firesat/programs/earth-science/projects/firesat/bundle/classes.
      </failure>
    </testcase>
    <testcase name='http://iso.org/80000-4-magnitudes1#newton-magnitude subclass of -6352b5c8:1761fe45fe9:-7f92'>
      <failure>
        Asserted in http://iso.org/80000-4-magnitudes1.
      </failure>
    </testcase>
    <testcase name='http://iso.org/80000-4-magnitudes1#newton-millisecond-magnitude subclass of http://iso.org/80000-4-units#ImpulseMagnitude'>
      <failure>
        Asserted in http://iso.org/80000-4-magnitudes1,
        http://opencaesar.io/examples/firesat/programs/earth-science/projects/firesat/bundle/classes.
      </failure>
    </testcase>
    <testcase name='http://iso.org/80000-4-magnitudes1#newton-second-magnitude subclass of http://iso.org/80000-4-units#ImpulseMagnitude'>
      <failure>
        Asserted in http://iso.org/80000-4-magnitudes1,
        http://opencaesar.io/examples/firesat/programs/earth-science/projects/firesat/bundle/classes.
      </failure>
    </testcase>
    <testcase name='http://iso.org/80000-4-units#ImpulseMagnitude subclass of http://iso.org/80000-4-units#ImpulseMagnitude'>
      <failure>
        Asserted in
        http://opencaesar.io/examples/firesat/programs/earth-science/projects/firesat/bundle/classes.
      </failure>
    </testcase>
    <testcase name='http://iso.org/80000-4-magnitudes1#newton-millisecond-magnitude subclass of -6352b5c8:1761fe45fe9:-7f91'>
      <failure>
        Asserted in http://iso.org/80000-4-magnitudes1.
      </failure>
    </testcase>
    <testcase name='http://iso.org/80000-4-magnitudes1#newton-second-magnitude subclass of -6352b5c8:1761fe45fe9:-7f90'>
      <failure>
        Asserted in http://iso.org/80000-4-magnitudes1.
      </failure>
    </testcase>
    <testcase name='http://iso.org/80000-4-magnitudes1#watt-magnitude subclass of http://iso.org/80000-4-units#PowerMagnitude'>
      <failure>
        Asserted in http://iso.org/80000-4-magnitudes1,
        http://opencaesar.io/examples/firesat/programs/earth-science/projects/firesat/bundle/classes.
      </failure>
    </testcase>
    <testcase name='http://iso.org/80000-4-units#PowerMagnitude subclass of http://iso.org/80000-4-units#PowerMagnitude'>
      <failure>
        Asserted in
        http://opencaesar.io/examples/firesat/programs/earth-science/projects/firesat/bundle/classes.
      </failure>
    </testcase>
    <testcase name='http://iso.org/80000-4-magnitudes1#watt-magnitude subclass of -6352b5c8:1761fe45fe9:-7f8f'>
      <failure>
        Asserted in http://iso.org/80000-4-magnitudes1.
      </failure>
    </testcase>
    <testcase name='http://imce.jpl.nasa.gov/foundation/mission#Component subclass of http://imce.jpl.nasa.gov/foundation/base#Container'>
      <failure>
        Asserted in http://imce.jpl.nasa.gov/foundation/mission,
        http://opencaesar.io/examples/firesat/programs/earth-science/projects/firesat/bundle/classes.
      </failure>
    </testcase>
    <testcase name='http://imce.jpl.nasa.gov/foundation/mission#Flow subclass of http://imce.jpl.nasa.gov/foundation/base#Container'>
      <failure>
        Asserted in http://imce.jpl.nasa.gov/foundation/mission,
        http://opencaesar.io/examples/firesat/programs/earth-science/projects/firesat/bundle/classes.
      </failure>
    </testcase>
    <testcase name='http://imce.jpl.nasa.gov/foundation/mission#Item subclass of http://imce.jpl.nasa.gov/foundation/base#Container'>
      <failure>
        Asserted in http://imce.jpl.nasa.gov/foundation/mission,
        http://opencaesar.io/examples/firesat/programs/earth-science/projects/firesat/bundle/classes.
      </failure>
    </testcase>
    <testcase name='http://imce.jpl.nasa.gov/foundation/mission#Junction subclass of http://imce.jpl.nasa.gov/foundation/base#Container'>
      <failure>
        Asserted in http://imce.jpl.nasa.gov/foundation/mission,
        http://opencaesar.io/examples/firesat/programs/earth-science/projects/firesat/bundle/classes.
      </failure>
    </testcase>
    <testcase name='http://imce.jpl.nasa.gov/discipline/fse/fse#Subsystem subclass of http://imce.jpl.nasa.gov/foundation/base#Container'>
      <failure>
        Asserted in
        http://opencaesar.io/examples/firesat/programs/earth-science/projects/firesat/bundle/classes.
      </failure>
    </testcase>
    <testcase name='http://imce.jpl.nasa.gov/discipline/fse/functions#UnidirectionalPower subclass of http://imce.jpl.nasa.gov/foundation/base#Container'>
      <failure>
        Asserted in
        http://opencaesar.io/examples/firesat/programs/earth-science/projects/firesat/bundle/classes.
      </failure>
    </testcase>
    <testcase name='http://imce.jpl.nasa.gov/discipline/fse/assemblies#BaseAssembly subclass of http://imce.jpl.nasa.gov/foundation/base#Container'>
      <failure>
        Asserted in
        http://opencaesar.io/examples/firesat/programs/earth-science/projects/firesat/bundle/classes.
      </failure>
    </testcase>
    <testcase name='http://imce.jpl.nasa.gov/foundation/base#Container subclass of http://imce.jpl.nasa.gov/foundation/base#Container'>
      <failure>
        Asserted in
        http://opencaesar.io/examples/firesat/programs/earth-science/projects/firesat/bundle/classes.
      </failure>
    </testcase>
    <testcase name='http://imce.jpl.nasa.gov/discipline/fse/fse#Assembly subclass of http://imce.jpl.nasa.gov/foundation/base#Container'>
      <failure>
        Asserted in
        http://opencaesar.io/examples/firesat/programs/earth-science/projects/firesat/bundle/classes.
      </failure>
    </testcase>
    <testcase name='http://imce.jpl.nasa.gov/discipline/fse/fse#FlightHardwareComponent subclass of http://imce.jpl.nasa.gov/foundation/base#Container'>
      <failure>
        Asserted in
        http://opencaesar.io/examples/firesat/programs/earth-science/projects/firesat/bundle/classes.
      </failure>
    </testcase>
    <testcase name='http://imce.jpl.nasa.gov/discipline/fse/fse#Function subclass of http://imce.jpl.nasa.gov/foundation/base#Container'>
      <failure>
        Asserted in
        http://opencaesar.io/examples/firesat/programs/earth-science/projects/firesat/bundle/classes.
      </failure>
    </testcase>
    <testcase name='http://imce.jpl.nasa.gov/discipline/fse/functions#BaseFunction subclass of http://imce.jpl.nasa.gov/foundation/base#Container'>
      <failure>
        Asserted in
        http://opencaesar.io/examples/firesat/programs/earth-science/projects/firesat/bundle/classes.
      </failure>
    </testcase>
    <testcase name='http://imce.jpl.nasa.gov/discipline/fse/functions#Power subclass of http://imce.jpl.nasa.gov/foundation/base#Container'>
      <failure>
        Asserted in
        http://opencaesar.io/examples/firesat/programs/earth-science/projects/firesat/bundle/classes.
      </failure>
    </testcase>
    <testcase name='http://imce.jpl.nasa.gov/foundation/mission#Message subclass of http://imce.jpl.nasa.gov/foundation/base#Container'>
      <failure>
        Asserted in
        http://opencaesar.io/examples/firesat/programs/earth-science/projects/firesat/bundle/classes.
      </failure>
    </testcase>
    <testcase name='http://imce.jpl.nasa.gov/foundation/mission#MaterialItem subclass of http://imce.jpl.nasa.gov/foundation/base#Container'>
      <failure>
        Asserted in
        http://opencaesar.io/examples/firesat/programs/earth-science/projects/firesat/bundle/classes.
      </failure>
    </testcase>
    <testcase name='http://imce.jpl.nasa.gov/foundation/mission#Component subclass of http://imce.jpl.nasa.gov/foundation/base#ContainedElement'>
      <failure>
        Asserted in http://imce.jpl.nasa.gov/foundation/mission,
        http://opencaesar.io/examples/firesat/programs/earth-science/projects/firesat/bundle/classes.
      </failure>
    </testcase>
    <testcase name='http://imce.jpl.nasa.gov/foundation/mission#Flow subclass of http://imce.jpl.nasa.gov/foundation/base#ContainedElement'>
      <failure>
        Asserted in http://imce.jpl.nasa.gov/foundation/mission,
        http://opencaesar.io/examples/firesat/programs/earth-science/projects/firesat/bundle/classes.
      </failure>
    </testcase>
    <testcase name='http://imce.jpl.nasa.gov/foundation/mission#Item subclass of http://imce.jpl.nasa.gov/foundation/base#ContainedElement'>
      <failure>
        Asserted in http://imce.jpl.nasa.gov/foundation/mission,
        http://opencaesar.io/examples/firesat/programs/earth-science/projects/firesat/bundle/classes.
      </failure>
    </testcase>
    <testcase name='http://imce.jpl.nasa.gov/foundation/mission#Junction subclass of http://imce.jpl.nasa.gov/foundation/base#ContainedElement'>
      <failure>
        Asserted in http://imce.jpl.nasa.gov/foundation/mission,
        http://opencaesar.io/examples/firesat/programs/earth-science/projects/firesat/bundle/classes.
      </failure>
    </testcase>
    <testcase name='http://imce.jpl.nasa.gov/discipline/fse/fse#Subsystem subclass of http://imce.jpl.nasa.gov/foundation/base#ContainedElement'>
      <failure>
        Asserted in
        http://opencaesar.io/examples/firesat/programs/earth-science/projects/firesat/bundle/classes.
      </failure>
    </testcase>
    <testcase name='http://imce.jpl.nasa.gov/discipline/fse/functions#UnidirectionalPower subclass of http://imce.jpl.nasa.gov/foundation/base#ContainedElement'>
      <failure>
        Asserted in
        http://opencaesar.io/examples/firesat/programs/earth-science/projects/firesat/bundle/classes.
      </failure>
    </testcase>
    <testcase name='http://imce.jpl.nasa.gov/discipline/fse/assemblies#BaseAssembly subclass of http://imce.jpl.nasa.gov/foundation/base#ContainedElement'>
      <failure>
        Asserted in
        http://opencaesar.io/examples/firesat/programs/earth-science/projects/firesat/bundle/classes.
      </failure>
    </testcase>
    <testcase name='http://imce.jpl.nasa.gov/foundation/base#ContainedElement subclass of http://imce.jpl.nasa.gov/foundation/base#ContainedElement'>
      <failure>
        Asserted in
        http://opencaesar.io/examples/firesat/programs/earth-science/projects/firesat/bundle/classes.
      </failure>
    </testcase>
    <testcase name='http://imce.jpl.nasa.gov/discipline/fse/fse#Assembly subclass of http://imce.jpl.nasa.gov/foundation/base#ContainedElement'>
      <failure>
        Asserted in
        http://opencaesar.io/examples/firesat/programs/earth-science/projects/firesat/bundle/classes.
      </failure>
    </testcase>
    <testcase name='http://imce.jpl.nasa.gov/discipline/fse/fse#FlightHardwareComponent subclass of http://imce.jpl.nasa.gov/foundation/base#ContainedElement'>
      <failure>
        Asserted in
        http://opencaesar.io/examples/firesat/programs/earth-science/projects/firesat/bundle/classes.
      </failure>
    </testcase>
    <testcase name='http://imce.jpl.nasa.gov/discipline/fse/fse#Function subclass of http://imce.jpl.nasa.gov/foundation/base#ContainedElement'>
      <failure>
        Asserted in
        http://opencaesar.io/examples/firesat/programs/earth-science/projects/firesat/bundle/classes.
      </failure>
    </testcase>
    <testcase name='http://imce.jpl.nasa.gov/discipline/fse/functions#BaseFunction subclass of http://imce.jpl.nasa.gov/foundation/base#ContainedElement'>
      <failure>
        Asserted in
        http://opencaesar.io/examples/firesat/programs/earth-science/projects/firesat/bundle/classes.
      </failure>
    </testcase>
    <testcase name='http://imce.jpl.nasa.gov/discipline/fse/functions#Power subclass of http://imce.jpl.nasa.gov/foundation/base#ContainedElement'>
      <failure>
        Asserted in
        http://opencaesar.io/examples/firesat/programs/earth-science/projects/firesat/bundle/classes.
      </failure>
    </testcase>
    <testcase name='http://imce.jpl.nasa.gov/foundation/mission#Message subclass of http://imce.jpl.nasa.gov/foundation/base#ContainedElement'>
      <failure>
        Asserted in
        http://opencaesar.io/examples/firesat/programs/earth-science/projects/firesat/bundle/classes.
      </failure>
    </testcase>
    <testcase name='http://imce.jpl.nasa.gov/foundation/mission#MaterialItem subclass of http://imce.jpl.nasa.gov/foundation/base#ContainedElement'>
      <failure>
        Asserted in
        http://opencaesar.io/examples/firesat/programs/earth-science/projects/firesat/bundle/classes.
      </failure>
    </testcase>
    <testcase name='http://imce.jpl.nasa.gov/foundation/mission#Involves2 subclass of http://imce.jpl.nasa.gov/foundation/mission#Involves'>
      <failure>
        Asserted in http://imce.jpl.nasa.gov/foundation/mission,
        http://opencaesar.io/examples/firesat/programs/earth-science/projects/firesat/bundle/classes.
      </failure>
    </testcase>
    <testcase name='http://imce.jpl.nasa.gov/foundation/mission#Involves1 subclass of http://imce.jpl.nasa.gov/foundation/mission#Involves'>
      <failure>
        Asserted in http://imce.jpl.nasa.gov/foundation/mission,
        http://opencaesar.io/examples/firesat/programs/earth-science/projects/firesat/bundle/classes.
      </failure>
    </testcase>
    <testcase name='http://imce.jpl.nasa.gov/foundation/mission#Involves subclass of http://imce.jpl.nasa.gov/foundation/mission#Involves'>
      <failure>
        Asserted in
        http://opencaesar.io/examples/firesat/programs/earth-science/projects/firesat/bundle/classes.
      </failure>
    </testcase>
    <testcase name='http://imce.jpl.nasa.gov/foundation/mission#Message subclass of http://imce.jpl.nasa.gov/foundation/mission#Item'>
      <failure>
        Asserted in http://imce.jpl.nasa.gov/foundation/mission,
        http://opencaesar.io/examples/firesat/programs/earth-science/projects/firesat/bundle/classes.
      </failure>
    </testcase>
    <testcase name='http://imce.jpl.nasa.gov/foundation/mission#MaterialItem subclass of http://imce.jpl.nasa.gov/foundation/mission#Item'>
      <failure>
        Asserted in http://imce.jpl.nasa.gov/foundation/mission,
        http://opencaesar.io/examples/firesat/programs/earth-science/projects/firesat/bundle/classes.
      </failure>
    </testcase>
    <testcase name='http://imce.jpl.nasa.gov/foundation/mission#Item subclass of http://imce.jpl.nasa.gov/foundation/mission#Item'>
      <failure>
        Asserted in
        http://opencaesar.io/examples/firesat/programs/earth-science/projects/firesat/bundle/classes.
      </failure>
    </testcase>
    <testcase name='http://imce.jpl.nasa.gov/foundation/mission#Joins2 subclass of http://imce.jpl.nasa.gov/foundation/mission#Joins'>
      <failure>
        Asserted in http://imce.jpl.nasa.gov/foundation/mission,
        http://opencaesar.io/examples/firesat/programs/earth-science/projects/firesat/bundle/classes.
      </failure>
    </testcase>
    <testcase name='http://imce.jpl.nasa.gov/foundation/mission#Joins1 subclass of http://imce.jpl.nasa.gov/foundation/mission#Joins'>
      <failure>
        Asserted in http://imce.jpl.nasa.gov/foundation/mission,
        http://opencaesar.io/examples/firesat/programs/earth-science/projects/firesat/bundle/classes.
      </failure>
    </testcase>
    <testcase name='http://imce.jpl.nasa.gov/foundation/mission#Joins subclass of http://imce.jpl.nasa.gov/foundation/mission#Joins'>
      <failure>
        Asserted in
        http://opencaesar.io/examples/firesat/programs/earth-science/projects/firesat/bundle/classes.
      </failure>
    </testcase>
    <testcase name='http://imce.jpl.nasa.gov/foundation/mission#Component subclass of http://imce.jpl.nasa.gov/foundation/mission#PerformingElement'>
      <failure>
        Asserted in http://imce.jpl.nasa.gov/foundation/mission,
        http://opencaesar.io/examples/firesat/programs/earth-science/projects/firesat/bundle/classes.
      </failure>
    </testcase>
    <testcase name='http://imce.jpl.nasa.gov/foundation/mission#Mission subclass of http://imce.jpl.nasa.gov/foundation/mission#PerformingElement'>
      <failure>
        Asserted in http://imce.jpl.nasa.gov/foundation/mission,
        http://opencaesar.io/examples/firesat/programs/earth-science/projects/firesat/bundle/classes.
      </failure>
    </testcase>
    <testcase name='http://imce.jpl.nasa.gov/discipline/fse/fse#Subsystem subclass of http://imce.jpl.nasa.gov/foundation/mission#PerformingElement'>
      <failure>
        Asserted in
        http://opencaesar.io/examples/firesat/programs/earth-science/projects/firesat/bundle/classes.
      </failure>
    </testcase>
    <testcase name='http://imce.jpl.nasa.gov/discipline/fse/assemblies#BaseAssembly subclass of http://imce.jpl.nasa.gov/foundation/mission#PerformingElement'>
      <failure>
        Asserted in
        http://opencaesar.io/examples/firesat/programs/earth-science/projects/firesat/bundle/classes.
      </failure>
    </testcase>
    <testcase name='http://imce.jpl.nasa.gov/foundation/mission#PerformingElement subclass of http://imce.jpl.nasa.gov/foundation/mission#PerformingElement'>
      <failure>
        Asserted in
        http://opencaesar.io/examples/firesat/programs/earth-science/projects/firesat/bundle/classes.
      </failure>
    </testcase>
    <testcase name='http://imce.jpl.nasa.gov/discipline/fse/fse#Assembly subclass of http://imce.jpl.nasa.gov/foundation/mission#PerformingElement'>
      <failure>
        Asserted in
        http://opencaesar.io/examples/firesat/programs/earth-science/projects/firesat/bundle/classes.
      </failure>
    </testcase>
    <testcase name='http://imce.jpl.nasa.gov/discipline/fse/fse#FlightHardwareComponent subclass of http://imce.jpl.nasa.gov/foundation/mission#PerformingElement'>
      <failure>
        Asserted in
        http://opencaesar.io/examples/firesat/programs/earth-science/projects/firesat/bundle/classes.
      </failure>
    </testcase>
    <testcase name='http://imce.jpl.nasa.gov/foundation/mission#TransfersIn subclass of http://imce.jpl.nasa.gov/foundation/mission#Transfers'>
      <failure>
        Asserted in http://imce.jpl.nasa.gov/foundation/mission,
        http://opencaesar.io/examples/firesat/programs/earth-science/projects/firesat/bundle/classes.
      </failure>
    </testcase>
    <testcase name='http://imce.jpl.nasa.gov/foundation/mission#TransfersOut subclass of http://imce.jpl.nasa.gov/foundation/mission#Transfers'>
      <failure>
        Asserted in http://imce.jpl.nasa.gov/foundation/mission,
        http://opencaesar.io/examples/firesat/programs/earth-science/projects/firesat/bundle/classes.
      </failure>
    </testcase>
    <testcase name='http://imce.jpl.nasa.gov/foundation/mission#Transfers subclass of http://imce.jpl.nasa.gov/foundation/mission#Transfers'>
      <failure>
        Asserted in
        http://opencaesar.io/examples/firesat/programs/earth-science/projects/firesat/bundle/classes.
      </failure>
    </testcase>
    <testcase name='http://imce.jpl.nasa.gov/foundation/mission#Flow subclass of http://imce.jpl.nasa.gov/foundation/mission#TraversingElement'>
      <failure>
        Asserted in http://imce.jpl.nasa.gov/foundation/mission,
        http://opencaesar.io/examples/firesat/programs/earth-science/projects/firesat/bundle/classes.
      </failure>
    </testcase>
    <testcase name='http://imce.jpl.nasa.gov/foundation/mission#Item subclass of http://imce.jpl.nasa.gov/foundation/mission#TraversingElement'>
      <failure>
        Asserted in http://imce.jpl.nasa.gov/foundation/mission,
        http://opencaesar.io/examples/firesat/programs/earth-science/projects/firesat/bundle/classes.
      </failure>
    </testcase>
    <testcase name='http://imce.jpl.nasa.gov/foundation/mission#TraversingElement subclass of http://imce.jpl.nasa.gov/foundation/mission#TraversingElement'>
      <failure>
        Asserted in
        http://opencaesar.io/examples/firesat/programs/earth-science/projects/firesat/bundle/classes.
      </failure>
    </testcase>
    <testcase name='http://imce.jpl.nasa.gov/foundation/mission#Message subclass of http://imce.jpl.nasa.gov/foundation/mission#TraversingElement'>
      <failure>
        Asserted in
        http://opencaesar.io/examples/firesat/programs/earth-science/projects/firesat/bundle/classes.
      </failure>
    </testcase>
    <testcase name='http://imce.jpl.nasa.gov/foundation/mission#MaterialItem subclass of http://imce.jpl.nasa.gov/foundation/mission#TraversingElement'>
      <failure>
        Asserted in
        http://opencaesar.io/examples/firesat/programs/earth-science/projects/firesat/bundle/classes.
      </failure>
    </testcase>
    <testcase name='http://imce.jpl.nasa.gov/foundation/mission#Component subclass of -6352b5c8:1761fe45fe9:-7f8e'>
      <failure>
        Asserted in http://imce.jpl.nasa.gov/foundation/mission.
      </failure>
    </testcase>
    <testcase name='http://imce.jpl.nasa.gov/foundation/mission#Component subclass of -6352b5c8:1761fe45fe9:-7f8d'>
      <failure>
        Asserted in http://imce.jpl.nasa.gov/foundation/mission.
      </failure>
    </testcase>
    <testcase name='http://imce.jpl.nasa.gov/foundation/mission#Component subclass of -6352b5c8:1761fe45fe9:-7f8c'>
      <failure>
        Asserted in http://imce.jpl.nasa.gov/foundation/mission.
      </failure>
    </testcase>
    <testcase name='http://imce.jpl.nasa.gov/foundation/mission#Component subclass of -6352b5c8:1761fe45fe9:-7f8b'>
      <failure>
        Asserted in http://imce.jpl.nasa.gov/foundation/mission.
      </failure>
    </testcase>
    <testcase name='http://imce.jpl.nasa.gov/foundation/mission#Environment subclass of -6352b5c8:1761fe45fe9:-7f8a'>
      <failure>
        Asserted in http://imce.jpl.nasa.gov/foundation/mission.
      </failure>
    </testcase>
    <testcase name='http://imce.jpl.nasa.gov/foundation/mission#Environment subclass of -6352b5c8:1761fe45fe9:-7f89'>
      <failure>
        Asserted in http://imce.jpl.nasa.gov/foundation/mission.
      </failure>
    </testcase>
    <testcase name='http://imce.jpl.nasa.gov/foundation/mission#Flow subclass of -6352b5c8:1761fe45fe9:-7f88'>
      <failure>
        Asserted in http://imce.jpl.nasa.gov/foundation/mission.
      </failure>
    </testcase>
    <testcase name='http://imce.jpl.nasa.gov/foundation/mission#Flow subclass of -6352b5c8:1761fe45fe9:-7f87'>
      <failure>
        Asserted in http://imce.jpl.nasa.gov/foundation/mission.
      </failure>
    </testcase>
    <testcase name='http://imce.jpl.nasa.gov/foundation/mission#Function subclass of -6352b5c8:1761fe45fe9:-7f86'>
      <failure>
        Asserted in http://imce.jpl.nasa.gov/foundation/mission.
      </failure>
    </testcase>
    <testcase name='http://imce.jpl.nasa.gov/foundation/mission#Function subclass of -6352b5c8:1761fe45fe9:-7f85'>
      <failure>
        Asserted in http://imce.jpl.nasa.gov/foundation/mission.
      </failure>
    </testcase>
    <testcase name='http://imce.jpl.nasa.gov/foundation/mission#Item subclass of -6352b5c8:1761fe45fe9:-7f84'>
      <failure>
        Asserted in http://imce.jpl.nasa.gov/foundation/mission.
      </failure>
    </testcase>
    <testcase name='http://imce.jpl.nasa.gov/foundation/mission#Item subclass of -6352b5c8:1761fe45fe9:-7f83'>
      <failure>
        Asserted in http://imce.jpl.nasa.gov/foundation/mission.
      </failure>
    </testcase>
    <testcase name='http://imce.jpl.nasa.gov/foundation/mission#Junction subclass of -6352b5c8:1761fe45fe9:-7f82'>
      <failure>
        Asserted in http://imce.jpl.nasa.gov/foundation/mission.
      </failure>
    </testcase>
    <testcase name='http://imce.jpl.nasa.gov/foundation/mission#Junction subclass of -6352b5c8:1761fe45fe9:-7f81'>
      <failure>
        Asserted in http://imce.jpl.nasa.gov/foundation/mission.
      </failure>
    </testcase>
    <testcase name='http://imce.jpl.nasa.gov/foundation/mission#MaterialItem subclass of -6352b5c8:1761fe45fe9:-7f80'>
      <failure>
        Asserted in http://imce.jpl.nasa.gov/foundation/mission.
      </failure>
    </testcase>
    <testcase name='http://imce.jpl.nasa.gov/foundation/mission#MaterialItem subclass of -6352b5c8:1761fe45fe9:-7f7f'>
      <failure>
        Asserted in http://imce.jpl.nasa.gov/foundation/mission.
      </failure>
    </testcase>
    <testcase name='http://imce.jpl.nasa.gov/foundation/mission#Message subclass of -6352b5c8:1761fe45fe9:-7f7e'>
      <failure>
        Asserted in http://imce.jpl.nasa.gov/foundation/mission.
      </failure>
    </testcase>
    <testcase name='http://imce.jpl.nasa.gov/foundation/mission#Message subclass of -6352b5c8:1761fe45fe9:-7f7d'>
      <failure>
        Asserted in http://imce.jpl.nasa.gov/foundation/mission.
      </failure>
    </testcase>
    <testcase name='http://imce.jpl.nasa.gov/foundation/mission#Objective subclass of -6352b5c8:1761fe45fe9:-7f7c'>
      <failure>
        Asserted in http://imce.jpl.nasa.gov/foundation/mission.
      </failure>
    </testcase>
    <testcase name='http://imce.jpl.nasa.gov/foundation/mission#Objective subclass of -6352b5c8:1761fe45fe9:-7f7b'>
      <failure>
        Asserted in http://imce.jpl.nasa.gov/foundation/mission.
      </failure>
    </testcase>
    <testcase name='http://imce.jpl.nasa.gov/foundation/mission#Product subclass of -6352b5c8:1761fe45fe9:-7f7a'>
      <failure>
        Asserted in http://imce.jpl.nasa.gov/foundation/mission.
      </failure>
    </testcase>
    <testcase name='http://imce.jpl.nasa.gov/foundation/mission#Product subclass of -6352b5c8:1761fe45fe9:-7f79'>
      <failure>
        Asserted in http://imce.jpl.nasa.gov/foundation/mission.
      </failure>
    </testcase>
    <testcase name='http://iso.org/80000-3-quantities#arc-length subclass of http://iso.org/80000-3-quantities#path-length'>
      <failure>
        Asserted in http://iso.org/80000-3-quantities,
        http://opencaesar.io/examples/firesat/programs/earth-science/projects/firesat/bundle/classes.
      </failure>
    </testcase>
    <testcase name='http://iso.org/80000-3-quantities#path-length subclass of http://iso.org/80000-3-quantities#path-length'>
      <failure>
        Asserted in
        http://opencaesar.io/examples/firesat/programs/earth-science/projects/firesat/bundle/classes.
      </failure>
    </testcase>
    <testcase name='http://iso.org/80000-3-quantities#period-duration subclass of http://iso.org/80000-3-quantities#duration'>
      <failure>
        Asserted in http://iso.org/80000-3-quantities,
        http://opencaesar.io/examples/firesat/programs/earth-science/projects/firesat/bundle/classes.
      </failure>
    </testcase>
    <testcase name='http://iso.org/80000-3-quantities#duration subclass of http://iso.org/80000-3-quantities#duration'>
      <failure>
        Asserted in
        http://opencaesar.io/examples/firesat/programs/earth-science/projects/firesat/bundle/classes.
      </failure>
    </testcase>
    <testcase name='http://iso.org/80000-3-quantities#Angular-Measure-Has-Arc-Length subclass of -6352b5c8:1761fe45fe9:-7f78'>
      <failure>
        Asserted in http://iso.org/80000-3-quantities.
      </failure>
    </testcase>
    <testcase name='http://iso.org/80000-3-quantities#Angular-Measure-Has-Radius subclass of -6352b5c8:1761fe45fe9:-7f77'>
      <failure>
        Asserted in http://iso.org/80000-3-quantities.
      </failure>
    </testcase>
    <testcase name='http://iso.org/80000-3-quantities#Frequency-Has-Period-Duration subclass of -6352b5c8:1761fe45fe9:-7f76'>
      <failure>
        Asserted in http://iso.org/80000-3-quantities.
      </failure>
    </testcase>
    <testcase name='http://iso.org/80000-3-quantities#Rotation-Has-Rotational-Displacement subclass of -6352b5c8:1761fe45fe9:-7f75'>
      <failure>
        Asserted in http://iso.org/80000-3-quantities.
      </failure>
    </testcase>
    <testcase name='http://iso.org/80000-3-quantities#Rotational-Displacement-Has-Distance subclass of -6352b5c8:1761fe45fe9:-7f74'>
      <failure>
        Asserted in http://iso.org/80000-3-quantities.
      </failure>
    </testcase>
    <testcase name='http://iso.org/80000-3-quantities#Rotational-Displacement-Has-Path-Length subclass of -6352b5c8:1761fe45fe9:-7f73'>
      <failure>
        Asserted in http://iso.org/80000-3-quantities.
      </failure>
    </testcase>
    <testcase name='http://iso.org/80000-3-quantities#Rotational-Frequency-Has-Duration subclass of -6352b5c8:1761fe45fe9:-7f72'>
      <failure>
        Asserted in http://iso.org/80000-3-quantities.
      </failure>
    </testcase>
    <testcase name='http://iso.org/80000-3-quantities#Rotational-Frequency-Has-Rotation subclass of -6352b5c8:1761fe45fe9:-7f71'>
      <failure>
        Asserted in http://iso.org/80000-3-quantities.
      </failure>
    </testcase>
    <testcase name='http://iso.org/80000-3-quantities#Velocity-Has-Duration subclass of -6352b5c8:1761fe45fe9:-7f70'>
      <failure>
        Asserted in http://iso.org/80000-3-quantities.
      </failure>
    </testcase>
    <testcase name='http://iso.org/80000-3-quantities#Velocity-Has-Position-Vector subclass of -6352b5c8:1761fe45fe9:-7f6f'>
      <failure>
        Asserted in http://iso.org/80000-3-quantities.
      </failure>
    </testcase>
    <testcase name='http://iso.org/80000-3-quantities#altitude subclass of http://iso.org/80000-3-quantities#height'>
      <failure>
        Asserted in http://iso.org/80000-3-quantities,
        http://opencaesar.io/examples/firesat/programs/earth-science/projects/firesat/bundle/classes.
      </failure>
    </testcase>
    <testcase name='http://iso.org/80000-3-quantities#depth subclass of http://iso.org/80000-3-quantities#height'>
      <failure>
        Asserted in http://iso.org/80000-3-quantities,
        http://opencaesar.io/examples/firesat/programs/earth-science/projects/firesat/bundle/classes.
      </failure>
    </testcase>
    <testcase name='http://iso.org/80000-3-quantities#height subclass of http://iso.org/80000-3-quantities#height'>
      <failure>
        Asserted in
        http://opencaesar.io/examples/firesat/programs/earth-science/projects/firesat/bundle/classes.
      </failure>
    </testcase>
    <testcase name='http://iso.org/80000-3-quantities#angular-measure subclass of -6352b5c8:1761fe45fe9:-7f6e'>
      <failure>
        Asserted in http://iso.org/80000-3-quantities.
      </failure>
    </testcase>
    <testcase name='http://iso.org/80000-3-quantities#angular-measure subclass of -6352b5c8:1761fe45fe9:-7f6d'>
      <failure>
        Asserted in http://iso.org/80000-3-quantities.
      </failure>
    </testcase>
    <testcase name='http://iso.org/80000-3-quantities#breadth subclass of http://iso.org/80000-3-quantities#width'>
      <failure>
        Asserted in http://iso.org/80000-3-quantities,
        http://opencaesar.io/examples/firesat/programs/earth-science/projects/firesat/bundle/classes.
      </failure>
    </testcase>
    <testcase name='http://iso.org/80000-3-quantities#width subclass of http://iso.org/80000-3-quantities#width'>
      <failure>
        Asserted in
        http://opencaesar.io/examples/firesat/programs/earth-science/projects/firesat/bundle/classes.
      </failure>
    </testcase>
    <testcase name='http://iso.org/80000-3-quantities#radius subclass of http://iso.org/80000-3-quantities#length'>
      <failure>
        Asserted in http://iso.org/80000-3-quantities,
        http://opencaesar.io/examples/firesat/programs/earth-science/projects/firesat/bundle/classes.
      </failure>
    </testcase>
    <testcase name='http://iso.org/80000-3-quantities#distance subclass of http://iso.org/80000-3-quantities#length'>
      <failure>
        Asserted in http://iso.org/80000-3-quantities,
        http://opencaesar.io/examples/firesat/programs/earth-science/projects/firesat/bundle/classes.
      </failure>
    </testcase>
    <testcase name='http://iso.org/80000-3-quantities#path-length subclass of http://iso.org/80000-3-quantities#length'>
      <failure>
        Asserted in http://iso.org/80000-3-quantities,
        http://opencaesar.io/examples/firesat/programs/earth-science/projects/firesat/bundle/classes.
      </failure>
    </testcase>
    <testcase name='http://iso.org/80000-3-quantities#position-vector subclass of http://iso.org/80000-3-quantities#length'>
      <failure>
        Asserted in http://iso.org/80000-3-quantities,
        http://opencaesar.io/examples/firesat/programs/earth-science/projects/firesat/bundle/classes.
      </failure>
    </testcase>
    <testcase name='http://iso.org/80000-3-quantities#height subclass of http://iso.org/80000-3-quantities#length'>
      <failure>
        Asserted in http://iso.org/80000-3-quantities,
        http://opencaesar.io/examples/firesat/programs/earth-science/projects/firesat/bundle/classes.
      </failure>
    </testcase>
    <testcase name='http://iso.org/80000-3-quantities#width subclass of http://iso.org/80000-3-quantities#length'>
      <failure>
        Asserted in http://iso.org/80000-3-quantities,
        http://opencaesar.io/examples/firesat/programs/earth-science/projects/firesat/bundle/classes.
      </failure>
    </testcase>
    <testcase name='http://iso.org/80000-3-quantities#diameter subclass of http://iso.org/80000-3-quantities#length'>
      <failure>
        Asserted in http://iso.org/80000-3-quantities,
        http://opencaesar.io/examples/firesat/programs/earth-science/projects/firesat/bundle/classes.
      </failure>
    </testcase>
    <testcase name='http://iso.org/80000-3-quantities#displacement subclass of http://iso.org/80000-3-quantities#length'>
      <failure>
        Asserted in http://iso.org/80000-3-quantities,
        http://opencaesar.io/examples/firesat/programs/earth-science/projects/firesat/bundle/classes.
      </failure>
    </testcase>
    <testcase name='http://iso.org/80000-3-quantities#radial-distance subclass of http://iso.org/80000-3-quantities#length'>
      <failure>
        Asserted in http://iso.org/80000-3-quantities,
        http://opencaesar.io/examples/firesat/programs/earth-science/projects/firesat/bundle/classes.
      </failure>
    </testcase>
    <testcase name='http://iso.org/80000-3-quantities#radius-of-curvature subclass of http://iso.org/80000-3-quantities#length'>
      <failure>
        Asserted in http://iso.org/80000-3-quantities,
        http://opencaesar.io/examples/firesat/programs/earth-science/projects/firesat/bundle/classes.
      </failure>
    </testcase>
    <testcase name='http://iso.org/80000-3-quantities#thickness subclass of http://iso.org/80000-3-quantities#length'>
      <failure>
        Asserted in http://iso.org/80000-3-quantities,
        http://opencaesar.io/examples/firesat/programs/earth-science/projects/firesat/bundle/classes.
      </failure>
    </testcase>
    <testcase name='http://iso.org/80000-3-quantities#arc-length subclass of http://iso.org/80000-3-quantities#length'>
      <failure>
        Asserted in
        http://opencaesar.io/examples/firesat/programs/earth-science/projects/firesat/bundle/classes.
      </failure>
    </testcase>
    <testcase name='http://iso.org/80000-3-quantities#altitude subclass of http://iso.org/80000-3-quantities#length'>
      <failure>
        Asserted in
        http://opencaesar.io/examples/firesat/programs/earth-science/projects/firesat/bundle/classes.
      </failure>
    </testcase>
    <testcase name='http://iso.org/80000-3-quantities#breadth subclass of http://iso.org/80000-3-quantities#length'>
      <failure>
        Asserted in
        http://opencaesar.io/examples/firesat/programs/earth-science/projects/firesat/bundle/classes.
      </failure>
    </testcase>
    <testcase name='http://iso.org/80000-3-quantities#depth subclass of http://iso.org/80000-3-quantities#length'>
      <failure>
        Asserted in
        http://opencaesar.io/examples/firesat/programs/earth-science/projects/firesat/bundle/classes.
      </failure>
    </testcase>
    <testcase name='http://iso.org/80000-3-quantities#length subclass of http://iso.org/80000-3-quantities#length'>
      <failure>
        Asserted in
        http://opencaesar.io/examples/firesat/programs/earth-science/projects/firesat/bundle/classes.
      </failure>
    </testcase>
    <testcase name='http://iso.org/80000-3-quantities#duration subclass of -6352b5c8:1761fe45fe9:-7f6c'>
      <failure>
        Asserted in http://iso.org/80000-3-quantities.
      </failure>
    </testcase>
    <testcase name='http://iso.org/80000-3-quantities#duration subclass of -6352b5c8:1761fe45fe9:-7f6b'>
      <failure>
        Asserted in http://iso.org/80000-3-quantities.
      </failure>
    </testcase>
    <testcase name='http://iso.org/80000-3-quantities#frequency subclass of -6352b5c8:1761fe45fe9:-7f6a'>
      <failure>
        Asserted in http://iso.org/80000-3-quantities.
      </failure>
    </testcase>
    <testcase name='http://iso.org/80000-3-quantities#frequency subclass of -6352b5c8:1761fe45fe9:-7f69'>
      <failure>
        Asserted in http://iso.org/80000-3-quantities.
      </failure>
    </testcase>
    <testcase name='http://iso.org/80000-3-quantities#length subclass of -6352b5c8:1761fe45fe9:-7f68'>
      <failure>
        Asserted in http://iso.org/80000-3-quantities.
      </failure>
    </testcase>
    <testcase name='http://iso.org/80000-3-quantities#length subclass of -6352b5c8:1761fe45fe9:-7f67'>
      <failure>
        Asserted in http://iso.org/80000-3-quantities.
      </failure>
    </testcase>
    <testcase name='http://iso.org/80000-3-quantities#rotation subclass of -6352b5c8:1761fe45fe9:-7f66'>
      <failure>
        Asserted in http://iso.org/80000-3-quantities.
      </failure>
    </testcase>
    <testcase name='http://iso.org/80000-3-quantities#rotation subclass of -6352b5c8:1761fe45fe9:-7f65'>
      <failure>
        Asserted in http://iso.org/80000-3-quantities.
      </failure>
    </testcase>
    <testcase name='http://iso.org/80000-3-quantities#rotational-displacement subclass of -6352b5c8:1761fe45fe9:-7f64'>
      <failure>
        Asserted in http://iso.org/80000-3-quantities.
      </failure>
    </testcase>
    <testcase name='http://iso.org/80000-3-quantities#rotational-displacement subclass of -6352b5c8:1761fe45fe9:-7f63'>
      <failure>
        Asserted in http://iso.org/80000-3-quantities.
      </failure>
    </testcase>
    <testcase name='http://iso.org/80000-3-quantities#rotational-frequency subclass of -6352b5c8:1761fe45fe9:-7f62'>
      <failure>
        Asserted in http://iso.org/80000-3-quantities.
      </failure>
    </testcase>
    <testcase name='http://iso.org/80000-3-quantities#rotational-frequency subclass of -6352b5c8:1761fe45fe9:-7f61'>
      <failure>
        Asserted in http://iso.org/80000-3-quantities.
      </failure>
    </testcase>
    <testcase name='http://iso.org/80000-3-quantities#velocity subclass of -6352b5c8:1761fe45fe9:-7f60'>
      <failure>
        Asserted in http://iso.org/80000-3-quantities.
      </failure>
    </testcase>
    <testcase name='http://iso.org/80000-3-quantities#velocity subclass of -6352b5c8:1761fe45fe9:-7f5f'>
      <failure>
        Asserted in http://iso.org/80000-3-quantities.
      </failure>
    </testcase>
    <testcase name='http://iso.org/80000-1-decimalPrefix#DecimalPrefix subclass of http://iupac.org/metrology#Prefix'>
      <failure>
        Asserted in http://iso.org/80000-1-decimalPrefix,
        http://opencaesar.io/examples/firesat/programs/earth-science/projects/firesat/bundle/classes.
      </failure>
    </testcase>
    <testcase name='http://iupac.org/metrology#Prefix subclass of http://iupac.org/metrology#Prefix'>
      <failure>
        Asserted in
        http://opencaesar.io/examples/firesat/programs/earth-science/projects/firesat/bundle/classes.
      </failure>
    </testcase>
    <testcase name='http://iso.org/80000-3-units#hour subclass of http://iupac.org/metrology#NonCoherentDerivedMeasurementUnit'>
      <failure>
        Asserted in http://iso.org/80000-3-units,
        http://opencaesar.io/examples/firesat/programs/earth-science/projects/firesat/bundle/classes.
      </failure>
    </testcase>
    <testcase name='http://iso.org/80000-3-units#minute subclass of http://iupac.org/metrology#NonCoherentDerivedMeasurementUnit'>
      <failure>
        Asserted in http://iso.org/80000-3-units,
        http://opencaesar.io/examples/firesat/programs/earth-science/projects/firesat/bundle/classes.
      </failure>
    </testcase>
    <testcase name='http://iupac.org/metrology#NonCoherentDerivedMeasurementUnit subclass of http://iupac.org/metrology#NonCoherentDerivedMeasurementUnit'>
      <failure>
        Asserted in
        http://opencaesar.io/examples/firesat/programs/earth-science/projects/firesat/bundle/classes.
      </failure>
    </testcase>
    <testcase name='http://iso.org/80000-3-units#metre subclass of http://iso.org/80000-3-units#LengthUnit'>
      <failure>
        Asserted in http://iso.org/80000-3-units,
        http://opencaesar.io/examples/firesat/programs/earth-science/projects/firesat/bundle/classes.
      </failure>
    </testcase>
    <testcase name='http://iso.org/80000-3-units#LengthUnit subclass of http://iso.org/80000-3-units#LengthUnit'>
      <failure>
        Asserted in
        http://opencaesar.io/examples/firesat/programs/earth-science/projects/firesat/bundle/classes.
      </failure>
    </testcase>
    <testcase name='http://iso.org/80000-3-units#kilometre subclass of http://iso.org/80000-3-units#LengthUnit'>
      <failure>
        Asserted in
        http://opencaesar.io/examples/firesat/programs/earth-science/projects/firesat/bundle/classes.
      </failure>
    </testcase>
    <testcase name='http://iso.org/80000-3-units#second subclass of http://iso.org/80000-3-units#CoherentTimeUnit'>
      <failure>
        Asserted in http://iso.org/80000-3-units,
        http://opencaesar.io/examples/firesat/programs/earth-science/projects/firesat/bundle/classes.
      </failure>
    </testcase>
    <testcase name='http://iso.org/80000-3-units#CoherentTimeUnit subclass of http://iso.org/80000-3-units#CoherentTimeUnit'>
      <failure>
        Asserted in
        http://opencaesar.io/examples/firesat/programs/earth-science/projects/firesat/bundle/classes.
      </failure>
    </testcase>
    <testcase name='http://iso.org/80000-3-units#millisecond subclass of http://iso.org/80000-3-units#CoherentTimeUnit'>
      <failure>
        Asserted in
        http://opencaesar.io/examples/firesat/programs/earth-science/projects/firesat/bundle/classes.
      </failure>
    </testcase>
    <testcase name='http://iso.org/80000-3-units#metre-per-second subclass of http://iso.org/80000-3-units#VelocityUnit'>
      <failure>
        Asserted in http://iso.org/80000-3-units,
        http://opencaesar.io/examples/firesat/programs/earth-science/projects/firesat/bundle/classes.
      </failure>
    </testcase>
    <testcase name='http://iso.org/80000-3-units#kilometre-per-second subclass of http://iso.org/80000-3-units#VelocityUnit'>
      <failure>
        Asserted in http://iso.org/80000-3-units,
        http://opencaesar.io/examples/firesat/programs/earth-science/projects/firesat/bundle/classes.
      </failure>
    </testcase>
    <testcase name='http://iso.org/80000-3-units#VelocityUnit subclass of http://iso.org/80000-3-units#VelocityUnit'>
      <failure>
        Asserted in
        http://opencaesar.io/examples/firesat/programs/earth-science/projects/firesat/bundle/classes.
      </failure>
    </testcase>
    <testcase name='http://iso.org/80000-3-units#millisecond subclass of http://iso.org/80000-3-units#second'>
      <failure>
        Asserted in http://iso.org/80000-3-units,
        http://opencaesar.io/examples/firesat/programs/earth-science/projects/firesat/bundle/classes.
      </failure>
    </testcase>
    <testcase name='http://iso.org/80000-3-units#second subclass of http://iso.org/80000-3-units#second'>
      <failure>
        Asserted in
        http://opencaesar.io/examples/firesat/programs/earth-science/projects/firesat/bundle/classes.
      </failure>
    </testcase>
    <testcase name='http://iso.org/80000-3-units#kilometre subclass of http://iso.org/80000-3-units#metre'>
      <failure>
        Asserted in http://iso.org/80000-3-units,
        http://opencaesar.io/examples/firesat/programs/earth-science/projects/firesat/bundle/classes.
      </failure>
    </testcase>
    <testcase name='http://iso.org/80000-3-units#metre subclass of http://iso.org/80000-3-units#metre'>
      <failure>
        Asserted in
        http://opencaesar.io/examples/firesat/programs/earth-science/projects/firesat/bundle/classes.
      </failure>
    </testcase>
    <testcase name='http://iso.org/80000-3-units#hertz subclass of http://iso.org/80000-3-units#FrequencyUnit'>
      <failure>
        Asserted in http://iso.org/80000-3-units,
        http://opencaesar.io/examples/firesat/programs/earth-science/projects/firesat/bundle/classes.
      </failure>
    </testcase>
    <testcase name='http://iso.org/80000-3-units#FrequencyUnit subclass of http://iso.org/80000-3-units#FrequencyUnit'>
      <failure>
        Asserted in
        http://opencaesar.io/examples/firesat/programs/earth-science/projects/firesat/bundle/classes.
      </failure>
    </testcase>
    <testcase name='http://iso.org/80000-3-units#TimeUnit subclass of http://iupac.org/metrology#MeasurementUnit'>
      <failure>
        Asserted in http://iso.org/80000-3-units,
        http://opencaesar.io/examples/firesat/programs/earth-science/projects/firesat/bundle/classes.
      </failure>
    </testcase>
    <testcase name='http://iso.org/80000-5-units#CelciusTemperatureUnit subclass of http://iupac.org/metrology#MeasurementUnit'>
      <failure>
        Asserted in
        http://opencaesar.io/examples/firesat/programs/earth-science/projects/firesat/bundle/classes.
      </failure>
    </testcase>
    <testcase name='http://iso.org/80000-5-units#ThermodynamicTemperatureUnit subclass of http://iupac.org/metrology#MeasurementUnit'>
      <failure>
        Asserted in
        http://opencaesar.io/examples/firesat/programs/earth-science/projects/firesat/bundle/classes.
      </failure>
    </testcase>
    <testcase name='http://iso.org/80000-5-units#degreeCelcius subclass of http://iupac.org/metrology#MeasurementUnit'>
      <failure>
        Asserted in
        http://opencaesar.io/examples/firesat/programs/earth-science/projects/firesat/bundle/classes.
      </failure>
    </testcase>
    <testcase name='http://iso.org/80000-5-units#kelvin subclass of http://iupac.org/metrology#MeasurementUnit'>
      <failure>
        Asserted in
        http://opencaesar.io/examples/firesat/programs/earth-science/projects/firesat/bundle/classes.
      </failure>
    </testcase>
    <testcase name='http://iupac.org/metrology#CoherentMeasurementUnit subclass of http://iupac.org/metrology#MeasurementUnit'>
      <failure>
        Asserted in
        http://opencaesar.io/examples/firesat/programs/earth-science/projects/firesat/bundle/classes, http://iupac.org/metrology.
      </failure>
    </testcase>
    <testcase name='http://iupac.org/metrology#DerivedMeasurementUnit subclass of http://iupac.org/metrology#MeasurementUnit'>
      <failure>
        Asserted in
        http://opencaesar.io/examples/firesat/programs/earth-science/projects/firesat/bundle/classes.
      </failure>
    </testcase>
    <testcase name='http://iupac.org/metrology#IndependentMeasurementUnit subclass of http://iupac.org/metrology#MeasurementUnit'>
      <failure>
        Asserted in
        http://opencaesar.io/examples/firesat/programs/earth-science/projects/firesat/bundle/classes.
      </failure>
    </testcase>
    <testcase name='http://iso.org/80000-6-units#ampere subclass of http://iupac.org/metrology#MeasurementUnit'>
      <failure>
        Asserted in
        http://opencaesar.io/examples/firesat/programs/earth-science/projects/firesat/bundle/classes.
      </failure>
    </testcase>
    <testcase name='http://iso.org/80000-6-units#coulomb subclass of http://iupac.org/metrology#MeasurementUnit'>
      <failure>
        Asserted in
        http://opencaesar.io/examples/firesat/programs/earth-science/projects/firesat/bundle/classes.
      </failure>
    </testcase>
    <testcase name='http://iso.org/80000-6-units#newton-per-coulomb subclass of http://iupac.org/metrology#MeasurementUnit'>
      <failure>
        Asserted in
        http://opencaesar.io/examples/firesat/programs/earth-science/projects/firesat/bundle/classes.
      </failure>
    </testcase>
    <testcase name='http://iso.org/80000-6-units#ohm subclass of http://iupac.org/metrology#MeasurementUnit'>
      <failure>
        Asserted in
        http://opencaesar.io/examples/firesat/programs/earth-science/projects/firesat/bundle/classes.
      </failure>
    </testcase>
    <testcase name='http://iso.org/80000-6-units#volt subclass of http://iupac.org/metrology#MeasurementUnit'>
      <failure>
        Asserted in
        http://opencaesar.io/examples/firesat/programs/earth-science/projects/firesat/bundle/classes.
      </failure>
    </testcase>
    <testcase name='http://iso.org/80000-4-units#MomentumUnit subclass of http://iupac.org/metrology#MeasurementUnit'>
      <failure>
        Asserted in
        http://opencaesar.io/examples/firesat/programs/earth-science/projects/firesat/bundle/classes.
      </failure>
    </testcase>
    <testcase name='http://iso.org/80000-4-units#PowerUnit subclass of http://iupac.org/metrology#MeasurementUnit'>
      <failure>
        Asserted in
        http://opencaesar.io/examples/firesat/programs/earth-science/projects/firesat/bundle/classes.
      </failure>
    </testcase>
    <testcase name='http://iupac.org/metrology#NonCoherentDerivedMeasurementUnit subclass of http://iupac.org/metrology#MeasurementUnit'>
      <failure>
        Asserted in
        http://opencaesar.io/examples/firesat/programs/earth-science/projects/firesat/bundle/classes, http://iupac.org/metrology.
      </failure>
    </testcase>
    <testcase name='http://iso.org/80000-6-units#ElectricChargeUnit subclass of http://iupac.org/metrology#MeasurementUnit'>
      <failure>
        Asserted in
        http://opencaesar.io/examples/firesat/programs/earth-science/projects/firesat/bundle/classes.
      </failure>
    </testcase>
    <testcase name='http://iso.org/80000-3-units#LengthUnit subclass of http://iupac.org/metrology#MeasurementUnit'>
      <failure>
        Asserted in
        http://opencaesar.io/examples/firesat/programs/earth-science/projects/firesat/bundle/classes.
      </failure>
    </testcase>
    <testcase name='http://iso.org/80000-3-units#CoherentTimeUnit subclass of http://iupac.org/metrology#MeasurementUnit'>
      <failure>
        Asserted in
        http://opencaesar.io/examples/firesat/programs/earth-science/projects/firesat/bundle/classes.
      </failure>
    </testcase>
    <testcase name='http://iso.org/80000-4-units#ImpulseUnit subclass of http://iupac.org/metrology#MeasurementUnit'>
      <failure>
        Asserted in
        http://opencaesar.io/examples/firesat/programs/earth-science/projects/firesat/bundle/classes.
      </failure>
    </testcase>
    <testcase name='http://iso.org/80000-4-units#kilogram-metre-per-second subclass of http://iupac.org/metrology#MeasurementUnit'>
      <failure>
        Asserted in
        http://opencaesar.io/examples/firesat/programs/earth-science/projects/firesat/bundle/classes.
      </failure>
    </testcase>
    <testcase name='http://iso.org/80000-3-units#VelocityUnit subclass of http://iupac.org/metrology#MeasurementUnit'>
      <failure>
        Asserted in
        http://opencaesar.io/examples/firesat/programs/earth-science/projects/firesat/bundle/classes.
      </failure>
    </testcase>
    <testcase name='http://iso.org/80000-3-units#revolution subclass of http://iupac.org/metrology#MeasurementUnit'>
      <failure>
        Asserted in
        http://opencaesar.io/examples/firesat/programs/earth-science/projects/firesat/bundle/classes.
      </failure>
    </testcase>
    <testcase name='http://iso.org/80000-3-units#second subclass of http://iupac.org/metrology#MeasurementUnit'>
      <failure>
        Asserted in
        http://opencaesar.io/examples/firesat/programs/earth-science/projects/firesat/bundle/classes.
      </failure>
    </testcase>
    <testcase name='http://iso.org/80000-3-units#hour subclass of http://iupac.org/metrology#MeasurementUnit'>
      <failure>
        Asserted in
        http://opencaesar.io/examples/firesat/programs/earth-science/projects/firesat/bundle/classes.
      </failure>
    </testcase>
    <testcase name='http://iso.org/80000-3-units#metre subclass of http://iupac.org/metrology#MeasurementUnit'>
      <failure>
        Asserted in
        http://opencaesar.io/examples/firesat/programs/earth-science/projects/firesat/bundle/classes.
      </failure>
    </testcase>
    <testcase name='http://iso.org/80000-3-units#metre-per-second subclass of http://iupac.org/metrology#MeasurementUnit'>
      <failure>
        Asserted in
        http://opencaesar.io/examples/firesat/programs/earth-science/projects/firesat/bundle/classes.
      </failure>
    </testcase>
    <testcase name='http://iso.org/80000-4-units#MassUnit subclass of http://iupac.org/metrology#MeasurementUnit'>
      <failure>
        Asserted in
        http://opencaesar.io/examples/firesat/programs/earth-science/projects/firesat/bundle/classes.
      </failure>
    </testcase>
    <testcase name='http://iso.org/80000-4-units#ForceUnit subclass of http://iupac.org/metrology#MeasurementUnit'>
      <failure>
        Asserted in
        http://opencaesar.io/examples/firesat/programs/earth-science/projects/firesat/bundle/classes.
      </failure>
    </testcase>
    <testcase name='http://iso.org/80000-3-units#kilometre-per-second subclass of http://iupac.org/metrology#MeasurementUnit'>
      <failure>
        Asserted in
        http://opencaesar.io/examples/firesat/programs/earth-science/projects/firesat/bundle/classes.
      </failure>
    </testcase>
    <testcase name='http://iso.org/80000-3-units#FrequencyUnit subclass of http://iupac.org/metrology#MeasurementUnit'>
      <failure>
        Asserted in
        http://opencaesar.io/examples/firesat/programs/earth-science/projects/firesat/bundle/classes.
      </failure>
    </testcase>
    <testcase name='http://iso.org/80000-3-units#millisecond subclass of http://iupac.org/metrology#MeasurementUnit'>
      <failure>
        Asserted in
        http://opencaesar.io/examples/firesat/programs/earth-science/projects/firesat/bundle/classes.
      </failure>
    </testcase>
    <testcase name='http://iupac.org/metrology#MeasurementUnit subclass of http://iupac.org/metrology#MeasurementUnit'>
      <failure>
        Asserted in
        http://opencaesar.io/examples/firesat/programs/earth-science/projects/firesat/bundle/classes.
      </failure>
    </testcase>
    <testcase name='http://iso.org/80000-6-units#ElectricFieldStrengthUnit subclass of http://iupac.org/metrology#MeasurementUnit'>
      <failure>
        Asserted in
        http://opencaesar.io/examples/firesat/programs/earth-science/projects/firesat/bundle/classes.
      </failure>
    </testcase>
    <testcase name='http://iso.org/80000-3-units#radian subclass of http://iupac.org/metrology#MeasurementUnit'>
      <failure>
        Asserted in
        http://opencaesar.io/examples/firesat/programs/earth-science/projects/firesat/bundle/classes.
      </failure>
    </testcase>
    <testcase name='http://iso.org/80000-4-units#newton-millisecond subclass of http://iupac.org/metrology#MeasurementUnit'>
      <failure>
        Asserted in
        http://opencaesar.io/examples/firesat/programs/earth-science/projects/firesat/bundle/classes.
      </failure>
    </testcase>
    <testcase name='http://iso.org/80000-4-units#gram subclass of http://iupac.org/metrology#MeasurementUnit'>
      <failure>
        Asserted in
        http://opencaesar.io/examples/firesat/programs/earth-science/projects/firesat/bundle/classes.
      </failure>
    </testcase>
    <testcase name='http://iso.org/80000-6-units#ElectricPotentialUnit subclass of http://iupac.org/metrology#MeasurementUnit'>
      <failure>
        Asserted in
        http://opencaesar.io/examples/firesat/programs/earth-science/projects/firesat/bundle/classes.
      </failure>
    </testcase>
    <testcase name='http://iso.org/80000-6-units#ElectricCurrentUnit subclass of http://iupac.org/metrology#MeasurementUnit'>
      <failure>
        Asserted in
        http://opencaesar.io/examples/firesat/programs/earth-science/projects/firesat/bundle/classes.
      </failure>
    </testcase>
    <testcase name='http://iso.org/80000-3-units#AngularMeasureUnit subclass of http://iupac.org/metrology#MeasurementUnit'>
      <failure>
        Asserted in
        http://opencaesar.io/examples/firesat/programs/earth-science/projects/firesat/bundle/classes.
      </failure>
    </testcase>
    <testcase name='http://iso.org/80000-4-units#kilogram subclass of http://iupac.org/metrology#MeasurementUnit'>
      <failure>
        Asserted in
        http://opencaesar.io/examples/firesat/programs/earth-science/projects/firesat/bundle/classes.
      </failure>
    </testcase>
    <testcase name='http://iso.org/80000-4-units#newton subclass of http://iupac.org/metrology#MeasurementUnit'>
      <failure>
        Asserted in
        http://opencaesar.io/examples/firesat/programs/earth-science/projects/firesat/bundle/classes.
      </failure>
    </testcase>
    <testcase name='http://iso.org/80000-3-units#hertz subclass of http://iupac.org/metrology#MeasurementUnit'>
      <failure>
        Asserted in
        http://opencaesar.io/examples/firesat/programs/earth-science/projects/firesat/bundle/classes.
      </failure>
    </testcase>
    <testcase name='http://iupac.org/metrology#PrefixedMeasurementUnit subclass of http://iupac.org/metrology#MeasurementUnit'>
      <failure>
        Asserted in
        http://opencaesar.io/examples/firesat/programs/earth-science/projects/firesat/bundle/classes, http://iupac.org/metrology.
      </failure>
    </testcase>
    <testcase name='http://iso.org/80000-3-units#RotationUnit subclass of http://iupac.org/metrology#MeasurementUnit'>
      <failure>
        Asserted in
        http://opencaesar.io/examples/firesat/programs/earth-science/projects/firesat/bundle/classes.
      </failure>
    </testcase>
    <testcase name='http://iso.org/80000-4-units#newton-second subclass of http://iupac.org/metrology#MeasurementUnit'>
      <failure>
        Asserted in
        http://opencaesar.io/examples/firesat/programs/earth-science/projects/firesat/bundle/classes.
      </failure>
    </testcase>
    <testcase name='http://iso.org/80000-4-units#watt subclass of http://iupac.org/metrology#MeasurementUnit'>
      <failure>
        Asserted in
        http://opencaesar.io/examples/firesat/programs/earth-science/projects/firesat/bundle/classes.
      </failure>
    </testcase>
    <testcase name='http://iso.org/80000-6-units#ResistanceUnit subclass of http://iupac.org/metrology#MeasurementUnit'>
      <failure>
        Asserted in
        http://opencaesar.io/examples/firesat/programs/earth-science/projects/firesat/bundle/classes.
      </failure>
    </testcase>
    <testcase name='http://iso.org/80000-3-units#minute subclass of http://iupac.org/metrology#MeasurementUnit'>
      <failure>
        Asserted in
        http://opencaesar.io/examples/firesat/programs/earth-science/projects/firesat/bundle/classes.
      </failure>
    </testcase>
    <testcase name='http://iso.org/80000-3-units#kilometre subclass of http://iupac.org/metrology#MeasurementUnit'>
      <failure>
        Asserted in
        http://opencaesar.io/examples/firesat/programs/earth-science/projects/firesat/bundle/classes.
      </failure>
    </testcase>
    <testcase name='http://iso.org/80000-3-units#radian subclass of http://iso.org/80000-3-units#AngularMeasureUnit'>
      <failure>
        Asserted in http://iso.org/80000-3-units,
        http://opencaesar.io/examples/firesat/programs/earth-science/projects/firesat/bundle/classes.
      </failure>
    </testcase>
    <testcase name='http://iso.org/80000-3-units#AngularMeasureUnit subclass of http://iso.org/80000-3-units#AngularMeasureUnit'>
      <failure>
        Asserted in
        http://opencaesar.io/examples/firesat/programs/earth-science/projects/firesat/bundle/classes.
      </failure>
    </testcase>
    <testcase name='http://iso.org/80000-3-units#CoherentTimeUnit subclass of http://iso.org/80000-3-units#TimeUnit'>
      <failure>
        Asserted in http://iso.org/80000-3-units,
        http://opencaesar.io/examples/firesat/programs/earth-science/projects/firesat/bundle/classes.
      </failure>
    </testcase>
    <testcase name='http://iso.org/80000-3-units#hour subclass of http://iso.org/80000-3-units#TimeUnit'>
      <failure>
        Asserted in http://iso.org/80000-3-units,
        http://opencaesar.io/examples/firesat/programs/earth-science/projects/firesat/bundle/classes.
      </failure>
    </testcase>
    <testcase name='http://iso.org/80000-3-units#minute subclass of http://iso.org/80000-3-units#TimeUnit'>
      <failure>
        Asserted in http://iso.org/80000-3-units,
        http://opencaesar.io/examples/firesat/programs/earth-science/projects/firesat/bundle/classes.
      </failure>
    </testcase>
    <testcase name='http://iso.org/80000-3-units#second subclass of http://iso.org/80000-3-units#TimeUnit'>
      <failure>
        Asserted in
        http://opencaesar.io/examples/firesat/programs/earth-science/projects/firesat/bundle/classes.
      </failure>
    </testcase>
    <testcase name='http://iso.org/80000-3-units#millisecond subclass of http://iso.org/80000-3-units#TimeUnit'>
      <failure>
        Asserted in
        http://opencaesar.io/examples/firesat/programs/earth-science/projects/firesat/bundle/classes.
      </failure>
    </testcase>
    <testcase name='http://iso.org/80000-3-units#TimeUnit subclass of http://iso.org/80000-3-units#TimeUnit'>
      <failure>
        Asserted in
        http://opencaesar.io/examples/firesat/programs/earth-science/projects/firesat/bundle/classes.
      </failure>
    </testcase>
    <testcase name='http://iso.org/80000-3-units#millisecond subclass of http://iupac.org/metrology#PrefixedMeasurementUnit'>
      <failure>
        Asserted in http://iso.org/80000-3-units,
        http://opencaesar.io/examples/firesat/programs/earth-science/projects/firesat/bundle/classes.
      </failure>
    </testcase>
    <testcase name='http://iso.org/80000-3-units#kilometre subclass of http://iupac.org/metrology#PrefixedMeasurementUnit'>
      <failure>
        Asserted in http://iso.org/80000-3-units,
        http://opencaesar.io/examples/firesat/programs/earth-science/projects/firesat/bundle/classes.
      </failure>
    </testcase>
    <testcase name='http://iso.org/80000-4-units#kilogram subclass of http://iupac.org/metrology#PrefixedMeasurementUnit'>
      <failure>
        Asserted in
        http://opencaesar.io/examples/firesat/programs/earth-science/projects/firesat/bundle/classes, http://iso.org/80000-4-units.
      </failure>
    </testcase>
    <testcase name='http://iupac.org/metrology#PrefixedMeasurementUnit subclass of http://iupac.org/metrology#PrefixedMeasurementUnit'>
      <failure>
        Asserted in
        http://opencaesar.io/examples/firesat/programs/earth-science/projects/firesat/bundle/classes.
      </failure>
    </testcase>
    <testcase name='http://iso.org/80000-3-units#revolution subclass of http://iso.org/80000-3-units#RotationUnit'>
      <failure>
        Asserted in http://iso.org/80000-3-units,
        http://opencaesar.io/examples/firesat/programs/earth-science/projects/firesat/bundle/classes.
      </failure>
    </testcase>
    <testcase name='http://iso.org/80000-3-units#RotationUnit subclass of http://iso.org/80000-3-units#RotationUnit'>
      <failure>
        Asserted in
        http://opencaesar.io/examples/firesat/programs/earth-science/projects/firesat/bundle/classes.
      </failure>
    </testcase>
    <testcase name='http://iso.org/80000-3-units#AngularMeasureMagnitude subclass of -6352b5c8:1761fe45fe9:-7f5e'>
      <failure>
        Asserted in http://iso.org/80000-3-units.
      </failure>
    </testcase>
    <testcase name='http://iso.org/80000-3-units#AngularMeasureUnit subclass of -6352b5c8:1761fe45fe9:-7f5d'>
      <failure>
        Asserted in http://iso.org/80000-3-units.
      </failure>
    </testcase>
    <testcase name='http://iso.org/80000-3-units#CoherentTimeUnit subclass of -6352b5c8:1761fe45fe9:-7f5c'>
      <failure>
        Asserted in http://iso.org/80000-3-units.
      </failure>
    </testcase>
    <testcase name='http://iso.org/80000-3-units#FrequencyMagnitude subclass of -6352b5c8:1761fe45fe9:-7f5b'>
      <failure>
        Asserted in http://iso.org/80000-3-units.
      </failure>
    </testcase>
    <testcase name='http://iso.org/80000-3-units#FrequencyUnit subclass of -6352b5c8:1761fe45fe9:-7f5a'>
      <failure>
        Asserted in http://iso.org/80000-3-units.
      </failure>
    </testcase>
    <testcase name='http://iso.org/80000-3-units#Hertz-Has-Second subclass of -6352b5c8:1761fe45fe9:-7f59'>
      <failure>
        Asserted in http://iso.org/80000-3-units.
      </failure>
    </testcase>
    <testcase name='http://iso.org/80000-3-units#Kilometre-Per-Second-Has-Kilometre subclass of -6352b5c8:1761fe45fe9:-7f58'>
      <failure>
        Asserted in http://iso.org/80000-3-units.
      </failure>
    </testcase>
    <testcase name='http://iso.org/80000-3-units#Kilometre-Per-Second-Has-Second subclass of -6352b5c8:1761fe45fe9:-7f57'>
      <failure>
        Asserted in http://iso.org/80000-3-units.
      </failure>
    </testcase>
    <testcase name='http://iso.org/80000-3-units#LengthMagnitude subclass of -6352b5c8:1761fe45fe9:-7f56'>
      <failure>
        Asserted in http://iso.org/80000-3-units.
      </failure>
    </testcase>
    <testcase name='http://iso.org/80000-3-units#LengthUnit subclass of -6352b5c8:1761fe45fe9:-7f55'>
      <failure>
        Asserted in http://iso.org/80000-3-units.
      </failure>
    </testcase>
    <testcase name='http://iso.org/80000-3-units#Metre-Per-Second-Has-Metre subclass of -6352b5c8:1761fe45fe9:-7f54'>
      <failure>
        Asserted in http://iso.org/80000-3-units.
      </failure>
    </testcase>
    <testcase name='http://iso.org/80000-3-units#Metre-Per-Second-Has-Second subclass of -6352b5c8:1761fe45fe9:-7f53'>
      <failure>
        Asserted in http://iso.org/80000-3-units.
      </failure>
    </testcase>
    <testcase name='http://iso.org/80000-3-units#Radian-Has-Metre-Denominator subclass of -6352b5c8:1761fe45fe9:-7f52'>
      <failure>
        Asserted in http://iso.org/80000-3-units.
      </failure>
    </testcase>
    <testcase name='http://iso.org/80000-3-units#Radian-Has-Metre-Numerator subclass of -6352b5c8:1761fe45fe9:-7f51'>
      <failure>
        Asserted in http://iso.org/80000-3-units.
      </failure>
    </testcase>
    <testcase name='http://iso.org/80000-3-units#Revolution-Has-Radian subclass of -6352b5c8:1761fe45fe9:-7f50'>
      <failure>
        Asserted in http://iso.org/80000-3-units.
      </failure>
    </testcase>
    <testcase name='http://iso.org/80000-3-units#RotationMagnitude subclass of -6352b5c8:1761fe45fe9:-7f4f'>
      <failure>
        Asserted in http://iso.org/80000-3-units.
      </failure>
    </testcase>
    <testcase name='http://iso.org/80000-3-units#RotationUnit subclass of -6352b5c8:1761fe45fe9:-7f4e'>
      <failure>
        Asserted in http://iso.org/80000-3-units.
      </failure>
    </testcase>
    <testcase name='http://iso.org/80000-3-units#TimeMagnitude subclass of -6352b5c8:1761fe45fe9:-7f4d'>
      <failure>
        Asserted in http://iso.org/80000-3-units.
      </failure>
    </testcase>
    <testcase name='http://iso.org/80000-3-units#VelocityMagnitude subclass of -6352b5c8:1761fe45fe9:-7f4c'>
      <failure>
        Asserted in http://iso.org/80000-3-units.
      </failure>
    </testcase>
    <testcase name='http://iso.org/80000-3-units#VelocityUnit subclass of -6352b5c8:1761fe45fe9:-7f4b'>
      <failure>
        Asserted in http://iso.org/80000-3-units.
      </failure>
    </testcase>
    <testcase name='http://iso.org/80000-3-units#hour subclass of -6352b5c8:1761fe45fe9:-7f4a'>
      <failure>
        Asserted in http://iso.org/80000-3-units.
      </failure>
    </testcase>
    <testcase name='http://iso.org/80000-3-units#hour subclass of -6352b5c8:1761fe45fe9:-7f49'>
      <failure>
        Asserted in http://iso.org/80000-3-units.
      </failure>
    </testcase>
    <testcase name='http://iso.org/80000-3-units#kilometre subclass of -6352b5c8:1761fe45fe9:-7f48'>
      <failure>
        Asserted in http://iso.org/80000-3-units.
      </failure>
    </testcase>
    <testcase name='http://iso.org/80000-3-units#millisecond subclass of -6352b5c8:1761fe45fe9:-7f47'>
      <failure>
        Asserted in http://iso.org/80000-3-units.
      </failure>
    </testcase>
    <testcase name='http://iso.org/80000-3-units#minute subclass of -6352b5c8:1761fe45fe9:-7f46'>
      <failure>
        Asserted in http://iso.org/80000-3-units.
      </failure>
    </testcase>
    <testcase name='http://iso.org/80000-3-units#minute subclass of -6352b5c8:1761fe45fe9:-7f45'>
      <failure>
        Asserted in http://iso.org/80000-3-units.
      </failure>
    </testcase>
    <testcase name='http://iso.org/80000-5-units#degreeCelcius subclass of http://iso.org/80000-5-units#CelciusTemperatureUnit'>
      <failure>
        Asserted in http://iso.org/80000-5-units,
        http://opencaesar.io/examples/firesat/programs/earth-science/projects/firesat/bundle/classes.
      </failure>
    </testcase>
    <testcase name='http://iso.org/80000-5-units#CelciusTemperatureUnit subclass of http://iso.org/80000-5-units#CelciusTemperatureUnit'>
      <failure>
        Asserted in
        http://opencaesar.io/examples/firesat/programs/earth-science/projects/firesat/bundle/classes.
      </failure>
    </testcase>
    <testcase name='http://iso.org/80000-5-units#kelvin subclass of http://iso.org/80000-5-units#ThermodynamicTemperatureUnit'>
      <failure>
        Asserted in http://iso.org/80000-5-units,
        http://opencaesar.io/examples/firesat/programs/earth-science/projects/firesat/bundle/classes.
      </failure>
    </testcase>
    <testcase name='http://iso.org/80000-5-units#ThermodynamicTemperatureUnit subclass of http://iso.org/80000-5-units#ThermodynamicTemperatureUnit'>
      <failure>
        Asserted in
        http://opencaesar.io/examples/firesat/programs/earth-science/projects/firesat/bundle/classes.
      </failure>
    </testcase>
    <testcase name='http://iso.org/80000-5-units#CelciusTemperatureMagnitude subclass of -6352b5c8:1761fe45fe9:-7f44'>
      <failure>
        Asserted in http://iso.org/80000-5-units.
      </failure>
    </testcase>
    <testcase name='http://iso.org/80000-5-units#CelciusTemperatureUnit subclass of -6352b5c8:1761fe45fe9:-7f43'>
      <failure>
        Asserted in http://iso.org/80000-5-units.
      </failure>
    </testcase>
    <testcase name='http://iso.org/80000-5-units#DegreeCelcius-Has-Kelvin subclass of -6352b5c8:1761fe45fe9:-7f42'>
      <failure>
        Asserted in http://iso.org/80000-5-units.
      </failure>
    </testcase>
    <testcase name='http://iso.org/80000-5-units#ThermodynamicTemperatureMagnitude subclass of -6352b5c8:1761fe45fe9:-7f41'>
      <failure>
        Asserted in http://iso.org/80000-5-units.
      </failure>
    </testcase>
    <testcase name='http://iso.org/80000-5-units#ThermodynamicTemperatureUnit subclass of -6352b5c8:1761fe45fe9:-7f40'>
      <failure>
        Asserted in http://iso.org/80000-5-units.
      </failure>
    </testcase>
    <testcase name='http://imce.jpl.nasa.gov/discipline/fse/endcircuits#Power subclass of http://imce.jpl.nasa.gov/discipline/fse/fse#EndCircuit'>
      <failure>
        Asserted in http://imce.jpl.nasa.gov/discipline/fse/endcircuits,
        http://opencaesar.io/examples/firesat/programs/earth-science/projects/firesat/bundle/classes.
      </failure>
    </testcase>
    <testcase name='http://imce.jpl.nasa.gov/discipline/fse/endcircuits#UnidirectionalPower subclass of http://imce.jpl.nasa.gov/discipline/fse/fse#EndCircuit'>
      <failure>
        Asserted in http://imce.jpl.nasa.gov/discipline/fse/endcircuits,
        http://opencaesar.io/examples/firesat/programs/earth-science/projects/firesat/bundle/classes.
      </failure>
    </testcase>
    <testcase name='http://imce.jpl.nasa.gov/discipline/fse/fse#EndCircuit subclass of http://imce.jpl.nasa.gov/discipline/fse/fse#EndCircuit'>
      <failure>
        Asserted in
        http://opencaesar.io/examples/firesat/programs/earth-science/projects/firesat/bundle/classes.
      </failure>
    </testcase>
    <testcase name='http://imce.jpl.nasa.gov/discipline/fse/endcircuits#PowerIn subclass of http://imce.jpl.nasa.gov/discipline/fse/fse#EndCircuit'>
      <failure>
        Asserted in
        http://opencaesar.io/examples/firesat/programs/earth-science/projects/firesat/bundle/classes.
      </failure>
    </testcase>
    <testcase name='http://imce.jpl.nasa.gov/discipline/fse/endcircuits#PowerOut subclass of http://imce.jpl.nasa.gov/discipline/fse/fse#EndCircuit'>
      <failure>
        Asserted in
        http://opencaesar.io/examples/firesat/programs/earth-science/projects/firesat/bundle/classes.
      </failure>
    </testcase>
    <testcase name='http://imce.jpl.nasa.gov/discipline/fse/endcircuits#PowerIn subclass of http://imce.jpl.nasa.gov/discipline/fse/endcircuits#UnidirectionalPower'>
      <failure>
        Asserted in http://imce.jpl.nasa.gov/discipline/fse/endcircuits,
        http://opencaesar.io/examples/firesat/programs/earth-science/projects/firesat/bundle/classes.
      </failure>
    </testcase>
    <testcase name='http://imce.jpl.nasa.gov/discipline/fse/endcircuits#PowerOut subclass of http://imce.jpl.nasa.gov/discipline/fse/endcircuits#UnidirectionalPower'>
      <failure>
        Asserted in http://imce.jpl.nasa.gov/discipline/fse/endcircuits,
        http://opencaesar.io/examples/firesat/programs/earth-science/projects/firesat/bundle/classes.
      </failure>
    </testcase>
    <testcase name='http://imce.jpl.nasa.gov/discipline/fse/endcircuits#UnidirectionalPower subclass of http://imce.jpl.nasa.gov/discipline/fse/endcircuits#UnidirectionalPower'>
      <failure>
        Asserted in
        http://opencaesar.io/examples/firesat/programs/earth-science/projects/firesat/bundle/classes.
      </failure>
    </testcase>
    <testcase name='http://imce.jpl.nasa.gov/discipline/fse/endcircuits#PowerIn subclass of -6352b5c8:1761fe45fe9:-7f3f'>
      <failure>
        Asserted in http://imce.jpl.nasa.gov/discipline/fse/endcircuits.
      </failure>
    </testcase>
    <testcase name='http://imce.jpl.nasa.gov/discipline/fse/endcircuits#PowerOut subclass of -6352b5c8:1761fe45fe9:-7f3e'>
      <failure>
        Asserted in http://imce.jpl.nasa.gov/discipline/fse/endcircuits.
      </failure>
    </testcase>
    <testcase name='http://imce.jpl.nasa.gov/discipline/fse/assemblies#BaseAssembly subclass of http://imce.jpl.nasa.gov/discipline/fse/fse#Assembly'>
      <failure>
        Asserted in http://imce.jpl.nasa.gov/discipline/fse/assemblies,
        http://opencaesar.io/examples/firesat/programs/earth-science/projects/firesat/bundle/classes.
      </failure>
    </testcase>
    <testcase name='http://imce.jpl.nasa.gov/discipline/fse/fse#Assembly subclass of http://imce.jpl.nasa.gov/discipline/fse/fse#Assembly'>
      <failure>
        Asserted in
        http://opencaesar.io/examples/firesat/programs/earth-science/projects/firesat/bundle/classes.
      </failure>
    </testcase>
    <testcase name='http://imce.jpl.nasa.gov/foundation/mission#Function subclass of http://imce.jpl.nasa.gov/foundation/mission#Function'>
      <failure>
        Asserted in
        http://opencaesar.io/examples/firesat/programs/earth-science/projects/firesat/bundle/classes.
      </failure>
    </testcase>
    <testcase name='http://imce.jpl.nasa.gov/foundation/mission#Performs subclass of http://imce.jpl.nasa.gov/foundation/mission#Performs'>
      <failure>
        Asserted in
        http://opencaesar.io/examples/firesat/programs/earth-science/projects/firesat/bundle/classes.
      </failure>
    </testcase>
    <testcase name='http://imce.jpl.nasa.gov/discipline/fse/fse#Subsystem subclass of http://imce.jpl.nasa.gov/discipline/fse/fse#Subsystem'>
      <failure>
        Asserted in
        http://opencaesar.io/examples/firesat/programs/earth-science/projects/firesat/bundle/classes.
      </failure>
    </testcase>
    <testcase name='http://imce.jpl.nasa.gov/discipline/fse/functions#UnidirectionalPower subclass of http://imce.jpl.nasa.gov/discipline/fse/functions#UnidirectionalPower'>
      <failure>
        Asserted in
        http://opencaesar.io/examples/firesat/programs/earth-science/projects/firesat/bundle/classes.
      </failure>
    </testcase>
    <testcase name='http://imce.jpl.nasa.gov/discipline/fse/fse#CBEMass subclass of http://imce.jpl.nasa.gov/discipline/fse/fse#CBEMass'>
      <failure>
        Asserted in
        http://opencaesar.io/examples/firesat/programs/earth-science/projects/firesat/bundle/classes.
      </failure>
    </testcase>
    <testcase name='http://imce.jpl.nasa.gov/discipline/fse/fse#CBEMagnitude subclass of http://imce.jpl.nasa.gov/discipline/fse/fse#CBEMagnitude'>
      <failure>
        Asserted in
        http://opencaesar.io/examples/firesat/programs/earth-science/projects/firesat/bundle/classes.
      </failure>
    </testcase>
    <testcase name='http://imce.jpl.nasa.gov/discipline/fse/fse#MassLimit subclass of http://imce.jpl.nasa.gov/discipline/fse/fse#MassLimit'>
      <failure>
        Asserted in
        http://opencaesar.io/examples/firesat/programs/earth-science/projects/firesat/bundle/classes.
      </failure>
    </testcase>
    <testcase name='http://imce.jpl.nasa.gov/discipline/fse/fse#MassLimitMagnitude subclass of http://imce.jpl.nasa.gov/discipline/fse/fse#MassLimitMagnitude'>
      <failure>
        Asserted in
        http://opencaesar.io/examples/firesat/programs/earth-science/projects/firesat/bundle/classes.
      </failure>
    </testcase>
    <testcase name='http://imce.jpl.nasa.gov/foundation/mission#Requirement subclass of http://imce.jpl.nasa.gov/foundation/mission#Requirement'>
      <failure>
        Asserted in
        http://opencaesar.io/examples/firesat/programs/earth-science/projects/firesat/bundle/classes.
      </failure>
    </testcase>
    <testcase name='http://imce.jpl.nasa.gov/discipline/fse/endcircuits#Power subclass of http://imce.jpl.nasa.gov/discipline/fse/endcircuits#Power'>
      <failure>
        Asserted in
        http://opencaesar.io/examples/firesat/programs/earth-science/projects/firesat/bundle/classes.
      </failure>
    </testcase>
    <testcase name='http://imce.jpl.nasa.gov/discipline/fse/endcircuits#PowerIn subclass of http://imce.jpl.nasa.gov/discipline/fse/endcircuits#PowerIn'>
      <failure>
        Asserted in
        http://opencaesar.io/examples/firesat/programs/earth-science/projects/firesat/bundle/classes.
      </failure>
    </testcase>
    <testcase name='http://imce.jpl.nasa.gov/discipline/fse/endcircuits#PowerOut subclass of http://imce.jpl.nasa.gov/discipline/fse/endcircuits#PowerOut'>
      <failure>
        Asserted in
        http://opencaesar.io/examples/firesat/programs/earth-science/projects/firesat/bundle/classes.
      </failure>
    </testcase>
    <testcase name='http://imce.jpl.nasa.gov/discipline/fse/assemblies#BaseAssembly subclass of http://imce.jpl.nasa.gov/discipline/fse/assemblies#BaseAssembly'>
      <failure>
        Asserted in
        http://opencaesar.io/examples/firesat/programs/earth-science/projects/firesat/bundle/classes.
      </failure>
    </testcase>
    <testcase name='http://imce.jpl.nasa.gov/foundation/base#Aggregates subclass of http://imce.jpl.nasa.gov/foundation/base#Aggregates'>
      <failure>
        Asserted in
        http://opencaesar.io/examples/firesat/programs/earth-science/projects/firesat/bundle/classes.
      </failure>
    </testcase>
    <testcase name='http://imce.jpl.nasa.gov/foundation/base#Contains subclass of http://imce.jpl.nasa.gov/foundation/base#Contains'>
      <failure>
        Asserted in
        http://opencaesar.io/examples/firesat/programs/earth-science/projects/firesat/bundle/classes.
      </failure>
    </testcase>
    <testcase name='http://iso.org/80000-4-magnitudes1#gram-magnitude subclass of http://iso.org/80000-4-magnitudes1#gram-magnitude'>
      <failure>
        Asserted in
        http://opencaesar.io/examples/firesat/programs/earth-science/projects/firesat/bundle/classes.
      </failure>
    </testcase>
    <testcase name='http://iso.org/80000-4-magnitudes1#kilogram-magnitude subclass of http://iso.org/80000-4-magnitudes1#kilogram-magnitude'>
      <failure>
        Asserted in
        http://opencaesar.io/examples/firesat/programs/earth-science/projects/firesat/bundle/classes.
      </failure>
    </testcase>
    <testcase name='http://iso.org/80000-4-magnitudes1#kilogram-metre-per-second-magnitude subclass of http://iso.org/80000-4-magnitudes1#kilogram-metre-per-second-magnitude'>
      <failure>
        Asserted in
        http://opencaesar.io/examples/firesat/programs/earth-science/projects/firesat/bundle/classes.
      </failure>
    </testcase>
    <testcase name='http://iso.org/80000-4-magnitudes1#newton-magnitude subclass of http://iso.org/80000-4-magnitudes1#newton-magnitude'>
      <failure>
        Asserted in
        http://opencaesar.io/examples/firesat/programs/earth-science/projects/firesat/bundle/classes.
      </failure>
    </testcase>
    <testcase name='http://iso.org/80000-4-magnitudes1#newton-millisecond-magnitude subclass of http://iso.org/80000-4-magnitudes1#newton-millisecond-magnitude'>
      <failure>
        Asserted in
        http://opencaesar.io/examples/firesat/programs/earth-science/projects/firesat/bundle/classes.
      </failure>
    </testcase>
    <testcase name='http://iso.org/80000-4-magnitudes1#newton-second-magnitude subclass of http://iso.org/80000-4-magnitudes1#newton-second-magnitude'>
      <failure>
        Asserted in
        http://opencaesar.io/examples/firesat/programs/earth-science/projects/firesat/bundle/classes.
      </failure>
    </testcase>
    <testcase name='http://iso.org/80000-4-magnitudes1#watt-magnitude subclass of http://iso.org/80000-4-magnitudes1#watt-magnitude'>
      <failure>
        Asserted in
        http://opencaesar.io/examples/firesat/programs/earth-science/projects/firesat/bundle/classes.
      </failure>
    </testcase>
    <testcase name='http://imce.jpl.nasa.gov/foundation/analysis#Constraint subclass of http://imce.jpl.nasa.gov/foundation/analysis#Constraint'>
      <failure>
        Asserted in
        http://opencaesar.io/examples/firesat/programs/earth-science/projects/firesat/bundle/classes.
      </failure>
    </testcase>
    <testcase name='http://imce.jpl.nasa.gov/foundation/analysis#Analyzes subclass of http://imce.jpl.nasa.gov/foundation/analysis#Analyzes'>
      <failure>
        Asserted in
        http://opencaesar.io/examples/firesat/programs/earth-science/projects/firesat/bundle/classes.
      </failure>
    </testcase>
    <testcase name='http://imce.jpl.nasa.gov/foundation/analysis#Constrains subclass of http://imce.jpl.nasa.gov/foundation/analysis#Constrains'>
      <failure>
        Asserted in
        http://opencaesar.io/examples/firesat/programs/earth-science/projects/firesat/bundle/classes.
      </failure>
    </testcase>
    <testcase name='http://imce.jpl.nasa.gov/foundation/analysis#Limits subclass of http://imce.jpl.nasa.gov/foundation/analysis#Limits'>
      <failure>
        Asserted in
        http://opencaesar.io/examples/firesat/programs/earth-science/projects/firesat/bundle/classes.
      </failure>
    </testcase>
    <testcase name='http://imce.jpl.nasa.gov/foundation/analysis#Validates subclass of http://imce.jpl.nasa.gov/foundation/analysis#Validates'>
      <failure>
        Asserted in
        http://opencaesar.io/examples/firesat/programs/earth-science/projects/firesat/bundle/classes.
      </failure>
    </testcase>
    <testcase name='http://imce.jpl.nasa.gov/foundation/analysis#GlossaryEntry subclass of http://imce.jpl.nasa.gov/foundation/analysis#GlossaryEntry'>
      <failure>
        Asserted in
        http://opencaesar.io/examples/firesat/programs/earth-science/projects/firesat/bundle/classes.
      </failure>
    </testcase>
    <testcase name='http://imce.jpl.nasa.gov/foundation/analysis#Criterion subclass of http://imce.jpl.nasa.gov/foundation/analysis#Criterion'>
      <failure>
        Asserted in
        http://opencaesar.io/examples/firesat/programs/earth-science/projects/firesat/bundle/classes.
      </failure>
    </testcase>
    <testcase name='http://imce.jpl.nasa.gov/foundation/analysis#DrivingRequirementsAnalysis subclass of http://imce.jpl.nasa.gov/foundation/analysis#DrivingRequirementsAnalysis'>
      <failure>
        Asserted in
        http://opencaesar.io/examples/firesat/programs/earth-science/projects/firesat/bundle/classes.
      </failure>
    </testcase>
    <testcase name='http://imce.jpl.nasa.gov/foundation/analysis#Fact subclass of http://imce.jpl.nasa.gov/foundation/analysis#Fact'>
      <failure>
        Asserted in
        http://opencaesar.io/examples/firesat/programs/earth-science/projects/firesat/bundle/classes.
      </failure>
    </testcase>
    <testcase name='http://imce.jpl.nasa.gov/foundation/analysis#KeyRequirementsAnalysis subclass of http://imce.jpl.nasa.gov/foundation/analysis#KeyRequirementsAnalysis'>
      <failure>
        Asserted in
        http://opencaesar.io/examples/firesat/programs/earth-science/projects/firesat/bundle/classes.
      </failure>
    </testcase>
    <testcase name='http://imce.jpl.nasa.gov/foundation/analysis#TradeStudy subclass of http://imce.jpl.nasa.gov/foundation/analysis#TradeStudy'>
      <failure>
        Asserted in
        http://opencaesar.io/examples/firesat/programs/earth-science/projects/firesat/bundle/classes.
      </failure>
    </testcase>
    <testcase name='http://imce.jpl.nasa.gov/foundation/mission#Deploys subclass of http://imce.jpl.nasa.gov/foundation/mission#Deploys'>
      <failure>
        Asserted in
        http://opencaesar.io/examples/firesat/programs/earth-science/projects/firesat/bundle/classes.
      </failure>
    </testcase>
    <testcase name='http://imce.jpl.nasa.gov/foundation/mission#Emits subclass of http://imce.jpl.nasa.gov/foundation/mission#Emits'>
      <failure>
        Asserted in
        http://opencaesar.io/examples/firesat/programs/earth-science/projects/firesat/bundle/classes.
      </failure>
    </testcase>
    <testcase name='http://imce.jpl.nasa.gov/foundation/mission#Environment subclass of http://imce.jpl.nasa.gov/foundation/mission#Environment'>
      <failure>
        Asserted in
        http://opencaesar.io/examples/firesat/programs/earth-science/projects/firesat/bundle/classes.
      </failure>
    </testcase>
    <testcase name='http://imce.jpl.nasa.gov/foundation/mission#Flow subclass of http://imce.jpl.nasa.gov/foundation/mission#Flow'>
      <failure>
        Asserted in
        http://opencaesar.io/examples/firesat/programs/earth-science/projects/firesat/bundle/classes.
      </failure>
    </testcase>
    <testcase name='http://imce.jpl.nasa.gov/foundation/mission#HasParticipant subclass of http://imce.jpl.nasa.gov/foundation/mission#HasParticipant'>
      <failure>
        Asserted in
        http://opencaesar.io/examples/firesat/programs/earth-science/projects/firesat/bundle/classes.
      </failure>
    </testcase>
    <testcase name='http://imce.jpl.nasa.gov/foundation/mission#Induces subclass of http://imce.jpl.nasa.gov/foundation/mission#Induces'>
      <failure>
        Asserted in
        http://opencaesar.io/examples/firesat/programs/earth-science/projects/firesat/bundle/classes.
      </failure>
    </testcase>
    <testcase name='http://imce.jpl.nasa.gov/foundation/mission#Influences subclass of http://imce.jpl.nasa.gov/foundation/mission#Influences'>
      <failure>
        Asserted in
        http://opencaesar.io/examples/firesat/programs/earth-science/projects/firesat/bundle/classes.
      </failure>
    </testcase>
    <testcase name='http://imce.jpl.nasa.gov/foundation/mission#Ingests subclass of http://imce.jpl.nasa.gov/foundation/mission#Ingests'>
      <failure>
        Asserted in
        http://opencaesar.io/examples/firesat/programs/earth-science/projects/firesat/bundle/classes.
      </failure>
    </testcase>
    <testcase name='http://imce.jpl.nasa.gov/foundation/mission#Interchange subclass of http://imce.jpl.nasa.gov/foundation/mission#Interchange'>
      <failure>
        Asserted in
        http://opencaesar.io/examples/firesat/programs/earth-science/projects/firesat/bundle/classes.
      </failure>
    </testcase>
    <testcase name='http://imce.jpl.nasa.gov/foundation/mission#InterchangePoint subclass of http://imce.jpl.nasa.gov/foundation/mission#InterchangePoint'>
      <failure>
        Asserted in
        http://opencaesar.io/examples/firesat/programs/earth-science/projects/firesat/bundle/classes.
      </failure>
    </testcase>
    <testcase name='http://imce.jpl.nasa.gov/foundation/mission#InterchangesThrough subclass of http://imce.jpl.nasa.gov/foundation/mission#InterchangesThrough'>
      <failure>
        Asserted in
        http://opencaesar.io/examples/firesat/programs/earth-science/projects/firesat/bundle/classes.
      </failure>
    </testcase>
    <testcase name='http://imce.jpl.nasa.gov/foundation/mission#Invokes subclass of http://imce.jpl.nasa.gov/foundation/mission#Invokes'>
      <failure>
        Asserted in
        http://opencaesar.io/examples/firesat/programs/earth-science/projects/firesat/bundle/classes.
      </failure>
    </testcase>
    <testcase name='http://imce.jpl.nasa.gov/foundation/mission#IsTraversedBy subclass of http://imce.jpl.nasa.gov/foundation/mission#IsTraversedBy'>
      <failure>
        Asserted in
        http://opencaesar.io/examples/firesat/programs/earth-science/projects/firesat/bundle/classes.
      </failure>
    </testcase>
    <testcase name='http://imce.jpl.nasa.gov/foundation/mission#Mission subclass of http://imce.jpl.nasa.gov/foundation/mission#Mission'>
      <failure>
        Asserted in
        http://opencaesar.io/examples/firesat/programs/earth-science/projects/firesat/bundle/classes.
      </failure>
    </testcase>
    <testcase name='http://imce.jpl.nasa.gov/foundation/mission#Objective subclass of http://imce.jpl.nasa.gov/foundation/mission#Objective'>
      <failure>
        Asserted in
        http://opencaesar.io/examples/firesat/programs/earth-science/projects/firesat/bundle/classes.
      </failure>
    </testcase>
    <testcase name='http://imce.jpl.nasa.gov/foundation/mission#Presents subclass of http://imce.jpl.nasa.gov/foundation/mission#Presents'>
      <failure>
        Asserted in
        http://opencaesar.io/examples/firesat/programs/earth-science/projects/firesat/bundle/classes.
      </failure>
    </testcase>
    <testcase name='http://imce.jpl.nasa.gov/foundation/mission#Produces subclass of http://imce.jpl.nasa.gov/foundation/mission#Produces'>
      <failure>
        Asserted in
        http://opencaesar.io/examples/firesat/programs/earth-science/projects/firesat/bundle/classes.
      </failure>
    </testcase>
    <testcase name='http://imce.jpl.nasa.gov/foundation/mission#Product subclass of http://imce.jpl.nasa.gov/foundation/mission#Product'>
      <failure>
        Asserted in
        http://opencaesar.io/examples/firesat/programs/earth-science/projects/firesat/bundle/classes.
      </failure>
    </testcase>
    <testcase name='http://imce.jpl.nasa.gov/foundation/mission#Pursues subclass of http://imce.jpl.nasa.gov/foundation/mission#Pursues'>
      <failure>
        Asserted in
        http://opencaesar.io/examples/firesat/programs/earth-science/projects/firesat/bundle/classes.
      </failure>
    </testcase>
    <testcase name='http://imce.jpl.nasa.gov/foundation/mission#Receives subclass of http://imce.jpl.nasa.gov/foundation/mission#Receives'>
      <failure>
        Asserted in
        http://opencaesar.io/examples/firesat/programs/earth-science/projects/firesat/bundle/classes.
      </failure>
    </testcase>
    <testcase name='http://imce.jpl.nasa.gov/foundation/mission#Refines subclass of http://imce.jpl.nasa.gov/foundation/mission#Refines'>
      <failure>
        Asserted in
        http://opencaesar.io/examples/firesat/programs/earth-science/projects/firesat/bundle/classes.
      </failure>
    </testcase>
    <testcase name='http://imce.jpl.nasa.gov/foundation/mission#Sends subclass of http://imce.jpl.nasa.gov/foundation/mission#Sends'>
      <failure>
        Asserted in
        http://opencaesar.io/examples/firesat/programs/earth-science/projects/firesat/bundle/classes.
      </failure>
    </testcase>
    <testcase name='http://imce.jpl.nasa.gov/foundation/mission#Specifies subclass of http://imce.jpl.nasa.gov/foundation/mission#Specifies'>
      <failure>
        Asserted in
        http://opencaesar.io/examples/firesat/programs/earth-science/projects/firesat/bundle/classes.
      </failure>
    </testcase>
    <testcase name='http://imce.jpl.nasa.gov/foundation/mission#TransfersIn subclass of http://imce.jpl.nasa.gov/foundation/mission#TransfersIn'>
      <failure>
        Asserted in
        http://opencaesar.io/examples/firesat/programs/earth-science/projects/firesat/bundle/classes.
      </failure>
    </testcase>
    <testcase name='http://imce.jpl.nasa.gov/foundation/mission#TransfersOut subclass of http://imce.jpl.nasa.gov/foundation/mission#TransfersOut'>
      <failure>
        Asserted in
        http://opencaesar.io/examples/firesat/programs/earth-science/projects/firesat/bundle/classes.
      </failure>
    </testcase>
    <testcase name='http://iupac.org/metrology#IsQuantityOf subclass of http://iupac.org/metrology#IsQuantityOf'>
      <failure>
        Asserted in
        http://opencaesar.io/examples/firesat/programs/earth-science/projects/firesat/bundle/classes.
      </failure>
    </testcase>
    <testcase name='http://imce.jpl.nasa.gov/discipline/fse/fse#CBEMass subclass of http://iupac.org/metrology#Quantity'>
      <failure>
        Asserted in
        http://opencaesar.io/examples/firesat/programs/earth-science/projects/firesat/bundle/classes.
      </failure>
    </testcase>
    <testcase name='http://imce.jpl.nasa.gov/discipline/fse/fse#MassLimit subclass of http://iupac.org/metrology#Quantity'>
      <failure>
        Asserted in
        http://opencaesar.io/examples/firesat/programs/earth-science/projects/firesat/bundle/classes.
      </failure>
    </testcase>
    <testcase name='http://iupac.org/metrology#Quantity subclass of http://iupac.org/metrology#Quantity'>
      <failure>
        Asserted in
        http://opencaesar.io/examples/firesat/programs/earth-science/projects/firesat/bundle/classes.
      </failure>
    </testcase>
    <testcase name='http://iso.org/80000-5-quantities#celcius-temperature subclass of http://iupac.org/metrology#Quantity'>
      <failure>
        Asserted in
        http://opencaesar.io/examples/firesat/programs/earth-science/projects/firesat/bundle/classes.
      </failure>
    </testcase>
    <testcase name='http://iso.org/80000-5-quantities#thermodynamic-temperature subclass of http://iupac.org/metrology#Quantity'>
      <failure>
        Asserted in
        http://opencaesar.io/examples/firesat/programs/earth-science/projects/firesat/bundle/classes.
      </failure>
    </testcase>
    <testcase name='http://iupac.org/metrology#DerivedUnitaryQuantity subclass of http://iupac.org/metrology#Quantity'>
      <failure>
        Asserted in
        http://opencaesar.io/examples/firesat/programs/earth-science/projects/firesat/bundle/classes.
      </failure>
    </testcase>
    <testcase name='http://iupac.org/metrology#IndependentUnitaryQuantity subclass of http://iupac.org/metrology#Quantity'>
      <failure>
        Asserted in
        http://opencaesar.io/examples/firesat/programs/earth-science/projects/firesat/bundle/classes.
      </failure>
    </testcase>
    <testcase name='http://iso.org/80000-6-quantities#electric-charge subclass of http://iupac.org/metrology#Quantity'>
      <failure>
        Asserted in
        http://opencaesar.io/examples/firesat/programs/earth-science/projects/firesat/bundle/classes.
      </failure>
    </testcase>
    <testcase name='http://iso.org/80000-6-quantities#electric-current subclass of http://iupac.org/metrology#Quantity'>
      <failure>
        Asserted in
        http://opencaesar.io/examples/firesat/programs/earth-science/projects/firesat/bundle/classes.
      </failure>
    </testcase>
    <testcase name='http://iso.org/80000-6-quantities#electric-field-strength subclass of http://iupac.org/metrology#Quantity'>
      <failure>
        Asserted in
        http://opencaesar.io/examples/firesat/programs/earth-science/projects/firesat/bundle/classes.
      </failure>
    </testcase>
    <testcase name='http://iso.org/80000-6-quantities#electric-potential subclass of http://iupac.org/metrology#Quantity'>
      <failure>
        Asserted in
        http://opencaesar.io/examples/firesat/programs/earth-science/projects/firesat/bundle/classes.
      </failure>
    </testcase>
    <testcase name='http://iso.org/80000-6-quantities#resistance subclass of http://iupac.org/metrology#Quantity'>
      <failure>
        Asserted in
        http://opencaesar.io/examples/firesat/programs/earth-science/projects/firesat/bundle/classes.
      </failure>
    </testcase>
    <testcase name='http://iso.org/80000-3-quantities#angular-measure subclass of http://iupac.org/metrology#Quantity'>
      <failure>
        Asserted in
        http://opencaesar.io/examples/firesat/programs/earth-science/projects/firesat/bundle/classes.
      </failure>
    </testcase>
    <testcase name='http://iso.org/80000-3-quantities#arc-length subclass of http://iupac.org/metrology#Quantity'>
      <failure>
        Asserted in
        http://opencaesar.io/examples/firesat/programs/earth-science/projects/firesat/bundle/classes.
      </failure>
    </testcase>
    <testcase name='http://iso.org/80000-3-quantities#radius subclass of http://iupac.org/metrology#Quantity'>
      <failure>
        Asserted in
        http://opencaesar.io/examples/firesat/programs/earth-science/projects/firesat/bundle/classes.
      </failure>
    </testcase>
    <testcase name='http://iso.org/80000-3-quantities#frequency subclass of http://iupac.org/metrology#Quantity'>
      <failure>
        Asserted in
        http://opencaesar.io/examples/firesat/programs/earth-science/projects/firesat/bundle/classes.
      </failure>
    </testcase>
    <testcase name='http://iso.org/80000-3-quantities#period-duration subclass of http://iupac.org/metrology#Quantity'>
      <failure>
        Asserted in
        http://opencaesar.io/examples/firesat/programs/earth-science/projects/firesat/bundle/classes.
      </failure>
    </testcase>
    <testcase name='http://iso.org/80000-3-quantities#rotation subclass of http://iupac.org/metrology#Quantity'>
      <failure>
        Asserted in
        http://opencaesar.io/examples/firesat/programs/earth-science/projects/firesat/bundle/classes.
      </failure>
    </testcase>
    <testcase name='http://iso.org/80000-3-quantities#rotational-displacement subclass of http://iupac.org/metrology#Quantity'>
      <failure>
        Asserted in
        http://opencaesar.io/examples/firesat/programs/earth-science/projects/firesat/bundle/classes.
      </failure>
    </testcase>
    <testcase name='http://iso.org/80000-3-quantities#distance subclass of http://iupac.org/metrology#Quantity'>
      <failure>
        Asserted in
        http://opencaesar.io/examples/firesat/programs/earth-science/projects/firesat/bundle/classes.
      </failure>
    </testcase>
    <testcase name='http://iso.org/80000-3-quantities#path-length subclass of http://iupac.org/metrology#Quantity'>
      <failure>
        Asserted in
        http://opencaesar.io/examples/firesat/programs/earth-science/projects/firesat/bundle/classes.
      </failure>
    </testcase>
    <testcase name='http://iso.org/80000-3-quantities#rotational-frequency subclass of http://iupac.org/metrology#Quantity'>
      <failure>
        Asserted in
        http://opencaesar.io/examples/firesat/programs/earth-science/projects/firesat/bundle/classes.
      </failure>
    </testcase>
    <testcase name='http://iso.org/80000-3-quantities#duration subclass of http://iupac.org/metrology#Quantity'>
      <failure>
        Asserted in
        http://opencaesar.io/examples/firesat/programs/earth-science/projects/firesat/bundle/classes.
      </failure>
    </testcase>
    <testcase name='http://iso.org/80000-3-quantities#velocity subclass of http://iupac.org/metrology#Quantity'>
      <failure>
        Asserted in
        http://opencaesar.io/examples/firesat/programs/earth-science/projects/firesat/bundle/classes.
      </failure>
    </testcase>
    <testcase name='http://iso.org/80000-3-quantities#position-vector subclass of http://iupac.org/metrology#Quantity'>
      <failure>
        Asserted in
        http://opencaesar.io/examples/firesat/programs/earth-science/projects/firesat/bundle/classes.
      </failure>
    </testcase>
    <testcase name='http://iso.org/80000-3-quantities#altitude subclass of http://iupac.org/metrology#Quantity'>
      <failure>
        Asserted in
        http://opencaesar.io/examples/firesat/programs/earth-science/projects/firesat/bundle/classes.
      </failure>
    </testcase>
    <testcase name='http://iso.org/80000-3-quantities#height subclass of http://iupac.org/metrology#Quantity'>
      <failure>
        Asserted in
        http://opencaesar.io/examples/firesat/programs/earth-science/projects/firesat/bundle/classes.
      </failure>
    </testcase>
    <testcase name='http://iso.org/80000-3-quantities#breadth subclass of http://iupac.org/metrology#Quantity'>
      <failure>
        Asserted in
        http://opencaesar.io/examples/firesat/programs/earth-science/projects/firesat/bundle/classes.
      </failure>
    </testcase>
    <testcase name='http://iso.org/80000-3-quantities#width subclass of http://iupac.org/metrology#Quantity'>
      <failure>
        Asserted in
        http://opencaesar.io/examples/firesat/programs/earth-science/projects/firesat/bundle/classes.
      </failure>
    </testcase>
    <testcase name='http://iso.org/80000-3-quantities#depth subclass of http://iupac.org/metrology#Quantity'>
      <failure>
        Asserted in
        http://opencaesar.io/examples/firesat/programs/earth-science/projects/firesat/bundle/classes.
      </failure>
    </testcase>
    <testcase name='http://iso.org/80000-3-quantities#diameter subclass of http://iupac.org/metrology#Quantity'>
      <failure>
        Asserted in
        http://opencaesar.io/examples/firesat/programs/earth-science/projects/firesat/bundle/classes.
      </failure>
    </testcase>
    <testcase name='http://iso.org/80000-3-quantities#length subclass of http://iupac.org/metrology#Quantity'>
      <failure>
        Asserted in
        http://opencaesar.io/examples/firesat/programs/earth-science/projects/firesat/bundle/classes.
      </failure>
    </testcase>
    <testcase name='http://iso.org/80000-3-quantities#displacement subclass of http://iupac.org/metrology#Quantity'>
      <failure>
        Asserted in
        http://opencaesar.io/examples/firesat/programs/earth-science/projects/firesat/bundle/classes.
      </failure>
    </testcase>
    <testcase name='http://iso.org/80000-3-quantities#radial-distance subclass of http://iupac.org/metrology#Quantity'>
      <failure>
        Asserted in
        http://opencaesar.io/examples/firesat/programs/earth-science/projects/firesat/bundle/classes.
      </failure>
    </testcase>
    <testcase name='http://iso.org/80000-3-quantities#radius-of-curvature subclass of http://iupac.org/metrology#Quantity'>
      <failure>
        Asserted in
        http://opencaesar.io/examples/firesat/programs/earth-science/projects/firesat/bundle/classes.
      </failure>
    </testcase>
    <testcase name='http://iso.org/80000-3-quantities#thickness subclass of http://iupac.org/metrology#Quantity'>
      <failure>
        Asserted in
        http://opencaesar.io/examples/firesat/programs/earth-science/projects/firesat/bundle/classes.
      </failure>
    </testcase>
    <testcase name='http://iso.org/80000-4-quantities#momentum subclass of http://iupac.org/metrology#Quantity'>
      <failure>
        Asserted in
        http://opencaesar.io/examples/firesat/programs/earth-science/projects/firesat/bundle/classes.
      </failure>
    </testcase>
    <testcase name='http://iso.org/80000-4-quantities#impulse subclass of http://iupac.org/metrology#Quantity'>
      <failure>
        Asserted in
        http://opencaesar.io/examples/firesat/programs/earth-science/projects/firesat/bundle/classes.
      </failure>
    </testcase>
    <testcase name='http://iupac.org/metrology#UnitaryQuantity subclass of http://iupac.org/metrology#Quantity'>
      <failure>
        Asserted in
        http://opencaesar.io/examples/firesat/programs/earth-science/projects/firesat/bundle/classes, http://iupac.org/metrology.
      </failure>
    </testcase>
    <testcase name='http://iupac.org/metrology#OrdinalQuantity subclass of http://iupac.org/metrology#Quantity'>
      <failure>
        Asserted in
        http://opencaesar.io/examples/firesat/programs/earth-science/projects/firesat/bundle/classes, http://iupac.org/metrology.
      </failure>
    </testcase>
    <testcase name='http://iso.org/80000-4-quantities#power subclass of http://iupac.org/metrology#Quantity'>
      <failure>
        Asserted in
        http://opencaesar.io/examples/firesat/programs/earth-science/projects/firesat/bundle/classes.
      </failure>
    </testcase>
    <testcase name='http://iso.org/80000-4-quantities#force subclass of http://iupac.org/metrology#Quantity'>
      <failure>
        Asserted in
        http://opencaesar.io/examples/firesat/programs/earth-science/projects/firesat/bundle/classes.
      </failure>
    </testcase>
    <testcase name='http://imce.jpl.nasa.gov/discipline/fse/fse#MGAMass subclass of http://iupac.org/metrology#Quantity'>
      <failure>
        Asserted in
        http://opencaesar.io/examples/firesat/programs/earth-science/projects/firesat/bundle/classes.
      </failure>
    </testcase>
    <testcase name='http://imce.jpl.nasa.gov/discipline/fse/fse#MEVMass subclass of http://iupac.org/metrology#Quantity'>
      <failure>
        Asserted in
        http://opencaesar.io/examples/firesat/programs/earth-science/projects/firesat/bundle/classes.
      </failure>
    </testcase>
    <testcase name='http://imce.jpl.nasa.gov/discipline/fse/fse#MassAllocation subclass of http://iupac.org/metrology#Quantity'>
      <failure>
        Asserted in
        http://opencaesar.io/examples/firesat/programs/earth-science/projects/firesat/bundle/classes.
      </failure>
    </testcase>
    <testcase name='http://imce.jpl.nasa.gov/discipline/fse/fse#MassEstimate subclass of http://iupac.org/metrology#Quantity'>
      <failure>
        Asserted in
        http://opencaesar.io/examples/firesat/programs/earth-science/projects/firesat/bundle/classes.
      </failure>
    </testcase>
    <testcase name='http://iso.org/80000-4-quantities#mass subclass of http://iupac.org/metrology#Quantity'>
      <failure>
        Asserted in
        http://opencaesar.io/examples/firesat/programs/earth-science/projects/firesat/bundle/classes.
      </failure>
    </testcase>
    <testcase name='http://iso.org/80000-5-quantities#celcius-temperature subclass of http://iso.org/80000-5-quantities#celcius-temperature'>
      <failure>
        Asserted in
        http://opencaesar.io/examples/firesat/programs/earth-science/projects/firesat/bundle/classes.
      </failure>
    </testcase>
    <testcase name='http://iso.org/80000-5-quantities#thermodynamic-temperature subclass of http://iso.org/80000-5-quantities#thermodynamic-temperature'>
      <failure>
        Asserted in
        http://opencaesar.io/examples/firesat/programs/earth-science/projects/firesat/bundle/classes.
      </failure>
    </testcase>
    <testcase name='http://iso.org/80000-5-quantities#Celcius-Temperature-Has-Thermodynamic-Temperature subclass of http://iso.org/80000-5-quantities#Celcius-Temperature-Has-Thermodynamic-Temperature'>
      <failure>
        Asserted in
        http://opencaesar.io/examples/firesat/programs/earth-science/projects/firesat/bundle/classes.
      </failure>
    </testcase>
    <testcase name='http://imce.jpl.nasa.gov/foundation/project#Organization subclass of http://imce.jpl.nasa.gov/foundation/project#Organization'>
      <failure>
        Asserted in
        http://opencaesar.io/examples/firesat/programs/earth-science/projects/firesat/bundle/classes.
      </failure>
    </testcase>
    <testcase name='http://iso.org/80000-5-units#degreeCelcius subclass of http://iso.org/80000-5-units#degreeCelcius'>
      <failure>
        Asserted in
        http://opencaesar.io/examples/firesat/programs/earth-science/projects/firesat/bundle/classes.
      </failure>
    </testcase>
    <testcase name='http://iso.org/80000-5-units#kelvin subclass of http://iso.org/80000-5-units#kelvin'>
      <failure>
        Asserted in
        http://opencaesar.io/examples/firesat/programs/earth-science/projects/firesat/bundle/classes.
      </failure>
    </testcase>
    <testcase name='http://iso.org/80000-5-units#DegreeCelcius-Has-Kelvin subclass of http://iso.org/80000-5-units#DegreeCelcius-Has-Kelvin'>
      <failure>
        Asserted in
        http://opencaesar.io/examples/firesat/programs/earth-science/projects/firesat/bundle/classes.
      </failure>
    </testcase>
    <testcase name='http://iso.org/80000-5-units#CelciusTemperatureMagnitude subclass of http://iso.org/80000-5-units#CelciusTemperatureMagnitude'>
      <failure>
        Asserted in
        http://opencaesar.io/examples/firesat/programs/earth-science/projects/firesat/bundle/classes.
      </failure>
    </testcase>
    <testcase name='http://iso.org/80000-5-units#ThermodynamicTemperatureMagnitude subclass of http://iso.org/80000-5-units#ThermodynamicTemperatureMagnitude'>
      <failure>
        Asserted in
        http://opencaesar.io/examples/firesat/programs/earth-science/projects/firesat/bundle/classes.
      </failure>
    </testcase>
    <testcase name='http://iso.org/80000-6-units#ampere subclass of http://iso.org/80000-6-units#ampere'>
      <failure>
        Asserted in
        http://opencaesar.io/examples/firesat/programs/earth-science/projects/firesat/bundle/classes.
      </failure>
    </testcase>
    <testcase name='http://iso.org/80000-6-units#coulomb subclass of http://iso.org/80000-6-units#coulomb'>
      <failure>
        Asserted in
        http://opencaesar.io/examples/firesat/programs/earth-science/projects/firesat/bundle/classes.
      </failure>
    </testcase>
    <testcase name='http://iso.org/80000-6-quantities#electric-charge subclass of http://iso.org/80000-6-quantities#electric-charge'>
      <failure>
        Asserted in
        http://opencaesar.io/examples/firesat/programs/earth-science/projects/firesat/bundle/classes.
      </failure>
    </testcase>
    <testcase name='http://iso.org/80000-6-quantities#electric-current subclass of http://iso.org/80000-6-quantities#electric-current'>
      <failure>
        Asserted in
        http://opencaesar.io/examples/firesat/programs/earth-science/projects/firesat/bundle/classes.
      </failure>
    </testcase>
    <testcase name='http://iso.org/80000-6-quantities#electric-field-strength subclass of http://iso.org/80000-6-quantities#electric-field-strength'>
      <failure>
        Asserted in
        http://opencaesar.io/examples/firesat/programs/earth-science/projects/firesat/bundle/classes.
      </failure>
    </testcase>
    <testcase name='http://iso.org/80000-6-quantities#electric-potential subclass of http://iso.org/80000-6-quantities#electric-potential'>
      <failure>
        Asserted in
        http://opencaesar.io/examples/firesat/programs/earth-science/projects/firesat/bundle/classes.
      </failure>
    </testcase>
    <testcase name='http://iso.org/80000-6-units#newton-per-coulomb subclass of http://iso.org/80000-6-units#newton-per-coulomb'>
      <failure>
        Asserted in
        http://opencaesar.io/examples/firesat/programs/earth-science/projects/firesat/bundle/classes.
      </failure>
    </testcase>
    <testcase name='http://iso.org/80000-6-units#ohm subclass of http://iso.org/80000-6-units#ohm'>
      <failure>
        Asserted in
        http://opencaesar.io/examples/firesat/programs/earth-science/projects/firesat/bundle/classes.
      </failure>
    </testcase>
    <testcase name='http://iso.org/80000-6-quantities#resistance subclass of http://iso.org/80000-6-quantities#resistance'>
      <failure>
        Asserted in
        http://opencaesar.io/examples/firesat/programs/earth-science/projects/firesat/bundle/classes.
      </failure>
    </testcase>
    <testcase name='http://iupac.org/metrology#SystemHasUnitaryQuantity subclass of http://iupac.org/metrology#SystemHasUnitaryQuantity'>
      <failure>
        Asserted in
        http://opencaesar.io/examples/firesat/programs/earth-science/projects/firesat/bundle/classes.
      </failure>
    </testcase>
    <testcase name='http://iupac.org/metrology#SystemHasMetrologicalUnit subclass of http://iupac.org/metrology#SystemHasMetrologicalUnit'>
      <failure>
        Asserted in
        http://opencaesar.io/examples/firesat/programs/earth-science/projects/firesat/bundle/classes.
      </failure>
    </testcase>
    <testcase name='http://iso.org/80000-6-units#volt subclass of http://iso.org/80000-6-units#volt'>
      <failure>
        Asserted in
        http://opencaesar.io/examples/firesat/programs/earth-science/projects/firesat/bundle/classes.
      </failure>
    </testcase>
    <testcase name='http://iso.org/80000-3-quantities#angular-measure subclass of http://iso.org/80000-3-quantities#angular-measure'>
      <failure>
        Asserted in
        http://opencaesar.io/examples/firesat/programs/earth-science/projects/firesat/bundle/classes.
      </failure>
    </testcase>
    <testcase name='http://iso.org/80000-3-quantities#arc-length subclass of http://iso.org/80000-3-quantities#arc-length'>
      <failure>
        Asserted in
        http://opencaesar.io/examples/firesat/programs/earth-science/projects/firesat/bundle/classes.
      </failure>
    </testcase>
    <testcase name='http://iso.org/80000-3-quantities#radius subclass of http://iso.org/80000-3-quantities#radius'>
      <failure>
        Asserted in
        http://opencaesar.io/examples/firesat/programs/earth-science/projects/firesat/bundle/classes.
      </failure>
    </testcase>
    <testcase name='http://iso.org/80000-3-quantities#frequency subclass of http://iso.org/80000-3-quantities#frequency'>
      <failure>
        Asserted in
        http://opencaesar.io/examples/firesat/programs/earth-science/projects/firesat/bundle/classes.
      </failure>
    </testcase>
    <testcase name='http://iso.org/80000-3-quantities#period-duration subclass of http://iso.org/80000-3-quantities#period-duration'>
      <failure>
        Asserted in
        http://opencaesar.io/examples/firesat/programs/earth-science/projects/firesat/bundle/classes.
      </failure>
    </testcase>
    <testcase name='http://iso.org/80000-3-quantities#Angular-Measure-Has-Arc-Length subclass of http://iso.org/80000-3-quantities#Angular-Measure-Has-Arc-Length'>
      <failure>
        Asserted in
        http://opencaesar.io/examples/firesat/programs/earth-science/projects/firesat/bundle/classes.
      </failure>
    </testcase>
    <testcase name='http://iso.org/80000-3-quantities#Angular-Measure-Has-Radius subclass of http://iso.org/80000-3-quantities#Angular-Measure-Has-Radius'>
      <failure>
        Asserted in
        http://opencaesar.io/examples/firesat/programs/earth-science/projects/firesat/bundle/classes.
      </failure>
    </testcase>
    <testcase name='http://iso.org/80000-3-quantities#Frequency-Has-Period-Duration subclass of http://iso.org/80000-3-quantities#Frequency-Has-Period-Duration'>
      <failure>
        Asserted in
        http://opencaesar.io/examples/firesat/programs/earth-science/projects/firesat/bundle/classes.
      </failure>
    </testcase>
    <testcase name='http://iso.org/80000-3-quantities#Rotation-Has-Rotational-Displacement subclass of http://iso.org/80000-3-quantities#Rotation-Has-Rotational-Displacement'>
      <failure>
        Asserted in
        http://opencaesar.io/examples/firesat/programs/earth-science/projects/firesat/bundle/classes.
      </failure>
    </testcase>
    <testcase name='http://iso.org/80000-3-quantities#rotation subclass of http://iso.org/80000-3-quantities#rotation'>
      <failure>
        Asserted in
        http://opencaesar.io/examples/firesat/programs/earth-science/projects/firesat/bundle/classes.
      </failure>
    </testcase>
    <testcase name='http://iso.org/80000-3-quantities#rotational-displacement subclass of http://iso.org/80000-3-quantities#rotational-displacement'>
      <failure>
        Asserted in
        http://opencaesar.io/examples/firesat/programs/earth-science/projects/firesat/bundle/classes.
      </failure>
    </testcase>
    <testcase name='http://iso.org/80000-3-quantities#Rotational-Displacement-Has-Distance subclass of http://iso.org/80000-3-quantities#Rotational-Displacement-Has-Distance'>
      <failure>
        Asserted in
        http://opencaesar.io/examples/firesat/programs/earth-science/projects/firesat/bundle/classes.
      </failure>
    </testcase>
    <testcase name='http://iso.org/80000-3-quantities#distance subclass of http://iso.org/80000-3-quantities#distance'>
      <failure>
        Asserted in
        http://opencaesar.io/examples/firesat/programs/earth-science/projects/firesat/bundle/classes.
      </failure>
    </testcase>
    <testcase name='http://iso.org/80000-3-quantities#Rotational-Displacement-Has-Path-Length subclass of http://iso.org/80000-3-quantities#Rotational-Displacement-Has-Path-Length'>
      <failure>
        Asserted in
        http://opencaesar.io/examples/firesat/programs/earth-science/projects/firesat/bundle/classes.
      </failure>
    </testcase>
    <testcase name='http://iso.org/80000-3-quantities#Rotational-Frequency-Has-Duration subclass of http://iso.org/80000-3-quantities#Rotational-Frequency-Has-Duration'>
      <failure>
        Asserted in
        http://opencaesar.io/examples/firesat/programs/earth-science/projects/firesat/bundle/classes.
      </failure>
    </testcase>
    <testcase name='http://iso.org/80000-3-quantities#rotational-frequency subclass of http://iso.org/80000-3-quantities#rotational-frequency'>
      <failure>
        Asserted in
        http://opencaesar.io/examples/firesat/programs/earth-science/projects/firesat/bundle/classes.
      </failure>
    </testcase>
    <testcase name='http://iso.org/80000-3-quantities#Rotational-Frequency-Has-Rotation subclass of http://iso.org/80000-3-quantities#Rotational-Frequency-Has-Rotation'>
      <failure>
        Asserted in
        http://opencaesar.io/examples/firesat/programs/earth-science/projects/firesat/bundle/classes.
      </failure>
    </testcase>
    <testcase name='http://iso.org/80000-3-quantities#Velocity-Has-Duration subclass of http://iso.org/80000-3-quantities#Velocity-Has-Duration'>
      <failure>
        Asserted in
        http://opencaesar.io/examples/firesat/programs/earth-science/projects/firesat/bundle/classes.
      </failure>
    </testcase>
    <testcase name='http://iso.org/80000-3-quantities#velocity subclass of http://iso.org/80000-3-quantities#velocity'>
      <failure>
        Asserted in
        http://opencaesar.io/examples/firesat/programs/earth-science/projects/firesat/bundle/classes.
      </failure>
    </testcase>
    <testcase name='http://iso.org/80000-3-quantities#Velocity-Has-Position-Vector subclass of http://iso.org/80000-3-quantities#Velocity-Has-Position-Vector'>
      <failure>
        Asserted in
        http://opencaesar.io/examples/firesat/programs/earth-science/projects/firesat/bundle/classes.
      </failure>
    </testcase>
    <testcase name='http://iso.org/80000-3-quantities#position-vector subclass of http://iso.org/80000-3-quantities#position-vector'>
      <failure>
        Asserted in
        http://opencaesar.io/examples/firesat/programs/earth-science/projects/firesat/bundle/classes.
      </failure>
    </testcase>
    <testcase name='http://iso.org/80000-3-quantities#altitude subclass of http://iso.org/80000-3-quantities#altitude'>
      <failure>
        Asserted in
        http://opencaesar.io/examples/firesat/programs/earth-science/projects/firesat/bundle/classes.
      </failure>
    </testcase>
    <testcase name='http://iso.org/80000-3-units#AngularMeasureMagnitude subclass of http://iso.org/80000-3-units#AngularMeasureMagnitude'>
      <failure>
        Asserted in
        http://opencaesar.io/examples/firesat/programs/earth-science/projects/firesat/bundle/classes.
      </failure>
    </testcase>
    <testcase name='http://iso.org/80000-3-quantities#breadth subclass of http://iso.org/80000-3-quantities#breadth'>
      <failure>
        Asserted in
        http://opencaesar.io/examples/firesat/programs/earth-science/projects/firesat/bundle/classes.
      </failure>
    </testcase>
    <testcase name='http://iso.org/80000-3-quantities#depth subclass of http://iso.org/80000-3-quantities#depth'>
      <failure>
        Asserted in
        http://opencaesar.io/examples/firesat/programs/earth-science/projects/firesat/bundle/classes.
      </failure>
    </testcase>
    <testcase name='http://iso.org/80000-3-quantities#diameter subclass of http://iso.org/80000-3-quantities#diameter'>
      <failure>
        Asserted in
        http://opencaesar.io/examples/firesat/programs/earth-science/projects/firesat/bundle/classes.
      </failure>
    </testcase>
    <testcase name='http://iso.org/80000-3-quantities#displacement subclass of http://iso.org/80000-3-quantities#displacement'>
      <failure>
        Asserted in
        http://opencaesar.io/examples/firesat/programs/earth-science/projects/firesat/bundle/classes.
      </failure>
    </testcase>
    <testcase name='http://iso.org/80000-3-units#TimeMagnitude subclass of http://iso.org/80000-3-units#TimeMagnitude'>
      <failure>
        Asserted in
        http://opencaesar.io/examples/firesat/programs/earth-science/projects/firesat/bundle/classes.
      </failure>
    </testcase>
    <testcase name='http://iso.org/80000-3-units#FrequencyMagnitude subclass of http://iso.org/80000-3-units#FrequencyMagnitude'>
      <failure>
        Asserted in
        http://opencaesar.io/examples/firesat/programs/earth-science/projects/firesat/bundle/classes.
      </failure>
    </testcase>
    <testcase name='http://iso.org/80000-3-units#LengthMagnitude subclass of http://iso.org/80000-3-units#LengthMagnitude'>
      <failure>
        Asserted in
        http://opencaesar.io/examples/firesat/programs/earth-science/projects/firesat/bundle/classes.
      </failure>
    </testcase>
    <testcase name='http://iso.org/80000-3-quantities#radial-distance subclass of http://iso.org/80000-3-quantities#radial-distance'>
      <failure>
        Asserted in
        http://opencaesar.io/examples/firesat/programs/earth-science/projects/firesat/bundle/classes.
      </failure>
    </testcase>
    <testcase name='http://iso.org/80000-3-quantities#radius-of-curvature subclass of http://iso.org/80000-3-quantities#radius-of-curvature'>
      <failure>
        Asserted in
        http://opencaesar.io/examples/firesat/programs/earth-science/projects/firesat/bundle/classes.
      </failure>
    </testcase>
    <testcase name='http://iso.org/80000-3-units#RotationMagnitude subclass of http://iso.org/80000-3-units#RotationMagnitude'>
      <failure>
        Asserted in
        http://opencaesar.io/examples/firesat/programs/earth-science/projects/firesat/bundle/classes.
      </failure>
    </testcase>
    <testcase name='http://iso.org/80000-3-quantities#thickness subclass of http://iso.org/80000-3-quantities#thickness'>
      <failure>
        Asserted in
        http://opencaesar.io/examples/firesat/programs/earth-science/projects/firesat/bundle/classes.
      </failure>
    </testcase>
    <testcase name='http://iso.org/80000-3-units#VelocityMagnitude subclass of http://iso.org/80000-3-units#VelocityMagnitude'>
      <failure>
        Asserted in
        http://opencaesar.io/examples/firesat/programs/earth-science/projects/firesat/bundle/classes.
      </failure>
    </testcase>
    <testcase name='http://iso.org/80000-1-decimalPrefix#DecimalPrefix subclass of http://iso.org/80000-1-decimalPrefix#DecimalPrefix'>
      <failure>
        Asserted in
        http://opencaesar.io/examples/firesat/programs/earth-science/projects/firesat/bundle/classes.
      </failure>
    </testcase>
    <testcase name='http://imce.jpl.nasa.gov/discipline/fse/fse#CBEMass subclass of http://iupac.org/metrology#MetrologicalEntity'>
      <failure>
        Asserted in
        http://opencaesar.io/examples/firesat/programs/earth-science/projects/firesat/bundle/classes.
      </failure>
    </testcase>
    <testcase name='http://imce.jpl.nasa.gov/discipline/fse/fse#CBEMagnitude subclass of http://iupac.org/metrology#MetrologicalEntity'>
      <failure>
        Asserted in
        http://opencaesar.io/examples/firesat/programs/earth-science/projects/firesat/bundle/classes.
      </failure>
    </testcase>
    <testcase name='http://imce.jpl.nasa.gov/discipline/fse/fse#MassLimit subclass of http://iupac.org/metrology#MetrologicalEntity'>
      <failure>
        Asserted in
        http://opencaesar.io/examples/firesat/programs/earth-science/projects/firesat/bundle/classes.
      </failure>
    </testcase>
    <testcase name='http://imce.jpl.nasa.gov/discipline/fse/fse#MassLimitMagnitude subclass of http://iupac.org/metrology#MetrologicalEntity'>
      <failure>
        Asserted in
        http://opencaesar.io/examples/firesat/programs/earth-science/projects/firesat/bundle/classes.
      </failure>
    </testcase>
    <testcase name='http://iso.org/80000-4-magnitudes1#gram-magnitude subclass of http://iupac.org/metrology#MetrologicalEntity'>
      <failure>
        Asserted in
        http://opencaesar.io/examples/firesat/programs/earth-science/projects/firesat/bundle/classes.
      </failure>
    </testcase>
    <testcase name='http://iso.org/80000-4-units#MassMagnitude subclass of http://iupac.org/metrology#MetrologicalEntity'>
      <failure>
        Asserted in
        http://opencaesar.io/examples/firesat/programs/earth-science/projects/firesat/bundle/classes.
      </failure>
    </testcase>
    <testcase name='http://iso.org/80000-4-magnitudes1#kilogram-magnitude subclass of http://iupac.org/metrology#MetrologicalEntity'>
      <failure>
        Asserted in
        http://opencaesar.io/examples/firesat/programs/earth-science/projects/firesat/bundle/classes.
      </failure>
    </testcase>
    <testcase name='http://iso.org/80000-4-magnitudes1#kilogram-metre-per-second-magnitude subclass of http://iupac.org/metrology#MetrologicalEntity'>
      <failure>
        Asserted in
        http://opencaesar.io/examples/firesat/programs/earth-science/projects/firesat/bundle/classes.
      </failure>
    </testcase>
    <testcase name='http://iso.org/80000-4-units#MomentumMagnitude subclass of http://iupac.org/metrology#MetrologicalEntity'>
      <failure>
        Asserted in
        http://opencaesar.io/examples/firesat/programs/earth-science/projects/firesat/bundle/classes.
      </failure>
    </testcase>
    <testcase name='http://iso.org/80000-4-magnitudes1#newton-magnitude subclass of http://iupac.org/metrology#MetrologicalEntity'>
      <failure>
        Asserted in
        http://opencaesar.io/examples/firesat/programs/earth-science/projects/firesat/bundle/classes.
      </failure>
    </testcase>
    <testcase name='http://iso.org/80000-4-units#ForceMagnitude subclass of http://iupac.org/metrology#MetrologicalEntity'>
      <failure>
        Asserted in
        http://opencaesar.io/examples/firesat/programs/earth-science/projects/firesat/bundle/classes.
      </failure>
    </testcase>
    <testcase name='http://iso.org/80000-4-magnitudes1#newton-millisecond-magnitude subclass of http://iupac.org/metrology#MetrologicalEntity'>
      <failure>
        Asserted in
        http://opencaesar.io/examples/firesat/programs/earth-science/projects/firesat/bundle/classes.
      </failure>
    </testcase>
    <testcase name='http://iso.org/80000-4-units#ImpulseMagnitude subclass of http://iupac.org/metrology#MetrologicalEntity'>
      <failure>
        Asserted in
        http://opencaesar.io/examples/firesat/programs/earth-science/projects/firesat/bundle/classes.
      </failure>
    </testcase>
    <testcase name='http://iso.org/80000-4-magnitudes1#newton-second-magnitude subclass of http://iupac.org/metrology#MetrologicalEntity'>
      <failure>
        Asserted in
        http://opencaesar.io/examples/firesat/programs/earth-science/projects/firesat/bundle/classes.
      </failure>
    </testcase>
    <testcase name='http://iso.org/80000-4-magnitudes1#watt-magnitude subclass of http://iupac.org/metrology#MetrologicalEntity'>
      <failure>
        Asserted in
        http://opencaesar.io/examples/firesat/programs/earth-science/projects/firesat/bundle/classes.
      </failure>
    </testcase>
    <testcase name='http://iso.org/80000-4-units#PowerMagnitude subclass of http://iupac.org/metrology#MetrologicalEntity'>
      <failure>
        Asserted in
        http://opencaesar.io/examples/firesat/programs/earth-science/projects/firesat/bundle/classes.
      </failure>
    </testcase>
    <testcase name='http://iupac.org/metrology#Quantity subclass of http://iupac.org/metrology#MetrologicalEntity'>
      <failure>
        Asserted in
        http://opencaesar.io/examples/firesat/programs/earth-science/projects/firesat/bundle/classes, http://iupac.org/metrology.
      </failure>
    </testcase>
    <testcase name='http://iso.org/80000-5-quantities#celcius-temperature subclass of http://iupac.org/metrology#MetrologicalEntity'>
      <failure>
        Asserted in
        http://opencaesar.io/examples/firesat/programs/earth-science/projects/firesat/bundle/classes.
      </failure>
    </testcase>
    <testcase name='http://iso.org/80000-5-quantities#thermodynamic-temperature subclass of http://iupac.org/metrology#MetrologicalEntity'>
      <failure>
        Asserted in
        http://opencaesar.io/examples/firesat/programs/earth-science/projects/firesat/bundle/classes.
      </failure>
    </testcase>
    <testcase name='http://iupac.org/metrology#DerivedUnitaryQuantity subclass of http://iupac.org/metrology#MetrologicalEntity'>
      <failure>
        Asserted in
        http://opencaesar.io/examples/firesat/programs/earth-science/projects/firesat/bundle/classes.
      </failure>
    </testcase>
    <testcase name='http://iso.org/80000-5-units#CelciusTemperatureUnit subclass of http://iupac.org/metrology#MetrologicalEntity'>
      <failure>
        Asserted in
        http://opencaesar.io/examples/firesat/programs/earth-science/projects/firesat/bundle/classes.
      </failure>
    </testcase>
    <testcase name='http://iupac.org/metrology#IndependentUnitaryQuantity subclass of http://iupac.org/metrology#MetrologicalEntity'>
      <failure>
        Asserted in
        http://opencaesar.io/examples/firesat/programs/earth-science/projects/firesat/bundle/classes.
      </failure>
    </testcase>
    <testcase name='http://iso.org/80000-5-units#ThermodynamicTemperatureUnit subclass of http://iupac.org/metrology#MetrologicalEntity'>
      <failure>
        Asserted in
        http://opencaesar.io/examples/firesat/programs/earth-science/projects/firesat/bundle/classes.
      </failure>
    </testcase>
    <testcase name='http://iso.org/80000-5-units#degreeCelcius subclass of http://iupac.org/metrology#MetrologicalEntity'>
      <failure>
        Asserted in
        http://opencaesar.io/examples/firesat/programs/earth-science/projects/firesat/bundle/classes.
      </failure>
    </testcase>
    <testcase name='http://iso.org/80000-5-units#kelvin subclass of http://iupac.org/metrology#MetrologicalEntity'>
      <failure>
        Asserted in
        http://opencaesar.io/examples/firesat/programs/earth-science/projects/firesat/bundle/classes.
      </failure>
    </testcase>
    <testcase name='http://iso.org/80000-5-units#CelciusTemperatureMagnitude subclass of http://iupac.org/metrology#MetrologicalEntity'>
      <failure>
        Asserted in
        http://opencaesar.io/examples/firesat/programs/earth-science/projects/firesat/bundle/classes.
      </failure>
    </testcase>
    <testcase name='http://iupac.org/metrology#UnitaryMagnitude subclass of http://iupac.org/metrology#MetrologicalEntity'>
      <failure>
        Asserted in
        http://opencaesar.io/examples/firesat/programs/earth-science/projects/firesat/bundle/classes.
      </failure>
    </testcase>
    <testcase name='http://iupac.org/metrology#CoherentMeasurementUnit subclass of http://iupac.org/metrology#MetrologicalEntity'>
      <failure>
        Asserted in
        http://opencaesar.io/examples/firesat/programs/earth-science/projects/firesat/bundle/classes.
      </failure>
    </testcase>
    <testcase name='http://iso.org/80000-5-units#ThermodynamicTemperatureMagnitude subclass of http://iupac.org/metrology#MetrologicalEntity'>
      <failure>
        Asserted in
        http://opencaesar.io/examples/firesat/programs/earth-science/projects/firesat/bundle/classes.
      </failure>
    </testcase>
    <testcase name='http://iupac.org/metrology#DerivedMeasurementUnit subclass of http://iupac.org/metrology#MetrologicalEntity'>
      <failure>
        Asserted in
        http://opencaesar.io/examples/firesat/programs/earth-science/projects/firesat/bundle/classes.
      </failure>
    </testcase>
    <testcase name='http://iupac.org/metrology#IndependentMeasurementUnit subclass of http://iupac.org/metrology#MetrologicalEntity'>
      <failure>
        Asserted in
        http://opencaesar.io/examples/firesat/programs/earth-science/projects/firesat/bundle/classes.
      </failure>
    </testcase>
    <testcase name='http://iso.org/80000-6-units#ampere subclass of http://iupac.org/metrology#MetrologicalEntity'>
      <failure>
        Asserted in
        http://opencaesar.io/examples/firesat/programs/earth-science/projects/firesat/bundle/classes.
      </failure>
    </testcase>
    <testcase name='http://iso.org/80000-6-units#coulomb subclass of http://iupac.org/metrology#MetrologicalEntity'>
      <failure>
        Asserted in
        http://opencaesar.io/examples/firesat/programs/earth-science/projects/firesat/bundle/classes.
      </failure>
    </testcase>
    <testcase name='http://iso.org/80000-6-quantities#electric-charge subclass of http://iupac.org/metrology#MetrologicalEntity'>
      <failure>
        Asserted in
        http://opencaesar.io/examples/firesat/programs/earth-science/projects/firesat/bundle/classes.
      </failure>
    </testcase>
    <testcase name='http://iso.org/80000-6-quantities#electric-current subclass of http://iupac.org/metrology#MetrologicalEntity'>
      <failure>
        Asserted in
        http://opencaesar.io/examples/firesat/programs/earth-science/projects/firesat/bundle/classes.
      </failure>
    </testcase>
    <testcase name='http://iso.org/80000-6-quantities#electric-field-strength subclass of http://iupac.org/metrology#MetrologicalEntity'>
      <failure>
        Asserted in
        http://opencaesar.io/examples/firesat/programs/earth-science/projects/firesat/bundle/classes.
      </failure>
    </testcase>
    <testcase name='http://iso.org/80000-6-quantities#electric-potential subclass of http://iupac.org/metrology#MetrologicalEntity'>
      <failure>
        Asserted in
        http://opencaesar.io/examples/firesat/programs/earth-science/projects/firesat/bundle/classes.
      </failure>
    </testcase>
    <testcase name='http://iso.org/80000-6-units#newton-per-coulomb subclass of http://iupac.org/metrology#MetrologicalEntity'>
      <failure>
        Asserted in
        http://opencaesar.io/examples/firesat/programs/earth-science/projects/firesat/bundle/classes.
      </failure>
    </testcase>
    <testcase name='http://iso.org/80000-6-units#ohm subclass of http://iupac.org/metrology#MetrologicalEntity'>
      <failure>
        Asserted in
        http://opencaesar.io/examples/firesat/programs/earth-science/projects/firesat/bundle/classes.
      </failure>
    </testcase>
    <testcase name='http://iso.org/80000-6-quantities#resistance subclass of http://iupac.org/metrology#MetrologicalEntity'>
      <failure>
        Asserted in
        http://opencaesar.io/examples/firesat/programs/earth-science/projects/firesat/bundle/classes.
      </failure>
    </testcase>
    <testcase name='http://iso.org/80000-6-units#volt subclass of http://iupac.org/metrology#MetrologicalEntity'>
      <failure>
        Asserted in
        http://opencaesar.io/examples/firesat/programs/earth-science/projects/firesat/bundle/classes.
      </failure>
    </testcase>
    <testcase name='http://iso.org/80000-3-quantities#angular-measure subclass of http://iupac.org/metrology#MetrologicalEntity'>
      <failure>
        Asserted in
        http://opencaesar.io/examples/firesat/programs/earth-science/projects/firesat/bundle/classes.
      </failure>
    </testcase>
    <testcase name='http://iso.org/80000-3-quantities#arc-length subclass of http://iupac.org/metrology#MetrologicalEntity'>
      <failure>
        Asserted in
        http://opencaesar.io/examples/firesat/programs/earth-science/projects/firesat/bundle/classes.
      </failure>
    </testcase>
    <testcase name='http://iso.org/80000-3-quantities#radius subclass of http://iupac.org/metrology#MetrologicalEntity'>
      <failure>
        Asserted in
        http://opencaesar.io/examples/firesat/programs/earth-science/projects/firesat/bundle/classes.
      </failure>
    </testcase>
    <testcase name='http://iso.org/80000-3-quantities#frequency subclass of http://iupac.org/metrology#MetrologicalEntity'>
      <failure>
        Asserted in
        http://opencaesar.io/examples/firesat/programs/earth-science/projects/firesat/bundle/classes.
      </failure>
    </testcase>
    <testcase name='http://iso.org/80000-3-quantities#period-duration subclass of http://iupac.org/metrology#MetrologicalEntity'>
      <failure>
        Asserted in
        http://opencaesar.io/examples/firesat/programs/earth-science/projects/firesat/bundle/classes.
      </failure>
    </testcase>
    <testcase name='http://iso.org/80000-3-quantities#rotation subclass of http://iupac.org/metrology#MetrologicalEntity'>
      <failure>
        Asserted in
        http://opencaesar.io/examples/firesat/programs/earth-science/projects/firesat/bundle/classes.
      </failure>
    </testcase>
    <testcase name='http://iso.org/80000-3-quantities#rotational-displacement subclass of http://iupac.org/metrology#MetrologicalEntity'>
      <failure>
        Asserted in
        http://opencaesar.io/examples/firesat/programs/earth-science/projects/firesat/bundle/classes.
      </failure>
    </testcase>
    <testcase name='http://iso.org/80000-3-quantities#distance subclass of http://iupac.org/metrology#MetrologicalEntity'>
      <failure>
        Asserted in
        http://opencaesar.io/examples/firesat/programs/earth-science/projects/firesat/bundle/classes.
      </failure>
    </testcase>
    <testcase name='http://iso.org/80000-3-quantities#path-length subclass of http://iupac.org/metrology#MetrologicalEntity'>
      <failure>
        Asserted in
        http://opencaesar.io/examples/firesat/programs/earth-science/projects/firesat/bundle/classes.
      </failure>
    </testcase>
    <testcase name='http://iso.org/80000-3-quantities#rotational-frequency subclass of http://iupac.org/metrology#MetrologicalEntity'>
      <failure>
        Asserted in
        http://opencaesar.io/examples/firesat/programs/earth-science/projects/firesat/bundle/classes.
      </failure>
    </testcase>
    <testcase name='http://iso.org/80000-3-quantities#duration subclass of http://iupac.org/metrology#MetrologicalEntity'>
      <failure>
        Asserted in
        http://opencaesar.io/examples/firesat/programs/earth-science/projects/firesat/bundle/classes.
      </failure>
    </testcase>
    <testcase name='http://iso.org/80000-3-quantities#velocity subclass of http://iupac.org/metrology#MetrologicalEntity'>
      <failure>
        Asserted in
        http://opencaesar.io/examples/firesat/programs/earth-science/projects/firesat/bundle/classes.
      </failure>
    </testcase>
    <testcase name='http://iso.org/80000-3-quantities#position-vector subclass of http://iupac.org/metrology#MetrologicalEntity'>
      <failure>
        Asserted in
        http://opencaesar.io/examples/firesat/programs/earth-science/projects/firesat/bundle/classes.
      </failure>
    </testcase>
    <testcase name='http://iso.org/80000-3-quantities#altitude subclass of http://iupac.org/metrology#MetrologicalEntity'>
      <failure>
        Asserted in
        http://opencaesar.io/examples/firesat/programs/earth-science/projects/firesat/bundle/classes.
      </failure>
    </testcase>
    <testcase name='http://iso.org/80000-3-quantities#height subclass of http://iupac.org/metrology#MetrologicalEntity'>
      <failure>
        Asserted in
        http://opencaesar.io/examples/firesat/programs/earth-science/projects/firesat/bundle/classes.
      </failure>
    </testcase>
    <testcase name='http://iso.org/80000-3-units#AngularMeasureMagnitude subclass of http://iupac.org/metrology#MetrologicalEntity'>
      <failure>
        Asserted in
        http://opencaesar.io/examples/firesat/programs/earth-science/projects/firesat/bundle/classes.
      </failure>
    </testcase>
    <testcase name='http://iso.org/80000-3-quantities#breadth subclass of http://iupac.org/metrology#MetrologicalEntity'>
      <failure>
        Asserted in
        http://opencaesar.io/examples/firesat/programs/earth-science/projects/firesat/bundle/classes.
      </failure>
    </testcase>
    <testcase name='http://iso.org/80000-3-quantities#width subclass of http://iupac.org/metrology#MetrologicalEntity'>
      <failure>
        Asserted in
        http://opencaesar.io/examples/firesat/programs/earth-science/projects/firesat/bundle/classes.
      </failure>
    </testcase>
    <testcase name='http://iso.org/80000-3-quantities#depth subclass of http://iupac.org/metrology#MetrologicalEntity'>
      <failure>
        Asserted in
        http://opencaesar.io/examples/firesat/programs/earth-science/projects/firesat/bundle/classes.
      </failure>
    </testcase>
    <testcase name='http://iso.org/80000-3-quantities#diameter subclass of http://iupac.org/metrology#MetrologicalEntity'>
      <failure>
        Asserted in
        http://opencaesar.io/examples/firesat/programs/earth-science/projects/firesat/bundle/classes.
      </failure>
    </testcase>
    <testcase name='http://iso.org/80000-3-quantities#length subclass of http://iupac.org/metrology#MetrologicalEntity'>
      <failure>
        Asserted in
        http://opencaesar.io/examples/firesat/programs/earth-science/projects/firesat/bundle/classes.
      </failure>
    </testcase>
    <testcase name='http://iso.org/80000-3-quantities#displacement subclass of http://iupac.org/metrology#MetrologicalEntity'>
      <failure>
        Asserted in
        http://opencaesar.io/examples/firesat/programs/earth-science/projects/firesat/bundle/classes.
      </failure>
    </testcase>
    <testcase name='http://iso.org/80000-3-units#TimeMagnitude subclass of http://iupac.org/metrology#MetrologicalEntity'>
      <failure>
        Asserted in
        http://opencaesar.io/examples/firesat/programs/earth-science/projects/firesat/bundle/classes.
      </failure>
    </testcase>
    <testcase name='http://iso.org/80000-3-units#FrequencyMagnitude subclass of http://iupac.org/metrology#MetrologicalEntity'>
      <failure>
        Asserted in
        http://opencaesar.io/examples/firesat/programs/earth-science/projects/firesat/bundle/classes.
      </failure>
    </testcase>
    <testcase name='http://iso.org/80000-3-units#LengthMagnitude subclass of http://iupac.org/metrology#MetrologicalEntity'>
      <failure>
        Asserted in
        http://opencaesar.io/examples/firesat/programs/earth-science/projects/firesat/bundle/classes.
      </failure>
    </testcase>
    <testcase name='http://iso.org/80000-3-quantities#radial-distance subclass of http://iupac.org/metrology#MetrologicalEntity'>
      <failure>
        Asserted in
        http://opencaesar.io/examples/firesat/programs/earth-science/projects/firesat/bundle/classes.
      </failure>
    </testcase>
    <testcase name='http://iso.org/80000-3-quantities#radius-of-curvature subclass of http://iupac.org/metrology#MetrologicalEntity'>
      <failure>
        Asserted in
        http://opencaesar.io/examples/firesat/programs/earth-science/projects/firesat/bundle/classes.
      </failure>
    </testcase>
    <testcase name='http://iso.org/80000-3-units#RotationMagnitude subclass of http://iupac.org/metrology#MetrologicalEntity'>
      <failure>
        Asserted in
        http://opencaesar.io/examples/firesat/programs/earth-science/projects/firesat/bundle/classes.
      </failure>
    </testcase>
    <testcase name='http://iso.org/80000-3-quantities#thickness subclass of http://iupac.org/metrology#MetrologicalEntity'>
      <failure>
        Asserted in
        http://opencaesar.io/examples/firesat/programs/earth-science/projects/firesat/bundle/classes.
      </failure>
    </testcase>
    <testcase name='http://iso.org/80000-3-units#VelocityMagnitude subclass of http://iupac.org/metrology#MetrologicalEntity'>
      <failure>
        Asserted in
        http://opencaesar.io/examples/firesat/programs/earth-science/projects/firesat/bundle/classes.
      </failure>
    </testcase>
    <testcase name='http://iso.org/80000-1-decimalPrefix#DecimalPrefix subclass of http://iupac.org/metrology#MetrologicalEntity'>
      <failure>
        Asserted in
        http://opencaesar.io/examples/firesat/programs/earth-science/projects/firesat/bundle/classes.
      </failure>
    </testcase>
    <testcase name='http://iupac.org/metrology#Prefix subclass of http://iupac.org/metrology#MetrologicalEntity'>
      <failure>
        Asserted in
        http://opencaesar.io/examples/firesat/programs/earth-science/projects/firesat/bundle/classes, http://iupac.org/metrology.
      </failure>
    </testcase>
    <testcase name='http://iupac.org/metrology#MetrologicalEntity subclass of http://iupac.org/metrology#MetrologicalEntity'>
      <failure>
        Asserted in
        http://opencaesar.io/examples/firesat/programs/earth-science/projects/firesat/bundle/classes.
      </failure>
    </testcase>
    <testcase name='http://iso.org/80000-4-units#MomentumUnit subclass of http://iupac.org/metrology#MetrologicalEntity'>
      <failure>
        Asserted in
        http://opencaesar.io/examples/firesat/programs/earth-science/projects/firesat/bundle/classes.
      </failure>
    </testcase>
    <testcase name='http://imce.jpl.nasa.gov/discipline/fse/fse#MassEstimateMagnitude subclass of http://iupac.org/metrology#MetrologicalEntity'>
      <failure>
        Asserted in
        http://opencaesar.io/examples/firesat/programs/earth-science/projects/firesat/bundle/classes.
      </failure>
    </testcase>
    <testcase name='http://iupac.org/metrology#MeasurementProcedure subclass of http://iupac.org/metrology#MetrologicalEntity'>
      <failure>
        Asserted in
        http://opencaesar.io/examples/firesat/programs/earth-science/projects/firesat/bundle/classes.
      </failure>
    </testcase>
    <testcase name='http://iso.org/80000-4-quantities#momentum subclass of http://iupac.org/metrology#MetrologicalEntity'>
      <failure>
        Asserted in
        http://opencaesar.io/examples/firesat/programs/earth-science/projects/firesat/bundle/classes.
      </failure>
    </testcase>
    <testcase name='http://iso.org/80000-4-units#PowerUnit subclass of http://iupac.org/metrology#MetrologicalEntity'>
      <failure>
        Asserted in
        http://opencaesar.io/examples/firesat/programs/earth-science/projects/firesat/bundle/classes.
      </failure>
    </testcase>
    <testcase name='http://iupac.org/metrology#NonCoherentDerivedMeasurementUnit subclass of http://iupac.org/metrology#MetrologicalEntity'>
      <failure>
        Asserted in
        http://opencaesar.io/examples/firesat/programs/earth-science/projects/firesat/bundle/classes.
      </failure>
    </testcase>
    <testcase name='http://iso.org/80000-6-units#ElectricChargeUnit subclass of http://iupac.org/metrology#MetrologicalEntity'>
      <failure>
        Asserted in
        http://opencaesar.io/examples/firesat/programs/earth-science/projects/firesat/bundle/classes.
      </failure>
    </testcase>
    <testcase name='http://iso.org/80000-3-units#LengthUnit subclass of http://iupac.org/metrology#MetrologicalEntity'>
      <failure>
        Asserted in
        http://opencaesar.io/examples/firesat/programs/earth-science/projects/firesat/bundle/classes.
      </failure>
    </testcase>
    <testcase name='http://iso.org/80000-3-units#CoherentTimeUnit subclass of http://iupac.org/metrology#MetrologicalEntity'>
      <failure>
        Asserted in
        http://opencaesar.io/examples/firesat/programs/earth-science/projects/firesat/bundle/classes.
      </failure>
    </testcase>
    <testcase name='http://imce.jpl.nasa.gov/discipline/fse/fse#MGAMagnitude subclass of http://iupac.org/metrology#MetrologicalEntity'>
      <failure>
        Asserted in
        http://opencaesar.io/examples/firesat/programs/earth-science/projects/firesat/bundle/classes.
      </failure>
    </testcase>
    <testcase name='http://iso.org/80000-6-magnitudes1#newton-per-coulomb-magnitude subclass of http://iupac.org/metrology#MetrologicalEntity'>
      <failure>
        Asserted in
        http://opencaesar.io/examples/firesat/programs/earth-science/projects/firesat/bundle/classes.
      </failure>
    </testcase>
    <testcase name='http://iso.org/80000-4-units#ImpulseUnit subclass of http://iupac.org/metrology#MetrologicalEntity'>
      <failure>
        Asserted in
        http://opencaesar.io/examples/firesat/programs/earth-science/projects/firesat/bundle/classes.
      </failure>
    </testcase>
    <testcase name='http://iso.org/80000-4-quantities#impulse subclass of http://iupac.org/metrology#MetrologicalEntity'>
      <failure>
        Asserted in
        http://opencaesar.io/examples/firesat/programs/earth-science/projects/firesat/bundle/classes.
      </failure>
    </testcase>
    <testcase name='http://iupac.org/metrology#UnitaryQuantity subclass of http://iupac.org/metrology#MetrologicalEntity'>
      <failure>
        Asserted in
        http://opencaesar.io/examples/firesat/programs/earth-science/projects/firesat/bundle/classes.
      </failure>
    </testcase>
    <testcase name='http://iso.org/80000-4-units#kilogram-metre-per-second subclass of http://iupac.org/metrology#MetrologicalEntity'>
      <failure>
        Asserted in
        http://opencaesar.io/examples/firesat/programs/earth-science/projects/firesat/bundle/classes.
      </failure>
    </testcase>
    <testcase name='http://iupac.org/metrology#OrdinalQuantity subclass of http://iupac.org/metrology#MetrologicalEntity'>
      <failure>
        Asserted in
        http://opencaesar.io/examples/firesat/programs/earth-science/projects/firesat/bundle/classes.
      </failure>
    </testcase>
    <testcase name='http://iso.org/80000-3-units#VelocityUnit subclass of http://iupac.org/metrology#MetrologicalEntity'>
      <failure>
        Asserted in
        http://opencaesar.io/examples/firesat/programs/earth-science/projects/firesat/bundle/classes.
      </failure>
    </testcase>
    <testcase name='http://iso.org/80000-3-units#revolution subclass of http://iupac.org/metrology#MetrologicalEntity'>
      <failure>
        Asserted in
        http://opencaesar.io/examples/firesat/programs/earth-science/projects/firesat/bundle/classes.
      </failure>
    </testcase>
    <testcase name='http://iso.org/80000-6-units#ElectricFieldStrengthMagnitude subclass of http://iupac.org/metrology#MetrologicalEntity'>
      <failure>
        Asserted in
        http://opencaesar.io/examples/firesat/programs/earth-science/projects/firesat/bundle/classes.
      </failure>
    </testcase>
    <testcase name='http://iso.org/80000-3-units#second subclass of http://iupac.org/metrology#MetrologicalEntity'>
      <failure>
        Asserted in
        http://opencaesar.io/examples/firesat/programs/earth-science/projects/firesat/bundle/classes.
      </failure>
    </testcase>
    <testcase name='http://iso.org/80000-3-units#hour subclass of http://iupac.org/metrology#MetrologicalEntity'>
      <failure>
        Asserted in
        http://opencaesar.io/examples/firesat/programs/earth-science/projects/firesat/bundle/classes.
      </failure>
    </testcase>
    <testcase name='http://iso.org/80000-3-units#metre subclass of http://iupac.org/metrology#MetrologicalEntity'>
      <failure>
        Asserted in
        http://opencaesar.io/examples/firesat/programs/earth-science/projects/firesat/bundle/classes.
      </failure>
    </testcase>
    <testcase name='http://iso.org/80000-4-quantities#power subclass of http://iupac.org/metrology#MetrologicalEntity'>
      <failure>
        Asserted in
        http://opencaesar.io/examples/firesat/programs/earth-science/projects/firesat/bundle/classes.
      </failure>
    </testcase>
    <testcase name='http://iupac.org/metrology#IsReflexiveMagnitudeOf subclass of http://iupac.org/metrology#MetrologicalEntity'>
      <failure>
        Asserted in
        http://opencaesar.io/examples/firesat/programs/earth-science/projects/firesat/bundle/classes.
      </failure>
    </testcase>
    <testcase name='http://iupac.org/metrology#OrdinalMagnitude subclass of http://iupac.org/metrology#MetrologicalEntity'>
      <failure>
        Asserted in
        http://opencaesar.io/examples/firesat/programs/earth-science/projects/firesat/bundle/classes.
      </failure>
    </testcase>
    <testcase name='http://iso.org/80000-3-units#metre-per-second subclass of http://iupac.org/metrology#MetrologicalEntity'>
      <failure>
        Asserted in
        http://opencaesar.io/examples/firesat/programs/earth-science/projects/firesat/bundle/classes.
      </failure>
    </testcase>
    <testcase name='http://iso.org/80000-4-units#MassUnit subclass of http://iupac.org/metrology#MetrologicalEntity'>
      <failure>
        Asserted in
        http://opencaesar.io/examples/firesat/programs/earth-science/projects/firesat/bundle/classes.
      </failure>
    </testcase>
    <testcase name='http://imce.jpl.nasa.gov/discipline/fse/fse#MassAllocationMagnitude subclass of http://iupac.org/metrology#MetrologicalEntity'>
      <failure>
        Asserted in
        http://opencaesar.io/examples/firesat/programs/earth-science/projects/firesat/bundle/classes.
      </failure>
    </testcase>
    <testcase name='http://iso.org/80000-4-units#ForceUnit subclass of http://iupac.org/metrology#MetrologicalEntity'>
      <failure>
        Asserted in
        http://opencaesar.io/examples/firesat/programs/earth-science/projects/firesat/bundle/classes.
      </failure>
    </testcase>
    <testcase name='http://iupac.org/metrology#Magnitude subclass of http://iupac.org/metrology#MetrologicalEntity'>
      <failure>
        Asserted in
        http://opencaesar.io/examples/firesat/programs/earth-science/projects/firesat/bundle/classes, http://iupac.org/metrology.
      </failure>
    </testcase>
    <testcase name='http://iso.org/80000-4-quantities#force subclass of http://iupac.org/metrology#MetrologicalEntity'>
      <failure>
        Asserted in
        http://opencaesar.io/examples/firesat/programs/earth-science/projects/firesat/bundle/classes.
      </failure>
    </testcase>
    <testcase name='http://iso.org/80000-3-units#kilometre-per-second subclass of http://iupac.org/metrology#MetrologicalEntity'>
      <failure>
        Asserted in
        http://opencaesar.io/examples/firesat/programs/earth-science/projects/firesat/bundle/classes.
      </failure>
    </testcase>
    <testcase name='http://iso.org/80000-3-units#FrequencyUnit subclass of http://iupac.org/metrology#MetrologicalEntity'>
      <failure>
        Asserted in
        http://opencaesar.io/examples/firesat/programs/earth-science/projects/firesat/bundle/classes.
      </failure>
    </testcase>
    <testcase name='http://iso.org/80000-3-units#millisecond subclass of http://iupac.org/metrology#MetrologicalEntity'>
      <failure>
        Asserted in
        http://opencaesar.io/examples/firesat/programs/earth-science/projects/firesat/bundle/classes.
      </failure>
    </testcase>
    <testcase name='http://imce.jpl.nasa.gov/discipline/fse/fse#MGAMass subclass of http://iupac.org/metrology#MetrologicalEntity'>
      <failure>
        Asserted in
        http://opencaesar.io/examples/firesat/programs/earth-science/projects/firesat/bundle/classes.
      </failure>
    </testcase>
    <testcase name='http://iso.org/80000-6-magnitudes1#ohm-magnitude subclass of http://iupac.org/metrology#MetrologicalEntity'>
      <failure>
        Asserted in
        http://opencaesar.io/examples/firesat/programs/earth-science/projects/firesat/bundle/classes.
      </failure>
    </testcase>
    <testcase name='http://iupac.org/metrology#MeasurementUnit subclass of http://iupac.org/metrology#MetrologicalEntity'>
      <failure>
        Asserted in
        http://opencaesar.io/examples/firesat/programs/earth-science/projects/firesat/bundle/classes.
      </failure>
    </testcase>
    <testcase name='http://iso.org/80000-6-units#ElectricCurrentMagnitude subclass of http://iupac.org/metrology#MetrologicalEntity'>
      <failure>
        Asserted in
        http://opencaesar.io/examples/firesat/programs/earth-science/projects/firesat/bundle/classes.
      </failure>
    </testcase>
    <testcase name='http://iupac.org/metrology#Reference subclass of http://iupac.org/metrology#MetrologicalEntity'>
      <failure>
        Asserted in
        http://opencaesar.io/examples/firesat/programs/earth-science/projects/firesat/bundle/classes, http://iupac.org/metrology.
      </failure>
    </testcase>
    <testcase name='http://iso.org/80000-6-units#ElectricFieldStrengthUnit subclass of http://iupac.org/metrology#MetrologicalEntity'>
      <failure>
        Asserted in
        http://opencaesar.io/examples/firesat/programs/earth-science/projects/firesat/bundle/classes.
      </failure>
    </testcase>
    <testcase name='http://iso.org/80000-3-units#radian subclass of http://iupac.org/metrology#MetrologicalEntity'>
      <failure>
        Asserted in
        http://opencaesar.io/examples/firesat/programs/earth-science/projects/firesat/bundle/classes.
      </failure>
    </testcase>
    <testcase name='http://imce.jpl.nasa.gov/discipline/fse/fse#MEVMass subclass of http://iupac.org/metrology#MetrologicalEntity'>
      <failure>
        Asserted in
        http://opencaesar.io/examples/firesat/programs/earth-science/projects/firesat/bundle/classes.
      </failure>
    </testcase>
    <testcase name='http://iso.org/80000-6-magnitudes1#ampere-magnitude subclass of http://iupac.org/metrology#MetrologicalEntity'>
      <failure>
        Asserted in
        http://opencaesar.io/examples/firesat/programs/earth-science/projects/firesat/bundle/classes.
      </failure>
    </testcase>
    <testcase name='http://iupac.org/metrology#ReferenceMaterial subclass of http://iupac.org/metrology#MetrologicalEntity'>
      <failure>
        Asserted in
        http://opencaesar.io/examples/firesat/programs/earth-science/projects/firesat/bundle/classes.
      </failure>
    </testcase>
    <testcase name='http://iso.org/80000-4-units#newton-millisecond subclass of http://iupac.org/metrology#MetrologicalEntity'>
      <failure>
        Asserted in
        http://opencaesar.io/examples/firesat/programs/earth-science/projects/firesat/bundle/classes.
      </failure>
    </testcase>
    <testcase name='http://iso.org/80000-4-units#gram subclass of http://iupac.org/metrology#MetrologicalEntity'>
      <failure>
        Asserted in
        http://opencaesar.io/examples/firesat/programs/earth-science/projects/firesat/bundle/classes.
      </failure>
    </testcase>
    <testcase name='http://imce.jpl.nasa.gov/discipline/fse/fse#MassAllocation subclass of http://iupac.org/metrology#MetrologicalEntity'>
      <failure>
        Asserted in
        http://opencaesar.io/examples/firesat/programs/earth-science/projects/firesat/bundle/classes.
      </failure>
    </testcase>
    <testcase name='http://iso.org/80000-6-units#ElectricPotentialUnit subclass of http://iupac.org/metrology#MetrologicalEntity'>
      <failure>
        Asserted in
        http://opencaesar.io/examples/firesat/programs/earth-science/projects/firesat/bundle/classes.
      </failure>
    </testcase>
    <testcase name='http://imce.jpl.nasa.gov/discipline/fse/fse#MassEstimate subclass of http://iupac.org/metrology#MetrologicalEntity'>
      <failure>
        Asserted in
        http://opencaesar.io/examples/firesat/programs/earth-science/projects/firesat/bundle/classes.
      </failure>
    </testcase>
    <testcase name='http://iso.org/80000-6-units#ElectricCurrentUnit subclass of http://iupac.org/metrology#MetrologicalEntity'>
      <failure>
        Asserted in
        http://opencaesar.io/examples/firesat/programs/earth-science/projects/firesat/bundle/classes.
      </failure>
    </testcase>
    <testcase name='http://iupac.org/metrology#SystemOfUnitaryQuantities subclass of http://iupac.org/metrology#MetrologicalEntity'>
      <failure>
        Asserted in
        http://opencaesar.io/examples/firesat/programs/earth-science/projects/firesat/bundle/classes, http://iupac.org/metrology.
      </failure>
    </testcase>
    <testcase name='http://iso.org/80000-6-units#ResistanceMagnitude subclass of http://iupac.org/metrology#MetrologicalEntity'>
      <failure>
        Asserted in
        http://opencaesar.io/examples/firesat/programs/earth-science/projects/firesat/bundle/classes.
      </failure>
    </testcase>
    <testcase name='http://iso.org/80000-3-units#AngularMeasureUnit subclass of http://iupac.org/metrology#MetrologicalEntity'>
      <failure>
        Asserted in
        http://opencaesar.io/examples/firesat/programs/earth-science/projects/firesat/bundle/classes.
      </failure>
    </testcase>
    <testcase name='http://iso.org/80000-4-units#kilogram subclass of http://iupac.org/metrology#MetrologicalEntity'>
      <failure>
        Asserted in
        http://opencaesar.io/examples/firesat/programs/earth-science/projects/firesat/bundle/classes.
      </failure>
    </testcase>
    <testcase name='http://iso.org/80000-6-units#ElectricChargeMagnitude subclass of http://iupac.org/metrology#MetrologicalEntity'>
      <failure>
        Asserted in
        http://opencaesar.io/examples/firesat/programs/earth-science/projects/firesat/bundle/classes.
      </failure>
    </testcase>
    <testcase name='http://iso.org/80000-3-units#TimeUnit subclass of http://iupac.org/metrology#MetrologicalEntity'>
      <failure>
        Asserted in
        http://opencaesar.io/examples/firesat/programs/earth-science/projects/firesat/bundle/classes.
      </failure>
    </testcase>
    <testcase name='http://iso.org/80000-4-units#newton subclass of http://iupac.org/metrology#MetrologicalEntity'>
      <failure>
        Asserted in
        http://opencaesar.io/examples/firesat/programs/earth-science/projects/firesat/bundle/classes.
      </failure>
    </testcase>
    <testcase name='http://iso.org/80000-3-units#hertz subclass of http://iupac.org/metrology#MetrologicalEntity'>
      <failure>
        Asserted in
        http://opencaesar.io/examples/firesat/programs/earth-science/projects/firesat/bundle/classes.
      </failure>
    </testcase>
    <testcase name='http://iupac.org/metrology#PrefixedMeasurementUnit subclass of http://iupac.org/metrology#MetrologicalEntity'>
      <failure>
        Asserted in
        http://opencaesar.io/examples/firesat/programs/earth-science/projects/firesat/bundle/classes.
      </failure>
    </testcase>
    <testcase name='http://imce.jpl.nasa.gov/discipline/fse/fse#MEVMagnitue subclass of http://iupac.org/metrology#MetrologicalEntity'>
      <failure>
        Asserted in
        http://opencaesar.io/examples/firesat/programs/earth-science/projects/firesat/bundle/classes.
      </failure>
    </testcase>
    <testcase name='http://iso.org/80000-6-magnitudes1#coulomb-magnitude subclass of http://iupac.org/metrology#MetrologicalEntity'>
      <failure>
        Asserted in
        http://opencaesar.io/examples/firesat/programs/earth-science/projects/firesat/bundle/classes.
      </failure>
    </testcase>
    <testcase name='http://iso.org/80000-3-units#RotationUnit subclass of http://iupac.org/metrology#MetrologicalEntity'>
      <failure>
        Asserted in
        http://opencaesar.io/examples/firesat/programs/earth-science/projects/firesat/bundle/classes.
      </failure>
    </testcase>
    <testcase name='http://iso.org/80000-4-units#newton-second subclass of http://iupac.org/metrology#MetrologicalEntity'>
      <failure>
        Asserted in
        http://opencaesar.io/examples/firesat/programs/earth-science/projects/firesat/bundle/classes.
      </failure>
    </testcase>
    <testcase name='http://iso.org/80000-4-units#watt subclass of http://iupac.org/metrology#MetrologicalEntity'>
      <failure>
        Asserted in
        http://opencaesar.io/examples/firesat/programs/earth-science/projects/firesat/bundle/classes.
      </failure>
    </testcase>
    <testcase name='http://iso.org/80000-6-magnitudes1#volt-magnitude subclass of http://iupac.org/metrology#MetrologicalEntity'>
      <failure>
        Asserted in
        http://opencaesar.io/examples/firesat/programs/earth-science/projects/firesat/bundle/classes.
      </failure>
    </testcase>
    <testcase name='http://iso.org/80000-6-units#ResistanceUnit subclass of http://iupac.org/metrology#MetrologicalEntity'>
      <failure>
        Asserted in
        http://opencaesar.io/examples/firesat/programs/earth-science/projects/firesat/bundle/classes.
      </failure>
    </testcase>
    <testcase name='http://iso.org/80000-3-units#minute subclass of http://iupac.org/metrology#MetrologicalEntity'>
      <failure>
        Asserted in
        http://opencaesar.io/examples/firesat/programs/earth-science/projects/firesat/bundle/classes.
      </failure>
    </testcase>
    <testcase name='http://iso.org/80000-3-units#kilometre subclass of http://iupac.org/metrology#MetrologicalEntity'>
      <failure>
        Asserted in
        http://opencaesar.io/examples/firesat/programs/earth-science/projects/firesat/bundle/classes.
      </failure>
    </testcase>
    <testcase name='http://iso.org/80000-4-quantities#mass subclass of http://iupac.org/metrology#MetrologicalEntity'>
      <failure>
        Asserted in
        http://opencaesar.io/examples/firesat/programs/earth-science/projects/firesat/bundle/classes.
      </failure>
    </testcase>
    <testcase name='http://iupac.org/metrology#SystemOfMetrologicalUnits subclass of http://iupac.org/metrology#MetrologicalEntity'>
      <failure>
        Asserted in
        http://opencaesar.io/examples/firesat/programs/earth-science/projects/firesat/bundle/classes, http://iupac.org/metrology.
      </failure>
    </testcase>
    <testcase name='http://iso.org/80000-6-units#ElectricPotentialMagnitude subclass of http://iupac.org/metrology#MetrologicalEntity'>
      <failure>
        Asserted in
        http://opencaesar.io/examples/firesat/programs/earth-science/projects/firesat/bundle/classes.
      </failure>
    </testcase>
    <testcase name='http://iso.org/80000-4-units#MomentumUnit subclass of http://iso.org/80000-4-units#MomentumUnit'>
      <failure>
        Asserted in
        http://opencaesar.io/examples/firesat/programs/earth-science/projects/firesat/bundle/classes.
      </failure>
    </testcase>
    <testcase name='http://iso.org/80000-4-units#kilogram-metre-per-second subclass of http://iso.org/80000-4-units#MomentumUnit'>
      <failure>
        Asserted in
        http://opencaesar.io/examples/firesat/programs/earth-science/projects/firesat/bundle/classes, http://iso.org/80000-4-units.
      </failure>
    </testcase>
    <testcase name='http://iso.org/80000-3-units#Radian-Has-Metre-Numerator subclass of http://iso.org/80000-3-units#Radian-Has-Metre-Numerator'>
      <failure>
        Asserted in
        http://opencaesar.io/examples/firesat/programs/earth-science/projects/firesat/bundle/classes.
      </failure>
    </testcase>
    <testcase name='http://iupac.org/metrology#MeasurementProcedure subclass of http://iupac.org/metrology#MeasurementProcedure'>
      <failure>
        Asserted in
        http://opencaesar.io/examples/firesat/programs/earth-science/projects/firesat/bundle/classes.
      </failure>
    </testcase>
    <testcase name='http://iso.org/80000-4-quantities#momentum subclass of http://iso.org/80000-4-quantities#momentum'>
      <failure>
        Asserted in
        http://opencaesar.io/examples/firesat/programs/earth-science/projects/firesat/bundle/classes.
      </failure>
    </testcase>
    <testcase name='http://iso.org/80000-4-units#PowerUnit subclass of http://iso.org/80000-4-units#PowerUnit'>
      <failure>
        Asserted in
        http://opencaesar.io/examples/firesat/programs/earth-science/projects/firesat/bundle/classes.
      </failure>
    </testcase>
    <testcase name='http://iso.org/80000-4-units#watt subclass of http://iso.org/80000-4-units#PowerUnit'>
      <failure>
        Asserted in
        http://opencaesar.io/examples/firesat/programs/earth-science/projects/firesat/bundle/classes, http://iso.org/80000-4-units.
      </failure>
    </testcase>
    <testcase name='http://imce.jpl.nasa.gov/discipline/fse/fse#ConnectsAssembly2 subclass of http://imce.jpl.nasa.gov/discipline/fse/fse#ConnectsAssembly2'>
      <failure>
        Asserted in
        http://opencaesar.io/examples/firesat/programs/earth-science/projects/firesat/bundle/classes.
      </failure>
    </testcase>
    <testcase name='http://iso.org/80000-6-units#Coulomb-Has-Ampere subclass of http://iso.org/80000-6-units#Coulomb-Has-Ampere'>
      <failure>
        Asserted in
        http://opencaesar.io/examples/firesat/programs/earth-science/projects/firesat/bundle/classes.
      </failure>
    </testcase>
    <testcase name='http://iso.org/80000-6-quantities#Electric-Potential-Has-Path-Length subclass of http://iso.org/80000-6-quantities#Electric-Potential-Has-Path-Length'>
      <failure>
        Asserted in
        http://opencaesar.io/examples/firesat/programs/earth-science/projects/firesat/bundle/classes.
      </failure>
    </testcase>
    <testcase name='http://iso.org/80000-6-units#Volt-Has-Newton-Per-Coulomb subclass of http://iso.org/80000-6-units#Volt-Has-Newton-Per-Coulomb'>
      <failure>
        Asserted in
        http://opencaesar.io/examples/firesat/programs/earth-science/projects/firesat/bundle/classes.
      </failure>
    </testcase>
    <testcase name='http://iso.org/80000-4-units#Newton-Second-Has-Second subclass of http://iso.org/80000-4-units#Newton-Second-Has-Second'>
      <failure>
        Asserted in
        http://opencaesar.io/examples/firesat/programs/earth-science/projects/firesat/bundle/classes.
      </failure>
    </testcase>
    <testcase name='http://imce.jpl.nasa.gov/foundation/project#Invokes subclass of http://imce.jpl.nasa.gov/foundation/project#Invokes'>
      <failure>
        Asserted in
        http://opencaesar.io/examples/firesat/programs/earth-science/projects/firesat/bundle/classes.
      </failure>
    </testcase>
    <testcase name='http://imce.jpl.nasa.gov/foundation/project#Produces subclass of http://imce.jpl.nasa.gov/foundation/project#Produces'>
      <failure>
        Asserted in
        http://opencaesar.io/examples/firesat/programs/earth-science/projects/firesat/bundle/classes.
      </failure>
    </testcase>
    <testcase name='http://imce.jpl.nasa.gov/foundation/project#Policy subclass of http://imce.jpl.nasa.gov/foundation/project#Policy'>
      <failure>
        Asserted in
        http://opencaesar.io/examples/firesat/programs/earth-science/projects/firesat/bundle/classes.
      </failure>
    </testcase>
    <testcase name='http://imce.jpl.nasa.gov/discipline/fse/fse#MGAMagnitude subclass of http://imce.jpl.nasa.gov/discipline/fse/fse#MGAMagnitude'>
      <failure>
        Asserted in
        http://opencaesar.io/examples/firesat/programs/earth-science/projects/firesat/bundle/classes.
      </failure>
    </testcase>
    <testcase name='http://iso.org/80000-6-magnitudes1#newton-per-coulomb-magnitude subclass of http://iso.org/80000-6-magnitudes1#newton-per-coulomb-magnitude'>
      <failure>
        Asserted in
        http://opencaesar.io/examples/firesat/programs/earth-science/projects/firesat/bundle/classes.
      </failure>
    </testcase>
    <testcase name='http://iso.org/80000-6-units#Newton-Per-Coulomb-Has-Coulomb subclass of http://iso.org/80000-6-units#Newton-Per-Coulomb-Has-Coulomb'>
      <failure>
        Asserted in
        http://opencaesar.io/examples/firesat/programs/earth-science/projects/firesat/bundle/classes.
      </failure>
    </testcase>
    <testcase name='http://iso.org/80000-4-units#ImpulseUnit subclass of http://iso.org/80000-4-units#ImpulseUnit'>
      <failure>
        Asserted in
        http://opencaesar.io/examples/firesat/programs/earth-science/projects/firesat/bundle/classes.
      </failure>
    </testcase>
    <testcase name='http://iso.org/80000-4-units#newton-millisecond subclass of http://iso.org/80000-4-units#ImpulseUnit'>
      <failure>
        Asserted in
        http://opencaesar.io/examples/firesat/programs/earth-science/projects/firesat/bundle/classes, http://iso.org/80000-4-units.
      </failure>
    </testcase>
    <testcase name='http://iso.org/80000-4-units#newton-second subclass of http://iso.org/80000-4-units#ImpulseUnit'>
      <failure>
        Asserted in
        http://opencaesar.io/examples/firesat/programs/earth-science/projects/firesat/bundle/classes, http://iso.org/80000-4-units.
      </failure>
    </testcase>
    <testcase name='http://iso.org/80000-4-quantities#impulse subclass of http://iso.org/80000-4-quantities#impulse'>
      <failure>
        Asserted in
        http://opencaesar.io/examples/firesat/programs/earth-science/projects/firesat/bundle/classes.
      </failure>
    </testcase>
    <testcase name='http://imce.jpl.nasa.gov/foundation/project#Prepares subclass of http://imce.jpl.nasa.gov/foundation/project#Prepares'>
      <failure>
        Asserted in
        http://opencaesar.io/examples/firesat/programs/earth-science/projects/firesat/bundle/classes.
      </failure>
    </testcase>
    <testcase name='http://imce.jpl.nasa.gov/discipline/fse/fse#CBEMass subclass of http://iupac.org/metrology#UnitaryQuantity'>
      <failure>
        Asserted in
        http://opencaesar.io/examples/firesat/programs/earth-science/projects/firesat/bundle/classes.
      </failure>
    </testcase>
    <testcase name='http://imce.jpl.nasa.gov/discipline/fse/fse#MassLimit subclass of http://iupac.org/metrology#UnitaryQuantity'>
      <failure>
        Asserted in
        http://opencaesar.io/examples/firesat/programs/earth-science/projects/firesat/bundle/classes.
      </failure>
    </testcase>
    <testcase name='http://iso.org/80000-5-quantities#celcius-temperature subclass of http://iupac.org/metrology#UnitaryQuantity'>
      <failure>
        Asserted in
        http://opencaesar.io/examples/firesat/programs/earth-science/projects/firesat/bundle/classes.
      </failure>
    </testcase>
    <testcase name='http://iso.org/80000-5-quantities#thermodynamic-temperature subclass of http://iupac.org/metrology#UnitaryQuantity'>
      <failure>
        Asserted in
        http://opencaesar.io/examples/firesat/programs/earth-science/projects/firesat/bundle/classes.
      </failure>
    </testcase>
    <testcase name='http://iupac.org/metrology#DerivedUnitaryQuantity subclass of http://iupac.org/metrology#UnitaryQuantity'>
      <failure>
        Asserted in
        http://opencaesar.io/examples/firesat/programs/earth-science/projects/firesat/bundle/classes, http://iupac.org/metrology.
      </failure>
    </testcase>
    <testcase name='http://iupac.org/metrology#IndependentUnitaryQuantity subclass of http://iupac.org/metrology#UnitaryQuantity'>
      <failure>
        Asserted in
        http://opencaesar.io/examples/firesat/programs/earth-science/projects/firesat/bundle/classes, http://iupac.org/metrology.
      </failure>
    </testcase>
    <testcase name='http://iso.org/80000-6-quantities#electric-charge subclass of http://iupac.org/metrology#UnitaryQuantity'>
      <failure>
        Asserted in
        http://opencaesar.io/examples/firesat/programs/earth-science/projects/firesat/bundle/classes.
      </failure>
    </testcase>
    <testcase name='http://iso.org/80000-6-quantities#electric-current subclass of http://iupac.org/metrology#UnitaryQuantity'>
      <failure>
        Asserted in
        http://opencaesar.io/examples/firesat/programs/earth-science/projects/firesat/bundle/classes.
      </failure>
    </testcase>
    <testcase name='http://iso.org/80000-6-quantities#electric-field-strength subclass of http://iupac.org/metrology#UnitaryQuantity'>
      <failure>
        Asserted in
        http://opencaesar.io/examples/firesat/programs/earth-science/projects/firesat/bundle/classes.
      </failure>
    </testcase>
    <testcase name='http://iso.org/80000-6-quantities#electric-potential subclass of http://iupac.org/metrology#UnitaryQuantity'>
      <failure>
        Asserted in
        http://opencaesar.io/examples/firesat/programs/earth-science/projects/firesat/bundle/classes.
      </failure>
    </testcase>
    <testcase name='http://iso.org/80000-6-quantities#resistance subclass of http://iupac.org/metrology#UnitaryQuantity'>
      <failure>
        Asserted in
        http://opencaesar.io/examples/firesat/programs/earth-science/projects/firesat/bundle/classes.
      </failure>
    </testcase>
    <testcase name='http://iso.org/80000-3-quantities#angular-measure subclass of http://iupac.org/metrology#UnitaryQuantity'>
      <failure>
        Asserted in
        http://opencaesar.io/examples/firesat/programs/earth-science/projects/firesat/bundle/classes.
      </failure>
    </testcase>
    <testcase name='http://iso.org/80000-3-quantities#arc-length subclass of http://iupac.org/metrology#UnitaryQuantity'>
      <failure>
        Asserted in
        http://opencaesar.io/examples/firesat/programs/earth-science/projects/firesat/bundle/classes.
      </failure>
    </testcase>
    <testcase name='http://iso.org/80000-3-quantities#radius subclass of http://iupac.org/metrology#UnitaryQuantity'>
      <failure>
        Asserted in
        http://opencaesar.io/examples/firesat/programs/earth-science/projects/firesat/bundle/classes.
      </failure>
    </testcase>
    <testcase name='http://iso.org/80000-3-quantities#frequency subclass of http://iupac.org/metrology#UnitaryQuantity'>
      <failure>
        Asserted in
        http://opencaesar.io/examples/firesat/programs/earth-science/projects/firesat/bundle/classes.
      </failure>
    </testcase>
    <testcase name='http://iso.org/80000-3-quantities#period-duration subclass of http://iupac.org/metrology#UnitaryQuantity'>
      <failure>
        Asserted in
        http://opencaesar.io/examples/firesat/programs/earth-science/projects/firesat/bundle/classes.
      </failure>
    </testcase>
    <testcase name='http://iso.org/80000-3-quantities#rotation subclass of http://iupac.org/metrology#UnitaryQuantity'>
      <failure>
        Asserted in
        http://opencaesar.io/examples/firesat/programs/earth-science/projects/firesat/bundle/classes.
      </failure>
    </testcase>
    <testcase name='http://iso.org/80000-3-quantities#rotational-displacement subclass of http://iupac.org/metrology#UnitaryQuantity'>
      <failure>
        Asserted in
        http://opencaesar.io/examples/firesat/programs/earth-science/projects/firesat/bundle/classes.
      </failure>
    </testcase>
    <testcase name='http://iso.org/80000-3-quantities#distance subclass of http://iupac.org/metrology#UnitaryQuantity'>
      <failure>
        Asserted in
        http://opencaesar.io/examples/firesat/programs/earth-science/projects/firesat/bundle/classes.
      </failure>
    </testcase>
    <testcase name='http://iso.org/80000-3-quantities#path-length subclass of http://iupac.org/metrology#UnitaryQuantity'>
      <failure>
        Asserted in
        http://opencaesar.io/examples/firesat/programs/earth-science/projects/firesat/bundle/classes.
      </failure>
    </testcase>
    <testcase name='http://iso.org/80000-3-quantities#rotational-frequency subclass of http://iupac.org/metrology#UnitaryQuantity'>
      <failure>
        Asserted in
        http://opencaesar.io/examples/firesat/programs/earth-science/projects/firesat/bundle/classes.
      </failure>
    </testcase>
    <testcase name='http://iso.org/80000-3-quantities#duration subclass of http://iupac.org/metrology#UnitaryQuantity'>
      <failure>
        Asserted in
        http://opencaesar.io/examples/firesat/programs/earth-science/projects/firesat/bundle/classes.
      </failure>
    </testcase>
    <testcase name='http://iso.org/80000-3-quantities#velocity subclass of http://iupac.org/metrology#UnitaryQuantity'>
      <failure>
        Asserted in
        http://opencaesar.io/examples/firesat/programs/earth-science/projects/firesat/bundle/classes.
      </failure>
    </testcase>
    <testcase name='http://iso.org/80000-3-quantities#position-vector subclass of http://iupac.org/metrology#UnitaryQuantity'>
      <failure>
        Asserted in
        http://opencaesar.io/examples/firesat/programs/earth-science/projects/firesat/bundle/classes.
      </failure>
    </testcase>
    <testcase name='http://iso.org/80000-3-quantities#altitude subclass of http://iupac.org/metrology#UnitaryQuantity'>
      <failure>
        Asserted in
        http://opencaesar.io/examples/firesat/programs/earth-science/projects/firesat/bundle/classes.
      </failure>
    </testcase>
    <testcase name='http://iso.org/80000-3-quantities#height subclass of http://iupac.org/metrology#UnitaryQuantity'>
      <failure>
        Asserted in
        http://opencaesar.io/examples/firesat/programs/earth-science/projects/firesat/bundle/classes.
      </failure>
    </testcase>
    <testcase name='http://iso.org/80000-3-quantities#breadth subclass of http://iupac.org/metrology#UnitaryQuantity'>
      <failure>
        Asserted in
        http://opencaesar.io/examples/firesat/programs/earth-science/projects/firesat/bundle/classes.
      </failure>
    </testcase>
    <testcase name='http://iso.org/80000-3-quantities#width subclass of http://iupac.org/metrology#UnitaryQuantity'>
      <failure>
        Asserted in
        http://opencaesar.io/examples/firesat/programs/earth-science/projects/firesat/bundle/classes.
      </failure>
    </testcase>
    <testcase name='http://iso.org/80000-3-quantities#depth subclass of http://iupac.org/metrology#UnitaryQuantity'>
      <failure>
        Asserted in
        http://opencaesar.io/examples/firesat/programs/earth-science/projects/firesat/bundle/classes.
      </failure>
    </testcase>
    <testcase name='http://iso.org/80000-3-quantities#diameter subclass of http://iupac.org/metrology#UnitaryQuantity'>
      <failure>
        Asserted in
        http://opencaesar.io/examples/firesat/programs/earth-science/projects/firesat/bundle/classes.
      </failure>
    </testcase>
    <testcase name='http://iso.org/80000-3-quantities#length subclass of http://iupac.org/metrology#UnitaryQuantity'>
      <failure>
        Asserted in
        http://opencaesar.io/examples/firesat/programs/earth-science/projects/firesat/bundle/classes.
      </failure>
    </testcase>
    <testcase name='http://iso.org/80000-3-quantities#displacement subclass of http://iupac.org/metrology#UnitaryQuantity'>
      <failure>
        Asserted in
        http://opencaesar.io/examples/firesat/programs/earth-science/projects/firesat/bundle/classes.
      </failure>
    </testcase>
    <testcase name='http://iso.org/80000-3-quantities#radial-distance subclass of http://iupac.org/metrology#UnitaryQuantity'>
      <failure>
        Asserted in
        http://opencaesar.io/examples/firesat/programs/earth-science/projects/firesat/bundle/classes.
      </failure>
    </testcase>
    <testcase name='http://iso.org/80000-3-quantities#radius-of-curvature subclass of http://iupac.org/metrology#UnitaryQuantity'>
      <failure>
        Asserted in
        http://opencaesar.io/examples/firesat/programs/earth-science/projects/firesat/bundle/classes.
      </failure>
    </testcase>
    <testcase name='http://iso.org/80000-3-quantities#thickness subclass of http://iupac.org/metrology#UnitaryQuantity'>
      <failure>
        Asserted in
        http://opencaesar.io/examples/firesat/programs/earth-science/projects/firesat/bundle/classes.
      </failure>
    </testcase>
    <testcase name='http://iso.org/80000-4-quantities#momentum subclass of http://iupac.org/metrology#UnitaryQuantity'>
      <failure>
        Asserted in
        http://opencaesar.io/examples/firesat/programs/earth-science/projects/firesat/bundle/classes.
      </failure>
    </testcase>
    <testcase name='http://iso.org/80000-4-quantities#impulse subclass of http://iupac.org/metrology#UnitaryQuantity'>
      <failure>
        Asserted in
        http://opencaesar.io/examples/firesat/programs/earth-science/projects/firesat/bundle/classes.
      </failure>
    </testcase>
    <testcase name='http://iupac.org/metrology#UnitaryQuantity subclass of http://iupac.org/metrology#UnitaryQuantity'>
      <failure>
        Asserted in
        http://opencaesar.io/examples/firesat/programs/earth-science/projects/firesat/bundle/classes.
      </failure>
    </testcase>
    <testcase name='http://iso.org/80000-4-quantities#power subclass of http://iupac.org/metrology#UnitaryQuantity'>
      <failure>
        Asserted in
        http://opencaesar.io/examples/firesat/programs/earth-science/projects/firesat/bundle/classes.
      </failure>
    </testcase>
    <testcase name='http://iso.org/80000-4-quantities#force subclass of http://iupac.org/metrology#UnitaryQuantity'>
      <failure>
        Asserted in
        http://opencaesar.io/examples/firesat/programs/earth-science/projects/firesat/bundle/classes.
      </failure>
    </testcase>
    <testcase name='http://imce.jpl.nasa.gov/discipline/fse/fse#MGAMass subclass of http://iupac.org/metrology#UnitaryQuantity'>
      <failure>
        Asserted in
        http://opencaesar.io/examples/firesat/programs/earth-science/projects/firesat/bundle/classes.
      </failure>
    </testcase>
    <testcase name='http://imce.jpl.nasa.gov/discipline/fse/fse#MEVMass subclass of http://iupac.org/metrology#UnitaryQuantity'>
      <failure>
        Asserted in
        http://opencaesar.io/examples/firesat/programs/earth-science/projects/firesat/bundle/classes.
      </failure>
    </testcase>
    <testcase name='http://imce.jpl.nasa.gov/discipline/fse/fse#MassAllocation subclass of http://iupac.org/metrology#UnitaryQuantity'>
      <failure>
        Asserted in
        http://opencaesar.io/examples/firesat/programs/earth-science/projects/firesat/bundle/classes.
      </failure>
    </testcase>
    <testcase name='http://imce.jpl.nasa.gov/discipline/fse/fse#MassEstimate subclass of http://iupac.org/metrology#UnitaryQuantity'>
      <failure>
        Asserted in
        http://opencaesar.io/examples/firesat/programs/earth-science/projects/firesat/bundle/classes.
      </failure>
    </testcase>
    <testcase name='http://iso.org/80000-4-quantities#mass subclass of http://iupac.org/metrology#UnitaryQuantity'>
      <failure>
        Asserted in
        http://opencaesar.io/examples/firesat/programs/earth-science/projects/firesat/bundle/classes.
      </failure>
    </testcase>
    <testcase name='http://imce.jpl.nasa.gov/foundation/project#Process subclass of http://imce.jpl.nasa.gov/foundation/project#Process'>
      <failure>
        Asserted in
        http://opencaesar.io/examples/firesat/programs/earth-science/projects/firesat/bundle/classes.
      </failure>
    </testcase>
    <testcase name='http://iso.org/80000-3-units#Radian-Has-Metre-Denominator subclass of http://iso.org/80000-3-units#Radian-Has-Metre-Denominator'>
      <failure>
        Asserted in
        http://opencaesar.io/examples/firesat/programs/earth-science/projects/firesat/bundle/classes.
      </failure>
    </testcase>
    <testcase name='http://iso.org/80000-4-units#kilogram-metre-per-second subclass of http://iso.org/80000-4-units#kilogram-metre-per-second'>
      <failure>
        Asserted in
        http://opencaesar.io/examples/firesat/programs/earth-science/projects/firesat/bundle/classes.
      </failure>
    </testcase>
    <testcase name='http://iupac.org/metrology#OrdinalQuantity subclass of http://iupac.org/metrology#OrdinalQuantity'>
      <failure>
        Asserted in
        http://opencaesar.io/examples/firesat/programs/earth-science/projects/firesat/bundle/classes.
      </failure>
    </testcase>
    <testcase name='http://iso.org/80000-6-quantities#Resistance-Has-Electric-Current subclass of http://iso.org/80000-6-quantities#Resistance-Has-Electric-Current'>
      <failure>
        Asserted in
        http://opencaesar.io/examples/firesat/programs/earth-science/projects/firesat/bundle/classes.
      </failure>
    </testcase>
    <testcase name='http://imce.jpl.nasa.gov/foundation/project#Facility subclass of http://imce.jpl.nasa.gov/foundation/project#Facility'>
      <failure>
        Asserted in
        http://opencaesar.io/examples/firesat/programs/earth-science/projects/firesat/bundle/classes.
      </failure>
    </testcase>
    <testcase name='http://imce.jpl.nasa.gov/foundation/project#ReliesOn subclass of http://imce.jpl.nasa.gov/foundation/project#ReliesOn'>
      <failure>
        Asserted in
        http://opencaesar.io/examples/firesat/programs/earth-science/projects/firesat/bundle/classes.
      </failure>
    </testcase>
    <testcase name='http://iso.org/80000-3-units#revolution subclass of http://iso.org/80000-3-units#revolution'>
      <failure>
        Asserted in
        http://opencaesar.io/examples/firesat/programs/earth-science/projects/firesat/bundle/classes.
      </failure>
    </testcase>
    <testcase name='http://iso.org/80000-4-quantities#Momentum-Has-Mass subclass of http://iso.org/80000-4-quantities#Momentum-Has-Mass'>
      <failure>
        Asserted in
        http://opencaesar.io/examples/firesat/programs/earth-science/projects/firesat/bundle/classes.
      </failure>
    </testcase>
    <testcase name='http://iso.org/80000-6-quantities#Resistance-Has-Electric-Potential subclass of http://iso.org/80000-6-quantities#Resistance-Has-Electric-Potential'>
      <failure>
        Asserted in
        http://opencaesar.io/examples/firesat/programs/earth-science/projects/firesat/bundle/classes.
      </failure>
    </testcase>
    <testcase name='http://imce.jpl.nasa.gov/foundation/project#Involves1 subclass of http://imce.jpl.nasa.gov/foundation/project#Involves1'>
      <failure>
        Asserted in
        http://opencaesar.io/examples/firesat/programs/earth-science/projects/firesat/bundle/classes.
      </failure>
    </testcase>
    <testcase name='http://imce.jpl.nasa.gov/foundation/project#Project subclass of http://imce.jpl.nasa.gov/foundation/project#Project'>
      <failure>
        Asserted in
        http://opencaesar.io/examples/firesat/programs/earth-science/projects/firesat/bundle/classes.
      </failure>
    </testcase>
    <testcase name='http://iso.org/80000-4-quantities#Impulse-Has-Force subclass of http://iso.org/80000-4-quantities#Impulse-Has-Force'>
      <failure>
        Asserted in
        http://opencaesar.io/examples/firesat/programs/earth-science/projects/firesat/bundle/classes.
      </failure>
    </testcase>
    <testcase name='http://iso.org/80000-6-units#Newton-Per-Coulomb-Has-Newton subclass of http://iso.org/80000-6-units#Newton-Per-Coulomb-Has-Newton'>
      <failure>
        Asserted in
        http://opencaesar.io/examples/firesat/programs/earth-science/projects/firesat/bundle/classes.
      </failure>
    </testcase>
    <testcase name='http://iso.org/80000-3-units#Hertz-Has-Second subclass of http://iso.org/80000-3-units#Hertz-Has-Second'>
      <failure>
        Asserted in
        http://opencaesar.io/examples/firesat/programs/earth-science/projects/firesat/bundle/classes.
      </failure>
    </testcase>
    <testcase name='http://iso.org/80000-3-units#hour subclass of http://iso.org/80000-3-units#hour'>
      <failure>
        Asserted in
        http://opencaesar.io/examples/firesat/programs/earth-science/projects/firesat/bundle/classes.
      </failure>
    </testcase>
    <testcase name='http://imce.jpl.nasa.gov/foundation/project#DelegatesTo subclass of http://imce.jpl.nasa.gov/foundation/project#DelegatesTo'>
      <failure>
        Asserted in
        http://opencaesar.io/examples/firesat/programs/earth-science/projects/firesat/bundle/classes.
      </failure>
    </testcase>
    <testcase name='http://iso.org/80000-6-units#Volt-Has-Metre subclass of http://iso.org/80000-6-units#Volt-Has-Metre'>
      <failure>
        Asserted in
        http://opencaesar.io/examples/firesat/programs/earth-science/projects/firesat/bundle/classes.
      </failure>
    </testcase>
    <testcase name='http://iso.org/80000-6-quantities#Electric-Charge-Has-Duration subclass of http://iso.org/80000-6-quantities#Electric-Charge-Has-Duration'>
      <failure>
        Asserted in
        http://opencaesar.io/examples/firesat/programs/earth-science/projects/firesat/bundle/classes.
      </failure>
    </testcase>
    <testcase name='http://imce.jpl.nasa.gov/foundation/project#Concurs subclass of http://imce.jpl.nasa.gov/foundation/project#Concurs'>
      <failure>
        Asserted in
        http://opencaesar.io/examples/firesat/programs/earth-science/projects/firesat/bundle/classes.
      </failure>
    </testcase>
    <testcase name='http://imce.jpl.nasa.gov/foundation/project#HasRole subclass of http://imce.jpl.nasa.gov/foundation/project#HasRole'>
      <failure>
        Asserted in
        http://opencaesar.io/examples/firesat/programs/earth-science/projects/firesat/bundle/classes.
      </failure>
    </testcase>
    <testcase name='http://iso.org/80000-4-quantities#power subclass of http://iso.org/80000-4-quantities#power'>
      <failure>
        Asserted in
        http://opencaesar.io/examples/firesat/programs/earth-science/projects/firesat/bundle/classes.
      </failure>
    </testcase>
    <testcase name='http://iupac.org/metrology#IsReflexiveMagnitudeOf subclass of http://iupac.org/metrology#IsReflexiveMagnitudeOf'>
      <failure>
        Asserted in
        http://opencaesar.io/examples/firesat/programs/earth-science/projects/firesat/bundle/classes.
      </failure>
    </testcase>
    <testcase name='http://iupac.org/metrology#OrdinalMagnitude subclass of http://iupac.org/metrology#OrdinalMagnitude'>
      <failure>
        Asserted in
        http://opencaesar.io/examples/firesat/programs/earth-science/projects/firesat/bundle/classes.
      </failure>
    </testcase>
    <testcase name='http://iso.org/80000-4-units#Newton-Millisecond-Has-Newton subclass of http://iso.org/80000-4-units#Newton-Millisecond-Has-Newton'>
      <failure>
        Asserted in
        http://opencaesar.io/examples/firesat/programs/earth-science/projects/firesat/bundle/classes.
      </failure>
    </testcase>
    <testcase name='http://iso.org/80000-3-units#metre-per-second subclass of http://iso.org/80000-3-units#metre-per-second'>
      <failure>
        Asserted in
        http://opencaesar.io/examples/firesat/programs/earth-science/projects/firesat/bundle/classes.
      </failure>
    </testcase>
    <testcase name='http://iso.org/80000-3-units#Metre-Per-Second-Has-Second subclass of http://iso.org/80000-3-units#Metre-Per-Second-Has-Second'>
      <failure>
        Asserted in
        http://opencaesar.io/examples/firesat/programs/earth-science/projects/firesat/bundle/classes.
      </failure>
    </testcase>
    <testcase name='http://iso.org/80000-3-units#Metre-Per-Second-Has-Metre subclass of http://iso.org/80000-3-units#Metre-Per-Second-Has-Metre'>
      <failure>
        Asserted in
        http://opencaesar.io/examples/firesat/programs/earth-science/projects/firesat/bundle/classes.
      </failure>
    </testcase>
    <testcase name='http://iso.org/80000-4-units#MassUnit subclass of http://iso.org/80000-4-units#MassUnit'>
      <failure>
        Asserted in
        http://opencaesar.io/examples/firesat/programs/earth-science/projects/firesat/bundle/classes.
      </failure>
    </testcase>
    <testcase name='http://iso.org/80000-4-units#gram subclass of http://iso.org/80000-4-units#MassUnit'>
      <failure>
        Asserted in
        http://opencaesar.io/examples/firesat/programs/earth-science/projects/firesat/bundle/classes, http://iso.org/80000-4-units.
      </failure>
    </testcase>
    <testcase name='http://iso.org/80000-4-units#kilogram subclass of http://iso.org/80000-4-units#MassUnit'>
      <failure>
        Asserted in
        http://opencaesar.io/examples/firesat/programs/earth-science/projects/firesat/bundle/classes.
      </failure>
    </testcase>
    <testcase name='http://imce.jpl.nasa.gov/foundation/project#Role subclass of http://imce.jpl.nasa.gov/foundation/project#Role'>
      <failure>
        Asserted in
        http://opencaesar.io/examples/firesat/programs/earth-science/projects/firesat/bundle/classes.
      </failure>
    </testcase>
    <testcase name='http://imce.jpl.nasa.gov/foundation/project#Program subclass of http://imce.jpl.nasa.gov/foundation/project#Program'>
      <failure>
        Asserted in
        http://opencaesar.io/examples/firesat/programs/earth-science/projects/firesat/bundle/classes.
      </failure>
    </testcase>
    <testcase name='http://iupac.org/metrology#NonCoherentDerivedMeasurementUnitOf subclass of http://iupac.org/metrology#NonCoherentDerivedMeasurementUnitOf'>
      <failure>
        Asserted in
        http://opencaesar.io/examples/firesat/programs/earth-science/projects/firesat/bundle/classes.
      </failure>
    </testcase>
    <testcase name='http://imce.jpl.nasa.gov/foundation/mission#Joins2 subclass of http://imce.jpl.nasa.gov/foundation/mission#Joins2'>
      <failure>
        Asserted in
        http://opencaesar.io/examples/firesat/programs/earth-science/projects/firesat/bundle/classes.
      </failure>
    </testcase>
    <testcase name='http://imce.jpl.nasa.gov/foundation/project#Describes subclass of http://imce.jpl.nasa.gov/foundation/project#Describes'>
      <failure>
        Asserted in
        http://opencaesar.io/examples/firesat/programs/earth-science/projects/firesat/bundle/classes.
      </failure>
    </testcase>
    <testcase name='http://imce.jpl.nasa.gov/foundation/project#InterchangesThrough subclass of http://imce.jpl.nasa.gov/foundation/project#InterchangesThrough'>
      <failure>
        Asserted in
        http://opencaesar.io/examples/firesat/programs/earth-science/projects/firesat/bundle/classes.
      </failure>
    </testcase>
    <testcase name='http://imce.jpl.nasa.gov/foundation/mission#Involves2 subclass of http://imce.jpl.nasa.gov/foundation/mission#Involves2'>
      <failure>
        Asserted in
        http://opencaesar.io/examples/firesat/programs/earth-science/projects/firesat/bundle/classes.
      </failure>
    </testcase>
    <testcase name='http://iso.org/80000-4-units#ForceUnit subclass of http://iso.org/80000-4-units#ForceUnit'>
      <failure>
        Asserted in
        http://opencaesar.io/examples/firesat/programs/earth-science/projects/firesat/bundle/classes.
      </failure>
    </testcase>
    <testcase name='http://iso.org/80000-4-units#newton subclass of http://iso.org/80000-4-units#ForceUnit'>
      <failure>
        Asserted in
        http://opencaesar.io/examples/firesat/programs/earth-science/projects/firesat/bundle/classes, http://iso.org/80000-4-units.
      </failure>
    </testcase>
    <testcase name='http://iso.org/80000-4-units#Newton-Has-Metre-Per-Second subclass of http://iso.org/80000-4-units#Newton-Has-Metre-Per-Second'>
      <failure>
        Asserted in
        http://opencaesar.io/examples/firesat/programs/earth-science/projects/firesat/bundle/classes.
      </failure>
    </testcase>
    <testcase name='http://imce.jpl.nasa.gov/foundation/project#InterchangePoint subclass of http://imce.jpl.nasa.gov/foundation/project#InterchangePoint'>
      <failure>
        Asserted in
        http://opencaesar.io/examples/firesat/programs/earth-science/projects/firesat/bundle/classes.
      </failure>
    </testcase>
    <testcase name='http://iso.org/80000-5-quantities#Celcius-Temperature-Has-Thermodynamic-Temperature subclass of http://iupac.org/metrology#ExponentFactor'>
      <failure>
        Asserted in
        http://opencaesar.io/examples/firesat/programs/earth-science/projects/firesat/bundle/classes.
      </failure>
    </testcase>
    <testcase name='http://iupac.org/metrology#HasFactorForUnitaryQuantity subclass of http://iupac.org/metrology#ExponentFactor'>
      <failure>
        Asserted in
        http://opencaesar.io/examples/firesat/programs/earth-science/projects/firesat/bundle/classes, http://iupac.org/metrology.
      </failure>
    </testcase>
    <testcase name='http://iso.org/80000-5-units#DegreeCelcius-Has-Kelvin subclass of http://iupac.org/metrology#ExponentFactor'>
      <failure>
        Asserted in
        http://opencaesar.io/examples/firesat/programs/earth-science/projects/firesat/bundle/classes.
      </failure>
    </testcase>
    <testcase name='http://iupac.org/metrology#HasFactorForMeasurementUnit subclass of http://iupac.org/metrology#ExponentFactor'>
      <failure>
        Asserted in
        http://opencaesar.io/examples/firesat/programs/earth-science/projects/firesat/bundle/classes, http://iupac.org/metrology.
      </failure>
    </testcase>
    <testcase name='http://iso.org/80000-3-quantities#Angular-Measure-Has-Arc-Length subclass of http://iupac.org/metrology#ExponentFactor'>
      <failure>
        Asserted in
        http://opencaesar.io/examples/firesat/programs/earth-science/projects/firesat/bundle/classes.
      </failure>
    </testcase>
    <testcase name='http://iso.org/80000-3-quantities#Angular-Measure-Has-Radius subclass of http://iupac.org/metrology#ExponentFactor'>
      <failure>
        Asserted in
        http://opencaesar.io/examples/firesat/programs/earth-science/projects/firesat/bundle/classes.
      </failure>
    </testcase>
    <testcase name='http://iso.org/80000-3-quantities#Frequency-Has-Period-Duration subclass of http://iupac.org/metrology#ExponentFactor'>
      <failure>
        Asserted in
        http://opencaesar.io/examples/firesat/programs/earth-science/projects/firesat/bundle/classes.
      </failure>
    </testcase>
    <testcase name='http://iso.org/80000-3-quantities#Rotation-Has-Rotational-Displacement subclass of http://iupac.org/metrology#ExponentFactor'>
      <failure>
        Asserted in
        http://opencaesar.io/examples/firesat/programs/earth-science/projects/firesat/bundle/classes.
      </failure>
    </testcase>
    <testcase name='http://iso.org/80000-3-quantities#Rotational-Displacement-Has-Distance subclass of http://iupac.org/metrology#ExponentFactor'>
      <failure>
        Asserted in
        http://opencaesar.io/examples/firesat/programs/earth-science/projects/firesat/bundle/classes.
      </failure>
    </testcase>
    <testcase name='http://iso.org/80000-3-quantities#Rotational-Displacement-Has-Path-Length subclass of http://iupac.org/metrology#ExponentFactor'>
      <failure>
        Asserted in
        http://opencaesar.io/examples/firesat/programs/earth-science/projects/firesat/bundle/classes.
      </failure>
    </testcase>
    <testcase name='http://iso.org/80000-3-quantities#Rotational-Frequency-Has-Duration subclass of http://iupac.org/metrology#ExponentFactor'>
      <failure>
        Asserted in
        http://opencaesar.io/examples/firesat/programs/earth-science/projects/firesat/bundle/classes.
      </failure>
    </testcase>
    <testcase name='http://iso.org/80000-3-quantities#Rotational-Frequency-Has-Rotation subclass of http://iupac.org/metrology#ExponentFactor'>
      <failure>
        Asserted in
        http://opencaesar.io/examples/firesat/programs/earth-science/projects/firesat/bundle/classes.
      </failure>
    </testcase>
    <testcase name='http://iso.org/80000-3-quantities#Velocity-Has-Duration subclass of http://iupac.org/metrology#ExponentFactor'>
      <failure>
        Asserted in
        http://opencaesar.io/examples/firesat/programs/earth-science/projects/firesat/bundle/classes.
      </failure>
    </testcase>
    <testcase name='http://iso.org/80000-3-quantities#Velocity-Has-Position-Vector subclass of http://iupac.org/metrology#ExponentFactor'>
      <failure>
        Asserted in
        http://opencaesar.io/examples/firesat/programs/earth-science/projects/firesat/bundle/classes.
      </failure>
    </testcase>
    <testcase name='http://iso.org/80000-3-units#Radian-Has-Metre-Numerator subclass of http://iupac.org/metrology#ExponentFactor'>
      <failure>
        Asserted in
        http://opencaesar.io/examples/firesat/programs/earth-science/projects/firesat/bundle/classes.
      </failure>
    </testcase>
    <testcase name='http://iso.org/80000-6-units#Coulomb-Has-Ampere subclass of http://iupac.org/metrology#ExponentFactor'>
      <failure>
        Asserted in
        http://opencaesar.io/examples/firesat/programs/earth-science/projects/firesat/bundle/classes.
      </failure>
    </testcase>
    <testcase name='http://iso.org/80000-6-quantities#Electric-Potential-Has-Path-Length subclass of http://iupac.org/metrology#ExponentFactor'>
      <failure>
        Asserted in
        http://opencaesar.io/examples/firesat/programs/earth-science/projects/firesat/bundle/classes.
      </failure>
    </testcase>
    <testcase name='http://iso.org/80000-6-units#Volt-Has-Newton-Per-Coulomb subclass of http://iupac.org/metrology#ExponentFactor'>
      <failure>
        Asserted in
        http://opencaesar.io/examples/firesat/programs/earth-science/projects/firesat/bundle/classes.
      </failure>
    </testcase>
    <testcase name='http://iso.org/80000-4-units#Newton-Second-Has-Second subclass of http://iupac.org/metrology#ExponentFactor'>
      <failure>
        Asserted in
        http://opencaesar.io/examples/firesat/programs/earth-science/projects/firesat/bundle/classes.
      </failure>
    </testcase>
    <testcase name='http://iso.org/80000-6-units#Newton-Per-Coulomb-Has-Coulomb subclass of http://iupac.org/metrology#ExponentFactor'>
      <failure>
        Asserted in
        http://opencaesar.io/examples/firesat/programs/earth-science/projects/firesat/bundle/classes.
      </failure>
    </testcase>
    <testcase name='http://iso.org/80000-3-units#Radian-Has-Metre-Denominator subclass of http://iupac.org/metrology#ExponentFactor'>
      <failure>
        Asserted in
        http://opencaesar.io/examples/firesat/programs/earth-science/projects/firesat/bundle/classes.
      </failure>
    </testcase>
    <testcase name='http://iso.org/80000-6-quantities#Resistance-Has-Electric-Current subclass of http://iupac.org/metrology#ExponentFactor'>
      <failure>
        Asserted in
        http://opencaesar.io/examples/firesat/programs/earth-science/projects/firesat/bundle/classes.
      </failure>
    </testcase>
    <testcase name='http://iso.org/80000-4-quantities#Momentum-Has-Mass subclass of http://iupac.org/metrology#ExponentFactor'>
      <failure>
        Asserted in
        http://opencaesar.io/examples/firesat/programs/earth-science/projects/firesat/bundle/classes.
      </failure>
    </testcase>
    <testcase name='http://iso.org/80000-6-quantities#Resistance-Has-Electric-Potential subclass of http://iupac.org/metrology#ExponentFactor'>
      <failure>
        Asserted in
        http://opencaesar.io/examples/firesat/programs/earth-science/projects/firesat/bundle/classes.
      </failure>
    </testcase>
    <testcase name='http://iso.org/80000-4-quantities#Impulse-Has-Force subclass of http://iupac.org/metrology#ExponentFactor'>
      <failure>
        Asserted in
        http://opencaesar.io/examples/firesat/programs/earth-science/projects/firesat/bundle/classes.
      </failure>
    </testcase>
    <testcase name='http://iso.org/80000-6-units#Newton-Per-Coulomb-Has-Newton subclass of http://iupac.org/metrology#ExponentFactor'>
      <failure>
        Asserted in
        http://opencaesar.io/examples/firesat/programs/earth-science/projects/firesat/bundle/classes.
      </failure>
    </testcase>
    <testcase name='http://iso.org/80000-3-units#Hertz-Has-Second subclass of http://iupac.org/metrology#ExponentFactor'>
      <failure>
        Asserted in
        http://opencaesar.io/examples/firesat/programs/earth-science/projects/firesat/bundle/classes.
      </failure>
    </testcase>
    <testcase name='http://iso.org/80000-6-units#Volt-Has-Metre subclass of http://iupac.org/metrology#ExponentFactor'>
      <failure>
        Asserted in
        http://opencaesar.io/examples/firesat/programs/earth-science/projects/firesat/bundle/classes.
      </failure>
    </testcase>
    <testcase name='http://iso.org/80000-6-quantities#Electric-Charge-Has-Duration subclass of http://iupac.org/metrology#ExponentFactor'>
      <failure>
        Asserted in
        http://opencaesar.io/examples/firesat/programs/earth-science/projects/firesat/bundle/classes.
      </failure>
    </testcase>
    <testcase name='http://iso.org/80000-4-units#Newton-Millisecond-Has-Newton subclass of http://iupac.org/metrology#ExponentFactor'>
      <failure>
        Asserted in
        http://opencaesar.io/examples/firesat/programs/earth-science/projects/firesat/bundle/classes.
      </failure>
    </testcase>
    <testcase name='http://iso.org/80000-3-units#Metre-Per-Second-Has-Second subclass of http://iupac.org/metrology#ExponentFactor'>
      <failure>
        Asserted in
        http://opencaesar.io/examples/firesat/programs/earth-science/projects/firesat/bundle/classes.
      </failure>
    </testcase>
    <testcase name='http://iso.org/80000-3-units#Metre-Per-Second-Has-Metre subclass of http://iupac.org/metrology#ExponentFactor'>
      <failure>
        Asserted in
        http://opencaesar.io/examples/firesat/programs/earth-science/projects/firesat/bundle/classes.
      </failure>
    </testcase>
    <testcase name='http://iso.org/80000-4-units#Newton-Has-Metre-Per-Second subclass of http://iupac.org/metrology#ExponentFactor'>
      <failure>
        Asserted in
        http://opencaesar.io/examples/firesat/programs/earth-science/projects/firesat/bundle/classes.
      </failure>
    </testcase>
    <testcase name='http://iupac.org/metrology#ExponentFactor subclass of http://iupac.org/metrology#ExponentFactor'>
      <failure>
        Asserted in
        http://opencaesar.io/examples/firesat/programs/earth-science/projects/firesat/bundle/classes.
      </failure>
    </testcase>
    <testcase name='http://iso.org/80000-6-quantities#Electric-Potential-Has-Electric-Field-Strength subclass of http://iupac.org/metrology#ExponentFactor'>
      <failure>
        Asserted in
        http://opencaesar.io/examples/firesat/programs/earth-science/projects/firesat/bundle/classes.
      </failure>
    </testcase>
    <testcase name='http://iso.org/80000-3-units#Kilometre-Per-Second-Has-Kilometre subclass of http://iupac.org/metrology#ExponentFactor'>
      <failure>
        Asserted in
        http://opencaesar.io/examples/firesat/programs/earth-science/projects/firesat/bundle/classes.
      </failure>
    </testcase>
    <testcase name='http://iso.org/80000-4-quantities#Power-Has-Velocity subclass of http://iupac.org/metrology#ExponentFactor'>
      <failure>
        Asserted in
        http://opencaesar.io/examples/firesat/programs/earth-science/projects/firesat/bundle/classes.
      </failure>
    </testcase>
    <testcase name='http://iso.org/80000-6-units#Ohm-Has-Volt subclass of http://iupac.org/metrology#ExponentFactor'>
      <failure>
        Asserted in
        http://opencaesar.io/examples/firesat/programs/earth-science/projects/firesat/bundle/classes.
      </failure>
    </testcase>
    <testcase name='http://iso.org/80000-3-units#Revolution-Has-Radian subclass of http://iupac.org/metrology#ExponentFactor'>
      <failure>
        Asserted in
        http://opencaesar.io/examples/firesat/programs/earth-science/projects/firesat/bundle/classes.
      </failure>
    </testcase>
    <testcase name='http://iso.org/80000-4-units#Kilogram-Metre-Per-Second-Has-Kilogram subclass of http://iupac.org/metrology#ExponentFactor'>
      <failure>
        Asserted in
        http://opencaesar.io/examples/firesat/programs/earth-science/projects/firesat/bundle/classes.
      </failure>
    </testcase>
    <testcase name='http://iso.org/80000-4-units#Newton-Millisecond-Has-Millisecond subclass of http://iupac.org/metrology#ExponentFactor'>
      <failure>
        Asserted in
        http://opencaesar.io/examples/firesat/programs/earth-science/projects/firesat/bundle/classes.
      </failure>
    </testcase>
    <testcase name='http://iso.org/80000-4-units#Watt-Has-Metre-Per-Second subclass of http://iupac.org/metrology#ExponentFactor'>
      <failure>
        Asserted in
        http://opencaesar.io/examples/firesat/programs/earth-science/projects/firesat/bundle/classes.
      </failure>
    </testcase>
    <testcase name='http://iso.org/80000-6-units#Coulomb-Has-Second subclass of http://iupac.org/metrology#ExponentFactor'>
      <failure>
        Asserted in
        http://opencaesar.io/examples/firesat/programs/earth-science/projects/firesat/bundle/classes.
      </failure>
    </testcase>
    <testcase name='http://iso.org/80000-6-quantities#Electric-Field-Strength-Has-Force subclass of http://iupac.org/metrology#ExponentFactor'>
      <failure>
        Asserted in
        http://opencaesar.io/examples/firesat/programs/earth-science/projects/firesat/bundle/classes.
      </failure>
    </testcase>
    <testcase name='http://iso.org/80000-4-units#Newton-Second-Has-Newton subclass of http://iupac.org/metrology#ExponentFactor'>
      <failure>
        Asserted in
        http://opencaesar.io/examples/firesat/programs/earth-science/projects/firesat/bundle/classes.
      </failure>
    </testcase>
    <testcase name='http://iso.org/80000-4-units#Watt-Has-Newton subclass of http://iupac.org/metrology#ExponentFactor'>
      <failure>
        Asserted in
        http://opencaesar.io/examples/firesat/programs/earth-science/projects/firesat/bundle/classes.
      </failure>
    </testcase>
    <testcase name='http://iso.org/80000-6-quantities#Electric-Field-Strength-Has-Electric-Charge subclass of http://iupac.org/metrology#ExponentFactor'>
      <failure>
        Asserted in
        http://opencaesar.io/examples/firesat/programs/earth-science/projects/firesat/bundle/classes.
      </failure>
    </testcase>
    <testcase name='http://iso.org/80000-4-quantities#Impulse-Has-Duration subclass of http://iupac.org/metrology#ExponentFactor'>
      <failure>
        Asserted in
        http://opencaesar.io/examples/firesat/programs/earth-science/projects/firesat/bundle/classes.
      </failure>
    </testcase>
    <testcase name='http://iso.org/80000-4-units#Newton-Has-Kilogram subclass of http://iupac.org/metrology#ExponentFactor'>
      <failure>
        Asserted in
        http://opencaesar.io/examples/firesat/programs/earth-science/projects/firesat/bundle/classes.
      </failure>
    </testcase>
    <testcase name='http://iso.org/80000-6-quantities#Electric-Charge-Has-Electric-Current subclass of http://iupac.org/metrology#ExponentFactor'>
      <failure>
        Asserted in
        http://opencaesar.io/examples/firesat/programs/earth-science/projects/firesat/bundle/classes.
      </failure>
    </testcase>
    <testcase name='http://iso.org/80000-3-units#Kilometre-Per-Second-Has-Second subclass of http://iupac.org/metrology#ExponentFactor'>
      <failure>
        Asserted in
        http://opencaesar.io/examples/firesat/programs/earth-science/projects/firesat/bundle/classes.
      </failure>
    </testcase>
    <testcase name='http://iso.org/80000-4-units#Kilogram-Metre-Per-Second-Has-Metre-Per-Second subclass of http://iupac.org/metrology#ExponentFactor'>
      <failure>
        Asserted in
        http://opencaesar.io/examples/firesat/programs/earth-science/projects/firesat/bundle/classes.
      </failure>
    </testcase>
    <testcase name='http://iso.org/80000-4-quantities#Momentum-Has-Velocity subclass of http://iupac.org/metrology#ExponentFactor'>
      <failure>
        Asserted in
        http://opencaesar.io/examples/firesat/programs/earth-science/projects/firesat/bundle/classes.
      </failure>
    </testcase>
    <testcase name='http://iso.org/80000-4-quantities#Power-Has-Force subclass of http://iupac.org/metrology#ExponentFactor'>
      <failure>
        Asserted in
        http://opencaesar.io/examples/firesat/programs/earth-science/projects/firesat/bundle/classes.
      </failure>
    </testcase>
    <testcase name='http://iso.org/80000-4-quantities#Force-Has-Momentum subclass of http://iupac.org/metrology#ExponentFactor'>
      <failure>
        Asserted in
        http://opencaesar.io/examples/firesat/programs/earth-science/projects/firesat/bundle/classes.
      </failure>
    </testcase>
    <testcase name='http://iso.org/80000-4-quantities#Force-Has-Velocity subclass of http://iupac.org/metrology#ExponentFactor'>
      <failure>
        Asserted in
        http://opencaesar.io/examples/firesat/programs/earth-science/projects/firesat/bundle/classes.
      </failure>
    </testcase>
    <testcase name='http://iso.org/80000-6-units#Ohm-Has-Ampere subclass of http://iupac.org/metrology#ExponentFactor'>
      <failure>
        Asserted in
        http://opencaesar.io/examples/firesat/programs/earth-science/projects/firesat/bundle/classes.
      </failure>
    </testcase>
    <testcase name='http://imce.jpl.nasa.gov/discipline/fse/fse#CBEMagnitude subclass of http://iupac.org/metrology#Magnitude'>
      <failure>
        Asserted in
        http://opencaesar.io/examples/firesat/programs/earth-science/projects/firesat/bundle/classes.
      </failure>
    </testcase>
    <testcase name='http://imce.jpl.nasa.gov/discipline/fse/fse#MassLimitMagnitude subclass of http://iupac.org/metrology#Magnitude'>
      <failure>
        Asserted in
        http://opencaesar.io/examples/firesat/programs/earth-science/projects/firesat/bundle/classes.
      </failure>
    </testcase>
    <testcase name='http://iso.org/80000-4-magnitudes1#gram-magnitude subclass of http://iupac.org/metrology#Magnitude'>
      <failure>
        Asserted in
        http://opencaesar.io/examples/firesat/programs/earth-science/projects/firesat/bundle/classes.
      </failure>
    </testcase>
    <testcase name='http://iso.org/80000-4-units#MassMagnitude subclass of http://iupac.org/metrology#Magnitude'>
      <failure>
        Asserted in
        http://opencaesar.io/examples/firesat/programs/earth-science/projects/firesat/bundle/classes.
      </failure>
    </testcase>
    <testcase name='http://iso.org/80000-4-magnitudes1#kilogram-magnitude subclass of http://iupac.org/metrology#Magnitude'>
      <failure>
        Asserted in
        http://opencaesar.io/examples/firesat/programs/earth-science/projects/firesat/bundle/classes.
      </failure>
    </testcase>
    <testcase name='http://iso.org/80000-4-magnitudes1#kilogram-metre-per-second-magnitude subclass of http://iupac.org/metrology#Magnitude'>
      <failure>
        Asserted in
        http://opencaesar.io/examples/firesat/programs/earth-science/projects/firesat/bundle/classes.
      </failure>
    </testcase>
    <testcase name='http://iso.org/80000-4-units#MomentumMagnitude subclass of http://iupac.org/metrology#Magnitude'>
      <failure>
        Asserted in
        http://opencaesar.io/examples/firesat/programs/earth-science/projects/firesat/bundle/classes.
      </failure>
    </testcase>
    <testcase name='http://iso.org/80000-4-magnitudes1#newton-magnitude subclass of http://iupac.org/metrology#Magnitude'>
      <failure>
        Asserted in
        http://opencaesar.io/examples/firesat/programs/earth-science/projects/firesat/bundle/classes.
      </failure>
    </testcase>
    <testcase name='http://iso.org/80000-4-units#ForceMagnitude subclass of http://iupac.org/metrology#Magnitude'>
      <failure>
        Asserted in
        http://opencaesar.io/examples/firesat/programs/earth-science/projects/firesat/bundle/classes.
      </failure>
    </testcase>
    <testcase name='http://iso.org/80000-4-magnitudes1#newton-millisecond-magnitude subclass of http://iupac.org/metrology#Magnitude'>
      <failure>
        Asserted in
        http://opencaesar.io/examples/firesat/programs/earth-science/projects/firesat/bundle/classes.
      </failure>
    </testcase>
    <testcase name='http://iso.org/80000-4-units#ImpulseMagnitude subclass of http://iupac.org/metrology#Magnitude'>
      <failure>
        Asserted in
        http://opencaesar.io/examples/firesat/programs/earth-science/projects/firesat/bundle/classes.
      </failure>
    </testcase>
    <testcase name='http://iso.org/80000-4-magnitudes1#newton-second-magnitude subclass of http://iupac.org/metrology#Magnitude'>
      <failure>
        Asserted in
        http://opencaesar.io/examples/firesat/programs/earth-science/projects/firesat/bundle/classes.
      </failure>
    </testcase>
    <testcase name='http://iso.org/80000-4-magnitudes1#watt-magnitude subclass of http://iupac.org/metrology#Magnitude'>
      <failure>
        Asserted in
        http://opencaesar.io/examples/firesat/programs/earth-science/projects/firesat/bundle/classes.
      </failure>
    </testcase>
    <testcase name='http://iso.org/80000-4-units#PowerMagnitude subclass of http://iupac.org/metrology#Magnitude'>
      <failure>
        Asserted in
        http://opencaesar.io/examples/firesat/programs/earth-science/projects/firesat/bundle/classes.
      </failure>
    </testcase>
    <testcase name='http://iso.org/80000-5-units#CelciusTemperatureMagnitude subclass of http://iupac.org/metrology#Magnitude'>
      <failure>
        Asserted in
        http://opencaesar.io/examples/firesat/programs/earth-science/projects/firesat/bundle/classes.
      </failure>
    </testcase>
    <testcase name='http://iupac.org/metrology#UnitaryMagnitude subclass of http://iupac.org/metrology#Magnitude'>
      <failure>
        Asserted in
        http://opencaesar.io/examples/firesat/programs/earth-science/projects/firesat/bundle/classes, http://iupac.org/metrology.
      </failure>
    </testcase>
    <testcase name='http://iso.org/80000-5-units#ThermodynamicTemperatureMagnitude subclass of http://iupac.org/metrology#Magnitude'>
      <failure>
        Asserted in
        http://opencaesar.io/examples/firesat/programs/earth-science/projects/firesat/bundle/classes.
      </failure>
    </testcase>
    <testcase name='http://iso.org/80000-3-units#AngularMeasureMagnitude subclass of http://iupac.org/metrology#Magnitude'>
      <failure>
        Asserted in
        http://opencaesar.io/examples/firesat/programs/earth-science/projects/firesat/bundle/classes.
      </failure>
    </testcase>
    <testcase name='http://iso.org/80000-3-units#TimeMagnitude subclass of http://iupac.org/metrology#Magnitude'>
      <failure>
        Asserted in
        http://opencaesar.io/examples/firesat/programs/earth-science/projects/firesat/bundle/classes.
      </failure>
    </testcase>
    <testcase name='http://iso.org/80000-3-units#FrequencyMagnitude subclass of http://iupac.org/metrology#Magnitude'>
      <failure>
        Asserted in
        http://opencaesar.io/examples/firesat/programs/earth-science/projects/firesat/bundle/classes.
      </failure>
    </testcase>
    <testcase name='http://iso.org/80000-3-units#LengthMagnitude subclass of http://iupac.org/metrology#Magnitude'>
      <failure>
        Asserted in
        http://opencaesar.io/examples/firesat/programs/earth-science/projects/firesat/bundle/classes.
      </failure>
    </testcase>
    <testcase name='http://iso.org/80000-3-units#RotationMagnitude subclass of http://iupac.org/metrology#Magnitude'>
      <failure>
        Asserted in
        http://opencaesar.io/examples/firesat/programs/earth-science/projects/firesat/bundle/classes.
      </failure>
    </testcase>
    <testcase name='http://iso.org/80000-3-units#VelocityMagnitude subclass of http://iupac.org/metrology#Magnitude'>
      <failure>
        Asserted in
        http://opencaesar.io/examples/firesat/programs/earth-science/projects/firesat/bundle/classes.
      </failure>
    </testcase>
    <testcase name='http://imce.jpl.nasa.gov/discipline/fse/fse#MassEstimateMagnitude subclass of http://iupac.org/metrology#Magnitude'>
      <failure>
        Asserted in
        http://opencaesar.io/examples/firesat/programs/earth-science/projects/firesat/bundle/classes.
      </failure>
    </testcase>
    <testcase name='http://imce.jpl.nasa.gov/discipline/fse/fse#MGAMagnitude subclass of http://iupac.org/metrology#Magnitude'>
      <failure>
        Asserted in
        http://opencaesar.io/examples/firesat/programs/earth-science/projects/firesat/bundle/classes.
      </failure>
    </testcase>
    <testcase name='http://iso.org/80000-6-magnitudes1#newton-per-coulomb-magnitude subclass of http://iupac.org/metrology#Magnitude'>
      <failure>
        Asserted in
        http://opencaesar.io/examples/firesat/programs/earth-science/projects/firesat/bundle/classes.
      </failure>
    </testcase>
    <testcase name='http://iso.org/80000-6-units#ElectricFieldStrengthMagnitude subclass of http://iupac.org/metrology#Magnitude'>
      <failure>
        Asserted in
        http://opencaesar.io/examples/firesat/programs/earth-science/projects/firesat/bundle/classes.
      </failure>
    </testcase>
    <testcase name='http://iupac.org/metrology#IsReflexiveMagnitudeOf subclass of http://iupac.org/metrology#Magnitude'>
      <failure>
        Asserted in
        http://opencaesar.io/examples/firesat/programs/earth-science/projects/firesat/bundle/classes, http://iupac.org/metrology.
      </failure>
    </testcase>
    <testcase name='http://iupac.org/metrology#OrdinalMagnitude subclass of http://iupac.org/metrology#Magnitude'>
      <failure>
        Asserted in
        http://opencaesar.io/examples/firesat/programs/earth-science/projects/firesat/bundle/classes, http://iupac.org/metrology.
      </failure>
    </testcase>
    <testcase name='http://imce.jpl.nasa.gov/discipline/fse/fse#MassAllocationMagnitude subclass of http://iupac.org/metrology#Magnitude'>
      <failure>
        Asserted in
        http://opencaesar.io/examples/firesat/programs/earth-science/projects/firesat/bundle/classes.
      </failure>
    </testcase>
    <testcase name='http://iupac.org/metrology#Magnitude subclass of http://iupac.org/metrology#Magnitude'>
      <failure>
        Asserted in
        http://opencaesar.io/examples/firesat/programs/earth-science/projects/firesat/bundle/classes.
      </failure>
    </testcase>
    <testcase name='http://iso.org/80000-6-magnitudes1#ohm-magnitude subclass of http://iupac.org/metrology#Magnitude'>
      <failure>
        Asserted in
        http://opencaesar.io/examples/firesat/programs/earth-science/projects/firesat/bundle/classes.
      </failure>
    </testcase>
    <testcase name='http://iso.org/80000-6-units#ElectricCurrentMagnitude subclass of http://iupac.org/metrology#Magnitude'>
      <failure>
        Asserted in
        http://opencaesar.io/examples/firesat/programs/earth-science/projects/firesat/bundle/classes.
      </failure>
    </testcase>
    <testcase name='http://iso.org/80000-6-magnitudes1#ampere-magnitude subclass of http://iupac.org/metrology#Magnitude'>
      <failure>
        Asserted in
        http://opencaesar.io/examples/firesat/programs/earth-science/projects/firesat/bundle/classes.
      </failure>
    </testcase>
    <testcase name='http://iso.org/80000-6-units#ResistanceMagnitude subclass of http://iupac.org/metrology#Magnitude'>
      <failure>
        Asserted in
        http://opencaesar.io/examples/firesat/programs/earth-science/projects/firesat/bundle/classes.
      </failure>
    </testcase>
    <testcase name='http://iso.org/80000-6-units#ElectricChargeMagnitude subclass of http://iupac.org/metrology#Magnitude'>
      <failure>
        Asserted in
        http://opencaesar.io/examples/firesat/programs/earth-science/projects/firesat/bundle/classes.
      </failure>
    </testcase>
    <testcase name='http://imce.jpl.nasa.gov/discipline/fse/fse#MEVMagnitue subclass of http://iupac.org/metrology#Magnitude'>
      <failure>
        Asserted in
        http://opencaesar.io/examples/firesat/programs/earth-science/projects/firesat/bundle/classes.
      </failure>
    </testcase>
    <testcase name='http://iso.org/80000-6-magnitudes1#coulomb-magnitude subclass of http://iupac.org/metrology#Magnitude'>
      <failure>
        Asserted in
        http://opencaesar.io/examples/firesat/programs/earth-science/projects/firesat/bundle/classes.
      </failure>
    </testcase>
    <testcase name='http://iso.org/80000-6-magnitudes1#volt-magnitude subclass of http://iupac.org/metrology#Magnitude'>
      <failure>
        Asserted in
        http://opencaesar.io/examples/firesat/programs/earth-science/projects/firesat/bundle/classes.
      </failure>
    </testcase>
    <testcase name='http://iso.org/80000-6-units#ElectricPotentialMagnitude subclass of http://iupac.org/metrology#Magnitude'>
      <failure>
        Asserted in
        http://opencaesar.io/examples/firesat/programs/earth-science/projects/firesat/bundle/classes.
      </failure>
    </testcase>
    <testcase name='http://imce.jpl.nasa.gov/discipline/fse/fse#Subsystem subclass of http://iupac.org/metrology#Thing'>
      <failure>
        Asserted in
        http://opencaesar.io/examples/firesat/programs/earth-science/projects/firesat/bundle/classes.
      </failure>
    </testcase>
    <testcase name='http://imce.jpl.nasa.gov/discipline/fse/fse#CBEMass subclass of http://iupac.org/metrology#Thing'>
      <failure>
        Asserted in
        http://opencaesar.io/examples/firesat/programs/earth-science/projects/firesat/bundle/classes.
      </failure>
    </testcase>
    <testcase name='http://imce.jpl.nasa.gov/discipline/fse/fse#CBEMagnitude subclass of http://iupac.org/metrology#Thing'>
      <failure>
        Asserted in
        http://opencaesar.io/examples/firesat/programs/earth-science/projects/firesat/bundle/classes.
      </failure>
    </testcase>
    <testcase name='http://imce.jpl.nasa.gov/discipline/fse/fse#MassLimit subclass of http://iupac.org/metrology#Thing'>
      <failure>
        Asserted in
        http://opencaesar.io/examples/firesat/programs/earth-science/projects/firesat/bundle/classes.
      </failure>
    </testcase>
    <testcase name='http://imce.jpl.nasa.gov/discipline/fse/fse#MassLimitMagnitude subclass of http://iupac.org/metrology#Thing'>
      <failure>
        Asserted in
        http://opencaesar.io/examples/firesat/programs/earth-science/projects/firesat/bundle/classes.
      </failure>
    </testcase>
    <testcase name='http://imce.jpl.nasa.gov/discipline/fse/assemblies#BaseAssembly subclass of http://iupac.org/metrology#Thing'>
      <failure>
        Asserted in
        http://opencaesar.io/examples/firesat/programs/earth-science/projects/firesat/bundle/classes.
      </failure>
    </testcase>
    <testcase name='http://iso.org/80000-4-magnitudes1#gram-magnitude subclass of http://iupac.org/metrology#Thing'>
      <failure>
        Asserted in
        http://opencaesar.io/examples/firesat/programs/earth-science/projects/firesat/bundle/classes.
      </failure>
    </testcase>
    <testcase name='http://iso.org/80000-4-units#MassMagnitude subclass of http://iupac.org/metrology#Thing'>
      <failure>
        Asserted in
        http://opencaesar.io/examples/firesat/programs/earth-science/projects/firesat/bundle/classes.
      </failure>
    </testcase>
    <testcase name='http://iso.org/80000-4-magnitudes1#kilogram-magnitude subclass of http://iupac.org/metrology#Thing'>
      <failure>
        Asserted in
        http://opencaesar.io/examples/firesat/programs/earth-science/projects/firesat/bundle/classes.
      </failure>
    </testcase>
    <testcase name='http://iso.org/80000-4-magnitudes1#kilogram-metre-per-second-magnitude subclass of http://iupac.org/metrology#Thing'>
      <failure>
        Asserted in
        http://opencaesar.io/examples/firesat/programs/earth-science/projects/firesat/bundle/classes.
      </failure>
    </testcase>
    <testcase name='http://iso.org/80000-4-units#MomentumMagnitude subclass of http://iupac.org/metrology#Thing'>
      <failure>
        Asserted in
        http://opencaesar.io/examples/firesat/programs/earth-science/projects/firesat/bundle/classes.
      </failure>
    </testcase>
    <testcase name='http://iso.org/80000-4-magnitudes1#newton-magnitude subclass of http://iupac.org/metrology#Thing'>
      <failure>
        Asserted in
        http://opencaesar.io/examples/firesat/programs/earth-science/projects/firesat/bundle/classes.
      </failure>
    </testcase>
    <testcase name='http://iso.org/80000-4-units#ForceMagnitude subclass of http://iupac.org/metrology#Thing'>
      <failure>
        Asserted in
        http://opencaesar.io/examples/firesat/programs/earth-science/projects/firesat/bundle/classes.
      </failure>
    </testcase>
    <testcase name='http://iso.org/80000-4-magnitudes1#newton-millisecond-magnitude subclass of http://iupac.org/metrology#Thing'>
      <failure>
        Asserted in
        http://opencaesar.io/examples/firesat/programs/earth-science/projects/firesat/bundle/classes.
      </failure>
    </testcase>
    <testcase name='http://iso.org/80000-4-units#ImpulseMagnitude subclass of http://iupac.org/metrology#Thing'>
      <failure>
        Asserted in
        http://opencaesar.io/examples/firesat/programs/earth-science/projects/firesat/bundle/classes.
      </failure>
    </testcase>
    <testcase name='http://iso.org/80000-4-magnitudes1#newton-second-magnitude subclass of http://iupac.org/metrology#Thing'>
      <failure>
        Asserted in
        http://opencaesar.io/examples/firesat/programs/earth-science/projects/firesat/bundle/classes.
      </failure>
    </testcase>
    <testcase name='http://iso.org/80000-4-magnitudes1#watt-magnitude subclass of http://iupac.org/metrology#Thing'>
      <failure>
        Asserted in
        http://opencaesar.io/examples/firesat/programs/earth-science/projects/firesat/bundle/classes.
      </failure>
    </testcase>
    <testcase name='http://iso.org/80000-4-units#PowerMagnitude subclass of http://iupac.org/metrology#Thing'>
      <failure>
        Asserted in
        http://opencaesar.io/examples/firesat/programs/earth-science/projects/firesat/bundle/classes.
      </failure>
    </testcase>
    <testcase name='http://iupac.org/metrology#Object subclass of http://iupac.org/metrology#Thing'>
      <failure>
        Asserted in
        http://opencaesar.io/examples/firesat/programs/earth-science/projects/firesat/bundle/classes, http://iupac.org/metrology.
      </failure>
    </testcase>
    <testcase name='http://iupac.org/metrology#Quantity subclass of http://iupac.org/metrology#Thing'>
      <failure>
        Asserted in
        http://opencaesar.io/examples/firesat/programs/earth-science/projects/firesat/bundle/classes.
      </failure>
    </testcase>
    <testcase name='http://iso.org/80000-5-quantities#celcius-temperature subclass of http://iupac.org/metrology#Thing'>
      <failure>
        Asserted in
        http://opencaesar.io/examples/firesat/programs/earth-science/projects/firesat/bundle/classes.
      </failure>
    </testcase>
    <testcase name='http://iso.org/80000-5-quantities#thermodynamic-temperature subclass of http://iupac.org/metrology#Thing'>
      <failure>
        Asserted in
        http://opencaesar.io/examples/firesat/programs/earth-science/projects/firesat/bundle/classes.
      </failure>
    </testcase>
    <testcase name='http://iso.org/80000-5-quantities#Celcius-Temperature-Has-Thermodynamic-Temperature subclass of http://iupac.org/metrology#Thing'>
      <failure>
        Asserted in
        http://opencaesar.io/examples/firesat/programs/earth-science/projects/firesat/bundle/classes.
      </failure>
    </testcase>
    <testcase name='http://iupac.org/metrology#HasFactorForUnitaryQuantity subclass of http://iupac.org/metrology#Thing'>
      <failure>
        Asserted in
        http://opencaesar.io/examples/firesat/programs/earth-science/projects/firesat/bundle/classes.
      </failure>
    </testcase>
    <testcase name='http://iupac.org/metrology#DerivedUnitaryQuantity subclass of http://iupac.org/metrology#Thing'>
      <failure>
        Asserted in
        http://opencaesar.io/examples/firesat/programs/earth-science/projects/firesat/bundle/classes.
      </failure>
    </testcase>
    <testcase name='http://iso.org/80000-5-units#CelciusTemperatureUnit subclass of http://iupac.org/metrology#Thing'>
      <failure>
        Asserted in
        http://opencaesar.io/examples/firesat/programs/earth-science/projects/firesat/bundle/classes.
      </failure>
    </testcase>
    <testcase name='http://iupac.org/metrology#IndependentUnitaryQuantity subclass of http://iupac.org/metrology#Thing'>
      <failure>
        Asserted in
        http://opencaesar.io/examples/firesat/programs/earth-science/projects/firesat/bundle/classes.
      </failure>
    </testcase>
    <testcase name='http://iso.org/80000-5-units#ThermodynamicTemperatureUnit subclass of http://iupac.org/metrology#Thing'>
      <failure>
        Asserted in
        http://opencaesar.io/examples/firesat/programs/earth-science/projects/firesat/bundle/classes.
      </failure>
    </testcase>
    <testcase name='http://iso.org/80000-5-units#degreeCelcius subclass of http://iupac.org/metrology#Thing'>
      <failure>
        Asserted in
        http://opencaesar.io/examples/firesat/programs/earth-science/projects/firesat/bundle/classes.
      </failure>
    </testcase>
    <testcase name='http://iso.org/80000-5-units#kelvin subclass of http://iupac.org/metrology#Thing'>
      <failure>
        Asserted in
        http://opencaesar.io/examples/firesat/programs/earth-science/projects/firesat/bundle/classes.
      </failure>
    </testcase>
    <testcase name='http://iso.org/80000-5-units#DegreeCelcius-Has-Kelvin subclass of http://iupac.org/metrology#Thing'>
      <failure>
        Asserted in
        http://opencaesar.io/examples/firesat/programs/earth-science/projects/firesat/bundle/classes.
      </failure>
    </testcase>
    <testcase name='http://iso.org/80000-5-units#CelciusTemperatureMagnitude subclass of http://iupac.org/metrology#Thing'>
      <failure>
        Asserted in
        http://opencaesar.io/examples/firesat/programs/earth-science/projects/firesat/bundle/classes.
      </failure>
    </testcase>
    <testcase name='http://iupac.org/metrology#UnitaryMagnitude subclass of http://iupac.org/metrology#Thing'>
      <failure>
        Asserted in
        http://opencaesar.io/examples/firesat/programs/earth-science/projects/firesat/bundle/classes.
      </failure>
    </testcase>
    <testcase name='http://iupac.org/metrology#CoherentMeasurementUnit subclass of http://iupac.org/metrology#Thing'>
      <failure>
        Asserted in
        http://opencaesar.io/examples/firesat/programs/earth-science/projects/firesat/bundle/classes.
      </failure>
    </testcase>
    <testcase name='http://iupac.org/metrology#HasFactorForMeasurementUnit subclass of http://iupac.org/metrology#Thing'>
      <failure>
        Asserted in
        http://opencaesar.io/examples/firesat/programs/earth-science/projects/firesat/bundle/classes.
      </failure>
    </testcase>
    <testcase name='http://iso.org/80000-5-units#ThermodynamicTemperatureMagnitude subclass of http://iupac.org/metrology#Thing'>
      <failure>
        Asserted in
        http://opencaesar.io/examples/firesat/programs/earth-science/projects/firesat/bundle/classes.
      </failure>
    </testcase>
    <testcase name='http://iupac.org/metrology#DerivedMeasurementUnit subclass of http://iupac.org/metrology#Thing'>
      <failure>
        Asserted in
        http://opencaesar.io/examples/firesat/programs/earth-science/projects/firesat/bundle/classes.
      </failure>
    </testcase>
    <testcase name='http://iupac.org/metrology#IndependentMeasurementUnit subclass of http://iupac.org/metrology#Thing'>
      <failure>
        Asserted in
        http://opencaesar.io/examples/firesat/programs/earth-science/projects/firesat/bundle/classes.
      </failure>
    </testcase>
    <testcase name='http://iso.org/80000-6-units#ampere subclass of http://iupac.org/metrology#Thing'>
      <failure>
        Asserted in
        http://opencaesar.io/examples/firesat/programs/earth-science/projects/firesat/bundle/classes.
      </failure>
    </testcase>
    <testcase name='http://iso.org/80000-6-units#coulomb subclass of http://iupac.org/metrology#Thing'>
      <failure>
        Asserted in
        http://opencaesar.io/examples/firesat/programs/earth-science/projects/firesat/bundle/classes.
      </failure>
    </testcase>
    <testcase name='http://iso.org/80000-6-quantities#electric-charge subclass of http://iupac.org/metrology#Thing'>
      <failure>
        Asserted in
        http://opencaesar.io/examples/firesat/programs/earth-science/projects/firesat/bundle/classes.
      </failure>
    </testcase>
    <testcase name='http://iso.org/80000-6-quantities#electric-current subclass of http://iupac.org/metrology#Thing'>
      <failure>
        Asserted in
        http://opencaesar.io/examples/firesat/programs/earth-science/projects/firesat/bundle/classes.
      </failure>
    </testcase>
    <testcase name='http://iso.org/80000-6-quantities#electric-field-strength subclass of http://iupac.org/metrology#Thing'>
      <failure>
        Asserted in
        http://opencaesar.io/examples/firesat/programs/earth-science/projects/firesat/bundle/classes.
      </failure>
    </testcase>
    <testcase name='http://iso.org/80000-6-quantities#electric-potential subclass of http://iupac.org/metrology#Thing'>
      <failure>
        Asserted in
        http://opencaesar.io/examples/firesat/programs/earth-science/projects/firesat/bundle/classes.
      </failure>
    </testcase>
    <testcase name='http://iso.org/80000-6-units#newton-per-coulomb subclass of http://iupac.org/metrology#Thing'>
      <failure>
        Asserted in
        http://opencaesar.io/examples/firesat/programs/earth-science/projects/firesat/bundle/classes.
      </failure>
    </testcase>
    <testcase name='http://iso.org/80000-6-units#ohm subclass of http://iupac.org/metrology#Thing'>
      <failure>
        Asserted in
        http://opencaesar.io/examples/firesat/programs/earth-science/projects/firesat/bundle/classes.
      </failure>
    </testcase>
    <testcase name='http://iso.org/80000-6-quantities#resistance subclass of http://iupac.org/metrology#Thing'>
      <failure>
        Asserted in
        http://opencaesar.io/examples/firesat/programs/earth-science/projects/firesat/bundle/classes.
      </failure>
    </testcase>
    <testcase name='http://iso.org/80000-6-units#volt subclass of http://iupac.org/metrology#Thing'>
      <failure>
        Asserted in
        http://opencaesar.io/examples/firesat/programs/earth-science/projects/firesat/bundle/classes.
      </failure>
    </testcase>
    <testcase name='http://imce.jpl.nasa.gov/discipline/fse/fse#Assembly subclass of http://iupac.org/metrology#Thing'>
      <failure>
        Asserted in
        http://opencaesar.io/examples/firesat/programs/earth-science/projects/firesat/bundle/classes.
      </failure>
    </testcase>
    <testcase name='http://iso.org/80000-3-quantities#angular-measure subclass of http://iupac.org/metrology#Thing'>
      <failure>
        Asserted in
        http://opencaesar.io/examples/firesat/programs/earth-science/projects/firesat/bundle/classes.
      </failure>
    </testcase>
    <testcase name='http://iso.org/80000-3-quantities#arc-length subclass of http://iupac.org/metrology#Thing'>
      <failure>
        Asserted in
        http://opencaesar.io/examples/firesat/programs/earth-science/projects/firesat/bundle/classes.
      </failure>
    </testcase>
    <testcase name='http://iso.org/80000-3-quantities#radius subclass of http://iupac.org/metrology#Thing'>
      <failure>
        Asserted in
        http://opencaesar.io/examples/firesat/programs/earth-science/projects/firesat/bundle/classes.
      </failure>
    </testcase>
    <testcase name='http://iso.org/80000-3-quantities#frequency subclass of http://iupac.org/metrology#Thing'>
      <failure>
        Asserted in
        http://opencaesar.io/examples/firesat/programs/earth-science/projects/firesat/bundle/classes.
      </failure>
    </testcase>
    <testcase name='http://iso.org/80000-3-quantities#period-duration subclass of http://iupac.org/metrology#Thing'>
      <failure>
        Asserted in
        http://opencaesar.io/examples/firesat/programs/earth-science/projects/firesat/bundle/classes.
      </failure>
    </testcase>
    <testcase name='http://iso.org/80000-3-quantities#Angular-Measure-Has-Arc-Length subclass of http://iupac.org/metrology#Thing'>
      <failure>
        Asserted in
        http://opencaesar.io/examples/firesat/programs/earth-science/projects/firesat/bundle/classes.
      </failure>
    </testcase>
    <testcase name='http://iso.org/80000-3-quantities#Angular-Measure-Has-Radius subclass of http://iupac.org/metrology#Thing'>
      <failure>
        Asserted in
        http://opencaesar.io/examples/firesat/programs/earth-science/projects/firesat/bundle/classes.
      </failure>
    </testcase>
    <testcase name='http://iso.org/80000-3-quantities#Frequency-Has-Period-Duration subclass of http://iupac.org/metrology#Thing'>
      <failure>
        Asserted in
        http://opencaesar.io/examples/firesat/programs/earth-science/projects/firesat/bundle/classes.
      </failure>
    </testcase>
    <testcase name='http://iso.org/80000-3-quantities#Rotation-Has-Rotational-Displacement subclass of http://iupac.org/metrology#Thing'>
      <failure>
        Asserted in
        http://opencaesar.io/examples/firesat/programs/earth-science/projects/firesat/bundle/classes.
      </failure>
    </testcase>
    <testcase name='http://iso.org/80000-3-quantities#rotation subclass of http://iupac.org/metrology#Thing'>
      <failure>
        Asserted in
        http://opencaesar.io/examples/firesat/programs/earth-science/projects/firesat/bundle/classes.
      </failure>
    </testcase>
    <testcase name='http://iso.org/80000-3-quantities#rotational-displacement subclass of http://iupac.org/metrology#Thing'>
      <failure>
        Asserted in
        http://opencaesar.io/examples/firesat/programs/earth-science/projects/firesat/bundle/classes.
      </failure>
    </testcase>
    <testcase name='http://iso.org/80000-3-quantities#Rotational-Displacement-Has-Distance subclass of http://iupac.org/metrology#Thing'>
      <failure>
        Asserted in
        http://opencaesar.io/examples/firesat/programs/earth-science/projects/firesat/bundle/classes.
      </failure>
    </testcase>
    <testcase name='http://iso.org/80000-3-quantities#distance subclass of http://iupac.org/metrology#Thing'>
      <failure>
        Asserted in
        http://opencaesar.io/examples/firesat/programs/earth-science/projects/firesat/bundle/classes.
      </failure>
    </testcase>
    <testcase name='http://iso.org/80000-3-quantities#Rotational-Displacement-Has-Path-Length subclass of http://iupac.org/metrology#Thing'>
      <failure>
        Asserted in
        http://opencaesar.io/examples/firesat/programs/earth-science/projects/firesat/bundle/classes.
      </failure>
    </testcase>
    <testcase name='http://iso.org/80000-3-quantities#path-length subclass of http://iupac.org/metrology#Thing'>
      <failure>
        Asserted in
        http://opencaesar.io/examples/firesat/programs/earth-science/projects/firesat/bundle/classes.
      </failure>
    </testcase>
    <testcase name='http://iso.org/80000-3-quantities#Rotational-Frequency-Has-Duration subclass of http://iupac.org/metrology#Thing'>
      <failure>
        Asserted in
        http://opencaesar.io/examples/firesat/programs/earth-science/projects/firesat/bundle/classes.
      </failure>
    </testcase>
    <testcase name='http://iso.org/80000-3-quantities#rotational-frequency subclass of http://iupac.org/metrology#Thing'>
      <failure>
        Asserted in
        http://opencaesar.io/examples/firesat/programs/earth-science/projects/firesat/bundle/classes.
      </failure>
    </testcase>
    <testcase name='http://iso.org/80000-3-quantities#duration subclass of http://iupac.org/metrology#Thing'>
      <failure>
        Asserted in
        http://opencaesar.io/examples/firesat/programs/earth-science/projects/firesat/bundle/classes.
      </failure>
    </testcase>
    <testcase name='http://iso.org/80000-3-quantities#Rotational-Frequency-Has-Rotation subclass of http://iupac.org/metrology#Thing'>
      <failure>
        Asserted in
        http://opencaesar.io/examples/firesat/programs/earth-science/projects/firesat/bundle/classes.
      </failure>
    </testcase>
    <testcase name='http://iso.org/80000-3-quantities#Velocity-Has-Duration subclass of http://iupac.org/metrology#Thing'>
      <failure>
        Asserted in
        http://opencaesar.io/examples/firesat/programs/earth-science/projects/firesat/bundle/classes.
      </failure>
    </testcase>
    <testcase name='http://iso.org/80000-3-quantities#velocity subclass of http://iupac.org/metrology#Thing'>
      <failure>
        Asserted in
        http://opencaesar.io/examples/firesat/programs/earth-science/projects/firesat/bundle/classes.
      </failure>
    </testcase>
    <testcase name='http://iso.org/80000-3-quantities#Velocity-Has-Position-Vector subclass of http://iupac.org/metrology#Thing'>
      <failure>
        Asserted in
        http://opencaesar.io/examples/firesat/programs/earth-science/projects/firesat/bundle/classes.
      </failure>
    </testcase>
    <testcase name='http://iso.org/80000-3-quantities#position-vector subclass of http://iupac.org/metrology#Thing'>
      <failure>
        Asserted in
        http://opencaesar.io/examples/firesat/programs/earth-science/projects/firesat/bundle/classes.
      </failure>
    </testcase>
    <testcase name='http://iso.org/80000-3-quantities#altitude subclass of http://iupac.org/metrology#Thing'>
      <failure>
        Asserted in
        http://opencaesar.io/examples/firesat/programs/earth-science/projects/firesat/bundle/classes.
      </failure>
    </testcase>
    <testcase name='http://iso.org/80000-3-quantities#height subclass of http://iupac.org/metrology#Thing'>
      <failure>
        Asserted in
        http://opencaesar.io/examples/firesat/programs/earth-science/projects/firesat/bundle/classes.
      </failure>
    </testcase>
    <testcase name='http://iso.org/80000-3-units#AngularMeasureMagnitude subclass of http://iupac.org/metrology#Thing'>
      <failure>
        Asserted in
        http://opencaesar.io/examples/firesat/programs/earth-science/projects/firesat/bundle/classes.
      </failure>
    </testcase>
    <testcase name='http://iso.org/80000-3-quantities#breadth subclass of http://iupac.org/metrology#Thing'>
      <failure>
        Asserted in
        http://opencaesar.io/examples/firesat/programs/earth-science/projects/firesat/bundle/classes.
      </failure>
    </testcase>
    <testcase name='http://iso.org/80000-3-quantities#width subclass of http://iupac.org/metrology#Thing'>
      <failure>
        Asserted in
        http://opencaesar.io/examples/firesat/programs/earth-science/projects/firesat/bundle/classes.
      </failure>
    </testcase>
    <testcase name='http://iso.org/80000-3-quantities#depth subclass of http://iupac.org/metrology#Thing'>
      <failure>
        Asserted in
        http://opencaesar.io/examples/firesat/programs/earth-science/projects/firesat/bundle/classes.
      </failure>
    </testcase>
    <testcase name='http://iso.org/80000-3-quantities#diameter subclass of http://iupac.org/metrology#Thing'>
      <failure>
        Asserted in
        http://opencaesar.io/examples/firesat/programs/earth-science/projects/firesat/bundle/classes.
      </failure>
    </testcase>
    <testcase name='http://iso.org/80000-3-quantities#length subclass of http://iupac.org/metrology#Thing'>
      <failure>
        Asserted in
        http://opencaesar.io/examples/firesat/programs/earth-science/projects/firesat/bundle/classes.
      </failure>
    </testcase>
    <testcase name='http://iso.org/80000-3-quantities#displacement subclass of http://iupac.org/metrology#Thing'>
      <failure>
        Asserted in
        http://opencaesar.io/examples/firesat/programs/earth-science/projects/firesat/bundle/classes.
      </failure>
    </testcase>
    <testcase name='http://iso.org/80000-3-units#TimeMagnitude subclass of http://iupac.org/metrology#Thing'>
      <failure>
        Asserted in
        http://opencaesar.io/examples/firesat/programs/earth-science/projects/firesat/bundle/classes.
      </failure>
    </testcase>
    <testcase name='http://iso.org/80000-3-units#FrequencyMagnitude subclass of http://iupac.org/metrology#Thing'>
      <failure>
        Asserted in
        http://opencaesar.io/examples/firesat/programs/earth-science/projects/firesat/bundle/classes.
      </failure>
    </testcase>
    <testcase name='http://iso.org/80000-3-units#LengthMagnitude subclass of http://iupac.org/metrology#Thing'>
      <failure>
        Asserted in
        http://opencaesar.io/examples/firesat/programs/earth-science/projects/firesat/bundle/classes.
      </failure>
    </testcase>
    <testcase name='http://iso.org/80000-3-quantities#radial-distance subclass of http://iupac.org/metrology#Thing'>
      <failure>
        Asserted in
        http://opencaesar.io/examples/firesat/programs/earth-science/projects/firesat/bundle/classes.
      </failure>
    </testcase>
    <testcase name='http://iso.org/80000-3-quantities#radius-of-curvature subclass of http://iupac.org/metrology#Thing'>
      <failure>
        Asserted in
        http://opencaesar.io/examples/firesat/programs/earth-science/projects/firesat/bundle/classes.
      </failure>
    </testcase>
    <testcase name='http://iso.org/80000-3-units#RotationMagnitude subclass of http://iupac.org/metrology#Thing'>
      <failure>
        Asserted in
        http://opencaesar.io/examples/firesat/programs/earth-science/projects/firesat/bundle/classes.
      </failure>
    </testcase>
    <testcase name='http://iso.org/80000-3-quantities#thickness subclass of http://iupac.org/metrology#Thing'>
      <failure>
        Asserted in
        http://opencaesar.io/examples/firesat/programs/earth-science/projects/firesat/bundle/classes.
      </failure>
    </testcase>
    <testcase name='http://iso.org/80000-3-units#VelocityMagnitude subclass of http://iupac.org/metrology#Thing'>
      <failure>
        Asserted in
        http://opencaesar.io/examples/firesat/programs/earth-science/projects/firesat/bundle/classes.
      </failure>
    </testcase>
    <testcase name='http://iso.org/80000-1-decimalPrefix#DecimalPrefix subclass of http://iupac.org/metrology#Thing'>
      <failure>
        Asserted in
        http://opencaesar.io/examples/firesat/programs/earth-science/projects/firesat/bundle/classes.
      </failure>
    </testcase>
    <testcase name='http://iupac.org/metrology#Prefix subclass of http://iupac.org/metrology#Thing'>
      <failure>
        Asserted in
        http://opencaesar.io/examples/firesat/programs/earth-science/projects/firesat/bundle/classes.
      </failure>
    </testcase>
    <testcase name='http://iupac.org/metrology#MetrologicalEntity subclass of http://iupac.org/metrology#Thing'>
      <failure>
        Asserted in
        http://opencaesar.io/examples/firesat/programs/earth-science/projects/firesat/bundle/classes, http://iupac.org/metrology.
      </failure>
    </testcase>
    <testcase name='http://imce.jpl.nasa.gov/discipline/fse/fse#FlightHardwareComponent subclass of http://iupac.org/metrology#Thing'>
      <failure>
        Asserted in
        http://opencaesar.io/examples/firesat/programs/earth-science/projects/firesat/bundle/classes.
      </failure>
    </testcase>
    <testcase name='http://iso.org/80000-4-units#MomentumUnit subclass of http://iupac.org/metrology#Thing'>
      <failure>
        Asserted in
        http://opencaesar.io/examples/firesat/programs/earth-science/projects/firesat/bundle/classes.
      </failure>
    </testcase>
    <testcase name='http://iso.org/80000-3-units#Radian-Has-Metre-Numerator subclass of http://iupac.org/metrology#Thing'>
      <failure>
        Asserted in
        http://opencaesar.io/examples/firesat/programs/earth-science/projects/firesat/bundle/classes.
      </failure>
    </testcase>
    <testcase name='http://imce.jpl.nasa.gov/discipline/fse/fse#MassEstimateMagnitude subclass of http://iupac.org/metrology#Thing'>
      <failure>
        Asserted in
        http://opencaesar.io/examples/firesat/programs/earth-science/projects/firesat/bundle/classes.
      </failure>
    </testcase>
    <testcase name='http://iupac.org/metrology#MeasurementProcedure subclass of http://iupac.org/metrology#Thing'>
      <failure>
        Asserted in
        http://opencaesar.io/examples/firesat/programs/earth-science/projects/firesat/bundle/classes.
      </failure>
    </testcase>
    <testcase name='http://iso.org/80000-4-quantities#momentum subclass of http://iupac.org/metrology#Thing'>
      <failure>
        Asserted in
        http://opencaesar.io/examples/firesat/programs/earth-science/projects/firesat/bundle/classes.
      </failure>
    </testcase>
    <testcase name='http://iso.org/80000-4-units#PowerUnit subclass of http://iupac.org/metrology#Thing'>
      <failure>
        Asserted in
        http://opencaesar.io/examples/firesat/programs/earth-science/projects/firesat/bundle/classes.
      </failure>
    </testcase>
    <testcase name='http://iupac.org/metrology#NonCoherentDerivedMeasurementUnit subclass of http://iupac.org/metrology#Thing'>
      <failure>
        Asserted in
        http://opencaesar.io/examples/firesat/programs/earth-science/projects/firesat/bundle/classes.
      </failure>
    </testcase>
    <testcase name='http://imce.jpl.nasa.gov/discipline/fse/fse#MassAllocatedElement subclass of http://iupac.org/metrology#Thing'>
      <failure>
        Asserted in
        http://opencaesar.io/examples/firesat/programs/earth-science/projects/firesat/bundle/classes.
      </failure>
    </testcase>
    <testcase name='http://iso.org/80000-6-units#Coulomb-Has-Ampere subclass of http://iupac.org/metrology#Thing'>
      <failure>
        Asserted in
        http://opencaesar.io/examples/firesat/programs/earth-science/projects/firesat/bundle/classes.
      </failure>
    </testcase>
    <testcase name='http://iso.org/80000-6-quantities#Electric-Potential-Has-Path-Length subclass of http://iupac.org/metrology#Thing'>
      <failure>
        Asserted in
        http://opencaesar.io/examples/firesat/programs/earth-science/projects/firesat/bundle/classes.
      </failure>
    </testcase>
    <testcase name='http://iso.org/80000-6-units#Volt-Has-Newton-Per-Coulomb subclass of http://iupac.org/metrology#Thing'>
      <failure>
        Asserted in
        http://opencaesar.io/examples/firesat/programs/earth-science/projects/firesat/bundle/classes.
      </failure>
    </testcase>
    <testcase name='http://iso.org/80000-4-units#Newton-Second-Has-Second subclass of http://iupac.org/metrology#Thing'>
      <failure>
        Asserted in
        http://opencaesar.io/examples/firesat/programs/earth-science/projects/firesat/bundle/classes.
      </failure>
    </testcase>
    <testcase name='http://iso.org/80000-6-units#ElectricChargeUnit subclass of http://iupac.org/metrology#Thing'>
      <failure>
        Asserted in
        http://opencaesar.io/examples/firesat/programs/earth-science/projects/firesat/bundle/classes.
      </failure>
    </testcase>
    <testcase name='http://iso.org/80000-3-units#LengthUnit subclass of http://iupac.org/metrology#Thing'>
      <failure>
        Asserted in
        http://opencaesar.io/examples/firesat/programs/earth-science/projects/firesat/bundle/classes.
      </failure>
    </testcase>
    <testcase name='http://iso.org/80000-3-units#CoherentTimeUnit subclass of http://iupac.org/metrology#Thing'>
      <failure>
        Asserted in
        http://opencaesar.io/examples/firesat/programs/earth-science/projects/firesat/bundle/classes.
      </failure>
    </testcase>
    <testcase name='http://imce.jpl.nasa.gov/discipline/fse/fse#MGAMagnitude subclass of http://iupac.org/metrology#Thing'>
      <failure>
        Asserted in
        http://opencaesar.io/examples/firesat/programs/earth-science/projects/firesat/bundle/classes.
      </failure>
    </testcase>
    <testcase name='http://iso.org/80000-6-magnitudes1#newton-per-coulomb-magnitude subclass of http://iupac.org/metrology#Thing'>
      <failure>
        Asserted in
        http://opencaesar.io/examples/firesat/programs/earth-science/projects/firesat/bundle/classes.
      </failure>
    </testcase>
    <testcase name='http://iso.org/80000-6-units#Newton-Per-Coulomb-Has-Coulomb subclass of http://iupac.org/metrology#Thing'>
      <failure>
        Asserted in
        http://opencaesar.io/examples/firesat/programs/earth-science/projects/firesat/bundle/classes.
      </failure>
    </testcase>
    <testcase name='http://iso.org/80000-4-units#ImpulseUnit subclass of http://iupac.org/metrology#Thing'>
      <failure>
        Asserted in
        http://opencaesar.io/examples/firesat/programs/earth-science/projects/firesat/bundle/classes.
      </failure>
    </testcase>
    <testcase name='http://iso.org/80000-4-quantities#impulse subclass of http://iupac.org/metrology#Thing'>
      <failure>
        Asserted in
        http://opencaesar.io/examples/firesat/programs/earth-science/projects/firesat/bundle/classes.
      </failure>
    </testcase>
    <testcase name='http://iupac.org/metrology#UnitaryQuantity subclass of http://iupac.org/metrology#Thing'>
      <failure>
        Asserted in
        http://opencaesar.io/examples/firesat/programs/earth-science/projects/firesat/bundle/classes.
      </failure>
    </testcase>
    <testcase name='http://iso.org/80000-3-units#Radian-Has-Metre-Denominator subclass of http://iupac.org/metrology#Thing'>
      <failure>
        Asserted in
        http://opencaesar.io/examples/firesat/programs/earth-science/projects/firesat/bundle/classes.
      </failure>
    </testcase>
    <testcase name='http://iso.org/80000-4-units#kilogram-metre-per-second subclass of http://iupac.org/metrology#Thing'>
      <failure>
        Asserted in
        http://opencaesar.io/examples/firesat/programs/earth-science/projects/firesat/bundle/classes.
      </failure>
    </testcase>
    <testcase name='http://iupac.org/metrology#OrdinalQuantity subclass of http://iupac.org/metrology#Thing'>
      <failure>
        Asserted in
        http://opencaesar.io/examples/firesat/programs/earth-science/projects/firesat/bundle/classes.
      </failure>
    </testcase>
    <testcase name='http://iso.org/80000-3-units#VelocityUnit subclass of http://iupac.org/metrology#Thing'>
      <failure>
        Asserted in
        http://opencaesar.io/examples/firesat/programs/earth-science/projects/firesat/bundle/classes.
      </failure>
    </testcase>
    <testcase name='http://iso.org/80000-6-quantities#Resistance-Has-Electric-Current subclass of http://iupac.org/metrology#Thing'>
      <failure>
        Asserted in
        http://opencaesar.io/examples/firesat/programs/earth-science/projects/firesat/bundle/classes.
      </failure>
    </testcase>
    <testcase name='http://iso.org/80000-3-units#revolution subclass of http://iupac.org/metrology#Thing'>
      <failure>
        Asserted in
        http://opencaesar.io/examples/firesat/programs/earth-science/projects/firesat/bundle/classes.
      </failure>
    </testcase>
    <testcase name='http://iso.org/80000-4-quantities#Momentum-Has-Mass subclass of http://iupac.org/metrology#Thing'>
      <failure>
        Asserted in
        http://opencaesar.io/examples/firesat/programs/earth-science/projects/firesat/bundle/classes.
      </failure>
    </testcase>
    <testcase name='http://iso.org/80000-6-quantities#Resistance-Has-Electric-Potential subclass of http://iupac.org/metrology#Thing'>
      <failure>
        Asserted in
        http://opencaesar.io/examples/firesat/programs/earth-science/projects/firesat/bundle/classes.
      </failure>
    </testcase>
    <testcase name='http://iso.org/80000-6-units#ElectricFieldStrengthMagnitude subclass of http://iupac.org/metrology#Thing'>
      <failure>
        Asserted in
        http://opencaesar.io/examples/firesat/programs/earth-science/projects/firesat/bundle/classes.
      </failure>
    </testcase>
    <testcase name='http://iso.org/80000-3-units#second subclass of http://iupac.org/metrology#Thing'>
      <failure>
        Asserted in
        http://opencaesar.io/examples/firesat/programs/earth-science/projects/firesat/bundle/classes.
      </failure>
    </testcase>
    <testcase name='http://iso.org/80000-4-quantities#Impulse-Has-Force subclass of http://iupac.org/metrology#Thing'>
      <failure>
        Asserted in
        http://opencaesar.io/examples/firesat/programs/earth-science/projects/firesat/bundle/classes.
      </failure>
    </testcase>
    <testcase name='http://iso.org/80000-6-units#Newton-Per-Coulomb-Has-Newton subclass of http://iupac.org/metrology#Thing'>
      <failure>
        Asserted in
        http://opencaesar.io/examples/firesat/programs/earth-science/projects/firesat/bundle/classes.
      </failure>
    </testcase>
    <testcase name='http://iso.org/80000-3-units#Hertz-Has-Second subclass of http://iupac.org/metrology#Thing'>
      <failure>
        Asserted in
        http://opencaesar.io/examples/firesat/programs/earth-science/projects/firesat/bundle/classes.
      </failure>
    </testcase>
    <testcase name='http://iso.org/80000-3-units#hour subclass of http://iupac.org/metrology#Thing'>
      <failure>
        Asserted in
        http://opencaesar.io/examples/firesat/programs/earth-science/projects/firesat/bundle/classes.
      </failure>
    </testcase>
    <testcase name='http://iso.org/80000-3-units#metre subclass of http://iupac.org/metrology#Thing'>
      <failure>
        Asserted in
        http://opencaesar.io/examples/firesat/programs/earth-science/projects/firesat/bundle/classes.
      </failure>
    </testcase>
    <testcase name='http://iso.org/80000-6-units#Volt-Has-Metre subclass of http://iupac.org/metrology#Thing'>
      <failure>
        Asserted in
        http://opencaesar.io/examples/firesat/programs/earth-science/projects/firesat/bundle/classes.
      </failure>
    </testcase>
    <testcase name='http://iso.org/80000-6-quantities#Electric-Charge-Has-Duration subclass of http://iupac.org/metrology#Thing'>
      <failure>
        Asserted in
        http://opencaesar.io/examples/firesat/programs/earth-science/projects/firesat/bundle/classes.
      </failure>
    </testcase>
    <testcase name='http://iso.org/80000-4-quantities#power subclass of http://iupac.org/metrology#Thing'>
      <failure>
        Asserted in
        http://opencaesar.io/examples/firesat/programs/earth-science/projects/firesat/bundle/classes.
      </failure>
    </testcase>
    <testcase name='http://iupac.org/metrology#IsReflexiveMagnitudeOf subclass of http://iupac.org/metrology#Thing'>
      <failure>
        Asserted in
        http://opencaesar.io/examples/firesat/programs/earth-science/projects/firesat/bundle/classes.
      </failure>
    </testcase>
    <testcase name='http://iupac.org/metrology#OrdinalMagnitude subclass of http://iupac.org/metrology#Thing'>
      <failure>
        Asserted in
        http://opencaesar.io/examples/firesat/programs/earth-science/projects/firesat/bundle/classes.
      </failure>
    </testcase>
    <testcase name='http://iso.org/80000-4-units#Newton-Millisecond-Has-Newton subclass of http://iupac.org/metrology#Thing'>
      <failure>
        Asserted in
        http://opencaesar.io/examples/firesat/programs/earth-science/projects/firesat/bundle/classes.
      </failure>
    </testcase>
    <testcase name='http://iso.org/80000-3-units#metre-per-second subclass of http://iupac.org/metrology#Thing'>
      <failure>
        Asserted in
        http://opencaesar.io/examples/firesat/programs/earth-science/projects/firesat/bundle/classes.
      </failure>
    </testcase>
    <testcase name='http://iso.org/80000-3-units#Metre-Per-Second-Has-Second subclass of http://iupac.org/metrology#Thing'>
      <failure>
        Asserted in
        http://opencaesar.io/examples/firesat/programs/earth-science/projects/firesat/bundle/classes.
      </failure>
    </testcase>
    <testcase name='http://iso.org/80000-3-units#Metre-Per-Second-Has-Metre subclass of http://iupac.org/metrology#Thing'>
      <failure>
        Asserted in
        http://opencaesar.io/examples/firesat/programs/earth-science/projects/firesat/bundle/classes.
      </failure>
    </testcase>
    <testcase name='http://imce.jpl.nasa.gov/discipline/fse/fse#MassConstrainedElement subclass of http://iupac.org/metrology#Thing'>
      <failure>
        Asserted in
        http://opencaesar.io/examples/firesat/programs/earth-science/projects/firesat/bundle/classes.
      </failure>
    </testcase>
    <testcase name='http://iso.org/80000-4-units#MassUnit subclass of http://iupac.org/metrology#Thing'>
      <failure>
        Asserted in
        http://opencaesar.io/examples/firesat/programs/earth-science/projects/firesat/bundle/classes.
      </failure>
    </testcase>
    <testcase name='http://imce.jpl.nasa.gov/discipline/fse/fse#MassAllocationMagnitude subclass of http://iupac.org/metrology#Thing'>
      <failure>
        Asserted in
        http://opencaesar.io/examples/firesat/programs/earth-science/projects/firesat/bundle/classes.
      </failure>
    </testcase>
    <testcase name='http://imce.jpl.nasa.gov/discipline/fse/fse#MassEstimatedElement subclass of http://iupac.org/metrology#Thing'>
      <failure>
        Asserted in
        http://opencaesar.io/examples/firesat/programs/earth-science/projects/firesat/bundle/classes.
      </failure>
    </testcase>
    <testcase name='http://iso.org/80000-4-units#ForceUnit subclass of http://iupac.org/metrology#Thing'>
      <failure>
        Asserted in
        http://opencaesar.io/examples/firesat/programs/earth-science/projects/firesat/bundle/classes.
      </failure>
    </testcase>
    <testcase name='http://iso.org/80000-4-units#Newton-Has-Metre-Per-Second subclass of http://iupac.org/metrology#Thing'>
      <failure>
        Asserted in
        http://opencaesar.io/examples/firesat/programs/earth-science/projects/firesat/bundle/classes.
      </failure>
    </testcase>
    <testcase name='http://iupac.org/metrology#ExponentFactor subclass of http://iupac.org/metrology#Thing'>
      <failure>
        Asserted in
        http://opencaesar.io/examples/firesat/programs/earth-science/projects/firesat/bundle/classes, http://iupac.org/metrology.
      </failure>
    </testcase>
    <testcase name='http://iupac.org/metrology#Magnitude subclass of http://iupac.org/metrology#Thing'>
      <failure>
        Asserted in
        http://opencaesar.io/examples/firesat/programs/earth-science/projects/firesat/bundle/classes.
      </failure>
    </testcase>
    <testcase name='http://iupac.org/metrology#Thing subclass of http://iupac.org/metrology#Thing'>
      <failure>
        Asserted in
        http://opencaesar.io/examples/firesat/programs/earth-science/projects/firesat/bundle/classes.
      </failure>
    </testcase>
    <testcase name='http://iso.org/80000-4-quantities#force subclass of http://iupac.org/metrology#Thing'>
      <failure>
        Asserted in
        http://opencaesar.io/examples/firesat/programs/earth-science/projects/firesat/bundle/classes.
      </failure>
    </testcase>
    <testcase name='http://iso.org/80000-3-units#kilometre-per-second subclass of http://iupac.org/metrology#Thing'>
      <failure>
        Asserted in
        http://opencaesar.io/examples/firesat/programs/earth-science/projects/firesat/bundle/classes.
      </failure>
    </testcase>
    <testcase name='http://iso.org/80000-6-quantities#Electric-Potential-Has-Electric-Field-Strength subclass of http://iupac.org/metrology#Thing'>
      <failure>
        Asserted in
        http://opencaesar.io/examples/firesat/programs/earth-science/projects/firesat/bundle/classes.
      </failure>
    </testcase>
    <testcase name='http://iso.org/80000-3-units#FrequencyUnit subclass of http://iupac.org/metrology#Thing'>
      <failure>
        Asserted in
        http://opencaesar.io/examples/firesat/programs/earth-science/projects/firesat/bundle/classes.
      </failure>
    </testcase>
    <testcase name='http://iso.org/80000-3-units#millisecond subclass of http://iupac.org/metrology#Thing'>
      <failure>
        Asserted in
        http://opencaesar.io/examples/firesat/programs/earth-science/projects/firesat/bundle/classes.
      </failure>
    </testcase>
    <testcase name='http://iso.org/80000-3-units#Kilometre-Per-Second-Has-Kilometre subclass of http://iupac.org/metrology#Thing'>
      <failure>
        Asserted in
        http://opencaesar.io/examples/firesat/programs/earth-science/projects/firesat/bundle/classes.
      </failure>
    </testcase>
    <testcase name='http://imce.jpl.nasa.gov/discipline/fse/fse#MGAMass subclass of http://iupac.org/metrology#Thing'>
      <failure>
        Asserted in
        http://opencaesar.io/examples/firesat/programs/earth-science/projects/firesat/bundle/classes.
      </failure>
    </testcase>
    <testcase name='http://iso.org/80000-4-quantities#Power-Has-Velocity subclass of http://iupac.org/metrology#Thing'>
      <failure>
        Asserted in
        http://opencaesar.io/examples/firesat/programs/earth-science/projects/firesat/bundle/classes.
      </failure>
    </testcase>
    <testcase name='http://iso.org/80000-6-magnitudes1#ohm-magnitude subclass of http://iupac.org/metrology#Thing'>
      <failure>
        Asserted in
        http://opencaesar.io/examples/firesat/programs/earth-science/projects/firesat/bundle/classes.
      </failure>
    </testcase>
    <testcase name='http://iso.org/80000-6-units#Ohm-Has-Volt subclass of http://iupac.org/metrology#Thing'>
      <failure>
        Asserted in
        http://opencaesar.io/examples/firesat/programs/earth-science/projects/firesat/bundle/classes.
      </failure>
    </testcase>
    <testcase name='http://iupac.org/metrology#MeasurementUnit subclass of http://iupac.org/metrology#Thing'>
      <failure>
        Asserted in
        http://opencaesar.io/examples/firesat/programs/earth-science/projects/firesat/bundle/classes.
      </failure>
    </testcase>
    <testcase name='http://iso.org/80000-3-units#Revolution-Has-Radian subclass of http://iupac.org/metrology#Thing'>
      <failure>
        Asserted in
        http://opencaesar.io/examples/firesat/programs/earth-science/projects/firesat/bundle/classes.
      </failure>
    </testcase>
    <testcase name='http://imce.jpl.nasa.gov/foundation/project#WorkPackage subclass of http://iupac.org/metrology#Thing'>
      <failure>
        Asserted in
        http://opencaesar.io/examples/firesat/programs/earth-science/projects/firesat/bundle/classes.
      </failure>
    </testcase>
    <testcase name='http://iso.org/80000-6-units#ElectricCurrentMagnitude subclass of http://iupac.org/metrology#Thing'>
      <failure>
        Asserted in
        http://opencaesar.io/examples/firesat/programs/earth-science/projects/firesat/bundle/classes.
      </failure>
    </testcase>
    <testcase name='http://iso.org/80000-4-units#Kilogram-Metre-Per-Second-Has-Kilogram subclass of http://iupac.org/metrology#Thing'>
      <failure>
        Asserted in
        http://opencaesar.io/examples/firesat/programs/earth-science/projects/firesat/bundle/classes.
      </failure>
    </testcase>
    <testcase name='http://iupac.org/metrology#Reference subclass of http://iupac.org/metrology#Thing'>
      <failure>
        Asserted in
        http://opencaesar.io/examples/firesat/programs/earth-science/projects/firesat/bundle/classes.
      </failure>
    </testcase>
    <testcase name='http://iso.org/80000-4-units#Newton-Millisecond-Has-Millisecond subclass of http://iupac.org/metrology#Thing'>
      <failure>
        Asserted in
        http://opencaesar.io/examples/firesat/programs/earth-science/projects/firesat/bundle/classes.
      </failure>
    </testcase>
    <testcase name='http://imce.jpl.nasa.gov/discipline/fse/fse#ConsumableMass subclass of http://iupac.org/metrology#Thing'>
      <failure>
        Asserted in
        http://opencaesar.io/examples/firesat/programs/earth-science/projects/firesat/bundle/classes.
      </failure>
    </testcase>
    <testcase name='http://iso.org/80000-6-units#ElectricFieldStrengthUnit subclass of http://iupac.org/metrology#Thing'>
      <failure>
        Asserted in
        http://opencaesar.io/examples/firesat/programs/earth-science/projects/firesat/bundle/classes.
      </failure>
    </testcase>
    <testcase name='http://iso.org/80000-4-units#Watt-Has-Metre-Per-Second subclass of http://iupac.org/metrology#Thing'>
      <failure>
        Asserted in
        http://opencaesar.io/examples/firesat/programs/earth-science/projects/firesat/bundle/classes.
      </failure>
    </testcase>
    <testcase name='http://iso.org/80000-6-units#Coulomb-Has-Second subclass of http://iupac.org/metrology#Thing'>
      <failure>
        Asserted in
        http://opencaesar.io/examples/firesat/programs/earth-science/projects/firesat/bundle/classes.
      </failure>
    </testcase>
    <testcase name='http://iso.org/80000-3-units#radian subclass of http://iupac.org/metrology#Thing'>
      <failure>
        Asserted in
        http://opencaesar.io/examples/firesat/programs/earth-science/projects/firesat/bundle/classes.
      </failure>
    </testcase>
    <testcase name='http://imce.jpl.nasa.gov/discipline/fse/fse#MEVMass subclass of http://iupac.org/metrology#Thing'>
      <failure>
        Asserted in
        http://opencaesar.io/examples/firesat/programs/earth-science/projects/firesat/bundle/classes.
      </failure>
    </testcase>
    <testcase name='http://iso.org/80000-6-magnitudes1#ampere-magnitude subclass of http://iupac.org/metrology#Thing'>
      <failure>
        Asserted in
        http://opencaesar.io/examples/firesat/programs/earth-science/projects/firesat/bundle/classes.
      </failure>
    </testcase>
    <testcase name='http://imce.jpl.nasa.gov/discipline/fse/fse#MassProxy subclass of http://iupac.org/metrology#Thing'>
      <failure>
        Asserted in
        http://opencaesar.io/examples/firesat/programs/earth-science/projects/firesat/bundle/classes.
      </failure>
    </testcase>
    <testcase name='http://iupac.org/metrology#ReferenceMaterial subclass of http://iupac.org/metrology#Thing'>
      <failure>
        Asserted in
        http://opencaesar.io/examples/firesat/programs/earth-science/projects/firesat/bundle/classes.
      </failure>
    </testcase>
    <testcase name='http://iso.org/80000-6-quantities#Electric-Field-Strength-Has-Force subclass of http://iupac.org/metrology#Thing'>
      <failure>
        Asserted in
        http://opencaesar.io/examples/firesat/programs/earth-science/projects/firesat/bundle/classes.
      </failure>
    </testcase>
    <testcase name='http://iso.org/80000-4-units#newton-millisecond subclass of http://iupac.org/metrology#Thing'>
      <failure>
        Asserted in
        http://opencaesar.io/examples/firesat/programs/earth-science/projects/firesat/bundle/classes.
      </failure>
    </testcase>
    <testcase name='http://iso.org/80000-4-units#Newton-Second-Has-Newton subclass of http://iupac.org/metrology#Thing'>
      <failure>
        Asserted in
        http://opencaesar.io/examples/firesat/programs/earth-science/projects/firesat/bundle/classes.
      </failure>
    </testcase>
    <testcase name='http://iso.org/80000-4-units#Watt-Has-Newton subclass of http://iupac.org/metrology#Thing'>
      <failure>
        Asserted in
        http://opencaesar.io/examples/firesat/programs/earth-science/projects/firesat/bundle/classes.
      </failure>
    </testcase>
    <testcase name='http://iso.org/80000-4-units#gram subclass of http://iupac.org/metrology#Thing'>
      <failure>
        Asserted in
        http://opencaesar.io/examples/firesat/programs/earth-science/projects/firesat/bundle/classes.
      </failure>
    </testcase>
    <testcase name='http://imce.jpl.nasa.gov/discipline/fse/fse#MassAllocation subclass of http://iupac.org/metrology#Thing'>
      <failure>
        Asserted in
        http://opencaesar.io/examples/firesat/programs/earth-science/projects/firesat/bundle/classes.
      </failure>
    </testcase>
    <testcase name='http://iso.org/80000-6-units#ElectricPotentialUnit subclass of http://iupac.org/metrology#Thing'>
      <failure>
        Asserted in
        http://opencaesar.io/examples/firesat/programs/earth-science/projects/firesat/bundle/classes.
      </failure>
    </testcase>
    <testcase name='http://iso.org/80000-6-quantities#Electric-Field-Strength-Has-Electric-Charge subclass of http://iupac.org/metrology#Thing'>
      <failure>
        Asserted in
        http://opencaesar.io/examples/firesat/programs/earth-science/projects/firesat/bundle/classes.
      </failure>
    </testcase>
    <testcase name='http://imce.jpl.nasa.gov/discipline/fse/fse#MassEstimate subclass of http://iupac.org/metrology#Thing'>
      <failure>
        Asserted in
        http://opencaesar.io/examples/firesat/programs/earth-science/projects/firesat/bundle/classes.
      </failure>
    </testcase>
    <testcase name='http://iso.org/80000-6-units#ElectricCurrentUnit subclass of http://iupac.org/metrology#Thing'>
      <failure>
        Asserted in
        http://opencaesar.io/examples/firesat/programs/earth-science/projects/firesat/bundle/classes.
      </failure>
    </testcase>
    <testcase name='http://iso.org/80000-4-quantities#Impulse-Has-Duration subclass of http://iupac.org/metrology#Thing'>
      <failure>
        Asserted in
        http://opencaesar.io/examples/firesat/programs/earth-science/projects/firesat/bundle/classes.
      </failure>
    </testcase>
    <testcase name='http://iso.org/80000-4-units#Newton-Has-Kilogram subclass of http://iupac.org/metrology#Thing'>
      <failure>
        Asserted in
        http://opencaesar.io/examples/firesat/programs/earth-science/projects/firesat/bundle/classes.
      </failure>
    </testcase>
    <testcase name='http://iso.org/80000-6-quantities#Electric-Charge-Has-Electric-Current subclass of http://iupac.org/metrology#Thing'>
      <failure>
        Asserted in
        http://opencaesar.io/examples/firesat/programs/earth-science/projects/firesat/bundle/classes.
      </failure>
    </testcase>
    <testcase name='http://iso.org/80000-3-units#Kilometre-Per-Second-Has-Second subclass of http://iupac.org/metrology#Thing'>
      <failure>
        Asserted in
        http://opencaesar.io/examples/firesat/programs/earth-science/projects/firesat/bundle/classes.
      </failure>
    </testcase>
    <testcase name='http://iupac.org/metrology#SystemOfUnitaryQuantities subclass of http://iupac.org/metrology#Thing'>
      <failure>
        Asserted in
        http://opencaesar.io/examples/firesat/programs/earth-science/projects/firesat/bundle/classes.
      </failure>
    </testcase>
    <testcase name='http://iso.org/80000-6-units#ResistanceMagnitude subclass of http://iupac.org/metrology#Thing'>
      <failure>
        Asserted in
        http://opencaesar.io/examples/firesat/programs/earth-science/projects/firesat/bundle/classes.
      </failure>
    </testcase>
    <testcase name='http://iso.org/80000-4-units#Kilogram-Metre-Per-Second-Has-Metre-Per-Second subclass of http://iupac.org/metrology#Thing'>
      <failure>
        Asserted in
        http://opencaesar.io/examples/firesat/programs/earth-science/projects/firesat/bundle/classes.
      </failure>
    </testcase>
    <testcase name='http://iso.org/80000-3-units#AngularMeasureUnit subclass of http://iupac.org/metrology#Thing'>
      <failure>
        Asserted in
        http://opencaesar.io/examples/firesat/programs/earth-science/projects/firesat/bundle/classes.
      </failure>
    </testcase>
    <testcase name='http://iso.org/80000-4-units#kilogram subclass of http://iupac.org/metrology#Thing'>
      <failure>
        Asserted in
        http://opencaesar.io/examples/firesat/programs/earth-science/projects/firesat/bundle/classes.
      </failure>
    </testcase>
    <testcase name='http://iso.org/80000-4-quantities#Momentum-Has-Velocity subclass of http://iupac.org/metrology#Thing'>
      <failure>
        Asserted in
        http://opencaesar.io/examples/firesat/programs/earth-science/projects/firesat/bundle/classes.
      </failure>
    </testcase>
    <testcase name='http://iso.org/80000-6-units#ElectricChargeMagnitude subclass of http://iupac.org/metrology#Thing'>
      <failure>
        Asserted in
        http://opencaesar.io/examples/firesat/programs/earth-science/projects/firesat/bundle/classes.
      </failure>
    </testcase>
    <testcase name='http://iso.org/80000-3-units#TimeUnit subclass of http://iupac.org/metrology#Thing'>
      <failure>
        Asserted in
        http://opencaesar.io/examples/firesat/programs/earth-science/projects/firesat/bundle/classes.
      </failure>
    </testcase>
    <testcase name='http://iso.org/80000-4-units#newton subclass of http://iupac.org/metrology#Thing'>
      <failure>
        Asserted in
        http://opencaesar.io/examples/firesat/programs/earth-science/projects/firesat/bundle/classes.
      </failure>
    </testcase>
    <testcase name='http://iso.org/80000-3-units#hertz subclass of http://iupac.org/metrology#Thing'>
      <failure>
        Asserted in
        http://opencaesar.io/examples/firesat/programs/earth-science/projects/firesat/bundle/classes.
      </failure>
    </testcase>
    <testcase name='http://iupac.org/metrology#PrefixedMeasurementUnit subclass of http://iupac.org/metrology#Thing'>
      <failure>
        Asserted in
        http://opencaesar.io/examples/firesat/programs/earth-science/projects/firesat/bundle/classes.
      </failure>
    </testcase>
    <testcase name='http://iso.org/80000-4-quantities#Power-Has-Force subclass of http://iupac.org/metrology#Thing'>
      <failure>
        Asserted in
        http://opencaesar.io/examples/firesat/programs/earth-science/projects/firesat/bundle/classes.
      </failure>
    </testcase>
    <testcase name='http://imce.jpl.nasa.gov/discipline/fse/fse#MEVMagnitue subclass of http://iupac.org/metrology#Thing'>
      <failure>
        Asserted in
        http://opencaesar.io/examples/firesat/programs/earth-science/projects/firesat/bundle/classes.
      </failure>
    </testcase>
    <testcase name='http://iso.org/80000-6-magnitudes1#coulomb-magnitude subclass of http://iupac.org/metrology#Thing'>
      <failure>
        Asserted in
        http://opencaesar.io/examples/firesat/programs/earth-science/projects/firesat/bundle/classes.
      </failure>
    </testcase>
    <testcase name='http://iso.org/80000-3-units#RotationUnit subclass of http://iupac.org/metrology#Thing'>
      <failure>
        Asserted in
        http://opencaesar.io/examples/firesat/programs/earth-science/projects/firesat/bundle/classes.
      </failure>
    </testcase>
    <testcase name='http://iso.org/80000-4-units#newton-second subclass of http://iupac.org/metrology#Thing'>
      <failure>
        Asserted in
        http://opencaesar.io/examples/firesat/programs/earth-science/projects/firesat/bundle/classes.
      </failure>
    </testcase>
    <testcase name='http://iso.org/80000-4-units#watt subclass of http://iupac.org/metrology#Thing'>
      <failure>
        Asserted in
        http://opencaesar.io/examples/firesat/programs/earth-science/projects/firesat/bundle/classes.
      </failure>
    </testcase>
    <testcase name='http://iso.org/80000-6-magnitudes1#volt-magnitude subclass of http://iupac.org/metrology#Thing'>
      <failure>
        Asserted in
        http://opencaesar.io/examples/firesat/programs/earth-science/projects/firesat/bundle/classes.
      </failure>
    </testcase>
    <testcase name='http://iso.org/80000-6-units#ResistanceUnit subclass of http://iupac.org/metrology#Thing'>
      <failure>
        Asserted in
        http://opencaesar.io/examples/firesat/programs/earth-science/projects/firesat/bundle/classes.
      </failure>
    </testcase>
    <testcase name='http://iso.org/80000-3-units#minute subclass of http://iupac.org/metrology#Thing'>
      <failure>
        Asserted in
        http://opencaesar.io/examples/firesat/programs/earth-science/projects/firesat/bundle/classes.
      </failure>
    </testcase>
    <testcase name='http://iso.org/80000-3-units#kilometre subclass of http://iupac.org/metrology#Thing'>
      <failure>
        Asserted in
        http://opencaesar.io/examples/firesat/programs/earth-science/projects/firesat/bundle/classes.
      </failure>
    </testcase>
    <testcase name='http://iso.org/80000-4-quantities#mass subclass of http://iupac.org/metrology#Thing'>
      <failure>
        Asserted in
        http://opencaesar.io/examples/firesat/programs/earth-science/projects/firesat/bundle/classes.
      </failure>
    </testcase>
    <testcase name='http://iso.org/80000-4-quantities#Force-Has-Momentum subclass of http://iupac.org/metrology#Thing'>
      <failure>
        Asserted in
        http://opencaesar.io/examples/firesat/programs/earth-science/projects/firesat/bundle/classes.
      </failure>
    </testcase>
    <testcase name='http://iupac.org/metrology#SystemOfMetrologicalUnits subclass of http://iupac.org/metrology#Thing'>
      <failure>
        Asserted in
        http://opencaesar.io/examples/firesat/programs/earth-science/projects/firesat/bundle/classes.
      </failure>
    </testcase>
    <testcase name='http://iso.org/80000-4-quantities#Force-Has-Velocity subclass of http://iupac.org/metrology#Thing'>
      <failure>
        Asserted in
        http://opencaesar.io/examples/firesat/programs/earth-science/projects/firesat/bundle/classes.
      </failure>
    </testcase>
    <testcase name='http://iso.org/80000-6-units#Ohm-Has-Ampere subclass of http://iupac.org/metrology#Thing'>
      <failure>
        Asserted in
        http://opencaesar.io/examples/firesat/programs/earth-science/projects/firesat/bundle/classes.
      </failure>
    </testcase>
    <testcase name='http://iso.org/80000-6-units#ElectricPotentialMagnitude subclass of http://iupac.org/metrology#Thing'>
      <failure>
        Asserted in
        http://opencaesar.io/examples/firesat/programs/earth-science/projects/firesat/bundle/classes.
      </failure>
    </testcase>
    <testcase name='http://imce.jpl.nasa.gov/foundation/project#Approves subclass of http://imce.jpl.nasa.gov/foundation/project#Approves'>
      <failure>
        Asserted in
        http://opencaesar.io/examples/firesat/programs/earth-science/projects/firesat/bundle/classes.
      </failure>
    </testcase>
    <testcase name='http://iso.org/80000-4-quantities#force subclass of http://iso.org/80000-4-quantities#force'>
      <failure>
        Asserted in
        http://opencaesar.io/examples/firesat/programs/earth-science/projects/firesat/bundle/classes.
      </failure>
    </testcase>
    <testcase name='http://iso.org/80000-3-units#kilometre-per-second subclass of http://iso.org/80000-3-units#kilometre-per-second'>
      <failure>
        Asserted in
        http://opencaesar.io/examples/firesat/programs/earth-science/projects/firesat/bundle/classes.
      </failure>
    </testcase>
    <testcase name='http://imce.jpl.nasa.gov/discipline/fse/fse#ConnectsAssembly1 subclass of http://imce.jpl.nasa.gov/discipline/fse/fse#ConnectsAssembly1'>
      <failure>
        Asserted in
        http://opencaesar.io/examples/firesat/programs/earth-science/projects/firesat/bundle/classes.
      </failure>
    </testcase>
    <testcase name='http://iso.org/80000-6-quantities#Electric-Potential-Has-Electric-Field-Strength subclass of http://iso.org/80000-6-quantities#Electric-Potential-Has-Electric-Field-Strength'>
      <failure>
        Asserted in
        http://opencaesar.io/examples/firesat/programs/earth-science/projects/firesat/bundle/classes.
      </failure>
    </testcase>
    <testcase name='http://imce.jpl.nasa.gov/foundation/project#BelongsTo subclass of http://imce.jpl.nasa.gov/foundation/project#BelongsTo'>
      <failure>
        Asserted in
        http://opencaesar.io/examples/firesat/programs/earth-science/projects/firesat/bundle/classes.
      </failure>
    </testcase>
    <testcase name='http://imce.jpl.nasa.gov/foundation/project#Executes subclass of http://imce.jpl.nasa.gov/foundation/project#Executes'>
      <failure>
        Asserted in
        http://opencaesar.io/examples/firesat/programs/earth-science/projects/firesat/bundle/classes.
      </failure>
    </testcase>
    <testcase name='http://imce.jpl.nasa.gov/foundation/project#Realizes subclass of http://imce.jpl.nasa.gov/foundation/project#Realizes'>
      <failure>
        Asserted in
        http://opencaesar.io/examples/firesat/programs/earth-science/projects/firesat/bundle/classes.
      </failure>
    </testcase>
    <testcase name='http://iso.org/80000-3-units#millisecond subclass of http://iso.org/80000-3-units#millisecond'>
      <failure>
        Asserted in
        http://opencaesar.io/examples/firesat/programs/earth-science/projects/firesat/bundle/classes.
      </failure>
    </testcase>
    <testcase name='http://iso.org/80000-3-units#Kilometre-Per-Second-Has-Kilometre subclass of http://iso.org/80000-3-units#Kilometre-Per-Second-Has-Kilometre'>
      <failure>
        Asserted in
        http://opencaesar.io/examples/firesat/programs/earth-science/projects/firesat/bundle/classes.
      </failure>
    </testcase>
    <testcase name='http://imce.jpl.nasa.gov/discipline/fse/fse#MGAMass subclass of http://imce.jpl.nasa.gov/discipline/fse/fse#MGAMass'>
      <failure>
        Asserted in
        http://opencaesar.io/examples/firesat/programs/earth-science/projects/firesat/bundle/classes.
      </failure>
    </testcase>
    <testcase name='http://iso.org/80000-4-quantities#Power-Has-Velocity subclass of http://iso.org/80000-4-quantities#Power-Has-Velocity'>
      <failure>
        Asserted in
        http://opencaesar.io/examples/firesat/programs/earth-science/projects/firesat/bundle/classes.
      </failure>
    </testcase>
    <testcase name='http://iso.org/80000-6-magnitudes1#ohm-magnitude subclass of http://iso.org/80000-6-magnitudes1#ohm-magnitude'>
      <failure>
        Asserted in
        http://opencaesar.io/examples/firesat/programs/earth-science/projects/firesat/bundle/classes.
      </failure>
    </testcase>
    <testcase name='http://iso.org/80000-6-units#Ohm-Has-Volt subclass of http://iso.org/80000-6-units#Ohm-Has-Volt'>
      <failure>
        Asserted in
        http://opencaesar.io/examples/firesat/programs/earth-science/projects/firesat/bundle/classes.
      </failure>
    </testcase>
    <testcase name='http://iso.org/80000-3-units#Revolution-Has-Radian subclass of http://iso.org/80000-3-units#Revolution-Has-Radian'>
      <failure>
        Asserted in
        http://opencaesar.io/examples/firesat/programs/earth-science/projects/firesat/bundle/classes.
      </failure>
    </testcase>
    <testcase name='http://imce.jpl.nasa.gov/foundation/project#Authorizes subclass of http://imce.jpl.nasa.gov/foundation/project#Authorizes'>
      <failure>
        Asserted in
        http://opencaesar.io/examples/firesat/programs/earth-science/projects/firesat/bundle/classes.
      </failure>
    </testcase>
    <testcase name='http://imce.jpl.nasa.gov/foundation/project#WorkPackage subclass of http://imce.jpl.nasa.gov/foundation/project#WorkPackage'>
      <failure>
        Asserted in
        http://opencaesar.io/examples/firesat/programs/earth-science/projects/firesat/bundle/classes.
      </failure>
    </testcase>
    <testcase name='http://iso.org/80000-4-units#Kilogram-Metre-Per-Second-Has-Kilogram subclass of http://iso.org/80000-4-units#Kilogram-Metre-Per-Second-Has-Kilogram'>
      <failure>
        Asserted in
        http://opencaesar.io/examples/firesat/programs/earth-science/projects/firesat/bundle/classes.
      </failure>
    </testcase>
    <testcase name='http://iso.org/80000-5-units#CelciusTemperatureUnit subclass of http://iupac.org/metrology#Reference'>
      <failure>
        Asserted in
        http://opencaesar.io/examples/firesat/programs/earth-science/projects/firesat/bundle/classes.
      </failure>
    </testcase>
    <testcase name='http://iso.org/80000-5-units#ThermodynamicTemperatureUnit subclass of http://iupac.org/metrology#Reference'>
      <failure>
        Asserted in
        http://opencaesar.io/examples/firesat/programs/earth-science/projects/firesat/bundle/classes.
      </failure>
    </testcase>
    <testcase name='http://iso.org/80000-5-units#degreeCelcius subclass of http://iupac.org/metrology#Reference'>
      <failure>
        Asserted in
        http://opencaesar.io/examples/firesat/programs/earth-science/projects/firesat/bundle/classes.
      </failure>
    </testcase>
    <testcase name='http://iso.org/80000-5-units#kelvin subclass of http://iupac.org/metrology#Reference'>
      <failure>
        Asserted in
        http://opencaesar.io/examples/firesat/programs/earth-science/projects/firesat/bundle/classes.
      </failure>
    </testcase>
    <testcase name='http://iupac.org/metrology#CoherentMeasurementUnit subclass of http://iupac.org/metrology#Reference'>
      <failure>
        Asserted in
        http://opencaesar.io/examples/firesat/programs/earth-science/projects/firesat/bundle/classes.
      </failure>
    </testcase>
    <testcase name='http://iupac.org/metrology#DerivedMeasurementUnit subclass of http://iupac.org/metrology#Reference'>
      <failure>
        Asserted in
        http://opencaesar.io/examples/firesat/programs/earth-science/projects/firesat/bundle/classes.
      </failure>
    </testcase>
    <testcase name='http://iupac.org/metrology#IndependentMeasurementUnit subclass of http://iupac.org/metrology#Reference'>
      <failure>
        Asserted in
        http://opencaesar.io/examples/firesat/programs/earth-science/projects/firesat/bundle/classes.
      </failure>
    </testcase>
    <testcase name='http://iso.org/80000-6-units#ampere subclass of http://iupac.org/metrology#Reference'>
      <failure>
        Asserted in
        http://opencaesar.io/examples/firesat/programs/earth-science/projects/firesat/bundle/classes.
      </failure>
    </testcase>
    <testcase name='http://iso.org/80000-6-units#coulomb subclass of http://iupac.org/metrology#Reference'>
      <failure>
        Asserted in
        http://opencaesar.io/examples/firesat/programs/earth-science/projects/firesat/bundle/classes.
      </failure>
    </testcase>
    <testcase name='http://iso.org/80000-6-units#newton-per-coulomb subclass of http://iupac.org/metrology#Reference'>
      <failure>
        Asserted in
        http://opencaesar.io/examples/firesat/programs/earth-science/projects/firesat/bundle/classes.
      </failure>
    </testcase>
    <testcase name='http://iso.org/80000-6-units#ohm subclass of http://iupac.org/metrology#Reference'>
      <failure>
        Asserted in
        http://opencaesar.io/examples/firesat/programs/earth-science/projects/firesat/bundle/classes.
      </failure>
    </testcase>
    <testcase name='http://iso.org/80000-6-units#volt subclass of http://iupac.org/metrology#Reference'>
      <failure>
        Asserted in
        http://opencaesar.io/examples/firesat/programs/earth-science/projects/firesat/bundle/classes.
      </failure>
    </testcase>
    <testcase name='http://iso.org/80000-4-units#MomentumUnit subclass of http://iupac.org/metrology#Reference'>
      <failure>
        Asserted in
        http://opencaesar.io/examples/firesat/programs/earth-science/projects/firesat/bundle/classes.
      </failure>
    </testcase>
    <testcase name='http://iupac.org/metrology#MeasurementProcedure subclass of http://iupac.org/metrology#Reference'>
      <failure>
        Asserted in
        http://opencaesar.io/examples/firesat/programs/earth-science/projects/firesat/bundle/classes, http://iupac.org/metrology.
      </failure>
    </testcase>
    <testcase name='http://iso.org/80000-4-units#PowerUnit subclass of http://iupac.org/metrology#Reference'>
      <failure>
        Asserted in
        http://opencaesar.io/examples/firesat/programs/earth-science/projects/firesat/bundle/classes.
      </failure>
    </testcase>
    <testcase name='http://iupac.org/metrology#NonCoherentDerivedMeasurementUnit subclass of http://iupac.org/metrology#Reference'>
      <failure>
        Asserted in
        http://opencaesar.io/examples/firesat/programs/earth-science/projects/firesat/bundle/classes.
      </failure>
    </testcase>
    <testcase name='http://iso.org/80000-6-units#ElectricChargeUnit subclass of http://iupac.org/metrology#Reference'>
      <failure>
        Asserted in
        http://opencaesar.io/examples/firesat/programs/earth-science/projects/firesat/bundle/classes.
      </failure>
    </testcase>
    <testcase name='http://iso.org/80000-3-units#LengthUnit subclass of http://iupac.org/metrology#Reference'>
      <failure>
        Asserted in
        http://opencaesar.io/examples/firesat/programs/earth-science/projects/firesat/bundle/classes.
      </failure>
    </testcase>
    <testcase name='http://iso.org/80000-3-units#CoherentTimeUnit subclass of http://iupac.org/metrology#Reference'>
      <failure>
        Asserted in
        http://opencaesar.io/examples/firesat/programs/earth-science/projects/firesat/bundle/classes.
      </failure>
    </testcase>
    <testcase name='http://iso.org/80000-4-units#ImpulseUnit subclass of http://iupac.org/metrology#Reference'>
      <failure>
        Asserted in
        http://opencaesar.io/examples/firesat/programs/earth-science/projects/firesat/bundle/classes.
      </failure>
    </testcase>
    <testcase name='http://iso.org/80000-4-units#kilogram-metre-per-second subclass of http://iupac.org/metrology#Reference'>
      <failure>
        Asserted in
        http://opencaesar.io/examples/firesat/programs/earth-science/projects/firesat/bundle/classes.
      </failure>
    </testcase>
    <testcase name='http://iso.org/80000-3-units#VelocityUnit subclass of http://iupac.org/metrology#Reference'>
      <failure>
        Asserted in
        http://opencaesar.io/examples/firesat/programs/earth-science/projects/firesat/bundle/classes.
      </failure>
    </testcase>
    <testcase name='http://iso.org/80000-3-units#revolution subclass of http://iupac.org/metrology#Reference'>
      <failure>
        Asserted in
        http://opencaesar.io/examples/firesat/programs/earth-science/projects/firesat/bundle/classes.
      </failure>
    </testcase>
    <testcase name='http://iso.org/80000-3-units#second subclass of http://iupac.org/metrology#Reference'>
      <failure>
        Asserted in
        http://opencaesar.io/examples/firesat/programs/earth-science/projects/firesat/bundle/classes.
      </failure>
    </testcase>
    <testcase name='http://iso.org/80000-3-units#hour subclass of http://iupac.org/metrology#Reference'>
      <failure>
        Asserted in
        http://opencaesar.io/examples/firesat/programs/earth-science/projects/firesat/bundle/classes.
      </failure>
    </testcase>
    <testcase name='http://iso.org/80000-3-units#metre subclass of http://iupac.org/metrology#Reference'>
      <failure>
        Asserted in
        http://opencaesar.io/examples/firesat/programs/earth-science/projects/firesat/bundle/classes.
      </failure>
    </testcase>
    <testcase name='http://iso.org/80000-3-units#metre-per-second subclass of http://iupac.org/metrology#Reference'>
      <failure>
        Asserted in
        http://opencaesar.io/examples/firesat/programs/earth-science/projects/firesat/bundle/classes.
      </failure>
    </testcase>
    <testcase name='http://iso.org/80000-4-units#MassUnit subclass of http://iupac.org/metrology#Reference'>
      <failure>
        Asserted in
        http://opencaesar.io/examples/firesat/programs/earth-science/projects/firesat/bundle/classes.
      </failure>
    </testcase>
    <testcase name='http://iso.org/80000-4-units#ForceUnit subclass of http://iupac.org/metrology#Reference'>
      <failure>
        Asserted in
        http://opencaesar.io/examples/firesat/programs/earth-science/projects/firesat/bundle/classes.
      </failure>
    </testcase>
    <testcase name='http://iso.org/80000-3-units#kilometre-per-second subclass of http://iupac.org/metrology#Reference'>
      <failure>
        Asserted in
        http://opencaesar.io/examples/firesat/programs/earth-science/projects/firesat/bundle/classes.
      </failure>
    </testcase>
    <testcase name='http://iso.org/80000-3-units#FrequencyUnit subclass of http://iupac.org/metrology#Reference'>
      <failure>
        Asserted in
        http://opencaesar.io/examples/firesat/programs/earth-science/projects/firesat/bundle/classes.
      </failure>
    </testcase>
    <testcase name='http://iso.org/80000-3-units#millisecond subclass of http://iupac.org/metrology#Reference'>
      <failure>
        Asserted in
        http://opencaesar.io/examples/firesat/programs/earth-science/projects/firesat/bundle/classes.
      </failure>
    </testcase>
    <testcase name='http://iupac.org/metrology#MeasurementUnit subclass of http://iupac.org/metrology#Reference'>
      <failure>
        Asserted in
        http://opencaesar.io/examples/firesat/programs/earth-science/projects/firesat/bundle/classes, http://iupac.org/metrology.
      </failure>
    </testcase>
    <testcase name='http://iupac.org/metrology#Reference subclass of http://iupac.org/metrology#Reference'>
      <failure>
        Asserted in
        http://opencaesar.io/examples/firesat/programs/earth-science/projects/firesat/bundle/classes.
      </failure>
    </testcase>
    <testcase name='http://iso.org/80000-6-units#ElectricFieldStrengthUnit subclass of http://iupac.org/metrology#Reference'>
      <failure>
        Asserted in
        http://opencaesar.io/examples/firesat/programs/earth-science/projects/firesat/bundle/classes.
      </failure>
    </testcase>
    <testcase name='http://iso.org/80000-3-units#radian subclass of http://iupac.org/metrology#Reference'>
      <failure>
        Asserted in
        http://opencaesar.io/examples/firesat/programs/earth-science/projects/firesat/bundle/classes.
      </failure>
    </testcase>
    <testcase name='http://iupac.org/metrology#ReferenceMaterial subclass of http://iupac.org/metrology#Reference'>
      <failure>
        Asserted in
        http://opencaesar.io/examples/firesat/programs/earth-science/projects/firesat/bundle/classes, http://iupac.org/metrology.
      </failure>
    </testcase>
    <testcase name='http://iso.org/80000-4-units#newton-millisecond subclass of http://iupac.org/metrology#Reference'>
      <failure>
        Asserted in
        http://opencaesar.io/examples/firesat/programs/earth-science/projects/firesat/bundle/classes.
      </failure>
    </testcase>
    <testcase name='http://iso.org/80000-4-units#gram subclass of http://iupac.org/metrology#Reference'>
      <failure>
        Asserted in
        http://opencaesar.io/examples/firesat/programs/earth-science/projects/firesat/bundle/classes.
      </failure>
    </testcase>
    <testcase name='http://iso.org/80000-6-units#ElectricPotentialUnit subclass of http://iupac.org/metrology#Reference'>
      <failure>
        Asserted in
        http://opencaesar.io/examples/firesat/programs/earth-science/projects/firesat/bundle/classes.
      </failure>
    </testcase>
    <testcase name='http://iso.org/80000-6-units#ElectricCurrentUnit subclass of http://iupac.org/metrology#Reference'>
      <failure>
        Asserted in
        http://opencaesar.io/examples/firesat/programs/earth-science/projects/firesat/bundle/classes.
      </failure>
    </testcase>
    <testcase name='http://iso.org/80000-3-units#AngularMeasureUnit subclass of http://iupac.org/metrology#Reference'>
      <failure>
        Asserted in
        http://opencaesar.io/examples/firesat/programs/earth-science/projects/firesat/bundle/classes.
      </failure>
    </testcase>
    <testcase name='http://iso.org/80000-4-units#kilogram subclass of http://iupac.org/metrology#Reference'>
      <failure>
        Asserted in
        http://opencaesar.io/examples/firesat/programs/earth-science/projects/firesat/bundle/classes.
      </failure>
    </testcase>
    <testcase name='http://iso.org/80000-3-units#TimeUnit subclass of http://iupac.org/metrology#Reference'>
      <failure>
        Asserted in
        http://opencaesar.io/examples/firesat/programs/earth-science/projects/firesat/bundle/classes.
      </failure>
    </testcase>
    <testcase name='http://iso.org/80000-4-units#newton subclass of http://iupac.org/metrology#Reference'>
      <failure>
        Asserted in
        http://opencaesar.io/examples/firesat/programs/earth-science/projects/firesat/bundle/classes.
      </failure>
    </testcase>
    <testcase name='http://iso.org/80000-3-units#hertz subclass of http://iupac.org/metrology#Reference'>
      <failure>
        Asserted in
        http://opencaesar.io/examples/firesat/programs/earth-science/projects/firesat/bundle/classes.
      </failure>
    </testcase>
    <testcase name='http://iupac.org/metrology#PrefixedMeasurementUnit subclass of http://iupac.org/metrology#Reference'>
      <failure>
        Asserted in
        http://opencaesar.io/examples/firesat/programs/earth-science/projects/firesat/bundle/classes.
      </failure>
    </testcase>
    <testcase name='http://iso.org/80000-3-units#RotationUnit subclass of http://iupac.org/metrology#Reference'>
      <failure>
        Asserted in
        http://opencaesar.io/examples/firesat/programs/earth-science/projects/firesat/bundle/classes.
      </failure>
    </testcase>
    <testcase name='http://iso.org/80000-4-units#newton-second subclass of http://iupac.org/metrology#Reference'>
      <failure>
        Asserted in
        http://opencaesar.io/examples/firesat/programs/earth-science/projects/firesat/bundle/classes.
      </failure>
    </testcase>
    <testcase name='http://iso.org/80000-4-units#watt subclass of http://iupac.org/metrology#Reference'>
      <failure>
        Asserted in
        http://opencaesar.io/examples/firesat/programs/earth-science/projects/firesat/bundle/classes.
      </failure>
    </testcase>
    <testcase name='http://iso.org/80000-6-units#ResistanceUnit subclass of http://iupac.org/metrology#Reference'>
      <failure>
        Asserted in
        http://opencaesar.io/examples/firesat/programs/earth-science/projects/firesat/bundle/classes.
      </failure>
    </testcase>
    <testcase name='http://iso.org/80000-3-units#minute subclass of http://iupac.org/metrology#Reference'>
      <failure>
        Asserted in
        http://opencaesar.io/examples/firesat/programs/earth-science/projects/firesat/bundle/classes.
      </failure>
    </testcase>
    <testcase name='http://iso.org/80000-3-units#kilometre subclass of http://iupac.org/metrology#Reference'>
      <failure>
        Asserted in
        http://opencaesar.io/examples/firesat/programs/earth-science/projects/firesat/bundle/classes.
      </failure>
    </testcase>
    <testcase name='http://iso.org/80000-4-units#Newton-Millisecond-Has-Millisecond subclass of http://iso.org/80000-4-units#Newton-Millisecond-Has-Millisecond'>
      <failure>
        Asserted in
        http://opencaesar.io/examples/firesat/programs/earth-science/projects/firesat/bundle/classes.
      </failure>
    </testcase>
    <testcase name='http://imce.jpl.nasa.gov/foundation/project#Receives subclass of http://imce.jpl.nasa.gov/foundation/project#Receives'>
      <failure>
        Asserted in
        http://opencaesar.io/examples/firesat/programs/earth-science/projects/firesat/bundle/classes.
      </failure>
    </testcase>
    <testcase name='http://imce.jpl.nasa.gov/discipline/fse/fse#ConsumableMass subclass of http://imce.jpl.nasa.gov/discipline/fse/fse#ConsumableMass'>
      <failure>
        Asserted in
        http://opencaesar.io/examples/firesat/programs/earth-science/projects/firesat/bundle/classes.
      </failure>
    </testcase>
    <testcase name='http://imce.jpl.nasa.gov/foundation/project#Manifests subclass of http://imce.jpl.nasa.gov/foundation/project#Manifests'>
      <failure>
        Asserted in
        http://opencaesar.io/examples/firesat/programs/earth-science/projects/firesat/bundle/classes.
      </failure>
    </testcase>
    <testcase name='http://iso.org/80000-4-units#Watt-Has-Metre-Per-Second subclass of http://iso.org/80000-4-units#Watt-Has-Metre-Per-Second'>
      <failure>
        Asserted in
        http://opencaesar.io/examples/firesat/programs/earth-science/projects/firesat/bundle/classes.
      </failure>
    </testcase>
    <testcase name='http://iso.org/80000-6-units#Coulomb-Has-Second subclass of http://iso.org/80000-6-units#Coulomb-Has-Second'>
      <failure>
        Asserted in
        http://opencaesar.io/examples/firesat/programs/earth-science/projects/firesat/bundle/classes.
      </failure>
    </testcase>
    <testcase name='http://iso.org/80000-3-units#radian subclass of http://iso.org/80000-3-units#radian'>
      <failure>
        Asserted in
        http://opencaesar.io/examples/firesat/programs/earth-science/projects/firesat/bundle/classes.
      </failure>
    </testcase>
    <testcase name='http://imce.jpl.nasa.gov/discipline/fse/fse#MEVMass subclass of http://imce.jpl.nasa.gov/discipline/fse/fse#MEVMass'>
      <failure>
        Asserted in
        http://opencaesar.io/examples/firesat/programs/earth-science/projects/firesat/bundle/classes.
      </failure>
    </testcase>
    <testcase name='http://iso.org/80000-6-magnitudes1#ampere-magnitude subclass of http://iso.org/80000-6-magnitudes1#ampere-magnitude'>
      <failure>
        Asserted in
        http://opencaesar.io/examples/firesat/programs/earth-science/projects/firesat/bundle/classes.
      </failure>
    </testcase>
    <testcase name='http://imce.jpl.nasa.gov/foundation/mission#Message subclass of http://imce.jpl.nasa.gov/foundation/mission#Message'>
      <failure>
        Asserted in
        http://opencaesar.io/examples/firesat/programs/earth-science/projects/firesat/bundle/classes.
      </failure>
    </testcase>
    <testcase name='http://imce.jpl.nasa.gov/foundation/project#DevelopmentState subclass of http://imce.jpl.nasa.gov/foundation/project#DevelopmentState'>
      <failure>
        Asserted in
        http://opencaesar.io/examples/firesat/programs/earth-science/projects/firesat/bundle/classes.
      </failure>
    </testcase>
    <testcase name='http://iupac.org/metrology#ReferenceMaterial subclass of http://iupac.org/metrology#ReferenceMaterial'>
      <failure>
        Asserted in
        http://opencaesar.io/examples/firesat/programs/earth-science/projects/firesat/bundle/classes.
      </failure>
    </testcase>
    <testcase name='http://iso.org/80000-6-quantities#Electric-Field-Strength-Has-Force subclass of http://iso.org/80000-6-quantities#Electric-Field-Strength-Has-Force'>
      <failure>
        Asserted in
        http://opencaesar.io/examples/firesat/programs/earth-science/projects/firesat/bundle/classes.
      </failure>
    </testcase>
    <testcase name='http://iso.org/80000-4-units#newton-millisecond subclass of http://iso.org/80000-4-units#newton-millisecond'>
      <failure>
        Asserted in
        http://opencaesar.io/examples/firesat/programs/earth-science/projects/firesat/bundle/classes.
      </failure>
    </testcase>
    <testcase name='http://iso.org/80000-4-units#Newton-Second-Has-Newton subclass of http://iso.org/80000-4-units#Newton-Second-Has-Newton'>
      <failure>
        Asserted in
        http://opencaesar.io/examples/firesat/programs/earth-science/projects/firesat/bundle/classes.
      </failure>
    </testcase>
    <testcase name='http://imce.jpl.nasa.gov/foundation/project#HasParticipant subclass of http://imce.jpl.nasa.gov/foundation/project#HasParticipant'>
      <failure>
        Asserted in
        http://opencaesar.io/examples/firesat/programs/earth-science/projects/firesat/bundle/classes.
      </failure>
    </testcase>
    <testcase name='http://iso.org/80000-4-units#Watt-Has-Newton subclass of http://iso.org/80000-4-units#Watt-Has-Newton'>
      <failure>
        Asserted in
        http://opencaesar.io/examples/firesat/programs/earth-science/projects/firesat/bundle/classes.
      </failure>
    </testcase>
    <testcase name='http://imce.jpl.nasa.gov/foundation/project#Represents subclass of http://imce.jpl.nasa.gov/foundation/project#Represents'>
      <failure>
        Asserted in
        http://opencaesar.io/examples/firesat/programs/earth-science/projects/firesat/bundle/classes.
      </failure>
    </testcase>
    <testcase name='http://iso.org/80000-4-units#gram subclass of http://iso.org/80000-4-units#gram'>
      <failure>
        Asserted in
        http://opencaesar.io/examples/firesat/programs/earth-science/projects/firesat/bundle/classes.
      </failure>
    </testcase>
    <testcase name='http://iso.org/80000-4-units#kilogram subclass of http://iso.org/80000-4-units#gram'>
      <failure>
        Asserted in
        http://opencaesar.io/examples/firesat/programs/earth-science/projects/firesat/bundle/classes, http://iso.org/80000-4-units.
      </failure>
    </testcase>
    <testcase name='http://iso.org/80000-6-quantities#Electric-Field-Strength-Has-Electric-Charge subclass of http://iso.org/80000-6-quantities#Electric-Field-Strength-Has-Electric-Charge'>
      <failure>
        Asserted in
        http://opencaesar.io/examples/firesat/programs/earth-science/projects/firesat/bundle/classes.
      </failure>
    </testcase>
    <testcase name='http://iso.org/80000-4-quantities#Impulse-Has-Duration subclass of http://iso.org/80000-4-quantities#Impulse-Has-Duration'>
      <failure>
        Asserted in
        http://opencaesar.io/examples/firesat/programs/earth-science/projects/firesat/bundle/classes.
      </failure>
    </testcase>
    <testcase name='http://imce.jpl.nasa.gov/foundation/project#Person subclass of http://imce.jpl.nasa.gov/foundation/project#Person'>
      <failure>
        Asserted in
        http://opencaesar.io/examples/firesat/programs/earth-science/projects/firesat/bundle/classes.
      </failure>
    </testcase>
    <testcase name='http://iupac.org/metrology#HasPrefix subclass of http://iupac.org/metrology#HasPrefix'>
      <failure>
        Asserted in
        http://opencaesar.io/examples/firesat/programs/earth-science/projects/firesat/bundle/classes.
      </failure>
    </testcase>
    <testcase name='http://iso.org/80000-4-units#Newton-Has-Kilogram subclass of http://iso.org/80000-4-units#Newton-Has-Kilogram'>
      <failure>
        Asserted in
        http://opencaesar.io/examples/firesat/programs/earth-science/projects/firesat/bundle/classes.
      </failure>
    </testcase>
    <testcase name='http://imce.jpl.nasa.gov/foundation/project#Stakeholder subclass of http://imce.jpl.nasa.gov/foundation/project#Stakeholder'>
      <failure>
        Asserted in
        http://opencaesar.io/examples/firesat/programs/earth-science/projects/firesat/bundle/classes.
      </failure>
    </testcase>
    <testcase name='http://iso.org/80000-6-quantities#Electric-Charge-Has-Electric-Current subclass of http://iso.org/80000-6-quantities#Electric-Charge-Has-Electric-Current'>
      <failure>
        Asserted in
        http://opencaesar.io/examples/firesat/programs/earth-science/projects/firesat/bundle/classes.
      </failure>
    </testcase>
    <testcase name='http://iso.org/80000-3-units#Kilometre-Per-Second-Has-Second subclass of http://iso.org/80000-3-units#Kilometre-Per-Second-Has-Second'>
      <failure>
        Asserted in
        http://opencaesar.io/examples/firesat/programs/earth-science/projects/firesat/bundle/classes.
      </failure>
    </testcase>
    <testcase name='http://iupac.org/metrology#HasReference subclass of http://iupac.org/metrology#HasReference'>
      <failure>
        Asserted in
        http://opencaesar.io/examples/firesat/programs/earth-science/projects/firesat/bundle/classes.
      </failure>
    </testcase>
    <testcase name='http://iupac.org/metrology#SystemOfUnitaryQuantities subclass of http://iupac.org/metrology#SystemOfUnitaryQuantities'>
      <failure>
        Asserted in
        http://opencaesar.io/examples/firesat/programs/earth-science/projects/firesat/bundle/classes.
      </failure>
    </testcase>
    <testcase name='http://imce.jpl.nasa.gov/foundation/project#HasResponsibilityFor subclass of http://imce.jpl.nasa.gov/foundation/project#HasResponsibilityFor'>
      <failure>
        Asserted in
        http://opencaesar.io/examples/firesat/programs/earth-science/projects/firesat/bundle/classes.
      </failure>
    </testcase>
    <testcase name='http://iso.org/80000-4-units#Kilogram-Metre-Per-Second-Has-Metre-Per-Second subclass of http://iso.org/80000-4-units#Kilogram-Metre-Per-Second-Has-Metre-Per-Second'>
      <failure>
        Asserted in
        http://opencaesar.io/examples/firesat/programs/earth-science/projects/firesat/bundle/classes.
      </failure>
    </testcase>
    <testcase name='http://imce.jpl.nasa.gov/foundation/mission#Joins1 subclass of http://imce.jpl.nasa.gov/foundation/mission#Joins1'>
      <failure>
        Asserted in
        http://opencaesar.io/examples/firesat/programs/earth-science/projects/firesat/bundle/classes.
      </failure>
    </testcase>
    <testcase name='http://iso.org/80000-4-units#kilogram subclass of http://iso.org/80000-4-units#kilogram'>
      <failure>
        Asserted in
        http://opencaesar.io/examples/firesat/programs/earth-science/projects/firesat/bundle/classes.
      </failure>
    </testcase>
    <testcase name='http://imce.jpl.nasa.gov/foundation/project#Delivers subclass of http://imce.jpl.nasa.gov/foundation/project#Delivers'>
      <failure>
        Asserted in
        http://opencaesar.io/examples/firesat/programs/earth-science/projects/firesat/bundle/classes.
      </failure>
    </testcase>
    <testcase name='http://imce.jpl.nasa.gov/foundation/mission#Involves1 subclass of http://imce.jpl.nasa.gov/foundation/mission#Involves1'>
      <failure>
        Asserted in
        http://opencaesar.io/examples/firesat/programs/earth-science/projects/firesat/bundle/classes.
      </failure>
    </testcase>
    <testcase name='http://iso.org/80000-4-quantities#Momentum-Has-Velocity subclass of http://iso.org/80000-4-quantities#Momentum-Has-Velocity'>
      <failure>
        Asserted in
        http://opencaesar.io/examples/firesat/programs/earth-science/projects/firesat/bundle/classes.
      </failure>
    </testcase>
    <testcase name='http://iso.org/80000-4-units#newton subclass of http://iso.org/80000-4-units#newton'>
      <failure>
        Asserted in
        http://opencaesar.io/examples/firesat/programs/earth-science/projects/firesat/bundle/classes.
      </failure>
    </testcase>
    <testcase name='http://iso.org/80000-3-units#hertz subclass of http://iso.org/80000-3-units#hertz'>
      <failure>
        Asserted in
        http://opencaesar.io/examples/firesat/programs/earth-science/projects/firesat/bundle/classes.
      </failure>
    </testcase>
    <testcase name='http://iso.org/80000-4-quantities#Power-Has-Force subclass of http://iso.org/80000-4-quantities#Power-Has-Force'>
      <failure>
        Asserted in
        http://opencaesar.io/examples/firesat/programs/earth-science/projects/firesat/bundle/classes.
      </failure>
    </testcase>
    <testcase name='http://imce.jpl.nasa.gov/foundation/project#Involves2 subclass of http://imce.jpl.nasa.gov/foundation/project#Involves2'>
      <failure>
        Asserted in
        http://opencaesar.io/examples/firesat/programs/earth-science/projects/firesat/bundle/classes.
      </failure>
    </testcase>
    <testcase name='http://imce.jpl.nasa.gov/foundation/project#Binds subclass of http://imce.jpl.nasa.gov/foundation/project#Binds'>
      <failure>
        Asserted in
        http://opencaesar.io/examples/firesat/programs/earth-science/projects/firesat/bundle/classes.
      </failure>
    </testcase>
    <testcase name='http://imce.jpl.nasa.gov/foundation/project#Product subclass of http://imce.jpl.nasa.gov/foundation/project#Product'>
      <failure>
        Asserted in
        http://opencaesar.io/examples/firesat/programs/earth-science/projects/firesat/bundle/classes.
      </failure>
    </testcase>
    <testcase name='http://imce.jpl.nasa.gov/foundation/mission#MaterialItem subclass of http://imce.jpl.nasa.gov/foundation/mission#MaterialItem'>
      <failure>
        Asserted in
        http://opencaesar.io/examples/firesat/programs/earth-science/projects/firesat/bundle/classes.
      </failure>
    </testcase>
    <testcase name='http://imce.jpl.nasa.gov/discipline/fse/fse#MEVMagnitue subclass of http://imce.jpl.nasa.gov/discipline/fse/fse#MEVMagnitue'>
      <failure>
        Asserted in
        http://opencaesar.io/examples/firesat/programs/earth-science/projects/firesat/bundle/classes.
      </failure>
    </testcase>
    <testcase name='http://iso.org/80000-6-magnitudes1#coulomb-magnitude subclass of http://iso.org/80000-6-magnitudes1#coulomb-magnitude'>
      <failure>
        Asserted in
        http://opencaesar.io/examples/firesat/programs/earth-science/projects/firesat/bundle/classes.
      </failure>
    </testcase>
    <testcase name='http://iso.org/80000-4-units#newton-second subclass of http://iso.org/80000-4-units#newton-second'>
      <failure>
        Asserted in
        http://opencaesar.io/examples/firesat/programs/earth-science/projects/firesat/bundle/classes.
      </failure>
    </testcase>
    <testcase name='http://iupac.org/metrology#IsReflexiveMagnitudeOf subclass of http://iupac.org/metrology#IsMagnitudeOf'>
      <failure>
        Asserted in
        http://opencaesar.io/examples/firesat/programs/earth-science/projects/firesat/bundle/classes, http://iupac.org/metrology.
      </failure>
    </testcase>
    <testcase name='http://iupac.org/metrology#IsMagnitudeOf subclass of http://iupac.org/metrology#IsMagnitudeOf'>
      <failure>
        Asserted in
        http://opencaesar.io/examples/firesat/programs/earth-science/projects/firesat/bundle/classes.
      </failure>
    </testcase>
    <testcase name='http://iso.org/80000-4-units#watt subclass of http://iso.org/80000-4-units#watt'>
      <failure>
        Asserted in
        http://opencaesar.io/examples/firesat/programs/earth-science/projects/firesat/bundle/classes.
      </failure>
    </testcase>
    <testcase name='http://iso.org/80000-6-magnitudes1#volt-magnitude subclass of http://iso.org/80000-6-magnitudes1#volt-magnitude'>
      <failure>
        Asserted in
        http://opencaesar.io/examples/firesat/programs/earth-science/projects/firesat/bundle/classes.
      </failure>
    </testcase>
    <testcase name='http://iso.org/80000-3-units#minute subclass of http://iso.org/80000-3-units#minute'>
      <failure>
        Asserted in
        http://opencaesar.io/examples/firesat/programs/earth-science/projects/firesat/bundle/classes.
      </failure>
    </testcase>
    <testcase name='http://iso.org/80000-3-units#kilometre subclass of http://iso.org/80000-3-units#kilometre'>
      <failure>
        Asserted in
        http://opencaesar.io/examples/firesat/programs/earth-science/projects/firesat/bundle/classes.
      </failure>
    </testcase>
    <testcase name='http://iso.org/80000-4-quantities#Force-Has-Momentum subclass of http://iso.org/80000-4-quantities#Force-Has-Momentum'>
      <failure>
        Asserted in
        http://opencaesar.io/examples/firesat/programs/earth-science/projects/firesat/bundle/classes.
      </failure>
    </testcase>
    <testcase name='http://iupac.org/metrology#SystemOfMetrologicalUnits subclass of http://iupac.org/metrology#SystemOfMetrologicalUnits'>
      <failure>
        Asserted in
        http://opencaesar.io/examples/firesat/programs/earth-science/projects/firesat/bundle/classes.
      </failure>
    </testcase>
    <testcase name='http://iso.org/80000-4-quantities#Force-Has-Velocity subclass of http://iso.org/80000-4-quantities#Force-Has-Velocity'>
      <failure>
        Asserted in
        http://opencaesar.io/examples/firesat/programs/earth-science/projects/firesat/bundle/classes.
      </failure>
    </testcase>
    <testcase name='http://iso.org/80000-6-units#Ohm-Has-Ampere subclass of http://iso.org/80000-6-units#Ohm-Has-Ampere'>
      <failure>
        Asserted in
        http://opencaesar.io/examples/firesat/programs/earth-science/projects/firesat/bundle/classes.
      </failure>
    </testcase>
    <testcase name='http://imce.jpl.nasa.gov/foundation/project#Supplies subclass of http://imce.jpl.nasa.gov/foundation/project#Supplies'>
      <failure>
        Asserted in
        http://opencaesar.io/examples/firesat/programs/earth-science/projects/firesat/bundle/classes.
      </failure>
    </testcase>
    <testcase name='http://imce.jpl.nasa.gov/foundation/project#Interchange subclass of http://imce.jpl.nasa.gov/foundation/project#Interchange'>
      <failure>
        Asserted in
        http://opencaesar.io/examples/firesat/programs/earth-science/projects/firesat/bundle/classes.
      </failure>
    </testcase>
    <testcase name='http://iupac.org/metrology#OrdinalMagnitude subclass of -6352b5c8:1761fe45fe9:-7f3d'>
      <failure>
        Asserted in http://iupac.org/metrology.
      </failure>
    </testcase>
    <testcase name='http://iupac.org/metrology#OrdinalQuantity subclass of -6352b5c8:1761fe45fe9:-7f3c'>
      <failure>
        Asserted in http://iupac.org/metrology.
      </failure>
    </testcase>
    <testcase name='http://iupac.org/metrology#UnitaryMagnitude subclass of -6352b5c8:1761fe45fe9:-7f3b'>
      <failure>
        Asserted in http://iupac.org/metrology.
      </failure>
    </testcase>
    <testcase name='http://iupac.org/metrology#UnitaryQuantity subclass of -6352b5c8:1761fe45fe9:-7f3a'>
      <failure>
        Asserted in http://iupac.org/metrology.
      </failure>
    </testcase>
    <testcase name='http://iso.org/80000-4-units#ForceMagnitude subclass of -6352b5c8:1761fe45fe9:-7f39'>
      <failure>
        Asserted in http://iso.org/80000-4-units.
      </failure>
    </testcase>
    <testcase name='http://iso.org/80000-4-units#ForceUnit subclass of -6352b5c8:1761fe45fe9:-7f38'>
      <failure>
        Asserted in http://iso.org/80000-4-units.
      </failure>
    </testcase>
    <testcase name='http://iso.org/80000-4-units#ImpulseMagnitude subclass of -6352b5c8:1761fe45fe9:-7f37'>
      <failure>
        Asserted in http://iso.org/80000-4-units.
      </failure>
    </testcase>
    <testcase name='http://iso.org/80000-4-units#ImpulseUnit subclass of -6352b5c8:1761fe45fe9:-7f36'>
      <failure>
        Asserted in http://iso.org/80000-4-units.
      </failure>
    </testcase>
    <testcase name='http://iso.org/80000-4-units#Kilogram-Metre-Per-Second-Has-Kilogram subclass of -6352b5c8:1761fe45fe9:-7f35'>
      <failure>
        Asserted in http://iso.org/80000-4-units.
      </failure>
    </testcase>
    <testcase name='http://iso.org/80000-4-units#Kilogram-Metre-Per-Second-Has-Metre-Per-Second subclass of -6352b5c8:1761fe45fe9:-7f34'>
      <failure>
        Asserted in http://iso.org/80000-4-units.
      </failure>
    </testcase>
    <testcase name='http://iso.org/80000-4-units#MassMagnitude subclass of -6352b5c8:1761fe45fe9:-7f33'>
      <failure>
        Asserted in http://iso.org/80000-4-units.
      </failure>
    </testcase>
    <testcase name='http://iso.org/80000-4-units#MassUnit subclass of -6352b5c8:1761fe45fe9:-7f32'>
      <failure>
        Asserted in http://iso.org/80000-4-units.
      </failure>
    </testcase>
    <testcase name='http://iso.org/80000-4-units#MomentumMagnitude subclass of -6352b5c8:1761fe45fe9:-7f31'>
      <failure>
        Asserted in http://iso.org/80000-4-units.
      </failure>
    </testcase>
    <testcase name='http://iso.org/80000-4-units#MomentumUnit subclass of -6352b5c8:1761fe45fe9:-7f30'>
      <failure>
        Asserted in http://iso.org/80000-4-units.
      </failure>
    </testcase>
    <testcase name='http://iso.org/80000-4-units#Newton-Has-Kilogram subclass of -6352b5c8:1761fe45fe9:-7f2f'>
      <failure>
        Asserted in http://iso.org/80000-4-units.
      </failure>
    </testcase>
    <testcase name='http://iso.org/80000-4-units#Newton-Has-Metre-Per-Second subclass of -6352b5c8:1761fe45fe9:-7f2e'>
      <failure>
        Asserted in http://iso.org/80000-4-units.
      </failure>
    </testcase>
    <testcase name='http://iso.org/80000-4-units#Newton-Millisecond-Has-Millisecond subclass of -6352b5c8:1761fe45fe9:-7f2d'>
      <failure>
        Asserted in http://iso.org/80000-4-units.
      </failure>
    </testcase>
    <testcase name='http://iso.org/80000-4-units#Newton-Millisecond-Has-Newton subclass of -6352b5c8:1761fe45fe9:-7f2c'>
      <failure>
        Asserted in http://iso.org/80000-4-units.
      </failure>
    </testcase>
    <testcase name='http://iso.org/80000-4-units#Newton-Second-Has-Newton subclass of -6352b5c8:1761fe45fe9:-7f2b'>
      <failure>
        Asserted in http://iso.org/80000-4-units.
      </failure>
    </testcase>
    <testcase name='http://iso.org/80000-4-units#Newton-Second-Has-Second subclass of -6352b5c8:1761fe45fe9:-7f2a'>
      <failure>
        Asserted in http://iso.org/80000-4-units.
      </failure>
    </testcase>
    <testcase name='http://iso.org/80000-4-units#PowerMagnitude subclass of -6352b5c8:1761fe45fe9:-7f29'>
      <failure>
        Asserted in http://iso.org/80000-4-units.
      </failure>
    </testcase>
    <testcase name='http://iso.org/80000-4-units#PowerUnit subclass of -6352b5c8:1761fe45fe9:-7f28'>
      <failure>
        Asserted in http://iso.org/80000-4-units.
      </failure>
    </testcase>
    <testcase name='http://iso.org/80000-4-units#Watt-Has-Metre-Per-Second subclass of -6352b5c8:1761fe45fe9:-7f27'>
      <failure>
        Asserted in http://iso.org/80000-4-units.
      </failure>
    </testcase>
    <testcase name='http://iso.org/80000-4-units#Watt-Has-Newton subclass of -6352b5c8:1761fe45fe9:-7f26'>
      <failure>
        Asserted in http://iso.org/80000-4-units.
      </failure>
    </testcase>
    <testcase name='http://iso.org/80000-4-units#kilogram subclass of -6352b5c8:1761fe45fe9:-7f25'>
      <failure>
        Asserted in http://iso.org/80000-4-units.
      </failure>
    </testcase>
  </testsuite>
  <testsuite name='every subproperty axiom is essential'>
    <testcase name='http://imce.jpl.nasa.gov/discipline/fse/fse#connectsAssembly1 subproperty of http://opencaesar.io/oml#forwardRelation'>
      <failure>
        Asserted in http://imce.jpl.nasa.gov/discipline/fse/fse.
      </failure>
    </testcase>
    <testcase name='http://imce.jpl.nasa.gov/discipline/fse/fse#connectsAssembly2 subproperty of http://opencaesar.io/oml#forwardRelation'>
      <failure>
        Asserted in http://imce.jpl.nasa.gov/discipline/fse/fse.
      </failure>
    </testcase>
    <testcase name='http://imce.jpl.nasa.gov/discipline/fse/fse#connectsAssembly subproperty of http://opencaesar.io/oml#forwardRelation'>
      <failure>
        Asserted in http://imce.jpl.nasa.gov/discipline/fse/fse.
      </failure>
    </testcase>
    <testcase name='http://imce.jpl.nasa.gov/foundation/analysis#analyzes subproperty of http://opencaesar.io/oml#forwardRelation'>
      <failure>
        Asserted in http://imce.jpl.nasa.gov/foundation/analysis.
      </failure>
    </testcase>
    <testcase name='http://imce.jpl.nasa.gov/foundation/analysis#characterizes subproperty of http://opencaesar.io/oml#forwardRelation'>
      <failure>
        Asserted in http://imce.jpl.nasa.gov/foundation/analysis.
      </failure>
    </testcase>
    <testcase name='http://imce.jpl.nasa.gov/foundation/analysis#constrains subproperty of http://opencaesar.io/oml#forwardRelation'>
      <failure>
        Asserted in http://imce.jpl.nasa.gov/foundation/analysis.
      </failure>
    </testcase>
    <testcase name='http://imce.jpl.nasa.gov/foundation/analysis#explains subproperty of http://opencaesar.io/oml#forwardRelation'>
      <failure>
        Asserted in http://imce.jpl.nasa.gov/foundation/analysis.
      </failure>
    </testcase>
    <testcase name='http://imce.jpl.nasa.gov/foundation/analysis#limits subproperty of http://opencaesar.io/oml#forwardRelation'>
      <failure>
        Asserted in http://imce.jpl.nasa.gov/foundation/analysis.
      </failure>
    </testcase>
    <testcase name='http://imce.jpl.nasa.gov/foundation/analysis#validates subproperty of http://opencaesar.io/oml#forwardRelation'>
      <failure>
        Asserted in http://imce.jpl.nasa.gov/foundation/analysis.
      </failure>
    </testcase>
    <testcase name='http://iso.org/80000-5-quantities#celcius-temperature-has-thermodynamic-temperature subproperty of http://opencaesar.io/oml#forwardRelation'>
      <failure>
        Asserted in http://iso.org/80000-5-quantities.
      </failure>
    </testcase>
    <testcase name='http://iso.org/80000-4-quantities#power-has-velocity subproperty of http://opencaesar.io/oml#forwardRelation'>
      <failure>
        Asserted in http://iso.org/80000-4-quantities.
      </failure>
    </testcase>
    <testcase name='http://iso.org/80000-4-quantities#momentum-has-mass subproperty of http://opencaesar.io/oml#forwardRelation'>
      <failure>
        Asserted in http://iso.org/80000-4-quantities.
      </failure>
    </testcase>
    <testcase name='http://iso.org/80000-4-quantities#force-has-momentum subproperty of http://opencaesar.io/oml#forwardRelation'>
      <failure>
        Asserted in http://iso.org/80000-4-quantities.
      </failure>
    </testcase>
    <testcase name='http://iso.org/80000-4-quantities#force-has-velocity subproperty of http://opencaesar.io/oml#forwardRelation'>
      <failure>
        Asserted in http://iso.org/80000-4-quantities.
      </failure>
    </testcase>
    <testcase name='http://iso.org/80000-4-quantities#impulse-has-duration subproperty of http://opencaesar.io/oml#forwardRelation'>
      <failure>
        Asserted in http://iso.org/80000-4-quantities.
      </failure>
    </testcase>
    <testcase name='http://iso.org/80000-4-quantities#momentum-has-velocity subproperty of http://opencaesar.io/oml#forwardRelation'>
      <failure>
        Asserted in http://iso.org/80000-4-quantities.
      </failure>
    </testcase>
    <testcase name='http://iso.org/80000-4-quantities#impulse-has-force subproperty of http://opencaesar.io/oml#forwardRelation'>
      <failure>
        Asserted in http://iso.org/80000-4-quantities.
      </failure>
    </testcase>
    <testcase name='http://iso.org/80000-4-quantities#power-has-force subproperty of http://opencaesar.io/oml#forwardRelation'>
      <failure>
        Asserted in http://iso.org/80000-4-quantities.
      </failure>
    </testcase>
    <testcase name='http://iso.org/80000-6-quantities#electric-field-strength-has-electric-charge subproperty of http://opencaesar.io/oml#forwardRelation'>
      <failure>
        Asserted in http://iso.org/80000-6-quantities.
      </failure>
    </testcase>
    <testcase name='http://iso.org/80000-6-quantities#electric-potential-has-path-length subproperty of http://opencaesar.io/oml#forwardRelation'>
      <failure>
        Asserted in http://iso.org/80000-6-quantities.
      </failure>
    </testcase>
    <testcase name='http://iso.org/80000-6-quantities#resistance-has-electric-current subproperty of http://opencaesar.io/oml#forwardRelation'>
      <failure>
        Asserted in http://iso.org/80000-6-quantities.
      </failure>
    </testcase>
    <testcase name='http://iso.org/80000-6-quantities#electric-charge-has-electric-current subproperty of http://opencaesar.io/oml#forwardRelation'>
      <failure>
        Asserted in http://iso.org/80000-6-quantities.
      </failure>
    </testcase>
    <testcase name='http://iso.org/80000-6-quantities#electric-field-strength-has-force subproperty of http://opencaesar.io/oml#forwardRelation'>
      <failure>
        Asserted in http://iso.org/80000-6-quantities.
      </failure>
    </testcase>
    <testcase name='http://iso.org/80000-6-quantities#electric-charge-has-duration subproperty of http://opencaesar.io/oml#forwardRelation'>
      <failure>
        Asserted in http://iso.org/80000-6-quantities.
      </failure>
    </testcase>
    <testcase name='http://iso.org/80000-6-quantities#electric-potential-has-electric-field-strength subproperty of http://opencaesar.io/oml#forwardRelation'>
      <failure>
        Asserted in http://iso.org/80000-6-quantities.
      </failure>
    </testcase>
    <testcase name='http://iso.org/80000-6-quantities#resistance-has-electric-potential subproperty of http://opencaesar.io/oml#forwardRelation'>
      <failure>
        Asserted in http://iso.org/80000-6-quantities.
      </failure>
    </testcase>
    <testcase name='http://imce.jpl.nasa.gov/foundation/project#realizes subproperty of http://opencaesar.io/oml#forwardRelation'>
      <failure>
        Asserted in http://imce.jpl.nasa.gov/foundation/project.
      </failure>
    </testcase>
    <testcase name='http://imce.jpl.nasa.gov/foundation/project#interchangesThrough subproperty of http://opencaesar.io/oml#forwardRelation'>
      <failure>
        Asserted in http://imce.jpl.nasa.gov/foundation/project.
      </failure>
    </testcase>
    <testcase name='http://imce.jpl.nasa.gov/foundation/project#describes subproperty of http://opencaesar.io/oml#forwardRelation'>
      <failure>
        Asserted in http://imce.jpl.nasa.gov/foundation/project.
      </failure>
    </testcase>
    <testcase name='http://imce.jpl.nasa.gov/foundation/project#delivers subproperty of http://opencaesar.io/oml#forwardRelation'>
      <failure>
        Asserted in http://imce.jpl.nasa.gov/foundation/project.
      </failure>
    </testcase>
    <testcase name='http://imce.jpl.nasa.gov/foundation/project#hasAssignment subproperty of http://opencaesar.io/oml#forwardRelation'>
      <failure>
        Asserted in http://imce.jpl.nasa.gov/foundation/project.
      </failure>
    </testcase>
    <testcase name='http://imce.jpl.nasa.gov/foundation/project#involves1 subproperty of http://opencaesar.io/oml#forwardRelation'>
      <failure>
        Asserted in http://imce.jpl.nasa.gov/foundation/project.
      </failure>
    </testcase>
    <testcase name='http://imce.jpl.nasa.gov/foundation/project#hasParticipant subproperty of http://opencaesar.io/oml#forwardRelation'>
      <failure>
        Asserted in http://imce.jpl.nasa.gov/foundation/project.
      </failure>
    </testcase>
    <testcase name='http://imce.jpl.nasa.gov/foundation/project#executes subproperty of http://opencaesar.io/oml#forwardRelation'>
      <failure>
        Asserted in http://imce.jpl.nasa.gov/foundation/project.
      </failure>
    </testcase>
    <testcase name='http://imce.jpl.nasa.gov/foundation/project#represents subproperty of http://opencaesar.io/oml#forwardRelation'>
      <failure>
        Asserted in http://imce.jpl.nasa.gov/foundation/project.
      </failure>
    </testcase>
    <testcase name='http://imce.jpl.nasa.gov/foundation/project#hasRole subproperty of http://opencaesar.io/oml#forwardRelation'>
      <failure>
        Asserted in http://imce.jpl.nasa.gov/foundation/project.
      </failure>
    </testcase>
    <testcase name='http://imce.jpl.nasa.gov/foundation/project#supplies subproperty of http://opencaesar.io/oml#forwardRelation'>
      <failure>
        Asserted in http://imce.jpl.nasa.gov/foundation/project.
      </failure>
    </testcase>
    <testcase name='http://imce.jpl.nasa.gov/foundation/project#receives subproperty of http://opencaesar.io/oml#forwardRelation'>
      <failure>
        Asserted in http://imce.jpl.nasa.gov/foundation/project.
      </failure>
    </testcase>
    <testcase name='http://imce.jpl.nasa.gov/foundation/project#manifests subproperty of http://opencaesar.io/oml#forwardRelation'>
      <failure>
        Asserted in http://imce.jpl.nasa.gov/foundation/project.
      </failure>
    </testcase>
    <testcase name='http://imce.jpl.nasa.gov/foundation/project#concurs subproperty of http://opencaesar.io/oml#forwardRelation'>
      <failure>
        Asserted in http://imce.jpl.nasa.gov/foundation/project.
      </failure>
    </testcase>
    <testcase name='http://imce.jpl.nasa.gov/foundation/project#produces subproperty of http://opencaesar.io/oml#forwardRelation'>
      <failure>
        Asserted in http://imce.jpl.nasa.gov/foundation/project.
      </failure>
    </testcase>
    <testcase name='http://imce.jpl.nasa.gov/foundation/project#approves subproperty of http://opencaesar.io/oml#forwardRelation'>
      <failure>
        Asserted in http://imce.jpl.nasa.gov/foundation/project.
      </failure>
    </testcase>
    <testcase name='http://imce.jpl.nasa.gov/foundation/project#binds subproperty of http://opencaesar.io/oml#forwardRelation'>
      <failure>
        Asserted in http://imce.jpl.nasa.gov/foundation/project.
      </failure>
    </testcase>
    <testcase name='http://imce.jpl.nasa.gov/foundation/project#reliesOn subproperty of http://opencaesar.io/oml#forwardRelation'>
      <failure>
        Asserted in http://imce.jpl.nasa.gov/foundation/project.
      </failure>
    </testcase>
    <testcase name='http://imce.jpl.nasa.gov/foundation/project#involves2 subproperty of http://opencaesar.io/oml#forwardRelation'>
      <failure>
        Asserted in http://imce.jpl.nasa.gov/foundation/project.
      </failure>
    </testcase>
    <testcase name='http://imce.jpl.nasa.gov/foundation/project#belongsTo subproperty of http://opencaesar.io/oml#forwardRelation'>
      <failure>
        Asserted in http://imce.jpl.nasa.gov/foundation/project.
      </failure>
    </testcase>
    <testcase name='http://imce.jpl.nasa.gov/foundation/project#invokes subproperty of http://opencaesar.io/oml#forwardRelation'>
      <failure>
        Asserted in http://imce.jpl.nasa.gov/foundation/project.
      </failure>
    </testcase>
    <testcase name='http://imce.jpl.nasa.gov/foundation/project#hasResponsibilityFor subproperty of http://opencaesar.io/oml#forwardRelation'>
      <failure>
        Asserted in http://imce.jpl.nasa.gov/foundation/project.
      </failure>
    </testcase>
    <testcase name='http://imce.jpl.nasa.gov/foundation/project#delegatesTo subproperty of http://opencaesar.io/oml#forwardRelation'>
      <failure>
        Asserted in http://imce.jpl.nasa.gov/foundation/project.
      </failure>
    </testcase>
    <testcase name='http://imce.jpl.nasa.gov/foundation/project#prepares subproperty of http://opencaesar.io/oml#forwardRelation'>
      <failure>
        Asserted in http://imce.jpl.nasa.gov/foundation/project.
      </failure>
    </testcase>
    <testcase name='http://imce.jpl.nasa.gov/foundation/project#involves subproperty of http://opencaesar.io/oml#forwardRelation'>
      <failure>
        Asserted in http://imce.jpl.nasa.gov/foundation/project.
      </failure>
    </testcase>
    <testcase name='http://imce.jpl.nasa.gov/foundation/project#authorizes subproperty of http://opencaesar.io/oml#forwardRelation'>
      <failure>
        Asserted in http://imce.jpl.nasa.gov/foundation/project.
      </failure>
    </testcase>
    <testcase name='http://iso.org/80000-6-units#coulomb-has-ampere subproperty of http://opencaesar.io/oml#forwardRelation'>
      <failure>
        Asserted in http://iso.org/80000-6-units.
      </failure>
    </testcase>
    <testcase name='http://iso.org/80000-6-units#newton-per-coulomb-has-newton subproperty of http://opencaesar.io/oml#forwardRelation'>
      <failure>
        Asserted in http://iso.org/80000-6-units.
      </failure>
    </testcase>
    <testcase name='http://iso.org/80000-6-units#volt-has-metre subproperty of http://opencaesar.io/oml#forwardRelation'>
      <failure>
        Asserted in http://iso.org/80000-6-units.
      </failure>
    </testcase>
    <testcase name='http://iso.org/80000-6-units#ohm-has-ampere subproperty of http://opencaesar.io/oml#forwardRelation'>
      <failure>
        Asserted in http://iso.org/80000-6-units.
      </failure>
    </testcase>
    <testcase name='http://iso.org/80000-6-units#volt-has-newton-per-coulomb subproperty of http://opencaesar.io/oml#forwardRelation'>
      <failure>
        Asserted in http://iso.org/80000-6-units.
      </failure>
    </testcase>
    <testcase name='http://iso.org/80000-6-units#coulomb-has-second subproperty of http://opencaesar.io/oml#forwardRelation'>
      <failure>
        Asserted in http://iso.org/80000-6-units.
      </failure>
    </testcase>
    <testcase name='http://iso.org/80000-6-units#ohm-has-volt subproperty of http://opencaesar.io/oml#forwardRelation'>
      <failure>
        Asserted in http://iso.org/80000-6-units.
      </failure>
    </testcase>
    <testcase name='http://iso.org/80000-6-units#newton-per-coulomb-has-coulomb subproperty of http://opencaesar.io/oml#forwardRelation'>
      <failure>
        Asserted in http://iso.org/80000-6-units.
      </failure>
    </testcase>
    <testcase name='http://imce.jpl.nasa.gov/foundation/mission#performs subproperty of http://opencaesar.io/oml#forwardRelation'>
      <failure>
        Asserted in http://imce.jpl.nasa.gov/foundation/mission.
      </failure>
    </testcase>
    <testcase name='http://imce.jpl.nasa.gov/foundation/mission#joins1 subproperty of http://opencaesar.io/oml#forwardRelation'>
      <failure>
        Asserted in http://imce.jpl.nasa.gov/foundation/mission.
      </failure>
    </testcase>
    <testcase name='http://imce.jpl.nasa.gov/foundation/mission#joins2 subproperty of http://opencaesar.io/oml#forwardRelation'>
      <failure>
        Asserted in http://imce.jpl.nasa.gov/foundation/mission.
      </failure>
    </testcase>
    <testcase name='http://imce.jpl.nasa.gov/foundation/mission#refines subproperty of http://opencaesar.io/oml#forwardRelation'>
      <failure>
        Asserted in http://imce.jpl.nasa.gov/foundation/mission.
      </failure>
    </testcase>
    <testcase name='http://imce.jpl.nasa.gov/foundation/mission#presents subproperty of http://opencaesar.io/oml#forwardRelation'>
      <failure>
        Asserted in http://imce.jpl.nasa.gov/foundation/mission.
      </failure>
    </testcase>
    <testcase name='http://imce.jpl.nasa.gov/foundation/mission#involves2 subproperty of http://opencaesar.io/oml#forwardRelation'>
      <failure>
        Asserted in http://imce.jpl.nasa.gov/foundation/mission.
      </failure>
    </testcase>
    <testcase name='http://imce.jpl.nasa.gov/foundation/mission#isTraversedBy subproperty of http://opencaesar.io/oml#forwardRelation'>
      <failure>
        Asserted in http://imce.jpl.nasa.gov/foundation/mission.
      </failure>
    </testcase>
    <testcase name='http://imce.jpl.nasa.gov/foundation/mission#transfersIn subproperty of http://opencaesar.io/oml#forwardRelation'>
      <failure>
        Asserted in http://imce.jpl.nasa.gov/foundation/mission.
      </failure>
    </testcase>
    <testcase name='http://imce.jpl.nasa.gov/foundation/mission#deploys subproperty of http://opencaesar.io/oml#forwardRelation'>
      <failure>
        Asserted in http://imce.jpl.nasa.gov/foundation/mission.
      </failure>
    </testcase>
    <testcase name='http://imce.jpl.nasa.gov/foundation/mission#emits subproperty of http://opencaesar.io/oml#forwardRelation'>
      <failure>
        Asserted in http://imce.jpl.nasa.gov/foundation/mission.
      </failure>
    </testcase>
    <testcase name='http://imce.jpl.nasa.gov/foundation/mission#invokes subproperty of http://opencaesar.io/oml#forwardRelation'>
      <failure>
        Asserted in http://imce.jpl.nasa.gov/foundation/mission.
      </failure>
    </testcase>
    <testcase name='http://imce.jpl.nasa.gov/foundation/mission#hasParticipant subproperty of http://opencaesar.io/oml#forwardRelation'>
      <failure>
        Asserted in http://imce.jpl.nasa.gov/foundation/mission.
      </failure>
    </testcase>
    <testcase name='http://imce.jpl.nasa.gov/foundation/mission#involves subproperty of http://opencaesar.io/oml#forwardRelation'>
      <failure>
        Asserted in http://imce.jpl.nasa.gov/foundation/mission.
      </failure>
    </testcase>
    <testcase name='http://imce.jpl.nasa.gov/foundation/mission#involves1 subproperty of http://opencaesar.io/oml#forwardRelation'>
      <failure>
        Asserted in http://imce.jpl.nasa.gov/foundation/mission.
      </failure>
    </testcase>
    <testcase name='http://imce.jpl.nasa.gov/foundation/mission#sends subproperty of http://opencaesar.io/oml#forwardRelation'>
      <failure>
        Asserted in http://imce.jpl.nasa.gov/foundation/mission.
      </failure>
    </testcase>
    <testcase name='http://imce.jpl.nasa.gov/foundation/mission#influences subproperty of http://opencaesar.io/oml#forwardRelation'>
      <failure>
        Asserted in http://imce.jpl.nasa.gov/foundation/mission.
      </failure>
    </testcase>
    <testcase name='http://imce.jpl.nasa.gov/foundation/mission#specifies subproperty of http://opencaesar.io/oml#forwardRelation'>
      <failure>
        Asserted in http://imce.jpl.nasa.gov/foundation/mission.
      </failure>
    </testcase>
    <testcase name='http://imce.jpl.nasa.gov/foundation/mission#ingests subproperty of http://opencaesar.io/oml#forwardRelation'>
      <failure>
        Asserted in http://imce.jpl.nasa.gov/foundation/mission.
      </failure>
    </testcase>
    <testcase name='http://imce.jpl.nasa.gov/foundation/mission#joins subproperty of http://opencaesar.io/oml#forwardRelation'>
      <failure>
        Asserted in http://imce.jpl.nasa.gov/foundation/mission.
      </failure>
    </testcase>
    <testcase name='http://imce.jpl.nasa.gov/foundation/mission#interchangesThrough subproperty of http://opencaesar.io/oml#forwardRelation'>
      <failure>
        Asserted in http://imce.jpl.nasa.gov/foundation/mission.
      </failure>
    </testcase>
    <testcase name='http://imce.jpl.nasa.gov/foundation/mission#receives subproperty of http://opencaesar.io/oml#forwardRelation'>
      <failure>
        Asserted in http://imce.jpl.nasa.gov/foundation/mission.
      </failure>
    </testcase>
    <testcase name='http://imce.jpl.nasa.gov/foundation/mission#pursues subproperty of http://opencaesar.io/oml#forwardRelation'>
      <failure>
        Asserted in http://imce.jpl.nasa.gov/foundation/mission.
      </failure>
    </testcase>
    <testcase name='http://imce.jpl.nasa.gov/foundation/mission#transfers subproperty of http://opencaesar.io/oml#forwardRelation'>
      <failure>
        Asserted in http://imce.jpl.nasa.gov/foundation/mission.
      </failure>
    </testcase>
    <testcase name='http://imce.jpl.nasa.gov/foundation/mission#produces subproperty of http://opencaesar.io/oml#forwardRelation'>
      <failure>
        Asserted in http://imce.jpl.nasa.gov/foundation/mission.
      </failure>
    </testcase>
    <testcase name='http://imce.jpl.nasa.gov/foundation/mission#induces subproperty of http://opencaesar.io/oml#forwardRelation'>
      <failure>
        Asserted in http://imce.jpl.nasa.gov/foundation/mission.
      </failure>
    </testcase>
    <testcase name='http://imce.jpl.nasa.gov/foundation/mission#transfersOut subproperty of http://opencaesar.io/oml#forwardRelation'>
      <failure>
        Asserted in http://imce.jpl.nasa.gov/foundation/mission.
      </failure>
    </testcase>
    <testcase name='http://iso.org/80000-3-quantities#angular-measure-has-arc-length subproperty of http://opencaesar.io/oml#forwardRelation'>
      <failure>
        Asserted in http://iso.org/80000-3-quantities.
      </failure>
    </testcase>
    <testcase name='http://iso.org/80000-3-quantities#angular-measure-has-radius subproperty of http://opencaesar.io/oml#forwardRelation'>
      <failure>
        Asserted in http://iso.org/80000-3-quantities.
      </failure>
    </testcase>
    <testcase name='http://iso.org/80000-3-quantities#frequency-has-period-duration subproperty of http://opencaesar.io/oml#forwardRelation'>
      <failure>
        Asserted in http://iso.org/80000-3-quantities.
      </failure>
    </testcase>
    <testcase name='http://iso.org/80000-3-quantities#rotation-has-rotational-displacement subproperty of http://opencaesar.io/oml#forwardRelation'>
      <failure>
        Asserted in http://iso.org/80000-3-quantities.
      </failure>
    </testcase>
    <testcase name='http://iso.org/80000-3-quantities#rotational-displacement-has-distance subproperty of http://opencaesar.io/oml#forwardRelation'>
      <failure>
        Asserted in http://iso.org/80000-3-quantities.
      </failure>
    </testcase>
    <testcase name='http://iso.org/80000-3-quantities#rotational-displacement-has-path-length subproperty of http://opencaesar.io/oml#forwardRelation'>
      <failure>
        Asserted in http://iso.org/80000-3-quantities.
      </failure>
    </testcase>
    <testcase name='http://iso.org/80000-3-quantities#rotational-frequency-has-duration subproperty of http://opencaesar.io/oml#forwardRelation'>
      <failure>
        Asserted in http://iso.org/80000-3-quantities.
      </failure>
    </testcase>
    <testcase name='http://iso.org/80000-3-quantities#rotational-frequency-has-rotation subproperty of http://opencaesar.io/oml#forwardRelation'>
      <failure>
        Asserted in http://iso.org/80000-3-quantities.
      </failure>
    </testcase>
    <testcase name='http://iso.org/80000-3-quantities#velocity-has-duration subproperty of http://opencaesar.io/oml#forwardRelation'>
      <failure>
        Asserted in http://iso.org/80000-3-quantities.
      </failure>
    </testcase>
    <testcase name='http://iso.org/80000-3-quantities#velocity-has-position-vector subproperty of http://opencaesar.io/oml#forwardRelation'>
      <failure>
        Asserted in http://iso.org/80000-3-quantities.
      </failure>
    </testcase>
    <testcase name='http://imce.jpl.nasa.gov/foundation/base#contains subproperty of http://opencaesar.io/oml#forwardRelation'>
      <failure>
        Asserted in http://imce.jpl.nasa.gov/foundation/base.
      </failure>
    </testcase>
    <testcase name='http://imce.jpl.nasa.gov/foundation/base#aggregates subproperty of http://opencaesar.io/oml#forwardRelation'>
      <failure>
        Asserted in http://imce.jpl.nasa.gov/foundation/base.
      </failure>
    </testcase>
    <testcase name='http://iso.org/80000-3-units#metre-per-second-has-metre subproperty of http://opencaesar.io/oml#forwardRelation'>
      <failure>
        Asserted in http://iso.org/80000-3-units.
      </failure>
    </testcase>
    <testcase name='http://iso.org/80000-3-units#kilometre-per-second-has-kilometre subproperty of http://opencaesar.io/oml#forwardRelation'>
      <failure>
        Asserted in http://iso.org/80000-3-units.
      </failure>
    </testcase>
    <testcase name='http://iso.org/80000-3-units#hertz-has-second subproperty of http://opencaesar.io/oml#forwardRelation'>
      <failure>
        Asserted in http://iso.org/80000-3-units.
      </failure>
    </testcase>
    <testcase name='http://iso.org/80000-3-units#radian-has-metre-denominator subproperty of http://opencaesar.io/oml#forwardRelation'>
      <failure>
        Asserted in http://iso.org/80000-3-units.
      </failure>
    </testcase>
    <testcase name='http://iso.org/80000-3-units#kilometre-per-second-has-second subproperty of http://opencaesar.io/oml#forwardRelation'>
      <failure>
        Asserted in http://iso.org/80000-3-units.
      </failure>
    </testcase>
    <testcase name='http://iso.org/80000-3-units#metre-per-second-has-second subproperty of http://opencaesar.io/oml#forwardRelation'>
      <failure>
        Asserted in http://iso.org/80000-3-units.
      </failure>
    </testcase>
    <testcase name='http://iso.org/80000-3-units#revolution-has-radian subproperty of http://opencaesar.io/oml#forwardRelation'>
      <failure>
        Asserted in http://iso.org/80000-3-units.
      </failure>
    </testcase>
    <testcase name='http://iso.org/80000-3-units#radian-has-metre-numerator subproperty of http://opencaesar.io/oml#forwardRelation'>
      <failure>
        Asserted in http://iso.org/80000-3-units.
      </failure>
    </testcase>
    <testcase name='http://iso.org/80000-5-units#degreeCelcius-has-kelvin subproperty of http://opencaesar.io/oml#forwardRelation'>
      <failure>
        Asserted in http://iso.org/80000-5-units.
      </failure>
    </testcase>
    <testcase name='http://iupac.org/metrology#isQuantityOf subproperty of http://opencaesar.io/oml#forwardRelation'>
      <failure>
        Asserted in http://iupac.org/metrology.
      </failure>
    </testcase>
    <testcase name='http://iupac.org/metrology#isMagnitudeOf subproperty of http://opencaesar.io/oml#forwardRelation'>
      <failure>
        Asserted in http://iupac.org/metrology.
      </failure>
    </testcase>
    <testcase name='http://iupac.org/metrology#hasReference subproperty of http://opencaesar.io/oml#forwardRelation'>
      <failure>
        Asserted in http://iupac.org/metrology.
      </failure>
    </testcase>
    <testcase name='http://iupac.org/metrology#hasFactorForMeasurementUnit subproperty of http://opencaesar.io/oml#forwardRelation'>
      <failure>
        Asserted in http://iupac.org/metrology.
      </failure>
    </testcase>
    <testcase name='http://iupac.org/metrology#systemHasMetrologicalUnit subproperty of http://opencaesar.io/oml#forwardRelation'>
      <failure>
        Asserted in http://iupac.org/metrology.
      </failure>
    </testcase>
    <testcase name='http://iupac.org/metrology#nonCoherentDerivedMeasurementUnitOf subproperty of http://opencaesar.io/oml#forwardRelation'>
      <failure>
        Asserted in http://iupac.org/metrology.
      </failure>
    </testcase>
    <testcase name='http://iupac.org/metrology#isReflexiveMagnitudeOf subproperty of http://opencaesar.io/oml#forwardRelation'>
      <failure>
        Asserted in http://iupac.org/metrology.
      </failure>
    </testcase>
    <testcase name='http://iupac.org/metrology#systemHasUnitaryQuantity subproperty of http://opencaesar.io/oml#forwardRelation'>
      <failure>
        Asserted in http://iupac.org/metrology.
      </failure>
    </testcase>
    <testcase name='http://iupac.org/metrology#hasFactorForUnitaryQuantity subproperty of http://opencaesar.io/oml#forwardRelation'>
      <failure>
        Asserted in http://iupac.org/metrology.
      </failure>
    </testcase>
    <testcase name='http://iupac.org/metrology#hasPrefix subproperty of http://opencaesar.io/oml#forwardRelation'>
      <failure>
        Asserted in http://iupac.org/metrology.
      </failure>
    </testcase>
    <testcase name='http://iso.org/80000-4-units#watt-has-metre-per-second subproperty of http://opencaesar.io/oml#forwardRelation'>
      <failure>
        Asserted in http://iso.org/80000-4-units.
      </failure>
    </testcase>
    <testcase name='http://iso.org/80000-4-units#newton-millisecond-has-millisecond subproperty of http://opencaesar.io/oml#forwardRelation'>
      <failure>
        Asserted in http://iso.org/80000-4-units.
      </failure>
    </testcase>
    <testcase name='http://iso.org/80000-4-units#newton-has-metre-per-second subproperty of http://opencaesar.io/oml#forwardRelation'>
      <failure>
        Asserted in http://iso.org/80000-4-units.
      </failure>
    </testcase>
    <testcase name='http://iso.org/80000-4-units#kilogram-metre-per-second-has-metre-per-second subproperty of http://opencaesar.io/oml#forwardRelation'>
      <failure>
        Asserted in http://iso.org/80000-4-units.
      </failure>
    </testcase>
    <testcase name='http://iso.org/80000-4-units#newton-millisecond-has-newton subproperty of http://opencaesar.io/oml#forwardRelation'>
      <failure>
        Asserted in http://iso.org/80000-4-units.
      </failure>
    </testcase>
    <testcase name='http://iso.org/80000-4-units#newton-has-kilogram subproperty of http://opencaesar.io/oml#forwardRelation'>
      <failure>
        Asserted in http://iso.org/80000-4-units.
      </failure>
    </testcase>
    <testcase name='http://iso.org/80000-4-units#newton-second-has-newton subproperty of http://opencaesar.io/oml#forwardRelation'>
      <failure>
        Asserted in http://iso.org/80000-4-units.
      </failure>
    </testcase>
    <testcase name='http://iso.org/80000-4-units#kilogram-metre-per-second-has-kilogram subproperty of http://opencaesar.io/oml#forwardRelation'>
      <failure>
        Asserted in http://iso.org/80000-4-units.
      </failure>
    </testcase>
    <testcase name='http://iso.org/80000-4-units#watt-has-newton subproperty of http://opencaesar.io/oml#forwardRelation'>
      <failure>
        Asserted in http://iso.org/80000-4-units.
      </failure>
    </testcase>
    <testcase name='http://iso.org/80000-4-units#newton-second-has-second subproperty of http://opencaesar.io/oml#forwardRelation'>
      <failure>
        Asserted in http://iso.org/80000-4-units.
      </failure>
    </testcase>
    <testcase name='http://imce.jpl.nasa.gov/discipline/fse/fse#hasConnectsAssemblySource subproperty of http://opencaesar.io/oml#sourceRelation'>
      <failure>
        Asserted in http://imce.jpl.nasa.gov/discipline/fse/fse.
      </failure>
    </testcase>
    <testcase name='http://imce.jpl.nasa.gov/discipline/fse/fse#hasConnectsAssembly2Source subproperty of http://opencaesar.io/oml#sourceRelation'>
      <failure>
        Asserted in http://imce.jpl.nasa.gov/discipline/fse/fse.
      </failure>
    </testcase>
    <testcase name='http://imce.jpl.nasa.gov/discipline/fse/fse#hasConnectsAssembly1Source subproperty of http://opencaesar.io/oml#sourceRelation'>
      <failure>
        Asserted in http://imce.jpl.nasa.gov/discipline/fse/fse.
      </failure>
    </testcase>
    <testcase name='http://imce.jpl.nasa.gov/foundation/analysis#hasAnalyzesSource subproperty of http://opencaesar.io/oml#sourceRelation'>
      <failure>
        Asserted in http://imce.jpl.nasa.gov/foundation/analysis.
      </failure>
    </testcase>
    <testcase name='http://imce.jpl.nasa.gov/foundation/analysis#hasCharacterizesSource subproperty of http://opencaesar.io/oml#sourceRelation'>
      <failure>
        Asserted in http://imce.jpl.nasa.gov/foundation/analysis.
      </failure>
    </testcase>
    <testcase name='http://imce.jpl.nasa.gov/foundation/analysis#hasConstrainsSource subproperty of http://opencaesar.io/oml#sourceRelation'>
      <failure>
        Asserted in http://imce.jpl.nasa.gov/foundation/analysis.
      </failure>
    </testcase>
    <testcase name='http://imce.jpl.nasa.gov/foundation/analysis#hasExplainsSource subproperty of http://opencaesar.io/oml#sourceRelation'>
      <failure>
        Asserted in http://imce.jpl.nasa.gov/foundation/analysis.
      </failure>
    </testcase>
    <testcase name='http://imce.jpl.nasa.gov/foundation/analysis#hasLimitsSource subproperty of http://opencaesar.io/oml#sourceRelation'>
      <failure>
        Asserted in http://imce.jpl.nasa.gov/foundation/analysis.
      </failure>
    </testcase>
    <testcase name='http://imce.jpl.nasa.gov/foundation/analysis#hasValidatesSource subproperty of http://opencaesar.io/oml#sourceRelation'>
      <failure>
        Asserted in http://imce.jpl.nasa.gov/foundation/analysis.
      </failure>
    </testcase>
    <testcase name='http://iso.org/80000-5-quantities#hasCelcius-Temperature-Has-Thermodynamic-TemperatureSource subproperty of http://opencaesar.io/oml#sourceRelation'>
      <failure>
        Asserted in http://iso.org/80000-5-quantities.
      </failure>
    </testcase>
    <testcase name='http://iso.org/80000-4-quantities#hasMomentum-Has-MassSource subproperty of http://opencaesar.io/oml#sourceRelation'>
      <failure>
        Asserted in http://iso.org/80000-4-quantities.
      </failure>
    </testcase>
    <testcase name='http://iso.org/80000-4-quantities#hasPower-Has-VelocitySource subproperty of http://opencaesar.io/oml#sourceRelation'>
      <failure>
        Asserted in http://iso.org/80000-4-quantities.
      </failure>
    </testcase>
    <testcase name='http://iso.org/80000-4-quantities#hasForce-Has-VelocitySource subproperty of http://opencaesar.io/oml#sourceRelation'>
      <failure>
        Asserted in http://iso.org/80000-4-quantities.
      </failure>
    </testcase>
    <testcase name='http://iso.org/80000-4-quantities#hasImpulse-Has-DurationSource subproperty of http://opencaesar.io/oml#sourceRelation'>
      <failure>
        Asserted in http://iso.org/80000-4-quantities.
      </failure>
    </testcase>
    <testcase name='http://iso.org/80000-4-quantities#hasPower-Has-ForceSource subproperty of http://opencaesar.io/oml#sourceRelation'>
      <failure>
        Asserted in http://iso.org/80000-4-quantities.
      </failure>
    </testcase>
    <testcase name='http://iso.org/80000-4-quantities#hasForce-Has-MomentumSource subproperty of http://opencaesar.io/oml#sourceRelation'>
      <failure>
        Asserted in http://iso.org/80000-4-quantities.
      </failure>
    </testcase>
    <testcase name='http://iso.org/80000-4-quantities#hasImpulse-Has-ForceSource subproperty of http://opencaesar.io/oml#sourceRelation'>
      <failure>
        Asserted in http://iso.org/80000-4-quantities.
      </failure>
    </testcase>
    <testcase name='http://iso.org/80000-4-quantities#hasMomentum-Has-VelocitySource subproperty of http://opencaesar.io/oml#sourceRelation'>
      <failure>
        Asserted in http://iso.org/80000-4-quantities.
      </failure>
    </testcase>
    <testcase name='http://iso.org/80000-6-quantities#hasElectric-Field-Strength-Has-Electric-ChargeSource subproperty of http://opencaesar.io/oml#sourceRelation'>
      <failure>
        Asserted in http://iso.org/80000-6-quantities.
      </failure>
    </testcase>
    <testcase name='http://iso.org/80000-6-quantities#hasResistance-Has-Electric-PotentialSource subproperty of http://opencaesar.io/oml#sourceRelation'>
      <failure>
        Asserted in http://iso.org/80000-6-quantities.
      </failure>
    </testcase>
    <testcase name='http://iso.org/80000-6-quantities#hasElectric-Field-Strength-Has-ForceSource subproperty of http://opencaesar.io/oml#sourceRelation'>
      <failure>
        Asserted in http://iso.org/80000-6-quantities.
      </failure>
    </testcase>
    <testcase name='http://iso.org/80000-6-quantities#hasElectric-Potential-Has-Electric-Field-StrengthSource subproperty of http://opencaesar.io/oml#sourceRelation'>
      <failure>
        Asserted in http://iso.org/80000-6-quantities.
      </failure>
    </testcase>
    <testcase name='http://iso.org/80000-6-quantities#hasElectric-Charge-Has-Electric-CurrentSource subproperty of http://opencaesar.io/oml#sourceRelation'>
      <failure>
        Asserted in http://iso.org/80000-6-quantities.
      </failure>
    </testcase>
    <testcase name='http://iso.org/80000-6-quantities#hasElectric-Charge-Has-DurationSource subproperty of http://opencaesar.io/oml#sourceRelation'>
      <failure>
        Asserted in http://iso.org/80000-6-quantities.
      </failure>
    </testcase>
    <testcase name='http://iso.org/80000-6-quantities#hasElectric-Potential-Has-Path-LengthSource subproperty of http://opencaesar.io/oml#sourceRelation'>
      <failure>
        Asserted in http://iso.org/80000-6-quantities.
      </failure>
    </testcase>
    <testcase name='http://iso.org/80000-6-quantities#hasResistance-Has-Electric-CurrentSource subproperty of http://opencaesar.io/oml#sourceRelation'>
      <failure>
        Asserted in http://iso.org/80000-6-quantities.
      </failure>
    </testcase>
    <testcase name='http://imce.jpl.nasa.gov/foundation/project#hasHasResponsibilityForSource subproperty of http://opencaesar.io/oml#sourceRelation'>
      <failure>
        Asserted in http://imce.jpl.nasa.gov/foundation/project.
      </failure>
    </testcase>
    <testcase name='http://imce.jpl.nasa.gov/foundation/project#hasReceivesSource subproperty of http://opencaesar.io/oml#sourceRelation'>
      <failure>
        Asserted in http://imce.jpl.nasa.gov/foundation/project.
      </failure>
    </testcase>
    <testcase name='http://imce.jpl.nasa.gov/foundation/project#hasReliesOnSource subproperty of http://opencaesar.io/oml#sourceRelation'>
      <failure>
        Asserted in http://imce.jpl.nasa.gov/foundation/project.
      </failure>
    </testcase>
    <testcase name='http://imce.jpl.nasa.gov/foundation/project#hasInvolvesSource subproperty of http://opencaesar.io/oml#sourceRelation'>
      <failure>
        Asserted in http://imce.jpl.nasa.gov/foundation/project.
      </failure>
    </testcase>
    <testcase name='http://imce.jpl.nasa.gov/foundation/project#hasDeliversSource subproperty of http://opencaesar.io/oml#sourceRelation'>
      <failure>
        Asserted in http://imce.jpl.nasa.gov/foundation/project.
      </failure>
    </testcase>
    <testcase name='http://imce.jpl.nasa.gov/foundation/project#hasApprovesSource subproperty of http://opencaesar.io/oml#sourceRelation'>
      <failure>
        Asserted in http://imce.jpl.nasa.gov/foundation/project.
      </failure>
    </testcase>
    <testcase name='http://imce.jpl.nasa.gov/foundation/project#hasHasAssignmentSource subproperty of http://opencaesar.io/oml#sourceRelation'>
      <failure>
        Asserted in http://imce.jpl.nasa.gov/foundation/project.
      </failure>
    </testcase>
    <testcase name='http://imce.jpl.nasa.gov/foundation/project#hasInvolves1Source subproperty of http://opencaesar.io/oml#sourceRelation'>
      <failure>
        Asserted in http://imce.jpl.nasa.gov/foundation/project.
      </failure>
    </testcase>
    <testcase name='http://imce.jpl.nasa.gov/foundation/project#hasDelegatesToSource subproperty of http://opencaesar.io/oml#sourceRelation'>
      <failure>
        Asserted in http://imce.jpl.nasa.gov/foundation/project.
      </failure>
    </testcase>
    <testcase name='http://imce.jpl.nasa.gov/foundation/project#hasHasRoleSource subproperty of http://opencaesar.io/oml#sourceRelation'>
      <failure>
        Asserted in http://imce.jpl.nasa.gov/foundation/project.
      </failure>
    </testcase>
    <testcase name='http://imce.jpl.nasa.gov/foundation/project#hasBelongsToSource subproperty of http://opencaesar.io/oml#sourceRelation'>
      <failure>
        Asserted in http://imce.jpl.nasa.gov/foundation/project.
      </failure>
    </testcase>
    <testcase name='http://imce.jpl.nasa.gov/foundation/project#hasRealizesSource subproperty of http://opencaesar.io/oml#sourceRelation'>
      <failure>
        Asserted in http://imce.jpl.nasa.gov/foundation/project.
      </failure>
    </testcase>
    <testcase name='http://imce.jpl.nasa.gov/foundation/project#hasInterchangesThroughSource subproperty of http://opencaesar.io/oml#sourceRelation'>
      <failure>
        Asserted in http://imce.jpl.nasa.gov/foundation/project.
      </failure>
    </testcase>
    <testcase name='http://imce.jpl.nasa.gov/foundation/project#hasRepresentsSource subproperty of http://opencaesar.io/oml#sourceRelation'>
      <failure>
        Asserted in http://imce.jpl.nasa.gov/foundation/project.
      </failure>
    </testcase>
    <testcase name='http://imce.jpl.nasa.gov/foundation/project#hasProducesSource subproperty of http://opencaesar.io/oml#sourceRelation'>
      <failure>
        Asserted in http://imce.jpl.nasa.gov/foundation/project.
      </failure>
    </testcase>
    <testcase name='http://imce.jpl.nasa.gov/foundation/project#hasInvolves2Source subproperty of http://opencaesar.io/oml#sourceRelation'>
      <failure>
        Asserted in http://imce.jpl.nasa.gov/foundation/project.
      </failure>
    </testcase>
    <testcase name='http://imce.jpl.nasa.gov/foundation/project#hasDescribesSource subproperty of http://opencaesar.io/oml#sourceRelation'>
      <failure>
        Asserted in http://imce.jpl.nasa.gov/foundation/project.
      </failure>
    </testcase>
    <testcase name='http://imce.jpl.nasa.gov/foundation/project#hasExecutesSource subproperty of http://opencaesar.io/oml#sourceRelation'>
      <failure>
        Asserted in http://imce.jpl.nasa.gov/foundation/project.
      </failure>
    </testcase>
    <testcase name='http://imce.jpl.nasa.gov/foundation/project#hasConcursSource subproperty of http://opencaesar.io/oml#sourceRelation'>
      <failure>
        Asserted in http://imce.jpl.nasa.gov/foundation/project.
      </failure>
    </testcase>
    <testcase name='http://imce.jpl.nasa.gov/foundation/project#hasPreparesSource subproperty of http://opencaesar.io/oml#sourceRelation'>
      <failure>
        Asserted in http://imce.jpl.nasa.gov/foundation/project.
      </failure>
    </testcase>
    <testcase name='http://imce.jpl.nasa.gov/foundation/project#hasManifestsSource subproperty of http://opencaesar.io/oml#sourceRelation'>
      <failure>
        Asserted in http://imce.jpl.nasa.gov/foundation/project.
      </failure>
    </testcase>
    <testcase name='http://imce.jpl.nasa.gov/foundation/project#hasAuthorizesSource subproperty of http://opencaesar.io/oml#sourceRelation'>
      <failure>
        Asserted in http://imce.jpl.nasa.gov/foundation/project.
      </failure>
    </testcase>
    <testcase name='http://imce.jpl.nasa.gov/foundation/project#hasHasParticipantSource subproperty of http://opencaesar.io/oml#sourceRelation'>
      <failure>
        Asserted in http://imce.jpl.nasa.gov/foundation/project.
      </failure>
    </testcase>
    <testcase name='http://imce.jpl.nasa.gov/foundation/project#hasInvokesSource subproperty of http://opencaesar.io/oml#sourceRelation'>
      <failure>
        Asserted in http://imce.jpl.nasa.gov/foundation/project.
      </failure>
    </testcase>
    <testcase name='http://imce.jpl.nasa.gov/foundation/project#hasBindsSource subproperty of http://opencaesar.io/oml#sourceRelation'>
      <failure>
        Asserted in http://imce.jpl.nasa.gov/foundation/project.
      </failure>
    </testcase>
    <testcase name='http://imce.jpl.nasa.gov/foundation/project#hasSuppliesSource subproperty of http://opencaesar.io/oml#sourceRelation'>
      <failure>
        Asserted in http://imce.jpl.nasa.gov/foundation/project.
      </failure>
    </testcase>
    <testcase name='http://iso.org/80000-6-units#hasNewton-Per-Coulomb-Has-NewtonSource subproperty of http://opencaesar.io/oml#sourceRelation'>
      <failure>
        Asserted in http://iso.org/80000-6-units.
      </failure>
    </testcase>
    <testcase name='http://iso.org/80000-6-units#hasVolt-Has-Newton-Per-CoulombSource subproperty of http://opencaesar.io/oml#sourceRelation'>
      <failure>
        Asserted in http://iso.org/80000-6-units.
      </failure>
    </testcase>
    <testcase name='http://iso.org/80000-6-units#hasOhm-Has-VoltSource subproperty of http://opencaesar.io/oml#sourceRelation'>
      <failure>
        Asserted in http://iso.org/80000-6-units.
      </failure>
    </testcase>
    <testcase name='http://iso.org/80000-6-units#hasVolt-Has-MetreSource subproperty of http://opencaesar.io/oml#sourceRelation'>
      <failure>
        Asserted in http://iso.org/80000-6-units.
      </failure>
    </testcase>
    <testcase name='http://iso.org/80000-6-units#hasCoulomb-Has-AmpereSource subproperty of http://opencaesar.io/oml#sourceRelation'>
      <failure>
        Asserted in http://iso.org/80000-6-units.
      </failure>
    </testcase>
    <testcase name='http://iso.org/80000-6-units#hasNewton-Per-Coulomb-Has-CoulombSource subproperty of http://opencaesar.io/oml#sourceRelation'>
      <failure>
        Asserted in http://iso.org/80000-6-units.
      </failure>
    </testcase>
    <testcase name='http://iso.org/80000-6-units#hasCoulomb-Has-SecondSource subproperty of http://opencaesar.io/oml#sourceRelation'>
      <failure>
        Asserted in http://iso.org/80000-6-units.
      </failure>
    </testcase>
    <testcase name='http://iso.org/80000-6-units#hasOhm-Has-AmpereSource subproperty of http://opencaesar.io/oml#sourceRelation'>
      <failure>
        Asserted in http://iso.org/80000-6-units.
      </failure>
    </testcase>
    <testcase name='http://imce.jpl.nasa.gov/foundation/mission#hasPerformsSource subproperty of http://opencaesar.io/oml#sourceRelation'>
      <failure>
        Asserted in http://imce.jpl.nasa.gov/foundation/mission.
      </failure>
    </testcase>
    <testcase name='http://imce.jpl.nasa.gov/foundation/mission#hasReceivesSource subproperty of http://opencaesar.io/oml#sourceRelation'>
      <failure>
        Asserted in http://imce.jpl.nasa.gov/foundation/mission.
      </failure>
    </testcase>
    <testcase name='http://imce.jpl.nasa.gov/foundation/mission#hasTransfersSource subproperty of http://opencaesar.io/oml#sourceRelation'>
      <failure>
        Asserted in http://imce.jpl.nasa.gov/foundation/mission.
      </failure>
    </testcase>
    <testcase name='http://imce.jpl.nasa.gov/foundation/mission#hasHasParticipantSource subproperty of http://opencaesar.io/oml#sourceRelation'>
      <failure>
        Asserted in http://imce.jpl.nasa.gov/foundation/mission.
      </failure>
    </testcase>
    <testcase name='http://imce.jpl.nasa.gov/foundation/mission#hasJoins1Source subproperty of http://opencaesar.io/oml#sourceRelation'>
      <failure>
        Asserted in http://imce.jpl.nasa.gov/foundation/mission.
      </failure>
    </testcase>
    <testcase name='http://imce.jpl.nasa.gov/foundation/mission#hasJoinsSource subproperty of http://opencaesar.io/oml#sourceRelation'>
      <failure>
        Asserted in http://imce.jpl.nasa.gov/foundation/mission.
      </failure>
    </testcase>
    <testcase name='http://imce.jpl.nasa.gov/foundation/mission#hasPresentsSource subproperty of http://opencaesar.io/oml#sourceRelation'>
      <failure>
        Asserted in http://imce.jpl.nasa.gov/foundation/mission.
      </failure>
    </testcase>
    <testcase name='http://imce.jpl.nasa.gov/foundation/mission#hasIngestsSource subproperty of http://opencaesar.io/oml#sourceRelation'>
      <failure>
        Asserted in http://imce.jpl.nasa.gov/foundation/mission.
      </failure>
    </testcase>
    <testcase name='http://imce.jpl.nasa.gov/foundation/mission#hasInterchangesThroughSource subproperty of http://opencaesar.io/oml#sourceRelation'>
      <failure>
        Asserted in http://imce.jpl.nasa.gov/foundation/mission.
      </failure>
    </testcase>
    <testcase name='http://imce.jpl.nasa.gov/foundation/mission#hasInvolves2Source subproperty of http://opencaesar.io/oml#sourceRelation'>
      <failure>
        Asserted in http://imce.jpl.nasa.gov/foundation/mission.
      </failure>
    </testcase>
    <testcase name='http://imce.jpl.nasa.gov/foundation/mission#hasInvolvesSource subproperty of http://opencaesar.io/oml#sourceRelation'>
      <failure>
        Asserted in http://imce.jpl.nasa.gov/foundation/mission.
      </failure>
    </testcase>
    <testcase name='http://imce.jpl.nasa.gov/foundation/mission#hasDeploysSource subproperty of http://opencaesar.io/oml#sourceRelation'>
      <failure>
        Asserted in http://imce.jpl.nasa.gov/foundation/mission.
      </failure>
    </testcase>
    <testcase name='http://imce.jpl.nasa.gov/foundation/mission#hasTransfersOutSource subproperty of http://opencaesar.io/oml#sourceRelation'>
      <failure>
        Asserted in http://imce.jpl.nasa.gov/foundation/mission.
      </failure>
    </testcase>
    <testcase name='http://imce.jpl.nasa.gov/foundation/mission#hasTransfersInSource subproperty of http://opencaesar.io/oml#sourceRelation'>
      <failure>
        Asserted in http://imce.jpl.nasa.gov/foundation/mission.
      </failure>
    </testcase>
    <testcase name='http://imce.jpl.nasa.gov/foundation/mission#hasPursuesSource subproperty of http://opencaesar.io/oml#sourceRelation'>
      <failure>
        Asserted in http://imce.jpl.nasa.gov/foundation/mission.
      </failure>
    </testcase>
    <testcase name='http://imce.jpl.nasa.gov/foundation/mission#hasEmitsSource subproperty of http://opencaesar.io/oml#sourceRelation'>
      <failure>
        Asserted in http://imce.jpl.nasa.gov/foundation/mission.
      </failure>
    </testcase>
    <testcase name='http://imce.jpl.nasa.gov/foundation/mission#hasInvokesSource subproperty of http://opencaesar.io/oml#sourceRelation'>
      <failure>
        Asserted in http://imce.jpl.nasa.gov/foundation/mission.
      </failure>
    </testcase>
    <testcase name='http://imce.jpl.nasa.gov/foundation/mission#hasProducesSource subproperty of http://opencaesar.io/oml#sourceRelation'>
      <failure>
        Asserted in http://imce.jpl.nasa.gov/foundation/mission.
      </failure>
    </testcase>
    <testcase name='http://imce.jpl.nasa.gov/foundation/mission#hasInfluencesSource subproperty of http://opencaesar.io/oml#sourceRelation'>
      <failure>
        Asserted in http://imce.jpl.nasa.gov/foundation/mission.
      </failure>
    </testcase>
    <testcase name='http://imce.jpl.nasa.gov/foundation/mission#hasSendsSource subproperty of http://opencaesar.io/oml#sourceRelation'>
      <failure>
        Asserted in http://imce.jpl.nasa.gov/foundation/mission.
      </failure>
    </testcase>
    <testcase name='http://imce.jpl.nasa.gov/foundation/mission#hasIsTraversedBySource subproperty of http://opencaesar.io/oml#sourceRelation'>
      <failure>
        Asserted in http://imce.jpl.nasa.gov/foundation/mission.
      </failure>
    </testcase>
    <testcase name='http://imce.jpl.nasa.gov/foundation/mission#hasInducesSource subproperty of http://opencaesar.io/oml#sourceRelation'>
      <failure>
        Asserted in http://imce.jpl.nasa.gov/foundation/mission.
      </failure>
    </testcase>
    <testcase name='http://imce.jpl.nasa.gov/foundation/mission#hasSpecifiesSource subproperty of http://opencaesar.io/oml#sourceRelation'>
      <failure>
        Asserted in http://imce.jpl.nasa.gov/foundation/mission.
      </failure>
    </testcase>
    <testcase name='http://imce.jpl.nasa.gov/foundation/mission#hasRefinesSource subproperty of http://opencaesar.io/oml#sourceRelation'>
      <failure>
        Asserted in http://imce.jpl.nasa.gov/foundation/mission.
      </failure>
    </testcase>
    <testcase name='http://imce.jpl.nasa.gov/foundation/mission#hasInvolves1Source subproperty of http://opencaesar.io/oml#sourceRelation'>
      <failure>
        Asserted in http://imce.jpl.nasa.gov/foundation/mission.
      </failure>
    </testcase>
    <testcase name='http://imce.jpl.nasa.gov/foundation/mission#hasJoins2Source subproperty of http://opencaesar.io/oml#sourceRelation'>
      <failure>
        Asserted in http://imce.jpl.nasa.gov/foundation/mission.
      </failure>
    </testcase>
    <testcase name='http://iso.org/80000-3-quantities#hasAngular-Measure-Has-Arc-LengthSource subproperty of http://opencaesar.io/oml#sourceRelation'>
      <failure>
        Asserted in http://iso.org/80000-3-quantities.
      </failure>
    </testcase>
    <testcase name='http://iso.org/80000-3-quantities#hasAngular-Measure-Has-RadiusSource subproperty of http://opencaesar.io/oml#sourceRelation'>
      <failure>
        Asserted in http://iso.org/80000-3-quantities.
      </failure>
    </testcase>
    <testcase name='http://iso.org/80000-3-quantities#hasFrequency-Has-Period-DurationSource subproperty of http://opencaesar.io/oml#sourceRelation'>
      <failure>
        Asserted in http://iso.org/80000-3-quantities.
      </failure>
    </testcase>
    <testcase name='http://iso.org/80000-3-quantities#hasRotation-Has-Rotational-DisplacementSource subproperty of http://opencaesar.io/oml#sourceRelation'>
      <failure>
        Asserted in http://iso.org/80000-3-quantities.
      </failure>
    </testcase>
    <testcase name='http://iso.org/80000-3-quantities#hasRotational-Displacement-Has-DistanceSource subproperty of http://opencaesar.io/oml#sourceRelation'>
      <failure>
        Asserted in http://iso.org/80000-3-quantities.
      </failure>
    </testcase>
    <testcase name='http://iso.org/80000-3-quantities#hasRotational-Displacement-Has-Path-LengthSource subproperty of http://opencaesar.io/oml#sourceRelation'>
      <failure>
        Asserted in http://iso.org/80000-3-quantities.
      </failure>
    </testcase>
    <testcase name='http://iso.org/80000-3-quantities#hasRotational-Frequency-Has-DurationSource subproperty of http://opencaesar.io/oml#sourceRelation'>
      <failure>
        Asserted in http://iso.org/80000-3-quantities.
      </failure>
    </testcase>
    <testcase name='http://iso.org/80000-3-quantities#hasRotational-Frequency-Has-RotationSource subproperty of http://opencaesar.io/oml#sourceRelation'>
      <failure>
        Asserted in http://iso.org/80000-3-quantities.
      </failure>
    </testcase>
    <testcase name='http://iso.org/80000-3-quantities#hasVelocity-Has-DurationSource subproperty of http://opencaesar.io/oml#sourceRelation'>
      <failure>
        Asserted in http://iso.org/80000-3-quantities.
      </failure>
    </testcase>
    <testcase name='http://iso.org/80000-3-quantities#hasVelocity-Has-Position-VectorSource subproperty of http://opencaesar.io/oml#sourceRelation'>
      <failure>
        Asserted in http://iso.org/80000-3-quantities.
      </failure>
    </testcase>
    <testcase name='http://imce.jpl.nasa.gov/foundation/base#hasAggregatesSource subproperty of http://opencaesar.io/oml#sourceRelation'>
      <failure>
        Asserted in http://imce.jpl.nasa.gov/foundation/base.
      </failure>
    </testcase>
    <testcase name='http://imce.jpl.nasa.gov/foundation/base#hasContainsSource subproperty of http://opencaesar.io/oml#sourceRelation'>
      <failure>
        Asserted in http://imce.jpl.nasa.gov/foundation/base.
      </failure>
    </testcase>
    <testcase name='http://iso.org/80000-3-units#hasMetre-Per-Second-Has-SecondSource subproperty of http://opencaesar.io/oml#sourceRelation'>
      <failure>
        Asserted in http://iso.org/80000-3-units.
      </failure>
    </testcase>
    <testcase name='http://iso.org/80000-3-units#hasMetre-Per-Second-Has-MetreSource subproperty of http://opencaesar.io/oml#sourceRelation'>
      <failure>
        Asserted in http://iso.org/80000-3-units.
      </failure>
    </testcase>
    <testcase name='http://iso.org/80000-3-units#hasRadian-Has-Metre-NumeratorSource subproperty of http://opencaesar.io/oml#sourceRelation'>
      <failure>
        Asserted in http://iso.org/80000-3-units.
      </failure>
    </testcase>
    <testcase name='http://iso.org/80000-3-units#hasKilometre-Per-Second-Has-KilometreSource subproperty of http://opencaesar.io/oml#sourceRelation'>
      <failure>
        Asserted in http://iso.org/80000-3-units.
      </failure>
    </testcase>
    <testcase name='http://iso.org/80000-3-units#hasHertz-Has-SecondSource subproperty of http://opencaesar.io/oml#sourceRelation'>
      <failure>
        Asserted in http://iso.org/80000-3-units.
      </failure>
    </testcase>
    <testcase name='http://iso.org/80000-3-units#hasRevolution-Has-RadianSource subproperty of http://opencaesar.io/oml#sourceRelation'>
      <failure>
        Asserted in http://iso.org/80000-3-units.
      </failure>
    </testcase>
    <testcase name='http://iso.org/80000-3-units#hasRadian-Has-Metre-DenominatorSource subproperty of http://opencaesar.io/oml#sourceRelation'>
      <failure>
        Asserted in http://iso.org/80000-3-units.
      </failure>
    </testcase>
    <testcase name='http://iso.org/80000-3-units#hasKilometre-Per-Second-Has-SecondSource subproperty of http://opencaesar.io/oml#sourceRelation'>
      <failure>
        Asserted in http://iso.org/80000-3-units.
      </failure>
    </testcase>
    <testcase name='http://iso.org/80000-5-units#hasDegreeCelcius-Has-KelvinSource subproperty of http://opencaesar.io/oml#sourceRelation'>
      <failure>
        Asserted in http://iso.org/80000-5-units.
      </failure>
    </testcase>
    <testcase name='http://iupac.org/metrology#hasIsQuantityOfSource subproperty of http://opencaesar.io/oml#sourceRelation'>
      <failure>
        Asserted in http://iupac.org/metrology.
      </failure>
    </testcase>
    <testcase name='http://iupac.org/metrology#hasHasFactorForUnitaryQuantitySource subproperty of http://opencaesar.io/oml#sourceRelation'>
      <failure>
        Asserted in http://iupac.org/metrology.
      </failure>
    </testcase>
    <testcase name='http://iupac.org/metrology#hasHasFactorForMeasurementUnitSource subproperty of http://opencaesar.io/oml#sourceRelation'>
      <failure>
        Asserted in http://iupac.org/metrology.
      </failure>
    </testcase>
    <testcase name='http://iupac.org/metrology#hasSystemHasUnitaryQuantitySource subproperty of http://opencaesar.io/oml#sourceRelation'>
      <failure>
        Asserted in http://iupac.org/metrology.
      </failure>
    </testcase>
    <testcase name='http://iupac.org/metrology#hasSystemHasMetrologicalUnitSource subproperty of http://opencaesar.io/oml#sourceRelation'>
      <failure>
        Asserted in http://iupac.org/metrology.
      </failure>
    </testcase>
    <testcase name='http://iupac.org/metrology#hasIsMagnitudeOfSource subproperty of http://opencaesar.io/oml#sourceRelation'>
      <failure>
        Asserted in http://iupac.org/metrology.
      </failure>
    </testcase>
    <testcase name='http://iupac.org/metrology#hasNonCoherentDerivedMeasurementUnitOfSource subproperty of http://opencaesar.io/oml#sourceRelation'>
      <failure>
        Asserted in http://iupac.org/metrology.
      </failure>
    </testcase>
    <testcase name='http://iupac.org/metrology#hasHasReferenceSource subproperty of http://opencaesar.io/oml#sourceRelation'>
      <failure>
        Asserted in http://iupac.org/metrology.
      </failure>
    </testcase>
    <testcase name='http://iupac.org/metrology#hasHasPrefixSource subproperty of http://opencaesar.io/oml#sourceRelation'>
      <failure>
        Asserted in http://iupac.org/metrology.
      </failure>
    </testcase>
    <testcase name='http://iupac.org/metrology#hasIsReflexiveMagnitudeOfSource subproperty of http://opencaesar.io/oml#sourceRelation'>
      <failure>
        Asserted in http://iupac.org/metrology.
      </failure>
    </testcase>
    <testcase name='http://iso.org/80000-4-units#hasWatt-Has-NewtonSource subproperty of http://opencaesar.io/oml#sourceRelation'>
      <failure>
        Asserted in http://iso.org/80000-4-units.
      </failure>
    </testcase>
    <testcase name='http://iso.org/80000-4-units#hasKilogram-Metre-Per-Second-Has-Metre-Per-SecondSource subproperty of http://opencaesar.io/oml#sourceRelation'>
      <failure>
        Asserted in http://iso.org/80000-4-units.
      </failure>
    </testcase>
    <testcase name='http://iso.org/80000-4-units#hasNewton-Has-Metre-Per-SecondSource subproperty of http://opencaesar.io/oml#sourceRelation'>
      <failure>
        Asserted in http://iso.org/80000-4-units.
      </failure>
    </testcase>
    <testcase name='http://iso.org/80000-4-units#hasNewton-Millisecond-Has-NewtonSource subproperty of http://opencaesar.io/oml#sourceRelation'>
      <failure>
        Asserted in http://iso.org/80000-4-units.
      </failure>
    </testcase>
    <testcase name='http://iso.org/80000-4-units#hasNewton-Has-KilogramSource subproperty of http://opencaesar.io/oml#sourceRelation'>
      <failure>
        Asserted in http://iso.org/80000-4-units.
      </failure>
    </testcase>
    <testcase name='http://iso.org/80000-4-units#hasNewton-Second-Has-NewtonSource subproperty of http://opencaesar.io/oml#sourceRelation'>
      <failure>
        Asserted in http://iso.org/80000-4-units.
      </failure>
    </testcase>
    <testcase name='http://iso.org/80000-4-units#hasWatt-Has-Metre-Per-SecondSource subproperty of http://opencaesar.io/oml#sourceRelation'>
      <failure>
        Asserted in http://iso.org/80000-4-units.
      </failure>
    </testcase>
    <testcase name='http://iso.org/80000-4-units#hasKilogram-Metre-Per-Second-Has-KilogramSource subproperty of http://opencaesar.io/oml#sourceRelation'>
      <failure>
        Asserted in http://iso.org/80000-4-units.
      </failure>
    </testcase>
    <testcase name='http://iso.org/80000-4-units#hasNewton-Millisecond-Has-MillisecondSource subproperty of http://opencaesar.io/oml#sourceRelation'>
      <failure>
        Asserted in http://iso.org/80000-4-units.
      </failure>
    </testcase>
    <testcase name='http://iso.org/80000-4-units#hasNewton-Second-Has-SecondSource subproperty of http://opencaesar.io/oml#sourceRelation'>
      <failure>
        Asserted in http://iso.org/80000-4-units.
      </failure>
    </testcase>
    <testcase name='http://imce.jpl.nasa.gov/discipline/fse/fse#hasConnectsAssemblyTarget subproperty of http://opencaesar.io/oml#targetRelation'>
      <failure>
        Asserted in http://imce.jpl.nasa.gov/discipline/fse/fse.
      </failure>
    </testcase>
    <testcase name='http://imce.jpl.nasa.gov/discipline/fse/fse#hasConnectsAssembly1Target subproperty of http://opencaesar.io/oml#targetRelation'>
      <failure>
        Asserted in http://imce.jpl.nasa.gov/discipline/fse/fse.
      </failure>
    </testcase>
    <testcase name='http://imce.jpl.nasa.gov/discipline/fse/fse#hasConnectsAssembly2Target subproperty of http://opencaesar.io/oml#targetRelation'>
      <failure>
        Asserted in http://imce.jpl.nasa.gov/discipline/fse/fse.
      </failure>
    </testcase>
    <testcase name='http://imce.jpl.nasa.gov/foundation/analysis#hasAnalyzesTarget subproperty of http://opencaesar.io/oml#targetRelation'>
      <failure>
        Asserted in http://imce.jpl.nasa.gov/foundation/analysis.
      </failure>
    </testcase>
    <testcase name='http://imce.jpl.nasa.gov/foundation/analysis#hasCharacterizesTarget subproperty of http://opencaesar.io/oml#targetRelation'>
      <failure>
        Asserted in http://imce.jpl.nasa.gov/foundation/analysis.
      </failure>
    </testcase>
    <testcase name='http://imce.jpl.nasa.gov/foundation/analysis#hasConstrainsTarget subproperty of http://opencaesar.io/oml#targetRelation'>
      <failure>
        Asserted in http://imce.jpl.nasa.gov/foundation/analysis.
      </failure>
    </testcase>
    <testcase name='http://imce.jpl.nasa.gov/foundation/analysis#hasExplainsTarget subproperty of http://opencaesar.io/oml#targetRelation'>
      <failure>
        Asserted in http://imce.jpl.nasa.gov/foundation/analysis.
      </failure>
    </testcase>
    <testcase name='http://imce.jpl.nasa.gov/foundation/analysis#hasLimitsTarget subproperty of http://opencaesar.io/oml#targetRelation'>
      <failure>
        Asserted in http://imce.jpl.nasa.gov/foundation/analysis.
      </failure>
    </testcase>
    <testcase name='http://imce.jpl.nasa.gov/foundation/analysis#hasValidatesTarget subproperty of http://opencaesar.io/oml#targetRelation'>
      <failure>
        Asserted in http://imce.jpl.nasa.gov/foundation/analysis.
      </failure>
    </testcase>
    <testcase name='http://iso.org/80000-5-quantities#hasCelcius-Temperature-Has-Thermodynamic-TemperatureTarget subproperty of http://opencaesar.io/oml#targetRelation'>
      <failure>
        Asserted in http://iso.org/80000-5-quantities.
      </failure>
    </testcase>
    <testcase name='http://iso.org/80000-4-quantities#hasPower-Has-ForceTarget subproperty of http://opencaesar.io/oml#targetRelation'>
      <failure>
        Asserted in http://iso.org/80000-4-quantities.
      </failure>
    </testcase>
    <testcase name='http://iso.org/80000-4-quantities#hasForce-Has-MomentumTarget subproperty of http://opencaesar.io/oml#targetRelation'>
      <failure>
        Asserted in http://iso.org/80000-4-quantities.
      </failure>
    </testcase>
    <testcase name='http://iso.org/80000-4-quantities#hasMomentum-Has-VelocityTarget subproperty of http://opencaesar.io/oml#targetRelation'>
      <failure>
        Asserted in http://iso.org/80000-4-quantities.
      </failure>
    </testcase>
    <testcase name='http://iso.org/80000-4-quantities#hasMomentum-Has-MassTarget subproperty of http://opencaesar.io/oml#targetRelation'>
      <failure>
        Asserted in http://iso.org/80000-4-quantities.
      </failure>
    </testcase>
    <testcase name='http://iso.org/80000-4-quantities#hasPower-Has-VelocityTarget subproperty of http://opencaesar.io/oml#targetRelation'>
      <failure>
        Asserted in http://iso.org/80000-4-quantities.
      </failure>
    </testcase>
    <testcase name='http://iso.org/80000-4-quantities#hasImpulse-Has-ForceTarget subproperty of http://opencaesar.io/oml#targetRelation'>
      <failure>
        Asserted in http://iso.org/80000-4-quantities.
      </failure>
    </testcase>
    <testcase name='http://iso.org/80000-4-quantities#hasForce-Has-VelocityTarget subproperty of http://opencaesar.io/oml#targetRelation'>
      <failure>
        Asserted in http://iso.org/80000-4-quantities.
      </failure>
    </testcase>
    <testcase name='http://iso.org/80000-4-quantities#hasImpulse-Has-DurationTarget subproperty of http://opencaesar.io/oml#targetRelation'>
      <failure>
        Asserted in http://iso.org/80000-4-quantities.
      </failure>
    </testcase>
    <testcase name='http://iso.org/80000-6-quantities#hasResistance-Has-Electric-PotentialTarget subproperty of http://opencaesar.io/oml#targetRelation'>
      <failure>
        Asserted in http://iso.org/80000-6-quantities.
      </failure>
    </testcase>
    <testcase name='http://iso.org/80000-6-quantities#hasResistance-Has-Electric-CurrentTarget subproperty of http://opencaesar.io/oml#targetRelation'>
      <failure>
        Asserted in http://iso.org/80000-6-quantities.
      </failure>
    </testcase>
    <testcase name='http://iso.org/80000-6-quantities#hasElectric-Field-Strength-Has-ForceTarget subproperty of http://opencaesar.io/oml#targetRelation'>
      <failure>
        Asserted in http://iso.org/80000-6-quantities.
      </failure>
    </testcase>
    <testcase name='http://iso.org/80000-6-quantities#hasElectric-Charge-Has-Electric-CurrentTarget subproperty of http://opencaesar.io/oml#targetRelation'>
      <failure>
        Asserted in http://iso.org/80000-6-quantities.
      </failure>
    </testcase>
    <testcase name='http://iso.org/80000-6-quantities#hasElectric-Charge-Has-DurationTarget subproperty of http://opencaesar.io/oml#targetRelation'>
      <failure>
        Asserted in http://iso.org/80000-6-quantities.
      </failure>
    </testcase>
    <testcase name='http://iso.org/80000-6-quantities#hasElectric-Potential-Has-Path-LengthTarget subproperty of http://opencaesar.io/oml#targetRelation'>
      <failure>
        Asserted in http://iso.org/80000-6-quantities.
      </failure>
    </testcase>
    <testcase name='http://iso.org/80000-6-quantities#hasElectric-Potential-Has-Electric-Field-StrengthTarget subproperty of http://opencaesar.io/oml#targetRelation'>
      <failure>
        Asserted in http://iso.org/80000-6-quantities.
      </failure>
    </testcase>
    <testcase name='http://iso.org/80000-6-quantities#hasElectric-Field-Strength-Has-Electric-ChargeTarget subproperty of http://opencaesar.io/oml#targetRelation'>
      <failure>
        Asserted in http://iso.org/80000-6-quantities.
      </failure>
    </testcase>
    <testcase name='http://imce.jpl.nasa.gov/foundation/project#hasPreparesTarget subproperty of http://opencaesar.io/oml#targetRelation'>
      <failure>
        Asserted in http://imce.jpl.nasa.gov/foundation/project.
      </failure>
    </testcase>
    <testcase name='http://imce.jpl.nasa.gov/foundation/project#hasHasAssignmentTarget subproperty of http://opencaesar.io/oml#targetRelation'>
      <failure>
        Asserted in http://imce.jpl.nasa.gov/foundation/project.
      </failure>
    </testcase>
    <testcase name='http://imce.jpl.nasa.gov/foundation/project#hasApprovesTarget subproperty of http://opencaesar.io/oml#targetRelation'>
      <failure>
        Asserted in http://imce.jpl.nasa.gov/foundation/project.
      </failure>
    </testcase>
    <testcase name='http://imce.jpl.nasa.gov/foundation/project#hasInvolves1Target subproperty of http://opencaesar.io/oml#targetRelation'>
      <failure>
        Asserted in http://imce.jpl.nasa.gov/foundation/project.
      </failure>
    </testcase>
    <testcase name='http://imce.jpl.nasa.gov/foundation/project#hasInvolvesTarget subproperty of http://opencaesar.io/oml#targetRelation'>
      <failure>
        Asserted in http://imce.jpl.nasa.gov/foundation/project.
      </failure>
    </testcase>
    <testcase name='http://imce.jpl.nasa.gov/foundation/project#hasHasParticipantTarget subproperty of http://opencaesar.io/oml#targetRelation'>
      <failure>
        Asserted in http://imce.jpl.nasa.gov/foundation/project.
      </failure>
    </testcase>
    <testcase name='http://imce.jpl.nasa.gov/foundation/project#hasDelegatesToTarget subproperty of http://opencaesar.io/oml#targetRelation'>
      <failure>
        Asserted in http://imce.jpl.nasa.gov/foundation/project.
      </failure>
    </testcase>
    <testcase name='http://imce.jpl.nasa.gov/foundation/project#hasInvokesTarget subproperty of http://opencaesar.io/oml#targetRelation'>
      <failure>
        Asserted in http://imce.jpl.nasa.gov/foundation/project.
      </failure>
    </testcase>
    <testcase name='http://imce.jpl.nasa.gov/foundation/project#hasBindsTarget subproperty of http://opencaesar.io/oml#targetRelation'>
      <failure>
        Asserted in http://imce.jpl.nasa.gov/foundation/project.
      </failure>
    </testcase>
    <testcase name='http://imce.jpl.nasa.gov/foundation/project#hasHasRoleTarget subproperty of http://opencaesar.io/oml#targetRelation'>
      <failure>
        Asserted in http://imce.jpl.nasa.gov/foundation/project.
      </failure>
    </testcase>
    <testcase name='http://imce.jpl.nasa.gov/foundation/project#hasHasResponsibilityForTarget subproperty of http://opencaesar.io/oml#targetRelation'>
      <failure>
        Asserted in http://imce.jpl.nasa.gov/foundation/project.
      </failure>
    </testcase>
    <testcase name='http://imce.jpl.nasa.gov/foundation/project#hasReceivesTarget subproperty of http://opencaesar.io/oml#targetRelation'>
      <failure>
        Asserted in http://imce.jpl.nasa.gov/foundation/project.
      </failure>
    </testcase>
    <testcase name='http://imce.jpl.nasa.gov/foundation/project#hasReliesOnTarget subproperty of http://opencaesar.io/oml#targetRelation'>
      <failure>
        Asserted in http://imce.jpl.nasa.gov/foundation/project.
      </failure>
    </testcase>
    <testcase name='http://imce.jpl.nasa.gov/foundation/project#hasInterchangesThroughTarget subproperty of http://opencaesar.io/oml#targetRelation'>
      <failure>
        Asserted in http://imce.jpl.nasa.gov/foundation/project.
      </failure>
    </testcase>
    <testcase name='http://imce.jpl.nasa.gov/foundation/project#hasDeliversTarget subproperty of http://opencaesar.io/oml#targetRelation'>
      <failure>
        Asserted in http://imce.jpl.nasa.gov/foundation/project.
      </failure>
    </testcase>
    <testcase name='http://imce.jpl.nasa.gov/foundation/project#hasInvolves2Target subproperty of http://opencaesar.io/oml#targetRelation'>
      <failure>
        Asserted in http://imce.jpl.nasa.gov/foundation/project.
      </failure>
    </testcase>
    <testcase name='http://imce.jpl.nasa.gov/foundation/project#hasManifestsTarget subproperty of http://opencaesar.io/oml#targetRelation'>
      <failure>
        Asserted in http://imce.jpl.nasa.gov/foundation/project.
      </failure>
    </testcase>
    <testcase name='http://imce.jpl.nasa.gov/foundation/project#hasAuthorizesTarget subproperty of http://opencaesar.io/oml#targetRelation'>
      <failure>
        Asserted in http://imce.jpl.nasa.gov/foundation/project.
      </failure>
    </testcase>
    <testcase name='http://imce.jpl.nasa.gov/foundation/project#hasBelongsToTarget subproperty of http://opencaesar.io/oml#targetRelation'>
      <failure>
        Asserted in http://imce.jpl.nasa.gov/foundation/project.
      </failure>
    </testcase>
    <testcase name='http://imce.jpl.nasa.gov/foundation/project#hasRealizesTarget subproperty of http://opencaesar.io/oml#targetRelation'>
      <failure>
        Asserted in http://imce.jpl.nasa.gov/foundation/project.
      </failure>
    </testcase>
    <testcase name='http://imce.jpl.nasa.gov/foundation/project#hasSuppliesTarget subproperty of http://opencaesar.io/oml#targetRelation'>
      <failure>
        Asserted in http://imce.jpl.nasa.gov/foundation/project.
      </failure>
    </testcase>
    <testcase name='http://imce.jpl.nasa.gov/foundation/project#hasRepresentsTarget subproperty of http://opencaesar.io/oml#targetRelation'>
      <failure>
        Asserted in http://imce.jpl.nasa.gov/foundation/project.
      </failure>
    </testcase>
    <testcase name='http://imce.jpl.nasa.gov/foundation/project#hasProducesTarget subproperty of http://opencaesar.io/oml#targetRelation'>
      <failure>
        Asserted in http://imce.jpl.nasa.gov/foundation/project.
      </failure>
    </testcase>
    <testcase name='http://imce.jpl.nasa.gov/foundation/project#hasDescribesTarget subproperty of http://opencaesar.io/oml#targetRelation'>
      <failure>
        Asserted in http://imce.jpl.nasa.gov/foundation/project.
      </failure>
    </testcase>
    <testcase name='http://imce.jpl.nasa.gov/foundation/project#hasExecutesTarget subproperty of http://opencaesar.io/oml#targetRelation'>
      <failure>
        Asserted in http://imce.jpl.nasa.gov/foundation/project.
      </failure>
    </testcase>
    <testcase name='http://imce.jpl.nasa.gov/foundation/project#hasConcursTarget subproperty of http://opencaesar.io/oml#targetRelation'>
      <failure>
        Asserted in http://imce.jpl.nasa.gov/foundation/project.
      </failure>
    </testcase>
    <testcase name='http://iso.org/80000-6-units#hasOhm-Has-AmpereTarget subproperty of http://opencaesar.io/oml#targetRelation'>
      <failure>
        Asserted in http://iso.org/80000-6-units.
      </failure>
    </testcase>
    <testcase name='http://iso.org/80000-6-units#hasNewton-Per-Coulomb-Has-NewtonTarget subproperty of http://opencaesar.io/oml#targetRelation'>
      <failure>
        Asserted in http://iso.org/80000-6-units.
      </failure>
    </testcase>
    <testcase name='http://iso.org/80000-6-units#hasNewton-Per-Coulomb-Has-CoulombTarget subproperty of http://opencaesar.io/oml#targetRelation'>
      <failure>
        Asserted in http://iso.org/80000-6-units.
      </failure>
    </testcase>
    <testcase name='http://iso.org/80000-6-units#hasOhm-Has-VoltTarget subproperty of http://opencaesar.io/oml#targetRelation'>
      <failure>
        Asserted in http://iso.org/80000-6-units.
      </failure>
    </testcase>
    <testcase name='http://iso.org/80000-6-units#hasVolt-Has-MetreTarget subproperty of http://opencaesar.io/oml#targetRelation'>
      <failure>
        Asserted in http://iso.org/80000-6-units.
      </failure>
    </testcase>
    <testcase name='http://iso.org/80000-6-units#hasCoulomb-Has-SecondTarget subproperty of http://opencaesar.io/oml#targetRelation'>
      <failure>
        Asserted in http://iso.org/80000-6-units.
      </failure>
    </testcase>
    <testcase name='http://iso.org/80000-6-units#hasCoulomb-Has-AmpereTarget subproperty of http://opencaesar.io/oml#targetRelation'>
      <failure>
        Asserted in http://iso.org/80000-6-units.
      </failure>
    </testcase>
    <testcase name='http://iso.org/80000-6-units#hasVolt-Has-Newton-Per-CoulombTarget subproperty of http://opencaesar.io/oml#targetRelation'>
      <failure>
        Asserted in http://iso.org/80000-6-units.
      </failure>
    </testcase>
    <testcase name='http://imce.jpl.nasa.gov/foundation/mission#hasPerformsTarget subproperty of http://opencaesar.io/oml#targetRelation'>
      <failure>
        Asserted in http://imce.jpl.nasa.gov/foundation/mission.
      </failure>
    </testcase>
    <testcase name='http://imce.jpl.nasa.gov/foundation/mission#hasInducesTarget subproperty of http://opencaesar.io/oml#targetRelation'>
      <failure>
        Asserted in http://imce.jpl.nasa.gov/foundation/mission.
      </failure>
    </testcase>
    <testcase name='http://imce.jpl.nasa.gov/foundation/mission#hasInvolvesTarget subproperty of http://opencaesar.io/oml#targetRelation'>
      <failure>
        Asserted in http://imce.jpl.nasa.gov/foundation/mission.
      </failure>
    </testcase>
    <testcase name='http://imce.jpl.nasa.gov/foundation/mission#hasSpecifiesTarget subproperty of http://opencaesar.io/oml#targetRelation'>
      <failure>
        Asserted in http://imce.jpl.nasa.gov/foundation/mission.
      </failure>
    </testcase>
    <testcase name='http://imce.jpl.nasa.gov/foundation/mission#hasInterchangesThroughTarget subproperty of http://opencaesar.io/oml#targetRelation'>
      <failure>
        Asserted in http://imce.jpl.nasa.gov/foundation/mission.
      </failure>
    </testcase>
    <testcase name='http://imce.jpl.nasa.gov/foundation/mission#hasRefinesTarget subproperty of http://opencaesar.io/oml#targetRelation'>
      <failure>
        Asserted in http://imce.jpl.nasa.gov/foundation/mission.
      </failure>
    </testcase>
    <testcase name='http://imce.jpl.nasa.gov/foundation/mission#hasInvolves2Target subproperty of http://opencaesar.io/oml#targetRelation'>
      <failure>
        Asserted in http://imce.jpl.nasa.gov/foundation/mission.
      </failure>
    </testcase>
    <testcase name='http://imce.jpl.nasa.gov/foundation/mission#hasDeploysTarget subproperty of http://opencaesar.io/oml#targetRelation'>
      <failure>
        Asserted in http://imce.jpl.nasa.gov/foundation/mission.
      </failure>
    </testcase>
    <testcase name='http://imce.jpl.nasa.gov/foundation/mission#hasJoinsTarget subproperty of http://opencaesar.io/oml#targetRelation'>
      <failure>
        Asserted in http://imce.jpl.nasa.gov/foundation/mission.
      </failure>
    </testcase>
    <testcase name='http://imce.jpl.nasa.gov/foundation/mission#hasTransfersOutTarget subproperty of http://opencaesar.io/oml#targetRelation'>
      <failure>
        Asserted in http://imce.jpl.nasa.gov/foundation/mission.
      </failure>
    </testcase>
    <testcase name='http://imce.jpl.nasa.gov/foundation/mission#hasTransfersTarget subproperty of http://opencaesar.io/oml#targetRelation'>
      <failure>
        Asserted in http://imce.jpl.nasa.gov/foundation/mission.
      </failure>
    </testcase>
    <testcase name='http://imce.jpl.nasa.gov/foundation/mission#hasPursuesTarget subproperty of http://opencaesar.io/oml#targetRelation'>
      <failure>
        Asserted in http://imce.jpl.nasa.gov/foundation/mission.
      </failure>
    </testcase>
    <testcase name='http://imce.jpl.nasa.gov/foundation/mission#hasReceivesTarget subproperty of http://opencaesar.io/oml#targetRelation'>
      <failure>
        Asserted in http://imce.jpl.nasa.gov/foundation/mission.
      </failure>
    </testcase>
    <testcase name='http://imce.jpl.nasa.gov/foundation/mission#hasEmitsTarget subproperty of http://opencaesar.io/oml#targetRelation'>
      <failure>
        Asserted in http://imce.jpl.nasa.gov/foundation/mission.
      </failure>
    </testcase>
    <testcase name='http://imce.jpl.nasa.gov/foundation/mission#hasJoins1Target subproperty of http://opencaesar.io/oml#targetRelation'>
      <failure>
        Asserted in http://imce.jpl.nasa.gov/foundation/mission.
      </failure>
    </testcase>
    <testcase name='http://imce.jpl.nasa.gov/foundation/mission#hasPresentsTarget subproperty of http://opencaesar.io/oml#targetRelation'>
      <failure>
        Asserted in http://imce.jpl.nasa.gov/foundation/mission.
      </failure>
    </testcase>
    <testcase name='http://imce.jpl.nasa.gov/foundation/mission#hasIngestsTarget subproperty of http://opencaesar.io/oml#targetRelation'>
      <failure>
        Asserted in http://imce.jpl.nasa.gov/foundation/mission.
      </failure>
    </testcase>
    <testcase name='http://imce.jpl.nasa.gov/foundation/mission#hasProducesTarget subproperty of http://opencaesar.io/oml#targetRelation'>
      <failure>
        Asserted in http://imce.jpl.nasa.gov/foundation/mission.
      </failure>
    </testcase>
    <testcase name='http://imce.jpl.nasa.gov/foundation/mission#hasTransfersInTarget subproperty of http://opencaesar.io/oml#targetRelation'>
      <failure>
        Asserted in http://imce.jpl.nasa.gov/foundation/mission.
      </failure>
    </testcase>
    <testcase name='http://imce.jpl.nasa.gov/foundation/mission#hasInvolves1Target subproperty of http://opencaesar.io/oml#targetRelation'>
      <failure>
        Asserted in http://imce.jpl.nasa.gov/foundation/mission.
      </failure>
    </testcase>
    <testcase name='http://imce.jpl.nasa.gov/foundation/mission#hasJoins2Target subproperty of http://opencaesar.io/oml#targetRelation'>
      <failure>
        Asserted in http://imce.jpl.nasa.gov/foundation/mission.
      </failure>
    </testcase>
    <testcase name='http://imce.jpl.nasa.gov/foundation/mission#hasInvokesTarget subproperty of http://opencaesar.io/oml#targetRelation'>
      <failure>
        Asserted in http://imce.jpl.nasa.gov/foundation/mission.
      </failure>
    </testcase>
    <testcase name='http://imce.jpl.nasa.gov/foundation/mission#hasInfluencesTarget subproperty of http://opencaesar.io/oml#targetRelation'>
      <failure>
        Asserted in http://imce.jpl.nasa.gov/foundation/mission.
      </failure>
    </testcase>
    <testcase name='http://imce.jpl.nasa.gov/foundation/mission#hasSendsTarget subproperty of http://opencaesar.io/oml#targetRelation'>
      <failure>
        Asserted in http://imce.jpl.nasa.gov/foundation/mission.
      </failure>
    </testcase>
    <testcase name='http://imce.jpl.nasa.gov/foundation/mission#hasIsTraversedByTarget subproperty of http://opencaesar.io/oml#targetRelation'>
      <failure>
        Asserted in http://imce.jpl.nasa.gov/foundation/mission.
      </failure>
    </testcase>
    <testcase name='http://imce.jpl.nasa.gov/foundation/mission#hasHasParticipantTarget subproperty of http://opencaesar.io/oml#targetRelation'>
      <failure>
        Asserted in http://imce.jpl.nasa.gov/foundation/mission.
      </failure>
    </testcase>
    <testcase name='http://iso.org/80000-3-quantities#hasAngular-Measure-Has-Arc-LengthTarget subproperty of http://opencaesar.io/oml#targetRelation'>
      <failure>
        Asserted in http://iso.org/80000-3-quantities.
      </failure>
    </testcase>
    <testcase name='http://iso.org/80000-3-quantities#hasAngular-Measure-Has-RadiusTarget subproperty of http://opencaesar.io/oml#targetRelation'>
      <failure>
        Asserted in http://iso.org/80000-3-quantities.
      </failure>
    </testcase>
    <testcase name='http://iso.org/80000-3-quantities#hasFrequency-Has-Period-DurationTarget subproperty of http://opencaesar.io/oml#targetRelation'>
      <failure>
        Asserted in http://iso.org/80000-3-quantities.
      </failure>
    </testcase>
    <testcase name='http://iso.org/80000-3-quantities#hasRotation-Has-Rotational-DisplacementTarget subproperty of http://opencaesar.io/oml#targetRelation'>
      <failure>
        Asserted in http://iso.org/80000-3-quantities.
      </failure>
    </testcase>
    <testcase name='http://iso.org/80000-3-quantities#hasRotational-Displacement-Has-DistanceTarget subproperty of http://opencaesar.io/oml#targetRelation'>
      <failure>
        Asserted in http://iso.org/80000-3-quantities.
      </failure>
    </testcase>
    <testcase name='http://iso.org/80000-3-quantities#hasRotational-Displacement-Has-Path-LengthTarget subproperty of http://opencaesar.io/oml#targetRelation'>
      <failure>
        Asserted in http://iso.org/80000-3-quantities.
      </failure>
    </testcase>
    <testcase name='http://iso.org/80000-3-quantities#hasRotational-Frequency-Has-DurationTarget subproperty of http://opencaesar.io/oml#targetRelation'>
      <failure>
        Asserted in http://iso.org/80000-3-quantities.
      </failure>
    </testcase>
    <testcase name='http://iso.org/80000-3-quantities#hasRotational-Frequency-Has-RotationTarget subproperty of http://opencaesar.io/oml#targetRelation'>
      <failure>
        Asserted in http://iso.org/80000-3-quantities.
      </failure>
    </testcase>
    <testcase name='http://iso.org/80000-3-quantities#hasVelocity-Has-DurationTarget subproperty of http://opencaesar.io/oml#targetRelation'>
      <failure>
        Asserted in http://iso.org/80000-3-quantities.
      </failure>
    </testcase>
    <testcase name='http://iso.org/80000-3-quantities#hasVelocity-Has-Position-VectorTarget subproperty of http://opencaesar.io/oml#targetRelation'>
      <failure>
        Asserted in http://iso.org/80000-3-quantities.
      </failure>
    </testcase>
    <testcase name='http://imce.jpl.nasa.gov/foundation/base#hasAggregatesTarget subproperty of http://opencaesar.io/oml#targetRelation'>
      <failure>
        Asserted in http://imce.jpl.nasa.gov/foundation/base.
      </failure>
    </testcase>
    <testcase name='http://imce.jpl.nasa.gov/foundation/base#hasContainsTarget subproperty of http://opencaesar.io/oml#targetRelation'>
      <failure>
        Asserted in http://imce.jpl.nasa.gov/foundation/base.
      </failure>
    </testcase>
    <testcase name='http://iso.org/80000-3-units#hasHertz-Has-SecondTarget subproperty of http://opencaesar.io/oml#targetRelation'>
      <failure>
        Asserted in http://iso.org/80000-3-units.
      </failure>
    </testcase>
    <testcase name='http://iso.org/80000-3-units#hasRevolution-Has-RadianTarget subproperty of http://opencaesar.io/oml#targetRelation'>
      <failure>
        Asserted in http://iso.org/80000-3-units.
      </failure>
    </testcase>
    <testcase name='http://iso.org/80000-3-units#hasMetre-Per-Second-Has-MetreTarget subproperty of http://opencaesar.io/oml#targetRelation'>
      <failure>
        Asserted in http://iso.org/80000-3-units.
      </failure>
    </testcase>
    <testcase name='http://iso.org/80000-3-units#hasMetre-Per-Second-Has-SecondTarget subproperty of http://opencaesar.io/oml#targetRelation'>
      <failure>
        Asserted in http://iso.org/80000-3-units.
      </failure>
    </testcase>
    <testcase name='http://iso.org/80000-3-units#hasRadian-Has-Metre-NumeratorTarget subproperty of http://opencaesar.io/oml#targetRelation'>
      <failure>
        Asserted in http://iso.org/80000-3-units.
      </failure>
    </testcase>
    <testcase name='http://iso.org/80000-3-units#hasRadian-Has-Metre-DenominatorTarget subproperty of http://opencaesar.io/oml#targetRelation'>
      <failure>
        Asserted in http://iso.org/80000-3-units.
      </failure>
    </testcase>
    <testcase name='http://iso.org/80000-3-units#hasKilometre-Per-Second-Has-SecondTarget subproperty of http://opencaesar.io/oml#targetRelation'>
      <failure>
        Asserted in http://iso.org/80000-3-units.
      </failure>
    </testcase>
    <testcase name='http://iso.org/80000-3-units#hasKilometre-Per-Second-Has-KilometreTarget subproperty of http://opencaesar.io/oml#targetRelation'>
      <failure>
        Asserted in http://iso.org/80000-3-units.
      </failure>
    </testcase>
    <testcase name='http://iso.org/80000-5-units#hasDegreeCelcius-Has-KelvinTarget subproperty of http://opencaesar.io/oml#targetRelation'>
      <failure>
        Asserted in http://iso.org/80000-5-units.
      </failure>
    </testcase>
    <testcase name='http://iupac.org/metrology#hasIsQuantityOfTarget subproperty of http://opencaesar.io/oml#targetRelation'>
      <failure>
        Asserted in http://iupac.org/metrology.
      </failure>
    </testcase>
    <testcase name='http://iupac.org/metrology#hasHasFactorForUnitaryQuantityTarget subproperty of http://opencaesar.io/oml#targetRelation'>
      <failure>
        Asserted in http://iupac.org/metrology.
      </failure>
    </testcase>
    <testcase name='http://iupac.org/metrology#hasHasFactorForMeasurementUnitTarget subproperty of http://opencaesar.io/oml#targetRelation'>
      <failure>
        Asserted in http://iupac.org/metrology.
      </failure>
    </testcase>
    <testcase name='http://iupac.org/metrology#hasSystemHasUnitaryQuantityTarget subproperty of http://opencaesar.io/oml#targetRelation'>
      <failure>
        Asserted in http://iupac.org/metrology.
      </failure>
    </testcase>
    <testcase name='http://iupac.org/metrology#hasSystemHasMetrologicalUnitTarget subproperty of http://opencaesar.io/oml#targetRelation'>
      <failure>
        Asserted in http://iupac.org/metrology.
      </failure>
    </testcase>
    <testcase name='http://iupac.org/metrology#hasNonCoherentDerivedMeasurementUnitOfTarget subproperty of http://opencaesar.io/oml#targetRelation'>
      <failure>
        Asserted in http://iupac.org/metrology.
      </failure>
    </testcase>
    <testcase name='http://iupac.org/metrology#hasIsMagnitudeOfTarget subproperty of http://opencaesar.io/oml#targetRelation'>
      <failure>
        Asserted in http://iupac.org/metrology.
      </failure>
    </testcase>
    <testcase name='http://iupac.org/metrology#hasHasReferenceTarget subproperty of http://opencaesar.io/oml#targetRelation'>
      <failure>
        Asserted in http://iupac.org/metrology.
      </failure>
    </testcase>
    <testcase name='http://iupac.org/metrology#hasHasPrefixTarget subproperty of http://opencaesar.io/oml#targetRelation'>
      <failure>
        Asserted in http://iupac.org/metrology.
      </failure>
    </testcase>
    <testcase name='http://iupac.org/metrology#hasIsReflexiveMagnitudeOfTarget subproperty of http://opencaesar.io/oml#targetRelation'>
      <failure>
        Asserted in http://iupac.org/metrology.
      </failure>
    </testcase>
    <testcase name='http://iso.org/80000-4-units#hasWatt-Has-Metre-Per-SecondTarget subproperty of http://opencaesar.io/oml#targetRelation'>
      <failure>
        Asserted in http://iso.org/80000-4-units.
      </failure>
    </testcase>
    <testcase name='http://iso.org/80000-4-units#hasNewton-Millisecond-Has-MillisecondTarget subproperty of http://opencaesar.io/oml#targetRelation'>
      <failure>
        Asserted in http://iso.org/80000-4-units.
      </failure>
    </testcase>
    <testcase name='http://iso.org/80000-4-units#hasKilogram-Metre-Per-Second-Has-Metre-Per-SecondTarget subproperty of http://opencaesar.io/oml#targetRelation'>
      <failure>
        Asserted in http://iso.org/80000-4-units.
      </failure>
    </testcase>
    <testcase name='http://iso.org/80000-4-units#hasNewton-Has-Metre-Per-SecondTarget subproperty of http://opencaesar.io/oml#targetRelation'>
      <failure>
        Asserted in http://iso.org/80000-4-units.
      </failure>
    </testcase>
    <testcase name='http://iso.org/80000-4-units#hasNewton-Second-Has-NewtonTarget subproperty of http://opencaesar.io/oml#targetRelation'>
      <failure>
        Asserted in http://iso.org/80000-4-units.
      </failure>
    </testcase>
    <testcase name='http://iso.org/80000-4-units#hasNewton-Millisecond-Has-NewtonTarget subproperty of http://opencaesar.io/oml#targetRelation'>
      <failure>
        Asserted in http://iso.org/80000-4-units.
      </failure>
    </testcase>
    <testcase name='http://iso.org/80000-4-units#hasKilogram-Metre-Per-Second-Has-KilogramTarget subproperty of http://opencaesar.io/oml#targetRelation'>
      <failure>
        Asserted in http://iso.org/80000-4-units.
      </failure>
    </testcase>
    <testcase name='http://iso.org/80000-4-units#hasNewton-Second-Has-SecondTarget subproperty of http://opencaesar.io/oml#targetRelation'>
      <failure>
        Asserted in http://iso.org/80000-4-units.
      </failure>
    </testcase>
    <testcase name='http://iso.org/80000-4-units#hasWatt-Has-NewtonTarget subproperty of http://opencaesar.io/oml#targetRelation'>
      <failure>
        Asserted in http://iso.org/80000-4-units.
      </failure>
    </testcase>
    <testcase name='http://iso.org/80000-4-units#hasNewton-Has-KilogramTarget subproperty of http://opencaesar.io/oml#targetRelation'>
      <failure>
        Asserted in http://iso.org/80000-4-units.
      </failure>
    </testcase>
    <testcase name='http://imce.jpl.nasa.gov/discipline/fse/fse#hasAcronym subproperty of http://opencaesar.io/oml#scalarProperty'>
      <failure>
        Asserted in http://imce.jpl.nasa.gov/discipline/fse/fse.
      </failure>
    </testcase>
    <testcase name='http://imce.jpl.nasa.gov/discipline/fse/fse#hasReferenceDesignator subproperty of http://opencaesar.io/oml#scalarProperty'>
      <failure>
        Asserted in http://imce.jpl.nasa.gov/discipline/fse/fse.
      </failure>
    </testcase>
    <testcase name='http://imce.jpl.nasa.gov/discipline/fse/fse#hasFunctionDirection subproperty of http://opencaesar.io/oml#scalarProperty'>
      <failure>
        Asserted in http://imce.jpl.nasa.gov/discipline/fse/fse.
      </failure>
    </testcase>
    <testcase name='http://imce.jpl.nasa.gov/discipline/fse/fse#hasFunctionNumber subproperty of http://opencaesar.io/oml#scalarProperty'>
      <failure>
        Asserted in http://imce.jpl.nasa.gov/discipline/fse/fse.
      </failure>
    </testcase>
    <testcase name='http://imce.jpl.nasa.gov/discipline/fse/fse#hasEndCircuitDirection subproperty of http://opencaesar.io/oml#scalarProperty'>
      <failure>
        Asserted in http://imce.jpl.nasa.gov/discipline/fse/fse.
      </failure>
    </testcase>
    <testcase name='http://imce.jpl.nasa.gov/discipline/fse/fse#hasEndCircuitIdentifier subproperty of http://opencaesar.io/oml#scalarProperty'>
      <failure>
        Asserted in http://imce.jpl.nasa.gov/discipline/fse/fse.
      </failure>
    </testcase>
    <testcase name='http://imce.jpl.nasa.gov/discipline/fse/fse#hasMultiplicity subproperty of http://opencaesar.io/oml#scalarProperty'>
      <failure>
        Asserted in http://imce.jpl.nasa.gov/discipline/fse/fse.
      </failure>
    </testcase>
    <testcase name='http://imce.jpl.nasa.gov/foundation/analysis#hasGlossaryDefinition subproperty of http://opencaesar.io/oml#scalarProperty'>
      <failure>
        Asserted in http://imce.jpl.nasa.gov/foundation/analysis.
      </failure>
    </testcase>
    <testcase name='http://imce.jpl.nasa.gov/foundation/analysis#hasGlossaryTerm subproperty of http://opencaesar.io/oml#scalarProperty'>
      <failure>
        Asserted in http://imce.jpl.nasa.gov/foundation/analysis.
      </failure>
    </testcase>
    <testcase name='http://imce.jpl.nasa.gov/foundation/project#isRequiredNotLaterThan subproperty of http://opencaesar.io/oml#scalarProperty'>
      <failure>
        Asserted in http://imce.jpl.nasa.gov/foundation/project.
      </failure>
    </testcase>
    <testcase name='http://imce.jpl.nasa.gov/foundation/mission#hasRationale subproperty of http://opencaesar.io/oml#scalarProperty'>
      <failure>
        Asserted in http://imce.jpl.nasa.gov/foundation/mission.
      </failure>
    </testcase>
    <testcase name='http://imce.jpl.nasa.gov/foundation/base#hasAlternateName subproperty of http://opencaesar.io/oml#scalarProperty'>
      <failure>
        Asserted in http://imce.jpl.nasa.gov/foundation/base.
      </failure>
    </testcase>
    <testcase name='http://imce.jpl.nasa.gov/foundation/base#hasCanonicalName subproperty of http://opencaesar.io/oml#scalarProperty'>
      <failure>
        Asserted in http://imce.jpl.nasa.gov/foundation/base.
      </failure>
    </testcase>
    <testcase name='http://imce.jpl.nasa.gov/foundation/base#hasContainmentIndex subproperty of http://opencaesar.io/oml#scalarProperty'>
      <failure>
        Asserted in http://imce.jpl.nasa.gov/foundation/base.
      </failure>
    </testcase>
    <testcase name='http://imce.jpl.nasa.gov/foundation/base#hasDescription subproperty of http://opencaesar.io/oml#scalarProperty'>
      <failure>
        Asserted in http://imce.jpl.nasa.gov/foundation/base.
      </failure>
    </testcase>
    <testcase name='http://imce.jpl.nasa.gov/foundation/base#hasIdentifier subproperty of http://opencaesar.io/oml#scalarProperty'>
      <failure>
        Asserted in http://imce.jpl.nasa.gov/foundation/base.
      </failure>
    </testcase>
    <testcase name='http://imce.jpl.nasa.gov/foundation/base#hasIndexEntry subproperty of http://opencaesar.io/oml#scalarProperty'>
      <failure>
        Asserted in http://imce.jpl.nasa.gov/foundation/base.
      </failure>
    </testcase>
    <testcase name='http://imce.jpl.nasa.gov/foundation/base#hasShortName subproperty of http://opencaesar.io/oml#scalarProperty'>
      <failure>
        Asserted in http://imce.jpl.nasa.gov/foundation/base.
      </failure>
    </testcase>
    <testcase name='http://imce.jpl.nasa.gov/foundation/base#hasSortKey subproperty of http://opencaesar.io/oml#scalarProperty'>
      <failure>
        Asserted in http://imce.jpl.nasa.gov/foundation/base.
      </failure>
    </testcase>
    <testcase name='http://imce.jpl.nasa.gov/foundation/base#hasUuid subproperty of http://opencaesar.io/oml#scalarProperty'>
      <failure>
        Asserted in http://imce.jpl.nasa.gov/foundation/base.
      </failure>
    </testcase>
    <testcase name='http://iupac.org/metrology#hasDoubleNumber subproperty of http://opencaesar.io/oml#scalarProperty'>
      <failure>
        Asserted in http://iupac.org/metrology.
      </failure>
    </testcase>
    <testcase name='http://iupac.org/metrology#exponent subproperty of http://opencaesar.io/oml#scalarProperty'>
      <failure>
        Asserted in http://iupac.org/metrology.
      </failure>
    </testcase>
    <testcase name='http://iupac.org/metrology#isDimensionlessQuantity subproperty of http://opencaesar.io/oml#scalarProperty'>
      <failure>
        Asserted in http://iupac.org/metrology.
      </failure>
    </testcase>
    <testcase name='http://iupac.org/metrology#isDimensionlessMeasurementUnit subproperty of http://opencaesar.io/oml#scalarProperty'>
      <failure>
        Asserted in http://iupac.org/metrology.
      </failure>
    </testcase>
    <testcase name='http://iupac.org/metrology#isBaseQuantity subproperty of http://opencaesar.io/oml#scalarProperty'>
      <failure>
        Asserted in http://iupac.org/metrology.
      </failure>
    </testcase>
    <testcase name='http://iupac.org/metrology#isBaseMetrologicalUnit subproperty of http://opencaesar.io/oml#scalarProperty'>
      <failure>
        Asserted in http://iupac.org/metrology.
      </failure>
    </testcase>
    <testcase name='http://iupac.org/metrology#nonCoherentRelationship subproperty of http://opencaesar.io/oml#scalarProperty'>
      <failure>
        Asserted in http://iupac.org/metrology.
      </failure>
    </testcase>
    <testcase name='http://imce.jpl.nasa.gov/discipline/fse/fse#hasAcronym subproperty of http://imce.jpl.nasa.gov/foundation/base#hasIdentifier'>
      <failure>
        Asserted in http://imce.jpl.nasa.gov/discipline/fse/fse,
        http://opencaesar.io/examples/firesat/programs/earth-science/projects/firesat/bundle/properties.
      </failure>
    </testcase>
    <testcase name='http://imce.jpl.nasa.gov/discipline/fse/fse#hasReferenceDesignator subproperty of http://imce.jpl.nasa.gov/foundation/base#hasIdentifier'>
      <failure>
        Asserted in http://imce.jpl.nasa.gov/discipline/fse/fse,
        http://opencaesar.io/examples/firesat/programs/earth-science/projects/firesat/bundle/properties.
      </failure>
    </testcase>
    <testcase name='http://imce.jpl.nasa.gov/discipline/fse/fse#hasFunctionNumber subproperty of http://imce.jpl.nasa.gov/foundation/base#hasIdentifier'>
      <failure>
        Asserted in http://imce.jpl.nasa.gov/discipline/fse/fse,
        http://opencaesar.io/examples/firesat/programs/earth-science/projects/firesat/bundle/properties.
      </failure>
    </testcase>
    <testcase name='http://imce.jpl.nasa.gov/discipline/fse/fse#hasEndCircuitIdentifier subproperty of http://imce.jpl.nasa.gov/foundation/base#hasIdentifier'>
      <failure>
        Asserted in http://imce.jpl.nasa.gov/discipline/fse/fse,
        http://opencaesar.io/examples/firesat/programs/earth-science/projects/firesat/bundle/properties.
      </failure>
    </testcase>
    <testcase name='http://imce.jpl.nasa.gov/foundation/base#hasIdentifier subproperty of http://imce.jpl.nasa.gov/foundation/base#hasIdentifier'>
      <failure>
        Asserted in
        http://opencaesar.io/examples/firesat/programs/earth-science/projects/firesat/bundle/properties.
      </failure>
    </testcase>
    <testcase name='http://imce.jpl.nasa.gov/discipline/fse/fse#hasConnectsAssembly2Source subproperty of http://imce.jpl.nasa.gov/discipline/fse/fse#hasConnectsAssemblySource'>
      <failure>
        Asserted in http://imce.jpl.nasa.gov/discipline/fse/fse,
        http://opencaesar.io/examples/firesat/programs/earth-science/projects/firesat/bundle/properties.
      </failure>
    </testcase>
    <testcase name='http://imce.jpl.nasa.gov/discipline/fse/fse#hasConnectsAssembly1Source subproperty of http://imce.jpl.nasa.gov/discipline/fse/fse#hasConnectsAssemblySource'>
      <failure>
        Asserted in http://imce.jpl.nasa.gov/discipline/fse/fse,
        http://opencaesar.io/examples/firesat/programs/earth-science/projects/firesat/bundle/properties.
      </failure>
    </testcase>
    <testcase name='http://imce.jpl.nasa.gov/discipline/fse/fse#hasConnectsAssemblySource subproperty of http://imce.jpl.nasa.gov/discipline/fse/fse#hasConnectsAssemblySource'>
      <failure>
        Asserted in
        http://opencaesar.io/examples/firesat/programs/earth-science/projects/firesat/bundle/properties.
      </failure>
    </testcase>
    <testcase name='http://imce.jpl.nasa.gov/discipline/fse/fse#hasConnectsAssembly1Target subproperty of http://imce.jpl.nasa.gov/discipline/fse/fse#hasConnectsAssemblyTarget'>
      <failure>
        Asserted in http://imce.jpl.nasa.gov/discipline/fse/fse,
        http://opencaesar.io/examples/firesat/programs/earth-science/projects/firesat/bundle/properties.
      </failure>
    </testcase>
    <testcase name='http://imce.jpl.nasa.gov/discipline/fse/fse#hasConnectsAssembly2Target subproperty of http://imce.jpl.nasa.gov/discipline/fse/fse#hasConnectsAssemblyTarget'>
      <failure>
        Asserted in http://imce.jpl.nasa.gov/discipline/fse/fse,
        http://opencaesar.io/examples/firesat/programs/earth-science/projects/firesat/bundle/properties.
      </failure>
    </testcase>
    <testcase name='http://imce.jpl.nasa.gov/discipline/fse/fse#hasConnectsAssemblyTarget subproperty of http://imce.jpl.nasa.gov/discipline/fse/fse#hasConnectsAssemblyTarget'>
      <failure>
        Asserted in
        http://opencaesar.io/examples/firesat/programs/earth-science/projects/firesat/bundle/properties.
      </failure>
    </testcase>
    <testcase name='http://imce.jpl.nasa.gov/foundation/analysis#isAnalyzedBy subproperty of http://opencaesar.io/oml#reverseRelation'>
      <failure>
        Asserted in http://imce.jpl.nasa.gov/foundation/analysis.
      </failure>
    </testcase>
    <testcase name='http://imce.jpl.nasa.gov/foundation/analysis#isCharacterizedBy subproperty of http://opencaesar.io/oml#reverseRelation'>
      <failure>
        Asserted in http://imce.jpl.nasa.gov/foundation/analysis.
      </failure>
    </testcase>
    <testcase name='http://imce.jpl.nasa.gov/foundation/analysis#isExplainedBy subproperty of http://opencaesar.io/oml#reverseRelation'>
      <failure>
        Asserted in http://imce.jpl.nasa.gov/foundation/analysis.
      </failure>
    </testcase>
    <testcase name='http://imce.jpl.nasa.gov/foundation/analysis#isLimitedBy subproperty of http://opencaesar.io/oml#reverseRelation'>
      <failure>
        Asserted in http://imce.jpl.nasa.gov/foundation/analysis.
      </failure>
    </testcase>
    <testcase name='http://imce.jpl.nasa.gov/foundation/analysis#isValidatedBy subproperty of http://opencaesar.io/oml#reverseRelation'>
      <failure>
        Asserted in http://imce.jpl.nasa.gov/foundation/analysis.
      </failure>
    </testcase>
    <testcase name='http://imce.jpl.nasa.gov/foundation/project#isInterchangePointFor subproperty of http://opencaesar.io/oml#reverseRelation'>
      <failure>
        Asserted in http://imce.jpl.nasa.gov/foundation/project.
      </failure>
    </testcase>
    <testcase name='http://imce.jpl.nasa.gov/foundation/project#isDescribedBy subproperty of http://opencaesar.io/oml#reverseRelation'>
      <failure>
        Asserted in http://imce.jpl.nasa.gov/foundation/project.
      </failure>
    </testcase>
    <testcase name='http://imce.jpl.nasa.gov/foundation/project#isDeliveredBy subproperty of http://opencaesar.io/oml#reverseRelation'>
      <failure>
        Asserted in http://imce.jpl.nasa.gov/foundation/project.
      </failure>
    </testcase>
    <testcase name='http://imce.jpl.nasa.gov/foundation/project#isAssignedTo subproperty of http://opencaesar.io/oml#reverseRelation'>
      <failure>
        Asserted in http://imce.jpl.nasa.gov/foundation/project.
      </failure>
    </testcase>
    <testcase name='http://imce.jpl.nasa.gov/foundation/project#isInvolvedIn1 subproperty of http://opencaesar.io/oml#reverseRelation'>
      <failure>
        Asserted in http://imce.jpl.nasa.gov/foundation/project.
      </failure>
    </testcase>
    <testcase name='http://imce.jpl.nasa.gov/foundation/project#participatesIn subproperty of http://opencaesar.io/oml#reverseRelation'>
      <failure>
        Asserted in http://imce.jpl.nasa.gov/foundation/project.
      </failure>
    </testcase>
    <testcase name='http://imce.jpl.nasa.gov/foundation/project#isExecutedBy subproperty of http://opencaesar.io/oml#reverseRelation'>
      <failure>
        Asserted in http://imce.jpl.nasa.gov/foundation/project.
      </failure>
    </testcase>
    <testcase name='http://imce.jpl.nasa.gov/foundation/project#isRealizedBy subproperty of http://opencaesar.io/oml#reverseRelation'>
      <failure>
        Asserted in http://imce.jpl.nasa.gov/foundation/project.
      </failure>
    </testcase>
    <testcase name='http://imce.jpl.nasa.gov/foundation/project#isRepresentedBy subproperty of http://opencaesar.io/oml#reverseRelation'>
      <failure>
        Asserted in http://imce.jpl.nasa.gov/foundation/project.
      </failure>
    </testcase>
    <testcase name='http://imce.jpl.nasa.gov/foundation/project#isRoleOf subproperty of http://opencaesar.io/oml#reverseRelation'>
      <failure>
        Asserted in http://imce.jpl.nasa.gov/foundation/project.
      </failure>
    </testcase>
    <testcase name='http://imce.jpl.nasa.gov/foundation/project#isSuppliedBy subproperty of http://opencaesar.io/oml#reverseRelation'>
      <failure>
        Asserted in http://imce.jpl.nasa.gov/foundation/project.
      </failure>
    </testcase>
    <testcase name='http://imce.jpl.nasa.gov/foundation/project#isReceivedBy subproperty of http://opencaesar.io/oml#reverseRelation'>
      <failure>
        Asserted in http://imce.jpl.nasa.gov/foundation/project.
      </failure>
    </testcase>
    <testcase name='http://imce.jpl.nasa.gov/foundation/project#isManfestedBy subproperty of http://opencaesar.io/oml#reverseRelation'>
      <failure>
        Asserted in http://imce.jpl.nasa.gov/foundation/project.
      </failure>
    </testcase>
    <testcase name='http://imce.jpl.nasa.gov/foundation/project#isConcurredBy subproperty of http://opencaesar.io/oml#reverseRelation'>
      <failure>
        Asserted in http://imce.jpl.nasa.gov/foundation/project.
      </failure>
    </testcase>
    <testcase name='http://imce.jpl.nasa.gov/foundation/project#isProducedBy subproperty of http://opencaesar.io/oml#reverseRelation'>
      <failure>
        Asserted in http://imce.jpl.nasa.gov/foundation/project.
      </failure>
    </testcase>
    <testcase name='http://imce.jpl.nasa.gov/foundation/project#isApprovedBy subproperty of http://opencaesar.io/oml#reverseRelation'>
      <failure>
        Asserted in http://imce.jpl.nasa.gov/foundation/project.
      </failure>
    </testcase>
    <testcase name='http://imce.jpl.nasa.gov/foundation/project#isBoundBy subproperty of http://opencaesar.io/oml#reverseRelation'>
      <failure>
        Asserted in http://imce.jpl.nasa.gov/foundation/project.
      </failure>
    </testcase>
    <testcase name='http://imce.jpl.nasa.gov/foundation/project#isReliedOnBy subproperty of http://opencaesar.io/oml#reverseRelation'>
      <failure>
        Asserted in http://imce.jpl.nasa.gov/foundation/project.
      </failure>
    </testcase>
    <testcase name='http://imce.jpl.nasa.gov/foundation/project#isInvolvedIn2 subproperty of http://opencaesar.io/oml#reverseRelation'>
      <failure>
        Asserted in http://imce.jpl.nasa.gov/foundation/project.
      </failure>
    </testcase>
    <testcase name='http://imce.jpl.nasa.gov/foundation/project#isInvokedBy subproperty of http://opencaesar.io/oml#reverseRelation'>
      <failure>
        Asserted in http://imce.jpl.nasa.gov/foundation/project.
      </failure>
    </testcase>
    <testcase name='http://imce.jpl.nasa.gov/foundation/project#isResponsibilityOf subproperty of http://opencaesar.io/oml#reverseRelation'>
      <failure>
        Asserted in http://imce.jpl.nasa.gov/foundation/project.
      </failure>
    </testcase>
    <testcase name='http://imce.jpl.nasa.gov/foundation/project#isDelegateOf subproperty of http://opencaesar.io/oml#reverseRelation'>
      <failure>
        Asserted in http://imce.jpl.nasa.gov/foundation/project.
      </failure>
    </testcase>
    <testcase name='http://imce.jpl.nasa.gov/foundation/project#isPreparedBy subproperty of http://opencaesar.io/oml#reverseRelation'>
      <failure>
        Asserted in http://imce.jpl.nasa.gov/foundation/project.
      </failure>
    </testcase>
    <testcase name='http://imce.jpl.nasa.gov/foundation/project#isInvolvedIn subproperty of http://opencaesar.io/oml#reverseRelation'>
      <failure>
        Asserted in http://imce.jpl.nasa.gov/foundation/project.
      </failure>
    </testcase>
    <testcase name='http://imce.jpl.nasa.gov/foundation/mission#isSpecifiedBy subproperty of http://opencaesar.io/oml#reverseRelation'>
      <failure>
        Asserted in http://imce.jpl.nasa.gov/foundation/mission.
      </failure>
    </testcase>
    <testcase name='http://imce.jpl.nasa.gov/foundation/mission#isInvolvedIn2 subproperty of http://opencaesar.io/oml#reverseRelation'>
      <failure>
        Asserted in http://imce.jpl.nasa.gov/foundation/mission.
      </failure>
    </testcase>
    <testcase name='http://imce.jpl.nasa.gov/foundation/mission#traverses subproperty of http://opencaesar.io/oml#reverseRelation'>
      <failure>
        Asserted in http://imce.jpl.nasa.gov/foundation/mission.
      </failure>
    </testcase>
    <testcase name='http://imce.jpl.nasa.gov/foundation/mission#isDeployedBy subproperty of http://opencaesar.io/oml#reverseRelation'>
      <failure>
        Asserted in http://imce.jpl.nasa.gov/foundation/mission.
      </failure>
    </testcase>
    <testcase name='http://imce.jpl.nasa.gov/foundation/mission#isEmittedBy subproperty of http://opencaesar.io/oml#reverseRelation'>
      <failure>
        Asserted in http://imce.jpl.nasa.gov/foundation/mission.
      </failure>
    </testcase>
    <testcase name='http://imce.jpl.nasa.gov/foundation/mission#isInvokedBy subproperty of http://opencaesar.io/oml#reverseRelation'>
      <failure>
        Asserted in http://imce.jpl.nasa.gov/foundation/mission.
      </failure>
    </testcase>
    <testcase name='http://imce.jpl.nasa.gov/foundation/mission#participatesIn subproperty of http://opencaesar.io/oml#reverseRelation'>
      <failure>
        Asserted in http://imce.jpl.nasa.gov/foundation/mission.
      </failure>
    </testcase>
    <testcase name='http://imce.jpl.nasa.gov/foundation/mission#isPerformedBy subproperty of http://opencaesar.io/oml#reverseRelation'>
      <failure>
        Asserted in http://imce.jpl.nasa.gov/foundation/mission.
      </failure>
    </testcase>
    <testcase name='http://imce.jpl.nasa.gov/foundation/mission#isJoinedIn2 subproperty of http://opencaesar.io/oml#reverseRelation'>
      <failure>
        Asserted in http://imce.jpl.nasa.gov/foundation/mission.
      </failure>
    </testcase>
    <testcase name='http://imce.jpl.nasa.gov/foundation/mission#isPresentedBy subproperty of http://opencaesar.io/oml#reverseRelation'>
      <failure>
        Asserted in http://imce.jpl.nasa.gov/foundation/mission.
      </failure>
    </testcase>
    <testcase name='http://imce.jpl.nasa.gov/foundation/mission#isInvolvedIn subproperty of http://opencaesar.io/oml#reverseRelation'>
      <failure>
        Asserted in http://imce.jpl.nasa.gov/foundation/mission.
      </failure>
    </testcase>
    <testcase name='http://imce.jpl.nasa.gov/foundation/mission#isJoinedIn1 subproperty of http://opencaesar.io/oml#reverseRelation'>
      <failure>
        Asserted in http://imce.jpl.nasa.gov/foundation/mission.
      </failure>
    </testcase>
    <testcase name='http://imce.jpl.nasa.gov/foundation/mission#isInvolvedIn1 subproperty of http://opencaesar.io/oml#reverseRelation'>
      <failure>
        Asserted in http://imce.jpl.nasa.gov/foundation/mission.
      </failure>
    </testcase>
    <testcase name='http://imce.jpl.nasa.gov/foundation/mission#isSentBy subproperty of http://opencaesar.io/oml#reverseRelation'>
      <failure>
        Asserted in http://imce.jpl.nasa.gov/foundation/mission.
      </failure>
    </testcase>
    <testcase name='http://imce.jpl.nasa.gov/foundation/mission#isInfluencedBy subproperty of http://opencaesar.io/oml#reverseRelation'>
      <failure>
        Asserted in http://imce.jpl.nasa.gov/foundation/mission.
      </failure>
    </testcase>
    <testcase name='http://imce.jpl.nasa.gov/foundation/mission#isIngestedBy subproperty of http://opencaesar.io/oml#reverseRelation'>
      <failure>
        Asserted in http://imce.jpl.nasa.gov/foundation/mission.
      </failure>
    </testcase>
    <testcase name='http://imce.jpl.nasa.gov/foundation/mission#isJoinedIn subproperty of http://opencaesar.io/oml#reverseRelation'>
      <failure>
        Asserted in http://imce.jpl.nasa.gov/foundation/mission.
      </failure>
    </testcase>
    <testcase name='http://imce.jpl.nasa.gov/foundation/mission#isInterchangePointFor subproperty of http://opencaesar.io/oml#reverseRelation'>
      <failure>
        Asserted in http://imce.jpl.nasa.gov/foundation/mission.
      </failure>
    </testcase>
    <testcase name='http://imce.jpl.nasa.gov/foundation/mission#isReceivedBy subproperty of http://opencaesar.io/oml#reverseRelation'>
      <failure>
        Asserted in http://imce.jpl.nasa.gov/foundation/mission.
      </failure>
    </testcase>
    <testcase name='http://imce.jpl.nasa.gov/foundation/mission#isPursuedBy subproperty of http://opencaesar.io/oml#reverseRelation'>
      <failure>
        Asserted in http://imce.jpl.nasa.gov/foundation/mission.
      </failure>
    </testcase>
    <testcase name='http://imce.jpl.nasa.gov/foundation/mission#isProducedBy subproperty of http://opencaesar.io/oml#reverseRelation'>
      <failure>
        Asserted in http://imce.jpl.nasa.gov/foundation/mission.
      </failure>
    </testcase>
    <testcase name='http://imce.jpl.nasa.gov/foundation/mission#isRefinedBy subproperty of http://opencaesar.io/oml#reverseRelation'>
      <failure>
        Asserted in http://imce.jpl.nasa.gov/foundation/mission.
      </failure>
    </testcase>
    <testcase name='http://imce.jpl.nasa.gov/foundation/mission#isInducedBy subproperty of http://opencaesar.io/oml#reverseRelation'>
      <failure>
        Asserted in http://imce.jpl.nasa.gov/foundation/mission.
      </failure>
    </testcase>
    <testcase name='http://imce.jpl.nasa.gov/foundation/base#isAggregatedIn subproperty of http://opencaesar.io/oml#reverseRelation'>
      <failure>
        Asserted in http://imce.jpl.nasa.gov/foundation/base.
      </failure>
    </testcase>
    <testcase name='http://imce.jpl.nasa.gov/foundation/base#isContainedIn subproperty of http://opencaesar.io/oml#reverseRelation'>
      <failure>
        Asserted in http://imce.jpl.nasa.gov/foundation/base.
      </failure>
    </testcase>
    <testcase name='http://iupac.org/metrology#hasMagnitude subproperty of http://opencaesar.io/oml#reverseRelation'>
      <failure>
        Asserted in http://iupac.org/metrology.
      </failure>
    </testcase>
    <testcase name='http://iupac.org/metrology#hasQuantity subproperty of http://opencaesar.io/oml#reverseRelation'>
      <failure>
        Asserted in http://iupac.org/metrology.
      </failure>
    </testcase>
    <testcase name='http://imce.jpl.nasa.gov/foundation/analysis#hasGlossaryTerm subproperty of http://imce.jpl.nasa.gov/foundation/base#hasCanonicalName'>
      <failure>
        Asserted in http://imce.jpl.nasa.gov/foundation/analysis,
        http://opencaesar.io/examples/firesat/programs/earth-science/projects/firesat/bundle/properties.
      </failure>
    </testcase>
    <testcase name='http://imce.jpl.nasa.gov/foundation/base#hasCanonicalName subproperty of http://imce.jpl.nasa.gov/foundation/base#hasCanonicalName'>
      <failure>
        Asserted in
        http://opencaesar.io/examples/firesat/programs/earth-science/projects/firesat/bundle/properties.
      </failure>
    </testcase>
    <testcase name='http://imce.jpl.nasa.gov/foundation/analysis#hasGlossaryDefinition subproperty of http://imce.jpl.nasa.gov/foundation/base#hasDescription'>
      <failure>
        Asserted in http://imce.jpl.nasa.gov/foundation/analysis,
        http://opencaesar.io/examples/firesat/programs/earth-science/projects/firesat/bundle/properties.
      </failure>
    </testcase>
    <testcase name='http://imce.jpl.nasa.gov/foundation/base#hasDescription subproperty of http://imce.jpl.nasa.gov/foundation/base#hasDescription'>
      <failure>
        Asserted in
        http://opencaesar.io/examples/firesat/programs/earth-science/projects/firesat/bundle/properties.
      </failure>
    </testcase>
    <testcase name='http://imce.jpl.nasa.gov/foundation/analysis#hasExplainsSource subproperty of http://imce.jpl.nasa.gov/foundation/analysis#hasCharacterizesSource'>
      <failure>
        Asserted in http://imce.jpl.nasa.gov/foundation/analysis,
        http://opencaesar.io/examples/firesat/programs/earth-science/projects/firesat/bundle/properties.
      </failure>
    </testcase>
    <testcase name='http://imce.jpl.nasa.gov/foundation/analysis#hasLimitsSource subproperty of http://imce.jpl.nasa.gov/foundation/analysis#hasCharacterizesSource'>
      <failure>
        Asserted in http://imce.jpl.nasa.gov/foundation/analysis,
        http://opencaesar.io/examples/firesat/programs/earth-science/projects/firesat/bundle/properties.
      </failure>
    </testcase>
    <testcase name='http://iupac.org/metrology#hasIsQuantityOfSource subproperty of http://imce.jpl.nasa.gov/foundation/analysis#hasCharacterizesSource'>
      <failure>
        Asserted in http://imce.jpl.nasa.gov/foundation/analysis,
        http://opencaesar.io/examples/firesat/programs/earth-science/projects/firesat/bundle/properties.
      </failure>
    </testcase>
    <testcase name='http://imce.jpl.nasa.gov/foundation/analysis#hasCharacterizesSource subproperty of http://imce.jpl.nasa.gov/foundation/analysis#hasCharacterizesSource'>
      <failure>
        Asserted in
        http://opencaesar.io/examples/firesat/programs/earth-science/projects/firesat/bundle/properties.
      </failure>
    </testcase>
    <testcase name='http://imce.jpl.nasa.gov/foundation/analysis#hasValidatesSource subproperty of http://imce.jpl.nasa.gov/foundation/analysis#hasCharacterizesSource'>
      <failure>
        Asserted in
        http://opencaesar.io/examples/firesat/programs/earth-science/projects/firesat/bundle/properties.
      </failure>
    </testcase>
    <testcase name='http://imce.jpl.nasa.gov/foundation/analysis#hasExplainsTarget subproperty of http://imce.jpl.nasa.gov/foundation/analysis#hasCharacterizesTarget'>
      <failure>
        Asserted in http://imce.jpl.nasa.gov/foundation/analysis,
        http://opencaesar.io/examples/firesat/programs/earth-science/projects/firesat/bundle/properties.
      </failure>
    </testcase>
    <testcase name='http://imce.jpl.nasa.gov/foundation/analysis#hasLimitsTarget subproperty of http://imce.jpl.nasa.gov/foundation/analysis#hasCharacterizesTarget'>
      <failure>
        Asserted in http://imce.jpl.nasa.gov/foundation/analysis,
        http://opencaesar.io/examples/firesat/programs/earth-science/projects/firesat/bundle/properties.
      </failure>
    </testcase>
    <testcase name='http://iupac.org/metrology#hasIsQuantityOfTarget subproperty of http://imce.jpl.nasa.gov/foundation/analysis#hasCharacterizesTarget'>
      <failure>
        Asserted in http://imce.jpl.nasa.gov/foundation/analysis,
        http://opencaesar.io/examples/firesat/programs/earth-science/projects/firesat/bundle/properties.
      </failure>
    </testcase>
    <testcase name='http://imce.jpl.nasa.gov/foundation/analysis#hasCharacterizesTarget subproperty of http://imce.jpl.nasa.gov/foundation/analysis#hasCharacterizesTarget'>
      <failure>
        Asserted in
        http://opencaesar.io/examples/firesat/programs/earth-science/projects/firesat/bundle/properties.
      </failure>
    </testcase>
    <testcase name='http://imce.jpl.nasa.gov/foundation/analysis#hasValidatesTarget subproperty of http://imce.jpl.nasa.gov/foundation/analysis#hasCharacterizesTarget'>
      <failure>
        Asserted in
        http://opencaesar.io/examples/firesat/programs/earth-science/projects/firesat/bundle/properties.
      </failure>
    </testcase>
    <testcase name='http://imce.jpl.nasa.gov/foundation/analysis#hasValidatesSource subproperty of http://imce.jpl.nasa.gov/foundation/analysis#hasExplainsSource'>
      <failure>
        Asserted in http://imce.jpl.nasa.gov/foundation/analysis,
        http://opencaesar.io/examples/firesat/programs/earth-science/projects/firesat/bundle/properties.
      </failure>
    </testcase>
    <testcase name='http://imce.jpl.nasa.gov/foundation/analysis#hasExplainsSource subproperty of http://imce.jpl.nasa.gov/foundation/analysis#hasExplainsSource'>
      <failure>
        Asserted in
        http://opencaesar.io/examples/firesat/programs/earth-science/projects/firesat/bundle/properties.
      </failure>
    </testcase>
    <testcase name='http://imce.jpl.nasa.gov/foundation/analysis#hasValidatesTarget subproperty of http://imce.jpl.nasa.gov/foundation/analysis#hasExplainsTarget'>
      <failure>
        Asserted in http://imce.jpl.nasa.gov/foundation/analysis,
        http://opencaesar.io/examples/firesat/programs/earth-science/projects/firesat/bundle/properties.
      </failure>
    </testcase>
    <testcase name='http://imce.jpl.nasa.gov/foundation/analysis#hasExplainsTarget subproperty of http://imce.jpl.nasa.gov/foundation/analysis#hasExplainsTarget'>
      <failure>
        Asserted in
        http://opencaesar.io/examples/firesat/programs/earth-science/projects/firesat/bundle/properties.
      </failure>
    </testcase>
    <testcase name='http://iso.org/80000-5-quantities#hasCelcius-Temperature-Has-Thermodynamic-TemperatureSource subproperty of http://iupac.org/metrology#hasHasFactorForUnitaryQuantitySource'>
      <failure>
        Asserted in http://iso.org/80000-5-quantities,
        http://opencaesar.io/examples/firesat/programs/earth-science/projects/firesat/bundle/properties.
      </failure>
    </testcase>
    <testcase name='http://iso.org/80000-4-quantities#hasMomentum-Has-MassSource subproperty of http://iupac.org/metrology#hasHasFactorForUnitaryQuantitySource'>
      <failure>
        Asserted in http://iso.org/80000-4-quantities,
        http://opencaesar.io/examples/firesat/programs/earth-science/projects/firesat/bundle/properties.
      </failure>
    </testcase>
    <testcase name='http://iso.org/80000-4-quantities#hasPower-Has-VelocitySource subproperty of http://iupac.org/metrology#hasHasFactorForUnitaryQuantitySource'>
      <failure>
        Asserted in http://iso.org/80000-4-quantities,
        http://opencaesar.io/examples/firesat/programs/earth-science/projects/firesat/bundle/properties.
      </failure>
    </testcase>
    <testcase name='http://iso.org/80000-4-quantities#hasForce-Has-VelocitySource subproperty of http://iupac.org/metrology#hasHasFactorForUnitaryQuantitySource'>
      <failure>
        Asserted in http://iso.org/80000-4-quantities,
        http://opencaesar.io/examples/firesat/programs/earth-science/projects/firesat/bundle/properties.
      </failure>
    </testcase>
    <testcase name='http://iso.org/80000-4-quantities#hasImpulse-Has-DurationSource subproperty of http://iupac.org/metrology#hasHasFactorForUnitaryQuantitySource'>
      <failure>
        Asserted in http://iso.org/80000-4-quantities,
        http://opencaesar.io/examples/firesat/programs/earth-science/projects/firesat/bundle/properties.
      </failure>
    </testcase>
    <testcase name='http://iso.org/80000-4-quantities#hasPower-Has-ForceSource subproperty of http://iupac.org/metrology#hasHasFactorForUnitaryQuantitySource'>
      <failure>
        Asserted in http://iso.org/80000-4-quantities,
        http://opencaesar.io/examples/firesat/programs/earth-science/projects/firesat/bundle/properties.
      </failure>
    </testcase>
    <testcase name='http://iso.org/80000-4-quantities#hasForce-Has-MomentumSource subproperty of http://iupac.org/metrology#hasHasFactorForUnitaryQuantitySource'>
      <failure>
        Asserted in http://iso.org/80000-4-quantities,
        http://opencaesar.io/examples/firesat/programs/earth-science/projects/firesat/bundle/properties.
      </failure>
    </testcase>
    <testcase name='http://iso.org/80000-4-quantities#hasImpulse-Has-ForceSource subproperty of http://iupac.org/metrology#hasHasFactorForUnitaryQuantitySource'>
      <failure>
        Asserted in http://iso.org/80000-4-quantities,
        http://opencaesar.io/examples/firesat/programs/earth-science/projects/firesat/bundle/properties.
      </failure>
    </testcase>
    <testcase name='http://iso.org/80000-4-quantities#hasMomentum-Has-VelocitySource subproperty of http://iupac.org/metrology#hasHasFactorForUnitaryQuantitySource'>
      <failure>
        Asserted in http://iso.org/80000-4-quantities,
        http://opencaesar.io/examples/firesat/programs/earth-science/projects/firesat/bundle/properties.
      </failure>
    </testcase>
    <testcase name='http://iso.org/80000-6-quantities#hasElectric-Field-Strength-Has-Electric-ChargeSource subproperty of http://iupac.org/metrology#hasHasFactorForUnitaryQuantitySource'>
      <failure>
        Asserted in http://iso.org/80000-6-quantities,
        http://opencaesar.io/examples/firesat/programs/earth-science/projects/firesat/bundle/properties.
      </failure>
    </testcase>
    <testcase name='http://iso.org/80000-6-quantities#hasResistance-Has-Electric-PotentialSource subproperty of http://iupac.org/metrology#hasHasFactorForUnitaryQuantitySource'>
      <failure>
        Asserted in http://iso.org/80000-6-quantities,
        http://opencaesar.io/examples/firesat/programs/earth-science/projects/firesat/bundle/properties.
      </failure>
    </testcase>
    <testcase name='http://iso.org/80000-6-quantities#hasElectric-Field-Strength-Has-ForceSource subproperty of http://iupac.org/metrology#hasHasFactorForUnitaryQuantitySource'>
      <failure>
        Asserted in http://iso.org/80000-6-quantities,
        http://opencaesar.io/examples/firesat/programs/earth-science/projects/firesat/bundle/properties.
      </failure>
    </testcase>
    <testcase name='http://iso.org/80000-6-quantities#hasElectric-Potential-Has-Electric-Field-StrengthSource subproperty of http://iupac.org/metrology#hasHasFactorForUnitaryQuantitySource'>
      <failure>
        Asserted in http://iso.org/80000-6-quantities,
        http://opencaesar.io/examples/firesat/programs/earth-science/projects/firesat/bundle/properties.
      </failure>
    </testcase>
    <testcase name='http://iso.org/80000-6-quantities#hasElectric-Charge-Has-Electric-CurrentSource subproperty of http://iupac.org/metrology#hasHasFactorForUnitaryQuantitySource'>
      <failure>
        Asserted in http://iso.org/80000-6-quantities,
        http://opencaesar.io/examples/firesat/programs/earth-science/projects/firesat/bundle/properties.
      </failure>
    </testcase>
    <testcase name='http://iso.org/80000-6-quantities#hasElectric-Charge-Has-DurationSource subproperty of http://iupac.org/metrology#hasHasFactorForUnitaryQuantitySource'>
      <failure>
        Asserted in http://iso.org/80000-6-quantities,
        http://opencaesar.io/examples/firesat/programs/earth-science/projects/firesat/bundle/properties.
      </failure>
    </testcase>
    <testcase name='http://iso.org/80000-6-quantities#hasElectric-Potential-Has-Path-LengthSource subproperty of http://iupac.org/metrology#hasHasFactorForUnitaryQuantitySource'>
      <failure>
        Asserted in http://iso.org/80000-6-quantities,
        http://opencaesar.io/examples/firesat/programs/earth-science/projects/firesat/bundle/properties.
      </failure>
    </testcase>
    <testcase name='http://iso.org/80000-6-quantities#hasResistance-Has-Electric-CurrentSource subproperty of http://iupac.org/metrology#hasHasFactorForUnitaryQuantitySource'>
      <failure>
        Asserted in http://iso.org/80000-6-quantities,
        http://opencaesar.io/examples/firesat/programs/earth-science/projects/firesat/bundle/properties.
      </failure>
    </testcase>
    <testcase name='http://iupac.org/metrology#hasHasFactorForUnitaryQuantitySource subproperty of http://iupac.org/metrology#hasHasFactorForUnitaryQuantitySource'>
      <failure>
        Asserted in
        http://opencaesar.io/examples/firesat/programs/earth-science/projects/firesat/bundle/properties.
      </failure>
    </testcase>
    <testcase name='http://iso.org/80000-3-quantities#hasAngular-Measure-Has-Arc-LengthSource subproperty of http://iupac.org/metrology#hasHasFactorForUnitaryQuantitySource'>
      <failure>
        Asserted in
        http://opencaesar.io/examples/firesat/programs/earth-science/projects/firesat/bundle/properties, http://iso.org/80000-3-quantities.
      </failure>
    </testcase>
    <testcase name='http://iso.org/80000-3-quantities#hasAngular-Measure-Has-RadiusSource subproperty of http://iupac.org/metrology#hasHasFactorForUnitaryQuantitySource'>
      <failure>
        Asserted in
        http://opencaesar.io/examples/firesat/programs/earth-science/projects/firesat/bundle/properties, http://iso.org/80000-3-quantities.
      </failure>
    </testcase>
    <testcase name='http://iso.org/80000-3-quantities#hasFrequency-Has-Period-DurationSource subproperty of http://iupac.org/metrology#hasHasFactorForUnitaryQuantitySource'>
      <failure>
        Asserted in
        http://opencaesar.io/examples/firesat/programs/earth-science/projects/firesat/bundle/properties, http://iso.org/80000-3-quantities.
      </failure>
    </testcase>
    <testcase name='http://iso.org/80000-3-quantities#hasRotation-Has-Rotational-DisplacementSource subproperty of http://iupac.org/metrology#hasHasFactorForUnitaryQuantitySource'>
      <failure>
        Asserted in
        http://opencaesar.io/examples/firesat/programs/earth-science/projects/firesat/bundle/properties, http://iso.org/80000-3-quantities.
      </failure>
    </testcase>
    <testcase name='http://iso.org/80000-3-quantities#hasRotational-Displacement-Has-DistanceSource subproperty of http://iupac.org/metrology#hasHasFactorForUnitaryQuantitySource'>
      <failure>
        Asserted in
        http://opencaesar.io/examples/firesat/programs/earth-science/projects/firesat/bundle/properties, http://iso.org/80000-3-quantities.
      </failure>
    </testcase>
    <testcase name='http://iso.org/80000-3-quantities#hasRotational-Displacement-Has-Path-LengthSource subproperty of http://iupac.org/metrology#hasHasFactorForUnitaryQuantitySource'>
      <failure>
        Asserted in
        http://opencaesar.io/examples/firesat/programs/earth-science/projects/firesat/bundle/properties, http://iso.org/80000-3-quantities.
      </failure>
    </testcase>
    <testcase name='http://iso.org/80000-3-quantities#hasRotational-Frequency-Has-DurationSource subproperty of http://iupac.org/metrology#hasHasFactorForUnitaryQuantitySource'>
      <failure>
        Asserted in
        http://opencaesar.io/examples/firesat/programs/earth-science/projects/firesat/bundle/properties, http://iso.org/80000-3-quantities.
      </failure>
    </testcase>
    <testcase name='http://iso.org/80000-3-quantities#hasRotational-Frequency-Has-RotationSource subproperty of http://iupac.org/metrology#hasHasFactorForUnitaryQuantitySource'>
      <failure>
        Asserted in
        http://opencaesar.io/examples/firesat/programs/earth-science/projects/firesat/bundle/properties, http://iso.org/80000-3-quantities.
      </failure>
    </testcase>
    <testcase name='http://iso.org/80000-3-quantities#hasVelocity-Has-DurationSource subproperty of http://iupac.org/metrology#hasHasFactorForUnitaryQuantitySource'>
      <failure>
        Asserted in
        http://opencaesar.io/examples/firesat/programs/earth-science/projects/firesat/bundle/properties, http://iso.org/80000-3-quantities.
      </failure>
    </testcase>
    <testcase name='http://iso.org/80000-3-quantities#hasVelocity-Has-Position-VectorSource subproperty of http://iupac.org/metrology#hasHasFactorForUnitaryQuantitySource'>
      <failure>
        Asserted in
        http://opencaesar.io/examples/firesat/programs/earth-science/projects/firesat/bundle/properties, http://iso.org/80000-3-quantities.
      </failure>
    </testcase>
    <testcase name='http://iso.org/80000-5-quantities#hasCelcius-Temperature-Has-Thermodynamic-TemperatureTarget subproperty of http://iupac.org/metrology#hasHasFactorForUnitaryQuantityTarget'>
      <failure>
        Asserted in http://iso.org/80000-5-quantities,
        http://opencaesar.io/examples/firesat/programs/earth-science/projects/firesat/bundle/properties.
      </failure>
    </testcase>
    <testcase name='http://iso.org/80000-4-quantities#hasPower-Has-ForceTarget subproperty of http://iupac.org/metrology#hasHasFactorForUnitaryQuantityTarget'>
      <failure>
        Asserted in http://iso.org/80000-4-quantities,
        http://opencaesar.io/examples/firesat/programs/earth-science/projects/firesat/bundle/properties.
      </failure>
    </testcase>
    <testcase name='http://iso.org/80000-4-quantities#hasForce-Has-MomentumTarget subproperty of http://iupac.org/metrology#hasHasFactorForUnitaryQuantityTarget'>
      <failure>
        Asserted in http://iso.org/80000-4-quantities,
        http://opencaesar.io/examples/firesat/programs/earth-science/projects/firesat/bundle/properties.
      </failure>
    </testcase>
    <testcase name='http://iso.org/80000-4-quantities#hasMomentum-Has-VelocityTarget subproperty of http://iupac.org/metrology#hasHasFactorForUnitaryQuantityTarget'>
      <failure>
        Asserted in http://iso.org/80000-4-quantities,
        http://opencaesar.io/examples/firesat/programs/earth-science/projects/firesat/bundle/properties.
      </failure>
    </testcase>
    <testcase name='http://iso.org/80000-4-quantities#hasMomentum-Has-MassTarget subproperty of http://iupac.org/metrology#hasHasFactorForUnitaryQuantityTarget'>
      <failure>
        Asserted in http://iso.org/80000-4-quantities,
        http://opencaesar.io/examples/firesat/programs/earth-science/projects/firesat/bundle/properties.
      </failure>
    </testcase>
    <testcase name='http://iso.org/80000-4-quantities#hasPower-Has-VelocityTarget subproperty of http://iupac.org/metrology#hasHasFactorForUnitaryQuantityTarget'>
      <failure>
        Asserted in http://iso.org/80000-4-quantities,
        http://opencaesar.io/examples/firesat/programs/earth-science/projects/firesat/bundle/properties.
      </failure>
    </testcase>
    <testcase name='http://iso.org/80000-4-quantities#hasImpulse-Has-ForceTarget subproperty of http://iupac.org/metrology#hasHasFactorForUnitaryQuantityTarget'>
      <failure>
        Asserted in http://iso.org/80000-4-quantities,
        http://opencaesar.io/examples/firesat/programs/earth-science/projects/firesat/bundle/properties.
      </failure>
    </testcase>
    <testcase name='http://iso.org/80000-4-quantities#hasForce-Has-VelocityTarget subproperty of http://iupac.org/metrology#hasHasFactorForUnitaryQuantityTarget'>
      <failure>
        Asserted in http://iso.org/80000-4-quantities,
        http://opencaesar.io/examples/firesat/programs/earth-science/projects/firesat/bundle/properties.
      </failure>
    </testcase>
    <testcase name='http://iso.org/80000-4-quantities#hasImpulse-Has-DurationTarget subproperty of http://iupac.org/metrology#hasHasFactorForUnitaryQuantityTarget'>
      <failure>
        Asserted in http://iso.org/80000-4-quantities,
        http://opencaesar.io/examples/firesat/programs/earth-science/projects/firesat/bundle/properties.
      </failure>
    </testcase>
    <testcase name='http://iso.org/80000-6-quantities#hasResistance-Has-Electric-PotentialTarget subproperty of http://iupac.org/metrology#hasHasFactorForUnitaryQuantityTarget'>
      <failure>
        Asserted in http://iso.org/80000-6-quantities,
        http://opencaesar.io/examples/firesat/programs/earth-science/projects/firesat/bundle/properties.
      </failure>
    </testcase>
    <testcase name='http://iso.org/80000-6-quantities#hasResistance-Has-Electric-CurrentTarget subproperty of http://iupac.org/metrology#hasHasFactorForUnitaryQuantityTarget'>
      <failure>
        Asserted in http://iso.org/80000-6-quantities,
        http://opencaesar.io/examples/firesat/programs/earth-science/projects/firesat/bundle/properties.
      </failure>
    </testcase>
    <testcase name='http://iso.org/80000-6-quantities#hasElectric-Field-Strength-Has-ForceTarget subproperty of http://iupac.org/metrology#hasHasFactorForUnitaryQuantityTarget'>
      <failure>
        Asserted in http://iso.org/80000-6-quantities,
        http://opencaesar.io/examples/firesat/programs/earth-science/projects/firesat/bundle/properties.
      </failure>
    </testcase>
    <testcase name='http://iso.org/80000-6-quantities#hasElectric-Charge-Has-Electric-CurrentTarget subproperty of http://iupac.org/metrology#hasHasFactorForUnitaryQuantityTarget'>
      <failure>
        Asserted in http://iso.org/80000-6-quantities,
        http://opencaesar.io/examples/firesat/programs/earth-science/projects/firesat/bundle/properties.
      </failure>
    </testcase>
    <testcase name='http://iso.org/80000-6-quantities#hasElectric-Charge-Has-DurationTarget subproperty of http://iupac.org/metrology#hasHasFactorForUnitaryQuantityTarget'>
      <failure>
        Asserted in http://iso.org/80000-6-quantities,
        http://opencaesar.io/examples/firesat/programs/earth-science/projects/firesat/bundle/properties.
      </failure>
    </testcase>
    <testcase name='http://iso.org/80000-6-quantities#hasElectric-Potential-Has-Path-LengthTarget subproperty of http://iupac.org/metrology#hasHasFactorForUnitaryQuantityTarget'>
      <failure>
        Asserted in http://iso.org/80000-6-quantities,
        http://opencaesar.io/examples/firesat/programs/earth-science/projects/firesat/bundle/properties.
      </failure>
    </testcase>
    <testcase name='http://iso.org/80000-6-quantities#hasElectric-Potential-Has-Electric-Field-StrengthTarget subproperty of http://iupac.org/metrology#hasHasFactorForUnitaryQuantityTarget'>
      <failure>
        Asserted in http://iso.org/80000-6-quantities,
        http://opencaesar.io/examples/firesat/programs/earth-science/projects/firesat/bundle/properties.
      </failure>
    </testcase>
    <testcase name='http://iso.org/80000-6-quantities#hasElectric-Field-Strength-Has-Electric-ChargeTarget subproperty of http://iupac.org/metrology#hasHasFactorForUnitaryQuantityTarget'>
      <failure>
        Asserted in http://iso.org/80000-6-quantities,
        http://opencaesar.io/examples/firesat/programs/earth-science/projects/firesat/bundle/properties.
      </failure>
    </testcase>
    <testcase name='http://iupac.org/metrology#hasHasFactorForUnitaryQuantityTarget subproperty of http://iupac.org/metrology#hasHasFactorForUnitaryQuantityTarget'>
      <failure>
        Asserted in
        http://opencaesar.io/examples/firesat/programs/earth-science/projects/firesat/bundle/properties.
      </failure>
    </testcase>
    <testcase name='http://iso.org/80000-3-quantities#hasAngular-Measure-Has-Arc-LengthTarget subproperty of http://iupac.org/metrology#hasHasFactorForUnitaryQuantityTarget'>
      <failure>
        Asserted in
        http://opencaesar.io/examples/firesat/programs/earth-science/projects/firesat/bundle/properties, http://iso.org/80000-3-quantities.
      </failure>
    </testcase>
    <testcase name='http://iso.org/80000-3-quantities#hasAngular-Measure-Has-RadiusTarget subproperty of http://iupac.org/metrology#hasHasFactorForUnitaryQuantityTarget'>
      <failure>
        Asserted in
        http://opencaesar.io/examples/firesat/programs/earth-science/projects/firesat/bundle/properties, http://iso.org/80000-3-quantities.
      </failure>
    </testcase>
    <testcase name='http://iso.org/80000-3-quantities#hasFrequency-Has-Period-DurationTarget subproperty of http://iupac.org/metrology#hasHasFactorForUnitaryQuantityTarget'>
      <failure>
        Asserted in
        http://opencaesar.io/examples/firesat/programs/earth-science/projects/firesat/bundle/properties, http://iso.org/80000-3-quantities.
      </failure>
    </testcase>
    <testcase name='http://iso.org/80000-3-quantities#hasRotation-Has-Rotational-DisplacementTarget subproperty of http://iupac.org/metrology#hasHasFactorForUnitaryQuantityTarget'>
      <failure>
        Asserted in
        http://opencaesar.io/examples/firesat/programs/earth-science/projects/firesat/bundle/properties, http://iso.org/80000-3-quantities.
      </failure>
    </testcase>
    <testcase name='http://iso.org/80000-3-quantities#hasRotational-Displacement-Has-DistanceTarget subproperty of http://iupac.org/metrology#hasHasFactorForUnitaryQuantityTarget'>
      <failure>
        Asserted in
        http://opencaesar.io/examples/firesat/programs/earth-science/projects/firesat/bundle/properties, http://iso.org/80000-3-quantities.
      </failure>
    </testcase>
    <testcase name='http://iso.org/80000-3-quantities#hasRotational-Displacement-Has-Path-LengthTarget subproperty of http://iupac.org/metrology#hasHasFactorForUnitaryQuantityTarget'>
      <failure>
        Asserted in
        http://opencaesar.io/examples/firesat/programs/earth-science/projects/firesat/bundle/properties, http://iso.org/80000-3-quantities.
      </failure>
    </testcase>
    <testcase name='http://iso.org/80000-3-quantities#hasRotational-Frequency-Has-DurationTarget subproperty of http://iupac.org/metrology#hasHasFactorForUnitaryQuantityTarget'>
      <failure>
        Asserted in
        http://opencaesar.io/examples/firesat/programs/earth-science/projects/firesat/bundle/properties, http://iso.org/80000-3-quantities.
      </failure>
    </testcase>
    <testcase name='http://iso.org/80000-3-quantities#hasRotational-Frequency-Has-RotationTarget subproperty of http://iupac.org/metrology#hasHasFactorForUnitaryQuantityTarget'>
      <failure>
        Asserted in
        http://opencaesar.io/examples/firesat/programs/earth-science/projects/firesat/bundle/properties, http://iso.org/80000-3-quantities.
      </failure>
    </testcase>
    <testcase name='http://iso.org/80000-3-quantities#hasVelocity-Has-DurationTarget subproperty of http://iupac.org/metrology#hasHasFactorForUnitaryQuantityTarget'>
      <failure>
        Asserted in
        http://opencaesar.io/examples/firesat/programs/earth-science/projects/firesat/bundle/properties, http://iso.org/80000-3-quantities.
      </failure>
    </testcase>
    <testcase name='http://iso.org/80000-3-quantities#hasVelocity-Has-Position-VectorTarget subproperty of http://iupac.org/metrology#hasHasFactorForUnitaryQuantityTarget'>
      <failure>
        Asserted in
        http://opencaesar.io/examples/firesat/programs/earth-science/projects/firesat/bundle/properties, http://iso.org/80000-3-quantities.
      </failure>
    </testcase>
    <testcase name='http://imce.jpl.nasa.gov/foundation/project#hasPreparesTarget subproperty of http://imce.jpl.nasa.gov/foundation/project#hasHasAssignmentTarget'>
      <failure>
        Asserted in http://imce.jpl.nasa.gov/foundation/project,
        http://opencaesar.io/examples/firesat/programs/earth-science/projects/firesat/bundle/properties.
      </failure>
    </testcase>
    <testcase name='http://imce.jpl.nasa.gov/foundation/project#hasApprovesTarget subproperty of http://imce.jpl.nasa.gov/foundation/project#hasHasAssignmentTarget'>
      <failure>
        Asserted in http://imce.jpl.nasa.gov/foundation/project,
        http://opencaesar.io/examples/firesat/programs/earth-science/projects/firesat/bundle/properties.
      </failure>
    </testcase>
    <testcase name='http://imce.jpl.nasa.gov/foundation/project#hasConcursTarget subproperty of http://imce.jpl.nasa.gov/foundation/project#hasHasAssignmentTarget'>
      <failure>
        Asserted in http://imce.jpl.nasa.gov/foundation/project,
        http://opencaesar.io/examples/firesat/programs/earth-science/projects/firesat/bundle/properties.
      </failure>
    </testcase>
    <testcase name='http://imce.jpl.nasa.gov/foundation/project#hasHasAssignmentTarget subproperty of http://imce.jpl.nasa.gov/foundation/project#hasHasAssignmentTarget'>
      <failure>
        Asserted in
        http://opencaesar.io/examples/firesat/programs/earth-science/projects/firesat/bundle/properties.
      </failure>
    </testcase>
    <testcase name='http://imce.jpl.nasa.gov/foundation/project#hasInvolves1Target subproperty of http://imce.jpl.nasa.gov/foundation/project#hasInvolvesTarget'>
      <failure>
        Asserted in http://imce.jpl.nasa.gov/foundation/project,
        http://opencaesar.io/examples/firesat/programs/earth-science/projects/firesat/bundle/properties.
      </failure>
    </testcase>
    <testcase name='http://imce.jpl.nasa.gov/foundation/project#hasInvolves2Target subproperty of http://imce.jpl.nasa.gov/foundation/project#hasInvolvesTarget'>
      <failure>
        Asserted in http://imce.jpl.nasa.gov/foundation/project,
        http://opencaesar.io/examples/firesat/programs/earth-science/projects/firesat/bundle/properties.
      </failure>
    </testcase>
    <testcase name='http://imce.jpl.nasa.gov/foundation/project#hasInvolvesTarget subproperty of http://imce.jpl.nasa.gov/foundation/project#hasInvolvesTarget'>
      <failure>
        Asserted in
        http://opencaesar.io/examples/firesat/programs/earth-science/projects/firesat/bundle/properties.
      </failure>
    </testcase>
    <testcase name='http://imce.jpl.nasa.gov/foundation/project#hasInvolves1Source subproperty of http://imce.jpl.nasa.gov/foundation/project#hasInvolvesSource'>
      <failure>
        Asserted in http://imce.jpl.nasa.gov/foundation/project,
        http://opencaesar.io/examples/firesat/programs/earth-science/projects/firesat/bundle/properties.
      </failure>
    </testcase>
    <testcase name='http://imce.jpl.nasa.gov/foundation/project#hasInvolves2Source subproperty of http://imce.jpl.nasa.gov/foundation/project#hasInvolvesSource'>
      <failure>
        Asserted in http://imce.jpl.nasa.gov/foundation/project,
        http://opencaesar.io/examples/firesat/programs/earth-science/projects/firesat/bundle/properties.
      </failure>
    </testcase>
    <testcase name='http://imce.jpl.nasa.gov/foundation/project#hasInvolvesSource subproperty of http://imce.jpl.nasa.gov/foundation/project#hasInvolvesSource'>
      <failure>
        Asserted in
        http://opencaesar.io/examples/firesat/programs/earth-science/projects/firesat/bundle/properties.
      </failure>
    </testcase>
    <testcase name='http://imce.jpl.nasa.gov/foundation/project#hasApprovesSource subproperty of http://imce.jpl.nasa.gov/foundation/project#hasHasAssignmentSource'>
      <failure>
        Asserted in http://imce.jpl.nasa.gov/foundation/project,
        http://opencaesar.io/examples/firesat/programs/earth-science/projects/firesat/bundle/properties.
      </failure>
    </testcase>
    <testcase name='http://imce.jpl.nasa.gov/foundation/project#hasConcursSource subproperty of http://imce.jpl.nasa.gov/foundation/project#hasHasAssignmentSource'>
      <failure>
        Asserted in http://imce.jpl.nasa.gov/foundation/project,
        http://opencaesar.io/examples/firesat/programs/earth-science/projects/firesat/bundle/properties.
      </failure>
    </testcase>
    <testcase name='http://imce.jpl.nasa.gov/foundation/project#hasPreparesSource subproperty of http://imce.jpl.nasa.gov/foundation/project#hasHasAssignmentSource'>
      <failure>
        Asserted in http://imce.jpl.nasa.gov/foundation/project,
        http://opencaesar.io/examples/firesat/programs/earth-science/projects/firesat/bundle/properties.
      </failure>
    </testcase>
    <testcase name='http://imce.jpl.nasa.gov/foundation/project#hasHasAssignmentSource subproperty of http://imce.jpl.nasa.gov/foundation/project#hasHasAssignmentSource'>
      <failure>
        Asserted in
        http://opencaesar.io/examples/firesat/programs/earth-science/projects/firesat/bundle/properties.
      </failure>
    </testcase>
    <testcase name='http://iso.org/80000-6-units#hasNewton-Per-Coulomb-Has-NewtonSource subproperty of http://iupac.org/metrology#hasHasFactorForMeasurementUnitSource'>
      <failure>
        Asserted in http://iso.org/80000-6-units,
        http://opencaesar.io/examples/firesat/programs/earth-science/projects/firesat/bundle/properties.
      </failure>
    </testcase>
    <testcase name='http://iso.org/80000-6-units#hasVolt-Has-Newton-Per-CoulombSource subproperty of http://iupac.org/metrology#hasHasFactorForMeasurementUnitSource'>
      <failure>
        Asserted in http://iso.org/80000-6-units,
        http://opencaesar.io/examples/firesat/programs/earth-science/projects/firesat/bundle/properties.
      </failure>
    </testcase>
    <testcase name='http://iso.org/80000-6-units#hasOhm-Has-VoltSource subproperty of http://iupac.org/metrology#hasHasFactorForMeasurementUnitSource'>
      <failure>
        Asserted in http://iso.org/80000-6-units,
        http://opencaesar.io/examples/firesat/programs/earth-science/projects/firesat/bundle/properties.
      </failure>
    </testcase>
    <testcase name='http://iso.org/80000-6-units#hasVolt-Has-MetreSource subproperty of http://iupac.org/metrology#hasHasFactorForMeasurementUnitSource'>
      <failure>
        Asserted in http://iso.org/80000-6-units,
        http://opencaesar.io/examples/firesat/programs/earth-science/projects/firesat/bundle/properties.
      </failure>
    </testcase>
    <testcase name='http://iso.org/80000-6-units#hasCoulomb-Has-AmpereSource subproperty of http://iupac.org/metrology#hasHasFactorForMeasurementUnitSource'>
      <failure>
        Asserted in http://iso.org/80000-6-units,
        http://opencaesar.io/examples/firesat/programs/earth-science/projects/firesat/bundle/properties.
      </failure>
    </testcase>
    <testcase name='http://iso.org/80000-6-units#hasNewton-Per-Coulomb-Has-CoulombSource subproperty of http://iupac.org/metrology#hasHasFactorForMeasurementUnitSource'>
      <failure>
        Asserted in http://iso.org/80000-6-units,
        http://opencaesar.io/examples/firesat/programs/earth-science/projects/firesat/bundle/properties.
      </failure>
    </testcase>
    <testcase name='http://iso.org/80000-6-units#hasCoulomb-Has-SecondSource subproperty of http://iupac.org/metrology#hasHasFactorForMeasurementUnitSource'>
      <failure>
        Asserted in http://iso.org/80000-6-units,
        http://opencaesar.io/examples/firesat/programs/earth-science/projects/firesat/bundle/properties.
      </failure>
    </testcase>
    <testcase name='http://iso.org/80000-6-units#hasOhm-Has-AmpereSource subproperty of http://iupac.org/metrology#hasHasFactorForMeasurementUnitSource'>
      <failure>
        Asserted in http://iso.org/80000-6-units,
        http://opencaesar.io/examples/firesat/programs/earth-science/projects/firesat/bundle/properties.
      </failure>
    </testcase>
    <testcase name='http://iso.org/80000-5-units#hasDegreeCelcius-Has-KelvinSource subproperty of http://iupac.org/metrology#hasHasFactorForMeasurementUnitSource'>
      <failure>
        Asserted in
        http://opencaesar.io/examples/firesat/programs/earth-science/projects/firesat/bundle/properties, http://iso.org/80000-5-units.
      </failure>
    </testcase>
    <testcase name='http://iupac.org/metrology#hasHasFactorForMeasurementUnitSource subproperty of http://iupac.org/metrology#hasHasFactorForMeasurementUnitSource'>
      <failure>
        Asserted in
        http://opencaesar.io/examples/firesat/programs/earth-science/projects/firesat/bundle/properties.
      </failure>
    </testcase>
    <testcase name='http://iso.org/80000-4-units#hasWatt-Has-NewtonSource subproperty of http://iupac.org/metrology#hasHasFactorForMeasurementUnitSource'>
      <failure>
        Asserted in
        http://opencaesar.io/examples/firesat/programs/earth-science/projects/firesat/bundle/properties, http://iso.org/80000-4-units.
      </failure>
    </testcase>
    <testcase name='http://iso.org/80000-3-units#hasMetre-Per-Second-Has-SecondSource subproperty of http://iupac.org/metrology#hasHasFactorForMeasurementUnitSource'>
      <failure>
        Asserted in
        http://opencaesar.io/examples/firesat/programs/earth-science/projects/firesat/bundle/properties, http://iso.org/80000-3-units.
      </failure>
    </testcase>
    <testcase name='http://iso.org/80000-4-units#hasKilogram-Metre-Per-Second-Has-Metre-Per-SecondSource subproperty of http://iupac.org/metrology#hasHasFactorForMeasurementUnitSource'>
      <failure>
        Asserted in
        http://opencaesar.io/examples/firesat/programs/earth-science/projects/firesat/bundle/properties, http://iso.org/80000-4-units.
      </failure>
    </testcase>
    <testcase name='http://iso.org/80000-3-units#hasMetre-Per-Second-Has-MetreSource subproperty of http://iupac.org/metrology#hasHasFactorForMeasurementUnitSource'>
      <failure>
        Asserted in
        http://opencaesar.io/examples/firesat/programs/earth-science/projects/firesat/bundle/properties, http://iso.org/80000-3-units.
      </failure>
    </testcase>
    <testcase name='http://iso.org/80000-4-units#hasNewton-Has-Metre-Per-SecondSource subproperty of http://iupac.org/metrology#hasHasFactorForMeasurementUnitSource'>
      <failure>
        Asserted in
        http://opencaesar.io/examples/firesat/programs/earth-science/projects/firesat/bundle/properties, http://iso.org/80000-4-units.
      </failure>
    </testcase>
    <testcase name='http://iso.org/80000-3-units#hasRadian-Has-Metre-NumeratorSource subproperty of http://iupac.org/metrology#hasHasFactorForMeasurementUnitSource'>
      <failure>
        Asserted in
        http://opencaesar.io/examples/firesat/programs/earth-science/projects/firesat/bundle/properties, http://iso.org/80000-3-units.
      </failure>
    </testcase>
    <testcase name='http://iso.org/80000-4-units#hasNewton-Millisecond-Has-NewtonSource subproperty of http://iupac.org/metrology#hasHasFactorForMeasurementUnitSource'>
      <failure>
        Asserted in
        http://opencaesar.io/examples/firesat/programs/earth-science/projects/firesat/bundle/properties, http://iso.org/80000-4-units.
      </failure>
    </testcase>
    <testcase name='http://iso.org/80000-3-units#hasKilometre-Per-Second-Has-KilometreSource subproperty of http://iupac.org/metrology#hasHasFactorForMeasurementUnitSource'>
      <failure>
        Asserted in
        http://opencaesar.io/examples/firesat/programs/earth-science/projects/firesat/bundle/properties, http://iso.org/80000-3-units.
      </failure>
    </testcase>
    <testcase name='http://iso.org/80000-4-units#hasNewton-Has-KilogramSource subproperty of http://iupac.org/metrology#hasHasFactorForMeasurementUnitSource'>
      <failure>
        Asserted in
        http://opencaesar.io/examples/firesat/programs/earth-science/projects/firesat/bundle/properties, http://iso.org/80000-4-units.
      </failure>
    </testcase>
    <testcase name='http://iso.org/80000-3-units#hasHertz-Has-SecondSource subproperty of http://iupac.org/metrology#hasHasFactorForMeasurementUnitSource'>
      <failure>
        Asserted in
        http://opencaesar.io/examples/firesat/programs/earth-science/projects/firesat/bundle/properties, http://iso.org/80000-3-units.
      </failure>
    </testcase>
    <testcase name='http://iso.org/80000-3-units#hasRevolution-Has-RadianSource subproperty of http://iupac.org/metrology#hasHasFactorForMeasurementUnitSource'>
      <failure>
        Asserted in
        http://opencaesar.io/examples/firesat/programs/earth-science/projects/firesat/bundle/properties, http://iso.org/80000-3-units.
      </failure>
    </testcase>
    <testcase name='http://iso.org/80000-4-units#hasNewton-Second-Has-NewtonSource subproperty of http://iupac.org/metrology#hasHasFactorForMeasurementUnitSource'>
      <failure>
        Asserted in
        http://opencaesar.io/examples/firesat/programs/earth-science/projects/firesat/bundle/properties, http://iso.org/80000-4-units.
      </failure>
    </testcase>
    <testcase name='http://iso.org/80000-4-units#hasWatt-Has-Metre-Per-SecondSource subproperty of http://iupac.org/metrology#hasHasFactorForMeasurementUnitSource'>
      <failure>
        Asserted in
        http://opencaesar.io/examples/firesat/programs/earth-science/projects/firesat/bundle/properties, http://iso.org/80000-4-units.
      </failure>
    </testcase>
    <testcase name='http://iso.org/80000-4-units#hasKilogram-Metre-Per-Second-Has-KilogramSource subproperty of http://iupac.org/metrology#hasHasFactorForMeasurementUnitSource'>
      <failure>
        Asserted in
        http://opencaesar.io/examples/firesat/programs/earth-science/projects/firesat/bundle/properties, http://iso.org/80000-4-units.
      </failure>
    </testcase>
    <testcase name='http://iso.org/80000-3-units#hasRadian-Has-Metre-DenominatorSource subproperty of http://iupac.org/metrology#hasHasFactorForMeasurementUnitSource'>
      <failure>
        Asserted in
        http://opencaesar.io/examples/firesat/programs/earth-science/projects/firesat/bundle/properties, http://iso.org/80000-3-units.
      </failure>
    </testcase>
    <testcase name='http://iso.org/80000-4-units#hasNewton-Millisecond-Has-MillisecondSource subproperty of http://iupac.org/metrology#hasHasFactorForMeasurementUnitSource'>
      <failure>
        Asserted in
        http://opencaesar.io/examples/firesat/programs/earth-science/projects/firesat/bundle/properties, http://iso.org/80000-4-units.
      </failure>
    </testcase>
    <testcase name='http://iso.org/80000-3-units#hasKilometre-Per-Second-Has-SecondSource subproperty of http://iupac.org/metrology#hasHasFactorForMeasurementUnitSource'>
      <failure>
        Asserted in
        http://opencaesar.io/examples/firesat/programs/earth-science/projects/firesat/bundle/properties, http://iso.org/80000-3-units.
      </failure>
    </testcase>
    <testcase name='http://iso.org/80000-4-units#hasNewton-Second-Has-SecondSource subproperty of http://iupac.org/metrology#hasHasFactorForMeasurementUnitSource'>
      <failure>
        Asserted in
        http://opencaesar.io/examples/firesat/programs/earth-science/projects/firesat/bundle/properties, http://iso.org/80000-4-units.
      </failure>
    </testcase>
    <testcase name='http://iso.org/80000-6-units#hasOhm-Has-AmpereTarget subproperty of http://iupac.org/metrology#hasHasFactorForMeasurementUnitTarget'>
      <failure>
        Asserted in http://iso.org/80000-6-units,
        http://opencaesar.io/examples/firesat/programs/earth-science/projects/firesat/bundle/properties.
      </failure>
    </testcase>
    <testcase name='http://iso.org/80000-6-units#hasNewton-Per-Coulomb-Has-NewtonTarget subproperty of http://iupac.org/metrology#hasHasFactorForMeasurementUnitTarget'>
      <failure>
        Asserted in http://iso.org/80000-6-units,
        http://opencaesar.io/examples/firesat/programs/earth-science/projects/firesat/bundle/properties.
      </failure>
    </testcase>
    <testcase name='http://iso.org/80000-6-units#hasNewton-Per-Coulomb-Has-CoulombTarget subproperty of http://iupac.org/metrology#hasHasFactorForMeasurementUnitTarget'>
      <failure>
        Asserted in http://iso.org/80000-6-units,
        http://opencaesar.io/examples/firesat/programs/earth-science/projects/firesat/bundle/properties.
      </failure>
    </testcase>
    <testcase name='http://iso.org/80000-6-units#hasOhm-Has-VoltTarget subproperty of http://iupac.org/metrology#hasHasFactorForMeasurementUnitTarget'>
      <failure>
        Asserted in http://iso.org/80000-6-units,
        http://opencaesar.io/examples/firesat/programs/earth-science/projects/firesat/bundle/properties.
      </failure>
    </testcase>
    <testcase name='http://iso.org/80000-6-units#hasVolt-Has-MetreTarget subproperty of http://iupac.org/metrology#hasHasFactorForMeasurementUnitTarget'>
      <failure>
        Asserted in http://iso.org/80000-6-units,
        http://opencaesar.io/examples/firesat/programs/earth-science/projects/firesat/bundle/properties.
      </failure>
    </testcase>
    <testcase name='http://iso.org/80000-6-units#hasCoulomb-Has-SecondTarget subproperty of http://iupac.org/metrology#hasHasFactorForMeasurementUnitTarget'>
      <failure>
        Asserted in http://iso.org/80000-6-units,
        http://opencaesar.io/examples/firesat/programs/earth-science/projects/firesat/bundle/properties.
      </failure>
    </testcase>
    <testcase name='http://iso.org/80000-6-units#hasCoulomb-Has-AmpereTarget subproperty of http://iupac.org/metrology#hasHasFactorForMeasurementUnitTarget'>
      <failure>
        Asserted in http://iso.org/80000-6-units,
        http://opencaesar.io/examples/firesat/programs/earth-science/projects/firesat/bundle/properties.
      </failure>
    </testcase>
    <testcase name='http://iso.org/80000-6-units#hasVolt-Has-Newton-Per-CoulombTarget subproperty of http://iupac.org/metrology#hasHasFactorForMeasurementUnitTarget'>
      <failure>
        Asserted in http://iso.org/80000-6-units,
        http://opencaesar.io/examples/firesat/programs/earth-science/projects/firesat/bundle/properties.
      </failure>
    </testcase>
    <testcase name='http://iso.org/80000-5-units#hasDegreeCelcius-Has-KelvinTarget subproperty of http://iupac.org/metrology#hasHasFactorForMeasurementUnitTarget'>
      <failure>
        Asserted in
        http://opencaesar.io/examples/firesat/programs/earth-science/projects/firesat/bundle/properties, http://iso.org/80000-5-units.
      </failure>
    </testcase>
    <testcase name='http://iupac.org/metrology#hasHasFactorForMeasurementUnitTarget subproperty of http://iupac.org/metrology#hasHasFactorForMeasurementUnitTarget'>
      <failure>
        Asserted in
        http://opencaesar.io/examples/firesat/programs/earth-science/projects/firesat/bundle/properties.
      </failure>
    </testcase>
    <testcase name='http://iso.org/80000-3-units#hasHertz-Has-SecondTarget subproperty of http://iupac.org/metrology#hasHasFactorForMeasurementUnitTarget'>
      <failure>
        Asserted in
        http://opencaesar.io/examples/firesat/programs/earth-science/projects/firesat/bundle/properties, http://iso.org/80000-3-units.
      </failure>
    </testcase>
    <testcase name='http://iso.org/80000-3-units#hasRevolution-Has-RadianTarget subproperty of http://iupac.org/metrology#hasHasFactorForMeasurementUnitTarget'>
      <failure>
        Asserted in
        http://opencaesar.io/examples/firesat/programs/earth-science/projects/firesat/bundle/properties, http://iso.org/80000-3-units.
      </failure>
    </testcase>
    <testcase name='http://iso.org/80000-3-units#hasMetre-Per-Second-Has-MetreTarget subproperty of http://iupac.org/metrology#hasHasFactorForMeasurementUnitTarget'>
      <failure>
        Asserted in
        http://opencaesar.io/examples/firesat/programs/earth-science/projects/firesat/bundle/properties, http://iso.org/80000-3-units.
      </failure>
    </testcase>
    <testcase name='http://iso.org/80000-4-units#hasWatt-Has-Metre-Per-SecondTarget subproperty of http://iupac.org/metrology#hasHasFactorForMeasurementUnitTarget'>
      <failure>
        Asserted in
        http://opencaesar.io/examples/firesat/programs/earth-science/projects/firesat/bundle/properties, http://iso.org/80000-4-units.
      </failure>
    </testcase>
    <testcase name='http://iso.org/80000-4-units#hasNewton-Millisecond-Has-MillisecondTarget subproperty of http://iupac.org/metrology#hasHasFactorForMeasurementUnitTarget'>
      <failure>
        Asserted in
        http://opencaesar.io/examples/firesat/programs/earth-science/projects/firesat/bundle/properties, http://iso.org/80000-4-units.
      </failure>
    </testcase>
    <testcase name='http://iso.org/80000-3-units#hasMetre-Per-Second-Has-SecondTarget subproperty of http://iupac.org/metrology#hasHasFactorForMeasurementUnitTarget'>
      <failure>
        Asserted in
        http://opencaesar.io/examples/firesat/programs/earth-science/projects/firesat/bundle/properties, http://iso.org/80000-3-units.
      </failure>
    </testcase>
    <testcase name='http://iso.org/80000-4-units#hasKilogram-Metre-Per-Second-Has-Metre-Per-SecondTarget subproperty of http://iupac.org/metrology#hasHasFactorForMeasurementUnitTarget'>
      <failure>
        Asserted in
        http://opencaesar.io/examples/firesat/programs/earth-science/projects/firesat/bundle/properties, http://iso.org/80000-4-units.
      </failure>
    </testcase>
    <testcase name='http://iso.org/80000-4-units#hasNewton-Has-Metre-Per-SecondTarget subproperty of http://iupac.org/metrology#hasHasFactorForMeasurementUnitTarget'>
      <failure>
        Asserted in
        http://opencaesar.io/examples/firesat/programs/earth-science/projects/firesat/bundle/properties, http://iso.org/80000-4-units.
      </failure>
    </testcase>
    <testcase name='http://iso.org/80000-3-units#hasRadian-Has-Metre-NumeratorTarget subproperty of http://iupac.org/metrology#hasHasFactorForMeasurementUnitTarget'>
      <failure>
        Asserted in
        http://opencaesar.io/examples/firesat/programs/earth-science/projects/firesat/bundle/properties, http://iso.org/80000-3-units.
      </failure>
    </testcase>
    <testcase name='http://iso.org/80000-4-units#hasNewton-Second-Has-NewtonTarget subproperty of http://iupac.org/metrology#hasHasFactorForMeasurementUnitTarget'>
      <failure>
        Asserted in
        http://opencaesar.io/examples/firesat/programs/earth-science/projects/firesat/bundle/properties, http://iso.org/80000-4-units.
      </failure>
    </testcase>
    <testcase name='http://iso.org/80000-4-units#hasNewton-Millisecond-Has-NewtonTarget subproperty of http://iupac.org/metrology#hasHasFactorForMeasurementUnitTarget'>
      <failure>
        Asserted in
        http://opencaesar.io/examples/firesat/programs/earth-science/projects/firesat/bundle/properties, http://iso.org/80000-4-units.
      </failure>
    </testcase>
    <testcase name='http://iso.org/80000-4-units#hasKilogram-Metre-Per-Second-Has-KilogramTarget subproperty of http://iupac.org/metrology#hasHasFactorForMeasurementUnitTarget'>
      <failure>
        Asserted in
        http://opencaesar.io/examples/firesat/programs/earth-science/projects/firesat/bundle/properties, http://iso.org/80000-4-units.
      </failure>
    </testcase>
    <testcase name='http://iso.org/80000-3-units#hasRadian-Has-Metre-DenominatorTarget subproperty of http://iupac.org/metrology#hasHasFactorForMeasurementUnitTarget'>
      <failure>
        Asserted in
        http://opencaesar.io/examples/firesat/programs/earth-science/projects/firesat/bundle/properties, http://iso.org/80000-3-units.
      </failure>
    </testcase>
    <testcase name='http://iso.org/80000-3-units#hasKilometre-Per-Second-Has-SecondTarget subproperty of http://iupac.org/metrology#hasHasFactorForMeasurementUnitTarget'>
      <failure>
        Asserted in
        http://opencaesar.io/examples/firesat/programs/earth-science/projects/firesat/bundle/properties, http://iso.org/80000-3-units.
      </failure>
    </testcase>
    <testcase name='http://iso.org/80000-4-units#hasNewton-Second-Has-SecondTarget subproperty of http://iupac.org/metrology#hasHasFactorForMeasurementUnitTarget'>
      <failure>
        Asserted in
        http://opencaesar.io/examples/firesat/programs/earth-science/projects/firesat/bundle/properties, http://iso.org/80000-4-units.
      </failure>
    </testcase>
    <testcase name='http://iso.org/80000-4-units#hasWatt-Has-NewtonTarget subproperty of http://iupac.org/metrology#hasHasFactorForMeasurementUnitTarget'>
      <failure>
        Asserted in
        http://opencaesar.io/examples/firesat/programs/earth-science/projects/firesat/bundle/properties, http://iso.org/80000-4-units.
      </failure>
    </testcase>
    <testcase name='http://iso.org/80000-3-units#hasKilometre-Per-Second-Has-KilometreTarget subproperty of http://iupac.org/metrology#hasHasFactorForMeasurementUnitTarget'>
      <failure>
        Asserted in
        http://opencaesar.io/examples/firesat/programs/earth-science/projects/firesat/bundle/properties, http://iso.org/80000-3-units.
      </failure>
    </testcase>
    <testcase name='http://iso.org/80000-4-units#hasNewton-Has-KilogramTarget subproperty of http://iupac.org/metrology#hasHasFactorForMeasurementUnitTarget'>
      <failure>
        Asserted in
        http://opencaesar.io/examples/firesat/programs/earth-science/projects/firesat/bundle/properties, http://iso.org/80000-4-units.
      </failure>
    </testcase>
    <testcase name='http://imce.jpl.nasa.gov/foundation/mission#performs subproperty of http://imce.jpl.nasa.gov/foundation/mission#performs'>
      <failure>
        Asserted in
        http://opencaesar.io/examples/firesat/programs/earth-science/projects/firesat/bundle/properties.
      </failure>
    </testcase>
    <testcase name='http://imce.jpl.nasa.gov/foundation/project#realizes subproperty of http://imce.jpl.nasa.gov/foundation/project#realizes'>
      <failure>
        Asserted in
        http://opencaesar.io/examples/firesat/programs/earth-science/projects/firesat/bundle/properties.
      </failure>
    </testcase>
    <testcase name='http://imce.jpl.nasa.gov/foundation/mission#hasPerformsSource subproperty of http://imce.jpl.nasa.gov/foundation/mission#hasPerformsSource'>
      <failure>
        Asserted in
        http://opencaesar.io/examples/firesat/programs/earth-science/projects/firesat/bundle/properties.
      </failure>
    </testcase>
    <testcase name='http://imce.jpl.nasa.gov/foundation/mission#hasPerformsTarget subproperty of http://imce.jpl.nasa.gov/foundation/mission#hasPerformsTarget'>
      <failure>
        Asserted in
        http://opencaesar.io/examples/firesat/programs/earth-science/projects/firesat/bundle/properties.
      </failure>
    </testcase>
    <testcase name='http://imce.jpl.nasa.gov/discipline/fse/fse#hasAcronym subproperty of http://imce.jpl.nasa.gov/discipline/fse/fse#hasAcronym'>
      <failure>
        Asserted in
        http://opencaesar.io/examples/firesat/programs/earth-science/projects/firesat/bundle/properties.
      </failure>
    </testcase>
    <testcase name='http://imce.jpl.nasa.gov/discipline/fse/fse#hasReferenceDesignator subproperty of http://imce.jpl.nasa.gov/discipline/fse/fse#hasReferenceDesignator'>
      <failure>
        Asserted in
        http://opencaesar.io/examples/firesat/programs/earth-science/projects/firesat/bundle/properties.
      </failure>
    </testcase>
    <testcase name='http://imce.jpl.nasa.gov/foundation/base#contains subproperty of http://imce.jpl.nasa.gov/foundation/base#contains'>
      <failure>
        Asserted in
        http://opencaesar.io/examples/firesat/programs/earth-science/projects/firesat/bundle/properties.
      </failure>
    </testcase>
    <testcase name='http://imce.jpl.nasa.gov/discipline/fse/fse#connectsAssembly1 subproperty of http://imce.jpl.nasa.gov/discipline/fse/fse#connectsAssembly1'>
      <failure>
        Asserted in
        http://opencaesar.io/examples/firesat/programs/earth-science/projects/firesat/bundle/properties.
      </failure>
    </testcase>
    <testcase name='http://imce.jpl.nasa.gov/discipline/fse/fse#connectsAssembly2 subproperty of http://imce.jpl.nasa.gov/discipline/fse/fse#connectsAssembly2'>
      <failure>
        Asserted in
        http://opencaesar.io/examples/firesat/programs/earth-science/projects/firesat/bundle/properties.
      </failure>
    </testcase>
    <testcase name='http://imce.jpl.nasa.gov/foundation/mission#joins1 subproperty of http://imce.jpl.nasa.gov/foundation/mission#joins1'>
      <failure>
        Asserted in
        http://opencaesar.io/examples/firesat/programs/earth-science/projects/firesat/bundle/properties.
      </failure>
    </testcase>
    <testcase name='http://imce.jpl.nasa.gov/foundation/mission#joins2 subproperty of http://imce.jpl.nasa.gov/foundation/mission#joins2'>
      <failure>
        Asserted in
        http://opencaesar.io/examples/firesat/programs/earth-science/projects/firesat/bundle/properties.
      </failure>
    </testcase>
    <testcase name='http://imce.jpl.nasa.gov/discipline/fse/fse#hasFunctionDirection subproperty of http://imce.jpl.nasa.gov/discipline/fse/fse#hasFunctionDirection'>
      <failure>
        Asserted in
        http://opencaesar.io/examples/firesat/programs/earth-science/projects/firesat/bundle/properties.
      </failure>
    </testcase>
    <testcase name='http://imce.jpl.nasa.gov/discipline/fse/fse#hasFunctionNumber subproperty of http://imce.jpl.nasa.gov/discipline/fse/fse#hasFunctionNumber'>
      <failure>
        Asserted in
        http://opencaesar.io/examples/firesat/programs/earth-science/projects/firesat/bundle/properties.
      </failure>
    </testcase>
    <testcase name='http://iupac.org/metrology#isQuantityOf subproperty of http://iupac.org/metrology#isQuantityOf'>
      <failure>
        Asserted in
        http://opencaesar.io/examples/firesat/programs/earth-science/projects/firesat/bundle/properties.
      </failure>
    </testcase>
    <testcase name='http://iupac.org/metrology#isMagnitudeOf subproperty of http://iupac.org/metrology#isMagnitudeOf'>
      <failure>
        Asserted in
        http://opencaesar.io/examples/firesat/programs/earth-science/projects/firesat/bundle/properties.
      </failure>
    </testcase>
    <testcase name='http://iupac.org/metrology#hasDoubleNumber subproperty of http://iupac.org/metrology#hasDoubleNumber'>
      <failure>
        Asserted in
        http://opencaesar.io/examples/firesat/programs/earth-science/projects/firesat/bundle/properties.
      </failure>
    </testcase>
    <testcase name='http://imce.jpl.nasa.gov/foundation/mission#isSpecifiedBy subproperty of http://imce.jpl.nasa.gov/foundation/mission#isSpecifiedBy'>
      <failure>
        Asserted in
        http://opencaesar.io/examples/firesat/programs/earth-science/projects/firesat/bundle/properties.
      </failure>
    </testcase>
    <testcase name='http://imce.jpl.nasa.gov/foundation/mission#refines subproperty of http://imce.jpl.nasa.gov/foundation/mission#refines'>
      <failure>
        Asserted in
        http://opencaesar.io/examples/firesat/programs/earth-science/projects/firesat/bundle/properties.
      </failure>
    </testcase>
    <testcase name='http://imce.jpl.nasa.gov/discipline/fse/fse#hasEndCircuitDirection subproperty of http://imce.jpl.nasa.gov/discipline/fse/fse#hasEndCircuitDirection'>
      <failure>
        Asserted in
        http://opencaesar.io/examples/firesat/programs/earth-science/projects/firesat/bundle/properties.
      </failure>
    </testcase>
    <testcase name='http://imce.jpl.nasa.gov/foundation/base#aggregates subproperty of http://imce.jpl.nasa.gov/foundation/base#aggregates'>
      <failure>
        Asserted in
        http://opencaesar.io/examples/firesat/programs/earth-science/projects/firesat/bundle/properties.
      </failure>
    </testcase>
    <testcase name='http://imce.jpl.nasa.gov/foundation/base#hasAggregatesSource subproperty of http://imce.jpl.nasa.gov/foundation/base#hasAggregatesSource'>
      <failure>
        Asserted in
        http://opencaesar.io/examples/firesat/programs/earth-science/projects/firesat/bundle/properties.
      </failure>
    </testcase>
    <testcase name='http://imce.jpl.nasa.gov/foundation/base#hasAggregatesTarget subproperty of http://imce.jpl.nasa.gov/foundation/base#hasAggregatesTarget'>
      <failure>
        Asserted in
        http://opencaesar.io/examples/firesat/programs/earth-science/projects/firesat/bundle/properties.
      </failure>
    </testcase>
    <testcase name='http://imce.jpl.nasa.gov/foundation/base#hasContainsSource subproperty of http://imce.jpl.nasa.gov/foundation/base#hasContainsSource'>
      <failure>
        Asserted in
        http://opencaesar.io/examples/firesat/programs/earth-science/projects/firesat/bundle/properties.
      </failure>
    </testcase>
    <testcase name='http://imce.jpl.nasa.gov/foundation/base#hasContainsTarget subproperty of http://imce.jpl.nasa.gov/foundation/base#hasContainsTarget'>
      <failure>
        Asserted in
        http://opencaesar.io/examples/firesat/programs/earth-science/projects/firesat/bundle/properties.
      </failure>
    </testcase>
    <testcase name='http://imce.jpl.nasa.gov/foundation/base#isAggregatedIn subproperty of http://imce.jpl.nasa.gov/foundation/base#isAggregatedIn'>
      <failure>
        Asserted in
        http://opencaesar.io/examples/firesat/programs/earth-science/projects/firesat/bundle/properties.
      </failure>
    </testcase>
    <testcase name='http://imce.jpl.nasa.gov/foundation/base#isContainedIn subproperty of http://imce.jpl.nasa.gov/foundation/base#isContainedIn'>
      <failure>
        Asserted in
        http://opencaesar.io/examples/firesat/programs/earth-science/projects/firesat/bundle/properties.
      </failure>
    </testcase>
    <testcase name='http://imce.jpl.nasa.gov/foundation/base#hasAlternateName subproperty of http://imce.jpl.nasa.gov/foundation/base#hasAlternateName'>
      <failure>
        Asserted in
        http://opencaesar.io/examples/firesat/programs/earth-science/projects/firesat/bundle/properties.
      </failure>
    </testcase>
    <testcase name='http://imce.jpl.nasa.gov/foundation/base#hasContainmentIndex subproperty of http://imce.jpl.nasa.gov/foundation/base#hasContainmentIndex'>
      <failure>
        Asserted in
        http://opencaesar.io/examples/firesat/programs/earth-science/projects/firesat/bundle/properties.
      </failure>
    </testcase>
    <testcase name='http://imce.jpl.nasa.gov/foundation/base#hasIndexEntry subproperty of http://imce.jpl.nasa.gov/foundation/base#hasIndexEntry'>
      <failure>
        Asserted in
        http://opencaesar.io/examples/firesat/programs/earth-science/projects/firesat/bundle/properties.
      </failure>
    </testcase>
    <testcase name='http://imce.jpl.nasa.gov/foundation/base#hasShortName subproperty of http://imce.jpl.nasa.gov/foundation/base#hasShortName'>
      <failure>
        Asserted in
        http://opencaesar.io/examples/firesat/programs/earth-science/projects/firesat/bundle/properties.
      </failure>
    </testcase>
    <testcase name='http://imce.jpl.nasa.gov/foundation/base#hasSortKey subproperty of http://imce.jpl.nasa.gov/foundation/base#hasSortKey'>
      <failure>
        Asserted in
        http://opencaesar.io/examples/firesat/programs/earth-science/projects/firesat/bundle/properties.
      </failure>
    </testcase>
    <testcase name='http://imce.jpl.nasa.gov/foundation/base#hasUuid subproperty of http://imce.jpl.nasa.gov/foundation/base#hasUuid'>
      <failure>
        Asserted in
        http://opencaesar.io/examples/firesat/programs/earth-science/projects/firesat/bundle/properties.
      </failure>
    </testcase>
    <testcase name='http://iupac.org/metrology#hasReference subproperty of http://iupac.org/metrology#hasReference'>
      <failure>
        Asserted in
        http://opencaesar.io/examples/firesat/programs/earth-science/projects/firesat/bundle/properties.
      </failure>
    </testcase>
    <testcase name='http://imce.jpl.nasa.gov/foundation/analysis#analyzes subproperty of http://imce.jpl.nasa.gov/foundation/analysis#analyzes'>
      <failure>
        Asserted in
        http://opencaesar.io/examples/firesat/programs/earth-science/projects/firesat/bundle/properties.
      </failure>
    </testcase>
    <testcase name='http://imce.jpl.nasa.gov/foundation/analysis#characterizes subproperty of http://imce.jpl.nasa.gov/foundation/analysis#characterizes'>
      <failure>
        Asserted in
        http://opencaesar.io/examples/firesat/programs/earth-science/projects/firesat/bundle/properties.
      </failure>
    </testcase>
    <testcase name='http://imce.jpl.nasa.gov/foundation/analysis#constrains subproperty of http://imce.jpl.nasa.gov/foundation/analysis#constrains'>
      <failure>
        Asserted in
        http://opencaesar.io/examples/firesat/programs/earth-science/projects/firesat/bundle/properties.
      </failure>
    </testcase>
    <testcase name='http://imce.jpl.nasa.gov/foundation/analysis#explains subproperty of http://imce.jpl.nasa.gov/foundation/analysis#explains'>
      <failure>
        Asserted in
        http://opencaesar.io/examples/firesat/programs/earth-science/projects/firesat/bundle/properties.
      </failure>
    </testcase>
    <testcase name='http://imce.jpl.nasa.gov/foundation/analysis#hasAnalyzesSource subproperty of http://imce.jpl.nasa.gov/foundation/analysis#hasAnalyzesSource'>
      <failure>
        Asserted in
        http://opencaesar.io/examples/firesat/programs/earth-science/projects/firesat/bundle/properties.
      </failure>
    </testcase>
    <testcase name='http://imce.jpl.nasa.gov/foundation/analysis#hasAnalyzesTarget subproperty of http://imce.jpl.nasa.gov/foundation/analysis#hasAnalyzesTarget'>
      <failure>
        Asserted in
        http://opencaesar.io/examples/firesat/programs/earth-science/projects/firesat/bundle/properties.
      </failure>
    </testcase>
    <testcase name='http://imce.jpl.nasa.gov/foundation/analysis#hasConstrainsSource subproperty of http://imce.jpl.nasa.gov/foundation/analysis#hasConstrainsSource'>
      <failure>
        Asserted in
        http://opencaesar.io/examples/firesat/programs/earth-science/projects/firesat/bundle/properties.
      </failure>
    </testcase>
    <testcase name='http://imce.jpl.nasa.gov/foundation/analysis#hasConstrainsTarget subproperty of http://imce.jpl.nasa.gov/foundation/analysis#hasConstrainsTarget'>
      <failure>
        Asserted in
        http://opencaesar.io/examples/firesat/programs/earth-science/projects/firesat/bundle/properties.
      </failure>
    </testcase>
    <testcase name='http://imce.jpl.nasa.gov/foundation/analysis#hasLimitsSource subproperty of http://imce.jpl.nasa.gov/foundation/analysis#hasLimitsSource'>
      <failure>
        Asserted in
        http://opencaesar.io/examples/firesat/programs/earth-science/projects/firesat/bundle/properties.
      </failure>
    </testcase>
    <testcase name='http://imce.jpl.nasa.gov/foundation/analysis#hasLimitsTarget subproperty of http://imce.jpl.nasa.gov/foundation/analysis#hasLimitsTarget'>
      <failure>
        Asserted in
        http://opencaesar.io/examples/firesat/programs/earth-science/projects/firesat/bundle/properties.
      </failure>
    </testcase>
    <testcase name='http://imce.jpl.nasa.gov/foundation/analysis#hasValidatesSource subproperty of http://imce.jpl.nasa.gov/foundation/analysis#hasValidatesSource'>
      <failure>
        Asserted in
        http://opencaesar.io/examples/firesat/programs/earth-science/projects/firesat/bundle/properties.
      </failure>
    </testcase>
    <testcase name='http://imce.jpl.nasa.gov/foundation/analysis#hasValidatesTarget subproperty of http://imce.jpl.nasa.gov/foundation/analysis#hasValidatesTarget'>
      <failure>
        Asserted in
        http://opencaesar.io/examples/firesat/programs/earth-science/projects/firesat/bundle/properties.
      </failure>
    </testcase>
    <testcase name='http://imce.jpl.nasa.gov/foundation/analysis#isAnalyzedBy subproperty of http://imce.jpl.nasa.gov/foundation/analysis#isAnalyzedBy'>
      <failure>
        Asserted in
        http://opencaesar.io/examples/firesat/programs/earth-science/projects/firesat/bundle/properties.
      </failure>
    </testcase>
    <testcase name='http://imce.jpl.nasa.gov/foundation/analysis#isCharacterizedBy subproperty of http://imce.jpl.nasa.gov/foundation/analysis#isCharacterizedBy'>
      <failure>
        Asserted in
        http://opencaesar.io/examples/firesat/programs/earth-science/projects/firesat/bundle/properties.
      </failure>
    </testcase>
    <testcase name='http://imce.jpl.nasa.gov/foundation/analysis#isExplainedBy subproperty of http://imce.jpl.nasa.gov/foundation/analysis#isExplainedBy'>
      <failure>
        Asserted in
        http://opencaesar.io/examples/firesat/programs/earth-science/projects/firesat/bundle/properties.
      </failure>
    </testcase>
    <testcase name='http://imce.jpl.nasa.gov/foundation/analysis#isLimitedBy subproperty of http://imce.jpl.nasa.gov/foundation/analysis#isLimitedBy'>
      <failure>
        Asserted in
        http://opencaesar.io/examples/firesat/programs/earth-science/projects/firesat/bundle/properties.
      </failure>
    </testcase>
    <testcase name='http://imce.jpl.nasa.gov/foundation/analysis#limits subproperty of http://imce.jpl.nasa.gov/foundation/analysis#limits'>
      <failure>
        Asserted in
        http://opencaesar.io/examples/firesat/programs/earth-science/projects/firesat/bundle/properties.
      </failure>
    </testcase>
    <testcase name='http://imce.jpl.nasa.gov/foundation/analysis#isValidatedBy subproperty of http://imce.jpl.nasa.gov/foundation/analysis#isValidatedBy'>
      <failure>
        Asserted in
        http://opencaesar.io/examples/firesat/programs/earth-science/projects/firesat/bundle/properties.
      </failure>
    </testcase>
    <testcase name='http://imce.jpl.nasa.gov/foundation/analysis#validates subproperty of http://imce.jpl.nasa.gov/foundation/analysis#validates'>
      <failure>
        Asserted in
        http://opencaesar.io/examples/firesat/programs/earth-science/projects/firesat/bundle/properties.
      </failure>
    </testcase>
    <testcase name='http://iupac.org/metrology#hasIsQuantityOfSource subproperty of http://iupac.org/metrology#hasIsQuantityOfSource'>
      <failure>
        Asserted in
        http://opencaesar.io/examples/firesat/programs/earth-science/projects/firesat/bundle/properties.
      </failure>
    </testcase>
    <testcase name='http://iupac.org/metrology#hasIsQuantityOfTarget subproperty of http://iupac.org/metrology#hasIsQuantityOfTarget'>
      <failure>
        Asserted in
        http://opencaesar.io/examples/firesat/programs/earth-science/projects/firesat/bundle/properties.
      </failure>
    </testcase>
    <testcase name='http://imce.jpl.nasa.gov/foundation/analysis#hasGlossaryDefinition subproperty of http://imce.jpl.nasa.gov/foundation/analysis#hasGlossaryDefinition'>
      <failure>
        Asserted in
        http://opencaesar.io/examples/firesat/programs/earth-science/projects/firesat/bundle/properties.
      </failure>
    </testcase>
    <testcase name='http://imce.jpl.nasa.gov/foundation/analysis#hasGlossaryTerm subproperty of http://imce.jpl.nasa.gov/foundation/analysis#hasGlossaryTerm'>
      <failure>
        Asserted in
        http://opencaesar.io/examples/firesat/programs/earth-science/projects/firesat/bundle/properties.
      </failure>
    </testcase>
    <testcase name='http://iso.org/80000-5-quantities#celcius-temperature-has-thermodynamic-temperature subproperty of http://iso.org/80000-5-quantities#celcius-temperature-has-thermodynamic-temperature'>
      <failure>
        Asserted in
        http://opencaesar.io/examples/firesat/programs/earth-science/projects/firesat/bundle/properties.
      </failure>
    </testcase>
    <testcase name='http://iso.org/80000-5-quantities#hasCelcius-Temperature-Has-Thermodynamic-TemperatureSource subproperty of http://iso.org/80000-5-quantities#hasCelcius-Temperature-Has-Thermodynamic-TemperatureSource'>
      <failure>
        Asserted in
        http://opencaesar.io/examples/firesat/programs/earth-science/projects/firesat/bundle/properties.
      </failure>
    </testcase>
    <testcase name='http://iso.org/80000-5-quantities#hasCelcius-Temperature-Has-Thermodynamic-TemperatureTarget subproperty of http://iso.org/80000-5-quantities#hasCelcius-Temperature-Has-Thermodynamic-TemperatureTarget'>
      <failure>
        Asserted in
        http://opencaesar.io/examples/firesat/programs/earth-science/projects/firesat/bundle/properties.
      </failure>
    </testcase>
    <testcase name='http://iupac.org/metrology#exponent subproperty of http://iupac.org/metrology#exponent'>
      <failure>
        Asserted in
        http://opencaesar.io/examples/firesat/programs/earth-science/projects/firesat/bundle/properties.
      </failure>
    </testcase>
    <testcase name='http://iupac.org/metrology#hasMagnitude subproperty of http://iupac.org/metrology#hasMagnitude'>
      <failure>
        Asserted in
        http://opencaesar.io/examples/firesat/programs/earth-science/projects/firesat/bundle/properties.
      </failure>
    </testcase>
    <testcase name='http://iupac.org/metrology#isDimensionlessQuantity subproperty of http://iupac.org/metrology#isDimensionlessQuantity'>
      <failure>
        Asserted in
        http://opencaesar.io/examples/firesat/programs/earth-science/projects/firesat/bundle/properties.
      </failure>
    </testcase>
    <testcase name='http://imce.jpl.nasa.gov/foundation/mission#presents subproperty of http://imce.jpl.nasa.gov/foundation/mission#presents'>
      <failure>
        Asserted in
        http://opencaesar.io/examples/firesat/programs/earth-science/projects/firesat/bundle/properties.
      </failure>
    </testcase>
    <testcase name='http://imce.jpl.nasa.gov/discipline/fse/fse#hasEndCircuitIdentifier subproperty of http://imce.jpl.nasa.gov/discipline/fse/fse#hasEndCircuitIdentifier'>
      <failure>
        Asserted in
        http://opencaesar.io/examples/firesat/programs/earth-science/projects/firesat/bundle/properties.
      </failure>
    </testcase>
    <testcase name='http://iso.org/80000-5-units#degreeCelcius-has-kelvin subproperty of http://iso.org/80000-5-units#degreeCelcius-has-kelvin'>
      <failure>
        Asserted in
        http://opencaesar.io/examples/firesat/programs/earth-science/projects/firesat/bundle/properties.
      </failure>
    </testcase>
    <testcase name='http://iso.org/80000-5-units#hasDegreeCelcius-Has-KelvinSource subproperty of http://iso.org/80000-5-units#hasDegreeCelcius-Has-KelvinSource'>
      <failure>
        Asserted in
        http://opencaesar.io/examples/firesat/programs/earth-science/projects/firesat/bundle/properties.
      </failure>
    </testcase>
    <testcase name='http://iso.org/80000-5-units#hasDegreeCelcius-Has-KelvinTarget subproperty of http://iso.org/80000-5-units#hasDegreeCelcius-Has-KelvinTarget'>
      <failure>
        Asserted in
        http://opencaesar.io/examples/firesat/programs/earth-science/projects/firesat/bundle/properties.
      </failure>
    </testcase>
    <testcase name='http://iupac.org/metrology#isDimensionlessMeasurementUnit subproperty of http://iupac.org/metrology#isDimensionlessMeasurementUnit'>
      <failure>
        Asserted in
        http://opencaesar.io/examples/firesat/programs/earth-science/projects/firesat/bundle/properties.
      </failure>
    </testcase>
    <testcase name='http://iupac.org/metrology#hasSystemHasUnitaryQuantitySource subproperty of http://iupac.org/metrology#hasSystemHasUnitaryQuantitySource'>
      <failure>
        Asserted in
        http://opencaesar.io/examples/firesat/programs/earth-science/projects/firesat/bundle/properties.
      </failure>
    </testcase>
    <testcase name='http://iupac.org/metrology#hasSystemHasUnitaryQuantityTarget subproperty of http://iupac.org/metrology#hasSystemHasUnitaryQuantityTarget'>
      <failure>
        Asserted in
        http://opencaesar.io/examples/firesat/programs/earth-science/projects/firesat/bundle/properties.
      </failure>
    </testcase>
    <testcase name='http://iupac.org/metrology#isBaseQuantity subproperty of http://iupac.org/metrology#isBaseQuantity'>
      <failure>
        Asserted in
        http://opencaesar.io/examples/firesat/programs/earth-science/projects/firesat/bundle/properties.
      </failure>
    </testcase>
    <testcase name='http://iupac.org/metrology#hasSystemHasMetrologicalUnitSource subproperty of http://iupac.org/metrology#hasSystemHasMetrologicalUnitSource'>
      <failure>
        Asserted in
        http://opencaesar.io/examples/firesat/programs/earth-science/projects/firesat/bundle/properties.
      </failure>
    </testcase>
    <testcase name='http://iupac.org/metrology#hasSystemHasMetrologicalUnitTarget subproperty of http://iupac.org/metrology#hasSystemHasMetrologicalUnitTarget'>
      <failure>
        Asserted in
        http://opencaesar.io/examples/firesat/programs/earth-science/projects/firesat/bundle/properties.
      </failure>
    </testcase>
    <testcase name='http://iupac.org/metrology#isBaseMetrologicalUnit subproperty of http://iupac.org/metrology#isBaseMetrologicalUnit'>
      <failure>
        Asserted in
        http://opencaesar.io/examples/firesat/programs/earth-science/projects/firesat/bundle/properties.
      </failure>
    </testcase>
    <testcase name='http://iso.org/80000-3-quantities#angular-measure-has-arc-length subproperty of http://iso.org/80000-3-quantities#angular-measure-has-arc-length'>
      <failure>
        Asserted in
        http://opencaesar.io/examples/firesat/programs/earth-science/projects/firesat/bundle/properties.
      </failure>
    </testcase>
    <testcase name='http://iso.org/80000-3-quantities#angular-measure-has-radius subproperty of http://iso.org/80000-3-quantities#angular-measure-has-radius'>
      <failure>
        Asserted in
        http://opencaesar.io/examples/firesat/programs/earth-science/projects/firesat/bundle/properties.
      </failure>
    </testcase>
    <testcase name='http://iso.org/80000-3-quantities#frequency-has-period-duration subproperty of http://iso.org/80000-3-quantities#frequency-has-period-duration'>
      <failure>
        Asserted in
        http://opencaesar.io/examples/firesat/programs/earth-science/projects/firesat/bundle/properties.
      </failure>
    </testcase>
    <testcase name='http://iso.org/80000-3-quantities#hasAngular-Measure-Has-Arc-LengthSource subproperty of http://iso.org/80000-3-quantities#hasAngular-Measure-Has-Arc-LengthSource'>
      <failure>
        Asserted in
        http://opencaesar.io/examples/firesat/programs/earth-science/projects/firesat/bundle/properties.
      </failure>
    </testcase>
    <testcase name='http://iso.org/80000-3-quantities#hasAngular-Measure-Has-Arc-LengthTarget subproperty of http://iso.org/80000-3-quantities#hasAngular-Measure-Has-Arc-LengthTarget'>
      <failure>
        Asserted in
        http://opencaesar.io/examples/firesat/programs/earth-science/projects/firesat/bundle/properties.
      </failure>
    </testcase>
    <testcase name='http://iso.org/80000-3-quantities#hasAngular-Measure-Has-RadiusSource subproperty of http://iso.org/80000-3-quantities#hasAngular-Measure-Has-RadiusSource'>
      <failure>
        Asserted in
        http://opencaesar.io/examples/firesat/programs/earth-science/projects/firesat/bundle/properties.
      </failure>
    </testcase>
    <testcase name='http://iso.org/80000-3-quantities#hasAngular-Measure-Has-RadiusTarget subproperty of http://iso.org/80000-3-quantities#hasAngular-Measure-Has-RadiusTarget'>
      <failure>
        Asserted in
        http://opencaesar.io/examples/firesat/programs/earth-science/projects/firesat/bundle/properties.
      </failure>
    </testcase>
    <testcase name='http://iso.org/80000-3-quantities#hasFrequency-Has-Period-DurationSource subproperty of http://iso.org/80000-3-quantities#hasFrequency-Has-Period-DurationSource'>
      <failure>
        Asserted in
        http://opencaesar.io/examples/firesat/programs/earth-science/projects/firesat/bundle/properties.
      </failure>
    </testcase>
    <testcase name='http://iso.org/80000-3-quantities#hasFrequency-Has-Period-DurationTarget subproperty of http://iso.org/80000-3-quantities#hasFrequency-Has-Period-DurationTarget'>
      <failure>
        Asserted in
        http://opencaesar.io/examples/firesat/programs/earth-science/projects/firesat/bundle/properties.
      </failure>
    </testcase>
    <testcase name='http://iso.org/80000-3-quantities#hasRotation-Has-Rotational-DisplacementSource subproperty of http://iso.org/80000-3-quantities#hasRotation-Has-Rotational-DisplacementSource'>
      <failure>
        Asserted in
        http://opencaesar.io/examples/firesat/programs/earth-science/projects/firesat/bundle/properties.
      </failure>
    </testcase>
    <testcase name='http://iso.org/80000-3-quantities#hasRotation-Has-Rotational-DisplacementTarget subproperty of http://iso.org/80000-3-quantities#hasRotation-Has-Rotational-DisplacementTarget'>
      <failure>
        Asserted in
        http://opencaesar.io/examples/firesat/programs/earth-science/projects/firesat/bundle/properties.
      </failure>
    </testcase>
    <testcase name='http://iso.org/80000-3-quantities#hasRotational-Displacement-Has-DistanceSource subproperty of http://iso.org/80000-3-quantities#hasRotational-Displacement-Has-DistanceSource'>
      <failure>
        Asserted in
        http://opencaesar.io/examples/firesat/programs/earth-science/projects/firesat/bundle/properties.
      </failure>
    </testcase>
    <testcase name='http://iso.org/80000-3-quantities#hasRotational-Displacement-Has-DistanceTarget subproperty of http://iso.org/80000-3-quantities#hasRotational-Displacement-Has-DistanceTarget'>
      <failure>
        Asserted in
        http://opencaesar.io/examples/firesat/programs/earth-science/projects/firesat/bundle/properties.
      </failure>
    </testcase>
    <testcase name='http://iso.org/80000-3-quantities#hasRotational-Displacement-Has-Path-LengthSource subproperty of http://iso.org/80000-3-quantities#hasRotational-Displacement-Has-Path-LengthSource'>
      <failure>
        Asserted in
        http://opencaesar.io/examples/firesat/programs/earth-science/projects/firesat/bundle/properties.
      </failure>
    </testcase>
    <testcase name='http://iso.org/80000-3-quantities#hasRotational-Displacement-Has-Path-LengthTarget subproperty of http://iso.org/80000-3-quantities#hasRotational-Displacement-Has-Path-LengthTarget'>
      <failure>
        Asserted in
        http://opencaesar.io/examples/firesat/programs/earth-science/projects/firesat/bundle/properties.
      </failure>
    </testcase>
    <testcase name='http://iso.org/80000-3-quantities#hasRotational-Frequency-Has-DurationSource subproperty of http://iso.org/80000-3-quantities#hasRotational-Frequency-Has-DurationSource'>
      <failure>
        Asserted in
        http://opencaesar.io/examples/firesat/programs/earth-science/projects/firesat/bundle/properties.
      </failure>
    </testcase>
    <testcase name='http://iso.org/80000-3-quantities#hasRotational-Frequency-Has-DurationTarget subproperty of http://iso.org/80000-3-quantities#hasRotational-Frequency-Has-DurationTarget'>
      <failure>
        Asserted in
        http://opencaesar.io/examples/firesat/programs/earth-science/projects/firesat/bundle/properties.
      </failure>
    </testcase>
    <testcase name='http://iso.org/80000-3-quantities#hasRotational-Frequency-Has-RotationSource subproperty of http://iso.org/80000-3-quantities#hasRotational-Frequency-Has-RotationSource'>
      <failure>
        Asserted in
        http://opencaesar.io/examples/firesat/programs/earth-science/projects/firesat/bundle/properties.
      </failure>
    </testcase>
    <testcase name='http://iso.org/80000-3-quantities#hasRotational-Frequency-Has-RotationTarget subproperty of http://iso.org/80000-3-quantities#hasRotational-Frequency-Has-RotationTarget'>
      <failure>
        Asserted in
        http://opencaesar.io/examples/firesat/programs/earth-science/projects/firesat/bundle/properties.
      </failure>
    </testcase>
    <testcase name='http://iso.org/80000-3-quantities#hasVelocity-Has-DurationSource subproperty of http://iso.org/80000-3-quantities#hasVelocity-Has-DurationSource'>
      <failure>
        Asserted in
        http://opencaesar.io/examples/firesat/programs/earth-science/projects/firesat/bundle/properties.
      </failure>
    </testcase>
    <testcase name='http://iso.org/80000-3-quantities#hasVelocity-Has-DurationTarget subproperty of http://iso.org/80000-3-quantities#hasVelocity-Has-DurationTarget'>
      <failure>
        Asserted in
        http://opencaesar.io/examples/firesat/programs/earth-science/projects/firesat/bundle/properties.
      </failure>
    </testcase>
    <testcase name='http://iso.org/80000-3-quantities#hasVelocity-Has-Position-VectorSource subproperty of http://iso.org/80000-3-quantities#hasVelocity-Has-Position-VectorSource'>
      <failure>
        Asserted in
        http://opencaesar.io/examples/firesat/programs/earth-science/projects/firesat/bundle/properties.
      </failure>
    </testcase>
    <testcase name='http://iso.org/80000-3-quantities#hasVelocity-Has-Position-VectorTarget subproperty of http://iso.org/80000-3-quantities#hasVelocity-Has-Position-VectorTarget'>
      <failure>
        Asserted in
        http://opencaesar.io/examples/firesat/programs/earth-science/projects/firesat/bundle/properties.
      </failure>
    </testcase>
    <testcase name='http://iso.org/80000-3-quantities#rotation-has-rotational-displacement subproperty of http://iso.org/80000-3-quantities#rotation-has-rotational-displacement'>
      <failure>
        Asserted in
        http://opencaesar.io/examples/firesat/programs/earth-science/projects/firesat/bundle/properties.
      </failure>
    </testcase>
    <testcase name='http://iso.org/80000-3-quantities#rotational-displacement-has-distance subproperty of http://iso.org/80000-3-quantities#rotational-displacement-has-distance'>
      <failure>
        Asserted in
        http://opencaesar.io/examples/firesat/programs/earth-science/projects/firesat/bundle/properties.
      </failure>
    </testcase>
    <testcase name='http://iso.org/80000-3-quantities#rotational-displacement-has-path-length subproperty of http://iso.org/80000-3-quantities#rotational-displacement-has-path-length'>
      <failure>
        Asserted in
        http://opencaesar.io/examples/firesat/programs/earth-science/projects/firesat/bundle/properties.
      </failure>
    </testcase>
    <testcase name='http://iso.org/80000-3-quantities#rotational-frequency-has-duration subproperty of http://iso.org/80000-3-quantities#rotational-frequency-has-duration'>
      <failure>
        Asserted in
        http://opencaesar.io/examples/firesat/programs/earth-science/projects/firesat/bundle/properties.
      </failure>
    </testcase>
    <testcase name='http://iso.org/80000-3-quantities#rotational-frequency-has-rotation subproperty of http://iso.org/80000-3-quantities#rotational-frequency-has-rotation'>
      <failure>
        Asserted in
        http://opencaesar.io/examples/firesat/programs/earth-science/projects/firesat/bundle/properties.
      </failure>
    </testcase>
    <testcase name='http://iso.org/80000-3-quantities#velocity-has-duration subproperty of http://iso.org/80000-3-quantities#velocity-has-duration'>
      <failure>
        Asserted in
        http://opencaesar.io/examples/firesat/programs/earth-science/projects/firesat/bundle/properties.
      </failure>
    </testcase>
    <testcase name='http://iso.org/80000-3-quantities#velocity-has-position-vector subproperty of http://iso.org/80000-3-quantities#velocity-has-position-vector'>
      <failure>
        Asserted in
        http://opencaesar.io/examples/firesat/programs/earth-science/projects/firesat/bundle/properties.
      </failure>
    </testcase>
    <testcase name='http://www.w3.org/2002/07/owl#sameAs subproperty of http://www.w3.org/2002/07/owl#sameAs'>
      <failure>
        Asserted in
        http://opencaesar.io/examples/firesat/programs/earth-science/projects/firesat/bundle/properties.
      </failure>
    </testcase>
    <testcase name='http://iso.org/80000-4-units#hasWatt-Has-NewtonSource subproperty of http://iso.org/80000-4-units#hasWatt-Has-NewtonSource'>
      <failure>
        Asserted in
        http://opencaesar.io/examples/firesat/programs/earth-science/projects/firesat/bundle/properties.
      </failure>
    </testcase>
    <testcase name='http://iso.org/80000-6-quantities#hasResistance-Has-Electric-PotentialTarget subproperty of http://iso.org/80000-6-quantities#hasResistance-Has-Electric-PotentialTarget'>
      <failure>
        Asserted in
        http://opencaesar.io/examples/firesat/programs/earth-science/projects/firesat/bundle/properties.
      </failure>
    </testcase>
    <testcase name='http://imce.jpl.nasa.gov/foundation/project#interchangesThrough subproperty of http://imce.jpl.nasa.gov/foundation/project#interchangesThrough'>
      <failure>
        Asserted in
        http://opencaesar.io/examples/firesat/programs/earth-science/projects/firesat/bundle/properties.
      </failure>
    </testcase>
    <testcase name='http://imce.jpl.nasa.gov/foundation/project#isInterchangePointFor subproperty of http://imce.jpl.nasa.gov/foundation/project#isInterchangePointFor'>
      <failure>
        Asserted in
        http://opencaesar.io/examples/firesat/programs/earth-science/projects/firesat/bundle/properties.
      </failure>
    </testcase>
    <testcase name='http://imce.jpl.nasa.gov/foundation/project#describes subproperty of http://imce.jpl.nasa.gov/foundation/project#describes'>
      <failure>
        Asserted in
        http://opencaesar.io/examples/firesat/programs/earth-science/projects/firesat/bundle/properties.
      </failure>
    </testcase>
    <testcase name='http://imce.jpl.nasa.gov/foundation/project#isDescribedBy subproperty of http://imce.jpl.nasa.gov/foundation/project#isDescribedBy'>
      <failure>
        Asserted in
        http://opencaesar.io/examples/firesat/programs/earth-science/projects/firesat/bundle/properties.
      </failure>
    </testcase>
    <testcase name='http://iso.org/80000-6-units#hasNewton-Per-Coulomb-Has-NewtonSource subproperty of http://iso.org/80000-6-units#hasNewton-Per-Coulomb-Has-NewtonSource'>
      <failure>
        Asserted in
        http://opencaesar.io/examples/firesat/programs/earth-science/projects/firesat/bundle/properties.
      </failure>
    </testcase>
    <testcase name='http://imce.jpl.nasa.gov/foundation/project#delivers subproperty of http://imce.jpl.nasa.gov/foundation/project#delivers'>
      <failure>
        Asserted in
        http://opencaesar.io/examples/firesat/programs/earth-science/projects/firesat/bundle/properties.
      </failure>
    </testcase>
    <testcase name='http://imce.jpl.nasa.gov/foundation/project#isDeliveredBy subproperty of http://imce.jpl.nasa.gov/foundation/project#isDeliveredBy'>
      <failure>
        Asserted in
        http://opencaesar.io/examples/firesat/programs/earth-science/projects/firesat/bundle/properties.
      </failure>
    </testcase>
    <testcase name='http://imce.jpl.nasa.gov/foundation/mission#hasInducesTarget subproperty of http://imce.jpl.nasa.gov/foundation/mission#hasInducesTarget'>
      <failure>
        Asserted in
        http://opencaesar.io/examples/firesat/programs/earth-science/projects/firesat/bundle/properties.
      </failure>
    </testcase>
    <testcase name='http://iupac.org/metrology#hasFactorForMeasurementUnit subproperty of http://iupac.org/metrology#hasFactorForMeasurementUnit'>
      <failure>
        Asserted in
        http://opencaesar.io/examples/firesat/programs/earth-science/projects/firesat/bundle/properties.
      </failure>
    </testcase>
    <testcase name='http://imce.jpl.nasa.gov/foundation/project#hasHasResponsibilityForSource subproperty of http://imce.jpl.nasa.gov/foundation/project#hasHasResponsibilityForSource'>
      <failure>
        Asserted in
        http://opencaesar.io/examples/firesat/programs/earth-science/projects/firesat/bundle/properties.
      </failure>
    </testcase>
    <testcase name='http://imce.jpl.nasa.gov/foundation/mission#involves2 subproperty of http://imce.jpl.nasa.gov/foundation/mission#involves2'>
      <failure>
        Asserted in
        http://opencaesar.io/examples/firesat/programs/earth-science/projects/firesat/bundle/properties.
      </failure>
    </testcase>
    <testcase name='http://imce.jpl.nasa.gov/foundation/mission#isInvolvedIn2 subproperty of http://imce.jpl.nasa.gov/foundation/mission#isInvolvedIn2'>
      <failure>
        Asserted in
        http://opencaesar.io/examples/firesat/programs/earth-science/projects/firesat/bundle/properties.
      </failure>
    </testcase>
    <testcase name='http://imce.jpl.nasa.gov/foundation/mission#hasInvolvesTarget subproperty of http://imce.jpl.nasa.gov/foundation/mission#hasInvolvesTarget'>
      <failure>
        Asserted in
        http://opencaesar.io/examples/firesat/programs/earth-science/projects/firesat/bundle/properties.
      </failure>
    </testcase>
    <testcase name='http://imce.jpl.nasa.gov/foundation/mission#hasInvolves2Target subproperty of http://imce.jpl.nasa.gov/foundation/mission#hasInvolvesTarget'>
      <failure>
        Asserted in
        http://opencaesar.io/examples/firesat/programs/earth-science/projects/firesat/bundle/properties, http://imce.jpl.nasa.gov/foundation/mission.
      </failure>
    </testcase>
    <testcase name='http://imce.jpl.nasa.gov/foundation/mission#hasInvolves1Target subproperty of http://imce.jpl.nasa.gov/foundation/mission#hasInvolvesTarget'>
      <failure>
        Asserted in
        http://opencaesar.io/examples/firesat/programs/earth-science/projects/firesat/bundle/properties, http://imce.jpl.nasa.gov/foundation/mission.
      </failure>
    </testcase>
    <testcase name='http://imce.jpl.nasa.gov/foundation/project#isAssignedTo subproperty of http://imce.jpl.nasa.gov/foundation/project#isAssignedTo'>
      <failure>
        Asserted in
        http://opencaesar.io/examples/firesat/programs/earth-science/projects/firesat/bundle/properties.
      </failure>
    </testcase>
    <testcase name='http://imce.jpl.nasa.gov/foundation/project#hasAssignment subproperty of http://imce.jpl.nasa.gov/foundation/project#hasAssignment'>
      <failure>
        Asserted in
        http://opencaesar.io/examples/firesat/programs/earth-science/projects/firesat/bundle/properties.
      </failure>
    </testcase>
    <testcase name='http://iso.org/80000-4-quantities#hasPower-Has-ForceTarget subproperty of http://iso.org/80000-4-quantities#hasPower-Has-ForceTarget'>
      <failure>
        Asserted in
        http://opencaesar.io/examples/firesat/programs/earth-science/projects/firesat/bundle/properties.
      </failure>
    </testcase>
    <testcase name='http://imce.jpl.nasa.gov/foundation/project#hasReceivesSource subproperty of http://imce.jpl.nasa.gov/foundation/project#hasReceivesSource'>
      <failure>
        Asserted in
        http://opencaesar.io/examples/firesat/programs/earth-science/projects/firesat/bundle/properties.
      </failure>
    </testcase>
    <testcase name='http://iso.org/80000-4-quantities#power-has-velocity subproperty of http://iso.org/80000-4-quantities#power-has-velocity'>
      <failure>
        Asserted in
        http://opencaesar.io/examples/firesat/programs/earth-science/projects/firesat/bundle/properties.
      </failure>
    </testcase>
    <testcase name='http://imce.jpl.nasa.gov/foundation/project#hasPreparesTarget subproperty of http://imce.jpl.nasa.gov/foundation/project#hasPreparesTarget'>
      <failure>
        Asserted in
        http://opencaesar.io/examples/firesat/programs/earth-science/projects/firesat/bundle/properties.
      </failure>
    </testcase>
    <testcase name='http://imce.jpl.nasa.gov/foundation/project#hasApprovesTarget subproperty of http://imce.jpl.nasa.gov/foundation/project#hasApprovesTarget'>
      <failure>
        Asserted in
        http://opencaesar.io/examples/firesat/programs/earth-science/projects/firesat/bundle/properties.
      </failure>
    </testcase>
    <testcase name='http://iso.org/80000-4-quantities#hasForce-Has-MomentumTarget subproperty of http://iso.org/80000-4-quantities#hasForce-Has-MomentumTarget'>
      <failure>
        Asserted in
        http://opencaesar.io/examples/firesat/programs/earth-science/projects/firesat/bundle/properties.
      </failure>
    </testcase>
    <testcase name='http://imce.jpl.nasa.gov/foundation/mission#hasSpecifiesTarget subproperty of http://imce.jpl.nasa.gov/foundation/mission#hasSpecifiesTarget'>
      <failure>
        Asserted in
        http://opencaesar.io/examples/firesat/programs/earth-science/projects/firesat/bundle/properties.
      </failure>
    </testcase>
    <testcase name='http://imce.jpl.nasa.gov/foundation/mission#hasInterchangesThroughTarget subproperty of http://imce.jpl.nasa.gov/foundation/mission#hasInterchangesThroughTarget'>
      <failure>
        Asserted in
        http://opencaesar.io/examples/firesat/programs/earth-science/projects/firesat/bundle/properties.
      </failure>
    </testcase>
    <testcase name='http://iso.org/80000-4-units#watt-has-metre-per-second subproperty of http://iso.org/80000-4-units#watt-has-metre-per-second'>
      <failure>
        Asserted in
        http://opencaesar.io/examples/firesat/programs/earth-science/projects/firesat/bundle/properties.
      </failure>
    </testcase>
    <testcase name='http://iso.org/80000-3-units#hasHertz-Has-SecondTarget subproperty of http://iso.org/80000-3-units#hasHertz-Has-SecondTarget'>
      <failure>
        Asserted in
        http://opencaesar.io/examples/firesat/programs/earth-science/projects/firesat/bundle/properties.
      </failure>
    </testcase>
    <testcase name='http://iso.org/80000-6-quantities#electric-field-strength-has-electric-charge subproperty of http://iso.org/80000-6-quantities#electric-field-strength-has-electric-charge'>
      <failure>
        Asserted in
        http://opencaesar.io/examples/firesat/programs/earth-science/projects/firesat/bundle/properties.
      </failure>
    </testcase>
    <testcase name='http://imce.jpl.nasa.gov/foundation/mission#hasRefinesTarget subproperty of http://imce.jpl.nasa.gov/foundation/mission#hasRefinesTarget'>
      <failure>
        Asserted in
        http://opencaesar.io/examples/firesat/programs/earth-science/projects/firesat/bundle/properties.
      </failure>
    </testcase>
    <testcase name='http://iso.org/80000-6-quantities#hasResistance-Has-Electric-CurrentTarget subproperty of http://iso.org/80000-6-quantities#hasResistance-Has-Electric-CurrentTarget'>
      <failure>
        Asserted in
        http://opencaesar.io/examples/firesat/programs/earth-science/projects/firesat/bundle/properties.
      </failure>
    </testcase>
    <testcase name='http://iupac.org/metrology#hasQuantity subproperty of http://iupac.org/metrology#hasQuantity'>
      <failure>
        Asserted in
        http://opencaesar.io/examples/firesat/programs/earth-science/projects/firesat/bundle/properties.
      </failure>
    </testcase>
    <testcase name='http://iso.org/80000-4-units#newton-millisecond-has-millisecond subproperty of http://iso.org/80000-4-units#newton-millisecond-has-millisecond'>
      <failure>
        Asserted in
        http://opencaesar.io/examples/firesat/programs/earth-science/projects/firesat/bundle/properties.
      </failure>
    </testcase>
    <testcase name='http://imce.jpl.nasa.gov/foundation/mission#hasReceivesSource subproperty of http://imce.jpl.nasa.gov/foundation/mission#hasReceivesSource'>
      <failure>
        Asserted in
        http://opencaesar.io/examples/firesat/programs/earth-science/projects/firesat/bundle/properties.
      </failure>
    </testcase>
    <testcase name='http://iso.org/80000-3-units#hasRevolution-Has-RadianTarget subproperty of http://iso.org/80000-3-units#hasRevolution-Has-RadianTarget'>
      <failure>
        Asserted in
        http://opencaesar.io/examples/firesat/programs/earth-science/projects/firesat/bundle/properties.
      </failure>
    </testcase>
    <testcase name='http://iso.org/80000-3-units#hasMetre-Per-Second-Has-MetreTarget subproperty of http://iso.org/80000-3-units#hasMetre-Per-Second-Has-MetreTarget'>
      <failure>
        Asserted in
        http://opencaesar.io/examples/firesat/programs/earth-science/projects/firesat/bundle/properties.
      </failure>
    </testcase>
    <testcase name='http://imce.jpl.nasa.gov/foundation/project#hasInvolves1Target subproperty of http://imce.jpl.nasa.gov/foundation/project#hasInvolves1Target'>
      <failure>
        Asserted in
        http://opencaesar.io/examples/firesat/programs/earth-science/projects/firesat/bundle/properties.
      </failure>
    </testcase>
    <testcase name='http://imce.jpl.nasa.gov/foundation/project#isInvolvedIn1 subproperty of http://imce.jpl.nasa.gov/foundation/project#isInvolvedIn1'>
      <failure>
        Asserted in
        http://opencaesar.io/examples/firesat/programs/earth-science/projects/firesat/bundle/properties.
      </failure>
    </testcase>
    <testcase name='http://imce.jpl.nasa.gov/foundation/project#involves1 subproperty of http://imce.jpl.nasa.gov/foundation/project#involves1'>
      <failure>
        Asserted in
        http://opencaesar.io/examples/firesat/programs/earth-science/projects/firesat/bundle/properties.
      </failure>
    </testcase>
    <testcase name='http://imce.jpl.nasa.gov/foundation/mission#traverses subproperty of http://imce.jpl.nasa.gov/foundation/mission#traverses'>
      <failure>
        Asserted in
        http://opencaesar.io/examples/firesat/programs/earth-science/projects/firesat/bundle/properties.
      </failure>
    </testcase>
    <testcase name='http://imce.jpl.nasa.gov/foundation/mission#isTraversedBy subproperty of http://imce.jpl.nasa.gov/foundation/mission#isTraversedBy'>
      <failure>
        Asserted in
        http://opencaesar.io/examples/firesat/programs/earth-science/projects/firesat/bundle/properties.
      </failure>
    </testcase>
    <testcase name='http://imce.jpl.nasa.gov/foundation/project#hasReliesOnSource subproperty of http://imce.jpl.nasa.gov/foundation/project#hasReliesOnSource'>
      <failure>
        Asserted in
        http://opencaesar.io/examples/firesat/programs/earth-science/projects/firesat/bundle/properties.
      </failure>
    </testcase>
    <testcase name='http://iupac.org/metrology#systemHasMetrologicalUnit subproperty of http://iupac.org/metrology#systemHasMetrologicalUnit'>
      <failure>
        Asserted in
        http://opencaesar.io/examples/firesat/programs/earth-science/projects/firesat/bundle/properties.
      </failure>
    </testcase>
    <testcase name='http://imce.jpl.nasa.gov/foundation/mission#transfersIn subproperty of http://imce.jpl.nasa.gov/foundation/mission#transfersIn'>
      <failure>
        Asserted in
        http://opencaesar.io/examples/firesat/programs/earth-science/projects/firesat/bundle/properties.
      </failure>
    </testcase>
    <testcase name='http://imce.jpl.nasa.gov/foundation/project#hasHasParticipantTarget subproperty of http://imce.jpl.nasa.gov/foundation/project#hasHasParticipantTarget'>
      <failure>
        Asserted in
        http://opencaesar.io/examples/firesat/programs/earth-science/projects/firesat/bundle/properties.
      </failure>
    </testcase>
    <testcase name='http://imce.jpl.nasa.gov/foundation/project#hasDelegatesToTarget subproperty of http://imce.jpl.nasa.gov/foundation/project#hasDelegatesToTarget'>
      <failure>
        Asserted in
        http://opencaesar.io/examples/firesat/programs/earth-science/projects/firesat/bundle/properties.
      </failure>
    </testcase>
    <testcase name='http://imce.jpl.nasa.gov/foundation/project#hasParticipant subproperty of http://imce.jpl.nasa.gov/foundation/project#hasParticipant'>
      <failure>
        Asserted in
        http://opencaesar.io/examples/firesat/programs/earth-science/projects/firesat/bundle/properties.
      </failure>
    </testcase>
    <testcase name='http://imce.jpl.nasa.gov/foundation/project#participatesIn subproperty of http://imce.jpl.nasa.gov/foundation/project#participatesIn'>
      <failure>
        Asserted in
        http://opencaesar.io/examples/firesat/programs/earth-science/projects/firesat/bundle/properties.
      </failure>
    </testcase>
    <testcase name='http://iso.org/80000-6-units#hasVolt-Has-Newton-Per-CoulombSource subproperty of http://iso.org/80000-6-units#hasVolt-Has-Newton-Per-CoulombSource'>
      <failure>
        Asserted in
        http://opencaesar.io/examples/firesat/programs/earth-science/projects/firesat/bundle/properties.
      </failure>
    </testcase>
    <testcase name='http://imce.jpl.nasa.gov/foundation/mission#hasTransfersSource subproperty of http://imce.jpl.nasa.gov/foundation/mission#hasTransfersSource'>
      <failure>
        Asserted in
        http://opencaesar.io/examples/firesat/programs/earth-science/projects/firesat/bundle/properties.
      </failure>
    </testcase>
    <testcase name='http://imce.jpl.nasa.gov/foundation/mission#hasTransfersOutSource subproperty of http://imce.jpl.nasa.gov/foundation/mission#hasTransfersSource'>
      <failure>
        Asserted in
        http://opencaesar.io/examples/firesat/programs/earth-science/projects/firesat/bundle/properties, http://imce.jpl.nasa.gov/foundation/mission.
      </failure>
    </testcase>
    <testcase name='http://imce.jpl.nasa.gov/foundation/mission#hasTransfersInSource subproperty of http://imce.jpl.nasa.gov/foundation/mission#hasTransfersSource'>
      <failure>
        Asserted in
        http://opencaesar.io/examples/firesat/programs/earth-science/projects/firesat/bundle/properties, http://imce.jpl.nasa.gov/foundation/mission.
      </failure>
    </testcase>
    <testcase name='http://iupac.org/metrology#nonCoherentDerivedMeasurementUnitOf subproperty of http://iupac.org/metrology#nonCoherentDerivedMeasurementUnitOf'>
      <failure>
        Asserted in
        http://opencaesar.io/examples/firesat/programs/earth-science/projects/firesat/bundle/properties.
      </failure>
    </testcase>
    <testcase name='http://imce.jpl.nasa.gov/discipline/fse/fse#connectsAssembly subproperty of http://imce.jpl.nasa.gov/discipline/fse/fse#connectsAssembly'>
      <failure>
        Asserted in
        http://opencaesar.io/examples/firesat/programs/earth-science/projects/firesat/bundle/properties.
      </failure>
    </testcase>
    <testcase name='http://imce.jpl.nasa.gov/foundation/mission#hasInvolves2Target subproperty of http://imce.jpl.nasa.gov/foundation/mission#hasInvolves2Target'>
      <failure>
        Asserted in
        http://opencaesar.io/examples/firesat/programs/earth-science/projects/firesat/bundle/properties.
      </failure>
    </testcase>
    <testcase name='http://imce.jpl.nasa.gov/foundation/mission#hasDeploysTarget subproperty of http://imce.jpl.nasa.gov/foundation/mission#hasDeploysTarget'>
      <failure>
        Asserted in
        http://opencaesar.io/examples/firesat/programs/earth-science/projects/firesat/bundle/properties.
      </failure>
    </testcase>
    <testcase name='http://imce.jpl.nasa.gov/discipline/fse/fse#hasConnectsAssembly2Source subproperty of http://imce.jpl.nasa.gov/discipline/fse/fse#hasConnectsAssembly2Source'>
      <failure>
        Asserted in
        http://opencaesar.io/examples/firesat/programs/earth-science/projects/firesat/bundle/properties.
      </failure>
    </testcase>
    <testcase name='http://imce.jpl.nasa.gov/foundation/project#hasInvokesTarget subproperty of http://imce.jpl.nasa.gov/foundation/project#hasInvokesTarget'>
      <failure>
        Asserted in
        http://opencaesar.io/examples/firesat/programs/earth-science/projects/firesat/bundle/properties.
      </failure>
    </testcase>
    <testcase name='http://iso.org/80000-4-units#newton-has-metre-per-second subproperty of http://iso.org/80000-4-units#newton-has-metre-per-second'>
      <failure>
        Asserted in
        http://opencaesar.io/examples/firesat/programs/earth-science/projects/firesat/bundle/properties.
      </failure>
    </testcase>
    <testcase name='http://imce.jpl.nasa.gov/foundation/mission#deploys subproperty of http://imce.jpl.nasa.gov/foundation/mission#deploys'>
      <failure>
        Asserted in
        http://opencaesar.io/examples/firesat/programs/earth-science/projects/firesat/bundle/properties.
      </failure>
    </testcase>
    <testcase name='http://imce.jpl.nasa.gov/foundation/mission#isDeployedBy subproperty of http://imce.jpl.nasa.gov/foundation/mission#isDeployedBy'>
      <failure>
        Asserted in
        http://opencaesar.io/examples/firesat/programs/earth-science/projects/firesat/bundle/properties.
      </failure>
    </testcase>
    <testcase name='http://imce.jpl.nasa.gov/foundation/project#executes subproperty of http://imce.jpl.nasa.gov/foundation/project#executes'>
      <failure>
        Asserted in
        http://opencaesar.io/examples/firesat/programs/earth-science/projects/firesat/bundle/properties.
      </failure>
    </testcase>
    <testcase name='http://imce.jpl.nasa.gov/foundation/project#isExecutedBy subproperty of http://imce.jpl.nasa.gov/foundation/project#isExecutedBy'>
      <failure>
        Asserted in
        http://opencaesar.io/examples/firesat/programs/earth-science/projects/firesat/bundle/properties.
      </failure>
    </testcase>
    <testcase name='http://imce.jpl.nasa.gov/foundation/mission#emits subproperty of http://imce.jpl.nasa.gov/foundation/mission#emits'>
      <failure>
        Asserted in
        http://opencaesar.io/examples/firesat/programs/earth-science/projects/firesat/bundle/properties.
      </failure>
    </testcase>
    <testcase name='http://imce.jpl.nasa.gov/foundation/mission#isEmittedBy subproperty of http://imce.jpl.nasa.gov/foundation/mission#isEmittedBy'>
      <failure>
        Asserted in
        http://opencaesar.io/examples/firesat/programs/earth-science/projects/firesat/bundle/properties.
      </failure>
    </testcase>
    <testcase name='http://imce.jpl.nasa.gov/foundation/project#isRealizedBy subproperty of http://imce.jpl.nasa.gov/foundation/project#isRealizedBy'>
      <failure>
        Asserted in
        http://opencaesar.io/examples/firesat/programs/earth-science/projects/firesat/bundle/properties.
      </failure>
    </testcase>
    <testcase name='http://imce.jpl.nasa.gov/foundation/project#represents subproperty of http://imce.jpl.nasa.gov/foundation/project#represents'>
      <failure>
        Asserted in
        http://opencaesar.io/examples/firesat/programs/earth-science/projects/firesat/bundle/properties.
      </failure>
    </testcase>
    <testcase name='http://imce.jpl.nasa.gov/foundation/project#isRepresentedBy subproperty of http://imce.jpl.nasa.gov/foundation/project#isRepresentedBy'>
      <failure>
        Asserted in
        http://opencaesar.io/examples/firesat/programs/earth-science/projects/firesat/bundle/properties.
      </failure>
    </testcase>
    <testcase name='http://iso.org/80000-6-quantities#electric-potential-has-path-length subproperty of http://iso.org/80000-6-quantities#electric-potential-has-path-length'>
      <failure>
        Asserted in
        http://opencaesar.io/examples/firesat/programs/earth-science/projects/firesat/bundle/properties.
      </failure>
    </testcase>
    <testcase name='http://imce.jpl.nasa.gov/foundation/mission#invokes subproperty of http://imce.jpl.nasa.gov/foundation/mission#invokes'>
      <failure>
        Asserted in
        http://opencaesar.io/examples/firesat/programs/earth-science/projects/firesat/bundle/properties.
      </failure>
    </testcase>
    <testcase name='http://imce.jpl.nasa.gov/foundation/mission#isInvokedBy subproperty of http://imce.jpl.nasa.gov/foundation/mission#isInvokedBy'>
      <failure>
        Asserted in
        http://opencaesar.io/examples/firesat/programs/earth-science/projects/firesat/bundle/properties.
      </failure>
    </testcase>
    <testcase name='http://imce.jpl.nasa.gov/foundation/mission#participatesIn subproperty of http://imce.jpl.nasa.gov/foundation/mission#participatesIn'>
      <failure>
        Asserted in
        http://opencaesar.io/examples/firesat/programs/earth-science/projects/firesat/bundle/properties.
      </failure>
    </testcase>
    <testcase name='http://imce.jpl.nasa.gov/foundation/mission#hasParticipant subproperty of http://imce.jpl.nasa.gov/foundation/mission#hasParticipant'>
      <failure>
        Asserted in
        http://opencaesar.io/examples/firesat/programs/earth-science/projects/firesat/bundle/properties.
      </failure>
    </testcase>
    <testcase name='http://iso.org/80000-4-units#hasWatt-Has-Metre-Per-SecondTarget subproperty of http://iso.org/80000-4-units#hasWatt-Has-Metre-Per-SecondTarget'>
      <failure>
        Asserted in
        http://opencaesar.io/examples/firesat/programs/earth-science/projects/firesat/bundle/properties.
      </failure>
    </testcase>
    <testcase name='http://iso.org/80000-4-quantities#hasMomentum-Has-VelocityTarget subproperty of http://iso.org/80000-4-quantities#hasMomentum-Has-VelocityTarget'>
      <failure>
        Asserted in
        http://opencaesar.io/examples/firesat/programs/earth-science/projects/firesat/bundle/properties.
      </failure>
    </testcase>
    <testcase name='http://iso.org/80000-6-quantities#resistance-has-electric-current subproperty of http://iso.org/80000-6-quantities#resistance-has-electric-current'>
      <failure>
        Asserted in
        http://opencaesar.io/examples/firesat/programs/earth-science/projects/firesat/bundle/properties.
      </failure>
    </testcase>
    <testcase name='http://imce.jpl.nasa.gov/foundation/project#hasDeliversSource subproperty of http://imce.jpl.nasa.gov/foundation/project#hasDeliversSource'>
      <failure>
        Asserted in
        http://opencaesar.io/examples/firesat/programs/earth-science/projects/firesat/bundle/properties.
      </failure>
    </testcase>
    <testcase name='http://imce.jpl.nasa.gov/foundation/project#isRoleOf subproperty of http://imce.jpl.nasa.gov/foundation/project#isRoleOf'>
      <failure>
        Asserted in
        http://opencaesar.io/examples/firesat/programs/earth-science/projects/firesat/bundle/properties.
      </failure>
    </testcase>
    <testcase name='http://imce.jpl.nasa.gov/foundation/project#hasRole subproperty of http://imce.jpl.nasa.gov/foundation/project#hasRole'>
      <failure>
        Asserted in
        http://opencaesar.io/examples/firesat/programs/earth-science/projects/firesat/bundle/properties.
      </failure>
    </testcase>
    <testcase name='http://imce.jpl.nasa.gov/foundation/mission#isPerformedBy subproperty of http://imce.jpl.nasa.gov/foundation/mission#isPerformedBy'>
      <failure>
        Asserted in
        http://opencaesar.io/examples/firesat/programs/earth-science/projects/firesat/bundle/properties.
      </failure>
    </testcase>
    <testcase name='http://imce.jpl.nasa.gov/foundation/mission#hasHasParticipantSource subproperty of http://imce.jpl.nasa.gov/foundation/mission#hasHasParticipantSource'>
      <failure>
        Asserted in
        http://opencaesar.io/examples/firesat/programs/earth-science/projects/firesat/bundle/properties.
      </failure>
    </testcase>
    <testcase name='http://imce.jpl.nasa.gov/foundation/mission#hasJoinsTarget subproperty of http://imce.jpl.nasa.gov/foundation/mission#hasJoinsTarget'>
      <failure>
        Asserted in
        http://opencaesar.io/examples/firesat/programs/earth-science/projects/firesat/bundle/properties.
      </failure>
    </testcase>
    <testcase name='http://imce.jpl.nasa.gov/foundation/mission#hasJoins1Target subproperty of http://imce.jpl.nasa.gov/foundation/mission#hasJoinsTarget'>
      <failure>
        Asserted in
        http://opencaesar.io/examples/firesat/programs/earth-science/projects/firesat/bundle/properties, http://imce.jpl.nasa.gov/foundation/mission.
      </failure>
    </testcase>
    <testcase name='http://imce.jpl.nasa.gov/foundation/mission#hasJoins2Target subproperty of http://imce.jpl.nasa.gov/foundation/mission#hasJoinsTarget'>
      <failure>
        Asserted in
        http://opencaesar.io/examples/firesat/programs/earth-science/projects/firesat/bundle/properties, http://imce.jpl.nasa.gov/foundation/mission.
      </failure>
    </testcase>
    <testcase name='http://imce.jpl.nasa.gov/foundation/mission#hasJoins1Source subproperty of http://imce.jpl.nasa.gov/foundation/mission#hasJoins1Source'>
      <failure>
        Asserted in
        http://opencaesar.io/examples/firesat/programs/earth-science/projects/firesat/bundle/properties.
      </failure>
    </testcase>
    <testcase name='http://imce.jpl.nasa.gov/foundation/mission#hasJoins1Source subproperty of http://imce.jpl.nasa.gov/foundation/mission#hasJoinsSource'>
      <failure>
        Asserted in
        http://opencaesar.io/examples/firesat/programs/earth-science/projects/firesat/bundle/properties, http://imce.jpl.nasa.gov/foundation/mission.
      </failure>
    </testcase>
    <testcase name='http://imce.jpl.nasa.gov/foundation/mission#hasJoinsSource subproperty of http://imce.jpl.nasa.gov/foundation/mission#hasJoinsSource'>
      <failure>
        Asserted in
        http://opencaesar.io/examples/firesat/programs/earth-science/projects/firesat/bundle/properties.
      </failure>
    </testcase>
    <testcase name='http://imce.jpl.nasa.gov/foundation/mission#hasJoins2Source subproperty of http://imce.jpl.nasa.gov/foundation/mission#hasJoinsSource'>
      <failure>
        Asserted in
        http://opencaesar.io/examples/firesat/programs/earth-science/projects/firesat/bundle/properties, http://imce.jpl.nasa.gov/foundation/mission.
      </failure>
    </testcase>
    <testcase name='http://iso.org/80000-6-quantities#hasElectric-Field-Strength-Has-Electric-ChargeSource subproperty of http://iso.org/80000-6-quantities#hasElectric-Field-Strength-Has-Electric-ChargeSource'>
      <failure>
        Asserted in
        http://opencaesar.io/examples/firesat/programs/earth-science/projects/firesat/bundle/properties.
      </failure>
    </testcase>
    <testcase name='http://imce.jpl.nasa.gov/foundation/mission#hasPresentsSource subproperty of http://imce.jpl.nasa.gov/foundation/mission#hasPresentsSource'>
      <failure>
        Asserted in
        http://opencaesar.io/examples/firesat/programs/earth-science/projects/firesat/bundle/properties.
      </failure>
    </testcase>
    <testcase name='http://imce.jpl.nasa.gov/foundation/project#hasBindsTarget subproperty of http://imce.jpl.nasa.gov/foundation/project#hasBindsTarget'>
      <failure>
        Asserted in
        http://opencaesar.io/examples/firesat/programs/earth-science/projects/firesat/bundle/properties.
      </failure>
    </testcase>
    <testcase name='http://iso.org/80000-6-quantities#hasResistance-Has-Electric-PotentialSource subproperty of http://iso.org/80000-6-quantities#hasResistance-Has-Electric-PotentialSource'>
      <failure>
        Asserted in
        http://opencaesar.io/examples/firesat/programs/earth-science/projects/firesat/bundle/properties.
      </failure>
    </testcase>
    <testcase name='http://imce.jpl.nasa.gov/foundation/project#supplies subproperty of http://imce.jpl.nasa.gov/foundation/project#supplies'>
      <failure>
        Asserted in
        http://opencaesar.io/examples/firesat/programs/earth-science/projects/firesat/bundle/properties.
      </failure>
    </testcase>
    <testcase name='http://imce.jpl.nasa.gov/foundation/project#isSuppliedBy subproperty of http://imce.jpl.nasa.gov/foundation/project#isSuppliedBy'>
      <failure>
        Asserted in
        http://opencaesar.io/examples/firesat/programs/earth-science/projects/firesat/bundle/properties.
      </failure>
    </testcase>
    <testcase name='http://imce.jpl.nasa.gov/foundation/mission#hasIngestsSource subproperty of http://imce.jpl.nasa.gov/foundation/mission#hasIngestsSource'>
      <failure>
        Asserted in
        http://opencaesar.io/examples/firesat/programs/earth-science/projects/firesat/bundle/properties.
      </failure>
    </testcase>
    <testcase name='http://iso.org/80000-6-units#coulomb-has-ampere subproperty of http://iso.org/80000-6-units#coulomb-has-ampere'>
      <failure>
        Asserted in
        http://opencaesar.io/examples/firesat/programs/earth-science/projects/firesat/bundle/properties.
      </failure>
    </testcase>
    <testcase name='http://imce.jpl.nasa.gov/foundation/mission#isJoinedIn2 subproperty of http://imce.jpl.nasa.gov/foundation/mission#isJoinedIn2'>
      <failure>
        Asserted in
        http://opencaesar.io/examples/firesat/programs/earth-science/projects/firesat/bundle/properties.
      </failure>
    </testcase>
    <testcase name='http://imce.jpl.nasa.gov/foundation/project#hasHasRoleTarget subproperty of http://imce.jpl.nasa.gov/foundation/project#hasHasRoleTarget'>
      <failure>
        Asserted in
        http://opencaesar.io/examples/firesat/programs/earth-science/projects/firesat/bundle/properties.
      </failure>
    </testcase>
    <testcase name='http://iso.org/80000-6-units#hasOhm-Has-AmpereTarget subproperty of http://iso.org/80000-6-units#hasOhm-Has-AmpereTarget'>
      <failure>
        Asserted in
        http://opencaesar.io/examples/firesat/programs/earth-science/projects/firesat/bundle/properties.
      </failure>
    </testcase>
    <testcase name='http://iso.org/80000-6-units#newton-per-coulomb-has-newton subproperty of http://iso.org/80000-6-units#newton-per-coulomb-has-newton'>
      <failure>
        Asserted in
        http://opencaesar.io/examples/firesat/programs/earth-science/projects/firesat/bundle/properties.
      </failure>
    </testcase>
    <testcase name='http://iso.org/80000-4-quantities#hasMomentum-Has-MassTarget subproperty of http://iso.org/80000-4-quantities#hasMomentum-Has-MassTarget'>
      <failure>
        Asserted in
        http://opencaesar.io/examples/firesat/programs/earth-science/projects/firesat/bundle/properties.
      </failure>
    </testcase>
    <testcase name='http://imce.jpl.nasa.gov/foundation/project#hasApprovesSource subproperty of http://imce.jpl.nasa.gov/foundation/project#hasApprovesSource'>
      <failure>
        Asserted in
        http://opencaesar.io/examples/firesat/programs/earth-science/projects/firesat/bundle/properties.
      </failure>
    </testcase>
    <testcase name='http://iso.org/80000-4-units#hasNewton-Millisecond-Has-MillisecondTarget subproperty of http://iso.org/80000-4-units#hasNewton-Millisecond-Has-MillisecondTarget'>
      <failure>
        Asserted in
        http://opencaesar.io/examples/firesat/programs/earth-science/projects/firesat/bundle/properties.
      </failure>
    </testcase>
    <testcase name='http://imce.jpl.nasa.gov/foundation/project#receives subproperty of http://imce.jpl.nasa.gov/foundation/project#receives'>
      <failure>
        Asserted in
        http://opencaesar.io/examples/firesat/programs/earth-science/projects/firesat/bundle/properties.
      </failure>
    </testcase>
    <testcase name='http://imce.jpl.nasa.gov/foundation/project#isReceivedBy subproperty of http://imce.jpl.nasa.gov/foundation/project#isReceivedBy'>
      <failure>
        Asserted in
        http://opencaesar.io/examples/firesat/programs/earth-science/projects/firesat/bundle/properties.
      </failure>
    </testcase>
    <testcase name='http://imce.jpl.nasa.gov/foundation/mission#hasInterchangesThroughSource subproperty of http://imce.jpl.nasa.gov/foundation/mission#hasInterchangesThroughSource'>
      <failure>
        Asserted in
        http://opencaesar.io/examples/firesat/programs/earth-science/projects/firesat/bundle/properties.
      </failure>
    </testcase>
    <testcase name='http://imce.jpl.nasa.gov/foundation/project#manifests subproperty of http://imce.jpl.nasa.gov/foundation/project#manifests'>
      <failure>
        Asserted in
        http://opencaesar.io/examples/firesat/programs/earth-science/projects/firesat/bundle/properties.
      </failure>
    </testcase>
    <testcase name='http://imce.jpl.nasa.gov/foundation/project#isManfestedBy subproperty of http://imce.jpl.nasa.gov/foundation/project#isManfestedBy'>
      <failure>
        Asserted in
        http://opencaesar.io/examples/firesat/programs/earth-science/projects/firesat/bundle/properties.
      </failure>
    </testcase>
    <testcase name='http://iupac.org/metrology#hasNonCoherentDerivedMeasurementUnitOfTarget subproperty of http://iupac.org/metrology#hasNonCoherentDerivedMeasurementUnitOfTarget'>
      <failure>
        Asserted in
        http://opencaesar.io/examples/firesat/programs/earth-science/projects/firesat/bundle/properties.
      </failure>
    </testcase>
    <testcase name='http://iso.org/80000-4-units#kilogram-metre-per-second-has-metre-per-second subproperty of http://iso.org/80000-4-units#kilogram-metre-per-second-has-metre-per-second'>
      <failure>
        Asserted in
        http://opencaesar.io/examples/firesat/programs/earth-science/projects/firesat/bundle/properties.
      </failure>
    </testcase>
    <testcase name='http://iso.org/80000-3-units#hasMetre-Per-Second-Has-SecondSource subproperty of http://iso.org/80000-3-units#hasMetre-Per-Second-Has-SecondSource'>
      <failure>
        Asserted in
        http://opencaesar.io/examples/firesat/programs/earth-science/projects/firesat/bundle/properties.
      </failure>
    </testcase>
    <testcase name='http://iso.org/80000-4-units#hasKilogram-Metre-Per-Second-Has-Metre-Per-SecondSource subproperty of http://iso.org/80000-4-units#hasKilogram-Metre-Per-Second-Has-Metre-Per-SecondSource'>
      <failure>
        Asserted in
        http://opencaesar.io/examples/firesat/programs/earth-science/projects/firesat/bundle/properties.
      </failure>
    </testcase>
    <testcase name='http://iso.org/80000-3-units#hasMetre-Per-Second-Has-MetreSource subproperty of http://iso.org/80000-3-units#hasMetre-Per-Second-Has-MetreSource'>
      <failure>
        Asserted in
        http://opencaesar.io/examples/firesat/programs/earth-science/projects/firesat/bundle/properties.
      </failure>
    </testcase>
    <testcase name='http://imce.jpl.nasa.gov/foundation/project#hasInvolves1Source subproperty of http://imce.jpl.nasa.gov/foundation/project#hasInvolves1Source'>
      <failure>
        Asserted in
        http://opencaesar.io/examples/firesat/programs/earth-science/projects/firesat/bundle/properties.
      </failure>
    </testcase>
    <testcase name='http://imce.jpl.nasa.gov/foundation/mission#hasRationale subproperty of http://imce.jpl.nasa.gov/foundation/mission#hasRationale'>
      <failure>
        Asserted in
        http://opencaesar.io/examples/firesat/programs/earth-science/projects/firesat/bundle/properties.
      </failure>
    </testcase>
    <testcase name='http://iso.org/80000-6-units#hasOhm-Has-VoltSource subproperty of http://iso.org/80000-6-units#hasOhm-Has-VoltSource'>
      <failure>
        Asserted in
        http://opencaesar.io/examples/firesat/programs/earth-science/projects/firesat/bundle/properties.
      </failure>
    </testcase>
    <testcase name='http://imce.jpl.nasa.gov/foundation/project#hasDelegatesToSource subproperty of http://imce.jpl.nasa.gov/foundation/project#hasDelegatesToSource'>
      <failure>
        Asserted in
        http://opencaesar.io/examples/firesat/programs/earth-science/projects/firesat/bundle/properties.
      </failure>
    </testcase>
    <testcase name='http://imce.jpl.nasa.gov/foundation/mission#isPresentedBy subproperty of http://imce.jpl.nasa.gov/foundation/mission#isPresentedBy'>
      <failure>
        Asserted in
        http://opencaesar.io/examples/firesat/programs/earth-science/projects/firesat/bundle/properties.
      </failure>
    </testcase>
    <testcase name='http://imce.jpl.nasa.gov/foundation/mission#involves subproperty of http://imce.jpl.nasa.gov/foundation/mission#involves'>
      <failure>
        Asserted in
        http://opencaesar.io/examples/firesat/programs/earth-science/projects/firesat/bundle/properties.
      </failure>
    </testcase>
    <testcase name='http://imce.jpl.nasa.gov/foundation/mission#isInvolvedIn subproperty of http://imce.jpl.nasa.gov/foundation/mission#isInvolvedIn'>
      <failure>
        Asserted in
        http://opencaesar.io/examples/firesat/programs/earth-science/projects/firesat/bundle/properties.
      </failure>
    </testcase>
    <testcase name='http://iso.org/80000-6-units#hasNewton-Per-Coulomb-Has-NewtonTarget subproperty of http://iso.org/80000-6-units#hasNewton-Per-Coulomb-Has-NewtonTarget'>
      <failure>
        Asserted in
        http://opencaesar.io/examples/firesat/programs/earth-science/projects/firesat/bundle/properties.
      </failure>
    </testcase>
    <testcase name='http://imce.jpl.nasa.gov/foundation/mission#isJoinedIn1 subproperty of http://imce.jpl.nasa.gov/foundation/mission#isJoinedIn1'>
      <failure>
        Asserted in
        http://opencaesar.io/examples/firesat/programs/earth-science/projects/firesat/bundle/properties.
      </failure>
    </testcase>
    <testcase name='http://iupac.org/metrology#isReflexiveMagnitudeOf subproperty of http://iupac.org/metrology#isReflexiveMagnitudeOf'>
      <failure>
        Asserted in
        http://opencaesar.io/examples/firesat/programs/earth-science/projects/firesat/bundle/properties.
      </failure>
    </testcase>
    <testcase name='http://imce.jpl.nasa.gov/foundation/project#hasHasResponsibilityForTarget subproperty of http://imce.jpl.nasa.gov/foundation/project#hasHasResponsibilityForTarget'>
      <failure>
        Asserted in
        http://opencaesar.io/examples/firesat/programs/earth-science/projects/firesat/bundle/properties.
      </failure>
    </testcase>
    <testcase name='http://iupac.org/metrology#hasIsMagnitudeOfSource subproperty of http://iupac.org/metrology#hasIsMagnitudeOfSource'>
      <failure>
        Asserted in
        http://opencaesar.io/examples/firesat/programs/earth-science/projects/firesat/bundle/properties.
      </failure>
    </testcase>
    <testcase name='http://iupac.org/metrology#hasIsReflexiveMagnitudeOfSource subproperty of http://iupac.org/metrology#hasIsMagnitudeOfSource'>
      <failure>
        Asserted in
        http://opencaesar.io/examples/firesat/programs/earth-science/projects/firesat/bundle/properties, http://iupac.org/metrology.
      </failure>
    </testcase>
    <testcase name='http://imce.jpl.nasa.gov/foundation/mission#hasInvolves2Source subproperty of http://imce.jpl.nasa.gov/foundation/mission#hasInvolves2Source'>
      <failure>
        Asserted in
        http://opencaesar.io/examples/firesat/programs/earth-science/projects/firesat/bundle/properties.
      </failure>
    </testcase>
    <testcase name='http://imce.jpl.nasa.gov/foundation/mission#hasInvolves2Source subproperty of http://imce.jpl.nasa.gov/foundation/mission#hasInvolvesSource'>
      <failure>
        Asserted in
        http://opencaesar.io/examples/firesat/programs/earth-science/projects/firesat/bundle/properties, http://imce.jpl.nasa.gov/foundation/mission.
      </failure>
    </testcase>
    <testcase name='http://imce.jpl.nasa.gov/foundation/mission#hasInvolvesSource subproperty of http://imce.jpl.nasa.gov/foundation/mission#hasInvolvesSource'>
      <failure>
        Asserted in
        http://opencaesar.io/examples/firesat/programs/earth-science/projects/firesat/bundle/properties.
      </failure>
    </testcase>
    <testcase name='http://imce.jpl.nasa.gov/foundation/mission#hasInvolves1Source subproperty of http://imce.jpl.nasa.gov/foundation/mission#hasInvolvesSource'>
      <failure>
        Asserted in
        http://opencaesar.io/examples/firesat/programs/earth-science/projects/firesat/bundle/properties, http://imce.jpl.nasa.gov/foundation/mission.
      </failure>
    </testcase>
    <testcase name='http://imce.jpl.nasa.gov/foundation/project#hasReceivesTarget subproperty of http://imce.jpl.nasa.gov/foundation/project#hasReceivesTarget'>
      <failure>
        Asserted in
        http://opencaesar.io/examples/firesat/programs/earth-science/projects/firesat/bundle/properties.
      </failure>
    </testcase>
    <testcase name='http://iso.org/80000-6-units#hasVolt-Has-MetreSource subproperty of http://iso.org/80000-6-units#hasVolt-Has-MetreSource'>
      <failure>
        Asserted in
        http://opencaesar.io/examples/firesat/programs/earth-science/projects/firesat/bundle/properties.
      </failure>
    </testcase>
    <testcase name='http://imce.jpl.nasa.gov/foundation/mission#hasDeploysSource subproperty of http://imce.jpl.nasa.gov/foundation/mission#hasDeploysSource'>
      <failure>
        Asserted in
        http://opencaesar.io/examples/firesat/programs/earth-science/projects/firesat/bundle/properties.
      </failure>
    </testcase>
    <testcase name='http://imce.jpl.nasa.gov/foundation/mission#isInvolvedIn1 subproperty of http://imce.jpl.nasa.gov/foundation/mission#isInvolvedIn1'>
      <failure>
        Asserted in
        http://opencaesar.io/examples/firesat/programs/earth-science/projects/firesat/bundle/properties.
      </failure>
    </testcase>
    <testcase name='http://imce.jpl.nasa.gov/foundation/mission#involves1 subproperty of http://imce.jpl.nasa.gov/foundation/mission#involves1'>
      <failure>
        Asserted in
        http://opencaesar.io/examples/firesat/programs/earth-science/projects/firesat/bundle/properties.
      </failure>
    </testcase>
    <testcase name='http://iso.org/80000-4-quantities#momentum-has-mass subproperty of http://iso.org/80000-4-quantities#momentum-has-mass'>
      <failure>
        Asserted in
        http://opencaesar.io/examples/firesat/programs/earth-science/projects/firesat/bundle/properties.
      </failure>
    </testcase>
    <testcase name='http://iso.org/80000-4-units#hasNewton-Has-Metre-Per-SecondSource subproperty of http://iso.org/80000-4-units#hasNewton-Has-Metre-Per-SecondSource'>
      <failure>
        Asserted in
        http://opencaesar.io/examples/firesat/programs/earth-science/projects/firesat/bundle/properties.
      </failure>
    </testcase>
    <testcase name='http://imce.jpl.nasa.gov/foundation/mission#hasTransfersOutTarget subproperty of http://imce.jpl.nasa.gov/foundation/mission#hasTransfersOutTarget'>
      <failure>
        Asserted in
        http://opencaesar.io/examples/firesat/programs/earth-science/projects/firesat/bundle/properties.
      </failure>
    </testcase>
    <testcase name='http://imce.jpl.nasa.gov/foundation/mission#hasTransfersOutTarget subproperty of http://imce.jpl.nasa.gov/foundation/mission#hasTransfersTarget'>
      <failure>
        Asserted in
        http://opencaesar.io/examples/firesat/programs/earth-science/projects/firesat/bundle/properties, http://imce.jpl.nasa.gov/foundation/mission.
      </failure>
    </testcase>
    <testcase name='http://imce.jpl.nasa.gov/foundation/mission#hasTransfersTarget subproperty of http://imce.jpl.nasa.gov/foundation/mission#hasTransfersTarget'>
      <failure>
        Asserted in
        http://opencaesar.io/examples/firesat/programs/earth-science/projects/firesat/bundle/properties.
      </failure>
    </testcase>
    <testcase name='http://imce.jpl.nasa.gov/foundation/mission#hasTransfersInTarget subproperty of http://imce.jpl.nasa.gov/foundation/mission#hasTransfersTarget'>
      <failure>
        Asserted in
        http://opencaesar.io/examples/firesat/programs/earth-science/projects/firesat/bundle/properties, http://imce.jpl.nasa.gov/foundation/mission.
      </failure>
    </testcase>
    <testcase name='http://imce.jpl.nasa.gov/foundation/mission#hasPursuesTarget subproperty of http://imce.jpl.nasa.gov/foundation/mission#hasPursuesTarget'>
      <failure>
        Asserted in
        http://opencaesar.io/examples/firesat/programs/earth-science/projects/firesat/bundle/properties.
      </failure>
    </testcase>
    <testcase name='http://iso.org/80000-6-quantities#electric-charge-has-electric-current subproperty of http://iso.org/80000-6-quantities#electric-charge-has-electric-current'>
      <failure>
        Asserted in
        http://opencaesar.io/examples/firesat/programs/earth-science/projects/firesat/bundle/properties.
      </failure>
    </testcase>
    <testcase name='http://iso.org/80000-3-units#metre-per-second-has-metre subproperty of http://iso.org/80000-3-units#metre-per-second-has-metre'>
      <failure>
        Asserted in
        http://opencaesar.io/examples/firesat/programs/earth-science/projects/firesat/bundle/properties.
      </failure>
    </testcase>
    <testcase name='http://imce.jpl.nasa.gov/foundation/mission#hasReceivesTarget subproperty of http://imce.jpl.nasa.gov/foundation/mission#hasReceivesTarget'>
      <failure>
        Asserted in
        http://opencaesar.io/examples/firesat/programs/earth-science/projects/firesat/bundle/properties.
      </failure>
    </testcase>
    <testcase name='http://imce.jpl.nasa.gov/foundation/project#concurs subproperty of http://imce.jpl.nasa.gov/foundation/project#concurs'>
      <failure>
        Asserted in
        http://opencaesar.io/examples/firesat/programs/earth-science/projects/firesat/bundle/properties.
      </failure>
    </testcase>
    <testcase name='http://imce.jpl.nasa.gov/foundation/project#isConcurredBy subproperty of http://imce.jpl.nasa.gov/foundation/project#isConcurredBy'>
      <failure>
        Asserted in
        http://opencaesar.io/examples/firesat/programs/earth-science/projects/firesat/bundle/properties.
      </failure>
    </testcase>
    <testcase name='http://imce.jpl.nasa.gov/foundation/project#hasReliesOnTarget subproperty of http://imce.jpl.nasa.gov/foundation/project#hasReliesOnTarget'>
      <failure>
        Asserted in
        http://opencaesar.io/examples/firesat/programs/earth-science/projects/firesat/bundle/properties.
      </failure>
    </testcase>
    <testcase name='http://imce.jpl.nasa.gov/foundation/project#produces subproperty of http://imce.jpl.nasa.gov/foundation/project#produces'>
      <failure>
        Asserted in
        http://opencaesar.io/examples/firesat/programs/earth-science/projects/firesat/bundle/properties.
      </failure>
    </testcase>
    <testcase name='http://imce.jpl.nasa.gov/foundation/project#isProducedBy subproperty of http://imce.jpl.nasa.gov/foundation/project#isProducedBy'>
      <failure>
        Asserted in
        http://opencaesar.io/examples/firesat/programs/earth-science/projects/firesat/bundle/properties.
      </failure>
    </testcase>
    <testcase name='http://imce.jpl.nasa.gov/foundation/mission#isSentBy subproperty of http://imce.jpl.nasa.gov/foundation/mission#isSentBy'>
      <failure>
        Asserted in
        http://opencaesar.io/examples/firesat/programs/earth-science/projects/firesat/bundle/properties.
      </failure>
    </testcase>
    <testcase name='http://imce.jpl.nasa.gov/foundation/mission#sends subproperty of http://imce.jpl.nasa.gov/foundation/mission#sends'>
      <failure>
        Asserted in
        http://opencaesar.io/examples/firesat/programs/earth-science/projects/firesat/bundle/properties.
      </failure>
    </testcase>
    <testcase name='http://iso.org/80000-3-units#hasRadian-Has-Metre-NumeratorSource subproperty of http://iso.org/80000-3-units#hasRadian-Has-Metre-NumeratorSource'>
      <failure>
        Asserted in
        http://opencaesar.io/examples/firesat/programs/earth-science/projects/firesat/bundle/properties.
      </failure>
    </testcase>
    <testcase name='http://imce.jpl.nasa.gov/foundation/project#hasHasRoleSource subproperty of http://imce.jpl.nasa.gov/foundation/project#hasHasRoleSource'>
      <failure>
        Asserted in
        http://opencaesar.io/examples/firesat/programs/earth-science/projects/firesat/bundle/properties.
      </failure>
    </testcase>
    <testcase name='http://iso.org/80000-4-quantities#hasMomentum-Has-MassSource subproperty of http://iso.org/80000-4-quantities#hasMomentum-Has-MassSource'>
      <failure>
        Asserted in
        http://opencaesar.io/examples/firesat/programs/earth-science/projects/firesat/bundle/properties.
      </failure>
    </testcase>
    <testcase name='http://imce.jpl.nasa.gov/foundation/mission#isInfluencedBy subproperty of http://imce.jpl.nasa.gov/foundation/mission#isInfluencedBy'>
      <failure>
        Asserted in
        http://opencaesar.io/examples/firesat/programs/earth-science/projects/firesat/bundle/properties.
      </failure>
    </testcase>
    <testcase name='http://imce.jpl.nasa.gov/foundation/mission#influences subproperty of http://imce.jpl.nasa.gov/foundation/mission#influences'>
      <failure>
        Asserted in
        http://opencaesar.io/examples/firesat/programs/earth-science/projects/firesat/bundle/properties.
      </failure>
    </testcase>
    <testcase name='http://iso.org/80000-4-units#newton-millisecond-has-newton subproperty of http://iso.org/80000-4-units#newton-millisecond-has-newton'>
      <failure>
        Asserted in
        http://opencaesar.io/examples/firesat/programs/earth-science/projects/firesat/bundle/properties.
      </failure>
    </testcase>
    <testcase name='http://imce.jpl.nasa.gov/foundation/project#hasInterchangesThroughTarget subproperty of http://imce.jpl.nasa.gov/foundation/project#hasInterchangesThroughTarget'>
      <failure>
        Asserted in
        http://opencaesar.io/examples/firesat/programs/earth-science/projects/firesat/bundle/properties.
      </failure>
    </testcase>
    <testcase name='http://imce.jpl.nasa.gov/foundation/mission#specifies subproperty of http://imce.jpl.nasa.gov/foundation/mission#specifies'>
      <failure>
        Asserted in
        http://opencaesar.io/examples/firesat/programs/earth-science/projects/firesat/bundle/properties.
      </failure>
    </testcase>
    <testcase name='http://imce.jpl.nasa.gov/foundation/project#isApprovedBy subproperty of http://imce.jpl.nasa.gov/foundation/project#isApprovedBy'>
      <failure>
        Asserted in
        http://opencaesar.io/examples/firesat/programs/earth-science/projects/firesat/bundle/properties.
      </failure>
    </testcase>
    <testcase name='http://imce.jpl.nasa.gov/foundation/project#approves subproperty of http://imce.jpl.nasa.gov/foundation/project#approves'>
      <failure>
        Asserted in
        http://opencaesar.io/examples/firesat/programs/earth-science/projects/firesat/bundle/properties.
      </failure>
    </testcase>
    <testcase name='http://imce.jpl.nasa.gov/foundation/project#binds subproperty of http://imce.jpl.nasa.gov/foundation/project#binds'>
      <failure>
        Asserted in
        http://opencaesar.io/examples/firesat/programs/earth-science/projects/firesat/bundle/properties.
      </failure>
    </testcase>
    <testcase name='http://imce.jpl.nasa.gov/foundation/project#isBoundBy subproperty of http://imce.jpl.nasa.gov/foundation/project#isBoundBy'>
      <failure>
        Asserted in
        http://opencaesar.io/examples/firesat/programs/earth-science/projects/firesat/bundle/properties.
      </failure>
    </testcase>
    <testcase name='http://imce.jpl.nasa.gov/foundation/mission#ingests subproperty of http://imce.jpl.nasa.gov/foundation/mission#ingests'>
      <failure>
        Asserted in
        http://opencaesar.io/examples/firesat/programs/earth-science/projects/firesat/bundle/properties.
      </failure>
    </testcase>
    <testcase name='http://imce.jpl.nasa.gov/foundation/mission#isIngestedBy subproperty of http://imce.jpl.nasa.gov/foundation/mission#isIngestedBy'>
      <failure>
        Asserted in
        http://opencaesar.io/examples/firesat/programs/earth-science/projects/firesat/bundle/properties.
      </failure>
    </testcase>
    <testcase name='http://iupac.org/metrology#hasNonCoherentDerivedMeasurementUnitOfSource subproperty of http://iupac.org/metrology#hasNonCoherentDerivedMeasurementUnitOfSource'>
      <failure>
        Asserted in
        http://opencaesar.io/examples/firesat/programs/earth-science/projects/firesat/bundle/properties.
      </failure>
    </testcase>
    <testcase name='http://iso.org/80000-3-units#kilometre-per-second-has-kilometre subproperty of http://iso.org/80000-3-units#kilometre-per-second-has-kilometre'>
      <failure>
        Asserted in
        http://opencaesar.io/examples/firesat/programs/earth-science/projects/firesat/bundle/properties.
      </failure>
    </testcase>
    <testcase name='http://iupac.org/metrology#hasHasReferenceSource subproperty of http://iupac.org/metrology#hasHasReferenceSource'>
      <failure>
        Asserted in
        http://opencaesar.io/examples/firesat/programs/earth-science/projects/firesat/bundle/properties.
      </failure>
    </testcase>
    <testcase name='http://imce.jpl.nasa.gov/foundation/mission#hasEmitsTarget subproperty of http://imce.jpl.nasa.gov/foundation/mission#hasEmitsTarget'>
      <failure>
        Asserted in
        http://opencaesar.io/examples/firesat/programs/earth-science/projects/firesat/bundle/properties.
      </failure>
    </testcase>
    <testcase name='http://imce.jpl.nasa.gov/foundation/project#hasDeliversTarget subproperty of http://imce.jpl.nasa.gov/foundation/project#hasDeliversTarget'>
      <failure>
        Asserted in
        http://opencaesar.io/examples/firesat/programs/earth-science/projects/firesat/bundle/properties.
      </failure>
    </testcase>
    <testcase name='http://iupac.org/metrology#hasHasPrefixSource subproperty of http://iupac.org/metrology#hasHasPrefixSource'>
      <failure>
        Asserted in
        http://opencaesar.io/examples/firesat/programs/earth-science/projects/firesat/bundle/properties.
      </failure>
    </testcase>
    <testcase name='http://imce.jpl.nasa.gov/foundation/mission#hasJoins1Target subproperty of http://imce.jpl.nasa.gov/foundation/mission#hasJoins1Target'>
      <failure>
        Asserted in
        http://opencaesar.io/examples/firesat/programs/earth-science/projects/firesat/bundle/properties.
      </failure>
    </testcase>
    <testcase name='http://imce.jpl.nasa.gov/foundation/project#hasBelongsToSource subproperty of http://imce.jpl.nasa.gov/foundation/project#hasBelongsToSource'>
      <failure>
        Asserted in
        http://opencaesar.io/examples/firesat/programs/earth-science/projects/firesat/bundle/properties.
      </failure>
    </testcase>
    <testcase name='http://imce.jpl.nasa.gov/foundation/mission#hasPresentsTarget subproperty of http://imce.jpl.nasa.gov/foundation/mission#hasPresentsTarget'>
      <failure>
        Asserted in
        http://opencaesar.io/examples/firesat/programs/earth-science/projects/firesat/bundle/properties.
      </failure>
    </testcase>
    <testcase name='http://iso.org/80000-4-units#newton-has-kilogram subproperty of http://iso.org/80000-4-units#newton-has-kilogram'>
      <failure>
        Asserted in
        http://opencaesar.io/examples/firesat/programs/earth-science/projects/firesat/bundle/properties.
      </failure>
    </testcase>
    <testcase name='http://iso.org/80000-6-units#volt-has-metre subproperty of http://iso.org/80000-6-units#volt-has-metre'>
      <failure>
        Asserted in
        http://opencaesar.io/examples/firesat/programs/earth-science/projects/firesat/bundle/properties.
      </failure>
    </testcase>
    <testcase name='http://imce.jpl.nasa.gov/foundation/project#hasInvolves2Target subproperty of http://imce.jpl.nasa.gov/foundation/project#hasInvolves2Target'>
      <failure>
        Asserted in
        http://opencaesar.io/examples/firesat/programs/earth-science/projects/firesat/bundle/properties.
      </failure>
    </testcase>
    <testcase name='http://imce.jpl.nasa.gov/foundation/mission#joins subproperty of http://imce.jpl.nasa.gov/foundation/mission#joins'>
      <failure>
        Asserted in
        http://opencaesar.io/examples/firesat/programs/earth-science/projects/firesat/bundle/properties.
      </failure>
    </testcase>
    <testcase name='http://imce.jpl.nasa.gov/foundation/mission#isJoinedIn subproperty of http://imce.jpl.nasa.gov/foundation/mission#isJoinedIn'>
      <failure>
        Asserted in
        http://opencaesar.io/examples/firesat/programs/earth-science/projects/firesat/bundle/properties.
      </failure>
    </testcase>
    <testcase name='http://iso.org/80000-6-quantities#hasElectric-Field-Strength-Has-ForceTarget subproperty of http://iso.org/80000-6-quantities#hasElectric-Field-Strength-Has-ForceTarget'>
      <failure>
        Asserted in
        http://opencaesar.io/examples/firesat/programs/earth-science/projects/firesat/bundle/properties.
      </failure>
    </testcase>
    <testcase name='http://imce.jpl.nasa.gov/foundation/mission#hasIngestsTarget subproperty of http://imce.jpl.nasa.gov/foundation/mission#hasIngestsTarget'>
      <failure>
        Asserted in
        http://opencaesar.io/examples/firesat/programs/earth-science/projects/firesat/bundle/properties.
      </failure>
    </testcase>
    <testcase name='http://iso.org/80000-4-quantities#force-has-momentum subproperty of http://iso.org/80000-4-quantities#force-has-momentum'>
      <failure>
        Asserted in
        http://opencaesar.io/examples/firesat/programs/earth-science/projects/firesat/bundle/properties.
      </failure>
    </testcase>
    <testcase name='http://iso.org/80000-3-units#hertz-has-second subproperty of http://iso.org/80000-3-units#hertz-has-second'>
      <failure>
        Asserted in
        http://opencaesar.io/examples/firesat/programs/earth-science/projects/firesat/bundle/properties.
      </failure>
    </testcase>
    <testcase name='http://iso.org/80000-4-quantities#hasPower-Has-VelocitySource subproperty of http://iso.org/80000-4-quantities#hasPower-Has-VelocitySource'>
      <failure>
        Asserted in
        http://opencaesar.io/examples/firesat/programs/earth-science/projects/firesat/bundle/properties.
      </failure>
    </testcase>
    <testcase name='http://iso.org/80000-4-units#hasNewton-Millisecond-Has-NewtonSource subproperty of http://iso.org/80000-4-units#hasNewton-Millisecond-Has-NewtonSource'>
      <failure>
        Asserted in
        http://opencaesar.io/examples/firesat/programs/earth-science/projects/firesat/bundle/properties.
      </failure>
    </testcase>
    <testcase name='http://imce.jpl.nasa.gov/foundation/mission#isInterchangePointFor subproperty of http://imce.jpl.nasa.gov/foundation/mission#isInterchangePointFor'>
      <failure>
        Asserted in
        http://opencaesar.io/examples/firesat/programs/earth-science/projects/firesat/bundle/properties.
      </failure>
    </testcase>
    <testcase name='http://imce.jpl.nasa.gov/foundation/mission#interchangesThrough subproperty of http://imce.jpl.nasa.gov/foundation/mission#interchangesThrough'>
      <failure>
        Asserted in
        http://opencaesar.io/examples/firesat/programs/earth-science/projects/firesat/bundle/properties.
      </failure>
    </testcase>
    <testcase name='http://imce.jpl.nasa.gov/foundation/mission#hasProducesTarget subproperty of http://imce.jpl.nasa.gov/foundation/mission#hasProducesTarget'>
      <failure>
        Asserted in
        http://opencaesar.io/examples/firesat/programs/earth-science/projects/firesat/bundle/properties.
      </failure>
    </testcase>
    <testcase name='http://iso.org/80000-3-units#radian-has-metre-denominator subproperty of http://iso.org/80000-3-units#radian-has-metre-denominator'>
      <failure>
        Asserted in
        http://opencaesar.io/examples/firesat/programs/earth-science/projects/firesat/bundle/properties.
      </failure>
    </testcase>
    <testcase name='http://iso.org/80000-6-units#hasNewton-Per-Coulomb-Has-CoulombTarget subproperty of http://iso.org/80000-6-units#hasNewton-Per-Coulomb-Has-CoulombTarget'>
      <failure>
        Asserted in
        http://opencaesar.io/examples/firesat/programs/earth-science/projects/firesat/bundle/properties.
      </failure>
    </testcase>
    <testcase name='http://iso.org/80000-4-quantities#force-has-velocity subproperty of http://iso.org/80000-4-quantities#force-has-velocity'>
      <failure>
        Asserted in
        http://opencaesar.io/examples/firesat/programs/earth-science/projects/firesat/bundle/properties.
      </failure>
    </testcase>
    <testcase name='http://imce.jpl.nasa.gov/foundation/mission#hasTransfersOutSource subproperty of http://imce.jpl.nasa.gov/foundation/mission#hasTransfersOutSource'>
      <failure>
        Asserted in
        http://opencaesar.io/examples/firesat/programs/earth-science/projects/firesat/bundle/properties.
      </failure>
    </testcase>
    <testcase name='http://imce.jpl.nasa.gov/foundation/project#isReliedOnBy subproperty of http://imce.jpl.nasa.gov/foundation/project#isReliedOnBy'>
      <failure>
        Asserted in
        http://opencaesar.io/examples/firesat/programs/earth-science/projects/firesat/bundle/properties.
      </failure>
    </testcase>
    <testcase name='http://imce.jpl.nasa.gov/foundation/project#reliesOn subproperty of http://imce.jpl.nasa.gov/foundation/project#reliesOn'>
      <failure>
        Asserted in
        http://opencaesar.io/examples/firesat/programs/earth-science/projects/firesat/bundle/properties.
      </failure>
    </testcase>
    <testcase name='http://imce.jpl.nasa.gov/foundation/mission#hasTransfersInSource subproperty of http://imce.jpl.nasa.gov/foundation/mission#hasTransfersInSource'>
      <failure>
        Asserted in
        http://opencaesar.io/examples/firesat/programs/earth-science/projects/firesat/bundle/properties.
      </failure>
    </testcase>
    <testcase name='http://imce.jpl.nasa.gov/foundation/project#involves2 subproperty of http://imce.jpl.nasa.gov/foundation/project#involves2'>
      <failure>
        Asserted in
        http://opencaesar.io/examples/firesat/programs/earth-science/projects/firesat/bundle/properties.
      </failure>
    </testcase>
    <testcase name='http://imce.jpl.nasa.gov/foundation/project#isInvolvedIn2 subproperty of http://imce.jpl.nasa.gov/foundation/project#isInvolvedIn2'>
      <failure>
        Asserted in
        http://opencaesar.io/examples/firesat/programs/earth-science/projects/firesat/bundle/properties.
      </failure>
    </testcase>
    <testcase name='http://imce.jpl.nasa.gov/foundation/mission#hasPursuesSource subproperty of http://imce.jpl.nasa.gov/foundation/mission#hasPursuesSource'>
      <failure>
        Asserted in
        http://opencaesar.io/examples/firesat/programs/earth-science/projects/firesat/bundle/properties.
      </failure>
    </testcase>
    <testcase name='http://iso.org/80000-3-units#hasMetre-Per-Second-Has-SecondTarget subproperty of http://iso.org/80000-3-units#hasMetre-Per-Second-Has-SecondTarget'>
      <failure>
        Asserted in
        http://opencaesar.io/examples/firesat/programs/earth-science/projects/firesat/bundle/properties.
      </failure>
    </testcase>
    <testcase name='http://imce.jpl.nasa.gov/foundation/mission#isReceivedBy subproperty of http://imce.jpl.nasa.gov/foundation/mission#isReceivedBy'>
      <failure>
        Asserted in
        http://opencaesar.io/examples/firesat/programs/earth-science/projects/firesat/bundle/properties.
      </failure>
    </testcase>
    <testcase name='http://imce.jpl.nasa.gov/foundation/mission#receives subproperty of http://imce.jpl.nasa.gov/foundation/mission#receives'>
      <failure>
        Asserted in
        http://opencaesar.io/examples/firesat/programs/earth-science/projects/firesat/bundle/properties.
      </failure>
    </testcase>
    <testcase name='http://iso.org/80000-4-units#hasKilogram-Metre-Per-Second-Has-Metre-Per-SecondTarget subproperty of http://iso.org/80000-4-units#hasKilogram-Metre-Per-Second-Has-Metre-Per-SecondTarget'>
      <failure>
        Asserted in
        http://opencaesar.io/examples/firesat/programs/earth-science/projects/firesat/bundle/properties.
      </failure>
    </testcase>
    <testcase name='http://imce.jpl.nasa.gov/foundation/mission#isPursuedBy subproperty of http://imce.jpl.nasa.gov/foundation/mission#isPursuedBy'>
      <failure>
        Asserted in
        http://opencaesar.io/examples/firesat/programs/earth-science/projects/firesat/bundle/properties.
      </failure>
    </testcase>
    <testcase name='http://imce.jpl.nasa.gov/foundation/mission#pursues subproperty of http://imce.jpl.nasa.gov/foundation/mission#pursues'>
      <failure>
        Asserted in
        http://opencaesar.io/examples/firesat/programs/earth-science/projects/firesat/bundle/properties.
      </failure>
    </testcase>
    <testcase name='http://iso.org/80000-6-units#hasOhm-Has-VoltTarget subproperty of http://iso.org/80000-6-units#hasOhm-Has-VoltTarget'>
      <failure>
        Asserted in
        http://opencaesar.io/examples/firesat/programs/earth-science/projects/firesat/bundle/properties.
      </failure>
    </testcase>
    <testcase name='http://iupac.org/metrology#hasIsMagnitudeOfTarget subproperty of http://iupac.org/metrology#hasIsMagnitudeOfTarget'>
      <failure>
        Asserted in
        http://opencaesar.io/examples/firesat/programs/earth-science/projects/firesat/bundle/properties.
      </failure>
    </testcase>
    <testcase name='http://iupac.org/metrology#hasIsReflexiveMagnitudeOfTarget subproperty of http://iupac.org/metrology#hasIsMagnitudeOfTarget'>
      <failure>
        Asserted in
        http://opencaesar.io/examples/firesat/programs/earth-science/projects/firesat/bundle/properties, http://iupac.org/metrology.
      </failure>
    </testcase>
    <testcase name='http://iso.org/80000-6-units#hasVolt-Has-MetreTarget subproperty of http://iso.org/80000-6-units#hasVolt-Has-MetreTarget'>
      <failure>
        Asserted in
        http://opencaesar.io/examples/firesat/programs/earth-science/projects/firesat/bundle/properties.
      </failure>
    </testcase>
    <testcase name='http://iso.org/80000-4-units#hasNewton-Has-Metre-Per-SecondTarget subproperty of http://iso.org/80000-4-units#hasNewton-Has-Metre-Per-SecondTarget'>
      <failure>
        Asserted in
        http://opencaesar.io/examples/firesat/programs/earth-science/projects/firesat/bundle/properties.
      </failure>
    </testcase>
    <testcase name='http://iso.org/80000-6-quantities#hasElectric-Charge-Has-Electric-CurrentTarget subproperty of http://iso.org/80000-6-quantities#hasElectric-Charge-Has-Electric-CurrentTarget'>
      <failure>
        Asserted in
        http://opencaesar.io/examples/firesat/programs/earth-science/projects/firesat/bundle/properties.
      </failure>
    </testcase>
    <testcase name='http://imce.jpl.nasa.gov/foundation/project#belongsTo subproperty of http://imce.jpl.nasa.gov/foundation/project#belongsTo'>
      <failure>
        Asserted in
        http://opencaesar.io/examples/firesat/programs/earth-science/projects/firesat/bundle/properties.
      </failure>
    </testcase>
    <testcase name='http://iso.org/80000-3-units#kilometre-per-second-has-second subproperty of http://iso.org/80000-3-units#kilometre-per-second-has-second'>
      <failure>
        Asserted in
        http://opencaesar.io/examples/firesat/programs/earth-science/projects/firesat/bundle/properties.
      </failure>
    </testcase>
    <testcase name='http://iso.org/80000-4-units#newton-second-has-newton subproperty of http://iso.org/80000-4-units#newton-second-has-newton'>
      <failure>
        Asserted in
        http://opencaesar.io/examples/firesat/programs/earth-science/projects/firesat/bundle/properties.
      </failure>
    </testcase>
    <testcase name='http://imce.jpl.nasa.gov/foundation/project#invokes subproperty of http://imce.jpl.nasa.gov/foundation/project#invokes'>
      <failure>
        Asserted in
        http://opencaesar.io/examples/firesat/programs/earth-science/projects/firesat/bundle/properties.
      </failure>
    </testcase>
    <testcase name='http://imce.jpl.nasa.gov/foundation/project#isInvokedBy subproperty of http://imce.jpl.nasa.gov/foundation/project#isInvokedBy'>
      <failure>
        Asserted in
        http://opencaesar.io/examples/firesat/programs/earth-science/projects/firesat/bundle/properties.
      </failure>
    </testcase>
    <testcase name='http://imce.jpl.nasa.gov/foundation/project#hasRealizesSource subproperty of http://imce.jpl.nasa.gov/foundation/project#hasRealizesSource'>
      <failure>
        Asserted in
        http://opencaesar.io/examples/firesat/programs/earth-science/projects/firesat/bundle/properties.
      </failure>
    </testcase>
    <testcase name='http://imce.jpl.nasa.gov/foundation/project#hasInterchangesThroughSource subproperty of http://imce.jpl.nasa.gov/foundation/project#hasInterchangesThroughSource'>
      <failure>
        Asserted in
        http://opencaesar.io/examples/firesat/programs/earth-science/projects/firesat/bundle/properties.
      </failure>
    </testcase>
    <testcase name='http://iso.org/80000-6-units#hasCoulomb-Has-AmpereSource subproperty of http://iso.org/80000-6-units#hasCoulomb-Has-AmpereSource'>
      <failure>
        Asserted in
        http://opencaesar.io/examples/firesat/programs/earth-science/projects/firesat/bundle/properties.
      </failure>
    </testcase>
    <testcase name='http://iso.org/80000-6-units#ohm-has-ampere subproperty of http://iso.org/80000-6-units#ohm-has-ampere'>
      <failure>
        Asserted in
        http://opencaesar.io/examples/firesat/programs/earth-science/projects/firesat/bundle/properties.
      </failure>
    </testcase>
    <testcase name='http://iupac.org/metrology#systemHasUnitaryQuantity subproperty of http://iupac.org/metrology#systemHasUnitaryQuantity'>
      <failure>
        Asserted in
        http://opencaesar.io/examples/firesat/programs/earth-science/projects/firesat/bundle/properties.
      </failure>
    </testcase>
    <testcase name='http://imce.jpl.nasa.gov/foundation/project#hasRepresentsSource subproperty of http://imce.jpl.nasa.gov/foundation/project#hasRepresentsSource'>
      <failure>
        Asserted in
        http://opencaesar.io/examples/firesat/programs/earth-science/projects/firesat/bundle/properties.
      </failure>
    </testcase>
    <testcase name='http://imce.jpl.nasa.gov/foundation/mission#hasEmitsSource subproperty of http://imce.jpl.nasa.gov/foundation/mission#hasEmitsSource'>
      <failure>
        Asserted in
        http://opencaesar.io/examples/firesat/programs/earth-science/projects/firesat/bundle/properties.
      </failure>
    </testcase>
    <testcase name='http://imce.jpl.nasa.gov/foundation/project#hasProducesSource subproperty of http://imce.jpl.nasa.gov/foundation/project#hasProducesSource'>
      <failure>
        Asserted in
        http://opencaesar.io/examples/firesat/programs/earth-science/projects/firesat/bundle/properties.
      </failure>
    </testcase>
    <testcase name='http://imce.jpl.nasa.gov/foundation/mission#transfers subproperty of http://imce.jpl.nasa.gov/foundation/mission#transfers'>
      <failure>
        Asserted in
        http://opencaesar.io/examples/firesat/programs/earth-science/projects/firesat/bundle/properties.
      </failure>
    </testcase>
    <testcase name='http://iso.org/80000-6-quantities#hasElectric-Charge-Has-DurationTarget subproperty of http://iso.org/80000-6-quantities#hasElectric-Charge-Has-DurationTarget'>
      <failure>
        Asserted in
        http://opencaesar.io/examples/firesat/programs/earth-science/projects/firesat/bundle/properties.
      </failure>
    </testcase>
    <testcase name='http://iso.org/80000-4-quantities#hasForce-Has-VelocitySource subproperty of http://iso.org/80000-4-quantities#hasForce-Has-VelocitySource'>
      <failure>
        Asserted in
        http://opencaesar.io/examples/firesat/programs/earth-science/projects/firesat/bundle/properties.
      </failure>
    </testcase>
    <testcase name='http://iso.org/80000-4-quantities#impulse-has-duration subproperty of http://iso.org/80000-4-quantities#impulse-has-duration'>
      <failure>
        Asserted in
        http://opencaesar.io/examples/firesat/programs/earth-science/projects/firesat/bundle/properties.
      </failure>
    </testcase>
    <testcase name='http://imce.jpl.nasa.gov/discipline/fse/fse#hasConnectsAssembly1Target subproperty of http://imce.jpl.nasa.gov/discipline/fse/fse#hasConnectsAssembly1Target'>
      <failure>
        Asserted in
        http://opencaesar.io/examples/firesat/programs/earth-science/projects/firesat/bundle/properties.
      </failure>
    </testcase>
    <testcase name='http://imce.jpl.nasa.gov/foundation/mission#isProducedBy subproperty of http://imce.jpl.nasa.gov/foundation/mission#isProducedBy'>
      <failure>
        Asserted in
        http://opencaesar.io/examples/firesat/programs/earth-science/projects/firesat/bundle/properties.
      </failure>
    </testcase>
    <testcase name='http://imce.jpl.nasa.gov/foundation/mission#produces subproperty of http://imce.jpl.nasa.gov/foundation/mission#produces'>
      <failure>
        Asserted in
        http://opencaesar.io/examples/firesat/programs/earth-science/projects/firesat/bundle/properties.
      </failure>
    </testcase>
    <testcase name='http://imce.jpl.nasa.gov/foundation/project#hasInvolves2Source subproperty of http://imce.jpl.nasa.gov/foundation/project#hasInvolves2Source'>
      <failure>
        Asserted in
        http://opencaesar.io/examples/firesat/programs/earth-science/projects/firesat/bundle/properties.
      </failure>
    </testcase>
    <testcase name='http://iso.org/80000-3-units#hasRadian-Has-Metre-NumeratorTarget subproperty of http://iso.org/80000-3-units#hasRadian-Has-Metre-NumeratorTarget'>
      <failure>
        Asserted in
        http://opencaesar.io/examples/firesat/programs/earth-science/projects/firesat/bundle/properties.
      </failure>
    </testcase>
    <testcase name='http://iso.org/80000-6-quantities#hasElectric-Field-Strength-Has-ForceSource subproperty of http://iso.org/80000-6-quantities#hasElectric-Field-Strength-Has-ForceSource'>
      <failure>
        Asserted in
        http://opencaesar.io/examples/firesat/programs/earth-science/projects/firesat/bundle/properties.
      </failure>
    </testcase>
    <testcase name='http://iupac.org/metrology#hasIsReflexiveMagnitudeOfSource subproperty of http://iupac.org/metrology#hasIsReflexiveMagnitudeOfSource'>
      <failure>
        Asserted in
        http://opencaesar.io/examples/firesat/programs/earth-science/projects/firesat/bundle/properties.
      </failure>
    </testcase>
    <testcase name='http://iso.org/80000-6-units#volt-has-newton-per-coulomb subproperty of http://iso.org/80000-6-units#volt-has-newton-per-coulomb'>
      <failure>
        Asserted in
        http://opencaesar.io/examples/firesat/programs/earth-science/projects/firesat/bundle/properties.
      </failure>
    </testcase>
    <testcase name='http://iso.org/80000-3-units#hasKilometre-Per-Second-Has-KilometreSource subproperty of http://iso.org/80000-3-units#hasKilometre-Per-Second-Has-KilometreSource'>
      <failure>
        Asserted in
        http://opencaesar.io/examples/firesat/programs/earth-science/projects/firesat/bundle/properties.
      </failure>
    </testcase>
    <testcase name='http://iso.org/80000-6-quantities#hasElectric-Potential-Has-Electric-Field-StrengthSource subproperty of http://iso.org/80000-6-quantities#hasElectric-Potential-Has-Electric-Field-StrengthSource'>
      <failure>
        Asserted in
        http://opencaesar.io/examples/firesat/programs/earth-science/projects/firesat/bundle/properties.
      </failure>
    </testcase>
    <testcase name='http://imce.jpl.nasa.gov/foundation/mission#isRefinedBy subproperty of http://imce.jpl.nasa.gov/foundation/mission#isRefinedBy'>
      <failure>
        Asserted in
        http://opencaesar.io/examples/firesat/programs/earth-science/projects/firesat/bundle/properties.
      </failure>
    </testcase>
    <testcase name='http://imce.jpl.nasa.gov/foundation/project#hasDescribesSource subproperty of http://imce.jpl.nasa.gov/foundation/project#hasDescribesSource'>
      <failure>
        Asserted in
        http://opencaesar.io/examples/firesat/programs/earth-science/projects/firesat/bundle/properties.
      </failure>
    </testcase>
    <testcase name='http://iupac.org/metrology#nonCoherentRelationship subproperty of http://iupac.org/metrology#nonCoherentRelationship'>
      <failure>
        Asserted in
        http://opencaesar.io/examples/firesat/programs/earth-science/projects/firesat/bundle/properties.
      </failure>
    </testcase>
    <testcase name='http://imce.jpl.nasa.gov/foundation/project#hasManifestsTarget subproperty of http://imce.jpl.nasa.gov/foundation/project#hasManifestsTarget'>
      <failure>
        Asserted in
        http://opencaesar.io/examples/firesat/programs/earth-science/projects/firesat/bundle/properties.
      </failure>
    </testcase>
    <testcase name='http://iso.org/80000-4-units#hasNewton-Has-KilogramSource subproperty of http://iso.org/80000-4-units#hasNewton-Has-KilogramSource'>
      <failure>
        Asserted in
        http://opencaesar.io/examples/firesat/programs/earth-science/projects/firesat/bundle/properties.
      </failure>
    </testcase>
    <testcase name='http://iso.org/80000-6-units#hasCoulomb-Has-SecondTarget subproperty of http://iso.org/80000-6-units#hasCoulomb-Has-SecondTarget'>
      <failure>
        Asserted in
        http://opencaesar.io/examples/firesat/programs/earth-science/projects/firesat/bundle/properties.
      </failure>
    </testcase>
    <testcase name='http://imce.jpl.nasa.gov/foundation/mission#hasInvokesSource subproperty of http://imce.jpl.nasa.gov/foundation/mission#hasInvokesSource'>
      <failure>
        Asserted in
        http://opencaesar.io/examples/firesat/programs/earth-science/projects/firesat/bundle/properties.
      </failure>
    </testcase>
    <testcase name='http://imce.jpl.nasa.gov/foundation/mission#hasProducesSource subproperty of http://imce.jpl.nasa.gov/foundation/mission#hasProducesSource'>
      <failure>
        Asserted in
        http://opencaesar.io/examples/firesat/programs/earth-science/projects/firesat/bundle/properties.
      </failure>
    </testcase>
    <testcase name='http://imce.jpl.nasa.gov/foundation/mission#hasInfluencesSource subproperty of http://imce.jpl.nasa.gov/foundation/mission#hasInfluencesSource'>
      <failure>
        Asserted in
        http://opencaesar.io/examples/firesat/programs/earth-science/projects/firesat/bundle/properties.
      </failure>
    </testcase>
    <testcase name='http://iso.org/80000-6-units#hasNewton-Per-Coulomb-Has-CoulombSource subproperty of http://iso.org/80000-6-units#hasNewton-Per-Coulomb-Has-CoulombSource'>
      <failure>
        Asserted in
        http://opencaesar.io/examples/firesat/programs/earth-science/projects/firesat/bundle/properties.
      </failure>
    </testcase>
    <testcase name='http://imce.jpl.nasa.gov/foundation/project#hasExecutesSource subproperty of http://imce.jpl.nasa.gov/foundation/project#hasExecutesSource'>
      <failure>
        Asserted in
        http://opencaesar.io/examples/firesat/programs/earth-science/projects/firesat/bundle/properties.
      </failure>
    </testcase>
    <testcase name='http://imce.jpl.nasa.gov/foundation/project#hasAuthorizesTarget subproperty of http://imce.jpl.nasa.gov/foundation/project#hasAuthorizesTarget'>
      <failure>
        Asserted in
        http://opencaesar.io/examples/firesat/programs/earth-science/projects/firesat/bundle/properties.
      </failure>
    </testcase>
    <testcase name='http://iso.org/80000-6-quantities#hasElectric-Potential-Has-Path-LengthTarget subproperty of http://iso.org/80000-6-quantities#hasElectric-Potential-Has-Path-LengthTarget'>
      <failure>
        Asserted in
        http://opencaesar.io/examples/firesat/programs/earth-science/projects/firesat/bundle/properties.
      </failure>
    </testcase>
    <testcase name='http://imce.jpl.nasa.gov/foundation/project#isResponsibilityOf subproperty of http://imce.jpl.nasa.gov/foundation/project#isResponsibilityOf'>
      <failure>
        Asserted in
        http://opencaesar.io/examples/firesat/programs/earth-science/projects/firesat/bundle/properties.
      </failure>
    </testcase>
    <testcase name='http://imce.jpl.nasa.gov/foundation/project#hasResponsibilityFor subproperty of http://imce.jpl.nasa.gov/foundation/project#hasResponsibilityFor'>
      <failure>
        Asserted in
        http://opencaesar.io/examples/firesat/programs/earth-science/projects/firesat/bundle/properties.
      </failure>
    </testcase>
    <testcase name='http://iupac.org/metrology#hasFactorForUnitaryQuantity subproperty of http://iupac.org/metrology#hasFactorForUnitaryQuantity'>
      <failure>
        Asserted in
        http://opencaesar.io/examples/firesat/programs/earth-science/projects/firesat/bundle/properties.
      </failure>
    </testcase>
    <testcase name='http://iupac.org/metrology#hasHasReferenceTarget subproperty of http://iupac.org/metrology#hasHasReferenceTarget'>
      <failure>
        Asserted in
        http://opencaesar.io/examples/firesat/programs/earth-science/projects/firesat/bundle/properties.
      </failure>
    </testcase>
    <testcase name='http://imce.jpl.nasa.gov/foundation/project#delegatesTo subproperty of http://imce.jpl.nasa.gov/foundation/project#delegatesTo'>
      <failure>
        Asserted in
        http://opencaesar.io/examples/firesat/programs/earth-science/projects/firesat/bundle/properties.
      </failure>
    </testcase>
    <testcase name='http://imce.jpl.nasa.gov/foundation/project#isDelegateOf subproperty of http://imce.jpl.nasa.gov/foundation/project#isDelegateOf'>
      <failure>
        Asserted in
        http://opencaesar.io/examples/firesat/programs/earth-science/projects/firesat/bundle/properties.
      </failure>
    </testcase>
    <testcase name='http://imce.jpl.nasa.gov/foundation/project#isPreparedBy subproperty of http://imce.jpl.nasa.gov/foundation/project#isPreparedBy'>
      <failure>
        Asserted in
        http://opencaesar.io/examples/firesat/programs/earth-science/projects/firesat/bundle/properties.
      </failure>
    </testcase>
    <testcase name='http://imce.jpl.nasa.gov/foundation/project#prepares subproperty of http://imce.jpl.nasa.gov/foundation/project#prepares'>
      <failure>
        Asserted in
        http://opencaesar.io/examples/firesat/programs/earth-science/projects/firesat/bundle/properties.
      </failure>
    </testcase>
    <testcase name='http://iupac.org/metrology#hasHasPrefixTarget subproperty of http://iupac.org/metrology#hasHasPrefixTarget'>
      <failure>
        Asserted in
        http://opencaesar.io/examples/firesat/programs/earth-science/projects/firesat/bundle/properties.
      </failure>
    </testcase>
    <testcase name='http://iso.org/80000-4-units#hasNewton-Second-Has-NewtonTarget subproperty of http://iso.org/80000-4-units#hasNewton-Second-Has-NewtonTarget'>
      <failure>
        Asserted in
        http://opencaesar.io/examples/firesat/programs/earth-science/projects/firesat/bundle/properties.
      </failure>
    </testcase>
    <testcase name='http://iso.org/80000-3-units#metre-per-second-has-second subproperty of http://iso.org/80000-3-units#metre-per-second-has-second'>
      <failure>
        Asserted in
        http://opencaesar.io/examples/firesat/programs/earth-science/projects/firesat/bundle/properties.
      </failure>
    </testcase>
    <testcase name='http://imce.jpl.nasa.gov/foundation/project#hasBelongsToTarget subproperty of http://imce.jpl.nasa.gov/foundation/project#hasBelongsToTarget'>
      <failure>
        Asserted in
        http://opencaesar.io/examples/firesat/programs/earth-science/projects/firesat/bundle/properties.
      </failure>
    </testcase>
    <testcase name='http://imce.jpl.nasa.gov/foundation/project#isRequiredNotLaterThan subproperty of http://imce.jpl.nasa.gov/foundation/project#isRequiredNotLaterThan'>
      <failure>
        Asserted in
        http://opencaesar.io/examples/firesat/programs/earth-science/projects/firesat/bundle/properties.
      </failure>
    </testcase>
    <testcase name='http://imce.jpl.nasa.gov/foundation/project#hasConcursSource subproperty of http://imce.jpl.nasa.gov/foundation/project#hasConcursSource'>
      <failure>
        Asserted in
        http://opencaesar.io/examples/firesat/programs/earth-science/projects/firesat/bundle/properties.
      </failure>
    </testcase>
    <testcase name='http://iso.org/80000-3-units#revolution-has-radian subproperty of http://iso.org/80000-3-units#revolution-has-radian'>
      <failure>
        Asserted in
        http://opencaesar.io/examples/firesat/programs/earth-science/projects/firesat/bundle/properties.
      </failure>
    </testcase>
    <testcase name='http://iso.org/80000-4-quantities#hasPower-Has-VelocityTarget subproperty of http://iso.org/80000-4-quantities#hasPower-Has-VelocityTarget'>
      <failure>
        Asserted in
        http://opencaesar.io/examples/firesat/programs/earth-science/projects/firesat/bundle/properties.
      </failure>
    </testcase>
    <testcase name='http://iso.org/80000-6-quantities#electric-field-strength-has-force subproperty of http://iso.org/80000-6-quantities#electric-field-strength-has-force'>
      <failure>
        Asserted in
        http://opencaesar.io/examples/firesat/programs/earth-science/projects/firesat/bundle/properties.
      </failure>
    </testcase>
    <testcase name='http://iso.org/80000-4-units#hasNewton-Millisecond-Has-NewtonTarget subproperty of http://iso.org/80000-4-units#hasNewton-Millisecond-Has-NewtonTarget'>
      <failure>
        Asserted in
        http://opencaesar.io/examples/firesat/programs/earth-science/projects/firesat/bundle/properties.
      </failure>
    </testcase>
    <testcase name='http://iso.org/80000-4-quantities#hasImpulse-Has-DurationSource subproperty of http://iso.org/80000-4-quantities#hasImpulse-Has-DurationSource'>
      <failure>
        Asserted in
        http://opencaesar.io/examples/firesat/programs/earth-science/projects/firesat/bundle/properties.
      </failure>
    </testcase>
    <testcase name='http://iso.org/80000-6-units#coulomb-has-second subproperty of http://iso.org/80000-6-units#coulomb-has-second'>
      <failure>
        Asserted in
        http://opencaesar.io/examples/firesat/programs/earth-science/projects/firesat/bundle/properties.
      </failure>
    </testcase>
    <testcase name='http://iso.org/80000-3-units#radian-has-metre-numerator subproperty of http://iso.org/80000-3-units#radian-has-metre-numerator'>
      <failure>
        Asserted in
        http://opencaesar.io/examples/firesat/programs/earth-science/projects/firesat/bundle/properties.
      </failure>
    </testcase>
    <testcase name='http://iso.org/80000-4-quantities#hasImpulse-Has-ForceTarget subproperty of http://iso.org/80000-4-quantities#hasImpulse-Has-ForceTarget'>
      <failure>
        Asserted in
        http://opencaesar.io/examples/firesat/programs/earth-science/projects/firesat/bundle/properties.
      </failure>
    </testcase>
    <testcase name='http://imce.jpl.nasa.gov/foundation/mission#hasSendsSource subproperty of http://imce.jpl.nasa.gov/foundation/mission#hasSendsSource'>
      <failure>
        Asserted in
        http://opencaesar.io/examples/firesat/programs/earth-science/projects/firesat/bundle/properties.
      </failure>
    </testcase>
    <testcase name='http://iso.org/80000-6-quantities#hasElectric-Charge-Has-Electric-CurrentSource subproperty of http://iso.org/80000-6-quantities#hasElectric-Charge-Has-Electric-CurrentSource'>
      <failure>
        Asserted in
        http://opencaesar.io/examples/firesat/programs/earth-science/projects/firesat/bundle/properties.
      </failure>
    </testcase>
    <testcase name='http://iso.org/80000-4-units#kilogram-metre-per-second-has-kilogram subproperty of http://iso.org/80000-4-units#kilogram-metre-per-second-has-kilogram'>
      <failure>
        Asserted in
        http://opencaesar.io/examples/firesat/programs/earth-science/projects/firesat/bundle/properties.
      </failure>
    </testcase>
    <testcase name='http://imce.jpl.nasa.gov/foundation/mission#hasTransfersInTarget subproperty of http://imce.jpl.nasa.gov/foundation/mission#hasTransfersInTarget'>
      <failure>
        Asserted in
        http://opencaesar.io/examples/firesat/programs/earth-science/projects/firesat/bundle/properties.
      </failure>
    </testcase>
    <testcase name='http://iso.org/80000-6-units#ohm-has-volt subproperty of http://iso.org/80000-6-units#ohm-has-volt'>
      <failure>
        Asserted in
        http://opencaesar.io/examples/firesat/programs/earth-science/projects/firesat/bundle/properties.
      </failure>
    </testcase>
    <testcase name='http://imce.jpl.nasa.gov/foundation/mission#hasIsTraversedBySource subproperty of http://imce.jpl.nasa.gov/foundation/mission#hasIsTraversedBySource'>
      <failure>
        Asserted in
        http://opencaesar.io/examples/firesat/programs/earth-science/projects/firesat/bundle/properties.
      </failure>
    </testcase>
    <testcase name='http://iso.org/80000-6-quantities#electric-charge-has-duration subproperty of http://iso.org/80000-6-quantities#electric-charge-has-duration'>
      <failure>
        Asserted in
        http://opencaesar.io/examples/firesat/programs/earth-science/projects/firesat/bundle/properties.
      </failure>
    </testcase>
    <testcase name='http://iso.org/80000-6-quantities#electric-potential-has-electric-field-strength subproperty of http://iso.org/80000-6-quantities#electric-potential-has-electric-field-strength'>
      <failure>
        Asserted in
        http://opencaesar.io/examples/firesat/programs/earth-science/projects/firesat/bundle/properties.
      </failure>
    </testcase>
    <testcase name='http://imce.jpl.nasa.gov/foundation/mission#hasInvolves1Target subproperty of http://imce.jpl.nasa.gov/foundation/mission#hasInvolves1Target'>
      <failure>
        Asserted in
        http://opencaesar.io/examples/firesat/programs/earth-science/projects/firesat/bundle/properties.
      </failure>
    </testcase>
    <testcase name='http://iso.org/80000-6-quantities#hasElectric-Charge-Has-DurationSource subproperty of http://iso.org/80000-6-quantities#hasElectric-Charge-Has-DurationSource'>
      <failure>
        Asserted in
        http://opencaesar.io/examples/firesat/programs/earth-science/projects/firesat/bundle/properties.
      </failure>
    </testcase>
    <testcase name='http://imce.jpl.nasa.gov/discipline/fse/fse#hasConnectsAssembly1Source subproperty of http://imce.jpl.nasa.gov/discipline/fse/fse#hasConnectsAssembly1Source'>
      <failure>
        Asserted in
        http://opencaesar.io/examples/firesat/programs/earth-science/projects/firesat/bundle/properties.
      </failure>
    </testcase>
    <testcase name='http://iso.org/80000-4-units#hasKilogram-Metre-Per-Second-Has-KilogramTarget subproperty of http://iso.org/80000-4-units#hasKilogram-Metre-Per-Second-Has-KilogramTarget'>
      <failure>
        Asserted in
        http://opencaesar.io/examples/firesat/programs/earth-science/projects/firesat/bundle/properties.
      </failure>
    </testcase>
    <testcase name='http://imce.jpl.nasa.gov/foundation/mission#hasJoins2Target subproperty of http://imce.jpl.nasa.gov/foundation/mission#hasJoins2Target'>
      <failure>
        Asserted in
        http://opencaesar.io/examples/firesat/programs/earth-science/projects/firesat/bundle/properties.
      </failure>
    </testcase>
    <testcase name='http://imce.jpl.nasa.gov/foundation/mission#hasInducesSource subproperty of http://imce.jpl.nasa.gov/foundation/mission#hasInducesSource'>
      <failure>
        Asserted in
        http://opencaesar.io/examples/firesat/programs/earth-science/projects/firesat/bundle/properties.
      </failure>
    </testcase>
    <testcase name='http://iso.org/80000-3-units#hasRadian-Has-Metre-DenominatorTarget subproperty of http://iso.org/80000-3-units#hasRadian-Has-Metre-DenominatorTarget'>
      <failure>
        Asserted in
        http://opencaesar.io/examples/firesat/programs/earth-science/projects/firesat/bundle/properties.
      </failure>
    </testcase>
    <testcase name='http://iso.org/80000-4-quantities#momentum-has-velocity subproperty of http://iso.org/80000-4-quantities#momentum-has-velocity'>
      <failure>
        Asserted in
        http://opencaesar.io/examples/firesat/programs/earth-science/projects/firesat/bundle/properties.
      </failure>
    </testcase>
    <testcase name='http://iso.org/80000-4-quantities#hasPower-Has-ForceSource subproperty of http://iso.org/80000-4-quantities#hasPower-Has-ForceSource'>
      <failure>
        Asserted in
        http://opencaesar.io/examples/firesat/programs/earth-science/projects/firesat/bundle/properties.
      </failure>
    </testcase>
    <testcase name='http://imce.jpl.nasa.gov/foundation/project#isInvolvedIn subproperty of http://imce.jpl.nasa.gov/foundation/project#isInvolvedIn'>
      <failure>
        Asserted in
        http://opencaesar.io/examples/firesat/programs/earth-science/projects/firesat/bundle/properties.
      </failure>
    </testcase>
    <testcase name='http://imce.jpl.nasa.gov/foundation/project#involves subproperty of http://imce.jpl.nasa.gov/foundation/project#involves'>
      <failure>
        Asserted in
        http://opencaesar.io/examples/firesat/programs/earth-science/projects/firesat/bundle/properties.
      </failure>
    </testcase>
    <testcase name='http://imce.jpl.nasa.gov/foundation/project#hasPreparesSource subproperty of http://imce.jpl.nasa.gov/foundation/project#hasPreparesSource'>
      <failure>
        Asserted in
        http://opencaesar.io/examples/firesat/programs/earth-science/projects/firesat/bundle/properties.
      </failure>
    </testcase>
    <testcase name='http://iso.org/80000-4-quantities#hasForce-Has-MomentumSource subproperty of http://iso.org/80000-4-quantities#hasForce-Has-MomentumSource'>
      <failure>
        Asserted in
        http://opencaesar.io/examples/firesat/programs/earth-science/projects/firesat/bundle/properties.
      </failure>
    </testcase>
    <testcase name='http://imce.jpl.nasa.gov/foundation/project#hasManifestsSource subproperty of http://imce.jpl.nasa.gov/foundation/project#hasManifestsSource'>
      <failure>
        Asserted in
        http://opencaesar.io/examples/firesat/programs/earth-science/projects/firesat/bundle/properties.
      </failure>
    </testcase>
    <testcase name='http://imce.jpl.nasa.gov/foundation/mission#hasSpecifiesSource subproperty of http://imce.jpl.nasa.gov/foundation/mission#hasSpecifiesSource'>
      <failure>
        Asserted in
        http://opencaesar.io/examples/firesat/programs/earth-science/projects/firesat/bundle/properties.
      </failure>
    </testcase>
    <testcase name='http://iso.org/80000-6-units#hasCoulomb-Has-SecondSource subproperty of http://iso.org/80000-6-units#hasCoulomb-Has-SecondSource'>
      <failure>
        Asserted in
        http://opencaesar.io/examples/firesat/programs/earth-science/projects/firesat/bundle/properties.
      </failure>
    </testcase>
    <testcase name='http://imce.jpl.nasa.gov/foundation/mission#isInducedBy subproperty of http://imce.jpl.nasa.gov/foundation/mission#isInducedBy'>
      <failure>
        Asserted in
        http://opencaesar.io/examples/firesat/programs/earth-science/projects/firesat/bundle/properties.
      </failure>
    </testcase>
    <testcase name='http://imce.jpl.nasa.gov/foundation/mission#induces subproperty of http://imce.jpl.nasa.gov/foundation/mission#induces'>
      <failure>
        Asserted in
        http://opencaesar.io/examples/firesat/programs/earth-science/projects/firesat/bundle/properties.
      </failure>
    </testcase>
    <testcase name='http://imce.jpl.nasa.gov/foundation/project#hasRealizesTarget subproperty of http://imce.jpl.nasa.gov/foundation/project#hasRealizesTarget'>
      <failure>
        Asserted in
        http://opencaesar.io/examples/firesat/programs/earth-science/projects/firesat/bundle/properties.
      </failure>
    </testcase>
    <testcase name='http://iso.org/80000-3-units#hasHertz-Has-SecondSource subproperty of http://iso.org/80000-3-units#hasHertz-Has-SecondSource'>
      <failure>
        Asserted in
        http://opencaesar.io/examples/firesat/programs/earth-science/projects/firesat/bundle/properties.
      </failure>
    </testcase>
    <testcase name='http://imce.jpl.nasa.gov/foundation/project#hasAuthorizesSource subproperty of http://imce.jpl.nasa.gov/foundation/project#hasAuthorizesSource'>
      <failure>
        Asserted in
        http://opencaesar.io/examples/firesat/programs/earth-science/projects/firesat/bundle/properties.
      </failure>
    </testcase>
    <testcase name='http://iso.org/80000-6-units#hasCoulomb-Has-AmpereTarget subproperty of http://iso.org/80000-6-units#hasCoulomb-Has-AmpereTarget'>
      <failure>
        Asserted in
        http://opencaesar.io/examples/firesat/programs/earth-science/projects/firesat/bundle/properties.
      </failure>
    </testcase>
    <testcase name='http://iso.org/80000-6-quantities#hasElectric-Potential-Has-Path-LengthSource subproperty of http://iso.org/80000-6-quantities#hasElectric-Potential-Has-Path-LengthSource'>
      <failure>
        Asserted in
        http://opencaesar.io/examples/firesat/programs/earth-science/projects/firesat/bundle/properties.
      </failure>
    </testcase>
    <testcase name='http://iupac.org/metrology#hasPrefix subproperty of http://iupac.org/metrology#hasPrefix'>
      <failure>
        Asserted in
        http://opencaesar.io/examples/firesat/programs/earth-science/projects/firesat/bundle/properties.
      </failure>
    </testcase>
    <testcase name='http://imce.jpl.nasa.gov/foundation/mission#hasRefinesSource subproperty of http://imce.jpl.nasa.gov/foundation/mission#hasRefinesSource'>
      <failure>
        Asserted in
        http://opencaesar.io/examples/firesat/programs/earth-science/projects/firesat/bundle/properties.
      </failure>
    </testcase>
    <testcase name='http://imce.jpl.nasa.gov/foundation/project#hasSuppliesTarget subproperty of http://imce.jpl.nasa.gov/foundation/project#hasSuppliesTarget'>
      <failure>
        Asserted in
        http://opencaesar.io/examples/firesat/programs/earth-science/projects/firesat/bundle/properties.
      </failure>
    </testcase>
    <testcase name='http://iso.org/80000-6-quantities#hasResistance-Has-Electric-CurrentSource subproperty of http://iso.org/80000-6-quantities#hasResistance-Has-Electric-CurrentSource'>
      <failure>
        Asserted in
        http://opencaesar.io/examples/firesat/programs/earth-science/projects/firesat/bundle/properties.
      </failure>
    </testcase>
    <testcase name='http://iso.org/80000-3-units#hasRevolution-Has-RadianSource subproperty of http://iso.org/80000-3-units#hasRevolution-Has-RadianSource'>
      <failure>
        Asserted in
        http://opencaesar.io/examples/firesat/programs/earth-science/projects/firesat/bundle/properties.
      </failure>
    </testcase>
    <testcase name='http://iso.org/80000-3-units#hasKilometre-Per-Second-Has-SecondTarget subproperty of http://iso.org/80000-3-units#hasKilometre-Per-Second-Has-SecondTarget'>
      <failure>
        Asserted in
        http://opencaesar.io/examples/firesat/programs/earth-science/projects/firesat/bundle/properties.
      </failure>
    </testcase>
    <testcase name='http://imce.jpl.nasa.gov/foundation/project#hasRepresentsTarget subproperty of http://imce.jpl.nasa.gov/foundation/project#hasRepresentsTarget'>
      <failure>
        Asserted in
        http://opencaesar.io/examples/firesat/programs/earth-science/projects/firesat/bundle/properties.
      </failure>
    </testcase>
    <testcase name='http://imce.jpl.nasa.gov/foundation/project#hasProducesTarget subproperty of http://imce.jpl.nasa.gov/foundation/project#hasProducesTarget'>
      <failure>
        Asserted in
        http://opencaesar.io/examples/firesat/programs/earth-science/projects/firesat/bundle/properties.
      </failure>
    </testcase>
    <testcase name='http://iso.org/80000-4-units#hasNewton-Second-Has-SecondTarget subproperty of http://iso.org/80000-4-units#hasNewton-Second-Has-SecondTarget'>
      <failure>
        Asserted in
        http://opencaesar.io/examples/firesat/programs/earth-science/projects/firesat/bundle/properties.
      </failure>
    </testcase>
    <testcase name='http://imce.jpl.nasa.gov/foundation/project#hasHasParticipantSource subproperty of http://imce.jpl.nasa.gov/foundation/project#hasHasParticipantSource'>
      <failure>
        Asserted in
        http://opencaesar.io/examples/firesat/programs/earth-science/projects/firesat/bundle/properties.
      </failure>
    </testcase>
    <testcase name='http://iso.org/80000-4-quantities#hasForce-Has-VelocityTarget subproperty of http://iso.org/80000-4-quantities#hasForce-Has-VelocityTarget'>
      <failure>
        Asserted in
        http://opencaesar.io/examples/firesat/programs/earth-science/projects/firesat/bundle/properties.
      </failure>
    </testcase>
    <testcase name='http://iso.org/80000-4-units#hasWatt-Has-NewtonTarget subproperty of http://iso.org/80000-4-units#hasWatt-Has-NewtonTarget'>
      <failure>
        Asserted in
        http://opencaesar.io/examples/firesat/programs/earth-science/projects/firesat/bundle/properties.
      </failure>
    </testcase>
    <testcase name='http://iso.org/80000-4-units#hasNewton-Second-Has-NewtonSource subproperty of http://iso.org/80000-4-units#hasNewton-Second-Has-NewtonSource'>
      <failure>
        Asserted in
        http://opencaesar.io/examples/firesat/programs/earth-science/projects/firesat/bundle/properties.
      </failure>
    </testcase>
    <testcase name='http://iso.org/80000-4-quantities#impulse-has-force subproperty of http://iso.org/80000-4-quantities#impulse-has-force'>
      <failure>
        Asserted in
        http://opencaesar.io/examples/firesat/programs/earth-science/projects/firesat/bundle/properties.
      </failure>
    </testcase>
    <testcase name='http://iupac.org/metrology#hasIsReflexiveMagnitudeOfTarget subproperty of http://iupac.org/metrology#hasIsReflexiveMagnitudeOfTarget'>
      <failure>
        Asserted in
        http://opencaesar.io/examples/firesat/programs/earth-science/projects/firesat/bundle/properties.
      </failure>
    </testcase>
    <testcase name='http://iso.org/80000-3-units#hasKilometre-Per-Second-Has-KilometreTarget subproperty of http://iso.org/80000-3-units#hasKilometre-Per-Second-Has-KilometreTarget'>
      <failure>
        Asserted in
        http://opencaesar.io/examples/firesat/programs/earth-science/projects/firesat/bundle/properties.
      </failure>
    </testcase>
    <testcase name='http://iso.org/80000-6-quantities#hasElectric-Potential-Has-Electric-Field-StrengthTarget subproperty of http://iso.org/80000-6-quantities#hasElectric-Potential-Has-Electric-Field-StrengthTarget'>
      <failure>
        Asserted in
        http://opencaesar.io/examples/firesat/programs/earth-science/projects/firesat/bundle/properties.
      </failure>
    </testcase>
    <testcase name='http://imce.jpl.nasa.gov/foundation/project#hasDescribesTarget subproperty of http://imce.jpl.nasa.gov/foundation/project#hasDescribesTarget'>
      <failure>
        Asserted in
        http://opencaesar.io/examples/firesat/programs/earth-science/projects/firesat/bundle/properties.
      </failure>
    </testcase>
    <testcase name='http://imce.jpl.nasa.gov/foundation/project#hasInvokesSource subproperty of http://imce.jpl.nasa.gov/foundation/project#hasInvokesSource'>
      <failure>
        Asserted in
        http://opencaesar.io/examples/firesat/programs/earth-science/projects/firesat/bundle/properties.
      </failure>
    </testcase>
    <testcase name='http://iso.org/80000-4-units#watt-has-newton subproperty of http://iso.org/80000-4-units#watt-has-newton'>
      <failure>
        Asserted in
        http://opencaesar.io/examples/firesat/programs/earth-science/projects/firesat/bundle/properties.
      </failure>
    </testcase>
    <testcase name='http://iso.org/80000-6-quantities#resistance-has-electric-potential subproperty of http://iso.org/80000-6-quantities#resistance-has-electric-potential'>
      <failure>
        Asserted in
        http://opencaesar.io/examples/firesat/programs/earth-science/projects/firesat/bundle/properties.
      </failure>
    </testcase>
    <testcase name='http://imce.jpl.nasa.gov/foundation/mission#hasInvokesTarget subproperty of http://imce.jpl.nasa.gov/foundation/mission#hasInvokesTarget'>
      <failure>
        Asserted in
        http://opencaesar.io/examples/firesat/programs/earth-science/projects/firesat/bundle/properties.
      </failure>
    </testcase>
    <testcase name='http://iso.org/80000-4-units#hasNewton-Has-KilogramTarget subproperty of http://iso.org/80000-4-units#hasNewton-Has-KilogramTarget'>
      <failure>
        Asserted in
        http://opencaesar.io/examples/firesat/programs/earth-science/projects/firesat/bundle/properties.
      </failure>
    </testcase>
    <testcase name='http://imce.jpl.nasa.gov/foundation/mission#hasInfluencesTarget subproperty of http://imce.jpl.nasa.gov/foundation/mission#hasInfluencesTarget'>
      <failure>
        Asserted in
        http://opencaesar.io/examples/firesat/programs/earth-science/projects/firesat/bundle/properties.
      </failure>
    </testcase>
    <testcase name='http://iso.org/80000-4-quantities#hasImpulse-Has-ForceSource subproperty of http://iso.org/80000-4-quantities#hasImpulse-Has-ForceSource'>
      <failure>
        Asserted in
        http://opencaesar.io/examples/firesat/programs/earth-science/projects/firesat/bundle/properties.
      </failure>
    </testcase>
    <testcase name='http://imce.jpl.nasa.gov/foundation/project#hasExecutesTarget subproperty of http://imce.jpl.nasa.gov/foundation/project#hasExecutesTarget'>
      <failure>
        Asserted in
        http://opencaesar.io/examples/firesat/programs/earth-science/projects/firesat/bundle/properties.
      </failure>
    </testcase>
    <testcase name='http://iso.org/80000-6-units#newton-per-coulomb-has-coulomb subproperty of http://iso.org/80000-6-units#newton-per-coulomb-has-coulomb'>
      <failure>
        Asserted in
        http://opencaesar.io/examples/firesat/programs/earth-science/projects/firesat/bundle/properties.
      </failure>
    </testcase>
    <testcase name='http://iso.org/80000-4-units#hasWatt-Has-Metre-Per-SecondSource subproperty of http://iso.org/80000-4-units#hasWatt-Has-Metre-Per-SecondSource'>
      <failure>
        Asserted in
        http://opencaesar.io/examples/firesat/programs/earth-science/projects/firesat/bundle/properties.
      </failure>
    </testcase>
    <testcase name='http://iso.org/80000-4-quantities#hasMomentum-Has-VelocitySource subproperty of http://iso.org/80000-4-quantities#hasMomentum-Has-VelocitySource'>
      <failure>
        Asserted in
        http://opencaesar.io/examples/firesat/programs/earth-science/projects/firesat/bundle/properties.
      </failure>
    </testcase>
    <testcase name='http://iso.org/80000-6-units#hasVolt-Has-Newton-Per-CoulombTarget subproperty of http://iso.org/80000-6-units#hasVolt-Has-Newton-Per-CoulombTarget'>
      <failure>
        Asserted in
        http://opencaesar.io/examples/firesat/programs/earth-science/projects/firesat/bundle/properties.
      </failure>
    </testcase>
    <testcase name='http://imce.jpl.nasa.gov/foundation/project#hasBindsSource subproperty of http://imce.jpl.nasa.gov/foundation/project#hasBindsSource'>
      <failure>
        Asserted in
        http://opencaesar.io/examples/firesat/programs/earth-science/projects/firesat/bundle/properties.
      </failure>
    </testcase>
    <testcase name='http://imce.jpl.nasa.gov/foundation/mission#hasInvolves1Source subproperty of http://imce.jpl.nasa.gov/foundation/mission#hasInvolves1Source'>
      <failure>
        Asserted in
        http://opencaesar.io/examples/firesat/programs/earth-science/projects/firesat/bundle/properties.
      </failure>
    </testcase>
    <testcase name='http://imce.jpl.nasa.gov/foundation/mission#transfersOut subproperty of http://imce.jpl.nasa.gov/foundation/mission#transfersOut'>
      <failure>
        Asserted in
        http://opencaesar.io/examples/firesat/programs/earth-science/projects/firesat/bundle/properties.
      </failure>
    </testcase>
    <testcase name='http://iso.org/80000-4-units#hasKilogram-Metre-Per-Second-Has-KilogramSource subproperty of http://iso.org/80000-4-units#hasKilogram-Metre-Per-Second-Has-KilogramSource'>
      <failure>
        Asserted in
        http://opencaesar.io/examples/firesat/programs/earth-science/projects/firesat/bundle/properties.
      </failure>
    </testcase>
    <testcase name='http://iso.org/80000-4-quantities#power-has-force subproperty of http://iso.org/80000-4-quantities#power-has-force'>
      <failure>
        Asserted in
        http://opencaesar.io/examples/firesat/programs/earth-science/projects/firesat/bundle/properties.
      </failure>
    </testcase>
    <testcase name='http://imce.jpl.nasa.gov/foundation/mission#hasJoins2Source subproperty of http://imce.jpl.nasa.gov/foundation/mission#hasJoins2Source'>
      <failure>
        Asserted in
        http://opencaesar.io/examples/firesat/programs/earth-science/projects/firesat/bundle/properties.
      </failure>
    </testcase>
    <testcase name='http://imce.jpl.nasa.gov/discipline/fse/fse#hasConnectsAssembly2Target subproperty of http://imce.jpl.nasa.gov/discipline/fse/fse#hasConnectsAssembly2Target'>
      <failure>
        Asserted in
        http://opencaesar.io/examples/firesat/programs/earth-science/projects/firesat/bundle/properties.
      </failure>
    </testcase>
    <testcase name='http://imce.jpl.nasa.gov/foundation/project#hasConcursTarget subproperty of http://imce.jpl.nasa.gov/foundation/project#hasConcursTarget'>
      <failure>
        Asserted in
        http://opencaesar.io/examples/firesat/programs/earth-science/projects/firesat/bundle/properties.
      </failure>
    </testcase>
    <testcase name='http://iso.org/80000-3-units#hasRadian-Has-Metre-DenominatorSource subproperty of http://iso.org/80000-3-units#hasRadian-Has-Metre-DenominatorSource'>
      <failure>
        Asserted in
        http://opencaesar.io/examples/firesat/programs/earth-science/projects/firesat/bundle/properties.
      </failure>
    </testcase>
    <testcase name='http://iso.org/80000-6-units#hasOhm-Has-AmpereSource subproperty of http://iso.org/80000-6-units#hasOhm-Has-AmpereSource'>
      <failure>
        Asserted in
        http://opencaesar.io/examples/firesat/programs/earth-science/projects/firesat/bundle/properties.
      </failure>
    </testcase>
    <testcase name='http://iso.org/80000-4-quantities#hasImpulse-Has-DurationTarget subproperty of http://iso.org/80000-4-quantities#hasImpulse-Has-DurationTarget'>
      <failure>
        Asserted in
        http://opencaesar.io/examples/firesat/programs/earth-science/projects/firesat/bundle/properties.
      </failure>
    </testcase>
    <testcase name='http://imce.jpl.nasa.gov/foundation/mission#hasSendsTarget subproperty of http://imce.jpl.nasa.gov/foundation/mission#hasSendsTarget'>
      <failure>
        Asserted in
        http://opencaesar.io/examples/firesat/programs/earth-science/projects/firesat/bundle/properties.
      </failure>
    </testcase>
    <testcase name='http://iso.org/80000-4-units#newton-second-has-second subproperty of http://iso.org/80000-4-units#newton-second-has-second'>
      <failure>
        Asserted in
        http://opencaesar.io/examples/firesat/programs/earth-science/projects/firesat/bundle/properties.
      </failure>
    </testcase>
    <testcase name='http://iso.org/80000-4-units#hasNewton-Millisecond-Has-MillisecondSource subproperty of http://iso.org/80000-4-units#hasNewton-Millisecond-Has-MillisecondSource'>
      <failure>
        Asserted in
        http://opencaesar.io/examples/firesat/programs/earth-science/projects/firesat/bundle/properties.
      </failure>
    </testcase>
    <testcase name='http://imce.jpl.nasa.gov/foundation/mission#hasIsTraversedByTarget subproperty of http://imce.jpl.nasa.gov/foundation/mission#hasIsTraversedByTarget'>
      <failure>
        Asserted in
        http://opencaesar.io/examples/firesat/programs/earth-science/projects/firesat/bundle/properties.
      </failure>
    </testcase>
    <testcase name='http://imce.jpl.nasa.gov/discipline/fse/fse#hasMultiplicity subproperty of http://imce.jpl.nasa.gov/discipline/fse/fse#hasMultiplicity'>
      <failure>
        Asserted in
        http://opencaesar.io/examples/firesat/programs/earth-science/projects/firesat/bundle/properties.
      </failure>
    </testcase>
    <testcase name='http://imce.jpl.nasa.gov/foundation/project#authorizes subproperty of http://imce.jpl.nasa.gov/foundation/project#authorizes'>
      <failure>
        Asserted in
        http://opencaesar.io/examples/firesat/programs/earth-science/projects/firesat/bundle/properties.
      </failure>
    </testcase>
    <testcase name='http://imce.jpl.nasa.gov/foundation/project#hasSuppliesSource subproperty of http://imce.jpl.nasa.gov/foundation/project#hasSuppliesSource'>
      <failure>
        Asserted in
        http://opencaesar.io/examples/firesat/programs/earth-science/projects/firesat/bundle/properties.
      </failure>
    </testcase>
    <testcase name='http://imce.jpl.nasa.gov/foundation/mission#hasHasParticipantTarget subproperty of http://imce.jpl.nasa.gov/foundation/mission#hasHasParticipantTarget'>
      <failure>
        Asserted in
        http://opencaesar.io/examples/firesat/programs/earth-science/projects/firesat/bundle/properties.
      </failure>
    </testcase>
    <testcase name='http://iso.org/80000-3-units#hasKilometre-Per-Second-Has-SecondSource subproperty of http://iso.org/80000-3-units#hasKilometre-Per-Second-Has-SecondSource'>
      <failure>
        Asserted in
        http://opencaesar.io/examples/firesat/programs/earth-science/projects/firesat/bundle/properties.
      </failure>
    </testcase>
    <testcase name='http://iso.org/80000-6-quantities#hasElectric-Field-Strength-Has-Electric-ChargeTarget subproperty of http://iso.org/80000-6-quantities#hasElectric-Field-Strength-Has-Electric-ChargeTarget'>
      <failure>
        Asserted in
        http://opencaesar.io/examples/firesat/programs/earth-science/projects/firesat/bundle/properties.
      </failure>
    </testcase>
    <testcase name='http://iso.org/80000-4-units#hasNewton-Second-Has-SecondSource subproperty of http://iso.org/80000-4-units#hasNewton-Second-Has-SecondSource'>
      <failure>
        Asserted in
        http://opencaesar.io/examples/firesat/programs/earth-science/projects/firesat/bundle/properties.
      </failure>
    </testcase>
  </testsuite>
</testsuites>
