<testsuites>
  <testsuite name='every entity, aspect, or reified object property is a characterized element'/>
  <testsuite name='every entity declared in the proper ontology'>
    <testcase name='http://imce.jpl.nasa.gov/discipline/fse/assemblies'/>
    <testcase name='http://imce.jpl.nasa.gov/discipline/fse/assemblies#BaseAssembly'/>
    <testcase name='http://imce.jpl.nasa.gov/discipline/fse/bundle'/>
    <testcase name='http://imce.jpl.nasa.gov/discipline/fse/endcircuits'/>
    <testcase name='http://imce.jpl.nasa.gov/discipline/fse/endcircuits#Power'/>
    <testcase name='http://imce.jpl.nasa.gov/discipline/fse/endcircuits#PowerIn'/>
    <testcase name='http://imce.jpl.nasa.gov/discipline/fse/endcircuits#PowerOut'/>
    <testcase name='http://imce.jpl.nasa.gov/discipline/fse/endcircuits#UnidirectionalPower'/>
    <testcase name='http://imce.jpl.nasa.gov/discipline/fse/fse'/>
    <testcase name='http://imce.jpl.nasa.gov/discipline/fse/fse#Assembly'/>
    <testcase name='http://imce.jpl.nasa.gov/discipline/fse/fse#CBEMagnitude'/>
    <testcase name='http://imce.jpl.nasa.gov/discipline/fse/fse#CBEMass'/>
    <testcase name='http://imce.jpl.nasa.gov/discipline/fse/fse#ConnectsAssembly'/>
    <testcase name='http://imce.jpl.nasa.gov/discipline/fse/fse#ConnectsAssembly1'/>
    <testcase name='http://imce.jpl.nasa.gov/discipline/fse/fse#ConnectsAssembly2'/>
    <testcase name='http://imce.jpl.nasa.gov/discipline/fse/fse#ConsumableMass'/>
    <testcase name='http://imce.jpl.nasa.gov/discipline/fse/fse#EndCircuit'/>
    <testcase name='http://imce.jpl.nasa.gov/discipline/fse/fse#EndCircuitDirection'/>
    <testcase name='http://imce.jpl.nasa.gov/discipline/fse/fse#EndCircuitPresentingElement'/>
    <testcase name='http://imce.jpl.nasa.gov/discipline/fse/fse#FlightHardwareComponent'/>
    <testcase name='http://imce.jpl.nasa.gov/discipline/fse/fse#Function'/>
    <testcase name='http://imce.jpl.nasa.gov/discipline/fse/fse#FunctionDirection'/>
    <testcase name='http://imce.jpl.nasa.gov/discipline/fse/fse#MEVMagnitue'/>
    <testcase name='http://imce.jpl.nasa.gov/discipline/fse/fse#MEVMass'/>
    <testcase name='http://imce.jpl.nasa.gov/discipline/fse/fse#MGAMagnitude'/>
    <testcase name='http://imce.jpl.nasa.gov/discipline/fse/fse#MGAMass'/>
    <testcase name='http://imce.jpl.nasa.gov/discipline/fse/fse#MassAllocatedElement'/>
    <testcase name='http://imce.jpl.nasa.gov/discipline/fse/fse#MassAllocation'/>
    <testcase name='http://imce.jpl.nasa.gov/discipline/fse/fse#MassAllocationMagnitude'/>
    <testcase name='http://imce.jpl.nasa.gov/discipline/fse/fse#MassConstrainedElement'/>
    <testcase name='http://imce.jpl.nasa.gov/discipline/fse/fse#MassEstimate'/>
    <testcase name='http://imce.jpl.nasa.gov/discipline/fse/fse#MassEstimateMagnitude'/>
    <testcase name='http://imce.jpl.nasa.gov/discipline/fse/fse#MassEstimatedElement'/>
    <testcase name='http://imce.jpl.nasa.gov/discipline/fse/fse#MassLimit'/>
    <testcase name='http://imce.jpl.nasa.gov/discipline/fse/fse#MassLimitMagnitude'/>
    <testcase name='http://imce.jpl.nasa.gov/discipline/fse/fse#MassProxy'/>
    <testcase name='http://imce.jpl.nasa.gov/discipline/fse/fse#ReferenceDesignatedElement'/>
    <testcase name='http://imce.jpl.nasa.gov/discipline/fse/fse#Subsystem'/>
    <testcase name='http://imce.jpl.nasa.gov/discipline/fse/fse#connectsAssembly'/>
    <testcase name='http://imce.jpl.nasa.gov/discipline/fse/fse#connectsAssembly1'/>
    <testcase name='http://imce.jpl.nasa.gov/discipline/fse/fse#connectsAssembly2'/>
    <testcase name='http://imce.jpl.nasa.gov/discipline/fse/fse#hasAcronym'/>
    <testcase name='http://imce.jpl.nasa.gov/discipline/fse/fse#hasConnectsAssembly1Source'/>
    <testcase name='http://imce.jpl.nasa.gov/discipline/fse/fse#hasConnectsAssembly1Target'/>
    <testcase name='http://imce.jpl.nasa.gov/discipline/fse/fse#hasConnectsAssembly2Source'/>
    <testcase name='http://imce.jpl.nasa.gov/discipline/fse/fse#hasConnectsAssembly2Target'/>
    <testcase name='http://imce.jpl.nasa.gov/discipline/fse/fse#hasConnectsAssemblySource'/>
    <testcase name='http://imce.jpl.nasa.gov/discipline/fse/fse#hasConnectsAssemblyTarget'/>
    <testcase name='http://imce.jpl.nasa.gov/discipline/fse/fse#hasEndCircuitDirection'/>
    <testcase name='http://imce.jpl.nasa.gov/discipline/fse/fse#hasEndCircuitIdentifier'/>
    <testcase name='http://imce.jpl.nasa.gov/discipline/fse/fse#hasFunctionDirection'/>
    <testcase name='http://imce.jpl.nasa.gov/discipline/fse/fse#hasFunctionNumber'/>
    <testcase name='http://imce.jpl.nasa.gov/discipline/fse/fse#hasMultiplicity'/>
    <testcase name='http://imce.jpl.nasa.gov/discipline/fse/fse#hasReferenceDesignator'/>
    <testcase name='urn:swrl#r'/>
    <testcase name='urn:swrl#s'/>
    <testcase name='urn:swrl#t'/>
    <testcase name='http://imce.jpl.nasa.gov/discipline/fse/functions'/>
    <testcase name='http://imce.jpl.nasa.gov/discipline/fse/functions#BaseFunction'/>
    <testcase name='http://imce.jpl.nasa.gov/discipline/fse/functions#Power'/>
    <testcase name='http://imce.jpl.nasa.gov/discipline/fse/functions#UnidirectionalPower'/>
    <testcase name='http://imce.jpl.nasa.gov/foundation/analysis'/>
    <testcase name='http://imce.jpl.nasa.gov/foundation/analysis#Analysis'/>
    <testcase name='http://imce.jpl.nasa.gov/foundation/analysis#AnalyzedElement'/>
    <testcase name='http://imce.jpl.nasa.gov/foundation/analysis#Analyzes'/>
    <testcase name='http://imce.jpl.nasa.gov/foundation/analysis#Assumption'/>
    <testcase name='http://imce.jpl.nasa.gov/foundation/analysis#Characterization'/>
    <testcase name='http://imce.jpl.nasa.gov/foundation/analysis#CharacterizedElement'/>
    <testcase name='http://imce.jpl.nasa.gov/foundation/analysis#Characterizes'/>
    <testcase name='http://imce.jpl.nasa.gov/foundation/analysis#ConstrainedElement'/>
    <testcase name='http://imce.jpl.nasa.gov/foundation/analysis#Constrains'/>
    <testcase name='http://imce.jpl.nasa.gov/foundation/analysis#Constraint'/>
    <testcase name='http://imce.jpl.nasa.gov/foundation/analysis#Criterion'/>
    <testcase name='http://imce.jpl.nasa.gov/foundation/analysis#DrivingRequirementsAnalysis'/>
    <testcase name='http://imce.jpl.nasa.gov/foundation/analysis#DrivingRequirementsExplanation'/>
    <testcase name='http://imce.jpl.nasa.gov/foundation/analysis#Explains'/>
    <testcase name='http://imce.jpl.nasa.gov/foundation/analysis#Explanation'/>
    <testcase name='http://imce.jpl.nasa.gov/foundation/analysis#Fact'/>
    <testcase name='http://imce.jpl.nasa.gov/foundation/analysis#GlossaryEntry'/>
    <testcase name='http://imce.jpl.nasa.gov/foundation/analysis#KeyRequirementsAnalysis'/>
    <testcase name='http://imce.jpl.nasa.gov/foundation/analysis#KeyRequirementsExplanation'/>
    <testcase name='http://imce.jpl.nasa.gov/foundation/analysis#Limits'/>
    <testcase name='http://imce.jpl.nasa.gov/foundation/analysis#TradeStudy'/>
    <testcase name='http://imce.jpl.nasa.gov/foundation/analysis#Validates'/>
    <testcase name='http://imce.jpl.nasa.gov/foundation/analysis#analyzes'/>
    <testcase name='http://imce.jpl.nasa.gov/foundation/analysis#characterizes'/>
    <testcase name='http://imce.jpl.nasa.gov/foundation/analysis#constrains'/>
    <testcase name='http://imce.jpl.nasa.gov/foundation/analysis#explains'/>
    <testcase name='http://imce.jpl.nasa.gov/foundation/analysis#hasAnalyzesSource'/>
    <testcase name='http://imce.jpl.nasa.gov/foundation/analysis#hasAnalyzesTarget'/>
    <testcase name='http://imce.jpl.nasa.gov/foundation/analysis#hasCharacterizesSource'/>
    <testcase name='http://imce.jpl.nasa.gov/foundation/analysis#hasCharacterizesTarget'/>
    <testcase name='http://imce.jpl.nasa.gov/foundation/analysis#hasConstrainsSource'/>
    <testcase name='http://imce.jpl.nasa.gov/foundation/analysis#hasConstrainsTarget'/>
    <testcase name='http://imce.jpl.nasa.gov/foundation/analysis#hasExplainsSource'/>
    <testcase name='http://imce.jpl.nasa.gov/foundation/analysis#hasExplainsTarget'/>
    <testcase name='http://imce.jpl.nasa.gov/foundation/analysis#hasGlossaryDefinition'/>
    <testcase name='http://imce.jpl.nasa.gov/foundation/analysis#hasGlossaryTerm'/>
    <testcase name='http://imce.jpl.nasa.gov/foundation/analysis#hasLimitsSource'/>
    <testcase name='http://imce.jpl.nasa.gov/foundation/analysis#hasLimitsTarget'/>
    <testcase name='http://imce.jpl.nasa.gov/foundation/analysis#hasValidatesSource'/>
    <testcase name='http://imce.jpl.nasa.gov/foundation/analysis#hasValidatesTarget'/>
    <testcase name='http://imce.jpl.nasa.gov/foundation/analysis#isAnalyzedBy'/>
    <testcase name='http://imce.jpl.nasa.gov/foundation/analysis#isCharacterizedBy'/>
    <testcase name='http://imce.jpl.nasa.gov/foundation/analysis#isExplainedBy'/>
    <testcase name='http://imce.jpl.nasa.gov/foundation/analysis#isLimitedBy'/>
    <testcase name='http://imce.jpl.nasa.gov/foundation/analysis#isValidatedBy'/>
    <testcase name='http://imce.jpl.nasa.gov/foundation/analysis#limits'/>
    <testcase name='http://imce.jpl.nasa.gov/foundation/analysis#validates'/>
    <testcase name='urn:swrl#r'/>
    <testcase name='urn:swrl#s'/>
    <testcase name='urn:swrl#t'/>
    <testcase name='http://imce.jpl.nasa.gov/foundation/base'/>
    <testcase name='http://imce.jpl.nasa.gov/foundation/base#AggregatedElement'/>
    <testcase name='http://imce.jpl.nasa.gov/foundation/base#Aggregates'/>
    <testcase name='http://imce.jpl.nasa.gov/foundation/base#ContainedElement'/>
    <testcase name='http://imce.jpl.nasa.gov/foundation/base#Container'/>
    <testcase name='http://imce.jpl.nasa.gov/foundation/base#Contains'/>
    <testcase name='http://imce.jpl.nasa.gov/foundation/base#IdentifiedElement'/>
    <testcase name='http://imce.jpl.nasa.gov/foundation/base#Package'/>
    <testcase name='http://imce.jpl.nasa.gov/foundation/base#aggregates'/>
    <testcase name='http://imce.jpl.nasa.gov/foundation/base#contains'/>
    <testcase name='http://imce.jpl.nasa.gov/foundation/base#hasAggregatesSource'/>
    <testcase name='http://imce.jpl.nasa.gov/foundation/base#hasAggregatesTarget'/>
    <testcase name='http://imce.jpl.nasa.gov/foundation/base#hasAlternateName'/>
    <testcase name='http://imce.jpl.nasa.gov/foundation/base#hasCanonicalName'/>
    <testcase name='http://imce.jpl.nasa.gov/foundation/base#hasContainmentIndex'/>
    <testcase name='http://imce.jpl.nasa.gov/foundation/base#hasContainsSource'/>
    <testcase name='http://imce.jpl.nasa.gov/foundation/base#hasContainsTarget'/>
    <testcase name='http://imce.jpl.nasa.gov/foundation/base#hasDescription'/>
    <testcase name='http://imce.jpl.nasa.gov/foundation/base#hasIdentifier'/>
    <testcase name='http://imce.jpl.nasa.gov/foundation/base#hasIndexEntry'/>
    <testcase name='http://imce.jpl.nasa.gov/foundation/base#hasShortName'/>
    <testcase name='http://imce.jpl.nasa.gov/foundation/base#hasSortKey'/>
    <testcase name='http://imce.jpl.nasa.gov/foundation/base#hasUuid'/>
    <testcase name='http://imce.jpl.nasa.gov/foundation/base#isAggregatedIn'/>
    <testcase name='http://imce.jpl.nasa.gov/foundation/base#isContainedIn'/>
    <testcase name='http://opencaesar.io/oml#Aspect'>
      <failure>
        declared in http://imce.jpl.nasa.gov/foundation/base.
      </failure>
    </testcase>
    <testcase name='http://opencaesar.io/oml#Concept'>
      <failure>
        declared in http://imce.jpl.nasa.gov/foundation/base.
      </failure>
    </testcase>
    <testcase name='http://opencaesar.io/oml#RelationEntity'>
      <failure>
        declared in http://imce.jpl.nasa.gov/foundation/base.
      </failure>
    </testcase>
    <testcase name='http://opencaesar.io/oml#forwardRelation'>
      <failure>
        declared in http://imce.jpl.nasa.gov/foundation/base.
      </failure>
    </testcase>
    <testcase name='http://opencaesar.io/oml#reverseRelation'>
      <failure>
        declared in http://imce.jpl.nasa.gov/foundation/base.
      </failure>
    </testcase>
    <testcase name='http://opencaesar.io/oml#scalarProperty'>
      <failure>
        declared in http://imce.jpl.nasa.gov/foundation/base.
      </failure>
    </testcase>
    <testcase name='http://opencaesar.io/oml#sourceRelation'>
      <failure>
        declared in http://imce.jpl.nasa.gov/foundation/base.
      </failure>
    </testcase>
    <testcase name='http://opencaesar.io/oml#targetRelation'>
      <failure>
        declared in http://imce.jpl.nasa.gov/foundation/base.
      </failure>
    </testcase>
    <testcase name='urn:swrl#r'/>
    <testcase name='urn:swrl#s'/>
    <testcase name='urn:swrl#t'/>
    <testcase name='http://imce.jpl.nasa.gov/foundation/bundle'/>
    <testcase name='http://imce.jpl.nasa.gov/foundation/mission'/>
    <testcase name='http://imce.jpl.nasa.gov/foundation/mission#Component'/>
    <testcase name='http://imce.jpl.nasa.gov/foundation/mission#Deploys'/>
    <testcase name='http://imce.jpl.nasa.gov/foundation/mission#Emits'/>
    <testcase name='http://imce.jpl.nasa.gov/foundation/mission#Environment'/>
    <testcase name='http://imce.jpl.nasa.gov/foundation/mission#Flow'/>
    <testcase name='http://imce.jpl.nasa.gov/foundation/mission#Function'/>
    <testcase name='http://imce.jpl.nasa.gov/foundation/mission#HasParticipant'/>
    <testcase name='http://imce.jpl.nasa.gov/foundation/mission#Induces'/>
    <testcase name='http://imce.jpl.nasa.gov/foundation/mission#Influences'/>
    <testcase name='http://imce.jpl.nasa.gov/foundation/mission#Ingests'/>
    <testcase name='http://imce.jpl.nasa.gov/foundation/mission#Interchange'/>
    <testcase name='http://imce.jpl.nasa.gov/foundation/mission#InterchangePoint'/>
    <testcase name='http://imce.jpl.nasa.gov/foundation/mission#InterchangesThrough'/>
    <testcase name='http://imce.jpl.nasa.gov/foundation/mission#Interface'/>
    <testcase name='http://imce.jpl.nasa.gov/foundation/mission#Invokes'/>
    <testcase name='http://imce.jpl.nasa.gov/foundation/mission#Involves'/>
    <testcase name='http://imce.jpl.nasa.gov/foundation/mission#Involves1'/>
    <testcase name='http://imce.jpl.nasa.gov/foundation/mission#Involves2'/>
    <testcase name='http://imce.jpl.nasa.gov/foundation/mission#IsTraversedBy'/>
    <testcase name='http://imce.jpl.nasa.gov/foundation/mission#Item'/>
    <testcase name='http://imce.jpl.nasa.gov/foundation/mission#Joins'/>
    <testcase name='http://imce.jpl.nasa.gov/foundation/mission#Joins1'/>
    <testcase name='http://imce.jpl.nasa.gov/foundation/mission#Joins2'/>
    <testcase name='http://imce.jpl.nasa.gov/foundation/mission#Junction'/>
    <testcase name='http://imce.jpl.nasa.gov/foundation/mission#MaterialItem'/>
    <testcase name='http://imce.jpl.nasa.gov/foundation/mission#Message'/>
    <testcase name='http://imce.jpl.nasa.gov/foundation/mission#Mission'/>
    <testcase name='http://imce.jpl.nasa.gov/foundation/mission#Objective'/>
    <testcase name='http://imce.jpl.nasa.gov/foundation/mission#PerformingElement'/>
    <testcase name='http://imce.jpl.nasa.gov/foundation/mission#Performs'/>
    <testcase name='http://imce.jpl.nasa.gov/foundation/mission#PresentingElement'/>
    <testcase name='http://imce.jpl.nasa.gov/foundation/mission#Presents'/>
    <testcase name='http://imce.jpl.nasa.gov/foundation/mission#Produces'/>
    <testcase name='http://imce.jpl.nasa.gov/foundation/mission#Product'/>
    <testcase name='http://imce.jpl.nasa.gov/foundation/mission#Pursues'/>
    <testcase name='http://imce.jpl.nasa.gov/foundation/mission#Receives'/>
    <testcase name='http://imce.jpl.nasa.gov/foundation/mission#Refines'/>
    <testcase name='http://imce.jpl.nasa.gov/foundation/mission#Requirement'/>
    <testcase name='http://imce.jpl.nasa.gov/foundation/mission#Sends'/>
    <testcase name='http://imce.jpl.nasa.gov/foundation/mission#SpecifiedElement'/>
    <testcase name='http://imce.jpl.nasa.gov/foundation/mission#Specifies'/>
    <testcase name='http://imce.jpl.nasa.gov/foundation/mission#Transfers'/>
    <testcase name='http://imce.jpl.nasa.gov/foundation/mission#TransfersIn'/>
    <testcase name='http://imce.jpl.nasa.gov/foundation/mission#TransfersOut'/>
    <testcase name='http://imce.jpl.nasa.gov/foundation/mission#TraversingElement'/>
    <testcase name='http://imce.jpl.nasa.gov/foundation/mission#deploys'/>
    <testcase name='http://imce.jpl.nasa.gov/foundation/mission#emits'/>
    <testcase name='http://imce.jpl.nasa.gov/foundation/mission#hasDeploysSource'/>
    <testcase name='http://imce.jpl.nasa.gov/foundation/mission#hasDeploysTarget'/>
    <testcase name='http://imce.jpl.nasa.gov/foundation/mission#hasEmitsSource'/>
    <testcase name='http://imce.jpl.nasa.gov/foundation/mission#hasEmitsTarget'/>
    <testcase name='http://imce.jpl.nasa.gov/foundation/mission#hasHasParticipantSource'/>
    <testcase name='http://imce.jpl.nasa.gov/foundation/mission#hasHasParticipantTarget'/>
    <testcase name='http://imce.jpl.nasa.gov/foundation/mission#hasInducesSource'/>
    <testcase name='http://imce.jpl.nasa.gov/foundation/mission#hasInducesTarget'/>
    <testcase name='http://imce.jpl.nasa.gov/foundation/mission#hasInfluencesSource'/>
    <testcase name='http://imce.jpl.nasa.gov/foundation/mission#hasInfluencesTarget'/>
    <testcase name='http://imce.jpl.nasa.gov/foundation/mission#hasIngestsSource'/>
    <testcase name='http://imce.jpl.nasa.gov/foundation/mission#hasIngestsTarget'/>
    <testcase name='http://imce.jpl.nasa.gov/foundation/mission#hasInterchangesThroughSource'/>
    <testcase name='http://imce.jpl.nasa.gov/foundation/mission#hasInterchangesThroughTarget'/>
    <testcase name='http://imce.jpl.nasa.gov/foundation/mission#hasInvokesSource'/>
    <testcase name='http://imce.jpl.nasa.gov/foundation/mission#hasInvokesTarget'/>
    <testcase name='http://imce.jpl.nasa.gov/foundation/mission#hasInvolves1Source'/>
    <testcase name='http://imce.jpl.nasa.gov/foundation/mission#hasInvolves1Target'/>
    <testcase name='http://imce.jpl.nasa.gov/foundation/mission#hasInvolves2Source'/>
    <testcase name='http://imce.jpl.nasa.gov/foundation/mission#hasInvolves2Target'/>
    <testcase name='http://imce.jpl.nasa.gov/foundation/mission#hasInvolvesSource'/>
    <testcase name='http://imce.jpl.nasa.gov/foundation/mission#hasInvolvesTarget'/>
    <testcase name='http://imce.jpl.nasa.gov/foundation/mission#hasIsTraversedBySource'/>
    <testcase name='http://imce.jpl.nasa.gov/foundation/mission#hasIsTraversedByTarget'/>
    <testcase name='http://imce.jpl.nasa.gov/foundation/mission#hasJoins1Source'/>
    <testcase name='http://imce.jpl.nasa.gov/foundation/mission#hasJoins1Target'/>
    <testcase name='http://imce.jpl.nasa.gov/foundation/mission#hasJoins2Source'/>
    <testcase name='http://imce.jpl.nasa.gov/foundation/mission#hasJoins2Target'/>
    <testcase name='http://imce.jpl.nasa.gov/foundation/mission#hasJoinsSource'/>
    <testcase name='http://imce.jpl.nasa.gov/foundation/mission#hasJoinsTarget'/>
    <testcase name='http://imce.jpl.nasa.gov/foundation/mission#hasParticipant'/>
    <testcase name='http://imce.jpl.nasa.gov/foundation/mission#hasPerformsSource'/>
    <testcase name='http://imce.jpl.nasa.gov/foundation/mission#hasPerformsTarget'/>
    <testcase name='http://imce.jpl.nasa.gov/foundation/mission#hasPresentsSource'/>
    <testcase name='http://imce.jpl.nasa.gov/foundation/mission#hasPresentsTarget'/>
    <testcase name='http://imce.jpl.nasa.gov/foundation/mission#hasProducesSource'/>
    <testcase name='http://imce.jpl.nasa.gov/foundation/mission#hasProducesTarget'/>
    <testcase name='http://imce.jpl.nasa.gov/foundation/mission#hasPursuesSource'/>
    <testcase name='http://imce.jpl.nasa.gov/foundation/mission#hasPursuesTarget'/>
    <testcase name='http://imce.jpl.nasa.gov/foundation/mission#hasRationale'/>
    <testcase name='http://imce.jpl.nasa.gov/foundation/mission#hasReceivesSource'/>
    <testcase name='http://imce.jpl.nasa.gov/foundation/mission#hasReceivesTarget'/>
    <testcase name='http://imce.jpl.nasa.gov/foundation/mission#hasRefinesSource'/>
    <testcase name='http://imce.jpl.nasa.gov/foundation/mission#hasRefinesTarget'/>
    <testcase name='http://imce.jpl.nasa.gov/foundation/mission#hasSendsSource'/>
    <testcase name='http://imce.jpl.nasa.gov/foundation/mission#hasSendsTarget'/>
    <testcase name='http://imce.jpl.nasa.gov/foundation/mission#hasSpecifiesSource'/>
    <testcase name='http://imce.jpl.nasa.gov/foundation/mission#hasSpecifiesTarget'/>
    <testcase name='http://imce.jpl.nasa.gov/foundation/mission#hasTransfersInSource'/>
    <testcase name='http://imce.jpl.nasa.gov/foundation/mission#hasTransfersInTarget'/>
    <testcase name='http://imce.jpl.nasa.gov/foundation/mission#hasTransfersOutSource'/>
    <testcase name='http://imce.jpl.nasa.gov/foundation/mission#hasTransfersOutTarget'/>
    <testcase name='http://imce.jpl.nasa.gov/foundation/mission#hasTransfersSource'/>
    <testcase name='http://imce.jpl.nasa.gov/foundation/mission#hasTransfersTarget'/>
    <testcase name='http://imce.jpl.nasa.gov/foundation/mission#induces'/>
    <testcase name='http://imce.jpl.nasa.gov/foundation/mission#influences'/>
    <testcase name='http://imce.jpl.nasa.gov/foundation/mission#ingests'/>
    <testcase name='http://imce.jpl.nasa.gov/foundation/mission#interchangesThrough'/>
    <testcase name='http://imce.jpl.nasa.gov/foundation/mission#invokes'/>
    <testcase name='http://imce.jpl.nasa.gov/foundation/mission#involves'/>
    <testcase name='http://imce.jpl.nasa.gov/foundation/mission#involves1'/>
    <testcase name='http://imce.jpl.nasa.gov/foundation/mission#involves2'/>
    <testcase name='http://imce.jpl.nasa.gov/foundation/mission#isDeployedBy'/>
    <testcase name='http://imce.jpl.nasa.gov/foundation/mission#isEmittedBy'/>
    <testcase name='http://imce.jpl.nasa.gov/foundation/mission#isInducedBy'/>
    <testcase name='http://imce.jpl.nasa.gov/foundation/mission#isInfluencedBy'/>
    <testcase name='http://imce.jpl.nasa.gov/foundation/mission#isIngestedBy'/>
    <testcase name='http://imce.jpl.nasa.gov/foundation/mission#isInterchangePointFor'/>
    <testcase name='http://imce.jpl.nasa.gov/foundation/mission#isInvokedBy'/>
    <testcase name='http://imce.jpl.nasa.gov/foundation/mission#isInvolvedIn'/>
    <testcase name='http://imce.jpl.nasa.gov/foundation/mission#isInvolvedIn1'/>
    <testcase name='http://imce.jpl.nasa.gov/foundation/mission#isInvolvedIn2'/>
    <testcase name='http://imce.jpl.nasa.gov/foundation/mission#isJoinedIn'/>
    <testcase name='http://imce.jpl.nasa.gov/foundation/mission#isJoinedIn1'/>
    <testcase name='http://imce.jpl.nasa.gov/foundation/mission#isJoinedIn2'/>
    <testcase name='http://imce.jpl.nasa.gov/foundation/mission#isPerformedBy'/>
    <testcase name='http://imce.jpl.nasa.gov/foundation/mission#isPresentedBy'/>
    <testcase name='http://imce.jpl.nasa.gov/foundation/mission#isProducedBy'/>
    <testcase name='http://imce.jpl.nasa.gov/foundation/mission#isPursuedBy'/>
    <testcase name='http://imce.jpl.nasa.gov/foundation/mission#isReceivedBy'/>
    <testcase name='http://imce.jpl.nasa.gov/foundation/mission#isRefinedBy'/>
    <testcase name='http://imce.jpl.nasa.gov/foundation/mission#isSentBy'/>
    <testcase name='http://imce.jpl.nasa.gov/foundation/mission#isSpecifiedBy'/>
    <testcase name='http://imce.jpl.nasa.gov/foundation/mission#isTraversedBy'/>
    <testcase name='http://imce.jpl.nasa.gov/foundation/mission#joins'/>
    <testcase name='http://imce.jpl.nasa.gov/foundation/mission#joins1'/>
    <testcase name='http://imce.jpl.nasa.gov/foundation/mission#joins2'/>
    <testcase name='http://imce.jpl.nasa.gov/foundation/mission#participatesIn'/>
    <testcase name='http://imce.jpl.nasa.gov/foundation/mission#performs'/>
    <testcase name='http://imce.jpl.nasa.gov/foundation/mission#presents'/>
    <testcase name='http://imce.jpl.nasa.gov/foundation/mission#produces'/>
    <testcase name='http://imce.jpl.nasa.gov/foundation/mission#pursues'/>
    <testcase name='http://imce.jpl.nasa.gov/foundation/mission#receives'/>
    <testcase name='http://imce.jpl.nasa.gov/foundation/mission#refines'/>
    <testcase name='http://imce.jpl.nasa.gov/foundation/mission#sends'/>
    <testcase name='http://imce.jpl.nasa.gov/foundation/mission#specifies'/>
    <testcase name='http://imce.jpl.nasa.gov/foundation/mission#transfers'/>
    <testcase name='http://imce.jpl.nasa.gov/foundation/mission#transfersIn'/>
    <testcase name='http://imce.jpl.nasa.gov/foundation/mission#transfersOut'/>
    <testcase name='http://imce.jpl.nasa.gov/foundation/mission#traverses'/>
    <testcase name='urn:swrl#r'/>
    <testcase name='urn:swrl#s'/>
    <testcase name='urn:swrl#t'/>
    <testcase name='http://imce.jpl.nasa.gov/foundation/project'/>
    <testcase name='http://imce.jpl.nasa.gov/foundation/project#Approves'/>
    <testcase name='http://imce.jpl.nasa.gov/foundation/project#AssignedElement'/>
    <testcase name='http://imce.jpl.nasa.gov/foundation/project#Authority'/>
    <testcase name='http://imce.jpl.nasa.gov/foundation/project#Authorizes'/>
    <testcase name='http://imce.jpl.nasa.gov/foundation/project#BelongsTo'/>
    <testcase name='http://imce.jpl.nasa.gov/foundation/project#Binds'/>
    <testcase name='http://imce.jpl.nasa.gov/foundation/project#Concern'/>
    <testcase name='http://imce.jpl.nasa.gov/foundation/project#Concurs'/>
    <testcase name='http://imce.jpl.nasa.gov/foundation/project#DelegatesTo'/>
    <testcase name='http://imce.jpl.nasa.gov/foundation/project#Deliverable'/>
    <testcase name='http://imce.jpl.nasa.gov/foundation/project#Delivers'/>
    <testcase name='http://imce.jpl.nasa.gov/foundation/project#Describes'/>
    <testcase name='http://imce.jpl.nasa.gov/foundation/project#DevelopedElement'/>
    <testcase name='http://imce.jpl.nasa.gov/foundation/project#DevelopmentState'/>
    <testcase name='http://imce.jpl.nasa.gov/foundation/project#Executes'/>
    <testcase name='http://imce.jpl.nasa.gov/foundation/project#Facility'/>
    <testcase name='http://imce.jpl.nasa.gov/foundation/project#HasAssignment'/>
    <testcase name='http://imce.jpl.nasa.gov/foundation/project#HasParticipant'/>
    <testcase name='http://imce.jpl.nasa.gov/foundation/project#HasResponsibilityFor'/>
    <testcase name='http://imce.jpl.nasa.gov/foundation/project#HasRole'/>
    <testcase name='http://imce.jpl.nasa.gov/foundation/project#Interchange'/>
    <testcase name='http://imce.jpl.nasa.gov/foundation/project#InterchangePoint'/>
    <testcase name='http://imce.jpl.nasa.gov/foundation/project#InterchangesThrough'/>
    <testcase name='http://imce.jpl.nasa.gov/foundation/project#Invokes'/>
    <testcase name='http://imce.jpl.nasa.gov/foundation/project#Involves'/>
    <testcase name='http://imce.jpl.nasa.gov/foundation/project#Involves1'/>
    <testcase name='http://imce.jpl.nasa.gov/foundation/project#Involves2'/>
    <testcase name='http://imce.jpl.nasa.gov/foundation/project#Manifests'/>
    <testcase name='http://imce.jpl.nasa.gov/foundation/project#Organization'/>
    <testcase name='http://imce.jpl.nasa.gov/foundation/project#Person'/>
    <testcase name='http://imce.jpl.nasa.gov/foundation/project#Policy'/>
    <testcase name='http://imce.jpl.nasa.gov/foundation/project#Prepares'/>
    <testcase name='http://imce.jpl.nasa.gov/foundation/project#Process'/>
    <testcase name='http://imce.jpl.nasa.gov/foundation/project#Produces'/>
    <testcase name='http://imce.jpl.nasa.gov/foundation/project#Product'/>
    <testcase name='http://imce.jpl.nasa.gov/foundation/project#Program'/>
    <testcase name='http://imce.jpl.nasa.gov/foundation/project#Project'/>
    <testcase name='http://imce.jpl.nasa.gov/foundation/project#RealizedElement'/>
    <testcase name='http://imce.jpl.nasa.gov/foundation/project#Realizes'/>
    <testcase name='http://imce.jpl.nasa.gov/foundation/project#Receives'/>
    <testcase name='http://imce.jpl.nasa.gov/foundation/project#ReliesOn'/>
    <testcase name='http://imce.jpl.nasa.gov/foundation/project#Represents'/>
    <testcase name='http://imce.jpl.nasa.gov/foundation/project#Role'/>
    <testcase name='http://imce.jpl.nasa.gov/foundation/project#Stakeholder'/>
    <testcase name='http://imce.jpl.nasa.gov/foundation/project#SuppliedElement'/>
    <testcase name='http://imce.jpl.nasa.gov/foundation/project#Supplies'/>
    <testcase name='http://imce.jpl.nasa.gov/foundation/project#WorkPackage'/>
    <testcase name='http://imce.jpl.nasa.gov/foundation/project#approves'/>
    <testcase name='http://imce.jpl.nasa.gov/foundation/project#authorizes'/>
    <testcase name='http://imce.jpl.nasa.gov/foundation/project#belongsTo'/>
    <testcase name='http://imce.jpl.nasa.gov/foundation/project#binds'/>
    <testcase name='http://imce.jpl.nasa.gov/foundation/project#concurs'/>
    <testcase name='http://imce.jpl.nasa.gov/foundation/project#date'/>
    <testcase name='http://imce.jpl.nasa.gov/foundation/project#delegatesTo'/>
    <testcase name='http://imce.jpl.nasa.gov/foundation/project#delivers'/>
    <testcase name='http://imce.jpl.nasa.gov/foundation/project#describes'/>
    <testcase name='http://imce.jpl.nasa.gov/foundation/project#executes'/>
    <testcase name='http://imce.jpl.nasa.gov/foundation/project#hasApprovesSource'/>
    <testcase name='http://imce.jpl.nasa.gov/foundation/project#hasApprovesTarget'/>
    <testcase name='http://imce.jpl.nasa.gov/foundation/project#hasAssignment'/>
    <testcase name='http://imce.jpl.nasa.gov/foundation/project#hasAuthorizesSource'/>
    <testcase name='http://imce.jpl.nasa.gov/foundation/project#hasAuthorizesTarget'/>
    <testcase name='http://imce.jpl.nasa.gov/foundation/project#hasBelongsToSource'/>
    <testcase name='http://imce.jpl.nasa.gov/foundation/project#hasBelongsToTarget'/>
    <testcase name='http://imce.jpl.nasa.gov/foundation/project#hasBindsSource'/>
    <testcase name='http://imce.jpl.nasa.gov/foundation/project#hasBindsTarget'/>
    <testcase name='http://imce.jpl.nasa.gov/foundation/project#hasConcursSource'/>
    <testcase name='http://imce.jpl.nasa.gov/foundation/project#hasConcursTarget'/>
    <testcase name='http://imce.jpl.nasa.gov/foundation/project#hasDelegatesToSource'/>
    <testcase name='http://imce.jpl.nasa.gov/foundation/project#hasDelegatesToTarget'/>
    <testcase name='http://imce.jpl.nasa.gov/foundation/project#hasDeliversSource'/>
    <testcase name='http://imce.jpl.nasa.gov/foundation/project#hasDeliversTarget'/>
    <testcase name='http://imce.jpl.nasa.gov/foundation/project#hasDescribesSource'/>
    <testcase name='http://imce.jpl.nasa.gov/foundation/project#hasDescribesTarget'/>
    <testcase name='http://imce.jpl.nasa.gov/foundation/project#hasExecutesSource'/>
    <testcase name='http://imce.jpl.nasa.gov/foundation/project#hasExecutesTarget'/>
    <testcase name='http://imce.jpl.nasa.gov/foundation/project#hasHasAssignmentSource'/>
    <testcase name='http://imce.jpl.nasa.gov/foundation/project#hasHasAssignmentTarget'/>
    <testcase name='http://imce.jpl.nasa.gov/foundation/project#hasHasParticipantSource'/>
    <testcase name='http://imce.jpl.nasa.gov/foundation/project#hasHasParticipantTarget'/>
    <testcase name='http://imce.jpl.nasa.gov/foundation/project#hasHasResponsibilityForSource'/>
    <testcase name='http://imce.jpl.nasa.gov/foundation/project#hasHasResponsibilityForTarget'/>
    <testcase name='http://imce.jpl.nasa.gov/foundation/project#hasHasRoleSource'/>
    <testcase name='http://imce.jpl.nasa.gov/foundation/project#hasHasRoleTarget'/>
    <testcase name='http://imce.jpl.nasa.gov/foundation/project#hasInterchangesThroughSource'/>
    <testcase name='http://imce.jpl.nasa.gov/foundation/project#hasInterchangesThroughTarget'/>
    <testcase name='http://imce.jpl.nasa.gov/foundation/project#hasInvokesSource'/>
    <testcase name='http://imce.jpl.nasa.gov/foundation/project#hasInvokesTarget'/>
    <testcase name='http://imce.jpl.nasa.gov/foundation/project#hasInvolves1Source'/>
    <testcase name='http://imce.jpl.nasa.gov/foundation/project#hasInvolves1Target'/>
    <testcase name='http://imce.jpl.nasa.gov/foundation/project#hasInvolves2Source'/>
    <testcase name='http://imce.jpl.nasa.gov/foundation/project#hasInvolves2Target'/>
    <testcase name='http://imce.jpl.nasa.gov/foundation/project#hasInvolvesSource'/>
    <testcase name='http://imce.jpl.nasa.gov/foundation/project#hasInvolvesTarget'/>
    <testcase name='http://imce.jpl.nasa.gov/foundation/project#hasManifestsSource'/>
    <testcase name='http://imce.jpl.nasa.gov/foundation/project#hasManifestsTarget'/>
    <testcase name='http://imce.jpl.nasa.gov/foundation/project#hasParticipant'/>
    <testcase name='http://imce.jpl.nasa.gov/foundation/project#hasPreparesSource'/>
    <testcase name='http://imce.jpl.nasa.gov/foundation/project#hasPreparesTarget'/>
    <testcase name='http://imce.jpl.nasa.gov/foundation/project#hasProducesSource'/>
    <testcase name='http://imce.jpl.nasa.gov/foundation/project#hasProducesTarget'/>
    <testcase name='http://imce.jpl.nasa.gov/foundation/project#hasRealizesSource'/>
    <testcase name='http://imce.jpl.nasa.gov/foundation/project#hasRealizesTarget'/>
    <testcase name='http://imce.jpl.nasa.gov/foundation/project#hasReceivesSource'/>
    <testcase name='http://imce.jpl.nasa.gov/foundation/project#hasReceivesTarget'/>
    <testcase name='http://imce.jpl.nasa.gov/foundation/project#hasReliesOnSource'/>
    <testcase name='http://imce.jpl.nasa.gov/foundation/project#hasReliesOnTarget'/>
    <testcase name='http://imce.jpl.nasa.gov/foundation/project#hasRepresentsSource'/>
    <testcase name='http://imce.jpl.nasa.gov/foundation/project#hasRepresentsTarget'/>
    <testcase name='http://imce.jpl.nasa.gov/foundation/project#hasResponsibilityFor'/>
    <testcase name='http://imce.jpl.nasa.gov/foundation/project#hasRole'/>
    <testcase name='http://imce.jpl.nasa.gov/foundation/project#hasSuppliesSource'/>
    <testcase name='http://imce.jpl.nasa.gov/foundation/project#hasSuppliesTarget'/>
    <testcase name='http://imce.jpl.nasa.gov/foundation/project#interchangesThrough'/>
    <testcase name='http://imce.jpl.nasa.gov/foundation/project#invokes'/>
    <testcase name='http://imce.jpl.nasa.gov/foundation/project#involves'/>
    <testcase name='http://imce.jpl.nasa.gov/foundation/project#involves1'/>
    <testcase name='http://imce.jpl.nasa.gov/foundation/project#involves2'/>
    <testcase name='http://imce.jpl.nasa.gov/foundation/project#isApprovedBy'/>
    <testcase name='http://imce.jpl.nasa.gov/foundation/project#isAssignedTo'/>
    <testcase name='http://imce.jpl.nasa.gov/foundation/project#isBoundBy'/>
    <testcase name='http://imce.jpl.nasa.gov/foundation/project#isConcurredBy'/>
    <testcase name='http://imce.jpl.nasa.gov/foundation/project#isDelegateOf'/>
    <testcase name='http://imce.jpl.nasa.gov/foundation/project#isDeliveredBy'/>
    <testcase name='http://imce.jpl.nasa.gov/foundation/project#isDescribedBy'/>
    <testcase name='http://imce.jpl.nasa.gov/foundation/project#isExecutedBy'/>
    <testcase name='http://imce.jpl.nasa.gov/foundation/project#isInterchangePointFor'/>
    <testcase name='http://imce.jpl.nasa.gov/foundation/project#isInvokedBy'/>
    <testcase name='http://imce.jpl.nasa.gov/foundation/project#isInvolvedIn'/>
    <testcase name='http://imce.jpl.nasa.gov/foundation/project#isInvolvedIn1'/>
    <testcase name='http://imce.jpl.nasa.gov/foundation/project#isInvolvedIn2'/>
    <testcase name='http://imce.jpl.nasa.gov/foundation/project#isManfestedBy'/>
    <testcase name='http://imce.jpl.nasa.gov/foundation/project#isPreparedBy'/>
    <testcase name='http://imce.jpl.nasa.gov/foundation/project#isProducedBy'/>
    <testcase name='http://imce.jpl.nasa.gov/foundation/project#isRealizedBy'/>
    <testcase name='http://imce.jpl.nasa.gov/foundation/project#isReceivedBy'/>
    <testcase name='http://imce.jpl.nasa.gov/foundation/project#isReliedOnBy'/>
    <testcase name='http://imce.jpl.nasa.gov/foundation/project#isRepresentedBy'/>
    <testcase name='http://imce.jpl.nasa.gov/foundation/project#isRequiredNotLaterThan'/>
    <testcase name='http://imce.jpl.nasa.gov/foundation/project#isResponsibilityOf'/>
    <testcase name='http://imce.jpl.nasa.gov/foundation/project#isRoleOf'/>
    <testcase name='http://imce.jpl.nasa.gov/foundation/project#isSuppliedBy'/>
    <testcase name='http://imce.jpl.nasa.gov/foundation/project#manifests'/>
    <testcase name='http://imce.jpl.nasa.gov/foundation/project#participatesIn'/>
    <testcase name='http://imce.jpl.nasa.gov/foundation/project#prepares'/>
    <testcase name='http://imce.jpl.nasa.gov/foundation/project#produces'/>
    <testcase name='http://imce.jpl.nasa.gov/foundation/project#realizes'/>
    <testcase name='http://imce.jpl.nasa.gov/foundation/project#receives'/>
    <testcase name='http://imce.jpl.nasa.gov/foundation/project#reliesOn'/>
    <testcase name='http://imce.jpl.nasa.gov/foundation/project#represents'/>
    <testcase name='http://imce.jpl.nasa.gov/foundation/project#supplies'/>
    <testcase name='urn:swrl#r'/>
    <testcase name='urn:swrl#s'/>
    <testcase name='urn:swrl#t'/>
    <testcase name='http://iso.org/80000-1'/>
    <testcase name='http://iso.org/80000-1#atto'/>
    <testcase name='http://iso.org/80000-1#centi'/>
    <testcase name='http://iso.org/80000-1#deca'/>
    <testcase name='http://iso.org/80000-1#deci'/>
    <testcase name='http://iso.org/80000-1#exa'/>
    <testcase name='http://iso.org/80000-1#femto'/>
    <testcase name='http://iso.org/80000-1#giga'/>
    <testcase name='http://iso.org/80000-1#hecto'/>
    <testcase name='http://iso.org/80000-1#kilo'/>
    <testcase name='http://iso.org/80000-1#mega'/>
    <testcase name='http://iso.org/80000-1#micro'/>
    <testcase name='http://iso.org/80000-1#milli'/>
    <testcase name='http://iso.org/80000-1#nano'/>
    <testcase name='http://iso.org/80000-1#peta'/>
    <testcase name='http://iso.org/80000-1#pico'/>
    <testcase name='http://iso.org/80000-1#tera'/>
    <testcase name='http://iso.org/80000-1#yocto'/>
    <testcase name='http://iso.org/80000-1#yotta'/>
    <testcase name='http://iso.org/80000-1#zepto'/>
    <testcase name='http://iso.org/80000-1#zetta'/>
    <testcase name='http://iso.org/80000-1-decimalPrefix'/>
    <testcase name='http://iso.org/80000-1-decimalPrefix#DecimalPrefix'/>
    <testcase name='http://iso.org/80000-3-quantities'/>
    <testcase name='http://iso.org/80000-3-quantities#Angular-Measure-Has-Arc-Length'/>
    <testcase name='http://iso.org/80000-3-quantities#Angular-Measure-Has-Radius'/>
    <testcase name='http://iso.org/80000-3-quantities#Frequency-Has-Period-Duration'/>
    <testcase name='http://iso.org/80000-3-quantities#Rotation-Has-Rotational-Displacement'/>
    <testcase name='http://iso.org/80000-3-quantities#Rotational-Displacement-Has-Distance'/>
    <testcase name='http://iso.org/80000-3-quantities#Rotational-Displacement-Has-Path-Length'/>
    <testcase name='http://iso.org/80000-3-quantities#Rotational-Frequency-Has-Duration'/>
    <testcase name='http://iso.org/80000-3-quantities#Rotational-Frequency-Has-Rotation'/>
    <testcase name='http://iso.org/80000-3-quantities#Velocity-Has-Duration'/>
    <testcase name='http://iso.org/80000-3-quantities#Velocity-Has-Position-Vector'/>
    <testcase name='http://iso.org/80000-3-quantities#altitude'/>
    <testcase name='http://iso.org/80000-3-quantities#angular-measure'/>
    <testcase name='http://iso.org/80000-3-quantities#angular-measure-has-arc-length'/>
    <testcase name='http://iso.org/80000-3-quantities#angular-measure-has-radius'/>
    <testcase name='http://iso.org/80000-3-quantities#arc-length'/>
    <testcase name='http://iso.org/80000-3-quantities#breadth'/>
    <testcase name='http://iso.org/80000-3-quantities#depth'/>
    <testcase name='http://iso.org/80000-3-quantities#diameter'/>
    <testcase name='http://iso.org/80000-3-quantities#displacement'/>
    <testcase name='http://iso.org/80000-3-quantities#distance'/>
    <testcase name='http://iso.org/80000-3-quantities#duration'/>
    <testcase name='http://iso.org/80000-3-quantities#frequency'/>
    <testcase name='http://iso.org/80000-3-quantities#frequency-has-period-duration'/>
    <testcase name='http://iso.org/80000-3-quantities#hasAngular-Measure-Has-Arc-LengthSource'/>
    <testcase name='http://iso.org/80000-3-quantities#hasAngular-Measure-Has-Arc-LengthTarget'/>
    <testcase name='http://iso.org/80000-3-quantities#hasAngular-Measure-Has-RadiusSource'/>
    <testcase name='http://iso.org/80000-3-quantities#hasAngular-Measure-Has-RadiusTarget'/>
    <testcase name='http://iso.org/80000-3-quantities#hasFrequency-Has-Period-DurationSource'/>
    <testcase name='http://iso.org/80000-3-quantities#hasFrequency-Has-Period-DurationTarget'/>
    <testcase name='http://iso.org/80000-3-quantities#hasRotation-Has-Rotational-DisplacementSource'/>
    <testcase name='http://iso.org/80000-3-quantities#hasRotation-Has-Rotational-DisplacementTarget'/>
    <testcase name='http://iso.org/80000-3-quantities#hasRotational-Displacement-Has-DistanceSource'/>
    <testcase name='http://iso.org/80000-3-quantities#hasRotational-Displacement-Has-DistanceTarget'/>
    <testcase name='http://iso.org/80000-3-quantities#hasRotational-Displacement-Has-Path-LengthSource'/>
    <testcase name='http://iso.org/80000-3-quantities#hasRotational-Displacement-Has-Path-LengthTarget'/>
    <testcase name='http://iso.org/80000-3-quantities#hasRotational-Frequency-Has-DurationSource'/>
    <testcase name='http://iso.org/80000-3-quantities#hasRotational-Frequency-Has-DurationTarget'/>
    <testcase name='http://iso.org/80000-3-quantities#hasRotational-Frequency-Has-RotationSource'/>
    <testcase name='http://iso.org/80000-3-quantities#hasRotational-Frequency-Has-RotationTarget'/>
    <testcase name='http://iso.org/80000-3-quantities#hasVelocity-Has-DurationSource'/>
    <testcase name='http://iso.org/80000-3-quantities#hasVelocity-Has-DurationTarget'/>
    <testcase name='http://iso.org/80000-3-quantities#hasVelocity-Has-Position-VectorSource'/>
    <testcase name='http://iso.org/80000-3-quantities#hasVelocity-Has-Position-VectorTarget'/>
    <testcase name='http://iso.org/80000-3-quantities#height'/>
    <testcase name='http://iso.org/80000-3-quantities#length'/>
    <testcase name='http://iso.org/80000-3-quantities#path-length'/>
    <testcase name='http://iso.org/80000-3-quantities#period-duration'/>
    <testcase name='http://iso.org/80000-3-quantities#position-vector'/>
    <testcase name='http://iso.org/80000-3-quantities#radial-distance'/>
    <testcase name='http://iso.org/80000-3-quantities#radius'/>
    <testcase name='http://iso.org/80000-3-quantities#radius-of-curvature'/>
    <testcase name='http://iso.org/80000-3-quantities#rotation'/>
    <testcase name='http://iso.org/80000-3-quantities#rotation-has-rotational-displacement'/>
    <testcase name='http://iso.org/80000-3-quantities#rotational-displacement'/>
    <testcase name='http://iso.org/80000-3-quantities#rotational-displacement-has-distance'/>
    <testcase name='http://iso.org/80000-3-quantities#rotational-displacement-has-path-length'/>
    <testcase name='http://iso.org/80000-3-quantities#rotational-frequency'/>
    <testcase name='http://iso.org/80000-3-quantities#rotational-frequency-has-duration'/>
    <testcase name='http://iso.org/80000-3-quantities#rotational-frequency-has-rotation'/>
    <testcase name='http://iso.org/80000-3-quantities#thickness'/>
    <testcase name='http://iso.org/80000-3-quantities#velocity'/>
    <testcase name='http://iso.org/80000-3-quantities#velocity-has-duration'/>
    <testcase name='http://iso.org/80000-3-quantities#velocity-has-position-vector'/>
    <testcase name='http://iso.org/80000-3-quantities#width'/>
    <testcase name='urn:swrl#r'/>
    <testcase name='urn:swrl#s'/>
    <testcase name='urn:swrl#t'/>
    <testcase name='http://iso.org/80000-3-rules'/>
    <testcase name='owl:sameAs'>
      <failure>
        declared in http://iso.org/80000-3-rules.
      </failure>
    </testcase>
    <testcase name='urn:swrl#x'/>
    <testcase name='urn:swrl#xo'/>
    <testcase name='urn:swrl#y'/>
    <testcase name='urn:swrl#yo'/>
    <testcase name='urn:swrl#z'/>
    <testcase name='urn:swrl#zo'/>
    <testcase name='http://iso.org/80000-3-units'/>
    <testcase name='http://iso.org/80000-3-units#AngularMeasureMagnitude'/>
    <testcase name='http://iso.org/80000-3-units#AngularMeasureUnit'/>
    <testcase name='http://iso.org/80000-3-units#CoherentTimeUnit'/>
    <testcase name='http://iso.org/80000-3-units#FrequencyMagnitude'/>
    <testcase name='http://iso.org/80000-3-units#FrequencyUnit'/>
    <testcase name='http://iso.org/80000-3-units#Hertz-Has-Second'/>
    <testcase name='http://iso.org/80000-3-units#Kilometre-Per-Second-Has-Kilometre'/>
    <testcase name='http://iso.org/80000-3-units#Kilometre-Per-Second-Has-Second'/>
    <testcase name='http://iso.org/80000-3-units#LengthMagnitude'/>
    <testcase name='http://iso.org/80000-3-units#LengthUnit'/>
    <testcase name='http://iso.org/80000-3-units#Metre-Per-Second-Has-Metre'/>
    <testcase name='http://iso.org/80000-3-units#Metre-Per-Second-Has-Second'/>
    <testcase name='http://iso.org/80000-3-units#Radian-Has-Metre-Denominator'/>
    <testcase name='http://iso.org/80000-3-units#Radian-Has-Metre-Numerator'/>
    <testcase name='http://iso.org/80000-3-units#Revolution-Has-Radian'/>
    <testcase name='http://iso.org/80000-3-units#RotationMagnitude'/>
    <testcase name='http://iso.org/80000-3-units#RotationUnit'/>
    <testcase name='http://iso.org/80000-3-units#TimeMagnitude'/>
    <testcase name='http://iso.org/80000-3-units#TimeUnit'/>
    <testcase name='http://iso.org/80000-3-units#VelocityMagnitude'/>
    <testcase name='http://iso.org/80000-3-units#VelocityUnit'/>
    <testcase name='http://iso.org/80000-3-units#hasHertz-Has-SecondSource'/>
    <testcase name='http://iso.org/80000-3-units#hasHertz-Has-SecondTarget'/>
    <testcase name='http://iso.org/80000-3-units#hasKilometre-Per-Second-Has-KilometreSource'/>
    <testcase name='http://iso.org/80000-3-units#hasKilometre-Per-Second-Has-KilometreTarget'/>
    <testcase name='http://iso.org/80000-3-units#hasKilometre-Per-Second-Has-SecondSource'/>
    <testcase name='http://iso.org/80000-3-units#hasKilometre-Per-Second-Has-SecondTarget'/>
    <testcase name='http://iso.org/80000-3-units#hasMetre-Per-Second-Has-MetreSource'/>
    <testcase name='http://iso.org/80000-3-units#hasMetre-Per-Second-Has-MetreTarget'/>
    <testcase name='http://iso.org/80000-3-units#hasMetre-Per-Second-Has-SecondSource'/>
    <testcase name='http://iso.org/80000-3-units#hasMetre-Per-Second-Has-SecondTarget'/>
    <testcase name='http://iso.org/80000-3-units#hasRadian-Has-Metre-DenominatorSource'/>
    <testcase name='http://iso.org/80000-3-units#hasRadian-Has-Metre-DenominatorTarget'/>
    <testcase name='http://iso.org/80000-3-units#hasRadian-Has-Metre-NumeratorSource'/>
    <testcase name='http://iso.org/80000-3-units#hasRadian-Has-Metre-NumeratorTarget'/>
    <testcase name='http://iso.org/80000-3-units#hasRevolution-Has-RadianSource'/>
    <testcase name='http://iso.org/80000-3-units#hasRevolution-Has-RadianTarget'/>
    <testcase name='http://iso.org/80000-3-units#hertz'/>
    <testcase name='http://iso.org/80000-3-units#hertz-has-second'/>
    <testcase name='http://iso.org/80000-3-units#hour'/>
    <testcase name='http://iso.org/80000-3-units#kilometre'/>
    <testcase name='http://iso.org/80000-3-units#kilometre-per-second'/>
    <testcase name='http://iso.org/80000-3-units#kilometre-per-second-has-kilometre'/>
    <testcase name='http://iso.org/80000-3-units#kilometre-per-second-has-second'/>
    <testcase name='http://iso.org/80000-3-units#metre'/>
    <testcase name='http://iso.org/80000-3-units#metre-per-second'/>
    <testcase name='http://iso.org/80000-3-units#metre-per-second-has-metre'/>
    <testcase name='http://iso.org/80000-3-units#metre-per-second-has-second'/>
    <testcase name='http://iso.org/80000-3-units#millisecond'/>
    <testcase name='http://iso.org/80000-3-units#minute'/>
    <testcase name='http://iso.org/80000-3-units#radian'/>
    <testcase name='http://iso.org/80000-3-units#radian-has-metre-denominator'/>
    <testcase name='http://iso.org/80000-3-units#radian-has-metre-numerator'/>
    <testcase name='http://iso.org/80000-3-units#revolution'/>
    <testcase name='http://iso.org/80000-3-units#revolution-has-radian'/>
    <testcase name='http://iso.org/80000-3-units#second'/>
    <testcase name='urn:swrl#r'/>
    <testcase name='urn:swrl#s'/>
    <testcase name='urn:swrl#t'/>
    <testcase name='http://iso.org/80000-4-instances'/>
    <testcase name='http://iso.org/80000-4-instances#force'/>
    <testcase name='http://iso.org/80000-4-instances#gram'/>
    <testcase name='http://iso.org/80000-4-instances#impulse'/>
    <testcase name='http://iso.org/80000-4-instances#kilogram'/>
    <testcase name='http://iso.org/80000-4-instances#kilogram-metre-per-second'/>
    <testcase name='http://iso.org/80000-4-instances#mass'/>
    <testcase name='http://iso.org/80000-4-instances#momentum'/>
    <testcase name='http://iso.org/80000-4-instances#newton'/>
    <testcase name='http://iso.org/80000-4-instances#newton-millisecond'/>
    <testcase name='http://iso.org/80000-4-instances#newton-second'/>
    <testcase name='http://iso.org/80000-4-instances#power'/>
    <testcase name='http://iso.org/80000-4-instances#systemOfQuantities-force'/>
    <testcase name='http://iso.org/80000-4-instances#systemOfQuantities-impulse'/>
    <testcase name='http://iso.org/80000-4-instances#systemOfQuantities-mass'/>
    <testcase name='http://iso.org/80000-4-instances#systemOfQuantities-momentum'/>
    <testcase name='http://iso.org/80000-4-instances#systemOfQuantities-power'/>
    <testcase name='http://iso.org/80000-4-instances#systemOfUnits-kilogram'/>
    <testcase name='http://iso.org/80000-4-instances#systemOfUnits-kilogram-metre-per-second'/>
    <testcase name='http://iso.org/80000-4-instances#systemOfUnits-newton'/>
    <testcase name='http://iso.org/80000-4-instances#systemOfUnits-newton-millisecond'/>
    <testcase name='http://iso.org/80000-4-instances#systemOfUnits-newton-second'/>
    <testcase name='http://iso.org/80000-4-instances#systemOfUnits-watt'/>
    <testcase name='http://iso.org/80000-4-instances#watt'/>
    <testcase name='http://iso.org/80000-4-magnitudes1'/>
    <testcase name='http://iso.org/80000-4-magnitudes1#gram-magnitude'/>
    <testcase name='http://iso.org/80000-4-magnitudes1#kilogram-magnitude'/>
    <testcase name='http://iso.org/80000-4-magnitudes1#kilogram-metre-per-second-magnitude'/>
    <testcase name='http://iso.org/80000-4-magnitudes1#newton-magnitude'/>
    <testcase name='http://iso.org/80000-4-magnitudes1#newton-millisecond-magnitude'/>
    <testcase name='http://iso.org/80000-4-magnitudes1#newton-second-magnitude'/>
    <testcase name='http://iso.org/80000-4-magnitudes1#watt-magnitude'/>
    <testcase name='http://iso.org/80000-4-quantities'/>
    <testcase name='http://iso.org/80000-4-quantities#Force-Has-Momentum'/>
    <testcase name='http://iso.org/80000-4-quantities#Force-Has-Velocity'/>
    <testcase name='http://iso.org/80000-4-quantities#Impulse-Has-Duration'/>
    <testcase name='http://iso.org/80000-4-quantities#Impulse-Has-Force'/>
    <testcase name='http://iso.org/80000-4-quantities#Momentum-Has-Mass'/>
    <testcase name='http://iso.org/80000-4-quantities#Momentum-Has-Velocity'/>
    <testcase name='http://iso.org/80000-4-quantities#Power-Has-Force'/>
    <testcase name='http://iso.org/80000-4-quantities#Power-Has-Velocity'/>
    <testcase name='http://iso.org/80000-4-quantities#force'/>
    <testcase name='http://iso.org/80000-4-quantities#force-has-momentum'/>
    <testcase name='http://iso.org/80000-4-quantities#force-has-velocity'/>
    <testcase name='http://iso.org/80000-4-quantities#hasForce-Has-MomentumSource'/>
    <testcase name='http://iso.org/80000-4-quantities#hasForce-Has-MomentumTarget'/>
    <testcase name='http://iso.org/80000-4-quantities#hasForce-Has-VelocitySource'/>
    <testcase name='http://iso.org/80000-4-quantities#hasForce-Has-VelocityTarget'/>
    <testcase name='http://iso.org/80000-4-quantities#hasImpulse-Has-DurationSource'/>
    <testcase name='http://iso.org/80000-4-quantities#hasImpulse-Has-DurationTarget'/>
    <testcase name='http://iso.org/80000-4-quantities#hasImpulse-Has-ForceSource'/>
    <testcase name='http://iso.org/80000-4-quantities#hasImpulse-Has-ForceTarget'/>
    <testcase name='http://iso.org/80000-4-quantities#hasMomentum-Has-MassSource'/>
    <testcase name='http://iso.org/80000-4-quantities#hasMomentum-Has-MassTarget'/>
    <testcase name='http://iso.org/80000-4-quantities#hasMomentum-Has-VelocitySource'/>
    <testcase name='http://iso.org/80000-4-quantities#hasMomentum-Has-VelocityTarget'/>
    <testcase name='http://iso.org/80000-4-quantities#hasPower-Has-ForceSource'/>
    <testcase name='http://iso.org/80000-4-quantities#hasPower-Has-ForceTarget'/>
    <testcase name='http://iso.org/80000-4-quantities#hasPower-Has-VelocitySource'/>
    <testcase name='http://iso.org/80000-4-quantities#hasPower-Has-VelocityTarget'/>
    <testcase name='http://iso.org/80000-4-quantities#impulse'/>
    <testcase name='http://iso.org/80000-4-quantities#impulse-has-duration'/>
    <testcase name='http://iso.org/80000-4-quantities#impulse-has-force'/>
    <testcase name='http://iso.org/80000-4-quantities#mass'/>
    <testcase name='http://iso.org/80000-4-quantities#momentum'/>
    <testcase name='http://iso.org/80000-4-quantities#momentum-has-mass'/>
    <testcase name='http://iso.org/80000-4-quantities#momentum-has-velocity'/>
    <testcase name='http://iso.org/80000-4-quantities#power'/>
    <testcase name='http://iso.org/80000-4-quantities#power-has-force'/>
    <testcase name='http://iso.org/80000-4-quantities#power-has-velocity'/>
    <testcase name='urn:swrl#r'/>
    <testcase name='urn:swrl#s'/>
    <testcase name='urn:swrl#t'/>
    <testcase name='http://iso.org/80000-4-rules'/>
    <testcase name='urn:swrl#x'/>
    <testcase name='urn:swrl#xo'/>
    <testcase name='urn:swrl#y'/>
    <testcase name='urn:swrl#yo'/>
    <testcase name='urn:swrl#z'/>
    <testcase name='urn:swrl#zo'/>
    <testcase name='http://iso.org/80000-4-units'/>
    <testcase name='http://iso.org/80000-4-units#ForceMagnitude'/>
    <testcase name='http://iso.org/80000-4-units#ForceUnit'/>
    <testcase name='http://iso.org/80000-4-units#ImpulseMagnitude'/>
    <testcase name='http://iso.org/80000-4-units#ImpulseUnit'/>
    <testcase name='http://iso.org/80000-4-units#Kilogram-Metre-Per-Second-Has-Kilogram'/>
    <testcase name='http://iso.org/80000-4-units#Kilogram-Metre-Per-Second-Has-Metre-Per-Second'/>
    <testcase name='http://iso.org/80000-4-units#MassMagnitude'/>
    <testcase name='http://iso.org/80000-4-units#MassUnit'/>
    <testcase name='http://iso.org/80000-4-units#MomentumMagnitude'/>
    <testcase name='http://iso.org/80000-4-units#MomentumUnit'/>
    <testcase name='http://iso.org/80000-4-units#Newton-Has-Kilogram'/>
    <testcase name='http://iso.org/80000-4-units#Newton-Has-Metre-Per-Second'/>
    <testcase name='http://iso.org/80000-4-units#Newton-Millisecond-Has-Millisecond'/>
    <testcase name='http://iso.org/80000-4-units#Newton-Millisecond-Has-Newton'/>
    <testcase name='http://iso.org/80000-4-units#Newton-Second-Has-Newton'/>
    <testcase name='http://iso.org/80000-4-units#Newton-Second-Has-Second'/>
    <testcase name='http://iso.org/80000-4-units#PowerMagnitude'/>
    <testcase name='http://iso.org/80000-4-units#PowerUnit'/>
    <testcase name='http://iso.org/80000-4-units#Watt-Has-Metre-Per-Second'/>
    <testcase name='http://iso.org/80000-4-units#Watt-Has-Newton'/>
    <testcase name='http://iso.org/80000-4-units#gram'/>
    <testcase name='http://iso.org/80000-4-units#hasKilogram-Metre-Per-Second-Has-KilogramSource'/>
    <testcase name='http://iso.org/80000-4-units#hasKilogram-Metre-Per-Second-Has-KilogramTarget'/>
    <testcase name='http://iso.org/80000-4-units#hasKilogram-Metre-Per-Second-Has-Metre-Per-SecondSource'/>
    <testcase name='http://iso.org/80000-4-units#hasKilogram-Metre-Per-Second-Has-Metre-Per-SecondTarget'/>
    <testcase name='http://iso.org/80000-4-units#hasNewton-Has-KilogramSource'/>
    <testcase name='http://iso.org/80000-4-units#hasNewton-Has-KilogramTarget'/>
    <testcase name='http://iso.org/80000-4-units#hasNewton-Has-Metre-Per-SecondSource'/>
    <testcase name='http://iso.org/80000-4-units#hasNewton-Has-Metre-Per-SecondTarget'/>
    <testcase name='http://iso.org/80000-4-units#hasNewton-Millisecond-Has-MillisecondSource'/>
    <testcase name='http://iso.org/80000-4-units#hasNewton-Millisecond-Has-MillisecondTarget'/>
    <testcase name='http://iso.org/80000-4-units#hasNewton-Millisecond-Has-NewtonSource'/>
    <testcase name='http://iso.org/80000-4-units#hasNewton-Millisecond-Has-NewtonTarget'/>
    <testcase name='http://iso.org/80000-4-units#hasNewton-Second-Has-NewtonSource'/>
    <testcase name='http://iso.org/80000-4-units#hasNewton-Second-Has-NewtonTarget'/>
    <testcase name='http://iso.org/80000-4-units#hasNewton-Second-Has-SecondSource'/>
    <testcase name='http://iso.org/80000-4-units#hasNewton-Second-Has-SecondTarget'/>
    <testcase name='http://iso.org/80000-4-units#hasWatt-Has-Metre-Per-SecondSource'/>
    <testcase name='http://iso.org/80000-4-units#hasWatt-Has-Metre-Per-SecondTarget'/>
    <testcase name='http://iso.org/80000-4-units#hasWatt-Has-NewtonSource'/>
    <testcase name='http://iso.org/80000-4-units#hasWatt-Has-NewtonTarget'/>
    <testcase name='http://iso.org/80000-4-units#kilogram'/>
    <testcase name='http://iso.org/80000-4-units#kilogram-metre-per-second'/>
    <testcase name='http://iso.org/80000-4-units#kilogram-metre-per-second-has-kilogram'/>
    <testcase name='http://iso.org/80000-4-units#kilogram-metre-per-second-has-metre-per-second'/>
    <testcase name='http://iso.org/80000-4-units#newton'/>
    <testcase name='http://iso.org/80000-4-units#newton-has-kilogram'/>
    <testcase name='http://iso.org/80000-4-units#newton-has-metre-per-second'/>
    <testcase name='http://iso.org/80000-4-units#newton-millisecond'/>
    <testcase name='http://iso.org/80000-4-units#newton-millisecond-has-millisecond'/>
    <testcase name='http://iso.org/80000-4-units#newton-millisecond-has-newton'/>
    <testcase name='http://iso.org/80000-4-units#newton-second'/>
    <testcase name='http://iso.org/80000-4-units#newton-second-has-newton'/>
    <testcase name='http://iso.org/80000-4-units#newton-second-has-second'/>
    <testcase name='http://iso.org/80000-4-units#watt'/>
    <testcase name='http://iso.org/80000-4-units#watt-has-metre-per-second'/>
    <testcase name='http://iso.org/80000-4-units#watt-has-newton'/>
    <testcase name='urn:swrl#r'/>
    <testcase name='urn:swrl#s'/>
    <testcase name='urn:swrl#t'/>
    <testcase name='http://iso.org/80000-5-quantities'/>
    <testcase name='http://iso.org/80000-5-quantities#Celcius-Temperature-Has-Thermodynamic-Temperature'/>
    <testcase name='http://iso.org/80000-5-quantities#celcius-temperature'/>
    <testcase name='http://iso.org/80000-5-quantities#celcius-temperature-has-thermodynamic-temperature'/>
    <testcase name='http://iso.org/80000-5-quantities#hasCelcius-Temperature-Has-Thermodynamic-TemperatureSource'/>
    <testcase name='http://iso.org/80000-5-quantities#hasCelcius-Temperature-Has-Thermodynamic-TemperatureTarget'/>
    <testcase name='http://iso.org/80000-5-quantities#thermodynamic-temperature'/>
    <testcase name='urn:swrl#r'/>
    <testcase name='urn:swrl#s'/>
    <testcase name='urn:swrl#t'/>
    <testcase name='http://iso.org/80000-5-rules'/>
    <testcase name='urn:swrl#x'/>
    <testcase name='urn:swrl#xo'/>
    <testcase name='urn:swrl#y'/>
    <testcase name='urn:swrl#yo'/>
    <testcase name='http://iso.org/80000-5-units'/>
    <testcase name='http://iso.org/80000-5-units#CelciusTemperatureMagnitude'/>
    <testcase name='http://iso.org/80000-5-units#CelciusTemperatureUnit'/>
    <testcase name='http://iso.org/80000-5-units#DegreeCelcius-Has-Kelvin'/>
    <testcase name='http://iso.org/80000-5-units#ThermodynamicTemperatureMagnitude'/>
    <testcase name='http://iso.org/80000-5-units#ThermodynamicTemperatureUnit'/>
    <testcase name='http://iso.org/80000-5-units#degreeCelcius'/>
    <testcase name='http://iso.org/80000-5-units#degreeCelcius-has-kelvin'/>
    <testcase name='http://iso.org/80000-5-units#hasDegreeCelcius-Has-KelvinSource'/>
    <testcase name='http://iso.org/80000-5-units#hasDegreeCelcius-Has-KelvinTarget'/>
    <testcase name='http://iso.org/80000-5-units#kelvin'/>
    <testcase name='urn:swrl#r'/>
    <testcase name='urn:swrl#s'/>
    <testcase name='urn:swrl#t'/>
    <testcase name='http://iso.org/80000-6-instances'/>
    <testcase name='http://iso.org/80000-6-instances#ampere'/>
    <testcase name='http://iso.org/80000-6-instances#coulomb'/>
    <testcase name='http://iso.org/80000-6-instances#electric-charge'/>
    <testcase name='http://iso.org/80000-6-instances#electric-current'/>
    <testcase name='http://iso.org/80000-6-instances#electric-field-strength'/>
    <testcase name='http://iso.org/80000-6-instances#electric-potential'/>
    <testcase name='http://iso.org/80000-6-instances#newton-per-coulomb'/>
    <testcase name='http://iso.org/80000-6-instances#ohm'/>
    <testcase name='http://iso.org/80000-6-instances#resistance'/>
    <testcase name='http://iso.org/80000-6-instances#systemOfQuantities-electric-charge'/>
    <testcase name='http://iso.org/80000-6-instances#systemOfQuantities-electric-current'/>
    <testcase name='http://iso.org/80000-6-instances#systemOfQuantities-electric-field-strength'/>
    <testcase name='http://iso.org/80000-6-instances#systemOfQuantities-electric-potential'/>
    <testcase name='http://iso.org/80000-6-instances#systemOfQuantities-resistance'/>
    <testcase name='http://iso.org/80000-6-instances#systemOfUnits-ampere'/>
    <testcase name='http://iso.org/80000-6-instances#systemOfUnits-coulomb'/>
    <testcase name='http://iso.org/80000-6-instances#systemOfUnits-newton-per-coulomb'/>
    <testcase name='http://iso.org/80000-6-instances#systemOfUnits-ohm'/>
    <testcase name='http://iso.org/80000-6-instances#systemOfUnits-volt'/>
    <testcase name='http://iso.org/80000-6-instances#volt'/>
    <testcase name='http://iso.org/80000-6-magnitudes1'/>
    <testcase name='http://iso.org/80000-6-magnitudes1#ampere-magnitude'/>
    <testcase name='http://iso.org/80000-6-magnitudes1#coulomb-magnitude'/>
    <testcase name='http://iso.org/80000-6-magnitudes1#newton-per-coulomb-magnitude'/>
    <testcase name='http://iso.org/80000-6-magnitudes1#ohm-magnitude'/>
    <testcase name='http://iso.org/80000-6-magnitudes1#volt-magnitude'/>
    <testcase name='http://iso.org/80000-6-quantities'/>
    <testcase name='http://iso.org/80000-6-quantities#Electric-Charge-Has-Duration'/>
    <testcase name='http://iso.org/80000-6-quantities#Electric-Charge-Has-Electric-Current'/>
    <testcase name='http://iso.org/80000-6-quantities#Electric-Field-Strength-Has-Electric-Charge'/>
    <testcase name='http://iso.org/80000-6-quantities#Electric-Field-Strength-Has-Force'/>
    <testcase name='http://iso.org/80000-6-quantities#Electric-Potential-Has-Electric-Field-Strength'/>
    <testcase name='http://iso.org/80000-6-quantities#Electric-Potential-Has-Path-Length'/>
    <testcase name='http://iso.org/80000-6-quantities#Resistance-Has-Electric-Current'/>
    <testcase name='http://iso.org/80000-6-quantities#Resistance-Has-Electric-Potential'/>
    <testcase name='http://iso.org/80000-6-quantities#electric-charge'/>
    <testcase name='http://iso.org/80000-6-quantities#electric-charge-has-duration'/>
    <testcase name='http://iso.org/80000-6-quantities#electric-charge-has-electric-current'/>
    <testcase name='http://iso.org/80000-6-quantities#electric-current'/>
    <testcase name='http://iso.org/80000-6-quantities#electric-field-strength'/>
    <testcase name='http://iso.org/80000-6-quantities#electric-field-strength-has-electric-charge'/>
    <testcase name='http://iso.org/80000-6-quantities#electric-field-strength-has-force'/>
    <testcase name='http://iso.org/80000-6-quantities#electric-potential'/>
    <testcase name='http://iso.org/80000-6-quantities#electric-potential-has-electric-field-strength'/>
    <testcase name='http://iso.org/80000-6-quantities#electric-potential-has-path-length'/>
    <testcase name='http://iso.org/80000-6-quantities#hasElectric-Charge-Has-DurationSource'/>
    <testcase name='http://iso.org/80000-6-quantities#hasElectric-Charge-Has-DurationTarget'/>
    <testcase name='http://iso.org/80000-6-quantities#hasElectric-Charge-Has-Electric-CurrentSource'/>
    <testcase name='http://iso.org/80000-6-quantities#hasElectric-Charge-Has-Electric-CurrentTarget'/>
    <testcase name='http://iso.org/80000-6-quantities#hasElectric-Field-Strength-Has-Electric-ChargeSource'/>
    <testcase name='http://iso.org/80000-6-quantities#hasElectric-Field-Strength-Has-Electric-ChargeTarget'/>
    <testcase name='http://iso.org/80000-6-quantities#hasElectric-Field-Strength-Has-ForceSource'/>
    <testcase name='http://iso.org/80000-6-quantities#hasElectric-Field-Strength-Has-ForceTarget'/>
    <testcase name='http://iso.org/80000-6-quantities#hasElectric-Potential-Has-Electric-Field-StrengthSource'/>
    <testcase name='http://iso.org/80000-6-quantities#hasElectric-Potential-Has-Electric-Field-StrengthTarget'/>
    <testcase name='http://iso.org/80000-6-quantities#hasElectric-Potential-Has-Path-LengthSource'/>
    <testcase name='http://iso.org/80000-6-quantities#hasElectric-Potential-Has-Path-LengthTarget'/>
    <testcase name='http://iso.org/80000-6-quantities#hasResistance-Has-Electric-CurrentSource'/>
    <testcase name='http://iso.org/80000-6-quantities#hasResistance-Has-Electric-CurrentTarget'/>
    <testcase name='http://iso.org/80000-6-quantities#hasResistance-Has-Electric-PotentialSource'/>
    <testcase name='http://iso.org/80000-6-quantities#hasResistance-Has-Electric-PotentialTarget'/>
    <testcase name='http://iso.org/80000-6-quantities#resistance'/>
    <testcase name='http://iso.org/80000-6-quantities#resistance-has-electric-current'/>
    <testcase name='http://iso.org/80000-6-quantities#resistance-has-electric-potential'/>
    <testcase name='urn:swrl#r'/>
    <testcase name='urn:swrl#s'/>
    <testcase name='urn:swrl#t'/>
    <testcase name='http://iso.org/80000-6-rules'/>
    <testcase name='urn:swrl#x'/>
    <testcase name='urn:swrl#xo'/>
    <testcase name='urn:swrl#y'/>
    <testcase name='urn:swrl#yo'/>
    <testcase name='urn:swrl#z'/>
    <testcase name='urn:swrl#zo'/>
    <testcase name='http://iso.org/80000-6-units'/>
    <testcase name='http://iso.org/80000-6-units#Coulomb-Has-Ampere'/>
    <testcase name='http://iso.org/80000-6-units#Coulomb-Has-Second'/>
    <testcase name='http://iso.org/80000-6-units#ElectricChargeMagnitude'/>
    <testcase name='http://iso.org/80000-6-units#ElectricChargeUnit'/>
    <testcase name='http://iso.org/80000-6-units#ElectricCurrentMagnitude'/>
    <testcase name='http://iso.org/80000-6-units#ElectricCurrentUnit'/>
    <testcase name='http://iso.org/80000-6-units#ElectricFieldStrengthMagnitude'/>
    <testcase name='http://iso.org/80000-6-units#ElectricFieldStrengthUnit'/>
    <testcase name='http://iso.org/80000-6-units#ElectricPotentialMagnitude'/>
    <testcase name='http://iso.org/80000-6-units#ElectricPotentialUnit'/>
    <testcase name='http://iso.org/80000-6-units#Newton-Per-Coulomb-Has-Coulomb'/>
    <testcase name='http://iso.org/80000-6-units#Newton-Per-Coulomb-Has-Newton'/>
    <testcase name='http://iso.org/80000-6-units#Ohm-Has-Ampere'/>
    <testcase name='http://iso.org/80000-6-units#Ohm-Has-Volt'/>
    <testcase name='http://iso.org/80000-6-units#ResistanceMagnitude'/>
    <testcase name='http://iso.org/80000-6-units#ResistanceUnit'/>
    <testcase name='http://iso.org/80000-6-units#Volt-Has-Metre'/>
    <testcase name='http://iso.org/80000-6-units#Volt-Has-Newton-Per-Coulomb'/>
    <testcase name='http://iso.org/80000-6-units#ampere'/>
    <testcase name='http://iso.org/80000-6-units#coulomb'/>
    <testcase name='http://iso.org/80000-6-units#coulomb-has-ampere'/>
    <testcase name='http://iso.org/80000-6-units#coulomb-has-second'/>
    <testcase name='http://iso.org/80000-6-units#hasCoulomb-Has-AmpereSource'/>
    <testcase name='http://iso.org/80000-6-units#hasCoulomb-Has-AmpereTarget'/>
    <testcase name='http://iso.org/80000-6-units#hasCoulomb-Has-SecondSource'/>
    <testcase name='http://iso.org/80000-6-units#hasCoulomb-Has-SecondTarget'/>
    <testcase name='http://iso.org/80000-6-units#hasNewton-Per-Coulomb-Has-CoulombSource'/>
    <testcase name='http://iso.org/80000-6-units#hasNewton-Per-Coulomb-Has-CoulombTarget'/>
    <testcase name='http://iso.org/80000-6-units#hasNewton-Per-Coulomb-Has-NewtonSource'/>
    <testcase name='http://iso.org/80000-6-units#hasNewton-Per-Coulomb-Has-NewtonTarget'/>
    <testcase name='http://iso.org/80000-6-units#hasOhm-Has-AmpereSource'/>
    <testcase name='http://iso.org/80000-6-units#hasOhm-Has-AmpereTarget'/>
    <testcase name='http://iso.org/80000-6-units#hasOhm-Has-VoltSource'/>
    <testcase name='http://iso.org/80000-6-units#hasOhm-Has-VoltTarget'/>
    <testcase name='http://iso.org/80000-6-units#hasVolt-Has-MetreSource'/>
    <testcase name='http://iso.org/80000-6-units#hasVolt-Has-MetreTarget'/>
    <testcase name='http://iso.org/80000-6-units#hasVolt-Has-Newton-Per-CoulombSource'/>
    <testcase name='http://iso.org/80000-6-units#hasVolt-Has-Newton-Per-CoulombTarget'/>
    <testcase name='http://iso.org/80000-6-units#newton-per-coulomb'/>
    <testcase name='http://iso.org/80000-6-units#newton-per-coulomb-has-coulomb'/>
    <testcase name='http://iso.org/80000-6-units#newton-per-coulomb-has-newton'/>
    <testcase name='http://iso.org/80000-6-units#ohm'/>
    <testcase name='http://iso.org/80000-6-units#ohm-has-ampere'/>
    <testcase name='http://iso.org/80000-6-units#ohm-has-volt'/>
    <testcase name='http://iso.org/80000-6-units#volt'/>
    <testcase name='http://iso.org/80000-6-units#volt-has-metre'/>
    <testcase name='http://iso.org/80000-6-units#volt-has-newton-per-coulomb'/>
    <testcase name='urn:swrl#r'/>
    <testcase name='urn:swrl#s'/>
    <testcase name='urn:swrl#t'/>
    <testcase name='http://iso.org/80000-instances'/>
    <testcase name='http://iso.org/80000-instances#systemOfQuantities'/>
    <testcase name='http://iso.org/80000-instances#systemOfUnits'/>
    <testcase name='http://iupac.org/metrology'/>
    <testcase name='http://iupac.org/metrology#CoherentMeasurementUnit'/>
    <testcase name='http://iupac.org/metrology#DerivedMeasurementUnit'/>
    <testcase name='http://iupac.org/metrology#DerivedUnitaryQuantity'/>
    <testcase name='http://iupac.org/metrology#ExponentFactor'/>
    <testcase name='http://iupac.org/metrology#HasFactorForMeasurementUnit'/>
    <testcase name='http://iupac.org/metrology#HasFactorForUnitaryQuantity'/>
    <testcase name='http://iupac.org/metrology#HasPrefix'/>
    <testcase name='http://iupac.org/metrology#HasReference'/>
    <testcase name='http://iupac.org/metrology#IndependentMeasurementUnit'/>
    <testcase name='http://iupac.org/metrology#IndependentUnitaryQuantity'/>
    <testcase name='http://iupac.org/metrology#IsMagnitudeOf'/>
    <testcase name='http://iupac.org/metrology#IsQuantityOf'/>
    <testcase name='http://iupac.org/metrology#IsReflexiveMagnitudeOf'/>
    <testcase name='http://iupac.org/metrology#Magnitude'/>
    <testcase name='http://iupac.org/metrology#MeasurementProcedure'/>
    <testcase name='http://iupac.org/metrology#MeasurementUnit'/>
    <testcase name='http://iupac.org/metrology#MetrologicalEntity'/>
    <testcase name='http://iupac.org/metrology#NonCoherentDerivedMeasurementUnit'/>
    <testcase name='http://iupac.org/metrology#NonCoherentDerivedMeasurementUnitOf'/>
    <testcase name='http://iupac.org/metrology#Object'/>
    <testcase name='http://iupac.org/metrology#OrdinalMagnitude'/>
    <testcase name='http://iupac.org/metrology#OrdinalQuantity'/>
    <testcase name='http://iupac.org/metrology#Prefix'/>
    <testcase name='http://iupac.org/metrology#PrefixedMeasurementUnit'/>
    <testcase name='http://iupac.org/metrology#Quantity'/>
    <testcase name='http://iupac.org/metrology#Reference'/>
    <testcase name='http://iupac.org/metrology#ReferenceMaterial'/>
    <testcase name='http://iupac.org/metrology#SystemHasMetrologicalUnit'/>
    <testcase name='http://iupac.org/metrology#SystemHasUnitaryQuantity'/>
    <testcase name='http://iupac.org/metrology#SystemOfMetrologicalUnits'/>
    <testcase name='http://iupac.org/metrology#SystemOfUnitaryQuantities'/>
    <testcase name='http://iupac.org/metrology#Thing'/>
    <testcase name='http://iupac.org/metrology#UnitaryMagnitude'/>
    <testcase name='http://iupac.org/metrology#UnitaryQuantity'/>
    <testcase name='http://iupac.org/metrology#exponent'/>
    <testcase name='http://iupac.org/metrology#hasDoubleNumber'/>
    <testcase name='http://iupac.org/metrology#hasFactorForMeasurementUnit'/>
    <testcase name='http://iupac.org/metrology#hasFactorForUnitaryQuantity'/>
    <testcase name='http://iupac.org/metrology#hasHasFactorForMeasurementUnitSource'/>
    <testcase name='http://iupac.org/metrology#hasHasFactorForMeasurementUnitTarget'/>
    <testcase name='http://iupac.org/metrology#hasHasFactorForUnitaryQuantitySource'/>
    <testcase name='http://iupac.org/metrology#hasHasFactorForUnitaryQuantityTarget'/>
    <testcase name='http://iupac.org/metrology#hasHasPrefixSource'/>
    <testcase name='http://iupac.org/metrology#hasHasPrefixTarget'/>
    <testcase name='http://iupac.org/metrology#hasHasReferenceSource'/>
    <testcase name='http://iupac.org/metrology#hasHasReferenceTarget'/>
    <testcase name='http://iupac.org/metrology#hasIsMagnitudeOfSource'/>
    <testcase name='http://iupac.org/metrology#hasIsMagnitudeOfTarget'/>
    <testcase name='http://iupac.org/metrology#hasIsQuantityOfSource'/>
    <testcase name='http://iupac.org/metrology#hasIsQuantityOfTarget'/>
    <testcase name='http://iupac.org/metrology#hasIsReflexiveMagnitudeOfSource'/>
    <testcase name='http://iupac.org/metrology#hasIsReflexiveMagnitudeOfTarget'/>
    <testcase name='http://iupac.org/metrology#hasMagnitude'/>
    <testcase name='http://iupac.org/metrology#hasNonCoherentDerivedMeasurementUnitOfSource'/>
    <testcase name='http://iupac.org/metrology#hasNonCoherentDerivedMeasurementUnitOfTarget'/>
    <testcase name='http://iupac.org/metrology#hasPrefix'/>
    <testcase name='http://iupac.org/metrology#hasQuantity'/>
    <testcase name='http://iupac.org/metrology#hasReference'/>
    <testcase name='http://iupac.org/metrology#hasSystemHasMetrologicalUnitSource'/>
    <testcase name='http://iupac.org/metrology#hasSystemHasMetrologicalUnitTarget'/>
    <testcase name='http://iupac.org/metrology#hasSystemHasUnitaryQuantitySource'/>
    <testcase name='http://iupac.org/metrology#hasSystemHasUnitaryQuantityTarget'/>
    <testcase name='http://iupac.org/metrology#isBaseMetrologicalUnit'/>
    <testcase name='http://iupac.org/metrology#isBaseQuantity'/>
    <testcase name='http://iupac.org/metrology#isDimensionlessMeasurementUnit'/>
    <testcase name='http://iupac.org/metrology#isDimensionlessQuantity'/>
    <testcase name='http://iupac.org/metrology#isMagnitudeOf'/>
    <testcase name='http://iupac.org/metrology#isQuantityOf'/>
    <testcase name='http://iupac.org/metrology#isReflexiveMagnitudeOf'/>
    <testcase name='http://iupac.org/metrology#nonCoherentDerivedMeasurementUnitOf'/>
    <testcase name='http://iupac.org/metrology#nonCoherentRelationship'/>
    <testcase name='http://iupac.org/metrology#systemHasMetrologicalUnit'/>
    <testcase name='http://iupac.org/metrology#systemHasUnitaryQuantity'/>
    <testcase name='http://opencaesar.io/oml#Aspect'>
      <failure>
        declared in http://iupac.org/metrology.
      </failure>
    </testcase>
    <testcase name='http://opencaesar.io/oml#Concept'>
      <failure>
        declared in http://iupac.org/metrology.
      </failure>
    </testcase>
    <testcase name='http://opencaesar.io/oml#RelationEntity'>
      <failure>
        declared in http://iupac.org/metrology.
      </failure>
    </testcase>
    <testcase name='http://opencaesar.io/oml#forwardRelation'>
      <failure>
        declared in http://iupac.org/metrology.
      </failure>
    </testcase>
    <testcase name='http://opencaesar.io/oml#reverseRelation'>
      <failure>
        declared in http://iupac.org/metrology.
      </failure>
    </testcase>
    <testcase name='http://opencaesar.io/oml#scalarProperty'>
      <failure>
        declared in http://iupac.org/metrology.
      </failure>
    </testcase>
    <testcase name='http://opencaesar.io/oml#sourceRelation'>
      <failure>
        declared in http://iupac.org/metrology.
      </failure>
    </testcase>
    <testcase name='http://opencaesar.io/oml#targetRelation'>
      <failure>
        declared in http://iupac.org/metrology.
      </failure>
    </testcase>
    <testcase name='urn:swrl#r'/>
    <testcase name='urn:swrl#s'/>
    <testcase name='urn:swrl#t'/>
    <testcase name='http://opencaesar.io/examples/firesat/organizations/boeing'/>
    <testcase name='http://opencaesar.io/examples/firesat/organizations/boeing#Boeing'/>
    <testcase name='http://opencaesar.io/examples/firesat/organizations/curtiss-wright'/>
    <testcase name='http://opencaesar.io/examples/firesat/organizations/curtiss-wright#CurtissWright'/>
    <testcase name='http://opencaesar.io/examples/firesat/organizations/jpl'/>
    <testcase name='http://opencaesar.io/examples/firesat/organizations/jpl#JPL'/>
    <testcase name='http://opencaesar.io/examples/firesat/organizations/lockheed-martin'/>
    <testcase name='http://opencaesar.io/examples/firesat/organizations/lockheed-martin#LockheedMartin'/>
    <testcase name='http://opencaesar.io/examples/firesat/organizations/nasa'/>
    <testcase name='http://opencaesar.io/examples/firesat/organizations/nasa#BobF'/>
    <testcase name='http://opencaesar.io/examples/firesat/organizations/nasa#HarryP'/>
    <testcase name='http://opencaesar.io/examples/firesat/organizations/nasa#JohnA'/>
    <testcase name='http://opencaesar.io/examples/firesat/organizations/nasa#LukeS'/>
    <testcase name='http://opencaesar.io/examples/firesat/organizations/nasa#NASA'/>
    <testcase name='http://opencaesar.io/examples/firesat/organizations/nasa#PaulN'/>
    <testcase name='http://opencaesar.io/examples/firesat/organizations/nasa#ProjectManager'/>
    <testcase name='http://opencaesar.io/examples/firesat/organizations/nasa#SystemArchitect'/>
    <testcase name='http://opencaesar.io/examples/firesat/organizations/nasa#SystemEngineer'/>
    <testcase name='http://opencaesar.io/examples/firesat/organizations/northrop-grumman'/>
    <testcase name='http://opencaesar.io/examples/firesat/organizations/northrop-grumman#NorthropGrumman'/>
    <testcase name='http://opencaesar.io/examples/firesat/organizations/raytheon'/>
    <testcase name='http://opencaesar.io/examples/firesat/organizations/raytheon#Raytheon'/>
    <testcase name='http://opencaesar.io/examples/firesat/programs/earth-science/earth-science'/>
    <testcase name='http://opencaesar.io/examples/firesat/programs/earth-science/earth-science#EarthScienceProgram'/>
    <testcase name='http://opencaesar.io/examples/firesat/programs/earth-science/earth-science#FireSatProject'/>
    <testcase name='http://opencaesar.io/examples/firesat/programs/earth-science/missions/firesat/firesat'/>
    <testcase name='http://opencaesar.io/examples/firesat/programs/earth-science/missions/firesat/firesat#Endoatmosphere'/>
    <testcase name='http://opencaesar.io/examples/firesat/programs/earth-science/missions/firesat/firesat#FireSatMission'/>
    <testcase name='http://opencaesar.io/examples/firesat/programs/earth-science/missions/firesat/firesat#ForestFireDetection'/>
    <testcase name='http://opencaesar.io/examples/firesat/programs/earth-science/missions/firesat/firesat#SpaceDebris'/>
    <testcase name='http://opencaesar.io/examples/firesat/programs/earth-science/missions/firesat/firesat#Stars'/>
    <testcase name='http://opencaesar.io/examples/firesat/programs/earth-science/missions/firesat/firesat#Sun'/>
    <testcase name='http://opencaesar.io/examples/firesat/programs/earth-science/missions/firesat/firesat#USForestService'/>
    <testcase name='http://opencaesar.io/examples/firesat/programs/earth-science/missions/firesat/functions'/>
    <testcase name='http://opencaesar.io/examples/firesat/programs/earth-science/missions/firesat/functions#ApplyCommands'/>
    <testcase name='http://opencaesar.io/examples/firesat/programs/earth-science/missions/firesat/functions#AttitudeAwareness'/>
    <testcase name='http://opencaesar.io/examples/firesat/programs/earth-science/missions/firesat/functions#AvoidCollisions'/>
    <testcase name='http://opencaesar.io/examples/firesat/programs/earth-science/missions/firesat/functions#Communicate'/>
    <testcase name='http://opencaesar.io/examples/firesat/programs/earth-science/missions/firesat/functions#Communicate911DownlinkWithRegionalFieldOffices'/>
    <testcase name='http://opencaesar.io/examples/firesat/programs/earth-science/missions/firesat/functions#ControlTrajectory'/>
    <testcase name='http://opencaesar.io/examples/firesat/programs/earth-science/missions/firesat/functions#DeployMechanisms'/>
    <testcase name='http://opencaesar.io/examples/firesat/programs/earth-science/missions/firesat/functions#DetectNewWildfires'/>
    <testcase name='http://opencaesar.io/examples/firesat/programs/earth-science/missions/firesat/functions#GenerateTelemetry'/>
    <testcase name='http://opencaesar.io/examples/firesat/programs/earth-science/missions/firesat/functions#HomogenizeTemperature'/>
    <testcase name='http://opencaesar.io/examples/firesat/programs/earth-science/missions/firesat/functions#InsureMechanicalIntegrity'/>
    <testcase name='http://opencaesar.io/examples/firesat/programs/earth-science/missions/firesat/functions#Launch_SC'/>
    <testcase name='http://opencaesar.io/examples/firesat/programs/earth-science/missions/firesat/functions#MitigateFailures'/>
    <testcase name='http://opencaesar.io/examples/firesat/programs/earth-science/missions/firesat/functions#MonitorAndMaintainHealthAndsafety'/>
    <testcase name='http://opencaesar.io/examples/firesat/programs/earth-science/missions/firesat/functions#MonitorExistingWildfires_24_7'/>
    <testcase name='http://opencaesar.io/examples/firesat/programs/earth-science/missions/firesat/functions#PerformMission'/>
    <testcase name='http://opencaesar.io/examples/firesat/programs/earth-science/missions/firesat/functions#PositionAwareness'/>
    <testcase name='http://opencaesar.io/examples/firesat/programs/earth-science/missions/firesat/functions#ProtectAgainstRadiations'/>
    <testcase name='http://opencaesar.io/examples/firesat/programs/earth-science/missions/firesat/functions#ReachOperationalOrbit'/>
    <testcase name='http://opencaesar.io/examples/firesat/programs/earth-science/missions/firesat/functions#ReceiveTelecommandFromNOAAGroundStations'/>
    <testcase name='http://opencaesar.io/examples/firesat/programs/earth-science/missions/firesat/functions#Release_SC_From_LV'/>
    <testcase name='http://opencaesar.io/examples/firesat/programs/earth-science/missions/firesat/functions#SendTelemetryToNOAAGroundStations'/>
    <testcase name='http://opencaesar.io/examples/firesat/programs/earth-science/missions/firesat/functions#StoreDataBetweenTwoTelemetries'/>
    <testcase name='http://opencaesar.io/examples/firesat/programs/earth-science/missions/firesat/functions#StoreEnergyDuringEclipses'/>
    <testcase name='http://opencaesar.io/examples/firesat/programs/earth-science/missions/firesat/functions#Supply_Power_24_7'/>
    <testcase name='http://opencaesar.io/examples/firesat/programs/earth-science/missions/firesat/functions#TransformSolarRadiationsIntoEnergy'/>
    <testcase name='http://opencaesar.io/examples/firesat/programs/earth-science/missions/firesat/requirements/functional'/>
    <testcase name='http://opencaesar.io/examples/firesat/programs/earth-science/missions/firesat/requirements/functional#Coverage'/>
    <testcase name='http://opencaesar.io/examples/firesat/programs/earth-science/missions/firesat/requirements/functional#Detection'/>
    <testcase name='http://opencaesar.io/examples/firesat/programs/earth-science/missions/firesat/requirements/functional#DownwardsMessages'/>
    <testcase name='http://opencaesar.io/examples/firesat/programs/earth-science/missions/firesat/requirements/functional#GeoLocation'/>
    <testcase name='http://opencaesar.io/examples/firesat/programs/earth-science/missions/firesat/requirements/functional#Persistence'/>
    <testcase name='http://opencaesar.io/examples/firesat/programs/earth-science/missions/firesat/requirements/functional#TimeAllocationFor911MessageDownlink'/>
    <testcase name='http://opencaesar.io/examples/firesat/programs/earth-science/missions/firesat/requirements/functional#TimeAllocationForDetectingANewWildfire'/>
    <testcase name='http://opencaesar.io/examples/firesat/programs/earth-science/missions/firesat/requirements/functional#TimeAllocationForFireGeoLocation'/>
    <testcase name='http://opencaesar.io/examples/firesat/programs/earth-science/missions/firesat/requirements/functional#TimeAllocationForGroundReceiptAndConfirmationOutsideScope'/>
    <testcase name='http://opencaesar.io/examples/firesat/programs/earth-science/missions/firesat/requirements/functional#TimeAllocationForOnboardValidation'/>
    <testcase name='http://opencaesar.io/examples/firesat/programs/earth-science/missions/firesat/requirements/functional#TimeAllocationForOrbitAndAltitudeDetermination'/>
    <testcase name='http://opencaesar.io/examples/firesat/programs/earth-science/missions/firesat/requirements/functional#Timeliness'/>
    <testcase name='http://opencaesar.io/examples/firesat/programs/earth-science/missions/firesat/requirements/stakeholder'/>
    <testcase name='http://opencaesar.io/examples/firesat/programs/earth-science/missions/firesat/requirements/stakeholder#GroundSystemInterface'/>
    <testcase name='http://opencaesar.io/examples/firesat/programs/earth-science/missions/firesat/requirements/stakeholder#InitialFullOperationalCapability'/>
    <testcase name='http://opencaesar.io/examples/firesat/programs/earth-science/missions/firesat/requirements/stakeholder#LCCBudget'/>
    <testcase name='http://opencaesar.io/examples/firesat/programs/earth-science/missions/firesat/requirements/stakeholder#OnOrbitDesignLifetime'/>
    <testcase name='http://opencaesar.io/examples/firesat/programs/earth-science/projects/firesat/bundle'/>
    <testcase name='http://imce.jpl.nasa.gov/discipline/fse/assemblies#BaseAssembly'>
      <failure>
        declared in
        http://opencaesar.io/examples/firesat/programs/earth-science/projects/firesat/bundle/classes.
      </failure>
    </testcase>
    <testcase name='http://imce.jpl.nasa.gov/discipline/fse/endcircuits#Power'>
      <failure>
        declared in
        http://opencaesar.io/examples/firesat/programs/earth-science/projects/firesat/bundle/classes.
      </failure>
    </testcase>
    <testcase name='http://imce.jpl.nasa.gov/discipline/fse/endcircuits#PowerIn'>
      <failure>
        declared in
        http://opencaesar.io/examples/firesat/programs/earth-science/projects/firesat/bundle/classes.
      </failure>
    </testcase>
    <testcase name='http://imce.jpl.nasa.gov/discipline/fse/endcircuits#PowerOut'>
      <failure>
        declared in
        http://opencaesar.io/examples/firesat/programs/earth-science/projects/firesat/bundle/classes.
      </failure>
    </testcase>
    <testcase name='http://imce.jpl.nasa.gov/discipline/fse/endcircuits#UnidirectionalPower'>
      <failure>
        declared in
        http://opencaesar.io/examples/firesat/programs/earth-science/projects/firesat/bundle/classes.
      </failure>
    </testcase>
    <testcase name='http://imce.jpl.nasa.gov/discipline/fse/fse#Assembly'>
      <failure>
        declared in
        http://opencaesar.io/examples/firesat/programs/earth-science/projects/firesat/bundle/classes.
      </failure>
    </testcase>
    <testcase name='http://imce.jpl.nasa.gov/discipline/fse/fse#CBEMagnitude'>
      <failure>
        declared in
        http://opencaesar.io/examples/firesat/programs/earth-science/projects/firesat/bundle/classes.
      </failure>
    </testcase>
    <testcase name='http://imce.jpl.nasa.gov/discipline/fse/fse#CBEMass'>
      <failure>
        declared in
        http://opencaesar.io/examples/firesat/programs/earth-science/projects/firesat/bundle/classes.
      </failure>
    </testcase>
    <testcase name='http://imce.jpl.nasa.gov/discipline/fse/fse#ConnectsAssembly'>
      <failure>
        declared in
        http://opencaesar.io/examples/firesat/programs/earth-science/projects/firesat/bundle/classes.
      </failure>
    </testcase>
    <testcase name='http://imce.jpl.nasa.gov/discipline/fse/fse#ConnectsAssembly1'>
      <failure>
        declared in
        http://opencaesar.io/examples/firesat/programs/earth-science/projects/firesat/bundle/classes.
      </failure>
    </testcase>
    <testcase name='http://imce.jpl.nasa.gov/discipline/fse/fse#ConnectsAssembly2'>
      <failure>
        declared in
        http://opencaesar.io/examples/firesat/programs/earth-science/projects/firesat/bundle/classes.
      </failure>
    </testcase>
    <testcase name='http://imce.jpl.nasa.gov/discipline/fse/fse#ConsumableMass'>
      <failure>
        declared in
        http://opencaesar.io/examples/firesat/programs/earth-science/projects/firesat/bundle/classes.
      </failure>
    </testcase>
    <testcase name='http://imce.jpl.nasa.gov/discipline/fse/fse#EndCircuit'>
      <failure>
        declared in
        http://opencaesar.io/examples/firesat/programs/earth-science/projects/firesat/bundle/classes.
      </failure>
    </testcase>
    <testcase name='http://imce.jpl.nasa.gov/discipline/fse/fse#EndCircuitPresentingElement'>
      <failure>
        declared in
        http://opencaesar.io/examples/firesat/programs/earth-science/projects/firesat/bundle/classes.
      </failure>
    </testcase>
    <testcase name='http://imce.jpl.nasa.gov/discipline/fse/fse#FlightHardwareComponent'>
      <failure>
        declared in
        http://opencaesar.io/examples/firesat/programs/earth-science/projects/firesat/bundle/classes.
      </failure>
    </testcase>
    <testcase name='http://imce.jpl.nasa.gov/discipline/fse/fse#Function'>
      <failure>
        declared in
        http://opencaesar.io/examples/firesat/programs/earth-science/projects/firesat/bundle/classes.
      </failure>
    </testcase>
    <testcase name='http://imce.jpl.nasa.gov/discipline/fse/fse#MEVMagnitue'>
      <failure>
        declared in
        http://opencaesar.io/examples/firesat/programs/earth-science/projects/firesat/bundle/classes.
      </failure>
    </testcase>
    <testcase name='http://imce.jpl.nasa.gov/discipline/fse/fse#MEVMass'>
      <failure>
        declared in
        http://opencaesar.io/examples/firesat/programs/earth-science/projects/firesat/bundle/classes.
      </failure>
    </testcase>
    <testcase name='http://imce.jpl.nasa.gov/discipline/fse/fse#MGAMagnitude'>
      <failure>
        declared in
        http://opencaesar.io/examples/firesat/programs/earth-science/projects/firesat/bundle/classes.
      </failure>
    </testcase>
    <testcase name='http://imce.jpl.nasa.gov/discipline/fse/fse#MGAMass'>
      <failure>
        declared in
        http://opencaesar.io/examples/firesat/programs/earth-science/projects/firesat/bundle/classes.
      </failure>
    </testcase>
    <testcase name='http://imce.jpl.nasa.gov/discipline/fse/fse#MassAllocatedElement'>
      <failure>
        declared in
        http://opencaesar.io/examples/firesat/programs/earth-science/projects/firesat/bundle/classes.
      </failure>
    </testcase>
    <testcase name='http://imce.jpl.nasa.gov/discipline/fse/fse#MassAllocation'>
      <failure>
        declared in
        http://opencaesar.io/examples/firesat/programs/earth-science/projects/firesat/bundle/classes.
      </failure>
    </testcase>
    <testcase name='http://imce.jpl.nasa.gov/discipline/fse/fse#MassAllocationMagnitude'>
      <failure>
        declared in
        http://opencaesar.io/examples/firesat/programs/earth-science/projects/firesat/bundle/classes.
      </failure>
    </testcase>
    <testcase name='http://imce.jpl.nasa.gov/discipline/fse/fse#MassConstrainedElement'>
      <failure>
        declared in
        http://opencaesar.io/examples/firesat/programs/earth-science/projects/firesat/bundle/classes.
      </failure>
    </testcase>
    <testcase name='http://imce.jpl.nasa.gov/discipline/fse/fse#MassEstimate'>
      <failure>
        declared in
        http://opencaesar.io/examples/firesat/programs/earth-science/projects/firesat/bundle/classes.
      </failure>
    </testcase>
    <testcase name='http://imce.jpl.nasa.gov/discipline/fse/fse#MassEstimateMagnitude'>
      <failure>
        declared in
        http://opencaesar.io/examples/firesat/programs/earth-science/projects/firesat/bundle/classes.
      </failure>
    </testcase>
    <testcase name='http://imce.jpl.nasa.gov/discipline/fse/fse#MassEstimatedElement'>
      <failure>
        declared in
        http://opencaesar.io/examples/firesat/programs/earth-science/projects/firesat/bundle/classes.
      </failure>
    </testcase>
    <testcase name='http://imce.jpl.nasa.gov/discipline/fse/fse#MassLimit'>
      <failure>
        declared in
        http://opencaesar.io/examples/firesat/programs/earth-science/projects/firesat/bundle/classes.
      </failure>
    </testcase>
    <testcase name='http://imce.jpl.nasa.gov/discipline/fse/fse#MassLimitMagnitude'>
      <failure>
        declared in
        http://opencaesar.io/examples/firesat/programs/earth-science/projects/firesat/bundle/classes.
      </failure>
    </testcase>
    <testcase name='http://imce.jpl.nasa.gov/discipline/fse/fse#MassProxy'>
      <failure>
        declared in
        http://opencaesar.io/examples/firesat/programs/earth-science/projects/firesat/bundle/classes.
      </failure>
    </testcase>
    <testcase name='http://imce.jpl.nasa.gov/discipline/fse/fse#ReferenceDesignatedElement'>
      <failure>
        declared in
        http://opencaesar.io/examples/firesat/programs/earth-science/projects/firesat/bundle/classes.
      </failure>
    </testcase>
    <testcase name='http://imce.jpl.nasa.gov/discipline/fse/fse#Subsystem'>
      <failure>
        declared in
        http://opencaesar.io/examples/firesat/programs/earth-science/projects/firesat/bundle/classes.
      </failure>
    </testcase>
    <testcase name='http://imce.jpl.nasa.gov/discipline/fse/fse#connectsAssembly'>
      <failure>
        declared in
        http://opencaesar.io/examples/firesat/programs/earth-science/projects/firesat/bundle/classes.
      </failure>
    </testcase>
    <testcase name='http://imce.jpl.nasa.gov/discipline/fse/fse#connectsAssembly1'>
      <failure>
        declared in
        http://opencaesar.io/examples/firesat/programs/earth-science/projects/firesat/bundle/classes.
      </failure>
    </testcase>
    <testcase name='http://imce.jpl.nasa.gov/discipline/fse/fse#connectsAssembly2'>
      <failure>
        declared in
        http://opencaesar.io/examples/firesat/programs/earth-science/projects/firesat/bundle/classes.
      </failure>
    </testcase>
    <testcase name='http://imce.jpl.nasa.gov/discipline/fse/fse#hasAcronym'>
      <failure>
        declared in
        http://opencaesar.io/examples/firesat/programs/earth-science/projects/firesat/bundle/classes.
      </failure>
    </testcase>
    <testcase name='http://imce.jpl.nasa.gov/discipline/fse/fse#hasConnectsAssembly1Source'>
      <failure>
        declared in
        http://opencaesar.io/examples/firesat/programs/earth-science/projects/firesat/bundle/classes.
      </failure>
    </testcase>
    <testcase name='http://imce.jpl.nasa.gov/discipline/fse/fse#hasConnectsAssembly1Target'>
      <failure>
        declared in
        http://opencaesar.io/examples/firesat/programs/earth-science/projects/firesat/bundle/classes.
      </failure>
    </testcase>
    <testcase name='http://imce.jpl.nasa.gov/discipline/fse/fse#hasConnectsAssembly2Source'>
      <failure>
        declared in
        http://opencaesar.io/examples/firesat/programs/earth-science/projects/firesat/bundle/classes.
      </failure>
    </testcase>
    <testcase name='http://imce.jpl.nasa.gov/discipline/fse/fse#hasConnectsAssembly2Target'>
      <failure>
        declared in
        http://opencaesar.io/examples/firesat/programs/earth-science/projects/firesat/bundle/classes.
      </failure>
    </testcase>
    <testcase name='http://imce.jpl.nasa.gov/discipline/fse/fse#hasConnectsAssemblySource'>
      <failure>
        declared in
        http://opencaesar.io/examples/firesat/programs/earth-science/projects/firesat/bundle/classes.
      </failure>
    </testcase>
    <testcase name='http://imce.jpl.nasa.gov/discipline/fse/fse#hasConnectsAssemblyTarget'>
      <failure>
        declared in
        http://opencaesar.io/examples/firesat/programs/earth-science/projects/firesat/bundle/classes.
      </failure>
    </testcase>
    <testcase name='http://imce.jpl.nasa.gov/discipline/fse/fse#hasEndCircuitDirection'>
      <failure>
        declared in
        http://opencaesar.io/examples/firesat/programs/earth-science/projects/firesat/bundle/classes.
      </failure>
    </testcase>
    <testcase name='http://imce.jpl.nasa.gov/discipline/fse/fse#hasEndCircuitIdentifier'>
      <failure>
        declared in
        http://opencaesar.io/examples/firesat/programs/earth-science/projects/firesat/bundle/classes.
      </failure>
    </testcase>
    <testcase name='http://imce.jpl.nasa.gov/discipline/fse/fse#hasFunctionDirection'>
      <failure>
        declared in
        http://opencaesar.io/examples/firesat/programs/earth-science/projects/firesat/bundle/classes.
      </failure>
    </testcase>
    <testcase name='http://imce.jpl.nasa.gov/discipline/fse/fse#hasFunctionNumber'>
      <failure>
        declared in
        http://opencaesar.io/examples/firesat/programs/earth-science/projects/firesat/bundle/classes.
      </failure>
    </testcase>
    <testcase name='http://imce.jpl.nasa.gov/discipline/fse/fse#hasMultiplicity'>
      <failure>
        declared in
        http://opencaesar.io/examples/firesat/programs/earth-science/projects/firesat/bundle/classes.
      </failure>
    </testcase>
    <testcase name='http://imce.jpl.nasa.gov/discipline/fse/fse#hasReferenceDesignator'>
      <failure>
        declared in
        http://opencaesar.io/examples/firesat/programs/earth-science/projects/firesat/bundle/classes.
      </failure>
    </testcase>
    <testcase name='http://imce.jpl.nasa.gov/discipline/fse/functions#BaseFunction'>
      <failure>
        declared in
        http://opencaesar.io/examples/firesat/programs/earth-science/projects/firesat/bundle/classes.
      </failure>
    </testcase>
    <testcase name='http://imce.jpl.nasa.gov/discipline/fse/functions#Power'>
      <failure>
        declared in
        http://opencaesar.io/examples/firesat/programs/earth-science/projects/firesat/bundle/classes.
      </failure>
    </testcase>
    <testcase name='http://imce.jpl.nasa.gov/discipline/fse/functions#UnidirectionalPower'>
      <failure>
        declared in
        http://opencaesar.io/examples/firesat/programs/earth-science/projects/firesat/bundle/classes.
      </failure>
    </testcase>
    <testcase name='http://imce.jpl.nasa.gov/foundation/analysis#Analysis'>
      <failure>
        declared in
        http://opencaesar.io/examples/firesat/programs/earth-science/projects/firesat/bundle/classes.
      </failure>
    </testcase>
    <testcase name='http://imce.jpl.nasa.gov/foundation/analysis#AnalyzedElement'>
      <failure>
        declared in
        http://opencaesar.io/examples/firesat/programs/earth-science/projects/firesat/bundle/classes.
      </failure>
    </testcase>
    <testcase name='http://imce.jpl.nasa.gov/foundation/analysis#Analyzes'>
      <failure>
        declared in
        http://opencaesar.io/examples/firesat/programs/earth-science/projects/firesat/bundle/classes.
      </failure>
    </testcase>
    <testcase name='http://imce.jpl.nasa.gov/foundation/analysis#Assumption'>
      <failure>
        declared in
        http://opencaesar.io/examples/firesat/programs/earth-science/projects/firesat/bundle/classes.
      </failure>
    </testcase>
    <testcase name='http://imce.jpl.nasa.gov/foundation/analysis#Characterization'>
      <failure>
        declared in
        http://opencaesar.io/examples/firesat/programs/earth-science/projects/firesat/bundle/classes.
      </failure>
    </testcase>
    <testcase name='http://imce.jpl.nasa.gov/foundation/analysis#CharacterizedElement'>
      <failure>
        declared in
        http://opencaesar.io/examples/firesat/programs/earth-science/projects/firesat/bundle/classes.
      </failure>
    </testcase>
    <testcase name='http://imce.jpl.nasa.gov/foundation/analysis#Characterizes'>
      <failure>
        declared in
        http://opencaesar.io/examples/firesat/programs/earth-science/projects/firesat/bundle/classes.
      </failure>
    </testcase>
    <testcase name='http://imce.jpl.nasa.gov/foundation/analysis#ConstrainedElement'>
      <failure>
        declared in
        http://opencaesar.io/examples/firesat/programs/earth-science/projects/firesat/bundle/classes.
      </failure>
    </testcase>
    <testcase name='http://imce.jpl.nasa.gov/foundation/analysis#Constrains'>
      <failure>
        declared in
        http://opencaesar.io/examples/firesat/programs/earth-science/projects/firesat/bundle/classes.
      </failure>
    </testcase>
    <testcase name='http://imce.jpl.nasa.gov/foundation/analysis#Constraint'>
      <failure>
        declared in
        http://opencaesar.io/examples/firesat/programs/earth-science/projects/firesat/bundle/classes.
      </failure>
    </testcase>
    <testcase name='http://imce.jpl.nasa.gov/foundation/analysis#Criterion'>
      <failure>
        declared in
        http://opencaesar.io/examples/firesat/programs/earth-science/projects/firesat/bundle/classes.
      </failure>
    </testcase>
    <testcase name='http://imce.jpl.nasa.gov/foundation/analysis#DrivingRequirementsAnalysis'>
      <failure>
        declared in
        http://opencaesar.io/examples/firesat/programs/earth-science/projects/firesat/bundle/classes.
      </failure>
    </testcase>
    <testcase name='http://imce.jpl.nasa.gov/foundation/analysis#DrivingRequirementsExplanation'>
      <failure>
        declared in
        http://opencaesar.io/examples/firesat/programs/earth-science/projects/firesat/bundle/classes.
      </failure>
    </testcase>
    <testcase name='http://imce.jpl.nasa.gov/foundation/analysis#Explains'>
      <failure>
        declared in
        http://opencaesar.io/examples/firesat/programs/earth-science/projects/firesat/bundle/classes.
      </failure>
    </testcase>
    <testcase name='http://imce.jpl.nasa.gov/foundation/analysis#Explanation'>
      <failure>
        declared in
        http://opencaesar.io/examples/firesat/programs/earth-science/projects/firesat/bundle/classes.
      </failure>
    </testcase>
    <testcase name='http://imce.jpl.nasa.gov/foundation/analysis#Fact'>
      <failure>
        declared in
        http://opencaesar.io/examples/firesat/programs/earth-science/projects/firesat/bundle/classes.
      </failure>
    </testcase>
    <testcase name='http://imce.jpl.nasa.gov/foundation/analysis#GlossaryEntry'>
      <failure>
        declared in
        http://opencaesar.io/examples/firesat/programs/earth-science/projects/firesat/bundle/classes.
      </failure>
    </testcase>
    <testcase name='http://imce.jpl.nasa.gov/foundation/analysis#KeyRequirementsAnalysis'>
      <failure>
        declared in
        http://opencaesar.io/examples/firesat/programs/earth-science/projects/firesat/bundle/classes.
      </failure>
    </testcase>
    <testcase name='http://imce.jpl.nasa.gov/foundation/analysis#KeyRequirementsExplanation'>
      <failure>
        declared in
        http://opencaesar.io/examples/firesat/programs/earth-science/projects/firesat/bundle/classes.
      </failure>
    </testcase>
    <testcase name='http://imce.jpl.nasa.gov/foundation/analysis#Limits'>
      <failure>
        declared in
        http://opencaesar.io/examples/firesat/programs/earth-science/projects/firesat/bundle/classes.
      </failure>
    </testcase>
    <testcase name='http://imce.jpl.nasa.gov/foundation/analysis#TradeStudy'>
      <failure>
        declared in
        http://opencaesar.io/examples/firesat/programs/earth-science/projects/firesat/bundle/classes.
      </failure>
    </testcase>
    <testcase name='http://imce.jpl.nasa.gov/foundation/analysis#Validates'>
      <failure>
        declared in
        http://opencaesar.io/examples/firesat/programs/earth-science/projects/firesat/bundle/classes.
      </failure>
    </testcase>
    <testcase name='http://imce.jpl.nasa.gov/foundation/analysis#analyzes'>
      <failure>
        declared in
        http://opencaesar.io/examples/firesat/programs/earth-science/projects/firesat/bundle/classes.
      </failure>
    </testcase>
    <testcase name='http://imce.jpl.nasa.gov/foundation/analysis#characterizes'>
      <failure>
        declared in
        http://opencaesar.io/examples/firesat/programs/earth-science/projects/firesat/bundle/classes.
      </failure>
    </testcase>
    <testcase name='http://imce.jpl.nasa.gov/foundation/analysis#constrains'>
      <failure>
        declared in
        http://opencaesar.io/examples/firesat/programs/earth-science/projects/firesat/bundle/classes.
      </failure>
    </testcase>
    <testcase name='http://imce.jpl.nasa.gov/foundation/analysis#explains'>
      <failure>
        declared in
        http://opencaesar.io/examples/firesat/programs/earth-science/projects/firesat/bundle/classes.
      </failure>
    </testcase>
    <testcase name='http://imce.jpl.nasa.gov/foundation/analysis#hasAnalyzesSource'>
      <failure>
        declared in
        http://opencaesar.io/examples/firesat/programs/earth-science/projects/firesat/bundle/classes.
      </failure>
    </testcase>
    <testcase name='http://imce.jpl.nasa.gov/foundation/analysis#hasAnalyzesTarget'>
      <failure>
        declared in
        http://opencaesar.io/examples/firesat/programs/earth-science/projects/firesat/bundle/classes.
      </failure>
    </testcase>
    <testcase name='http://imce.jpl.nasa.gov/foundation/analysis#hasCharacterizesSource'>
      <failure>
        declared in
        http://opencaesar.io/examples/firesat/programs/earth-science/projects/firesat/bundle/classes.
      </failure>
    </testcase>
    <testcase name='http://imce.jpl.nasa.gov/foundation/analysis#hasCharacterizesTarget'>
      <failure>
        declared in
        http://opencaesar.io/examples/firesat/programs/earth-science/projects/firesat/bundle/classes.
      </failure>
    </testcase>
    <testcase name='http://imce.jpl.nasa.gov/foundation/analysis#hasConstrainsSource'>
      <failure>
        declared in
        http://opencaesar.io/examples/firesat/programs/earth-science/projects/firesat/bundle/classes.
      </failure>
    </testcase>
    <testcase name='http://imce.jpl.nasa.gov/foundation/analysis#hasConstrainsTarget'>
      <failure>
        declared in
        http://opencaesar.io/examples/firesat/programs/earth-science/projects/firesat/bundle/classes.
      </failure>
    </testcase>
    <testcase name='http://imce.jpl.nasa.gov/foundation/analysis#hasExplainsSource'>
      <failure>
        declared in
        http://opencaesar.io/examples/firesat/programs/earth-science/projects/firesat/bundle/classes.
      </failure>
    </testcase>
    <testcase name='http://imce.jpl.nasa.gov/foundation/analysis#hasExplainsTarget'>
      <failure>
        declared in
        http://opencaesar.io/examples/firesat/programs/earth-science/projects/firesat/bundle/classes.
      </failure>
    </testcase>
    <testcase name='http://imce.jpl.nasa.gov/foundation/analysis#hasGlossaryDefinition'>
      <failure>
        declared in
        http://opencaesar.io/examples/firesat/programs/earth-science/projects/firesat/bundle/classes.
      </failure>
    </testcase>
    <testcase name='http://imce.jpl.nasa.gov/foundation/analysis#hasGlossaryTerm'>
      <failure>
        declared in
        http://opencaesar.io/examples/firesat/programs/earth-science/projects/firesat/bundle/classes.
      </failure>
    </testcase>
    <testcase name='http://imce.jpl.nasa.gov/foundation/analysis#hasLimitsSource'>
      <failure>
        declared in
        http://opencaesar.io/examples/firesat/programs/earth-science/projects/firesat/bundle/classes.
      </failure>
    </testcase>
    <testcase name='http://imce.jpl.nasa.gov/foundation/analysis#hasLimitsTarget'>
      <failure>
        declared in
        http://opencaesar.io/examples/firesat/programs/earth-science/projects/firesat/bundle/classes.
      </failure>
    </testcase>
    <testcase name='http://imce.jpl.nasa.gov/foundation/analysis#hasValidatesSource'>
      <failure>
        declared in
        http://opencaesar.io/examples/firesat/programs/earth-science/projects/firesat/bundle/classes.
      </failure>
    </testcase>
    <testcase name='http://imce.jpl.nasa.gov/foundation/analysis#hasValidatesTarget'>
      <failure>
        declared in
        http://opencaesar.io/examples/firesat/programs/earth-science/projects/firesat/bundle/classes.
      </failure>
    </testcase>
    <testcase name='http://imce.jpl.nasa.gov/foundation/analysis#isAnalyzedBy'>
      <failure>
        declared in
        http://opencaesar.io/examples/firesat/programs/earth-science/projects/firesat/bundle/classes.
      </failure>
    </testcase>
    <testcase name='http://imce.jpl.nasa.gov/foundation/analysis#isCharacterizedBy'>
      <failure>
        declared in
        http://opencaesar.io/examples/firesat/programs/earth-science/projects/firesat/bundle/classes.
      </failure>
    </testcase>
    <testcase name='http://imce.jpl.nasa.gov/foundation/analysis#isExplainedBy'>
      <failure>
        declared in
        http://opencaesar.io/examples/firesat/programs/earth-science/projects/firesat/bundle/classes.
      </failure>
    </testcase>
    <testcase name='http://imce.jpl.nasa.gov/foundation/analysis#isLimitedBy'>
      <failure>
        declared in
        http://opencaesar.io/examples/firesat/programs/earth-science/projects/firesat/bundle/classes.
      </failure>
    </testcase>
    <testcase name='http://imce.jpl.nasa.gov/foundation/analysis#isValidatedBy'>
      <failure>
        declared in
        http://opencaesar.io/examples/firesat/programs/earth-science/projects/firesat/bundle/classes.
      </failure>
    </testcase>
    <testcase name='http://imce.jpl.nasa.gov/foundation/analysis#limits'>
      <failure>
        declared in
        http://opencaesar.io/examples/firesat/programs/earth-science/projects/firesat/bundle/classes.
      </failure>
    </testcase>
    <testcase name='http://imce.jpl.nasa.gov/foundation/analysis#validates'>
      <failure>
        declared in
        http://opencaesar.io/examples/firesat/programs/earth-science/projects/firesat/bundle/classes.
      </failure>
    </testcase>
    <testcase name='http://imce.jpl.nasa.gov/foundation/base#AggregatedElement'>
      <failure>
        declared in
        http://opencaesar.io/examples/firesat/programs/earth-science/projects/firesat/bundle/classes.
      </failure>
    </testcase>
    <testcase name='http://imce.jpl.nasa.gov/foundation/base#Aggregates'>
      <failure>
        declared in
        http://opencaesar.io/examples/firesat/programs/earth-science/projects/firesat/bundle/classes.
      </failure>
    </testcase>
    <testcase name='http://imce.jpl.nasa.gov/foundation/base#ContainedElement'>
      <failure>
        declared in
        http://opencaesar.io/examples/firesat/programs/earth-science/projects/firesat/bundle/classes.
      </failure>
    </testcase>
    <testcase name='http://imce.jpl.nasa.gov/foundation/base#Container'>
      <failure>
        declared in
        http://opencaesar.io/examples/firesat/programs/earth-science/projects/firesat/bundle/classes.
      </failure>
    </testcase>
    <testcase name='http://imce.jpl.nasa.gov/foundation/base#Contains'>
      <failure>
        declared in
        http://opencaesar.io/examples/firesat/programs/earth-science/projects/firesat/bundle/classes.
      </failure>
    </testcase>
    <testcase name='http://imce.jpl.nasa.gov/foundation/base#IdentifiedElement'>
      <failure>
        declared in
        http://opencaesar.io/examples/firesat/programs/earth-science/projects/firesat/bundle/classes.
      </failure>
    </testcase>
    <testcase name='http://imce.jpl.nasa.gov/foundation/base#Package'>
      <failure>
        declared in
        http://opencaesar.io/examples/firesat/programs/earth-science/projects/firesat/bundle/classes.
      </failure>
    </testcase>
    <testcase name='http://imce.jpl.nasa.gov/foundation/base#aggregates'>
      <failure>
        declared in
        http://opencaesar.io/examples/firesat/programs/earth-science/projects/firesat/bundle/classes.
      </failure>
    </testcase>
    <testcase name='http://imce.jpl.nasa.gov/foundation/base#contains'>
      <failure>
        declared in
        http://opencaesar.io/examples/firesat/programs/earth-science/projects/firesat/bundle/classes.
      </failure>
    </testcase>
    <testcase name='http://imce.jpl.nasa.gov/foundation/base#hasAggregatesSource'>
      <failure>
        declared in
        http://opencaesar.io/examples/firesat/programs/earth-science/projects/firesat/bundle/classes.
      </failure>
    </testcase>
    <testcase name='http://imce.jpl.nasa.gov/foundation/base#hasAggregatesTarget'>
      <failure>
        declared in
        http://opencaesar.io/examples/firesat/programs/earth-science/projects/firesat/bundle/classes.
      </failure>
    </testcase>
    <testcase name='http://imce.jpl.nasa.gov/foundation/base#hasAlternateName'>
      <failure>
        declared in
        http://opencaesar.io/examples/firesat/programs/earth-science/projects/firesat/bundle/classes.
      </failure>
    </testcase>
    <testcase name='http://imce.jpl.nasa.gov/foundation/base#hasCanonicalName'>
      <failure>
        declared in
        http://opencaesar.io/examples/firesat/programs/earth-science/projects/firesat/bundle/classes.
      </failure>
    </testcase>
    <testcase name='http://imce.jpl.nasa.gov/foundation/base#hasContainmentIndex'>
      <failure>
        declared in
        http://opencaesar.io/examples/firesat/programs/earth-science/projects/firesat/bundle/classes.
      </failure>
    </testcase>
    <testcase name='http://imce.jpl.nasa.gov/foundation/base#hasContainsSource'>
      <failure>
        declared in
        http://opencaesar.io/examples/firesat/programs/earth-science/projects/firesat/bundle/classes.
      </failure>
    </testcase>
    <testcase name='http://imce.jpl.nasa.gov/foundation/base#hasContainsTarget'>
      <failure>
        declared in
        http://opencaesar.io/examples/firesat/programs/earth-science/projects/firesat/bundle/classes.
      </failure>
    </testcase>
    <testcase name='http://imce.jpl.nasa.gov/foundation/base#hasDescription'>
      <failure>
        declared in
        http://opencaesar.io/examples/firesat/programs/earth-science/projects/firesat/bundle/classes.
      </failure>
    </testcase>
    <testcase name='http://imce.jpl.nasa.gov/foundation/base#hasIdentifier'>
      <failure>
        declared in
        http://opencaesar.io/examples/firesat/programs/earth-science/projects/firesat/bundle/classes.
      </failure>
    </testcase>
    <testcase name='http://imce.jpl.nasa.gov/foundation/base#hasIndexEntry'>
      <failure>
        declared in
        http://opencaesar.io/examples/firesat/programs/earth-science/projects/firesat/bundle/classes.
      </failure>
    </testcase>
    <testcase name='http://imce.jpl.nasa.gov/foundation/base#hasShortName'>
      <failure>
        declared in
        http://opencaesar.io/examples/firesat/programs/earth-science/projects/firesat/bundle/classes.
      </failure>
    </testcase>
    <testcase name='http://imce.jpl.nasa.gov/foundation/base#hasSortKey'>
      <failure>
        declared in
        http://opencaesar.io/examples/firesat/programs/earth-science/projects/firesat/bundle/classes.
      </failure>
    </testcase>
    <testcase name='http://imce.jpl.nasa.gov/foundation/base#hasUuid'>
      <failure>
        declared in
        http://opencaesar.io/examples/firesat/programs/earth-science/projects/firesat/bundle/classes.
      </failure>
    </testcase>
    <testcase name='http://imce.jpl.nasa.gov/foundation/base#isAggregatedIn'>
      <failure>
        declared in
        http://opencaesar.io/examples/firesat/programs/earth-science/projects/firesat/bundle/classes.
      </failure>
    </testcase>
    <testcase name='http://imce.jpl.nasa.gov/foundation/base#isContainedIn'>
      <failure>
        declared in
        http://opencaesar.io/examples/firesat/programs/earth-science/projects/firesat/bundle/classes.
      </failure>
    </testcase>
    <testcase name='http://imce.jpl.nasa.gov/foundation/mission#Component'>
      <failure>
        declared in
        http://opencaesar.io/examples/firesat/programs/earth-science/projects/firesat/bundle/classes.
      </failure>
    </testcase>
    <testcase name='http://imce.jpl.nasa.gov/foundation/mission#Deploys'>
      <failure>
        declared in
        http://opencaesar.io/examples/firesat/programs/earth-science/projects/firesat/bundle/classes.
      </failure>
    </testcase>
    <testcase name='http://imce.jpl.nasa.gov/foundation/mission#Emits'>
      <failure>
        declared in
        http://opencaesar.io/examples/firesat/programs/earth-science/projects/firesat/bundle/classes.
      </failure>
    </testcase>
    <testcase name='http://imce.jpl.nasa.gov/foundation/mission#Environment'>
      <failure>
        declared in
        http://opencaesar.io/examples/firesat/programs/earth-science/projects/firesat/bundle/classes.
      </failure>
    </testcase>
    <testcase name='http://imce.jpl.nasa.gov/foundation/mission#Flow'>
      <failure>
        declared in
        http://opencaesar.io/examples/firesat/programs/earth-science/projects/firesat/bundle/classes.
      </failure>
    </testcase>
    <testcase name='http://imce.jpl.nasa.gov/foundation/mission#Function'>
      <failure>
        declared in
        http://opencaesar.io/examples/firesat/programs/earth-science/projects/firesat/bundle/classes.
      </failure>
    </testcase>
    <testcase name='http://imce.jpl.nasa.gov/foundation/mission#HasParticipant'>
      <failure>
        declared in
        http://opencaesar.io/examples/firesat/programs/earth-science/projects/firesat/bundle/classes.
      </failure>
    </testcase>
    <testcase name='http://imce.jpl.nasa.gov/foundation/mission#Induces'>
      <failure>
        declared in
        http://opencaesar.io/examples/firesat/programs/earth-science/projects/firesat/bundle/classes.
      </failure>
    </testcase>
    <testcase name='http://imce.jpl.nasa.gov/foundation/mission#Influences'>
      <failure>
        declared in
        http://opencaesar.io/examples/firesat/programs/earth-science/projects/firesat/bundle/classes.
      </failure>
    </testcase>
    <testcase name='http://imce.jpl.nasa.gov/foundation/mission#Ingests'>
      <failure>
        declared in
        http://opencaesar.io/examples/firesat/programs/earth-science/projects/firesat/bundle/classes.
      </failure>
    </testcase>
    <testcase name='http://imce.jpl.nasa.gov/foundation/mission#Interchange'>
      <failure>
        declared in
        http://opencaesar.io/examples/firesat/programs/earth-science/projects/firesat/bundle/classes.
      </failure>
    </testcase>
    <testcase name='http://imce.jpl.nasa.gov/foundation/mission#InterchangePoint'>
      <failure>
        declared in
        http://opencaesar.io/examples/firesat/programs/earth-science/projects/firesat/bundle/classes.
      </failure>
    </testcase>
    <testcase name='http://imce.jpl.nasa.gov/foundation/mission#InterchangesThrough'>
      <failure>
        declared in
        http://opencaesar.io/examples/firesat/programs/earth-science/projects/firesat/bundle/classes.
      </failure>
    </testcase>
    <testcase name='http://imce.jpl.nasa.gov/foundation/mission#Interface'>
      <failure>
        declared in
        http://opencaesar.io/examples/firesat/programs/earth-science/projects/firesat/bundle/classes.
      </failure>
    </testcase>
    <testcase name='http://imce.jpl.nasa.gov/foundation/mission#Invokes'>
      <failure>
        declared in
        http://opencaesar.io/examples/firesat/programs/earth-science/projects/firesat/bundle/classes.
      </failure>
    </testcase>
    <testcase name='http://imce.jpl.nasa.gov/foundation/mission#Involves'>
      <failure>
        declared in
        http://opencaesar.io/examples/firesat/programs/earth-science/projects/firesat/bundle/classes.
      </failure>
    </testcase>
    <testcase name='http://imce.jpl.nasa.gov/foundation/mission#Involves1'>
      <failure>
        declared in
        http://opencaesar.io/examples/firesat/programs/earth-science/projects/firesat/bundle/classes.
      </failure>
    </testcase>
    <testcase name='http://imce.jpl.nasa.gov/foundation/mission#Involves2'>
      <failure>
        declared in
        http://opencaesar.io/examples/firesat/programs/earth-science/projects/firesat/bundle/classes.
      </failure>
    </testcase>
    <testcase name='http://imce.jpl.nasa.gov/foundation/mission#IsTraversedBy'>
      <failure>
        declared in
        http://opencaesar.io/examples/firesat/programs/earth-science/projects/firesat/bundle/classes.
      </failure>
    </testcase>
    <testcase name='http://imce.jpl.nasa.gov/foundation/mission#Item'>
      <failure>
        declared in
        http://opencaesar.io/examples/firesat/programs/earth-science/projects/firesat/bundle/classes.
      </failure>
    </testcase>
    <testcase name='http://imce.jpl.nasa.gov/foundation/mission#Joins'>
      <failure>
        declared in
        http://opencaesar.io/examples/firesat/programs/earth-science/projects/firesat/bundle/classes.
      </failure>
    </testcase>
    <testcase name='http://imce.jpl.nasa.gov/foundation/mission#Joins1'>
      <failure>
        declared in
        http://opencaesar.io/examples/firesat/programs/earth-science/projects/firesat/bundle/classes.
      </failure>
    </testcase>
    <testcase name='http://imce.jpl.nasa.gov/foundation/mission#Joins2'>
      <failure>
        declared in
        http://opencaesar.io/examples/firesat/programs/earth-science/projects/firesat/bundle/classes.
      </failure>
    </testcase>
    <testcase name='http://imce.jpl.nasa.gov/foundation/mission#Junction'>
      <failure>
        declared in
        http://opencaesar.io/examples/firesat/programs/earth-science/projects/firesat/bundle/classes.
      </failure>
    </testcase>
    <testcase name='http://imce.jpl.nasa.gov/foundation/mission#MaterialItem'>
      <failure>
        declared in
        http://opencaesar.io/examples/firesat/programs/earth-science/projects/firesat/bundle/classes.
      </failure>
    </testcase>
    <testcase name='http://imce.jpl.nasa.gov/foundation/mission#Message'>
      <failure>
        declared in
        http://opencaesar.io/examples/firesat/programs/earth-science/projects/firesat/bundle/classes.
      </failure>
    </testcase>
    <testcase name='http://imce.jpl.nasa.gov/foundation/mission#Mission'>
      <failure>
        declared in
        http://opencaesar.io/examples/firesat/programs/earth-science/projects/firesat/bundle/classes.
      </failure>
    </testcase>
    <testcase name='http://imce.jpl.nasa.gov/foundation/mission#Objective'>
      <failure>
        declared in
        http://opencaesar.io/examples/firesat/programs/earth-science/projects/firesat/bundle/classes.
      </failure>
    </testcase>
    <testcase name='http://imce.jpl.nasa.gov/foundation/mission#PerformingElement'>
      <failure>
        declared in
        http://opencaesar.io/examples/firesat/programs/earth-science/projects/firesat/bundle/classes.
      </failure>
    </testcase>
    <testcase name='http://imce.jpl.nasa.gov/foundation/mission#Performs'>
      <failure>
        declared in
        http://opencaesar.io/examples/firesat/programs/earth-science/projects/firesat/bundle/classes.
      </failure>
    </testcase>
    <testcase name='http://imce.jpl.nasa.gov/foundation/mission#PresentingElement'>
      <failure>
        declared in
        http://opencaesar.io/examples/firesat/programs/earth-science/projects/firesat/bundle/classes.
      </failure>
    </testcase>
    <testcase name='http://imce.jpl.nasa.gov/foundation/mission#Presents'>
      <failure>
        declared in
        http://opencaesar.io/examples/firesat/programs/earth-science/projects/firesat/bundle/classes.
      </failure>
    </testcase>
    <testcase name='http://imce.jpl.nasa.gov/foundation/mission#Produces'>
      <failure>
        declared in
        http://opencaesar.io/examples/firesat/programs/earth-science/projects/firesat/bundle/classes.
      </failure>
    </testcase>
    <testcase name='http://imce.jpl.nasa.gov/foundation/mission#Product'>
      <failure>
        declared in
        http://opencaesar.io/examples/firesat/programs/earth-science/projects/firesat/bundle/classes.
      </failure>
    </testcase>
    <testcase name='http://imce.jpl.nasa.gov/foundation/mission#Pursues'>
      <failure>
        declared in
        http://opencaesar.io/examples/firesat/programs/earth-science/projects/firesat/bundle/classes.
      </failure>
    </testcase>
    <testcase name='http://imce.jpl.nasa.gov/foundation/mission#Receives'>
      <failure>
        declared in
        http://opencaesar.io/examples/firesat/programs/earth-science/projects/firesat/bundle/classes.
      </failure>
    </testcase>
    <testcase name='http://imce.jpl.nasa.gov/foundation/mission#Refines'>
      <failure>
        declared in
        http://opencaesar.io/examples/firesat/programs/earth-science/projects/firesat/bundle/classes.
      </failure>
    </testcase>
    <testcase name='http://imce.jpl.nasa.gov/foundation/mission#Requirement'>
      <failure>
        declared in
        http://opencaesar.io/examples/firesat/programs/earth-science/projects/firesat/bundle/classes.
      </failure>
    </testcase>
    <testcase name='http://imce.jpl.nasa.gov/foundation/mission#Sends'>
      <failure>
        declared in
        http://opencaesar.io/examples/firesat/programs/earth-science/projects/firesat/bundle/classes.
      </failure>
    </testcase>
    <testcase name='http://imce.jpl.nasa.gov/foundation/mission#SpecifiedElement'>
      <failure>
        declared in
        http://opencaesar.io/examples/firesat/programs/earth-science/projects/firesat/bundle/classes.
      </failure>
    </testcase>
    <testcase name='http://imce.jpl.nasa.gov/foundation/mission#Specifies'>
      <failure>
        declared in
        http://opencaesar.io/examples/firesat/programs/earth-science/projects/firesat/bundle/classes.
      </failure>
    </testcase>
    <testcase name='http://imce.jpl.nasa.gov/foundation/mission#Transfers'>
      <failure>
        declared in
        http://opencaesar.io/examples/firesat/programs/earth-science/projects/firesat/bundle/classes.
      </failure>
    </testcase>
    <testcase name='http://imce.jpl.nasa.gov/foundation/mission#TransfersIn'>
      <failure>
        declared in
        http://opencaesar.io/examples/firesat/programs/earth-science/projects/firesat/bundle/classes.
      </failure>
    </testcase>
    <testcase name='http://imce.jpl.nasa.gov/foundation/mission#TransfersOut'>
      <failure>
        declared in
        http://opencaesar.io/examples/firesat/programs/earth-science/projects/firesat/bundle/classes.
      </failure>
    </testcase>
    <testcase name='http://imce.jpl.nasa.gov/foundation/mission#TraversingElement'>
      <failure>
        declared in
        http://opencaesar.io/examples/firesat/programs/earth-science/projects/firesat/bundle/classes.
      </failure>
    </testcase>
    <testcase name='http://imce.jpl.nasa.gov/foundation/mission#deploys'>
      <failure>
        declared in
        http://opencaesar.io/examples/firesat/programs/earth-science/projects/firesat/bundle/classes.
      </failure>
    </testcase>
    <testcase name='http://imce.jpl.nasa.gov/foundation/mission#emits'>
      <failure>
        declared in
        http://opencaesar.io/examples/firesat/programs/earth-science/projects/firesat/bundle/classes.
      </failure>
    </testcase>
    <testcase name='http://imce.jpl.nasa.gov/foundation/mission#hasDeploysSource'>
      <failure>
        declared in
        http://opencaesar.io/examples/firesat/programs/earth-science/projects/firesat/bundle/classes.
      </failure>
    </testcase>
    <testcase name='http://imce.jpl.nasa.gov/foundation/mission#hasDeploysTarget'>
      <failure>
        declared in
        http://opencaesar.io/examples/firesat/programs/earth-science/projects/firesat/bundle/classes.
      </failure>
    </testcase>
    <testcase name='http://imce.jpl.nasa.gov/foundation/mission#hasEmitsSource'>
      <failure>
        declared in
        http://opencaesar.io/examples/firesat/programs/earth-science/projects/firesat/bundle/classes.
      </failure>
    </testcase>
    <testcase name='http://imce.jpl.nasa.gov/foundation/mission#hasEmitsTarget'>
      <failure>
        declared in
        http://opencaesar.io/examples/firesat/programs/earth-science/projects/firesat/bundle/classes.
      </failure>
    </testcase>
    <testcase name='http://imce.jpl.nasa.gov/foundation/mission#hasHasParticipantSource'>
      <failure>
        declared in
        http://opencaesar.io/examples/firesat/programs/earth-science/projects/firesat/bundle/classes.
      </failure>
    </testcase>
    <testcase name='http://imce.jpl.nasa.gov/foundation/mission#hasHasParticipantTarget'>
      <failure>
        declared in
        http://opencaesar.io/examples/firesat/programs/earth-science/projects/firesat/bundle/classes.
      </failure>
    </testcase>
    <testcase name='http://imce.jpl.nasa.gov/foundation/mission#hasInducesSource'>
      <failure>
        declared in
        http://opencaesar.io/examples/firesat/programs/earth-science/projects/firesat/bundle/classes.
      </failure>
    </testcase>
    <testcase name='http://imce.jpl.nasa.gov/foundation/mission#hasInducesTarget'>
      <failure>
        declared in
        http://opencaesar.io/examples/firesat/programs/earth-science/projects/firesat/bundle/classes.
      </failure>
    </testcase>
    <testcase name='http://imce.jpl.nasa.gov/foundation/mission#hasInfluencesSource'>
      <failure>
        declared in
        http://opencaesar.io/examples/firesat/programs/earth-science/projects/firesat/bundle/classes.
      </failure>
    </testcase>
    <testcase name='http://imce.jpl.nasa.gov/foundation/mission#hasInfluencesTarget'>
      <failure>
        declared in
        http://opencaesar.io/examples/firesat/programs/earth-science/projects/firesat/bundle/classes.
      </failure>
    </testcase>
    <testcase name='http://imce.jpl.nasa.gov/foundation/mission#hasIngestsSource'>
      <failure>
        declared in
        http://opencaesar.io/examples/firesat/programs/earth-science/projects/firesat/bundle/classes.
      </failure>
    </testcase>
    <testcase name='http://imce.jpl.nasa.gov/foundation/mission#hasIngestsTarget'>
      <failure>
        declared in
        http://opencaesar.io/examples/firesat/programs/earth-science/projects/firesat/bundle/classes.
      </failure>
    </testcase>
    <testcase name='http://imce.jpl.nasa.gov/foundation/mission#hasInterchangesThroughSource'>
      <failure>
        declared in
        http://opencaesar.io/examples/firesat/programs/earth-science/projects/firesat/bundle/classes.
      </failure>
    </testcase>
    <testcase name='http://imce.jpl.nasa.gov/foundation/mission#hasInterchangesThroughTarget'>
      <failure>
        declared in
        http://opencaesar.io/examples/firesat/programs/earth-science/projects/firesat/bundle/classes.
      </failure>
    </testcase>
    <testcase name='http://imce.jpl.nasa.gov/foundation/mission#hasInvokesSource'>
      <failure>
        declared in
        http://opencaesar.io/examples/firesat/programs/earth-science/projects/firesat/bundle/classes.
      </failure>
    </testcase>
    <testcase name='http://imce.jpl.nasa.gov/foundation/mission#hasInvokesTarget'>
      <failure>
        declared in
        http://opencaesar.io/examples/firesat/programs/earth-science/projects/firesat/bundle/classes.
      </failure>
    </testcase>
    <testcase name='http://imce.jpl.nasa.gov/foundation/mission#hasInvolves1Source'>
      <failure>
        declared in
        http://opencaesar.io/examples/firesat/programs/earth-science/projects/firesat/bundle/classes.
      </failure>
    </testcase>
    <testcase name='http://imce.jpl.nasa.gov/foundation/mission#hasInvolves1Target'>
      <failure>
        declared in
        http://opencaesar.io/examples/firesat/programs/earth-science/projects/firesat/bundle/classes.
      </failure>
    </testcase>
    <testcase name='http://imce.jpl.nasa.gov/foundation/mission#hasInvolves2Source'>
      <failure>
        declared in
        http://opencaesar.io/examples/firesat/programs/earth-science/projects/firesat/bundle/classes.
      </failure>
    </testcase>
    <testcase name='http://imce.jpl.nasa.gov/foundation/mission#hasInvolves2Target'>
      <failure>
        declared in
        http://opencaesar.io/examples/firesat/programs/earth-science/projects/firesat/bundle/classes.
      </failure>
    </testcase>
    <testcase name='http://imce.jpl.nasa.gov/foundation/mission#hasInvolvesSource'>
      <failure>
        declared in
        http://opencaesar.io/examples/firesat/programs/earth-science/projects/firesat/bundle/classes.
      </failure>
    </testcase>
    <testcase name='http://imce.jpl.nasa.gov/foundation/mission#hasInvolvesTarget'>
      <failure>
        declared in
        http://opencaesar.io/examples/firesat/programs/earth-science/projects/firesat/bundle/classes.
      </failure>
    </testcase>
    <testcase name='http://imce.jpl.nasa.gov/foundation/mission#hasIsTraversedBySource'>
      <failure>
        declared in
        http://opencaesar.io/examples/firesat/programs/earth-science/projects/firesat/bundle/classes.
      </failure>
    </testcase>
    <testcase name='http://imce.jpl.nasa.gov/foundation/mission#hasIsTraversedByTarget'>
      <failure>
        declared in
        http://opencaesar.io/examples/firesat/programs/earth-science/projects/firesat/bundle/classes.
      </failure>
    </testcase>
    <testcase name='http://imce.jpl.nasa.gov/foundation/mission#hasJoins1Source'>
      <failure>
        declared in
        http://opencaesar.io/examples/firesat/programs/earth-science/projects/firesat/bundle/classes.
      </failure>
    </testcase>
    <testcase name='http://imce.jpl.nasa.gov/foundation/mission#hasJoins1Target'>
      <failure>
        declared in
        http://opencaesar.io/examples/firesat/programs/earth-science/projects/firesat/bundle/classes.
      </failure>
    </testcase>
    <testcase name='http://imce.jpl.nasa.gov/foundation/mission#hasJoins2Source'>
      <failure>
        declared in
        http://opencaesar.io/examples/firesat/programs/earth-science/projects/firesat/bundle/classes.
      </failure>
    </testcase>
    <testcase name='http://imce.jpl.nasa.gov/foundation/mission#hasJoins2Target'>
      <failure>
        declared in
        http://opencaesar.io/examples/firesat/programs/earth-science/projects/firesat/bundle/classes.
      </failure>
    </testcase>
    <testcase name='http://imce.jpl.nasa.gov/foundation/mission#hasJoinsSource'>
      <failure>
        declared in
        http://opencaesar.io/examples/firesat/programs/earth-science/projects/firesat/bundle/classes.
      </failure>
    </testcase>
    <testcase name='http://imce.jpl.nasa.gov/foundation/mission#hasJoinsTarget'>
      <failure>
        declared in
        http://opencaesar.io/examples/firesat/programs/earth-science/projects/firesat/bundle/classes.
      </failure>
    </testcase>
    <testcase name='http://imce.jpl.nasa.gov/foundation/mission#hasParticipant'>
      <failure>
        declared in
        http://opencaesar.io/examples/firesat/programs/earth-science/projects/firesat/bundle/classes.
      </failure>
    </testcase>
    <testcase name='http://imce.jpl.nasa.gov/foundation/mission#hasPerformsSource'>
      <failure>
        declared in
        http://opencaesar.io/examples/firesat/programs/earth-science/projects/firesat/bundle/classes.
      </failure>
    </testcase>
    <testcase name='http://imce.jpl.nasa.gov/foundation/mission#hasPerformsTarget'>
      <failure>
        declared in
        http://opencaesar.io/examples/firesat/programs/earth-science/projects/firesat/bundle/classes.
      </failure>
    </testcase>
    <testcase name='http://imce.jpl.nasa.gov/foundation/mission#hasPresentsSource'>
      <failure>
        declared in
        http://opencaesar.io/examples/firesat/programs/earth-science/projects/firesat/bundle/classes.
      </failure>
    </testcase>
    <testcase name='http://imce.jpl.nasa.gov/foundation/mission#hasPresentsTarget'>
      <failure>
        declared in
        http://opencaesar.io/examples/firesat/programs/earth-science/projects/firesat/bundle/classes.
      </failure>
    </testcase>
    <testcase name='http://imce.jpl.nasa.gov/foundation/mission#hasProducesSource'>
      <failure>
        declared in
        http://opencaesar.io/examples/firesat/programs/earth-science/projects/firesat/bundle/classes.
      </failure>
    </testcase>
    <testcase name='http://imce.jpl.nasa.gov/foundation/mission#hasProducesTarget'>
      <failure>
        declared in
        http://opencaesar.io/examples/firesat/programs/earth-science/projects/firesat/bundle/classes.
      </failure>
    </testcase>
    <testcase name='http://imce.jpl.nasa.gov/foundation/mission#hasPursuesSource'>
      <failure>
        declared in
        http://opencaesar.io/examples/firesat/programs/earth-science/projects/firesat/bundle/classes.
      </failure>
    </testcase>
    <testcase name='http://imce.jpl.nasa.gov/foundation/mission#hasPursuesTarget'>
      <failure>
        declared in
        http://opencaesar.io/examples/firesat/programs/earth-science/projects/firesat/bundle/classes.
      </failure>
    </testcase>
    <testcase name='http://imce.jpl.nasa.gov/foundation/mission#hasRationale'>
      <failure>
        declared in
        http://opencaesar.io/examples/firesat/programs/earth-science/projects/firesat/bundle/classes.
      </failure>
    </testcase>
    <testcase name='http://imce.jpl.nasa.gov/foundation/mission#hasReceivesSource'>
      <failure>
        declared in
        http://opencaesar.io/examples/firesat/programs/earth-science/projects/firesat/bundle/classes.
      </failure>
    </testcase>
    <testcase name='http://imce.jpl.nasa.gov/foundation/mission#hasReceivesTarget'>
      <failure>
        declared in
        http://opencaesar.io/examples/firesat/programs/earth-science/projects/firesat/bundle/classes.
      </failure>
    </testcase>
    <testcase name='http://imce.jpl.nasa.gov/foundation/mission#hasRefinesSource'>
      <failure>
        declared in
        http://opencaesar.io/examples/firesat/programs/earth-science/projects/firesat/bundle/classes.
      </failure>
    </testcase>
    <testcase name='http://imce.jpl.nasa.gov/foundation/mission#hasRefinesTarget'>
      <failure>
        declared in
        http://opencaesar.io/examples/firesat/programs/earth-science/projects/firesat/bundle/classes.
      </failure>
    </testcase>
    <testcase name='http://imce.jpl.nasa.gov/foundation/mission#hasSendsSource'>
      <failure>
        declared in
        http://opencaesar.io/examples/firesat/programs/earth-science/projects/firesat/bundle/classes.
      </failure>
    </testcase>
    <testcase name='http://imce.jpl.nasa.gov/foundation/mission#hasSendsTarget'>
      <failure>
        declared in
        http://opencaesar.io/examples/firesat/programs/earth-science/projects/firesat/bundle/classes.
      </failure>
    </testcase>
    <testcase name='http://imce.jpl.nasa.gov/foundation/mission#hasSpecifiesSource'>
      <failure>
        declared in
        http://opencaesar.io/examples/firesat/programs/earth-science/projects/firesat/bundle/classes.
      </failure>
    </testcase>
    <testcase name='http://imce.jpl.nasa.gov/foundation/mission#hasSpecifiesTarget'>
      <failure>
        declared in
        http://opencaesar.io/examples/firesat/programs/earth-science/projects/firesat/bundle/classes.
      </failure>
    </testcase>
    <testcase name='http://imce.jpl.nasa.gov/foundation/mission#hasTransfersInSource'>
      <failure>
        declared in
        http://opencaesar.io/examples/firesat/programs/earth-science/projects/firesat/bundle/classes.
      </failure>
    </testcase>
    <testcase name='http://imce.jpl.nasa.gov/foundation/mission#hasTransfersInTarget'>
      <failure>
        declared in
        http://opencaesar.io/examples/firesat/programs/earth-science/projects/firesat/bundle/classes.
      </failure>
    </testcase>
    <testcase name='http://imce.jpl.nasa.gov/foundation/mission#hasTransfersOutSource'>
      <failure>
        declared in
        http://opencaesar.io/examples/firesat/programs/earth-science/projects/firesat/bundle/classes.
      </failure>
    </testcase>
    <testcase name='http://imce.jpl.nasa.gov/foundation/mission#hasTransfersOutTarget'>
      <failure>
        declared in
        http://opencaesar.io/examples/firesat/programs/earth-science/projects/firesat/bundle/classes.
      </failure>
    </testcase>
    <testcase name='http://imce.jpl.nasa.gov/foundation/mission#hasTransfersSource'>
      <failure>
        declared in
        http://opencaesar.io/examples/firesat/programs/earth-science/projects/firesat/bundle/classes.
      </failure>
    </testcase>
    <testcase name='http://imce.jpl.nasa.gov/foundation/mission#hasTransfersTarget'>
      <failure>
        declared in
        http://opencaesar.io/examples/firesat/programs/earth-science/projects/firesat/bundle/classes.
      </failure>
    </testcase>
    <testcase name='http://imce.jpl.nasa.gov/foundation/mission#induces'>
      <failure>
        declared in
        http://opencaesar.io/examples/firesat/programs/earth-science/projects/firesat/bundle/classes.
      </failure>
    </testcase>
    <testcase name='http://imce.jpl.nasa.gov/foundation/mission#influences'>
      <failure>
        declared in
        http://opencaesar.io/examples/firesat/programs/earth-science/projects/firesat/bundle/classes.
      </failure>
    </testcase>
    <testcase name='http://imce.jpl.nasa.gov/foundation/mission#ingests'>
      <failure>
        declared in
        http://opencaesar.io/examples/firesat/programs/earth-science/projects/firesat/bundle/classes.
      </failure>
    </testcase>
    <testcase name='http://imce.jpl.nasa.gov/foundation/mission#interchangesThrough'>
      <failure>
        declared in
        http://opencaesar.io/examples/firesat/programs/earth-science/projects/firesat/bundle/classes.
      </failure>
    </testcase>
    <testcase name='http://imce.jpl.nasa.gov/foundation/mission#invokes'>
      <failure>
        declared in
        http://opencaesar.io/examples/firesat/programs/earth-science/projects/firesat/bundle/classes.
      </failure>
    </testcase>
    <testcase name='http://imce.jpl.nasa.gov/foundation/mission#involves'>
      <failure>
        declared in
        http://opencaesar.io/examples/firesat/programs/earth-science/projects/firesat/bundle/classes.
      </failure>
    </testcase>
    <testcase name='http://imce.jpl.nasa.gov/foundation/mission#involves1'>
      <failure>
        declared in
        http://opencaesar.io/examples/firesat/programs/earth-science/projects/firesat/bundle/classes.
      </failure>
    </testcase>
    <testcase name='http://imce.jpl.nasa.gov/foundation/mission#involves2'>
      <failure>
        declared in
        http://opencaesar.io/examples/firesat/programs/earth-science/projects/firesat/bundle/classes.
      </failure>
    </testcase>
    <testcase name='http://imce.jpl.nasa.gov/foundation/mission#isDeployedBy'>
      <failure>
        declared in
        http://opencaesar.io/examples/firesat/programs/earth-science/projects/firesat/bundle/classes.
      </failure>
    </testcase>
    <testcase name='http://imce.jpl.nasa.gov/foundation/mission#isEmittedBy'>
      <failure>
        declared in
        http://opencaesar.io/examples/firesat/programs/earth-science/projects/firesat/bundle/classes.
      </failure>
    </testcase>
    <testcase name='http://imce.jpl.nasa.gov/foundation/mission#isInducedBy'>
      <failure>
        declared in
        http://opencaesar.io/examples/firesat/programs/earth-science/projects/firesat/bundle/classes.
      </failure>
    </testcase>
    <testcase name='http://imce.jpl.nasa.gov/foundation/mission#isInfluencedBy'>
      <failure>
        declared in
        http://opencaesar.io/examples/firesat/programs/earth-science/projects/firesat/bundle/classes.
      </failure>
    </testcase>
    <testcase name='http://imce.jpl.nasa.gov/foundation/mission#isIngestedBy'>
      <failure>
        declared in
        http://opencaesar.io/examples/firesat/programs/earth-science/projects/firesat/bundle/classes.
      </failure>
    </testcase>
    <testcase name='http://imce.jpl.nasa.gov/foundation/mission#isInterchangePointFor'>
      <failure>
        declared in
        http://opencaesar.io/examples/firesat/programs/earth-science/projects/firesat/bundle/classes.
      </failure>
    </testcase>
    <testcase name='http://imce.jpl.nasa.gov/foundation/mission#isInvokedBy'>
      <failure>
        declared in
        http://opencaesar.io/examples/firesat/programs/earth-science/projects/firesat/bundle/classes.
      </failure>
    </testcase>
    <testcase name='http://imce.jpl.nasa.gov/foundation/mission#isInvolvedIn'>
      <failure>
        declared in
        http://opencaesar.io/examples/firesat/programs/earth-science/projects/firesat/bundle/classes.
      </failure>
    </testcase>
    <testcase name='http://imce.jpl.nasa.gov/foundation/mission#isInvolvedIn1'>
      <failure>
        declared in
        http://opencaesar.io/examples/firesat/programs/earth-science/projects/firesat/bundle/classes.
      </failure>
    </testcase>
    <testcase name='http://imce.jpl.nasa.gov/foundation/mission#isInvolvedIn2'>
      <failure>
        declared in
        http://opencaesar.io/examples/firesat/programs/earth-science/projects/firesat/bundle/classes.
      </failure>
    </testcase>
    <testcase name='http://imce.jpl.nasa.gov/foundation/mission#isJoinedIn'>
      <failure>
        declared in
        http://opencaesar.io/examples/firesat/programs/earth-science/projects/firesat/bundle/classes.
      </failure>
    </testcase>
    <testcase name='http://imce.jpl.nasa.gov/foundation/mission#isJoinedIn1'>
      <failure>
        declared in
        http://opencaesar.io/examples/firesat/programs/earth-science/projects/firesat/bundle/classes.
      </failure>
    </testcase>
    <testcase name='http://imce.jpl.nasa.gov/foundation/mission#isJoinedIn2'>
      <failure>
        declared in
        http://opencaesar.io/examples/firesat/programs/earth-science/projects/firesat/bundle/classes.
      </failure>
    </testcase>
    <testcase name='http://imce.jpl.nasa.gov/foundation/mission#isPerformedBy'>
      <failure>
        declared in
        http://opencaesar.io/examples/firesat/programs/earth-science/projects/firesat/bundle/classes.
      </failure>
    </testcase>
    <testcase name='http://imce.jpl.nasa.gov/foundation/mission#isPresentedBy'>
      <failure>
        declared in
        http://opencaesar.io/examples/firesat/programs/earth-science/projects/firesat/bundle/classes.
      </failure>
    </testcase>
    <testcase name='http://imce.jpl.nasa.gov/foundation/mission#isProducedBy'>
      <failure>
        declared in
        http://opencaesar.io/examples/firesat/programs/earth-science/projects/firesat/bundle/classes.
      </failure>
    </testcase>
    <testcase name='http://imce.jpl.nasa.gov/foundation/mission#isPursuedBy'>
      <failure>
        declared in
        http://opencaesar.io/examples/firesat/programs/earth-science/projects/firesat/bundle/classes.
      </failure>
    </testcase>
    <testcase name='http://imce.jpl.nasa.gov/foundation/mission#isReceivedBy'>
      <failure>
        declared in
        http://opencaesar.io/examples/firesat/programs/earth-science/projects/firesat/bundle/classes.
      </failure>
    </testcase>
    <testcase name='http://imce.jpl.nasa.gov/foundation/mission#isRefinedBy'>
      <failure>
        declared in
        http://opencaesar.io/examples/firesat/programs/earth-science/projects/firesat/bundle/classes.
      </failure>
    </testcase>
    <testcase name='http://imce.jpl.nasa.gov/foundation/mission#isSentBy'>
      <failure>
        declared in
        http://opencaesar.io/examples/firesat/programs/earth-science/projects/firesat/bundle/classes.
      </failure>
    </testcase>
    <testcase name='http://imce.jpl.nasa.gov/foundation/mission#isSpecifiedBy'>
      <failure>
        declared in
        http://opencaesar.io/examples/firesat/programs/earth-science/projects/firesat/bundle/classes.
      </failure>
    </testcase>
    <testcase name='http://imce.jpl.nasa.gov/foundation/mission#isTraversedBy'>
      <failure>
        declared in
        http://opencaesar.io/examples/firesat/programs/earth-science/projects/firesat/bundle/classes.
      </failure>
    </testcase>
    <testcase name='http://imce.jpl.nasa.gov/foundation/mission#joins'>
      <failure>
        declared in
        http://opencaesar.io/examples/firesat/programs/earth-science/projects/firesat/bundle/classes.
      </failure>
    </testcase>
    <testcase name='http://imce.jpl.nasa.gov/foundation/mission#joins1'>
      <failure>
        declared in
        http://opencaesar.io/examples/firesat/programs/earth-science/projects/firesat/bundle/classes.
      </failure>
    </testcase>
    <testcase name='http://imce.jpl.nasa.gov/foundation/mission#joins2'>
      <failure>
        declared in
        http://opencaesar.io/examples/firesat/programs/earth-science/projects/firesat/bundle/classes.
      </failure>
    </testcase>
    <testcase name='http://imce.jpl.nasa.gov/foundation/mission#participatesIn'>
      <failure>
        declared in
        http://opencaesar.io/examples/firesat/programs/earth-science/projects/firesat/bundle/classes.
      </failure>
    </testcase>
    <testcase name='http://imce.jpl.nasa.gov/foundation/mission#performs'>
      <failure>
        declared in
        http://opencaesar.io/examples/firesat/programs/earth-science/projects/firesat/bundle/classes.
      </failure>
    </testcase>
    <testcase name='http://imce.jpl.nasa.gov/foundation/mission#presents'>
      <failure>
        declared in
        http://opencaesar.io/examples/firesat/programs/earth-science/projects/firesat/bundle/classes.
      </failure>
    </testcase>
    <testcase name='http://imce.jpl.nasa.gov/foundation/mission#produces'>
      <failure>
        declared in
        http://opencaesar.io/examples/firesat/programs/earth-science/projects/firesat/bundle/classes.
      </failure>
    </testcase>
    <testcase name='http://imce.jpl.nasa.gov/foundation/mission#pursues'>
      <failure>
        declared in
        http://opencaesar.io/examples/firesat/programs/earth-science/projects/firesat/bundle/classes.
      </failure>
    </testcase>
    <testcase name='http://imce.jpl.nasa.gov/foundation/mission#receives'>
      <failure>
        declared in
        http://opencaesar.io/examples/firesat/programs/earth-science/projects/firesat/bundle/classes.
      </failure>
    </testcase>
    <testcase name='http://imce.jpl.nasa.gov/foundation/mission#refines'>
      <failure>
        declared in
        http://opencaesar.io/examples/firesat/programs/earth-science/projects/firesat/bundle/classes.
      </failure>
    </testcase>
    <testcase name='http://imce.jpl.nasa.gov/foundation/mission#sends'>
      <failure>
        declared in
        http://opencaesar.io/examples/firesat/programs/earth-science/projects/firesat/bundle/classes.
      </failure>
    </testcase>
    <testcase name='http://imce.jpl.nasa.gov/foundation/mission#specifies'>
      <failure>
        declared in
        http://opencaesar.io/examples/firesat/programs/earth-science/projects/firesat/bundle/classes.
      </failure>
    </testcase>
    <testcase name='http://imce.jpl.nasa.gov/foundation/mission#transfers'>
      <failure>
        declared in
        http://opencaesar.io/examples/firesat/programs/earth-science/projects/firesat/bundle/classes.
      </failure>
    </testcase>
    <testcase name='http://imce.jpl.nasa.gov/foundation/mission#transfersIn'>
      <failure>
        declared in
        http://opencaesar.io/examples/firesat/programs/earth-science/projects/firesat/bundle/classes.
      </failure>
    </testcase>
    <testcase name='http://imce.jpl.nasa.gov/foundation/mission#transfersOut'>
      <failure>
        declared in
        http://opencaesar.io/examples/firesat/programs/earth-science/projects/firesat/bundle/classes.
      </failure>
    </testcase>
    <testcase name='http://imce.jpl.nasa.gov/foundation/mission#traverses'>
      <failure>
        declared in
        http://opencaesar.io/examples/firesat/programs/earth-science/projects/firesat/bundle/classes.
      </failure>
    </testcase>
    <testcase name='http://imce.jpl.nasa.gov/foundation/project#Approves'>
      <failure>
        declared in
        http://opencaesar.io/examples/firesat/programs/earth-science/projects/firesat/bundle/classes.
      </failure>
    </testcase>
    <testcase name='http://imce.jpl.nasa.gov/foundation/project#AssignedElement'>
      <failure>
        declared in
        http://opencaesar.io/examples/firesat/programs/earth-science/projects/firesat/bundle/classes.
      </failure>
    </testcase>
    <testcase name='http://imce.jpl.nasa.gov/foundation/project#Authority'>
      <failure>
        declared in
        http://opencaesar.io/examples/firesat/programs/earth-science/projects/firesat/bundle/classes.
      </failure>
    </testcase>
    <testcase name='http://imce.jpl.nasa.gov/foundation/project#Authorizes'>
      <failure>
        declared in
        http://opencaesar.io/examples/firesat/programs/earth-science/projects/firesat/bundle/classes.
      </failure>
    </testcase>
    <testcase name='http://imce.jpl.nasa.gov/foundation/project#BelongsTo'>
      <failure>
        declared in
        http://opencaesar.io/examples/firesat/programs/earth-science/projects/firesat/bundle/classes.
      </failure>
    </testcase>
    <testcase name='http://imce.jpl.nasa.gov/foundation/project#Binds'>
      <failure>
        declared in
        http://opencaesar.io/examples/firesat/programs/earth-science/projects/firesat/bundle/classes.
      </failure>
    </testcase>
    <testcase name='http://imce.jpl.nasa.gov/foundation/project#Concern'>
      <failure>
        declared in
        http://opencaesar.io/examples/firesat/programs/earth-science/projects/firesat/bundle/classes.
      </failure>
    </testcase>
    <testcase name='http://imce.jpl.nasa.gov/foundation/project#Concurs'>
      <failure>
        declared in
        http://opencaesar.io/examples/firesat/programs/earth-science/projects/firesat/bundle/classes.
      </failure>
    </testcase>
    <testcase name='http://imce.jpl.nasa.gov/foundation/project#DelegatesTo'>
      <failure>
        declared in
        http://opencaesar.io/examples/firesat/programs/earth-science/projects/firesat/bundle/classes.
      </failure>
    </testcase>
    <testcase name='http://imce.jpl.nasa.gov/foundation/project#Deliverable'>
      <failure>
        declared in
        http://opencaesar.io/examples/firesat/programs/earth-science/projects/firesat/bundle/classes.
      </failure>
    </testcase>
    <testcase name='http://imce.jpl.nasa.gov/foundation/project#Delivers'>
      <failure>
        declared in
        http://opencaesar.io/examples/firesat/programs/earth-science/projects/firesat/bundle/classes.
      </failure>
    </testcase>
    <testcase name='http://imce.jpl.nasa.gov/foundation/project#Describes'>
      <failure>
        declared in
        http://opencaesar.io/examples/firesat/programs/earth-science/projects/firesat/bundle/classes.
      </failure>
    </testcase>
    <testcase name='http://imce.jpl.nasa.gov/foundation/project#DevelopedElement'>
      <failure>
        declared in
        http://opencaesar.io/examples/firesat/programs/earth-science/projects/firesat/bundle/classes.
      </failure>
    </testcase>
    <testcase name='http://imce.jpl.nasa.gov/foundation/project#DevelopmentState'>
      <failure>
        declared in
        http://opencaesar.io/examples/firesat/programs/earth-science/projects/firesat/bundle/classes.
      </failure>
    </testcase>
    <testcase name='http://imce.jpl.nasa.gov/foundation/project#Executes'>
      <failure>
        declared in
        http://opencaesar.io/examples/firesat/programs/earth-science/projects/firesat/bundle/classes.
      </failure>
    </testcase>
    <testcase name='http://imce.jpl.nasa.gov/foundation/project#Facility'>
      <failure>
        declared in
        http://opencaesar.io/examples/firesat/programs/earth-science/projects/firesat/bundle/classes.
      </failure>
    </testcase>
    <testcase name='http://imce.jpl.nasa.gov/foundation/project#HasAssignment'>
      <failure>
        declared in
        http://opencaesar.io/examples/firesat/programs/earth-science/projects/firesat/bundle/classes.
      </failure>
    </testcase>
    <testcase name='http://imce.jpl.nasa.gov/foundation/project#HasParticipant'>
      <failure>
        declared in
        http://opencaesar.io/examples/firesat/programs/earth-science/projects/firesat/bundle/classes.
      </failure>
    </testcase>
    <testcase name='http://imce.jpl.nasa.gov/foundation/project#HasResponsibilityFor'>
      <failure>
        declared in
        http://opencaesar.io/examples/firesat/programs/earth-science/projects/firesat/bundle/classes.
      </failure>
    </testcase>
    <testcase name='http://imce.jpl.nasa.gov/foundation/project#HasRole'>
      <failure>
        declared in
        http://opencaesar.io/examples/firesat/programs/earth-science/projects/firesat/bundle/classes.
      </failure>
    </testcase>
    <testcase name='http://imce.jpl.nasa.gov/foundation/project#Interchange'>
      <failure>
        declared in
        http://opencaesar.io/examples/firesat/programs/earth-science/projects/firesat/bundle/classes.
      </failure>
    </testcase>
    <testcase name='http://imce.jpl.nasa.gov/foundation/project#InterchangePoint'>
      <failure>
        declared in
        http://opencaesar.io/examples/firesat/programs/earth-science/projects/firesat/bundle/classes.
      </failure>
    </testcase>
    <testcase name='http://imce.jpl.nasa.gov/foundation/project#InterchangesThrough'>
      <failure>
        declared in
        http://opencaesar.io/examples/firesat/programs/earth-science/projects/firesat/bundle/classes.
      </failure>
    </testcase>
    <testcase name='http://imce.jpl.nasa.gov/foundation/project#Invokes'>
      <failure>
        declared in
        http://opencaesar.io/examples/firesat/programs/earth-science/projects/firesat/bundle/classes.
      </failure>
    </testcase>
    <testcase name='http://imce.jpl.nasa.gov/foundation/project#Involves'>
      <failure>
        declared in
        http://opencaesar.io/examples/firesat/programs/earth-science/projects/firesat/bundle/classes.
      </failure>
    </testcase>
    <testcase name='http://imce.jpl.nasa.gov/foundation/project#Involves1'>
      <failure>
        declared in
        http://opencaesar.io/examples/firesat/programs/earth-science/projects/firesat/bundle/classes.
      </failure>
    </testcase>
    <testcase name='http://imce.jpl.nasa.gov/foundation/project#Involves2'>
      <failure>
        declared in
        http://opencaesar.io/examples/firesat/programs/earth-science/projects/firesat/bundle/classes.
      </failure>
    </testcase>
    <testcase name='http://imce.jpl.nasa.gov/foundation/project#Manifests'>
      <failure>
        declared in
        http://opencaesar.io/examples/firesat/programs/earth-science/projects/firesat/bundle/classes.
      </failure>
    </testcase>
    <testcase name='http://imce.jpl.nasa.gov/foundation/project#Organization'>
      <failure>
        declared in
        http://opencaesar.io/examples/firesat/programs/earth-science/projects/firesat/bundle/classes.
      </failure>
    </testcase>
    <testcase name='http://imce.jpl.nasa.gov/foundation/project#Person'>
      <failure>
        declared in
        http://opencaesar.io/examples/firesat/programs/earth-science/projects/firesat/bundle/classes.
      </failure>
    </testcase>
    <testcase name='http://imce.jpl.nasa.gov/foundation/project#Policy'>
      <failure>
        declared in
        http://opencaesar.io/examples/firesat/programs/earth-science/projects/firesat/bundle/classes.
      </failure>
    </testcase>
    <testcase name='http://imce.jpl.nasa.gov/foundation/project#Prepares'>
      <failure>
        declared in
        http://opencaesar.io/examples/firesat/programs/earth-science/projects/firesat/bundle/classes.
      </failure>
    </testcase>
    <testcase name='http://imce.jpl.nasa.gov/foundation/project#Process'>
      <failure>
        declared in
        http://opencaesar.io/examples/firesat/programs/earth-science/projects/firesat/bundle/classes.
      </failure>
    </testcase>
    <testcase name='http://imce.jpl.nasa.gov/foundation/project#Produces'>
      <failure>
        declared in
        http://opencaesar.io/examples/firesat/programs/earth-science/projects/firesat/bundle/classes.
      </failure>
    </testcase>
    <testcase name='http://imce.jpl.nasa.gov/foundation/project#Product'>
      <failure>
        declared in
        http://opencaesar.io/examples/firesat/programs/earth-science/projects/firesat/bundle/classes.
      </failure>
    </testcase>
    <testcase name='http://imce.jpl.nasa.gov/foundation/project#Program'>
      <failure>
        declared in
        http://opencaesar.io/examples/firesat/programs/earth-science/projects/firesat/bundle/classes.
      </failure>
    </testcase>
    <testcase name='http://imce.jpl.nasa.gov/foundation/project#Project'>
      <failure>
        declared in
        http://opencaesar.io/examples/firesat/programs/earth-science/projects/firesat/bundle/classes.
      </failure>
    </testcase>
    <testcase name='http://imce.jpl.nasa.gov/foundation/project#RealizedElement'>
      <failure>
        declared in
        http://opencaesar.io/examples/firesat/programs/earth-science/projects/firesat/bundle/classes.
      </failure>
    </testcase>
    <testcase name='http://imce.jpl.nasa.gov/foundation/project#Realizes'>
      <failure>
        declared in
        http://opencaesar.io/examples/firesat/programs/earth-science/projects/firesat/bundle/classes.
      </failure>
    </testcase>
    <testcase name='http://imce.jpl.nasa.gov/foundation/project#Receives'>
      <failure>
        declared in
        http://opencaesar.io/examples/firesat/programs/earth-science/projects/firesat/bundle/classes.
      </failure>
    </testcase>
    <testcase name='http://imce.jpl.nasa.gov/foundation/project#ReliesOn'>
      <failure>
        declared in
        http://opencaesar.io/examples/firesat/programs/earth-science/projects/firesat/bundle/classes.
      </failure>
    </testcase>
    <testcase name='http://imce.jpl.nasa.gov/foundation/project#Represents'>
      <failure>
        declared in
        http://opencaesar.io/examples/firesat/programs/earth-science/projects/firesat/bundle/classes.
      </failure>
    </testcase>
    <testcase name='http://imce.jpl.nasa.gov/foundation/project#Role'>
      <failure>
        declared in
        http://opencaesar.io/examples/firesat/programs/earth-science/projects/firesat/bundle/classes.
      </failure>
    </testcase>
    <testcase name='http://imce.jpl.nasa.gov/foundation/project#Stakeholder'>
      <failure>
        declared in
        http://opencaesar.io/examples/firesat/programs/earth-science/projects/firesat/bundle/classes.
      </failure>
    </testcase>
    <testcase name='http://imce.jpl.nasa.gov/foundation/project#SuppliedElement'>
      <failure>
        declared in
        http://opencaesar.io/examples/firesat/programs/earth-science/projects/firesat/bundle/classes.
      </failure>
    </testcase>
    <testcase name='http://imce.jpl.nasa.gov/foundation/project#Supplies'>
      <failure>
        declared in
        http://opencaesar.io/examples/firesat/programs/earth-science/projects/firesat/bundle/classes.
      </failure>
    </testcase>
    <testcase name='http://imce.jpl.nasa.gov/foundation/project#WorkPackage'>
      <failure>
        declared in
        http://opencaesar.io/examples/firesat/programs/earth-science/projects/firesat/bundle/classes.
      </failure>
    </testcase>
    <testcase name='http://imce.jpl.nasa.gov/foundation/project#approves'>
      <failure>
        declared in
        http://opencaesar.io/examples/firesat/programs/earth-science/projects/firesat/bundle/classes.
      </failure>
    </testcase>
    <testcase name='http://imce.jpl.nasa.gov/foundation/project#authorizes'>
      <failure>
        declared in
        http://opencaesar.io/examples/firesat/programs/earth-science/projects/firesat/bundle/classes.
      </failure>
    </testcase>
    <testcase name='http://imce.jpl.nasa.gov/foundation/project#belongsTo'>
      <failure>
        declared in
        http://opencaesar.io/examples/firesat/programs/earth-science/projects/firesat/bundle/classes.
      </failure>
    </testcase>
    <testcase name='http://imce.jpl.nasa.gov/foundation/project#binds'>
      <failure>
        declared in
        http://opencaesar.io/examples/firesat/programs/earth-science/projects/firesat/bundle/classes.
      </failure>
    </testcase>
    <testcase name='http://imce.jpl.nasa.gov/foundation/project#concurs'>
      <failure>
        declared in
        http://opencaesar.io/examples/firesat/programs/earth-science/projects/firesat/bundle/classes.
      </failure>
    </testcase>
    <testcase name='http://imce.jpl.nasa.gov/foundation/project#delegatesTo'>
      <failure>
        declared in
        http://opencaesar.io/examples/firesat/programs/earth-science/projects/firesat/bundle/classes.
      </failure>
    </testcase>
    <testcase name='http://imce.jpl.nasa.gov/foundation/project#delivers'>
      <failure>
        declared in
        http://opencaesar.io/examples/firesat/programs/earth-science/projects/firesat/bundle/classes.
      </failure>
    </testcase>
    <testcase name='http://imce.jpl.nasa.gov/foundation/project#describes'>
      <failure>
        declared in
        http://opencaesar.io/examples/firesat/programs/earth-science/projects/firesat/bundle/classes.
      </failure>
    </testcase>
    <testcase name='http://imce.jpl.nasa.gov/foundation/project#executes'>
      <failure>
        declared in
        http://opencaesar.io/examples/firesat/programs/earth-science/projects/firesat/bundle/classes.
      </failure>
    </testcase>
    <testcase name='http://imce.jpl.nasa.gov/foundation/project#hasApprovesSource'>
      <failure>
        declared in
        http://opencaesar.io/examples/firesat/programs/earth-science/projects/firesat/bundle/classes.
      </failure>
    </testcase>
    <testcase name='http://imce.jpl.nasa.gov/foundation/project#hasApprovesTarget'>
      <failure>
        declared in
        http://opencaesar.io/examples/firesat/programs/earth-science/projects/firesat/bundle/classes.
      </failure>
    </testcase>
    <testcase name='http://imce.jpl.nasa.gov/foundation/project#hasAssignment'>
      <failure>
        declared in
        http://opencaesar.io/examples/firesat/programs/earth-science/projects/firesat/bundle/classes.
      </failure>
    </testcase>
    <testcase name='http://imce.jpl.nasa.gov/foundation/project#hasAuthorizesSource'>
      <failure>
        declared in
        http://opencaesar.io/examples/firesat/programs/earth-science/projects/firesat/bundle/classes.
      </failure>
    </testcase>
    <testcase name='http://imce.jpl.nasa.gov/foundation/project#hasAuthorizesTarget'>
      <failure>
        declared in
        http://opencaesar.io/examples/firesat/programs/earth-science/projects/firesat/bundle/classes.
      </failure>
    </testcase>
    <testcase name='http://imce.jpl.nasa.gov/foundation/project#hasBelongsToSource'>
      <failure>
        declared in
        http://opencaesar.io/examples/firesat/programs/earth-science/projects/firesat/bundle/classes.
      </failure>
    </testcase>
    <testcase name='http://imce.jpl.nasa.gov/foundation/project#hasBelongsToTarget'>
      <failure>
        declared in
        http://opencaesar.io/examples/firesat/programs/earth-science/projects/firesat/bundle/classes.
      </failure>
    </testcase>
    <testcase name='http://imce.jpl.nasa.gov/foundation/project#hasBindsSource'>
      <failure>
        declared in
        http://opencaesar.io/examples/firesat/programs/earth-science/projects/firesat/bundle/classes.
      </failure>
    </testcase>
    <testcase name='http://imce.jpl.nasa.gov/foundation/project#hasBindsTarget'>
      <failure>
        declared in
        http://opencaesar.io/examples/firesat/programs/earth-science/projects/firesat/bundle/classes.
      </failure>
    </testcase>
    <testcase name='http://imce.jpl.nasa.gov/foundation/project#hasConcursSource'>
      <failure>
        declared in
        http://opencaesar.io/examples/firesat/programs/earth-science/projects/firesat/bundle/classes.
      </failure>
    </testcase>
    <testcase name='http://imce.jpl.nasa.gov/foundation/project#hasConcursTarget'>
      <failure>
        declared in
        http://opencaesar.io/examples/firesat/programs/earth-science/projects/firesat/bundle/classes.
      </failure>
    </testcase>
    <testcase name='http://imce.jpl.nasa.gov/foundation/project#hasDelegatesToSource'>
      <failure>
        declared in
        http://opencaesar.io/examples/firesat/programs/earth-science/projects/firesat/bundle/classes.
      </failure>
    </testcase>
    <testcase name='http://imce.jpl.nasa.gov/foundation/project#hasDelegatesToTarget'>
      <failure>
        declared in
        http://opencaesar.io/examples/firesat/programs/earth-science/projects/firesat/bundle/classes.
      </failure>
    </testcase>
    <testcase name='http://imce.jpl.nasa.gov/foundation/project#hasDeliversSource'>
      <failure>
        declared in
        http://opencaesar.io/examples/firesat/programs/earth-science/projects/firesat/bundle/classes.
      </failure>
    </testcase>
    <testcase name='http://imce.jpl.nasa.gov/foundation/project#hasDeliversTarget'>
      <failure>
        declared in
        http://opencaesar.io/examples/firesat/programs/earth-science/projects/firesat/bundle/classes.
      </failure>
    </testcase>
    <testcase name='http://imce.jpl.nasa.gov/foundation/project#hasDescribesSource'>
      <failure>
        declared in
        http://opencaesar.io/examples/firesat/programs/earth-science/projects/firesat/bundle/classes.
      </failure>
    </testcase>
    <testcase name='http://imce.jpl.nasa.gov/foundation/project#hasDescribesTarget'>
      <failure>
        declared in
        http://opencaesar.io/examples/firesat/programs/earth-science/projects/firesat/bundle/classes.
      </failure>
    </testcase>
    <testcase name='http://imce.jpl.nasa.gov/foundation/project#hasExecutesSource'>
      <failure>
        declared in
        http://opencaesar.io/examples/firesat/programs/earth-science/projects/firesat/bundle/classes.
      </failure>
    </testcase>
    <testcase name='http://imce.jpl.nasa.gov/foundation/project#hasExecutesTarget'>
      <failure>
        declared in
        http://opencaesar.io/examples/firesat/programs/earth-science/projects/firesat/bundle/classes.
      </failure>
    </testcase>
    <testcase name='http://imce.jpl.nasa.gov/foundation/project#hasHasAssignmentSource'>
      <failure>
        declared in
        http://opencaesar.io/examples/firesat/programs/earth-science/projects/firesat/bundle/classes.
      </failure>
    </testcase>
    <testcase name='http://imce.jpl.nasa.gov/foundation/project#hasHasAssignmentTarget'>
      <failure>
        declared in
        http://opencaesar.io/examples/firesat/programs/earth-science/projects/firesat/bundle/classes.
      </failure>
    </testcase>
    <testcase name='http://imce.jpl.nasa.gov/foundation/project#hasHasParticipantSource'>
      <failure>
        declared in
        http://opencaesar.io/examples/firesat/programs/earth-science/projects/firesat/bundle/classes.
      </failure>
    </testcase>
    <testcase name='http://imce.jpl.nasa.gov/foundation/project#hasHasParticipantTarget'>
      <failure>
        declared in
        http://opencaesar.io/examples/firesat/programs/earth-science/projects/firesat/bundle/classes.
      </failure>
    </testcase>
    <testcase name='http://imce.jpl.nasa.gov/foundation/project#hasHasResponsibilityForSource'>
      <failure>
        declared in
        http://opencaesar.io/examples/firesat/programs/earth-science/projects/firesat/bundle/classes.
      </failure>
    </testcase>
    <testcase name='http://imce.jpl.nasa.gov/foundation/project#hasHasResponsibilityForTarget'>
      <failure>
        declared in
        http://opencaesar.io/examples/firesat/programs/earth-science/projects/firesat/bundle/classes.
      </failure>
    </testcase>
    <testcase name='http://imce.jpl.nasa.gov/foundation/project#hasHasRoleSource'>
      <failure>
        declared in
        http://opencaesar.io/examples/firesat/programs/earth-science/projects/firesat/bundle/classes.
      </failure>
    </testcase>
    <testcase name='http://imce.jpl.nasa.gov/foundation/project#hasHasRoleTarget'>
      <failure>
        declared in
        http://opencaesar.io/examples/firesat/programs/earth-science/projects/firesat/bundle/classes.
      </failure>
    </testcase>
    <testcase name='http://imce.jpl.nasa.gov/foundation/project#hasInterchangesThroughSource'>
      <failure>
        declared in
        http://opencaesar.io/examples/firesat/programs/earth-science/projects/firesat/bundle/classes.
      </failure>
    </testcase>
    <testcase name='http://imce.jpl.nasa.gov/foundation/project#hasInterchangesThroughTarget'>
      <failure>
        declared in
        http://opencaesar.io/examples/firesat/programs/earth-science/projects/firesat/bundle/classes.
      </failure>
    </testcase>
    <testcase name='http://imce.jpl.nasa.gov/foundation/project#hasInvokesSource'>
      <failure>
        declared in
        http://opencaesar.io/examples/firesat/programs/earth-science/projects/firesat/bundle/classes.
      </failure>
    </testcase>
    <testcase name='http://imce.jpl.nasa.gov/foundation/project#hasInvokesTarget'>
      <failure>
        declared in
        http://opencaesar.io/examples/firesat/programs/earth-science/projects/firesat/bundle/classes.
      </failure>
    </testcase>
    <testcase name='http://imce.jpl.nasa.gov/foundation/project#hasInvolves1Source'>
      <failure>
        declared in
        http://opencaesar.io/examples/firesat/programs/earth-science/projects/firesat/bundle/classes.
      </failure>
    </testcase>
    <testcase name='http://imce.jpl.nasa.gov/foundation/project#hasInvolves1Target'>
      <failure>
        declared in
        http://opencaesar.io/examples/firesat/programs/earth-science/projects/firesat/bundle/classes.
      </failure>
    </testcase>
    <testcase name='http://imce.jpl.nasa.gov/foundation/project#hasInvolves2Source'>
      <failure>
        declared in
        http://opencaesar.io/examples/firesat/programs/earth-science/projects/firesat/bundle/classes.
      </failure>
    </testcase>
    <testcase name='http://imce.jpl.nasa.gov/foundation/project#hasInvolves2Target'>
      <failure>
        declared in
        http://opencaesar.io/examples/firesat/programs/earth-science/projects/firesat/bundle/classes.
      </failure>
    </testcase>
    <testcase name='http://imce.jpl.nasa.gov/foundation/project#hasInvolvesSource'>
      <failure>
        declared in
        http://opencaesar.io/examples/firesat/programs/earth-science/projects/firesat/bundle/classes.
      </failure>
    </testcase>
    <testcase name='http://imce.jpl.nasa.gov/foundation/project#hasInvolvesTarget'>
      <failure>
        declared in
        http://opencaesar.io/examples/firesat/programs/earth-science/projects/firesat/bundle/classes.
      </failure>
    </testcase>
    <testcase name='http://imce.jpl.nasa.gov/foundation/project#hasManifestsSource'>
      <failure>
        declared in
        http://opencaesar.io/examples/firesat/programs/earth-science/projects/firesat/bundle/classes.
      </failure>
    </testcase>
    <testcase name='http://imce.jpl.nasa.gov/foundation/project#hasManifestsTarget'>
      <failure>
        declared in
        http://opencaesar.io/examples/firesat/programs/earth-science/projects/firesat/bundle/classes.
      </failure>
    </testcase>
    <testcase name='http://imce.jpl.nasa.gov/foundation/project#hasParticipant'>
      <failure>
        declared in
        http://opencaesar.io/examples/firesat/programs/earth-science/projects/firesat/bundle/classes.
      </failure>
    </testcase>
    <testcase name='http://imce.jpl.nasa.gov/foundation/project#hasPreparesSource'>
      <failure>
        declared in
        http://opencaesar.io/examples/firesat/programs/earth-science/projects/firesat/bundle/classes.
      </failure>
    </testcase>
    <testcase name='http://imce.jpl.nasa.gov/foundation/project#hasPreparesTarget'>
      <failure>
        declared in
        http://opencaesar.io/examples/firesat/programs/earth-science/projects/firesat/bundle/classes.
      </failure>
    </testcase>
    <testcase name='http://imce.jpl.nasa.gov/foundation/project#hasProducesSource'>
      <failure>
        declared in
        http://opencaesar.io/examples/firesat/programs/earth-science/projects/firesat/bundle/classes.
      </failure>
    </testcase>
    <testcase name='http://imce.jpl.nasa.gov/foundation/project#hasProducesTarget'>
      <failure>
        declared in
        http://opencaesar.io/examples/firesat/programs/earth-science/projects/firesat/bundle/classes.
      </failure>
    </testcase>
    <testcase name='http://imce.jpl.nasa.gov/foundation/project#hasRealizesSource'>
      <failure>
        declared in
        http://opencaesar.io/examples/firesat/programs/earth-science/projects/firesat/bundle/classes.
      </failure>
    </testcase>
    <testcase name='http://imce.jpl.nasa.gov/foundation/project#hasRealizesTarget'>
      <failure>
        declared in
        http://opencaesar.io/examples/firesat/programs/earth-science/projects/firesat/bundle/classes.
      </failure>
    </testcase>
    <testcase name='http://imce.jpl.nasa.gov/foundation/project#hasReceivesSource'>
      <failure>
        declared in
        http://opencaesar.io/examples/firesat/programs/earth-science/projects/firesat/bundle/classes.
      </failure>
    </testcase>
    <testcase name='http://imce.jpl.nasa.gov/foundation/project#hasReceivesTarget'>
      <failure>
        declared in
        http://opencaesar.io/examples/firesat/programs/earth-science/projects/firesat/bundle/classes.
      </failure>
    </testcase>
    <testcase name='http://imce.jpl.nasa.gov/foundation/project#hasReliesOnSource'>
      <failure>
        declared in
        http://opencaesar.io/examples/firesat/programs/earth-science/projects/firesat/bundle/classes.
      </failure>
    </testcase>
    <testcase name='http://imce.jpl.nasa.gov/foundation/project#hasReliesOnTarget'>
      <failure>
        declared in
        http://opencaesar.io/examples/firesat/programs/earth-science/projects/firesat/bundle/classes.
      </failure>
    </testcase>
    <testcase name='http://imce.jpl.nasa.gov/foundation/project#hasRepresentsSource'>
      <failure>
        declared in
        http://opencaesar.io/examples/firesat/programs/earth-science/projects/firesat/bundle/classes.
      </failure>
    </testcase>
    <testcase name='http://imce.jpl.nasa.gov/foundation/project#hasRepresentsTarget'>
      <failure>
        declared in
        http://opencaesar.io/examples/firesat/programs/earth-science/projects/firesat/bundle/classes.
      </failure>
    </testcase>
    <testcase name='http://imce.jpl.nasa.gov/foundation/project#hasResponsibilityFor'>
      <failure>
        declared in
        http://opencaesar.io/examples/firesat/programs/earth-science/projects/firesat/bundle/classes.
      </failure>
    </testcase>
    <testcase name='http://imce.jpl.nasa.gov/foundation/project#hasRole'>
      <failure>
        declared in
        http://opencaesar.io/examples/firesat/programs/earth-science/projects/firesat/bundle/classes.
      </failure>
    </testcase>
    <testcase name='http://imce.jpl.nasa.gov/foundation/project#hasSuppliesSource'>
      <failure>
        declared in
        http://opencaesar.io/examples/firesat/programs/earth-science/projects/firesat/bundle/classes.
      </failure>
    </testcase>
    <testcase name='http://imce.jpl.nasa.gov/foundation/project#hasSuppliesTarget'>
      <failure>
        declared in
        http://opencaesar.io/examples/firesat/programs/earth-science/projects/firesat/bundle/classes.
      </failure>
    </testcase>
    <testcase name='http://imce.jpl.nasa.gov/foundation/project#interchangesThrough'>
      <failure>
        declared in
        http://opencaesar.io/examples/firesat/programs/earth-science/projects/firesat/bundle/classes.
      </failure>
    </testcase>
    <testcase name='http://imce.jpl.nasa.gov/foundation/project#invokes'>
      <failure>
        declared in
        http://opencaesar.io/examples/firesat/programs/earth-science/projects/firesat/bundle/classes.
      </failure>
    </testcase>
    <testcase name='http://imce.jpl.nasa.gov/foundation/project#involves'>
      <failure>
        declared in
        http://opencaesar.io/examples/firesat/programs/earth-science/projects/firesat/bundle/classes.
      </failure>
    </testcase>
    <testcase name='http://imce.jpl.nasa.gov/foundation/project#involves1'>
      <failure>
        declared in
        http://opencaesar.io/examples/firesat/programs/earth-science/projects/firesat/bundle/classes.
      </failure>
    </testcase>
    <testcase name='http://imce.jpl.nasa.gov/foundation/project#involves2'>
      <failure>
        declared in
        http://opencaesar.io/examples/firesat/programs/earth-science/projects/firesat/bundle/classes.
      </failure>
    </testcase>
    <testcase name='http://imce.jpl.nasa.gov/foundation/project#isApprovedBy'>
      <failure>
        declared in
        http://opencaesar.io/examples/firesat/programs/earth-science/projects/firesat/bundle/classes.
      </failure>
    </testcase>
    <testcase name='http://imce.jpl.nasa.gov/foundation/project#isAssignedTo'>
      <failure>
        declared in
        http://opencaesar.io/examples/firesat/programs/earth-science/projects/firesat/bundle/classes.
      </failure>
    </testcase>
    <testcase name='http://imce.jpl.nasa.gov/foundation/project#isBoundBy'>
      <failure>
        declared in
        http://opencaesar.io/examples/firesat/programs/earth-science/projects/firesat/bundle/classes.
      </failure>
    </testcase>
    <testcase name='http://imce.jpl.nasa.gov/foundation/project#isConcurredBy'>
      <failure>
        declared in
        http://opencaesar.io/examples/firesat/programs/earth-science/projects/firesat/bundle/classes.
      </failure>
    </testcase>
    <testcase name='http://imce.jpl.nasa.gov/foundation/project#isDelegateOf'>
      <failure>
        declared in
        http://opencaesar.io/examples/firesat/programs/earth-science/projects/firesat/bundle/classes.
      </failure>
    </testcase>
    <testcase name='http://imce.jpl.nasa.gov/foundation/project#isDeliveredBy'>
      <failure>
        declared in
        http://opencaesar.io/examples/firesat/programs/earth-science/projects/firesat/bundle/classes.
      </failure>
    </testcase>
    <testcase name='http://imce.jpl.nasa.gov/foundation/project#isDescribedBy'>
      <failure>
        declared in
        http://opencaesar.io/examples/firesat/programs/earth-science/projects/firesat/bundle/classes.
      </failure>
    </testcase>
    <testcase name='http://imce.jpl.nasa.gov/foundation/project#isExecutedBy'>
      <failure>
        declared in
        http://opencaesar.io/examples/firesat/programs/earth-science/projects/firesat/bundle/classes.
      </failure>
    </testcase>
    <testcase name='http://imce.jpl.nasa.gov/foundation/project#isInterchangePointFor'>
      <failure>
        declared in
        http://opencaesar.io/examples/firesat/programs/earth-science/projects/firesat/bundle/classes.
      </failure>
    </testcase>
    <testcase name='http://imce.jpl.nasa.gov/foundation/project#isInvokedBy'>
      <failure>
        declared in
        http://opencaesar.io/examples/firesat/programs/earth-science/projects/firesat/bundle/classes.
      </failure>
    </testcase>
    <testcase name='http://imce.jpl.nasa.gov/foundation/project#isInvolvedIn'>
      <failure>
        declared in
        http://opencaesar.io/examples/firesat/programs/earth-science/projects/firesat/bundle/classes.
      </failure>
    </testcase>
    <testcase name='http://imce.jpl.nasa.gov/foundation/project#isInvolvedIn1'>
      <failure>
        declared in
        http://opencaesar.io/examples/firesat/programs/earth-science/projects/firesat/bundle/classes.
      </failure>
    </testcase>
    <testcase name='http://imce.jpl.nasa.gov/foundation/project#isInvolvedIn2'>
      <failure>
        declared in
        http://opencaesar.io/examples/firesat/programs/earth-science/projects/firesat/bundle/classes.
      </failure>
    </testcase>
    <testcase name='http://imce.jpl.nasa.gov/foundation/project#isManfestedBy'>
      <failure>
        declared in
        http://opencaesar.io/examples/firesat/programs/earth-science/projects/firesat/bundle/classes.
      </failure>
    </testcase>
    <testcase name='http://imce.jpl.nasa.gov/foundation/project#isPreparedBy'>
      <failure>
        declared in
        http://opencaesar.io/examples/firesat/programs/earth-science/projects/firesat/bundle/classes.
      </failure>
    </testcase>
    <testcase name='http://imce.jpl.nasa.gov/foundation/project#isProducedBy'>
      <failure>
        declared in
        http://opencaesar.io/examples/firesat/programs/earth-science/projects/firesat/bundle/classes.
      </failure>
    </testcase>
    <testcase name='http://imce.jpl.nasa.gov/foundation/project#isRealizedBy'>
      <failure>
        declared in
        http://opencaesar.io/examples/firesat/programs/earth-science/projects/firesat/bundle/classes.
      </failure>
    </testcase>
    <testcase name='http://imce.jpl.nasa.gov/foundation/project#isReceivedBy'>
      <failure>
        declared in
        http://opencaesar.io/examples/firesat/programs/earth-science/projects/firesat/bundle/classes.
      </failure>
    </testcase>
    <testcase name='http://imce.jpl.nasa.gov/foundation/project#isReliedOnBy'>
      <failure>
        declared in
        http://opencaesar.io/examples/firesat/programs/earth-science/projects/firesat/bundle/classes.
      </failure>
    </testcase>
    <testcase name='http://imce.jpl.nasa.gov/foundation/project#isRepresentedBy'>
      <failure>
        declared in
        http://opencaesar.io/examples/firesat/programs/earth-science/projects/firesat/bundle/classes.
      </failure>
    </testcase>
    <testcase name='http://imce.jpl.nasa.gov/foundation/project#isRequiredNotLaterThan'>
      <failure>
        declared in
        http://opencaesar.io/examples/firesat/programs/earth-science/projects/firesat/bundle/classes.
      </failure>
    </testcase>
    <testcase name='http://imce.jpl.nasa.gov/foundation/project#isResponsibilityOf'>
      <failure>
        declared in
        http://opencaesar.io/examples/firesat/programs/earth-science/projects/firesat/bundle/classes.
      </failure>
    </testcase>
    <testcase name='http://imce.jpl.nasa.gov/foundation/project#isRoleOf'>
      <failure>
        declared in
        http://opencaesar.io/examples/firesat/programs/earth-science/projects/firesat/bundle/classes.
      </failure>
    </testcase>
    <testcase name='http://imce.jpl.nasa.gov/foundation/project#isSuppliedBy'>
      <failure>
        declared in
        http://opencaesar.io/examples/firesat/programs/earth-science/projects/firesat/bundle/classes.
      </failure>
    </testcase>
    <testcase name='http://imce.jpl.nasa.gov/foundation/project#manifests'>
      <failure>
        declared in
        http://opencaesar.io/examples/firesat/programs/earth-science/projects/firesat/bundle/classes.
      </failure>
    </testcase>
    <testcase name='http://imce.jpl.nasa.gov/foundation/project#participatesIn'>
      <failure>
        declared in
        http://opencaesar.io/examples/firesat/programs/earth-science/projects/firesat/bundle/classes.
      </failure>
    </testcase>
    <testcase name='http://imce.jpl.nasa.gov/foundation/project#prepares'>
      <failure>
        declared in
        http://opencaesar.io/examples/firesat/programs/earth-science/projects/firesat/bundle/classes.
      </failure>
    </testcase>
    <testcase name='http://imce.jpl.nasa.gov/foundation/project#produces'>
      <failure>
        declared in
        http://opencaesar.io/examples/firesat/programs/earth-science/projects/firesat/bundle/classes.
      </failure>
    </testcase>
    <testcase name='http://imce.jpl.nasa.gov/foundation/project#realizes'>
      <failure>
        declared in
        http://opencaesar.io/examples/firesat/programs/earth-science/projects/firesat/bundle/classes.
      </failure>
    </testcase>
    <testcase name='http://imce.jpl.nasa.gov/foundation/project#receives'>
      <failure>
        declared in
        http://opencaesar.io/examples/firesat/programs/earth-science/projects/firesat/bundle/classes.
      </failure>
    </testcase>
    <testcase name='http://imce.jpl.nasa.gov/foundation/project#reliesOn'>
      <failure>
        declared in
        http://opencaesar.io/examples/firesat/programs/earth-science/projects/firesat/bundle/classes.
      </failure>
    </testcase>
    <testcase name='http://imce.jpl.nasa.gov/foundation/project#represents'>
      <failure>
        declared in
        http://opencaesar.io/examples/firesat/programs/earth-science/projects/firesat/bundle/classes.
      </failure>
    </testcase>
    <testcase name='http://imce.jpl.nasa.gov/foundation/project#supplies'>
      <failure>
        declared in
        http://opencaesar.io/examples/firesat/programs/earth-science/projects/firesat/bundle/classes.
      </failure>
    </testcase>
    <testcase name='http://iso.org/80000-1-decimalPrefix#DecimalPrefix'>
      <failure>
        declared in
        http://opencaesar.io/examples/firesat/programs/earth-science/projects/firesat/bundle/classes.
      </failure>
    </testcase>
    <testcase name='http://iso.org/80000-3-quantities#Angular-Measure-Has-Arc-Length'>
      <failure>
        declared in
        http://opencaesar.io/examples/firesat/programs/earth-science/projects/firesat/bundle/classes.
      </failure>
    </testcase>
    <testcase name='http://iso.org/80000-3-quantities#Angular-Measure-Has-Radius'>
      <failure>
        declared in
        http://opencaesar.io/examples/firesat/programs/earth-science/projects/firesat/bundle/classes.
      </failure>
    </testcase>
    <testcase name='http://iso.org/80000-3-quantities#Frequency-Has-Period-Duration'>
      <failure>
        declared in
        http://opencaesar.io/examples/firesat/programs/earth-science/projects/firesat/bundle/classes.
      </failure>
    </testcase>
    <testcase name='http://iso.org/80000-3-quantities#Rotation-Has-Rotational-Displacement'>
      <failure>
        declared in
        http://opencaesar.io/examples/firesat/programs/earth-science/projects/firesat/bundle/classes.
      </failure>
    </testcase>
    <testcase name='http://iso.org/80000-3-quantities#Rotational-Displacement-Has-Distance'>
      <failure>
        declared in
        http://opencaesar.io/examples/firesat/programs/earth-science/projects/firesat/bundle/classes.
      </failure>
    </testcase>
    <testcase name='http://iso.org/80000-3-quantities#Rotational-Displacement-Has-Path-Length'>
      <failure>
        declared in
        http://opencaesar.io/examples/firesat/programs/earth-science/projects/firesat/bundle/classes.
      </failure>
    </testcase>
    <testcase name='http://iso.org/80000-3-quantities#Rotational-Frequency-Has-Duration'>
      <failure>
        declared in
        http://opencaesar.io/examples/firesat/programs/earth-science/projects/firesat/bundle/classes.
      </failure>
    </testcase>
    <testcase name='http://iso.org/80000-3-quantities#Rotational-Frequency-Has-Rotation'>
      <failure>
        declared in
        http://opencaesar.io/examples/firesat/programs/earth-science/projects/firesat/bundle/classes.
      </failure>
    </testcase>
    <testcase name='http://iso.org/80000-3-quantities#Velocity-Has-Duration'>
      <failure>
        declared in
        http://opencaesar.io/examples/firesat/programs/earth-science/projects/firesat/bundle/classes.
      </failure>
    </testcase>
    <testcase name='http://iso.org/80000-3-quantities#Velocity-Has-Position-Vector'>
      <failure>
        declared in
        http://opencaesar.io/examples/firesat/programs/earth-science/projects/firesat/bundle/classes.
      </failure>
    </testcase>
    <testcase name='http://iso.org/80000-3-quantities#altitude'>
      <failure>
        declared in
        http://opencaesar.io/examples/firesat/programs/earth-science/projects/firesat/bundle/classes.
      </failure>
    </testcase>
    <testcase name='http://iso.org/80000-3-quantities#angular-measure'>
      <failure>
        declared in
        http://opencaesar.io/examples/firesat/programs/earth-science/projects/firesat/bundle/classes.
      </failure>
    </testcase>
    <testcase name='http://iso.org/80000-3-quantities#angular-measure-has-arc-length'>
      <failure>
        declared in
        http://opencaesar.io/examples/firesat/programs/earth-science/projects/firesat/bundle/classes.
      </failure>
    </testcase>
    <testcase name='http://iso.org/80000-3-quantities#angular-measure-has-radius'>
      <failure>
        declared in
        http://opencaesar.io/examples/firesat/programs/earth-science/projects/firesat/bundle/classes.
      </failure>
    </testcase>
    <testcase name='http://iso.org/80000-3-quantities#arc-length'>
      <failure>
        declared in
        http://opencaesar.io/examples/firesat/programs/earth-science/projects/firesat/bundle/classes.
      </failure>
    </testcase>
    <testcase name='http://iso.org/80000-3-quantities#breadth'>
      <failure>
        declared in
        http://opencaesar.io/examples/firesat/programs/earth-science/projects/firesat/bundle/classes.
      </failure>
    </testcase>
    <testcase name='http://iso.org/80000-3-quantities#depth'>
      <failure>
        declared in
        http://opencaesar.io/examples/firesat/programs/earth-science/projects/firesat/bundle/classes.
      </failure>
    </testcase>
    <testcase name='http://iso.org/80000-3-quantities#diameter'>
      <failure>
        declared in
        http://opencaesar.io/examples/firesat/programs/earth-science/projects/firesat/bundle/classes.
      </failure>
    </testcase>
    <testcase name='http://iso.org/80000-3-quantities#displacement'>
      <failure>
        declared in
        http://opencaesar.io/examples/firesat/programs/earth-science/projects/firesat/bundle/classes.
      </failure>
    </testcase>
    <testcase name='http://iso.org/80000-3-quantities#distance'>
      <failure>
        declared in
        http://opencaesar.io/examples/firesat/programs/earth-science/projects/firesat/bundle/classes.
      </failure>
    </testcase>
    <testcase name='http://iso.org/80000-3-quantities#duration'>
      <failure>
        declared in
        http://opencaesar.io/examples/firesat/programs/earth-science/projects/firesat/bundle/classes.
      </failure>
    </testcase>
    <testcase name='http://iso.org/80000-3-quantities#frequency'>
      <failure>
        declared in
        http://opencaesar.io/examples/firesat/programs/earth-science/projects/firesat/bundle/classes.
      </failure>
    </testcase>
    <testcase name='http://iso.org/80000-3-quantities#frequency-has-period-duration'>
      <failure>
        declared in
        http://opencaesar.io/examples/firesat/programs/earth-science/projects/firesat/bundle/classes.
      </failure>
    </testcase>
    <testcase name='http://iso.org/80000-3-quantities#hasAngular-Measure-Has-Arc-LengthSource'>
      <failure>
        declared in
        http://opencaesar.io/examples/firesat/programs/earth-science/projects/firesat/bundle/classes.
      </failure>
    </testcase>
    <testcase name='http://iso.org/80000-3-quantities#hasAngular-Measure-Has-Arc-LengthTarget'>
      <failure>
        declared in
        http://opencaesar.io/examples/firesat/programs/earth-science/projects/firesat/bundle/classes.
      </failure>
    </testcase>
    <testcase name='http://iso.org/80000-3-quantities#hasAngular-Measure-Has-RadiusSource'>
      <failure>
        declared in
        http://opencaesar.io/examples/firesat/programs/earth-science/projects/firesat/bundle/classes.
      </failure>
    </testcase>
    <testcase name='http://iso.org/80000-3-quantities#hasAngular-Measure-Has-RadiusTarget'>
      <failure>
        declared in
        http://opencaesar.io/examples/firesat/programs/earth-science/projects/firesat/bundle/classes.
      </failure>
    </testcase>
    <testcase name='http://iso.org/80000-3-quantities#hasFrequency-Has-Period-DurationSource'>
      <failure>
        declared in
        http://opencaesar.io/examples/firesat/programs/earth-science/projects/firesat/bundle/classes.
      </failure>
    </testcase>
    <testcase name='http://iso.org/80000-3-quantities#hasFrequency-Has-Period-DurationTarget'>
      <failure>
        declared in
        http://opencaesar.io/examples/firesat/programs/earth-science/projects/firesat/bundle/classes.
      </failure>
    </testcase>
    <testcase name='http://iso.org/80000-3-quantities#hasRotation-Has-Rotational-DisplacementSource'>
      <failure>
        declared in
        http://opencaesar.io/examples/firesat/programs/earth-science/projects/firesat/bundle/classes.
      </failure>
    </testcase>
    <testcase name='http://iso.org/80000-3-quantities#hasRotation-Has-Rotational-DisplacementTarget'>
      <failure>
        declared in
        http://opencaesar.io/examples/firesat/programs/earth-science/projects/firesat/bundle/classes.
      </failure>
    </testcase>
    <testcase name='http://iso.org/80000-3-quantities#hasRotational-Displacement-Has-DistanceSource'>
      <failure>
        declared in
        http://opencaesar.io/examples/firesat/programs/earth-science/projects/firesat/bundle/classes.
      </failure>
    </testcase>
    <testcase name='http://iso.org/80000-3-quantities#hasRotational-Displacement-Has-DistanceTarget'>
      <failure>
        declared in
        http://opencaesar.io/examples/firesat/programs/earth-science/projects/firesat/bundle/classes.
      </failure>
    </testcase>
    <testcase name='http://iso.org/80000-3-quantities#hasRotational-Displacement-Has-Path-LengthSource'>
      <failure>
        declared in
        http://opencaesar.io/examples/firesat/programs/earth-science/projects/firesat/bundle/classes.
      </failure>
    </testcase>
    <testcase name='http://iso.org/80000-3-quantities#hasRotational-Displacement-Has-Path-LengthTarget'>
      <failure>
        declared in
        http://opencaesar.io/examples/firesat/programs/earth-science/projects/firesat/bundle/classes.
      </failure>
    </testcase>
    <testcase name='http://iso.org/80000-3-quantities#hasRotational-Frequency-Has-DurationSource'>
      <failure>
        declared in
        http://opencaesar.io/examples/firesat/programs/earth-science/projects/firesat/bundle/classes.
      </failure>
    </testcase>
    <testcase name='http://iso.org/80000-3-quantities#hasRotational-Frequency-Has-DurationTarget'>
      <failure>
        declared in
        http://opencaesar.io/examples/firesat/programs/earth-science/projects/firesat/bundle/classes.
      </failure>
    </testcase>
    <testcase name='http://iso.org/80000-3-quantities#hasRotational-Frequency-Has-RotationSource'>
      <failure>
        declared in
        http://opencaesar.io/examples/firesat/programs/earth-science/projects/firesat/bundle/classes.
      </failure>
    </testcase>
    <testcase name='http://iso.org/80000-3-quantities#hasRotational-Frequency-Has-RotationTarget'>
      <failure>
        declared in
        http://opencaesar.io/examples/firesat/programs/earth-science/projects/firesat/bundle/classes.
      </failure>
    </testcase>
    <testcase name='http://iso.org/80000-3-quantities#hasVelocity-Has-DurationSource'>
      <failure>
        declared in
        http://opencaesar.io/examples/firesat/programs/earth-science/projects/firesat/bundle/classes.
      </failure>
    </testcase>
    <testcase name='http://iso.org/80000-3-quantities#hasVelocity-Has-DurationTarget'>
      <failure>
        declared in
        http://opencaesar.io/examples/firesat/programs/earth-science/projects/firesat/bundle/classes.
      </failure>
    </testcase>
    <testcase name='http://iso.org/80000-3-quantities#hasVelocity-Has-Position-VectorSource'>
      <failure>
        declared in
        http://opencaesar.io/examples/firesat/programs/earth-science/projects/firesat/bundle/classes.
      </failure>
    </testcase>
    <testcase name='http://iso.org/80000-3-quantities#hasVelocity-Has-Position-VectorTarget'>
      <failure>
        declared in
        http://opencaesar.io/examples/firesat/programs/earth-science/projects/firesat/bundle/classes.
      </failure>
    </testcase>
    <testcase name='http://iso.org/80000-3-quantities#height'>
      <failure>
        declared in
        http://opencaesar.io/examples/firesat/programs/earth-science/projects/firesat/bundle/classes.
      </failure>
    </testcase>
    <testcase name='http://iso.org/80000-3-quantities#length'>
      <failure>
        declared in
        http://opencaesar.io/examples/firesat/programs/earth-science/projects/firesat/bundle/classes.
      </failure>
    </testcase>
    <testcase name='http://iso.org/80000-3-quantities#path-length'>
      <failure>
        declared in
        http://opencaesar.io/examples/firesat/programs/earth-science/projects/firesat/bundle/classes.
      </failure>
    </testcase>
    <testcase name='http://iso.org/80000-3-quantities#period-duration'>
      <failure>
        declared in
        http://opencaesar.io/examples/firesat/programs/earth-science/projects/firesat/bundle/classes.
      </failure>
    </testcase>
    <testcase name='http://iso.org/80000-3-quantities#position-vector'>
      <failure>
        declared in
        http://opencaesar.io/examples/firesat/programs/earth-science/projects/firesat/bundle/classes.
      </failure>
    </testcase>
    <testcase name='http://iso.org/80000-3-quantities#radial-distance'>
      <failure>
        declared in
        http://opencaesar.io/examples/firesat/programs/earth-science/projects/firesat/bundle/classes.
      </failure>
    </testcase>
    <testcase name='http://iso.org/80000-3-quantities#radius'>
      <failure>
        declared in
        http://opencaesar.io/examples/firesat/programs/earth-science/projects/firesat/bundle/classes.
      </failure>
    </testcase>
    <testcase name='http://iso.org/80000-3-quantities#radius-of-curvature'>
      <failure>
        declared in
        http://opencaesar.io/examples/firesat/programs/earth-science/projects/firesat/bundle/classes.
      </failure>
    </testcase>
    <testcase name='http://iso.org/80000-3-quantities#rotation'>
      <failure>
        declared in
        http://opencaesar.io/examples/firesat/programs/earth-science/projects/firesat/bundle/classes.
      </failure>
    </testcase>
    <testcase name='http://iso.org/80000-3-quantities#rotation-has-rotational-displacement'>
      <failure>
        declared in
        http://opencaesar.io/examples/firesat/programs/earth-science/projects/firesat/bundle/classes.
      </failure>
    </testcase>
    <testcase name='http://iso.org/80000-3-quantities#rotational-displacement'>
      <failure>
        declared in
        http://opencaesar.io/examples/firesat/programs/earth-science/projects/firesat/bundle/classes.
      </failure>
    </testcase>
    <testcase name='http://iso.org/80000-3-quantities#rotational-displacement-has-distance'>
      <failure>
        declared in
        http://opencaesar.io/examples/firesat/programs/earth-science/projects/firesat/bundle/classes.
      </failure>
    </testcase>
    <testcase name='http://iso.org/80000-3-quantities#rotational-displacement-has-path-length'>
      <failure>
        declared in
        http://opencaesar.io/examples/firesat/programs/earth-science/projects/firesat/bundle/classes.
      </failure>
    </testcase>
    <testcase name='http://iso.org/80000-3-quantities#rotational-frequency'>
      <failure>
        declared in
        http://opencaesar.io/examples/firesat/programs/earth-science/projects/firesat/bundle/classes.
      </failure>
    </testcase>
    <testcase name='http://iso.org/80000-3-quantities#rotational-frequency-has-duration'>
      <failure>
        declared in
        http://opencaesar.io/examples/firesat/programs/earth-science/projects/firesat/bundle/classes.
      </failure>
    </testcase>
    <testcase name='http://iso.org/80000-3-quantities#rotational-frequency-has-rotation'>
      <failure>
        declared in
        http://opencaesar.io/examples/firesat/programs/earth-science/projects/firesat/bundle/classes.
      </failure>
    </testcase>
    <testcase name='http://iso.org/80000-3-quantities#thickness'>
      <failure>
        declared in
        http://opencaesar.io/examples/firesat/programs/earth-science/projects/firesat/bundle/classes.
      </failure>
    </testcase>
    <testcase name='http://iso.org/80000-3-quantities#velocity'>
      <failure>
        declared in
        http://opencaesar.io/examples/firesat/programs/earth-science/projects/firesat/bundle/classes.
      </failure>
    </testcase>
    <testcase name='http://iso.org/80000-3-quantities#velocity-has-duration'>
      <failure>
        declared in
        http://opencaesar.io/examples/firesat/programs/earth-science/projects/firesat/bundle/classes.
      </failure>
    </testcase>
    <testcase name='http://iso.org/80000-3-quantities#velocity-has-position-vector'>
      <failure>
        declared in
        http://opencaesar.io/examples/firesat/programs/earth-science/projects/firesat/bundle/classes.
      </failure>
    </testcase>
    <testcase name='http://iso.org/80000-3-quantities#width'>
      <failure>
        declared in
        http://opencaesar.io/examples/firesat/programs/earth-science/projects/firesat/bundle/classes.
      </failure>
    </testcase>
    <testcase name='http://iso.org/80000-3-units#AngularMeasureMagnitude'>
      <failure>
        declared in
        http://opencaesar.io/examples/firesat/programs/earth-science/projects/firesat/bundle/classes.
      </failure>
    </testcase>
    <testcase name='http://iso.org/80000-3-units#AngularMeasureUnit'>
      <failure>
        declared in
        http://opencaesar.io/examples/firesat/programs/earth-science/projects/firesat/bundle/classes.
      </failure>
    </testcase>
    <testcase name='http://iso.org/80000-3-units#CoherentTimeUnit'>
      <failure>
        declared in
        http://opencaesar.io/examples/firesat/programs/earth-science/projects/firesat/bundle/classes.
      </failure>
    </testcase>
    <testcase name='http://iso.org/80000-3-units#FrequencyMagnitude'>
      <failure>
        declared in
        http://opencaesar.io/examples/firesat/programs/earth-science/projects/firesat/bundle/classes.
      </failure>
    </testcase>
    <testcase name='http://iso.org/80000-3-units#FrequencyUnit'>
      <failure>
        declared in
        http://opencaesar.io/examples/firesat/programs/earth-science/projects/firesat/bundle/classes.
      </failure>
    </testcase>
    <testcase name='http://iso.org/80000-3-units#Hertz-Has-Second'>
      <failure>
        declared in
        http://opencaesar.io/examples/firesat/programs/earth-science/projects/firesat/bundle/classes.
      </failure>
    </testcase>
    <testcase name='http://iso.org/80000-3-units#Kilometre-Per-Second-Has-Kilometre'>
      <failure>
        declared in
        http://opencaesar.io/examples/firesat/programs/earth-science/projects/firesat/bundle/classes.
      </failure>
    </testcase>
    <testcase name='http://iso.org/80000-3-units#Kilometre-Per-Second-Has-Second'>
      <failure>
        declared in
        http://opencaesar.io/examples/firesat/programs/earth-science/projects/firesat/bundle/classes.
      </failure>
    </testcase>
    <testcase name='http://iso.org/80000-3-units#LengthMagnitude'>
      <failure>
        declared in
        http://opencaesar.io/examples/firesat/programs/earth-science/projects/firesat/bundle/classes.
      </failure>
    </testcase>
    <testcase name='http://iso.org/80000-3-units#LengthUnit'>
      <failure>
        declared in
        http://opencaesar.io/examples/firesat/programs/earth-science/projects/firesat/bundle/classes.
      </failure>
    </testcase>
    <testcase name='http://iso.org/80000-3-units#Metre-Per-Second-Has-Metre'>
      <failure>
        declared in
        http://opencaesar.io/examples/firesat/programs/earth-science/projects/firesat/bundle/classes.
      </failure>
    </testcase>
    <testcase name='http://iso.org/80000-3-units#Metre-Per-Second-Has-Second'>
      <failure>
        declared in
        http://opencaesar.io/examples/firesat/programs/earth-science/projects/firesat/bundle/classes.
      </failure>
    </testcase>
    <testcase name='http://iso.org/80000-3-units#Radian-Has-Metre-Denominator'>
      <failure>
        declared in
        http://opencaesar.io/examples/firesat/programs/earth-science/projects/firesat/bundle/classes.
      </failure>
    </testcase>
    <testcase name='http://iso.org/80000-3-units#Radian-Has-Metre-Numerator'>
      <failure>
        declared in
        http://opencaesar.io/examples/firesat/programs/earth-science/projects/firesat/bundle/classes.
      </failure>
    </testcase>
    <testcase name='http://iso.org/80000-3-units#Revolution-Has-Radian'>
      <failure>
        declared in
        http://opencaesar.io/examples/firesat/programs/earth-science/projects/firesat/bundle/classes.
      </failure>
    </testcase>
    <testcase name='http://iso.org/80000-3-units#RotationMagnitude'>
      <failure>
        declared in
        http://opencaesar.io/examples/firesat/programs/earth-science/projects/firesat/bundle/classes.
      </failure>
    </testcase>
    <testcase name='http://iso.org/80000-3-units#RotationUnit'>
      <failure>
        declared in
        http://opencaesar.io/examples/firesat/programs/earth-science/projects/firesat/bundle/classes.
      </failure>
    </testcase>
    <testcase name='http://iso.org/80000-3-units#TimeMagnitude'>
      <failure>
        declared in
        http://opencaesar.io/examples/firesat/programs/earth-science/projects/firesat/bundle/classes.
      </failure>
    </testcase>
    <testcase name='http://iso.org/80000-3-units#TimeUnit'>
      <failure>
        declared in
        http://opencaesar.io/examples/firesat/programs/earth-science/projects/firesat/bundle/classes.
      </failure>
    </testcase>
    <testcase name='http://iso.org/80000-3-units#VelocityMagnitude'>
      <failure>
        declared in
        http://opencaesar.io/examples/firesat/programs/earth-science/projects/firesat/bundle/classes.
      </failure>
    </testcase>
    <testcase name='http://iso.org/80000-3-units#VelocityUnit'>
      <failure>
        declared in
        http://opencaesar.io/examples/firesat/programs/earth-science/projects/firesat/bundle/classes.
      </failure>
    </testcase>
    <testcase name='http://iso.org/80000-3-units#hasHertz-Has-SecondSource'>
      <failure>
        declared in
        http://opencaesar.io/examples/firesat/programs/earth-science/projects/firesat/bundle/classes.
      </failure>
    </testcase>
    <testcase name='http://iso.org/80000-3-units#hasHertz-Has-SecondTarget'>
      <failure>
        declared in
        http://opencaesar.io/examples/firesat/programs/earth-science/projects/firesat/bundle/classes.
      </failure>
    </testcase>
    <testcase name='http://iso.org/80000-3-units#hasKilometre-Per-Second-Has-KilometreSource'>
      <failure>
        declared in
        http://opencaesar.io/examples/firesat/programs/earth-science/projects/firesat/bundle/classes.
      </failure>
    </testcase>
    <testcase name='http://iso.org/80000-3-units#hasKilometre-Per-Second-Has-KilometreTarget'>
      <failure>
        declared in
        http://opencaesar.io/examples/firesat/programs/earth-science/projects/firesat/bundle/classes.
      </failure>
    </testcase>
    <testcase name='http://iso.org/80000-3-units#hasKilometre-Per-Second-Has-SecondSource'>
      <failure>
        declared in
        http://opencaesar.io/examples/firesat/programs/earth-science/projects/firesat/bundle/classes.
      </failure>
    </testcase>
    <testcase name='http://iso.org/80000-3-units#hasKilometre-Per-Second-Has-SecondTarget'>
      <failure>
        declared in
        http://opencaesar.io/examples/firesat/programs/earth-science/projects/firesat/bundle/classes.
      </failure>
    </testcase>
    <testcase name='http://iso.org/80000-3-units#hasMetre-Per-Second-Has-MetreSource'>
      <failure>
        declared in
        http://opencaesar.io/examples/firesat/programs/earth-science/projects/firesat/bundle/classes.
      </failure>
    </testcase>
    <testcase name='http://iso.org/80000-3-units#hasMetre-Per-Second-Has-MetreTarget'>
      <failure>
        declared in
        http://opencaesar.io/examples/firesat/programs/earth-science/projects/firesat/bundle/classes.
      </failure>
    </testcase>
    <testcase name='http://iso.org/80000-3-units#hasMetre-Per-Second-Has-SecondSource'>
      <failure>
        declared in
        http://opencaesar.io/examples/firesat/programs/earth-science/projects/firesat/bundle/classes.
      </failure>
    </testcase>
    <testcase name='http://iso.org/80000-3-units#hasMetre-Per-Second-Has-SecondTarget'>
      <failure>
        declared in
        http://opencaesar.io/examples/firesat/programs/earth-science/projects/firesat/bundle/classes.
      </failure>
    </testcase>
    <testcase name='http://iso.org/80000-3-units#hasRadian-Has-Metre-DenominatorSource'>
      <failure>
        declared in
        http://opencaesar.io/examples/firesat/programs/earth-science/projects/firesat/bundle/classes.
      </failure>
    </testcase>
    <testcase name='http://iso.org/80000-3-units#hasRadian-Has-Metre-DenominatorTarget'>
      <failure>
        declared in
        http://opencaesar.io/examples/firesat/programs/earth-science/projects/firesat/bundle/classes.
      </failure>
    </testcase>
    <testcase name='http://iso.org/80000-3-units#hasRadian-Has-Metre-NumeratorSource'>
      <failure>
        declared in
        http://opencaesar.io/examples/firesat/programs/earth-science/projects/firesat/bundle/classes.
      </failure>
    </testcase>
    <testcase name='http://iso.org/80000-3-units#hasRadian-Has-Metre-NumeratorTarget'>
      <failure>
        declared in
        http://opencaesar.io/examples/firesat/programs/earth-science/projects/firesat/bundle/classes.
      </failure>
    </testcase>
    <testcase name='http://iso.org/80000-3-units#hasRevolution-Has-RadianSource'>
      <failure>
        declared in
        http://opencaesar.io/examples/firesat/programs/earth-science/projects/firesat/bundle/classes.
      </failure>
    </testcase>
    <testcase name='http://iso.org/80000-3-units#hasRevolution-Has-RadianTarget'>
      <failure>
        declared in
        http://opencaesar.io/examples/firesat/programs/earth-science/projects/firesat/bundle/classes.
      </failure>
    </testcase>
    <testcase name='http://iso.org/80000-3-units#hertz'>
      <failure>
        declared in
        http://opencaesar.io/examples/firesat/programs/earth-science/projects/firesat/bundle/classes.
      </failure>
    </testcase>
    <testcase name='http://iso.org/80000-3-units#hertz-has-second'>
      <failure>
        declared in
        http://opencaesar.io/examples/firesat/programs/earth-science/projects/firesat/bundle/classes.
      </failure>
    </testcase>
    <testcase name='http://iso.org/80000-3-units#hour'>
      <failure>
        declared in
        http://opencaesar.io/examples/firesat/programs/earth-science/projects/firesat/bundle/classes.
      </failure>
    </testcase>
    <testcase name='http://iso.org/80000-3-units#kilometre'>
      <failure>
        declared in
        http://opencaesar.io/examples/firesat/programs/earth-science/projects/firesat/bundle/classes.
      </failure>
    </testcase>
    <testcase name='http://iso.org/80000-3-units#kilometre-per-second'>
      <failure>
        declared in
        http://opencaesar.io/examples/firesat/programs/earth-science/projects/firesat/bundle/classes.
      </failure>
    </testcase>
    <testcase name='http://iso.org/80000-3-units#kilometre-per-second-has-kilometre'>
      <failure>
        declared in
        http://opencaesar.io/examples/firesat/programs/earth-science/projects/firesat/bundle/classes.
      </failure>
    </testcase>
    <testcase name='http://iso.org/80000-3-units#kilometre-per-second-has-second'>
      <failure>
        declared in
        http://opencaesar.io/examples/firesat/programs/earth-science/projects/firesat/bundle/classes.
      </failure>
    </testcase>
    <testcase name='http://iso.org/80000-3-units#metre'>
      <failure>
        declared in
        http://opencaesar.io/examples/firesat/programs/earth-science/projects/firesat/bundle/classes.
      </failure>
    </testcase>
    <testcase name='http://iso.org/80000-3-units#metre-per-second'>
      <failure>
        declared in
        http://opencaesar.io/examples/firesat/programs/earth-science/projects/firesat/bundle/classes.
      </failure>
    </testcase>
    <testcase name='http://iso.org/80000-3-units#metre-per-second-has-metre'>
      <failure>
        declared in
        http://opencaesar.io/examples/firesat/programs/earth-science/projects/firesat/bundle/classes.
      </failure>
    </testcase>
    <testcase name='http://iso.org/80000-3-units#metre-per-second-has-second'>
      <failure>
        declared in
        http://opencaesar.io/examples/firesat/programs/earth-science/projects/firesat/bundle/classes.
      </failure>
    </testcase>
    <testcase name='http://iso.org/80000-3-units#millisecond'>
      <failure>
        declared in
        http://opencaesar.io/examples/firesat/programs/earth-science/projects/firesat/bundle/classes.
      </failure>
    </testcase>
    <testcase name='http://iso.org/80000-3-units#minute'>
      <failure>
        declared in
        http://opencaesar.io/examples/firesat/programs/earth-science/projects/firesat/bundle/classes.
      </failure>
    </testcase>
    <testcase name='http://iso.org/80000-3-units#radian'>
      <failure>
        declared in
        http://opencaesar.io/examples/firesat/programs/earth-science/projects/firesat/bundle/classes.
      </failure>
    </testcase>
    <testcase name='http://iso.org/80000-3-units#radian-has-metre-denominator'>
      <failure>
        declared in
        http://opencaesar.io/examples/firesat/programs/earth-science/projects/firesat/bundle/classes.
      </failure>
    </testcase>
    <testcase name='http://iso.org/80000-3-units#radian-has-metre-numerator'>
      <failure>
        declared in
        http://opencaesar.io/examples/firesat/programs/earth-science/projects/firesat/bundle/classes.
      </failure>
    </testcase>
    <testcase name='http://iso.org/80000-3-units#revolution'>
      <failure>
        declared in
        http://opencaesar.io/examples/firesat/programs/earth-science/projects/firesat/bundle/classes.
      </failure>
    </testcase>
    <testcase name='http://iso.org/80000-3-units#revolution-has-radian'>
      <failure>
        declared in
        http://opencaesar.io/examples/firesat/programs/earth-science/projects/firesat/bundle/classes.
      </failure>
    </testcase>
    <testcase name='http://iso.org/80000-3-units#second'>
      <failure>
        declared in
        http://opencaesar.io/examples/firesat/programs/earth-science/projects/firesat/bundle/classes.
      </failure>
    </testcase>
    <testcase name='http://iso.org/80000-4-magnitudes1#gram-magnitude'>
      <failure>
        declared in
        http://opencaesar.io/examples/firesat/programs/earth-science/projects/firesat/bundle/classes.
      </failure>
    </testcase>
    <testcase name='http://iso.org/80000-4-magnitudes1#kilogram-magnitude'>
      <failure>
        declared in
        http://opencaesar.io/examples/firesat/programs/earth-science/projects/firesat/bundle/classes.
      </failure>
    </testcase>
    <testcase name='http://iso.org/80000-4-magnitudes1#kilogram-metre-per-second-magnitude'>
      <failure>
        declared in
        http://opencaesar.io/examples/firesat/programs/earth-science/projects/firesat/bundle/classes.
      </failure>
    </testcase>
    <testcase name='http://iso.org/80000-4-magnitudes1#newton-magnitude'>
      <failure>
        declared in
        http://opencaesar.io/examples/firesat/programs/earth-science/projects/firesat/bundle/classes.
      </failure>
    </testcase>
    <testcase name='http://iso.org/80000-4-magnitudes1#newton-millisecond-magnitude'>
      <failure>
        declared in
        http://opencaesar.io/examples/firesat/programs/earth-science/projects/firesat/bundle/classes.
      </failure>
    </testcase>
    <testcase name='http://iso.org/80000-4-magnitudes1#newton-second-magnitude'>
      <failure>
        declared in
        http://opencaesar.io/examples/firesat/programs/earth-science/projects/firesat/bundle/classes.
      </failure>
    </testcase>
    <testcase name='http://iso.org/80000-4-magnitudes1#watt-magnitude'>
      <failure>
        declared in
        http://opencaesar.io/examples/firesat/programs/earth-science/projects/firesat/bundle/classes.
      </failure>
    </testcase>
    <testcase name='http://iso.org/80000-4-quantities#Force-Has-Momentum'>
      <failure>
        declared in
        http://opencaesar.io/examples/firesat/programs/earth-science/projects/firesat/bundle/classes.
      </failure>
    </testcase>
    <testcase name='http://iso.org/80000-4-quantities#Force-Has-Velocity'>
      <failure>
        declared in
        http://opencaesar.io/examples/firesat/programs/earth-science/projects/firesat/bundle/classes.
      </failure>
    </testcase>
    <testcase name='http://iso.org/80000-4-quantities#Impulse-Has-Duration'>
      <failure>
        declared in
        http://opencaesar.io/examples/firesat/programs/earth-science/projects/firesat/bundle/classes.
      </failure>
    </testcase>
    <testcase name='http://iso.org/80000-4-quantities#Impulse-Has-Force'>
      <failure>
        declared in
        http://opencaesar.io/examples/firesat/programs/earth-science/projects/firesat/bundle/classes.
      </failure>
    </testcase>
    <testcase name='http://iso.org/80000-4-quantities#Momentum-Has-Mass'>
      <failure>
        declared in
        http://opencaesar.io/examples/firesat/programs/earth-science/projects/firesat/bundle/classes.
      </failure>
    </testcase>
    <testcase name='http://iso.org/80000-4-quantities#Momentum-Has-Velocity'>
      <failure>
        declared in
        http://opencaesar.io/examples/firesat/programs/earth-science/projects/firesat/bundle/classes.
      </failure>
    </testcase>
    <testcase name='http://iso.org/80000-4-quantities#Power-Has-Force'>
      <failure>
        declared in
        http://opencaesar.io/examples/firesat/programs/earth-science/projects/firesat/bundle/classes.
      </failure>
    </testcase>
    <testcase name='http://iso.org/80000-4-quantities#Power-Has-Velocity'>
      <failure>
        declared in
        http://opencaesar.io/examples/firesat/programs/earth-science/projects/firesat/bundle/classes.
      </failure>
    </testcase>
    <testcase name='http://iso.org/80000-4-quantities#force'>
      <failure>
        declared in
        http://opencaesar.io/examples/firesat/programs/earth-science/projects/firesat/bundle/classes.
      </failure>
    </testcase>
    <testcase name='http://iso.org/80000-4-quantities#force-has-momentum'>
      <failure>
        declared in
        http://opencaesar.io/examples/firesat/programs/earth-science/projects/firesat/bundle/classes.
      </failure>
    </testcase>
    <testcase name='http://iso.org/80000-4-quantities#force-has-velocity'>
      <failure>
        declared in
        http://opencaesar.io/examples/firesat/programs/earth-science/projects/firesat/bundle/classes.
      </failure>
    </testcase>
    <testcase name='http://iso.org/80000-4-quantities#hasForce-Has-MomentumSource'>
      <failure>
        declared in
        http://opencaesar.io/examples/firesat/programs/earth-science/projects/firesat/bundle/classes.
      </failure>
    </testcase>
    <testcase name='http://iso.org/80000-4-quantities#hasForce-Has-MomentumTarget'>
      <failure>
        declared in
        http://opencaesar.io/examples/firesat/programs/earth-science/projects/firesat/bundle/classes.
      </failure>
    </testcase>
    <testcase name='http://iso.org/80000-4-quantities#hasForce-Has-VelocitySource'>
      <failure>
        declared in
        http://opencaesar.io/examples/firesat/programs/earth-science/projects/firesat/bundle/classes.
      </failure>
    </testcase>
    <testcase name='http://iso.org/80000-4-quantities#hasForce-Has-VelocityTarget'>
      <failure>
        declared in
        http://opencaesar.io/examples/firesat/programs/earth-science/projects/firesat/bundle/classes.
      </failure>
    </testcase>
    <testcase name='http://iso.org/80000-4-quantities#hasImpulse-Has-DurationSource'>
      <failure>
        declared in
        http://opencaesar.io/examples/firesat/programs/earth-science/projects/firesat/bundle/classes.
      </failure>
    </testcase>
    <testcase name='http://iso.org/80000-4-quantities#hasImpulse-Has-DurationTarget'>
      <failure>
        declared in
        http://opencaesar.io/examples/firesat/programs/earth-science/projects/firesat/bundle/classes.
      </failure>
    </testcase>
    <testcase name='http://iso.org/80000-4-quantities#hasImpulse-Has-ForceSource'>
      <failure>
        declared in
        http://opencaesar.io/examples/firesat/programs/earth-science/projects/firesat/bundle/classes.
      </failure>
    </testcase>
    <testcase name='http://iso.org/80000-4-quantities#hasImpulse-Has-ForceTarget'>
      <failure>
        declared in
        http://opencaesar.io/examples/firesat/programs/earth-science/projects/firesat/bundle/classes.
      </failure>
    </testcase>
    <testcase name='http://iso.org/80000-4-quantities#hasMomentum-Has-MassSource'>
      <failure>
        declared in
        http://opencaesar.io/examples/firesat/programs/earth-science/projects/firesat/bundle/classes.
      </failure>
    </testcase>
    <testcase name='http://iso.org/80000-4-quantities#hasMomentum-Has-MassTarget'>
      <failure>
        declared in
        http://opencaesar.io/examples/firesat/programs/earth-science/projects/firesat/bundle/classes.
      </failure>
    </testcase>
    <testcase name='http://iso.org/80000-4-quantities#hasMomentum-Has-VelocitySource'>
      <failure>
        declared in
        http://opencaesar.io/examples/firesat/programs/earth-science/projects/firesat/bundle/classes.
      </failure>
    </testcase>
    <testcase name='http://iso.org/80000-4-quantities#hasMomentum-Has-VelocityTarget'>
      <failure>
        declared in
        http://opencaesar.io/examples/firesat/programs/earth-science/projects/firesat/bundle/classes.
      </failure>
    </testcase>
    <testcase name='http://iso.org/80000-4-quantities#hasPower-Has-ForceSource'>
      <failure>
        declared in
        http://opencaesar.io/examples/firesat/programs/earth-science/projects/firesat/bundle/classes.
      </failure>
    </testcase>
    <testcase name='http://iso.org/80000-4-quantities#hasPower-Has-ForceTarget'>
      <failure>
        declared in
        http://opencaesar.io/examples/firesat/programs/earth-science/projects/firesat/bundle/classes.
      </failure>
    </testcase>
    <testcase name='http://iso.org/80000-4-quantities#hasPower-Has-VelocitySource'>
      <failure>
        declared in
        http://opencaesar.io/examples/firesat/programs/earth-science/projects/firesat/bundle/classes.
      </failure>
    </testcase>
    <testcase name='http://iso.org/80000-4-quantities#hasPower-Has-VelocityTarget'>
      <failure>
        declared in
        http://opencaesar.io/examples/firesat/programs/earth-science/projects/firesat/bundle/classes.
      </failure>
    </testcase>
    <testcase name='http://iso.org/80000-4-quantities#impulse'>
      <failure>
        declared in
        http://opencaesar.io/examples/firesat/programs/earth-science/projects/firesat/bundle/classes.
      </failure>
    </testcase>
    <testcase name='http://iso.org/80000-4-quantities#impulse-has-duration'>
      <failure>
        declared in
        http://opencaesar.io/examples/firesat/programs/earth-science/projects/firesat/bundle/classes.
      </failure>
    </testcase>
    <testcase name='http://iso.org/80000-4-quantities#impulse-has-force'>
      <failure>
        declared in
        http://opencaesar.io/examples/firesat/programs/earth-science/projects/firesat/bundle/classes.
      </failure>
    </testcase>
    <testcase name='http://iso.org/80000-4-quantities#mass'>
      <failure>
        declared in
        http://opencaesar.io/examples/firesat/programs/earth-science/projects/firesat/bundle/classes.
      </failure>
    </testcase>
    <testcase name='http://iso.org/80000-4-quantities#momentum'>
      <failure>
        declared in
        http://opencaesar.io/examples/firesat/programs/earth-science/projects/firesat/bundle/classes.
      </failure>
    </testcase>
    <testcase name='http://iso.org/80000-4-quantities#momentum-has-mass'>
      <failure>
        declared in
        http://opencaesar.io/examples/firesat/programs/earth-science/projects/firesat/bundle/classes.
      </failure>
    </testcase>
    <testcase name='http://iso.org/80000-4-quantities#momentum-has-velocity'>
      <failure>
        declared in
        http://opencaesar.io/examples/firesat/programs/earth-science/projects/firesat/bundle/classes.
      </failure>
    </testcase>
    <testcase name='http://iso.org/80000-4-quantities#power'>
      <failure>
        declared in
        http://opencaesar.io/examples/firesat/programs/earth-science/projects/firesat/bundle/classes.
      </failure>
    </testcase>
    <testcase name='http://iso.org/80000-4-quantities#power-has-force'>
      <failure>
        declared in
        http://opencaesar.io/examples/firesat/programs/earth-science/projects/firesat/bundle/classes.
      </failure>
    </testcase>
    <testcase name='http://iso.org/80000-4-quantities#power-has-velocity'>
      <failure>
        declared in
        http://opencaesar.io/examples/firesat/programs/earth-science/projects/firesat/bundle/classes.
      </failure>
    </testcase>
    <testcase name='http://iso.org/80000-4-units#ForceMagnitude'>
      <failure>
        declared in
        http://opencaesar.io/examples/firesat/programs/earth-science/projects/firesat/bundle/classes.
      </failure>
    </testcase>
    <testcase name='http://iso.org/80000-4-units#ForceUnit'>
      <failure>
        declared in
        http://opencaesar.io/examples/firesat/programs/earth-science/projects/firesat/bundle/classes.
      </failure>
    </testcase>
    <testcase name='http://iso.org/80000-4-units#ImpulseMagnitude'>
      <failure>
        declared in
        http://opencaesar.io/examples/firesat/programs/earth-science/projects/firesat/bundle/classes.
      </failure>
    </testcase>
    <testcase name='http://iso.org/80000-4-units#ImpulseUnit'>
      <failure>
        declared in
        http://opencaesar.io/examples/firesat/programs/earth-science/projects/firesat/bundle/classes.
      </failure>
    </testcase>
    <testcase name='http://iso.org/80000-4-units#Kilogram-Metre-Per-Second-Has-Kilogram'>
      <failure>
        declared in
        http://opencaesar.io/examples/firesat/programs/earth-science/projects/firesat/bundle/classes.
      </failure>
    </testcase>
    <testcase name='http://iso.org/80000-4-units#Kilogram-Metre-Per-Second-Has-Metre-Per-Second'>
      <failure>
        declared in
        http://opencaesar.io/examples/firesat/programs/earth-science/projects/firesat/bundle/classes.
      </failure>
    </testcase>
    <testcase name='http://iso.org/80000-4-units#MassMagnitude'>
      <failure>
        declared in
        http://opencaesar.io/examples/firesat/programs/earth-science/projects/firesat/bundle/classes.
      </failure>
    </testcase>
    <testcase name='http://iso.org/80000-4-units#MassUnit'>
      <failure>
        declared in
        http://opencaesar.io/examples/firesat/programs/earth-science/projects/firesat/bundle/classes.
      </failure>
    </testcase>
    <testcase name='http://iso.org/80000-4-units#MomentumMagnitude'>
      <failure>
        declared in
        http://opencaesar.io/examples/firesat/programs/earth-science/projects/firesat/bundle/classes.
      </failure>
    </testcase>
    <testcase name='http://iso.org/80000-4-units#MomentumUnit'>
      <failure>
        declared in
        http://opencaesar.io/examples/firesat/programs/earth-science/projects/firesat/bundle/classes.
      </failure>
    </testcase>
    <testcase name='http://iso.org/80000-4-units#Newton-Has-Kilogram'>
      <failure>
        declared in
        http://opencaesar.io/examples/firesat/programs/earth-science/projects/firesat/bundle/classes.
      </failure>
    </testcase>
    <testcase name='http://iso.org/80000-4-units#Newton-Has-Metre-Per-Second'>
      <failure>
        declared in
        http://opencaesar.io/examples/firesat/programs/earth-science/projects/firesat/bundle/classes.
      </failure>
    </testcase>
    <testcase name='http://iso.org/80000-4-units#Newton-Millisecond-Has-Millisecond'>
      <failure>
        declared in
        http://opencaesar.io/examples/firesat/programs/earth-science/projects/firesat/bundle/classes.
      </failure>
    </testcase>
    <testcase name='http://iso.org/80000-4-units#Newton-Millisecond-Has-Newton'>
      <failure>
        declared in
        http://opencaesar.io/examples/firesat/programs/earth-science/projects/firesat/bundle/classes.
      </failure>
    </testcase>
    <testcase name='http://iso.org/80000-4-units#Newton-Second-Has-Newton'>
      <failure>
        declared in
        http://opencaesar.io/examples/firesat/programs/earth-science/projects/firesat/bundle/classes.
      </failure>
    </testcase>
    <testcase name='http://iso.org/80000-4-units#Newton-Second-Has-Second'>
      <failure>
        declared in
        http://opencaesar.io/examples/firesat/programs/earth-science/projects/firesat/bundle/classes.
      </failure>
    </testcase>
    <testcase name='http://iso.org/80000-4-units#PowerMagnitude'>
      <failure>
        declared in
        http://opencaesar.io/examples/firesat/programs/earth-science/projects/firesat/bundle/classes.
      </failure>
    </testcase>
    <testcase name='http://iso.org/80000-4-units#PowerUnit'>
      <failure>
        declared in
        http://opencaesar.io/examples/firesat/programs/earth-science/projects/firesat/bundle/classes.
      </failure>
    </testcase>
    <testcase name='http://iso.org/80000-4-units#Watt-Has-Metre-Per-Second'>
      <failure>
        declared in
        http://opencaesar.io/examples/firesat/programs/earth-science/projects/firesat/bundle/classes.
      </failure>
    </testcase>
    <testcase name='http://iso.org/80000-4-units#Watt-Has-Newton'>
      <failure>
        declared in
        http://opencaesar.io/examples/firesat/programs/earth-science/projects/firesat/bundle/classes.
      </failure>
    </testcase>
    <testcase name='http://iso.org/80000-4-units#gram'>
      <failure>
        declared in
        http://opencaesar.io/examples/firesat/programs/earth-science/projects/firesat/bundle/classes.
      </failure>
    </testcase>
    <testcase name='http://iso.org/80000-4-units#hasKilogram-Metre-Per-Second-Has-KilogramSource'>
      <failure>
        declared in
        http://opencaesar.io/examples/firesat/programs/earth-science/projects/firesat/bundle/classes.
      </failure>
    </testcase>
    <testcase name='http://iso.org/80000-4-units#hasKilogram-Metre-Per-Second-Has-KilogramTarget'>
      <failure>
        declared in
        http://opencaesar.io/examples/firesat/programs/earth-science/projects/firesat/bundle/classes.
      </failure>
    </testcase>
    <testcase name='http://iso.org/80000-4-units#hasKilogram-Metre-Per-Second-Has-Metre-Per-SecondSource'>
      <failure>
        declared in
        http://opencaesar.io/examples/firesat/programs/earth-science/projects/firesat/bundle/classes.
      </failure>
    </testcase>
    <testcase name='http://iso.org/80000-4-units#hasKilogram-Metre-Per-Second-Has-Metre-Per-SecondTarget'>
      <failure>
        declared in
        http://opencaesar.io/examples/firesat/programs/earth-science/projects/firesat/bundle/classes.
      </failure>
    </testcase>
    <testcase name='http://iso.org/80000-4-units#hasNewton-Has-KilogramSource'>
      <failure>
        declared in
        http://opencaesar.io/examples/firesat/programs/earth-science/projects/firesat/bundle/classes.
      </failure>
    </testcase>
    <testcase name='http://iso.org/80000-4-units#hasNewton-Has-KilogramTarget'>
      <failure>
        declared in
        http://opencaesar.io/examples/firesat/programs/earth-science/projects/firesat/bundle/classes.
      </failure>
    </testcase>
    <testcase name='http://iso.org/80000-4-units#hasNewton-Has-Metre-Per-SecondSource'>
      <failure>
        declared in
        http://opencaesar.io/examples/firesat/programs/earth-science/projects/firesat/bundle/classes.
      </failure>
    </testcase>
    <testcase name='http://iso.org/80000-4-units#hasNewton-Has-Metre-Per-SecondTarget'>
      <failure>
        declared in
        http://opencaesar.io/examples/firesat/programs/earth-science/projects/firesat/bundle/classes.
      </failure>
    </testcase>
    <testcase name='http://iso.org/80000-4-units#hasNewton-Millisecond-Has-MillisecondSource'>
      <failure>
        declared in
        http://opencaesar.io/examples/firesat/programs/earth-science/projects/firesat/bundle/classes.
      </failure>
    </testcase>
    <testcase name='http://iso.org/80000-4-units#hasNewton-Millisecond-Has-MillisecondTarget'>
      <failure>
        declared in
        http://opencaesar.io/examples/firesat/programs/earth-science/projects/firesat/bundle/classes.
      </failure>
    </testcase>
    <testcase name='http://iso.org/80000-4-units#hasNewton-Millisecond-Has-NewtonSource'>
      <failure>
        declared in
        http://opencaesar.io/examples/firesat/programs/earth-science/projects/firesat/bundle/classes.
      </failure>
    </testcase>
    <testcase name='http://iso.org/80000-4-units#hasNewton-Millisecond-Has-NewtonTarget'>
      <failure>
        declared in
        http://opencaesar.io/examples/firesat/programs/earth-science/projects/firesat/bundle/classes.
      </failure>
    </testcase>
    <testcase name='http://iso.org/80000-4-units#hasNewton-Second-Has-NewtonSource'>
      <failure>
        declared in
        http://opencaesar.io/examples/firesat/programs/earth-science/projects/firesat/bundle/classes.
      </failure>
    </testcase>
    <testcase name='http://iso.org/80000-4-units#hasNewton-Second-Has-NewtonTarget'>
      <failure>
        declared in
        http://opencaesar.io/examples/firesat/programs/earth-science/projects/firesat/bundle/classes.
      </failure>
    </testcase>
    <testcase name='http://iso.org/80000-4-units#hasNewton-Second-Has-SecondSource'>
      <failure>
        declared in
        http://opencaesar.io/examples/firesat/programs/earth-science/projects/firesat/bundle/classes.
      </failure>
    </testcase>
    <testcase name='http://iso.org/80000-4-units#hasNewton-Second-Has-SecondTarget'>
      <failure>
        declared in
        http://opencaesar.io/examples/firesat/programs/earth-science/projects/firesat/bundle/classes.
      </failure>
    </testcase>
    <testcase name='http://iso.org/80000-4-units#hasWatt-Has-Metre-Per-SecondSource'>
      <failure>
        declared in
        http://opencaesar.io/examples/firesat/programs/earth-science/projects/firesat/bundle/classes.
      </failure>
    </testcase>
    <testcase name='http://iso.org/80000-4-units#hasWatt-Has-Metre-Per-SecondTarget'>
      <failure>
        declared in
        http://opencaesar.io/examples/firesat/programs/earth-science/projects/firesat/bundle/classes.
      </failure>
    </testcase>
    <testcase name='http://iso.org/80000-4-units#hasWatt-Has-NewtonSource'>
      <failure>
        declared in
        http://opencaesar.io/examples/firesat/programs/earth-science/projects/firesat/bundle/classes.
      </failure>
    </testcase>
    <testcase name='http://iso.org/80000-4-units#hasWatt-Has-NewtonTarget'>
      <failure>
        declared in
        http://opencaesar.io/examples/firesat/programs/earth-science/projects/firesat/bundle/classes.
      </failure>
    </testcase>
    <testcase name='http://iso.org/80000-4-units#kilogram'>
      <failure>
        declared in
        http://opencaesar.io/examples/firesat/programs/earth-science/projects/firesat/bundle/classes.
      </failure>
    </testcase>
    <testcase name='http://iso.org/80000-4-units#kilogram-metre-per-second'>
      <failure>
        declared in
        http://opencaesar.io/examples/firesat/programs/earth-science/projects/firesat/bundle/classes.
      </failure>
    </testcase>
    <testcase name='http://iso.org/80000-4-units#kilogram-metre-per-second-has-kilogram'>
      <failure>
        declared in
        http://opencaesar.io/examples/firesat/programs/earth-science/projects/firesat/bundle/classes.
      </failure>
    </testcase>
    <testcase name='http://iso.org/80000-4-units#kilogram-metre-per-second-has-metre-per-second'>
      <failure>
        declared in
        http://opencaesar.io/examples/firesat/programs/earth-science/projects/firesat/bundle/classes.
      </failure>
    </testcase>
    <testcase name='http://iso.org/80000-4-units#newton'>
      <failure>
        declared in
        http://opencaesar.io/examples/firesat/programs/earth-science/projects/firesat/bundle/classes.
      </failure>
    </testcase>
    <testcase name='http://iso.org/80000-4-units#newton-has-kilogram'>
      <failure>
        declared in
        http://opencaesar.io/examples/firesat/programs/earth-science/projects/firesat/bundle/classes.
      </failure>
    </testcase>
    <testcase name='http://iso.org/80000-4-units#newton-has-metre-per-second'>
      <failure>
        declared in
        http://opencaesar.io/examples/firesat/programs/earth-science/projects/firesat/bundle/classes.
      </failure>
    </testcase>
    <testcase name='http://iso.org/80000-4-units#newton-millisecond'>
      <failure>
        declared in
        http://opencaesar.io/examples/firesat/programs/earth-science/projects/firesat/bundle/classes.
      </failure>
    </testcase>
    <testcase name='http://iso.org/80000-4-units#newton-millisecond-has-millisecond'>
      <failure>
        declared in
        http://opencaesar.io/examples/firesat/programs/earth-science/projects/firesat/bundle/classes.
      </failure>
    </testcase>
    <testcase name='http://iso.org/80000-4-units#newton-millisecond-has-newton'>
      <failure>
        declared in
        http://opencaesar.io/examples/firesat/programs/earth-science/projects/firesat/bundle/classes.
      </failure>
    </testcase>
    <testcase name='http://iso.org/80000-4-units#newton-second'>
      <failure>
        declared in
        http://opencaesar.io/examples/firesat/programs/earth-science/projects/firesat/bundle/classes.
      </failure>
    </testcase>
    <testcase name='http://iso.org/80000-4-units#newton-second-has-newton'>
      <failure>
        declared in
        http://opencaesar.io/examples/firesat/programs/earth-science/projects/firesat/bundle/classes.
      </failure>
    </testcase>
    <testcase name='http://iso.org/80000-4-units#newton-second-has-second'>
      <failure>
        declared in
        http://opencaesar.io/examples/firesat/programs/earth-science/projects/firesat/bundle/classes.
      </failure>
    </testcase>
    <testcase name='http://iso.org/80000-4-units#watt'>
      <failure>
        declared in
        http://opencaesar.io/examples/firesat/programs/earth-science/projects/firesat/bundle/classes.
      </failure>
    </testcase>
    <testcase name='http://iso.org/80000-4-units#watt-has-metre-per-second'>
      <failure>
        declared in
        http://opencaesar.io/examples/firesat/programs/earth-science/projects/firesat/bundle/classes.
      </failure>
    </testcase>
    <testcase name='http://iso.org/80000-4-units#watt-has-newton'>
      <failure>
        declared in
        http://opencaesar.io/examples/firesat/programs/earth-science/projects/firesat/bundle/classes.
      </failure>
    </testcase>
    <testcase name='http://iso.org/80000-5-quantities#Celcius-Temperature-Has-Thermodynamic-Temperature'>
      <failure>
        declared in
        http://opencaesar.io/examples/firesat/programs/earth-science/projects/firesat/bundle/classes.
      </failure>
    </testcase>
    <testcase name='http://iso.org/80000-5-quantities#celcius-temperature'>
      <failure>
        declared in
        http://opencaesar.io/examples/firesat/programs/earth-science/projects/firesat/bundle/classes.
      </failure>
    </testcase>
    <testcase name='http://iso.org/80000-5-quantities#celcius-temperature-has-thermodynamic-temperature'>
      <failure>
        declared in
        http://opencaesar.io/examples/firesat/programs/earth-science/projects/firesat/bundle/classes.
      </failure>
    </testcase>
    <testcase name='http://iso.org/80000-5-quantities#hasCelcius-Temperature-Has-Thermodynamic-TemperatureSource'>
      <failure>
        declared in
        http://opencaesar.io/examples/firesat/programs/earth-science/projects/firesat/bundle/classes.
      </failure>
    </testcase>
    <testcase name='http://iso.org/80000-5-quantities#hasCelcius-Temperature-Has-Thermodynamic-TemperatureTarget'>
      <failure>
        declared in
        http://opencaesar.io/examples/firesat/programs/earth-science/projects/firesat/bundle/classes.
      </failure>
    </testcase>
    <testcase name='http://iso.org/80000-5-quantities#thermodynamic-temperature'>
      <failure>
        declared in
        http://opencaesar.io/examples/firesat/programs/earth-science/projects/firesat/bundle/classes.
      </failure>
    </testcase>
    <testcase name='http://iso.org/80000-5-units#CelciusTemperatureMagnitude'>
      <failure>
        declared in
        http://opencaesar.io/examples/firesat/programs/earth-science/projects/firesat/bundle/classes.
      </failure>
    </testcase>
    <testcase name='http://iso.org/80000-5-units#CelciusTemperatureUnit'>
      <failure>
        declared in
        http://opencaesar.io/examples/firesat/programs/earth-science/projects/firesat/bundle/classes.
      </failure>
    </testcase>
    <testcase name='http://iso.org/80000-5-units#DegreeCelcius-Has-Kelvin'>
      <failure>
        declared in
        http://opencaesar.io/examples/firesat/programs/earth-science/projects/firesat/bundle/classes.
      </failure>
    </testcase>
    <testcase name='http://iso.org/80000-5-units#ThermodynamicTemperatureMagnitude'>
      <failure>
        declared in
        http://opencaesar.io/examples/firesat/programs/earth-science/projects/firesat/bundle/classes.
      </failure>
    </testcase>
    <testcase name='http://iso.org/80000-5-units#ThermodynamicTemperatureUnit'>
      <failure>
        declared in
        http://opencaesar.io/examples/firesat/programs/earth-science/projects/firesat/bundle/classes.
      </failure>
    </testcase>
    <testcase name='http://iso.org/80000-5-units#degreeCelcius'>
      <failure>
        declared in
        http://opencaesar.io/examples/firesat/programs/earth-science/projects/firesat/bundle/classes.
      </failure>
    </testcase>
    <testcase name='http://iso.org/80000-5-units#degreeCelcius-has-kelvin'>
      <failure>
        declared in
        http://opencaesar.io/examples/firesat/programs/earth-science/projects/firesat/bundle/classes.
      </failure>
    </testcase>
    <testcase name='http://iso.org/80000-5-units#hasDegreeCelcius-Has-KelvinSource'>
      <failure>
        declared in
        http://opencaesar.io/examples/firesat/programs/earth-science/projects/firesat/bundle/classes.
      </failure>
    </testcase>
    <testcase name='http://iso.org/80000-5-units#hasDegreeCelcius-Has-KelvinTarget'>
      <failure>
        declared in
        http://opencaesar.io/examples/firesat/programs/earth-science/projects/firesat/bundle/classes.
      </failure>
    </testcase>
    <testcase name='http://iso.org/80000-5-units#kelvin'>
      <failure>
        declared in
        http://opencaesar.io/examples/firesat/programs/earth-science/projects/firesat/bundle/classes.
      </failure>
    </testcase>
    <testcase name='http://iso.org/80000-6-magnitudes1#ampere-magnitude'>
      <failure>
        declared in
        http://opencaesar.io/examples/firesat/programs/earth-science/projects/firesat/bundle/classes.
      </failure>
    </testcase>
    <testcase name='http://iso.org/80000-6-magnitudes1#coulomb-magnitude'>
      <failure>
        declared in
        http://opencaesar.io/examples/firesat/programs/earth-science/projects/firesat/bundle/classes.
      </failure>
    </testcase>
    <testcase name='http://iso.org/80000-6-magnitudes1#newton-per-coulomb-magnitude'>
      <failure>
        declared in
        http://opencaesar.io/examples/firesat/programs/earth-science/projects/firesat/bundle/classes.
      </failure>
    </testcase>
    <testcase name='http://iso.org/80000-6-magnitudes1#ohm-magnitude'>
      <failure>
        declared in
        http://opencaesar.io/examples/firesat/programs/earth-science/projects/firesat/bundle/classes.
      </failure>
    </testcase>
    <testcase name='http://iso.org/80000-6-magnitudes1#volt-magnitude'>
      <failure>
        declared in
        http://opencaesar.io/examples/firesat/programs/earth-science/projects/firesat/bundle/classes.
      </failure>
    </testcase>
    <testcase name='http://iso.org/80000-6-quantities#Electric-Charge-Has-Duration'>
      <failure>
        declared in
        http://opencaesar.io/examples/firesat/programs/earth-science/projects/firesat/bundle/classes.
      </failure>
    </testcase>
    <testcase name='http://iso.org/80000-6-quantities#Electric-Charge-Has-Electric-Current'>
      <failure>
        declared in
        http://opencaesar.io/examples/firesat/programs/earth-science/projects/firesat/bundle/classes.
      </failure>
    </testcase>
    <testcase name='http://iso.org/80000-6-quantities#Electric-Field-Strength-Has-Electric-Charge'>
      <failure>
        declared in
        http://opencaesar.io/examples/firesat/programs/earth-science/projects/firesat/bundle/classes.
      </failure>
    </testcase>
    <testcase name='http://iso.org/80000-6-quantities#Electric-Field-Strength-Has-Force'>
      <failure>
        declared in
        http://opencaesar.io/examples/firesat/programs/earth-science/projects/firesat/bundle/classes.
      </failure>
    </testcase>
    <testcase name='http://iso.org/80000-6-quantities#Electric-Potential-Has-Electric-Field-Strength'>
      <failure>
        declared in
        http://opencaesar.io/examples/firesat/programs/earth-science/projects/firesat/bundle/classes.
      </failure>
    </testcase>
    <testcase name='http://iso.org/80000-6-quantities#Electric-Potential-Has-Path-Length'>
      <failure>
        declared in
        http://opencaesar.io/examples/firesat/programs/earth-science/projects/firesat/bundle/classes.
      </failure>
    </testcase>
    <testcase name='http://iso.org/80000-6-quantities#Resistance-Has-Electric-Current'>
      <failure>
        declared in
        http://opencaesar.io/examples/firesat/programs/earth-science/projects/firesat/bundle/classes.
      </failure>
    </testcase>
    <testcase name='http://iso.org/80000-6-quantities#Resistance-Has-Electric-Potential'>
      <failure>
        declared in
        http://opencaesar.io/examples/firesat/programs/earth-science/projects/firesat/bundle/classes.
      </failure>
    </testcase>
    <testcase name='http://iso.org/80000-6-quantities#electric-charge'>
      <failure>
        declared in
        http://opencaesar.io/examples/firesat/programs/earth-science/projects/firesat/bundle/classes.
      </failure>
    </testcase>
    <testcase name='http://iso.org/80000-6-quantities#electric-charge-has-duration'>
      <failure>
        declared in
        http://opencaesar.io/examples/firesat/programs/earth-science/projects/firesat/bundle/classes.
      </failure>
    </testcase>
    <testcase name='http://iso.org/80000-6-quantities#electric-charge-has-electric-current'>
      <failure>
        declared in
        http://opencaesar.io/examples/firesat/programs/earth-science/projects/firesat/bundle/classes.
      </failure>
    </testcase>
    <testcase name='http://iso.org/80000-6-quantities#electric-current'>
      <failure>
        declared in
        http://opencaesar.io/examples/firesat/programs/earth-science/projects/firesat/bundle/classes.
      </failure>
    </testcase>
    <testcase name='http://iso.org/80000-6-quantities#electric-field-strength'>
      <failure>
        declared in
        http://opencaesar.io/examples/firesat/programs/earth-science/projects/firesat/bundle/classes.
      </failure>
    </testcase>
    <testcase name='http://iso.org/80000-6-quantities#electric-field-strength-has-electric-charge'>
      <failure>
        declared in
        http://opencaesar.io/examples/firesat/programs/earth-science/projects/firesat/bundle/classes.
      </failure>
    </testcase>
    <testcase name='http://iso.org/80000-6-quantities#electric-field-strength-has-force'>
      <failure>
        declared in
        http://opencaesar.io/examples/firesat/programs/earth-science/projects/firesat/bundle/classes.
      </failure>
    </testcase>
    <testcase name='http://iso.org/80000-6-quantities#electric-potential'>
      <failure>
        declared in
        http://opencaesar.io/examples/firesat/programs/earth-science/projects/firesat/bundle/classes.
      </failure>
    </testcase>
    <testcase name='http://iso.org/80000-6-quantities#electric-potential-has-electric-field-strength'>
      <failure>
        declared in
        http://opencaesar.io/examples/firesat/programs/earth-science/projects/firesat/bundle/classes.
      </failure>
    </testcase>
    <testcase name='http://iso.org/80000-6-quantities#electric-potential-has-path-length'>
      <failure>
        declared in
        http://opencaesar.io/examples/firesat/programs/earth-science/projects/firesat/bundle/classes.
      </failure>
    </testcase>
    <testcase name='http://iso.org/80000-6-quantities#hasElectric-Charge-Has-DurationSource'>
      <failure>
        declared in
        http://opencaesar.io/examples/firesat/programs/earth-science/projects/firesat/bundle/classes.
      </failure>
    </testcase>
    <testcase name='http://iso.org/80000-6-quantities#hasElectric-Charge-Has-DurationTarget'>
      <failure>
        declared in
        http://opencaesar.io/examples/firesat/programs/earth-science/projects/firesat/bundle/classes.
      </failure>
    </testcase>
    <testcase name='http://iso.org/80000-6-quantities#hasElectric-Charge-Has-Electric-CurrentSource'>
      <failure>
        declared in
        http://opencaesar.io/examples/firesat/programs/earth-science/projects/firesat/bundle/classes.
      </failure>
    </testcase>
    <testcase name='http://iso.org/80000-6-quantities#hasElectric-Charge-Has-Electric-CurrentTarget'>
      <failure>
        declared in
        http://opencaesar.io/examples/firesat/programs/earth-science/projects/firesat/bundle/classes.
      </failure>
    </testcase>
    <testcase name='http://iso.org/80000-6-quantities#hasElectric-Field-Strength-Has-Electric-ChargeSource'>
      <failure>
        declared in
        http://opencaesar.io/examples/firesat/programs/earth-science/projects/firesat/bundle/classes.
      </failure>
    </testcase>
    <testcase name='http://iso.org/80000-6-quantities#hasElectric-Field-Strength-Has-Electric-ChargeTarget'>
      <failure>
        declared in
        http://opencaesar.io/examples/firesat/programs/earth-science/projects/firesat/bundle/classes.
      </failure>
    </testcase>
    <testcase name='http://iso.org/80000-6-quantities#hasElectric-Field-Strength-Has-ForceSource'>
      <failure>
        declared in
        http://opencaesar.io/examples/firesat/programs/earth-science/projects/firesat/bundle/classes.
      </failure>
    </testcase>
    <testcase name='http://iso.org/80000-6-quantities#hasElectric-Field-Strength-Has-ForceTarget'>
      <failure>
        declared in
        http://opencaesar.io/examples/firesat/programs/earth-science/projects/firesat/bundle/classes.
      </failure>
    </testcase>
    <testcase name='http://iso.org/80000-6-quantities#hasElectric-Potential-Has-Electric-Field-StrengthSource'>
      <failure>
        declared in
        http://opencaesar.io/examples/firesat/programs/earth-science/projects/firesat/bundle/classes.
      </failure>
    </testcase>
    <testcase name='http://iso.org/80000-6-quantities#hasElectric-Potential-Has-Electric-Field-StrengthTarget'>
      <failure>
        declared in
        http://opencaesar.io/examples/firesat/programs/earth-science/projects/firesat/bundle/classes.
      </failure>
    </testcase>
    <testcase name='http://iso.org/80000-6-quantities#hasElectric-Potential-Has-Path-LengthSource'>
      <failure>
        declared in
        http://opencaesar.io/examples/firesat/programs/earth-science/projects/firesat/bundle/classes.
      </failure>
    </testcase>
    <testcase name='http://iso.org/80000-6-quantities#hasElectric-Potential-Has-Path-LengthTarget'>
      <failure>
        declared in
        http://opencaesar.io/examples/firesat/programs/earth-science/projects/firesat/bundle/classes.
      </failure>
    </testcase>
    <testcase name='http://iso.org/80000-6-quantities#hasResistance-Has-Electric-CurrentSource'>
      <failure>
        declared in
        http://opencaesar.io/examples/firesat/programs/earth-science/projects/firesat/bundle/classes.
      </failure>
    </testcase>
    <testcase name='http://iso.org/80000-6-quantities#hasResistance-Has-Electric-CurrentTarget'>
      <failure>
        declared in
        http://opencaesar.io/examples/firesat/programs/earth-science/projects/firesat/bundle/classes.
      </failure>
    </testcase>
    <testcase name='http://iso.org/80000-6-quantities#hasResistance-Has-Electric-PotentialSource'>
      <failure>
        declared in
        http://opencaesar.io/examples/firesat/programs/earth-science/projects/firesat/bundle/classes.
      </failure>
    </testcase>
    <testcase name='http://iso.org/80000-6-quantities#hasResistance-Has-Electric-PotentialTarget'>
      <failure>
        declared in
        http://opencaesar.io/examples/firesat/programs/earth-science/projects/firesat/bundle/classes.
      </failure>
    </testcase>
    <testcase name='http://iso.org/80000-6-quantities#resistance'>
      <failure>
        declared in
        http://opencaesar.io/examples/firesat/programs/earth-science/projects/firesat/bundle/classes.
      </failure>
    </testcase>
    <testcase name='http://iso.org/80000-6-quantities#resistance-has-electric-current'>
      <failure>
        declared in
        http://opencaesar.io/examples/firesat/programs/earth-science/projects/firesat/bundle/classes.
      </failure>
    </testcase>
    <testcase name='http://iso.org/80000-6-quantities#resistance-has-electric-potential'>
      <failure>
        declared in
        http://opencaesar.io/examples/firesat/programs/earth-science/projects/firesat/bundle/classes.
      </failure>
    </testcase>
    <testcase name='http://iso.org/80000-6-units#Coulomb-Has-Ampere'>
      <failure>
        declared in
        http://opencaesar.io/examples/firesat/programs/earth-science/projects/firesat/bundle/classes.
      </failure>
    </testcase>
    <testcase name='http://iso.org/80000-6-units#Coulomb-Has-Second'>
      <failure>
        declared in
        http://opencaesar.io/examples/firesat/programs/earth-science/projects/firesat/bundle/classes.
      </failure>
    </testcase>
    <testcase name='http://iso.org/80000-6-units#ElectricChargeMagnitude'>
      <failure>
        declared in
        http://opencaesar.io/examples/firesat/programs/earth-science/projects/firesat/bundle/classes.
      </failure>
    </testcase>
    <testcase name='http://iso.org/80000-6-units#ElectricChargeUnit'>
      <failure>
        declared in
        http://opencaesar.io/examples/firesat/programs/earth-science/projects/firesat/bundle/classes.
      </failure>
    </testcase>
    <testcase name='http://iso.org/80000-6-units#ElectricCurrentMagnitude'>
      <failure>
        declared in
        http://opencaesar.io/examples/firesat/programs/earth-science/projects/firesat/bundle/classes.
      </failure>
    </testcase>
    <testcase name='http://iso.org/80000-6-units#ElectricCurrentUnit'>
      <failure>
        declared in
        http://opencaesar.io/examples/firesat/programs/earth-science/projects/firesat/bundle/classes.
      </failure>
    </testcase>
    <testcase name='http://iso.org/80000-6-units#ElectricFieldStrengthMagnitude'>
      <failure>
        declared in
        http://opencaesar.io/examples/firesat/programs/earth-science/projects/firesat/bundle/classes.
      </failure>
    </testcase>
    <testcase name='http://iso.org/80000-6-units#ElectricFieldStrengthUnit'>
      <failure>
        declared in
        http://opencaesar.io/examples/firesat/programs/earth-science/projects/firesat/bundle/classes.
      </failure>
    </testcase>
    <testcase name='http://iso.org/80000-6-units#ElectricPotentialMagnitude'>
      <failure>
        declared in
        http://opencaesar.io/examples/firesat/programs/earth-science/projects/firesat/bundle/classes.
      </failure>
    </testcase>
    <testcase name='http://iso.org/80000-6-units#ElectricPotentialUnit'>
      <failure>
        declared in
        http://opencaesar.io/examples/firesat/programs/earth-science/projects/firesat/bundle/classes.
      </failure>
    </testcase>
    <testcase name='http://iso.org/80000-6-units#Newton-Per-Coulomb-Has-Coulomb'>
      <failure>
        declared in
        http://opencaesar.io/examples/firesat/programs/earth-science/projects/firesat/bundle/classes.
      </failure>
    </testcase>
    <testcase name='http://iso.org/80000-6-units#Newton-Per-Coulomb-Has-Newton'>
      <failure>
        declared in
        http://opencaesar.io/examples/firesat/programs/earth-science/projects/firesat/bundle/classes.
      </failure>
    </testcase>
    <testcase name='http://iso.org/80000-6-units#Ohm-Has-Ampere'>
      <failure>
        declared in
        http://opencaesar.io/examples/firesat/programs/earth-science/projects/firesat/bundle/classes.
      </failure>
    </testcase>
    <testcase name='http://iso.org/80000-6-units#Ohm-Has-Volt'>
      <failure>
        declared in
        http://opencaesar.io/examples/firesat/programs/earth-science/projects/firesat/bundle/classes.
      </failure>
    </testcase>
    <testcase name='http://iso.org/80000-6-units#ResistanceMagnitude'>
      <failure>
        declared in
        http://opencaesar.io/examples/firesat/programs/earth-science/projects/firesat/bundle/classes.
      </failure>
    </testcase>
    <testcase name='http://iso.org/80000-6-units#ResistanceUnit'>
      <failure>
        declared in
        http://opencaesar.io/examples/firesat/programs/earth-science/projects/firesat/bundle/classes.
      </failure>
    </testcase>
    <testcase name='http://iso.org/80000-6-units#Volt-Has-Metre'>
      <failure>
        declared in
        http://opencaesar.io/examples/firesat/programs/earth-science/projects/firesat/bundle/classes.
      </failure>
    </testcase>
    <testcase name='http://iso.org/80000-6-units#Volt-Has-Newton-Per-Coulomb'>
      <failure>
        declared in
        http://opencaesar.io/examples/firesat/programs/earth-science/projects/firesat/bundle/classes.
      </failure>
    </testcase>
    <testcase name='http://iso.org/80000-6-units#ampere'>
      <failure>
        declared in
        http://opencaesar.io/examples/firesat/programs/earth-science/projects/firesat/bundle/classes.
      </failure>
    </testcase>
    <testcase name='http://iso.org/80000-6-units#coulomb'>
      <failure>
        declared in
        http://opencaesar.io/examples/firesat/programs/earth-science/projects/firesat/bundle/classes.
      </failure>
    </testcase>
    <testcase name='http://iso.org/80000-6-units#coulomb-has-ampere'>
      <failure>
        declared in
        http://opencaesar.io/examples/firesat/programs/earth-science/projects/firesat/bundle/classes.
      </failure>
    </testcase>
    <testcase name='http://iso.org/80000-6-units#coulomb-has-second'>
      <failure>
        declared in
        http://opencaesar.io/examples/firesat/programs/earth-science/projects/firesat/bundle/classes.
      </failure>
    </testcase>
    <testcase name='http://iso.org/80000-6-units#hasCoulomb-Has-AmpereSource'>
      <failure>
        declared in
        http://opencaesar.io/examples/firesat/programs/earth-science/projects/firesat/bundle/classes.
      </failure>
    </testcase>
    <testcase name='http://iso.org/80000-6-units#hasCoulomb-Has-AmpereTarget'>
      <failure>
        declared in
        http://opencaesar.io/examples/firesat/programs/earth-science/projects/firesat/bundle/classes.
      </failure>
    </testcase>
    <testcase name='http://iso.org/80000-6-units#hasCoulomb-Has-SecondSource'>
      <failure>
        declared in
        http://opencaesar.io/examples/firesat/programs/earth-science/projects/firesat/bundle/classes.
      </failure>
    </testcase>
    <testcase name='http://iso.org/80000-6-units#hasCoulomb-Has-SecondTarget'>
      <failure>
        declared in
        http://opencaesar.io/examples/firesat/programs/earth-science/projects/firesat/bundle/classes.
      </failure>
    </testcase>
    <testcase name='http://iso.org/80000-6-units#hasNewton-Per-Coulomb-Has-CoulombSource'>
      <failure>
        declared in
        http://opencaesar.io/examples/firesat/programs/earth-science/projects/firesat/bundle/classes.
      </failure>
    </testcase>
    <testcase name='http://iso.org/80000-6-units#hasNewton-Per-Coulomb-Has-CoulombTarget'>
      <failure>
        declared in
        http://opencaesar.io/examples/firesat/programs/earth-science/projects/firesat/bundle/classes.
      </failure>
    </testcase>
    <testcase name='http://iso.org/80000-6-units#hasNewton-Per-Coulomb-Has-NewtonSource'>
      <failure>
        declared in
        http://opencaesar.io/examples/firesat/programs/earth-science/projects/firesat/bundle/classes.
      </failure>
    </testcase>
    <testcase name='http://iso.org/80000-6-units#hasNewton-Per-Coulomb-Has-NewtonTarget'>
      <failure>
        declared in
        http://opencaesar.io/examples/firesat/programs/earth-science/projects/firesat/bundle/classes.
      </failure>
    </testcase>
    <testcase name='http://iso.org/80000-6-units#hasOhm-Has-AmpereSource'>
      <failure>
        declared in
        http://opencaesar.io/examples/firesat/programs/earth-science/projects/firesat/bundle/classes.
      </failure>
    </testcase>
    <testcase name='http://iso.org/80000-6-units#hasOhm-Has-AmpereTarget'>
      <failure>
        declared in
        http://opencaesar.io/examples/firesat/programs/earth-science/projects/firesat/bundle/classes.
      </failure>
    </testcase>
    <testcase name='http://iso.org/80000-6-units#hasOhm-Has-VoltSource'>
      <failure>
        declared in
        http://opencaesar.io/examples/firesat/programs/earth-science/projects/firesat/bundle/classes.
      </failure>
    </testcase>
    <testcase name='http://iso.org/80000-6-units#hasOhm-Has-VoltTarget'>
      <failure>
        declared in
        http://opencaesar.io/examples/firesat/programs/earth-science/projects/firesat/bundle/classes.
      </failure>
    </testcase>
    <testcase name='http://iso.org/80000-6-units#hasVolt-Has-MetreSource'>
      <failure>
        declared in
        http://opencaesar.io/examples/firesat/programs/earth-science/projects/firesat/bundle/classes.
      </failure>
    </testcase>
    <testcase name='http://iso.org/80000-6-units#hasVolt-Has-MetreTarget'>
      <failure>
        declared in
        http://opencaesar.io/examples/firesat/programs/earth-science/projects/firesat/bundle/classes.
      </failure>
    </testcase>
    <testcase name='http://iso.org/80000-6-units#hasVolt-Has-Newton-Per-CoulombSource'>
      <failure>
        declared in
        http://opencaesar.io/examples/firesat/programs/earth-science/projects/firesat/bundle/classes.
      </failure>
    </testcase>
    <testcase name='http://iso.org/80000-6-units#hasVolt-Has-Newton-Per-CoulombTarget'>
      <failure>
        declared in
        http://opencaesar.io/examples/firesat/programs/earth-science/projects/firesat/bundle/classes.
      </failure>
    </testcase>
    <testcase name='http://iso.org/80000-6-units#newton-per-coulomb'>
      <failure>
        declared in
        http://opencaesar.io/examples/firesat/programs/earth-science/projects/firesat/bundle/classes.
      </failure>
    </testcase>
    <testcase name='http://iso.org/80000-6-units#newton-per-coulomb-has-coulomb'>
      <failure>
        declared in
        http://opencaesar.io/examples/firesat/programs/earth-science/projects/firesat/bundle/classes.
      </failure>
    </testcase>
    <testcase name='http://iso.org/80000-6-units#newton-per-coulomb-has-newton'>
      <failure>
        declared in
        http://opencaesar.io/examples/firesat/programs/earth-science/projects/firesat/bundle/classes.
      </failure>
    </testcase>
    <testcase name='http://iso.org/80000-6-units#ohm'>
      <failure>
        declared in
        http://opencaesar.io/examples/firesat/programs/earth-science/projects/firesat/bundle/classes.
      </failure>
    </testcase>
    <testcase name='http://iso.org/80000-6-units#ohm-has-ampere'>
      <failure>
        declared in
        http://opencaesar.io/examples/firesat/programs/earth-science/projects/firesat/bundle/classes.
      </failure>
    </testcase>
    <testcase name='http://iso.org/80000-6-units#ohm-has-volt'>
      <failure>
        declared in
        http://opencaesar.io/examples/firesat/programs/earth-science/projects/firesat/bundle/classes.
      </failure>
    </testcase>
    <testcase name='http://iso.org/80000-6-units#volt'>
      <failure>
        declared in
        http://opencaesar.io/examples/firesat/programs/earth-science/projects/firesat/bundle/classes.
      </failure>
    </testcase>
    <testcase name='http://iso.org/80000-6-units#volt-has-metre'>
      <failure>
        declared in
        http://opencaesar.io/examples/firesat/programs/earth-science/projects/firesat/bundle/classes.
      </failure>
    </testcase>
    <testcase name='http://iso.org/80000-6-units#volt-has-newton-per-coulomb'>
      <failure>
        declared in
        http://opencaesar.io/examples/firesat/programs/earth-science/projects/firesat/bundle/classes.
      </failure>
    </testcase>
    <testcase name='http://iupac.org/metrology#CoherentMeasurementUnit'>
      <failure>
        declared in
        http://opencaesar.io/examples/firesat/programs/earth-science/projects/firesat/bundle/classes.
      </failure>
    </testcase>
    <testcase name='http://iupac.org/metrology#DerivedMeasurementUnit'>
      <failure>
        declared in
        http://opencaesar.io/examples/firesat/programs/earth-science/projects/firesat/bundle/classes.
      </failure>
    </testcase>
    <testcase name='http://iupac.org/metrology#DerivedUnitaryQuantity'>
      <failure>
        declared in
        http://opencaesar.io/examples/firesat/programs/earth-science/projects/firesat/bundle/classes.
      </failure>
    </testcase>
    <testcase name='http://iupac.org/metrology#ExponentFactor'>
      <failure>
        declared in
        http://opencaesar.io/examples/firesat/programs/earth-science/projects/firesat/bundle/classes.
      </failure>
    </testcase>
    <testcase name='http://iupac.org/metrology#HasFactorForMeasurementUnit'>
      <failure>
        declared in
        http://opencaesar.io/examples/firesat/programs/earth-science/projects/firesat/bundle/classes.
      </failure>
    </testcase>
    <testcase name='http://iupac.org/metrology#HasFactorForUnitaryQuantity'>
      <failure>
        declared in
        http://opencaesar.io/examples/firesat/programs/earth-science/projects/firesat/bundle/classes.
      </failure>
    </testcase>
    <testcase name='http://iupac.org/metrology#HasPrefix'>
      <failure>
        declared in
        http://opencaesar.io/examples/firesat/programs/earth-science/projects/firesat/bundle/classes.
      </failure>
    </testcase>
    <testcase name='http://iupac.org/metrology#HasReference'>
      <failure>
        declared in
        http://opencaesar.io/examples/firesat/programs/earth-science/projects/firesat/bundle/classes.
      </failure>
    </testcase>
    <testcase name='http://iupac.org/metrology#IndependentMeasurementUnit'>
      <failure>
        declared in
        http://opencaesar.io/examples/firesat/programs/earth-science/projects/firesat/bundle/classes.
      </failure>
    </testcase>
    <testcase name='http://iupac.org/metrology#IndependentUnitaryQuantity'>
      <failure>
        declared in
        http://opencaesar.io/examples/firesat/programs/earth-science/projects/firesat/bundle/classes.
      </failure>
    </testcase>
    <testcase name='http://iupac.org/metrology#IsMagnitudeOf'>
      <failure>
        declared in
        http://opencaesar.io/examples/firesat/programs/earth-science/projects/firesat/bundle/classes.
      </failure>
    </testcase>
    <testcase name='http://iupac.org/metrology#IsQuantityOf'>
      <failure>
        declared in
        http://opencaesar.io/examples/firesat/programs/earth-science/projects/firesat/bundle/classes.
      </failure>
    </testcase>
    <testcase name='http://iupac.org/metrology#IsReflexiveMagnitudeOf'>
      <failure>
        declared in
        http://opencaesar.io/examples/firesat/programs/earth-science/projects/firesat/bundle/classes.
      </failure>
    </testcase>
    <testcase name='http://iupac.org/metrology#Magnitude'>
      <failure>
        declared in
        http://opencaesar.io/examples/firesat/programs/earth-science/projects/firesat/bundle/classes.
      </failure>
    </testcase>
    <testcase name='http://iupac.org/metrology#MeasurementProcedure'>
      <failure>
        declared in
        http://opencaesar.io/examples/firesat/programs/earth-science/projects/firesat/bundle/classes.
      </failure>
    </testcase>
    <testcase name='http://iupac.org/metrology#MeasurementUnit'>
      <failure>
        declared in
        http://opencaesar.io/examples/firesat/programs/earth-science/projects/firesat/bundle/classes.
      </failure>
    </testcase>
    <testcase name='http://iupac.org/metrology#MetrologicalEntity'>
      <failure>
        declared in
        http://opencaesar.io/examples/firesat/programs/earth-science/projects/firesat/bundle/classes.
      </failure>
    </testcase>
    <testcase name='http://iupac.org/metrology#NonCoherentDerivedMeasurementUnit'>
      <failure>
        declared in
        http://opencaesar.io/examples/firesat/programs/earth-science/projects/firesat/bundle/classes.
      </failure>
    </testcase>
    <testcase name='http://iupac.org/metrology#NonCoherentDerivedMeasurementUnitOf'>
      <failure>
        declared in
        http://opencaesar.io/examples/firesat/programs/earth-science/projects/firesat/bundle/classes.
      </failure>
    </testcase>
    <testcase name='http://iupac.org/metrology#Object'>
      <failure>
        declared in
        http://opencaesar.io/examples/firesat/programs/earth-science/projects/firesat/bundle/classes.
      </failure>
    </testcase>
    <testcase name='http://iupac.org/metrology#OrdinalMagnitude'>
      <failure>
        declared in
        http://opencaesar.io/examples/firesat/programs/earth-science/projects/firesat/bundle/classes.
      </failure>
    </testcase>
    <testcase name='http://iupac.org/metrology#OrdinalQuantity'>
      <failure>
        declared in
        http://opencaesar.io/examples/firesat/programs/earth-science/projects/firesat/bundle/classes.
      </failure>
    </testcase>
    <testcase name='http://iupac.org/metrology#Prefix'>
      <failure>
        declared in
        http://opencaesar.io/examples/firesat/programs/earth-science/projects/firesat/bundle/classes.
      </failure>
    </testcase>
    <testcase name='http://iupac.org/metrology#PrefixedMeasurementUnit'>
      <failure>
        declared in
        http://opencaesar.io/examples/firesat/programs/earth-science/projects/firesat/bundle/classes.
      </failure>
    </testcase>
    <testcase name='http://iupac.org/metrology#Quantity'>
      <failure>
        declared in
        http://opencaesar.io/examples/firesat/programs/earth-science/projects/firesat/bundle/classes.
      </failure>
    </testcase>
    <testcase name='http://iupac.org/metrology#Reference'>
      <failure>
        declared in
        http://opencaesar.io/examples/firesat/programs/earth-science/projects/firesat/bundle/classes.
      </failure>
    </testcase>
    <testcase name='http://iupac.org/metrology#ReferenceMaterial'>
      <failure>
        declared in
        http://opencaesar.io/examples/firesat/programs/earth-science/projects/firesat/bundle/classes.
      </failure>
    </testcase>
    <testcase name='http://iupac.org/metrology#SystemHasMetrologicalUnit'>
      <failure>
        declared in
        http://opencaesar.io/examples/firesat/programs/earth-science/projects/firesat/bundle/classes.
      </failure>
    </testcase>
    <testcase name='http://iupac.org/metrology#SystemHasUnitaryQuantity'>
      <failure>
        declared in
        http://opencaesar.io/examples/firesat/programs/earth-science/projects/firesat/bundle/classes.
      </failure>
    </testcase>
    <testcase name='http://iupac.org/metrology#SystemOfMetrologicalUnits'>
      <failure>
        declared in
        http://opencaesar.io/examples/firesat/programs/earth-science/projects/firesat/bundle/classes.
      </failure>
    </testcase>
    <testcase name='http://iupac.org/metrology#SystemOfUnitaryQuantities'>
      <failure>
        declared in
        http://opencaesar.io/examples/firesat/programs/earth-science/projects/firesat/bundle/classes.
      </failure>
    </testcase>
    <testcase name='http://iupac.org/metrology#Thing'>
      <failure>
        declared in
        http://opencaesar.io/examples/firesat/programs/earth-science/projects/firesat/bundle/classes.
      </failure>
    </testcase>
    <testcase name='http://iupac.org/metrology#UnitaryMagnitude'>
      <failure>
        declared in
        http://opencaesar.io/examples/firesat/programs/earth-science/projects/firesat/bundle/classes.
      </failure>
    </testcase>
    <testcase name='http://iupac.org/metrology#UnitaryQuantity'>
      <failure>
        declared in
        http://opencaesar.io/examples/firesat/programs/earth-science/projects/firesat/bundle/classes.
      </failure>
    </testcase>
    <testcase name='http://iupac.org/metrology#exponent'>
      <failure>
        declared in
        http://opencaesar.io/examples/firesat/programs/earth-science/projects/firesat/bundle/classes.
      </failure>
    </testcase>
    <testcase name='http://iupac.org/metrology#hasDoubleNumber'>
      <failure>
        declared in
        http://opencaesar.io/examples/firesat/programs/earth-science/projects/firesat/bundle/classes.
      </failure>
    </testcase>
    <testcase name='http://iupac.org/metrology#hasFactorForMeasurementUnit'>
      <failure>
        declared in
        http://opencaesar.io/examples/firesat/programs/earth-science/projects/firesat/bundle/classes.
      </failure>
    </testcase>
    <testcase name='http://iupac.org/metrology#hasFactorForUnitaryQuantity'>
      <failure>
        declared in
        http://opencaesar.io/examples/firesat/programs/earth-science/projects/firesat/bundle/classes.
      </failure>
    </testcase>
    <testcase name='http://iupac.org/metrology#hasHasFactorForMeasurementUnitSource'>
      <failure>
        declared in
        http://opencaesar.io/examples/firesat/programs/earth-science/projects/firesat/bundle/classes.
      </failure>
    </testcase>
    <testcase name='http://iupac.org/metrology#hasHasFactorForMeasurementUnitTarget'>
      <failure>
        declared in
        http://opencaesar.io/examples/firesat/programs/earth-science/projects/firesat/bundle/classes.
      </failure>
    </testcase>
    <testcase name='http://iupac.org/metrology#hasHasFactorForUnitaryQuantitySource'>
      <failure>
        declared in
        http://opencaesar.io/examples/firesat/programs/earth-science/projects/firesat/bundle/classes.
      </failure>
    </testcase>
    <testcase name='http://iupac.org/metrology#hasHasFactorForUnitaryQuantityTarget'>
      <failure>
        declared in
        http://opencaesar.io/examples/firesat/programs/earth-science/projects/firesat/bundle/classes.
      </failure>
    </testcase>
    <testcase name='http://iupac.org/metrology#hasHasPrefixSource'>
      <failure>
        declared in
        http://opencaesar.io/examples/firesat/programs/earth-science/projects/firesat/bundle/classes.
      </failure>
    </testcase>
    <testcase name='http://iupac.org/metrology#hasHasPrefixTarget'>
      <failure>
        declared in
        http://opencaesar.io/examples/firesat/programs/earth-science/projects/firesat/bundle/classes.
      </failure>
    </testcase>
    <testcase name='http://iupac.org/metrology#hasHasReferenceSource'>
      <failure>
        declared in
        http://opencaesar.io/examples/firesat/programs/earth-science/projects/firesat/bundle/classes.
      </failure>
    </testcase>
    <testcase name='http://iupac.org/metrology#hasHasReferenceTarget'>
      <failure>
        declared in
        http://opencaesar.io/examples/firesat/programs/earth-science/projects/firesat/bundle/classes.
      </failure>
    </testcase>
    <testcase name='http://iupac.org/metrology#hasIsMagnitudeOfSource'>
      <failure>
        declared in
        http://opencaesar.io/examples/firesat/programs/earth-science/projects/firesat/bundle/classes.
      </failure>
    </testcase>
    <testcase name='http://iupac.org/metrology#hasIsMagnitudeOfTarget'>
      <failure>
        declared in
        http://opencaesar.io/examples/firesat/programs/earth-science/projects/firesat/bundle/classes.
      </failure>
    </testcase>
    <testcase name='http://iupac.org/metrology#hasIsQuantityOfSource'>
      <failure>
        declared in
        http://opencaesar.io/examples/firesat/programs/earth-science/projects/firesat/bundle/classes.
      </failure>
    </testcase>
    <testcase name='http://iupac.org/metrology#hasIsQuantityOfTarget'>
      <failure>
        declared in
        http://opencaesar.io/examples/firesat/programs/earth-science/projects/firesat/bundle/classes.
      </failure>
    </testcase>
    <testcase name='http://iupac.org/metrology#hasIsReflexiveMagnitudeOfSource'>
      <failure>
        declared in
        http://opencaesar.io/examples/firesat/programs/earth-science/projects/firesat/bundle/classes.
      </failure>
    </testcase>
    <testcase name='http://iupac.org/metrology#hasIsReflexiveMagnitudeOfTarget'>
      <failure>
        declared in
        http://opencaesar.io/examples/firesat/programs/earth-science/projects/firesat/bundle/classes.
      </failure>
    </testcase>
    <testcase name='http://iupac.org/metrology#hasMagnitude'>
      <failure>
        declared in
        http://opencaesar.io/examples/firesat/programs/earth-science/projects/firesat/bundle/classes.
      </failure>
    </testcase>
    <testcase name='http://iupac.org/metrology#hasNonCoherentDerivedMeasurementUnitOfSource'>
      <failure>
        declared in
        http://opencaesar.io/examples/firesat/programs/earth-science/projects/firesat/bundle/classes.
      </failure>
    </testcase>
    <testcase name='http://iupac.org/metrology#hasNonCoherentDerivedMeasurementUnitOfTarget'>
      <failure>
        declared in
        http://opencaesar.io/examples/firesat/programs/earth-science/projects/firesat/bundle/classes.
      </failure>
    </testcase>
    <testcase name='http://iupac.org/metrology#hasPrefix'>
      <failure>
        declared in
        http://opencaesar.io/examples/firesat/programs/earth-science/projects/firesat/bundle/classes.
      </failure>
    </testcase>
    <testcase name='http://iupac.org/metrology#hasQuantity'>
      <failure>
        declared in
        http://opencaesar.io/examples/firesat/programs/earth-science/projects/firesat/bundle/classes.
      </failure>
    </testcase>
    <testcase name='http://iupac.org/metrology#hasReference'>
      <failure>
        declared in
        http://opencaesar.io/examples/firesat/programs/earth-science/projects/firesat/bundle/classes.
      </failure>
    </testcase>
    <testcase name='http://iupac.org/metrology#hasSystemHasMetrologicalUnitSource'>
      <failure>
        declared in
        http://opencaesar.io/examples/firesat/programs/earth-science/projects/firesat/bundle/classes.
      </failure>
    </testcase>
    <testcase name='http://iupac.org/metrology#hasSystemHasMetrologicalUnitTarget'>
      <failure>
        declared in
        http://opencaesar.io/examples/firesat/programs/earth-science/projects/firesat/bundle/classes.
      </failure>
    </testcase>
    <testcase name='http://iupac.org/metrology#hasSystemHasUnitaryQuantitySource'>
      <failure>
        declared in
        http://opencaesar.io/examples/firesat/programs/earth-science/projects/firesat/bundle/classes.
      </failure>
    </testcase>
    <testcase name='http://iupac.org/metrology#hasSystemHasUnitaryQuantityTarget'>
      <failure>
        declared in
        http://opencaesar.io/examples/firesat/programs/earth-science/projects/firesat/bundle/classes.
      </failure>
    </testcase>
    <testcase name='http://iupac.org/metrology#isBaseMetrologicalUnit'>
      <failure>
        declared in
        http://opencaesar.io/examples/firesat/programs/earth-science/projects/firesat/bundle/classes.
      </failure>
    </testcase>
    <testcase name='http://iupac.org/metrology#isBaseQuantity'>
      <failure>
        declared in
        http://opencaesar.io/examples/firesat/programs/earth-science/projects/firesat/bundle/classes.
      </failure>
    </testcase>
    <testcase name='http://iupac.org/metrology#isDimensionlessMeasurementUnit'>
      <failure>
        declared in
        http://opencaesar.io/examples/firesat/programs/earth-science/projects/firesat/bundle/classes.
      </failure>
    </testcase>
    <testcase name='http://iupac.org/metrology#isDimensionlessQuantity'>
      <failure>
        declared in
        http://opencaesar.io/examples/firesat/programs/earth-science/projects/firesat/bundle/classes.
      </failure>
    </testcase>
    <testcase name='http://iupac.org/metrology#isMagnitudeOf'>
      <failure>
        declared in
        http://opencaesar.io/examples/firesat/programs/earth-science/projects/firesat/bundle/classes.
      </failure>
    </testcase>
    <testcase name='http://iupac.org/metrology#isQuantityOf'>
      <failure>
        declared in
        http://opencaesar.io/examples/firesat/programs/earth-science/projects/firesat/bundle/classes.
      </failure>
    </testcase>
    <testcase name='http://iupac.org/metrology#isReflexiveMagnitudeOf'>
      <failure>
        declared in
        http://opencaesar.io/examples/firesat/programs/earth-science/projects/firesat/bundle/classes.
      </failure>
    </testcase>
    <testcase name='http://iupac.org/metrology#nonCoherentDerivedMeasurementUnitOf'>
      <failure>
        declared in
        http://opencaesar.io/examples/firesat/programs/earth-science/projects/firesat/bundle/classes.
      </failure>
    </testcase>
    <testcase name='http://iupac.org/metrology#nonCoherentRelationship'>
      <failure>
        declared in
        http://opencaesar.io/examples/firesat/programs/earth-science/projects/firesat/bundle/classes.
      </failure>
    </testcase>
    <testcase name='http://iupac.org/metrology#systemHasMetrologicalUnit'>
      <failure>
        declared in
        http://opencaesar.io/examples/firesat/programs/earth-science/projects/firesat/bundle/classes.
      </failure>
    </testcase>
    <testcase name='http://iupac.org/metrology#systemHasUnitaryQuantity'>
      <failure>
        declared in
        http://opencaesar.io/examples/firesat/programs/earth-science/projects/firesat/bundle/classes.
      </failure>
    </testcase>
    <testcase name='http://opencaesar.io/examples/firesat/programs/earth-science/projects/firesat/bundle/classes'/>
    <testcase name='http://opencaesar.io/oml#Aspect'>
      <failure>
        declared in
        http://opencaesar.io/examples/firesat/programs/earth-science/projects/firesat/bundle/classes.
      </failure>
    </testcase>
    <testcase name='http://opencaesar.io/oml#Concept'>
      <failure>
        declared in
        http://opencaesar.io/examples/firesat/programs/earth-science/projects/firesat/bundle/classes.
      </failure>
    </testcase>
    <testcase name='http://opencaesar.io/oml#RelationEntity'>
      <failure>
        declared in
        http://opencaesar.io/examples/firesat/programs/earth-science/projects/firesat/bundle/classes.
      </failure>
    </testcase>
    <testcase name='http://opencaesar.io/oml#forwardRelation'>
      <failure>
        declared in
        http://opencaesar.io/examples/firesat/programs/earth-science/projects/firesat/bundle/classes.
      </failure>
    </testcase>
    <testcase name='http://opencaesar.io/oml#reverseRelation'>
      <failure>
        declared in
        http://opencaesar.io/examples/firesat/programs/earth-science/projects/firesat/bundle/classes.
      </failure>
    </testcase>
    <testcase name='http://opencaesar.io/oml#scalarProperty'>
      <failure>
        declared in
        http://opencaesar.io/examples/firesat/programs/earth-science/projects/firesat/bundle/classes.
      </failure>
    </testcase>
    <testcase name='http://opencaesar.io/oml#sourceRelation'>
      <failure>
        declared in
        http://opencaesar.io/examples/firesat/programs/earth-science/projects/firesat/bundle/classes.
      </failure>
    </testcase>
    <testcase name='http://opencaesar.io/oml#targetRelation'>
      <failure>
        declared in
        http://opencaesar.io/examples/firesat/programs/earth-science/projects/firesat/bundle/classes.
      </failure>
    </testcase>
    <testcase name='owl:Nothing'>
      <failure>
        declared in
        http://opencaesar.io/examples/firesat/programs/earth-science/projects/firesat/bundle/classes.
      </failure>
    </testcase>
    <testcase name='owl:Thing'>
      <failure>
        declared in
        http://opencaesar.io/examples/firesat/programs/earth-science/projects/firesat/bundle/classes.
      </failure>
    </testcase>
    <testcase name='owl:sameAs'>
      <failure>
        declared in
        http://opencaesar.io/examples/firesat/programs/earth-science/projects/firesat/bundle/classes.
      </failure>
    </testcase>
    <testcase name='owl:topDataProperty'>
      <failure>
        declared in
        http://opencaesar.io/examples/firesat/programs/earth-science/projects/firesat/bundle/classes.
      </failure>
    </testcase>
    <testcase name='owl:topObjectProperty'>
      <failure>
        declared in
        http://opencaesar.io/examples/firesat/programs/earth-science/projects/firesat/bundle/classes.
      </failure>
    </testcase>
    <testcase name='http://imce.jpl.nasa.gov/discipline/fse/assemblies#BaseAssembly'>
      <failure>
        declared in
        http://opencaesar.io/examples/firesat/programs/earth-science/projects/firesat/bundle/individuals.
      </failure>
    </testcase>
    <testcase name='http://imce.jpl.nasa.gov/discipline/fse/endcircuits#Power'>
      <failure>
        declared in
        http://opencaesar.io/examples/firesat/programs/earth-science/projects/firesat/bundle/individuals.
      </failure>
    </testcase>
    <testcase name='http://imce.jpl.nasa.gov/discipline/fse/endcircuits#PowerIn'>
      <failure>
        declared in
        http://opencaesar.io/examples/firesat/programs/earth-science/projects/firesat/bundle/individuals.
      </failure>
    </testcase>
    <testcase name='http://imce.jpl.nasa.gov/discipline/fse/endcircuits#PowerOut'>
      <failure>
        declared in
        http://opencaesar.io/examples/firesat/programs/earth-science/projects/firesat/bundle/individuals.
      </failure>
    </testcase>
    <testcase name='http://imce.jpl.nasa.gov/discipline/fse/endcircuits#UnidirectionalPower'>
      <failure>
        declared in
        http://opencaesar.io/examples/firesat/programs/earth-science/projects/firesat/bundle/individuals.
      </failure>
    </testcase>
    <testcase name='http://imce.jpl.nasa.gov/discipline/fse/fse#Assembly'>
      <failure>
        declared in
        http://opencaesar.io/examples/firesat/programs/earth-science/projects/firesat/bundle/individuals.
      </failure>
    </testcase>
    <testcase name='http://imce.jpl.nasa.gov/discipline/fse/fse#CBEMagnitude'>
      <failure>
        declared in
        http://opencaesar.io/examples/firesat/programs/earth-science/projects/firesat/bundle/individuals.
      </failure>
    </testcase>
    <testcase name='http://imce.jpl.nasa.gov/discipline/fse/fse#CBEMass'>
      <failure>
        declared in
        http://opencaesar.io/examples/firesat/programs/earth-science/projects/firesat/bundle/individuals.
      </failure>
    </testcase>
    <testcase name='http://imce.jpl.nasa.gov/discipline/fse/fse#ConnectsAssembly'>
      <failure>
        declared in
        http://opencaesar.io/examples/firesat/programs/earth-science/projects/firesat/bundle/individuals.
      </failure>
    </testcase>
    <testcase name='http://imce.jpl.nasa.gov/discipline/fse/fse#ConnectsAssembly1'>
      <failure>
        declared in
        http://opencaesar.io/examples/firesat/programs/earth-science/projects/firesat/bundle/individuals.
      </failure>
    </testcase>
    <testcase name='http://imce.jpl.nasa.gov/discipline/fse/fse#ConnectsAssembly2'>
      <failure>
        declared in
        http://opencaesar.io/examples/firesat/programs/earth-science/projects/firesat/bundle/individuals.
      </failure>
    </testcase>
    <testcase name='http://imce.jpl.nasa.gov/discipline/fse/fse#ConsumableMass'>
      <failure>
        declared in
        http://opencaesar.io/examples/firesat/programs/earth-science/projects/firesat/bundle/individuals.
      </failure>
    </testcase>
    <testcase name='http://imce.jpl.nasa.gov/discipline/fse/fse#EndCircuit'>
      <failure>
        declared in
        http://opencaesar.io/examples/firesat/programs/earth-science/projects/firesat/bundle/individuals.
      </failure>
    </testcase>
    <testcase name='http://imce.jpl.nasa.gov/discipline/fse/fse#EndCircuitPresentingElement'>
      <failure>
        declared in
        http://opencaesar.io/examples/firesat/programs/earth-science/projects/firesat/bundle/individuals.
      </failure>
    </testcase>
    <testcase name='http://imce.jpl.nasa.gov/discipline/fse/fse#FlightHardwareComponent'>
      <failure>
        declared in
        http://opencaesar.io/examples/firesat/programs/earth-science/projects/firesat/bundle/individuals.
      </failure>
    </testcase>
    <testcase name='http://imce.jpl.nasa.gov/discipline/fse/fse#Function'>
      <failure>
        declared in
        http://opencaesar.io/examples/firesat/programs/earth-science/projects/firesat/bundle/individuals.
      </failure>
    </testcase>
    <testcase name='http://imce.jpl.nasa.gov/discipline/fse/fse#MEVMagnitue'>
      <failure>
        declared in
        http://opencaesar.io/examples/firesat/programs/earth-science/projects/firesat/bundle/individuals.
      </failure>
    </testcase>
    <testcase name='http://imce.jpl.nasa.gov/discipline/fse/fse#MEVMass'>
      <failure>
        declared in
        http://opencaesar.io/examples/firesat/programs/earth-science/projects/firesat/bundle/individuals.
      </failure>
    </testcase>
    <testcase name='http://imce.jpl.nasa.gov/discipline/fse/fse#MGAMagnitude'>
      <failure>
        declared in
        http://opencaesar.io/examples/firesat/programs/earth-science/projects/firesat/bundle/individuals.
      </failure>
    </testcase>
    <testcase name='http://imce.jpl.nasa.gov/discipline/fse/fse#MGAMass'>
      <failure>
        declared in
        http://opencaesar.io/examples/firesat/programs/earth-science/projects/firesat/bundle/individuals.
      </failure>
    </testcase>
    <testcase name='http://imce.jpl.nasa.gov/discipline/fse/fse#MassAllocatedElement'>
      <failure>
        declared in
        http://opencaesar.io/examples/firesat/programs/earth-science/projects/firesat/bundle/individuals.
      </failure>
    </testcase>
    <testcase name='http://imce.jpl.nasa.gov/discipline/fse/fse#MassAllocation'>
      <failure>
        declared in
        http://opencaesar.io/examples/firesat/programs/earth-science/projects/firesat/bundle/individuals.
      </failure>
    </testcase>
    <testcase name='http://imce.jpl.nasa.gov/discipline/fse/fse#MassAllocationMagnitude'>
      <failure>
        declared in
        http://opencaesar.io/examples/firesat/programs/earth-science/projects/firesat/bundle/individuals.
      </failure>
    </testcase>
    <testcase name='http://imce.jpl.nasa.gov/discipline/fse/fse#MassConstrainedElement'>
      <failure>
        declared in
        http://opencaesar.io/examples/firesat/programs/earth-science/projects/firesat/bundle/individuals.
      </failure>
    </testcase>
    <testcase name='http://imce.jpl.nasa.gov/discipline/fse/fse#MassEstimate'>
      <failure>
        declared in
        http://opencaesar.io/examples/firesat/programs/earth-science/projects/firesat/bundle/individuals.
      </failure>
    </testcase>
    <testcase name='http://imce.jpl.nasa.gov/discipline/fse/fse#MassEstimateMagnitude'>
      <failure>
        declared in
        http://opencaesar.io/examples/firesat/programs/earth-science/projects/firesat/bundle/individuals.
      </failure>
    </testcase>
    <testcase name='http://imce.jpl.nasa.gov/discipline/fse/fse#MassEstimatedElement'>
      <failure>
        declared in
        http://opencaesar.io/examples/firesat/programs/earth-science/projects/firesat/bundle/individuals.
      </failure>
    </testcase>
    <testcase name='http://imce.jpl.nasa.gov/discipline/fse/fse#MassLimit'>
      <failure>
        declared in
        http://opencaesar.io/examples/firesat/programs/earth-science/projects/firesat/bundle/individuals.
      </failure>
    </testcase>
    <testcase name='http://imce.jpl.nasa.gov/discipline/fse/fse#MassLimitMagnitude'>
      <failure>
        declared in
        http://opencaesar.io/examples/firesat/programs/earth-science/projects/firesat/bundle/individuals.
      </failure>
    </testcase>
    <testcase name='http://imce.jpl.nasa.gov/discipline/fse/fse#MassProxy'>
      <failure>
        declared in
        http://opencaesar.io/examples/firesat/programs/earth-science/projects/firesat/bundle/individuals.
      </failure>
    </testcase>
    <testcase name='http://imce.jpl.nasa.gov/discipline/fse/fse#ReferenceDesignatedElement'>
      <failure>
        declared in
        http://opencaesar.io/examples/firesat/programs/earth-science/projects/firesat/bundle/individuals.
      </failure>
    </testcase>
    <testcase name='http://imce.jpl.nasa.gov/discipline/fse/fse#Subsystem'>
      <failure>
        declared in
        http://opencaesar.io/examples/firesat/programs/earth-science/projects/firesat/bundle/individuals.
      </failure>
    </testcase>
    <testcase name='http://imce.jpl.nasa.gov/discipline/fse/fse#connectsAssembly'>
      <failure>
        declared in
        http://opencaesar.io/examples/firesat/programs/earth-science/projects/firesat/bundle/individuals.
      </failure>
    </testcase>
    <testcase name='http://imce.jpl.nasa.gov/discipline/fse/fse#connectsAssembly1'>
      <failure>
        declared in
        http://opencaesar.io/examples/firesat/programs/earth-science/projects/firesat/bundle/individuals.
      </failure>
    </testcase>
    <testcase name='http://imce.jpl.nasa.gov/discipline/fse/fse#connectsAssembly2'>
      <failure>
        declared in
        http://opencaesar.io/examples/firesat/programs/earth-science/projects/firesat/bundle/individuals.
      </failure>
    </testcase>
    <testcase name='http://imce.jpl.nasa.gov/discipline/fse/fse#hasAcronym'>
      <failure>
        declared in
        http://opencaesar.io/examples/firesat/programs/earth-science/projects/firesat/bundle/individuals.
      </failure>
    </testcase>
    <testcase name='http://imce.jpl.nasa.gov/discipline/fse/fse#hasConnectsAssembly1Source'>
      <failure>
        declared in
        http://opencaesar.io/examples/firesat/programs/earth-science/projects/firesat/bundle/individuals.
      </failure>
    </testcase>
    <testcase name='http://imce.jpl.nasa.gov/discipline/fse/fse#hasConnectsAssembly1Target'>
      <failure>
        declared in
        http://opencaesar.io/examples/firesat/programs/earth-science/projects/firesat/bundle/individuals.
      </failure>
    </testcase>
    <testcase name='http://imce.jpl.nasa.gov/discipline/fse/fse#hasConnectsAssembly2Source'>
      <failure>
        declared in
        http://opencaesar.io/examples/firesat/programs/earth-science/projects/firesat/bundle/individuals.
      </failure>
    </testcase>
    <testcase name='http://imce.jpl.nasa.gov/discipline/fse/fse#hasConnectsAssembly2Target'>
      <failure>
        declared in
        http://opencaesar.io/examples/firesat/programs/earth-science/projects/firesat/bundle/individuals.
      </failure>
    </testcase>
    <testcase name='http://imce.jpl.nasa.gov/discipline/fse/fse#hasConnectsAssemblySource'>
      <failure>
        declared in
        http://opencaesar.io/examples/firesat/programs/earth-science/projects/firesat/bundle/individuals.
      </failure>
    </testcase>
    <testcase name='http://imce.jpl.nasa.gov/discipline/fse/fse#hasConnectsAssemblyTarget'>
      <failure>
        declared in
        http://opencaesar.io/examples/firesat/programs/earth-science/projects/firesat/bundle/individuals.
      </failure>
    </testcase>
    <testcase name='http://imce.jpl.nasa.gov/discipline/fse/fse#hasEndCircuitDirection'>
      <failure>
        declared in
        http://opencaesar.io/examples/firesat/programs/earth-science/projects/firesat/bundle/individuals.
      </failure>
    </testcase>
    <testcase name='http://imce.jpl.nasa.gov/discipline/fse/fse#hasEndCircuitIdentifier'>
      <failure>
        declared in
        http://opencaesar.io/examples/firesat/programs/earth-science/projects/firesat/bundle/individuals.
      </failure>
    </testcase>
    <testcase name='http://imce.jpl.nasa.gov/discipline/fse/fse#hasFunctionDirection'>
      <failure>
        declared in
        http://opencaesar.io/examples/firesat/programs/earth-science/projects/firesat/bundle/individuals.
      </failure>
    </testcase>
    <testcase name='http://imce.jpl.nasa.gov/discipline/fse/fse#hasFunctionNumber'>
      <failure>
        declared in
        http://opencaesar.io/examples/firesat/programs/earth-science/projects/firesat/bundle/individuals.
      </failure>
    </testcase>
    <testcase name='http://imce.jpl.nasa.gov/discipline/fse/fse#hasMultiplicity'>
      <failure>
        declared in
        http://opencaesar.io/examples/firesat/programs/earth-science/projects/firesat/bundle/individuals.
      </failure>
    </testcase>
    <testcase name='http://imce.jpl.nasa.gov/discipline/fse/fse#hasReferenceDesignator'>
      <failure>
        declared in
        http://opencaesar.io/examples/firesat/programs/earth-science/projects/firesat/bundle/individuals.
      </failure>
    </testcase>
    <testcase name='http://imce.jpl.nasa.gov/discipline/fse/functions#BaseFunction'>
      <failure>
        declared in
        http://opencaesar.io/examples/firesat/programs/earth-science/projects/firesat/bundle/individuals.
      </failure>
    </testcase>
    <testcase name='http://imce.jpl.nasa.gov/discipline/fse/functions#Power'>
      <failure>
        declared in
        http://opencaesar.io/examples/firesat/programs/earth-science/projects/firesat/bundle/individuals.
      </failure>
    </testcase>
    <testcase name='http://imce.jpl.nasa.gov/discipline/fse/functions#UnidirectionalPower'>
      <failure>
        declared in
        http://opencaesar.io/examples/firesat/programs/earth-science/projects/firesat/bundle/individuals.
      </failure>
    </testcase>
    <testcase name='http://imce.jpl.nasa.gov/foundation/analysis#Analysis'>
      <failure>
        declared in
        http://opencaesar.io/examples/firesat/programs/earth-science/projects/firesat/bundle/individuals.
      </failure>
    </testcase>
    <testcase name='http://imce.jpl.nasa.gov/foundation/analysis#AnalyzedElement'>
      <failure>
        declared in
        http://opencaesar.io/examples/firesat/programs/earth-science/projects/firesat/bundle/individuals.
      </failure>
    </testcase>
    <testcase name='http://imce.jpl.nasa.gov/foundation/analysis#Analyzes'>
      <failure>
        declared in
        http://opencaesar.io/examples/firesat/programs/earth-science/projects/firesat/bundle/individuals.
      </failure>
    </testcase>
    <testcase name='http://imce.jpl.nasa.gov/foundation/analysis#Assumption'>
      <failure>
        declared in
        http://opencaesar.io/examples/firesat/programs/earth-science/projects/firesat/bundle/individuals.
      </failure>
    </testcase>
    <testcase name='http://imce.jpl.nasa.gov/foundation/analysis#Characterization'>
      <failure>
        declared in
        http://opencaesar.io/examples/firesat/programs/earth-science/projects/firesat/bundle/individuals.
      </failure>
    </testcase>
    <testcase name='http://imce.jpl.nasa.gov/foundation/analysis#CharacterizedElement'>
      <failure>
        declared in
        http://opencaesar.io/examples/firesat/programs/earth-science/projects/firesat/bundle/individuals.
      </failure>
    </testcase>
    <testcase name='http://imce.jpl.nasa.gov/foundation/analysis#Characterizes'>
      <failure>
        declared in
        http://opencaesar.io/examples/firesat/programs/earth-science/projects/firesat/bundle/individuals.
      </failure>
    </testcase>
    <testcase name='http://imce.jpl.nasa.gov/foundation/analysis#ConstrainedElement'>
      <failure>
        declared in
        http://opencaesar.io/examples/firesat/programs/earth-science/projects/firesat/bundle/individuals.
      </failure>
    </testcase>
    <testcase name='http://imce.jpl.nasa.gov/foundation/analysis#Constrains'>
      <failure>
        declared in
        http://opencaesar.io/examples/firesat/programs/earth-science/projects/firesat/bundle/individuals.
      </failure>
    </testcase>
    <testcase name='http://imce.jpl.nasa.gov/foundation/analysis#Constraint'>
      <failure>
        declared in
        http://opencaesar.io/examples/firesat/programs/earth-science/projects/firesat/bundle/individuals.
      </failure>
    </testcase>
    <testcase name='http://imce.jpl.nasa.gov/foundation/analysis#Criterion'>
      <failure>
        declared in
        http://opencaesar.io/examples/firesat/programs/earth-science/projects/firesat/bundle/individuals.
      </failure>
    </testcase>
    <testcase name='http://imce.jpl.nasa.gov/foundation/analysis#DrivingRequirementsAnalysis'>
      <failure>
        declared in
        http://opencaesar.io/examples/firesat/programs/earth-science/projects/firesat/bundle/individuals.
      </failure>
    </testcase>
    <testcase name='http://imce.jpl.nasa.gov/foundation/analysis#DrivingRequirementsExplanation'>
      <failure>
        declared in
        http://opencaesar.io/examples/firesat/programs/earth-science/projects/firesat/bundle/individuals.
      </failure>
    </testcase>
    <testcase name='http://imce.jpl.nasa.gov/foundation/analysis#Explains'>
      <failure>
        declared in
        http://opencaesar.io/examples/firesat/programs/earth-science/projects/firesat/bundle/individuals.
      </failure>
    </testcase>
    <testcase name='http://imce.jpl.nasa.gov/foundation/analysis#Explanation'>
      <failure>
        declared in
        http://opencaesar.io/examples/firesat/programs/earth-science/projects/firesat/bundle/individuals.
      </failure>
    </testcase>
    <testcase name='http://imce.jpl.nasa.gov/foundation/analysis#Fact'>
      <failure>
        declared in
        http://opencaesar.io/examples/firesat/programs/earth-science/projects/firesat/bundle/individuals.
      </failure>
    </testcase>
    <testcase name='http://imce.jpl.nasa.gov/foundation/analysis#GlossaryEntry'>
      <failure>
        declared in
        http://opencaesar.io/examples/firesat/programs/earth-science/projects/firesat/bundle/individuals.
      </failure>
    </testcase>
    <testcase name='http://imce.jpl.nasa.gov/foundation/analysis#KeyRequirementsAnalysis'>
      <failure>
        declared in
        http://opencaesar.io/examples/firesat/programs/earth-science/projects/firesat/bundle/individuals.
      </failure>
    </testcase>
    <testcase name='http://imce.jpl.nasa.gov/foundation/analysis#KeyRequirementsExplanation'>
      <failure>
        declared in
        http://opencaesar.io/examples/firesat/programs/earth-science/projects/firesat/bundle/individuals.
      </failure>
    </testcase>
    <testcase name='http://imce.jpl.nasa.gov/foundation/analysis#Limits'>
      <failure>
        declared in
        http://opencaesar.io/examples/firesat/programs/earth-science/projects/firesat/bundle/individuals.
      </failure>
    </testcase>
    <testcase name='http://imce.jpl.nasa.gov/foundation/analysis#TradeStudy'>
      <failure>
        declared in
        http://opencaesar.io/examples/firesat/programs/earth-science/projects/firesat/bundle/individuals.
      </failure>
    </testcase>
    <testcase name='http://imce.jpl.nasa.gov/foundation/analysis#Validates'>
      <failure>
        declared in
        http://opencaesar.io/examples/firesat/programs/earth-science/projects/firesat/bundle/individuals.
      </failure>
    </testcase>
    <testcase name='http://imce.jpl.nasa.gov/foundation/analysis#analyzes'>
      <failure>
        declared in
        http://opencaesar.io/examples/firesat/programs/earth-science/projects/firesat/bundle/individuals.
      </failure>
    </testcase>
    <testcase name='http://imce.jpl.nasa.gov/foundation/analysis#characterizes'>
      <failure>
        declared in
        http://opencaesar.io/examples/firesat/programs/earth-science/projects/firesat/bundle/individuals.
      </failure>
    </testcase>
    <testcase name='http://imce.jpl.nasa.gov/foundation/analysis#constrains'>
      <failure>
        declared in
        http://opencaesar.io/examples/firesat/programs/earth-science/projects/firesat/bundle/individuals.
      </failure>
    </testcase>
    <testcase name='http://imce.jpl.nasa.gov/foundation/analysis#explains'>
      <failure>
        declared in
        http://opencaesar.io/examples/firesat/programs/earth-science/projects/firesat/bundle/individuals.
      </failure>
    </testcase>
    <testcase name='http://imce.jpl.nasa.gov/foundation/analysis#hasAnalyzesSource'>
      <failure>
        declared in
        http://opencaesar.io/examples/firesat/programs/earth-science/projects/firesat/bundle/individuals.
      </failure>
    </testcase>
    <testcase name='http://imce.jpl.nasa.gov/foundation/analysis#hasAnalyzesTarget'>
      <failure>
        declared in
        http://opencaesar.io/examples/firesat/programs/earth-science/projects/firesat/bundle/individuals.
      </failure>
    </testcase>
    <testcase name='http://imce.jpl.nasa.gov/foundation/analysis#hasCharacterizesSource'>
      <failure>
        declared in
        http://opencaesar.io/examples/firesat/programs/earth-science/projects/firesat/bundle/individuals.
      </failure>
    </testcase>
    <testcase name='http://imce.jpl.nasa.gov/foundation/analysis#hasCharacterizesTarget'>
      <failure>
        declared in
        http://opencaesar.io/examples/firesat/programs/earth-science/projects/firesat/bundle/individuals.
      </failure>
    </testcase>
    <testcase name='http://imce.jpl.nasa.gov/foundation/analysis#hasConstrainsSource'>
      <failure>
        declared in
        http://opencaesar.io/examples/firesat/programs/earth-science/projects/firesat/bundle/individuals.
      </failure>
    </testcase>
    <testcase name='http://imce.jpl.nasa.gov/foundation/analysis#hasConstrainsTarget'>
      <failure>
        declared in
        http://opencaesar.io/examples/firesat/programs/earth-science/projects/firesat/bundle/individuals.
      </failure>
    </testcase>
    <testcase name='http://imce.jpl.nasa.gov/foundation/analysis#hasExplainsSource'>
      <failure>
        declared in
        http://opencaesar.io/examples/firesat/programs/earth-science/projects/firesat/bundle/individuals.
      </failure>
    </testcase>
    <testcase name='http://imce.jpl.nasa.gov/foundation/analysis#hasExplainsTarget'>
      <failure>
        declared in
        http://opencaesar.io/examples/firesat/programs/earth-science/projects/firesat/bundle/individuals.
      </failure>
    </testcase>
    <testcase name='http://imce.jpl.nasa.gov/foundation/analysis#hasGlossaryDefinition'>
      <failure>
        declared in
        http://opencaesar.io/examples/firesat/programs/earth-science/projects/firesat/bundle/individuals.
      </failure>
    </testcase>
    <testcase name='http://imce.jpl.nasa.gov/foundation/analysis#hasGlossaryTerm'>
      <failure>
        declared in
        http://opencaesar.io/examples/firesat/programs/earth-science/projects/firesat/bundle/individuals.
      </failure>
    </testcase>
    <testcase name='http://imce.jpl.nasa.gov/foundation/analysis#hasLimitsSource'>
      <failure>
        declared in
        http://opencaesar.io/examples/firesat/programs/earth-science/projects/firesat/bundle/individuals.
      </failure>
    </testcase>
    <testcase name='http://imce.jpl.nasa.gov/foundation/analysis#hasLimitsTarget'>
      <failure>
        declared in
        http://opencaesar.io/examples/firesat/programs/earth-science/projects/firesat/bundle/individuals.
      </failure>
    </testcase>
    <testcase name='http://imce.jpl.nasa.gov/foundation/analysis#hasValidatesSource'>
      <failure>
        declared in
        http://opencaesar.io/examples/firesat/programs/earth-science/projects/firesat/bundle/individuals.
      </failure>
    </testcase>
    <testcase name='http://imce.jpl.nasa.gov/foundation/analysis#hasValidatesTarget'>
      <failure>
        declared in
        http://opencaesar.io/examples/firesat/programs/earth-science/projects/firesat/bundle/individuals.
      </failure>
    </testcase>
    <testcase name='http://imce.jpl.nasa.gov/foundation/analysis#isAnalyzedBy'>
      <failure>
        declared in
        http://opencaesar.io/examples/firesat/programs/earth-science/projects/firesat/bundle/individuals.
      </failure>
    </testcase>
    <testcase name='http://imce.jpl.nasa.gov/foundation/analysis#isCharacterizedBy'>
      <failure>
        declared in
        http://opencaesar.io/examples/firesat/programs/earth-science/projects/firesat/bundle/individuals.
      </failure>
    </testcase>
    <testcase name='http://imce.jpl.nasa.gov/foundation/analysis#isExplainedBy'>
      <failure>
        declared in
        http://opencaesar.io/examples/firesat/programs/earth-science/projects/firesat/bundle/individuals.
      </failure>
    </testcase>
    <testcase name='http://imce.jpl.nasa.gov/foundation/analysis#isLimitedBy'>
      <failure>
        declared in
        http://opencaesar.io/examples/firesat/programs/earth-science/projects/firesat/bundle/individuals.
      </failure>
    </testcase>
    <testcase name='http://imce.jpl.nasa.gov/foundation/analysis#isValidatedBy'>
      <failure>
        declared in
        http://opencaesar.io/examples/firesat/programs/earth-science/projects/firesat/bundle/individuals.
      </failure>
    </testcase>
    <testcase name='http://imce.jpl.nasa.gov/foundation/analysis#limits'>
      <failure>
        declared in
        http://opencaesar.io/examples/firesat/programs/earth-science/projects/firesat/bundle/individuals.
      </failure>
    </testcase>
    <testcase name='http://imce.jpl.nasa.gov/foundation/analysis#validates'>
      <failure>
        declared in
        http://opencaesar.io/examples/firesat/programs/earth-science/projects/firesat/bundle/individuals.
      </failure>
    </testcase>
    <testcase name='http://imce.jpl.nasa.gov/foundation/base#AggregatedElement'>
      <failure>
        declared in
        http://opencaesar.io/examples/firesat/programs/earth-science/projects/firesat/bundle/individuals.
      </failure>
    </testcase>
    <testcase name='http://imce.jpl.nasa.gov/foundation/base#Aggregates'>
      <failure>
        declared in
        http://opencaesar.io/examples/firesat/programs/earth-science/projects/firesat/bundle/individuals.
      </failure>
    </testcase>
    <testcase name='http://imce.jpl.nasa.gov/foundation/base#ContainedElement'>
      <failure>
        declared in
        http://opencaesar.io/examples/firesat/programs/earth-science/projects/firesat/bundle/individuals.
      </failure>
    </testcase>
    <testcase name='http://imce.jpl.nasa.gov/foundation/base#Container'>
      <failure>
        declared in
        http://opencaesar.io/examples/firesat/programs/earth-science/projects/firesat/bundle/individuals.
      </failure>
    </testcase>
    <testcase name='http://imce.jpl.nasa.gov/foundation/base#Contains'>
      <failure>
        declared in
        http://opencaesar.io/examples/firesat/programs/earth-science/projects/firesat/bundle/individuals.
      </failure>
    </testcase>
    <testcase name='http://imce.jpl.nasa.gov/foundation/base#IdentifiedElement'>
      <failure>
        declared in
        http://opencaesar.io/examples/firesat/programs/earth-science/projects/firesat/bundle/individuals.
      </failure>
    </testcase>
    <testcase name='http://imce.jpl.nasa.gov/foundation/base#Package'>
      <failure>
        declared in
        http://opencaesar.io/examples/firesat/programs/earth-science/projects/firesat/bundle/individuals.
      </failure>
    </testcase>
    <testcase name='http://imce.jpl.nasa.gov/foundation/base#aggregates'>
      <failure>
        declared in
        http://opencaesar.io/examples/firesat/programs/earth-science/projects/firesat/bundle/individuals.
      </failure>
    </testcase>
    <testcase name='http://imce.jpl.nasa.gov/foundation/base#contains'>
      <failure>
        declared in
        http://opencaesar.io/examples/firesat/programs/earth-science/projects/firesat/bundle/individuals.
      </failure>
    </testcase>
    <testcase name='http://imce.jpl.nasa.gov/foundation/base#hasAggregatesSource'>
      <failure>
        declared in
        http://opencaesar.io/examples/firesat/programs/earth-science/projects/firesat/bundle/individuals.
      </failure>
    </testcase>
    <testcase name='http://imce.jpl.nasa.gov/foundation/base#hasAggregatesTarget'>
      <failure>
        declared in
        http://opencaesar.io/examples/firesat/programs/earth-science/projects/firesat/bundle/individuals.
      </failure>
    </testcase>
    <testcase name='http://imce.jpl.nasa.gov/foundation/base#hasAlternateName'>
      <failure>
        declared in
        http://opencaesar.io/examples/firesat/programs/earth-science/projects/firesat/bundle/individuals.
      </failure>
    </testcase>
    <testcase name='http://imce.jpl.nasa.gov/foundation/base#hasCanonicalName'>
      <failure>
        declared in
        http://opencaesar.io/examples/firesat/programs/earth-science/projects/firesat/bundle/individuals.
      </failure>
    </testcase>
    <testcase name='http://imce.jpl.nasa.gov/foundation/base#hasContainmentIndex'>
      <failure>
        declared in
        http://opencaesar.io/examples/firesat/programs/earth-science/projects/firesat/bundle/individuals.
      </failure>
    </testcase>
    <testcase name='http://imce.jpl.nasa.gov/foundation/base#hasContainsSource'>
      <failure>
        declared in
        http://opencaesar.io/examples/firesat/programs/earth-science/projects/firesat/bundle/individuals.
      </failure>
    </testcase>
    <testcase name='http://imce.jpl.nasa.gov/foundation/base#hasContainsTarget'>
      <failure>
        declared in
        http://opencaesar.io/examples/firesat/programs/earth-science/projects/firesat/bundle/individuals.
      </failure>
    </testcase>
    <testcase name='http://imce.jpl.nasa.gov/foundation/base#hasDescription'>
      <failure>
        declared in
        http://opencaesar.io/examples/firesat/programs/earth-science/projects/firesat/bundle/individuals.
      </failure>
    </testcase>
    <testcase name='http://imce.jpl.nasa.gov/foundation/base#hasIdentifier'>
      <failure>
        declared in
        http://opencaesar.io/examples/firesat/programs/earth-science/projects/firesat/bundle/individuals.
      </failure>
    </testcase>
    <testcase name='http://imce.jpl.nasa.gov/foundation/base#hasIndexEntry'>
      <failure>
        declared in
        http://opencaesar.io/examples/firesat/programs/earth-science/projects/firesat/bundle/individuals.
      </failure>
    </testcase>
    <testcase name='http://imce.jpl.nasa.gov/foundation/base#hasShortName'>
      <failure>
        declared in
        http://opencaesar.io/examples/firesat/programs/earth-science/projects/firesat/bundle/individuals.
      </failure>
    </testcase>
    <testcase name='http://imce.jpl.nasa.gov/foundation/base#hasSortKey'>
      <failure>
        declared in
        http://opencaesar.io/examples/firesat/programs/earth-science/projects/firesat/bundle/individuals.
      </failure>
    </testcase>
    <testcase name='http://imce.jpl.nasa.gov/foundation/base#hasUuid'>
      <failure>
        declared in
        http://opencaesar.io/examples/firesat/programs/earth-science/projects/firesat/bundle/individuals.
      </failure>
    </testcase>
    <testcase name='http://imce.jpl.nasa.gov/foundation/base#isAggregatedIn'>
      <failure>
        declared in
        http://opencaesar.io/examples/firesat/programs/earth-science/projects/firesat/bundle/individuals.
      </failure>
    </testcase>
    <testcase name='http://imce.jpl.nasa.gov/foundation/base#isContainedIn'>
      <failure>
        declared in
        http://opencaesar.io/examples/firesat/programs/earth-science/projects/firesat/bundle/individuals.
      </failure>
    </testcase>
    <testcase name='http://imce.jpl.nasa.gov/foundation/mission#Component'>
      <failure>
        declared in
        http://opencaesar.io/examples/firesat/programs/earth-science/projects/firesat/bundle/individuals.
      </failure>
    </testcase>
    <testcase name='http://imce.jpl.nasa.gov/foundation/mission#Deploys'>
      <failure>
        declared in
        http://opencaesar.io/examples/firesat/programs/earth-science/projects/firesat/bundle/individuals.
      </failure>
    </testcase>
    <testcase name='http://imce.jpl.nasa.gov/foundation/mission#Emits'>
      <failure>
        declared in
        http://opencaesar.io/examples/firesat/programs/earth-science/projects/firesat/bundle/individuals.
      </failure>
    </testcase>
    <testcase name='http://imce.jpl.nasa.gov/foundation/mission#Environment'>
      <failure>
        declared in
        http://opencaesar.io/examples/firesat/programs/earth-science/projects/firesat/bundle/individuals.
      </failure>
    </testcase>
    <testcase name='http://imce.jpl.nasa.gov/foundation/mission#Flow'>
      <failure>
        declared in
        http://opencaesar.io/examples/firesat/programs/earth-science/projects/firesat/bundle/individuals.
      </failure>
    </testcase>
    <testcase name='http://imce.jpl.nasa.gov/foundation/mission#Function'>
      <failure>
        declared in
        http://opencaesar.io/examples/firesat/programs/earth-science/projects/firesat/bundle/individuals.
      </failure>
    </testcase>
    <testcase name='http://imce.jpl.nasa.gov/foundation/mission#HasParticipant'>
      <failure>
        declared in
        http://opencaesar.io/examples/firesat/programs/earth-science/projects/firesat/bundle/individuals.
      </failure>
    </testcase>
    <testcase name='http://imce.jpl.nasa.gov/foundation/mission#Induces'>
      <failure>
        declared in
        http://opencaesar.io/examples/firesat/programs/earth-science/projects/firesat/bundle/individuals.
      </failure>
    </testcase>
    <testcase name='http://imce.jpl.nasa.gov/foundation/mission#Influences'>
      <failure>
        declared in
        http://opencaesar.io/examples/firesat/programs/earth-science/projects/firesat/bundle/individuals.
      </failure>
    </testcase>
    <testcase name='http://imce.jpl.nasa.gov/foundation/mission#Ingests'>
      <failure>
        declared in
        http://opencaesar.io/examples/firesat/programs/earth-science/projects/firesat/bundle/individuals.
      </failure>
    </testcase>
    <testcase name='http://imce.jpl.nasa.gov/foundation/mission#Interchange'>
      <failure>
        declared in
        http://opencaesar.io/examples/firesat/programs/earth-science/projects/firesat/bundle/individuals.
      </failure>
    </testcase>
    <testcase name='http://imce.jpl.nasa.gov/foundation/mission#InterchangePoint'>
      <failure>
        declared in
        http://opencaesar.io/examples/firesat/programs/earth-science/projects/firesat/bundle/individuals.
      </failure>
    </testcase>
    <testcase name='http://imce.jpl.nasa.gov/foundation/mission#InterchangesThrough'>
      <failure>
        declared in
        http://opencaesar.io/examples/firesat/programs/earth-science/projects/firesat/bundle/individuals.
      </failure>
    </testcase>
    <testcase name='http://imce.jpl.nasa.gov/foundation/mission#Interface'>
      <failure>
        declared in
        http://opencaesar.io/examples/firesat/programs/earth-science/projects/firesat/bundle/individuals.
      </failure>
    </testcase>
    <testcase name='http://imce.jpl.nasa.gov/foundation/mission#Invokes'>
      <failure>
        declared in
        http://opencaesar.io/examples/firesat/programs/earth-science/projects/firesat/bundle/individuals.
      </failure>
    </testcase>
    <testcase name='http://imce.jpl.nasa.gov/foundation/mission#Involves'>
      <failure>
        declared in
        http://opencaesar.io/examples/firesat/programs/earth-science/projects/firesat/bundle/individuals.
      </failure>
    </testcase>
    <testcase name='http://imce.jpl.nasa.gov/foundation/mission#Involves1'>
      <failure>
        declared in
        http://opencaesar.io/examples/firesat/programs/earth-science/projects/firesat/bundle/individuals.
      </failure>
    </testcase>
    <testcase name='http://imce.jpl.nasa.gov/foundation/mission#Involves2'>
      <failure>
        declared in
        http://opencaesar.io/examples/firesat/programs/earth-science/projects/firesat/bundle/individuals.
      </failure>
    </testcase>
    <testcase name='http://imce.jpl.nasa.gov/foundation/mission#IsTraversedBy'>
      <failure>
        declared in
        http://opencaesar.io/examples/firesat/programs/earth-science/projects/firesat/bundle/individuals.
      </failure>
    </testcase>
    <testcase name='http://imce.jpl.nasa.gov/foundation/mission#Item'>
      <failure>
        declared in
        http://opencaesar.io/examples/firesat/programs/earth-science/projects/firesat/bundle/individuals.
      </failure>
    </testcase>
    <testcase name='http://imce.jpl.nasa.gov/foundation/mission#Joins'>
      <failure>
        declared in
        http://opencaesar.io/examples/firesat/programs/earth-science/projects/firesat/bundle/individuals.
      </failure>
    </testcase>
    <testcase name='http://imce.jpl.nasa.gov/foundation/mission#Joins1'>
      <failure>
        declared in
        http://opencaesar.io/examples/firesat/programs/earth-science/projects/firesat/bundle/individuals.
      </failure>
    </testcase>
    <testcase name='http://imce.jpl.nasa.gov/foundation/mission#Joins2'>
      <failure>
        declared in
        http://opencaesar.io/examples/firesat/programs/earth-science/projects/firesat/bundle/individuals.
      </failure>
    </testcase>
    <testcase name='http://imce.jpl.nasa.gov/foundation/mission#Junction'>
      <failure>
        declared in
        http://opencaesar.io/examples/firesat/programs/earth-science/projects/firesat/bundle/individuals.
      </failure>
    </testcase>
    <testcase name='http://imce.jpl.nasa.gov/foundation/mission#MaterialItem'>
      <failure>
        declared in
        http://opencaesar.io/examples/firesat/programs/earth-science/projects/firesat/bundle/individuals.
      </failure>
    </testcase>
    <testcase name='http://imce.jpl.nasa.gov/foundation/mission#Message'>
      <failure>
        declared in
        http://opencaesar.io/examples/firesat/programs/earth-science/projects/firesat/bundle/individuals.
      </failure>
    </testcase>
    <testcase name='http://imce.jpl.nasa.gov/foundation/mission#Mission'>
      <failure>
        declared in
        http://opencaesar.io/examples/firesat/programs/earth-science/projects/firesat/bundle/individuals.
      </failure>
    </testcase>
    <testcase name='http://imce.jpl.nasa.gov/foundation/mission#Objective'>
      <failure>
        declared in
        http://opencaesar.io/examples/firesat/programs/earth-science/projects/firesat/bundle/individuals.
      </failure>
    </testcase>
    <testcase name='http://imce.jpl.nasa.gov/foundation/mission#PerformingElement'>
      <failure>
        declared in
        http://opencaesar.io/examples/firesat/programs/earth-science/projects/firesat/bundle/individuals.
      </failure>
    </testcase>
    <testcase name='http://imce.jpl.nasa.gov/foundation/mission#Performs'>
      <failure>
        declared in
        http://opencaesar.io/examples/firesat/programs/earth-science/projects/firesat/bundle/individuals.
      </failure>
    </testcase>
    <testcase name='http://imce.jpl.nasa.gov/foundation/mission#PresentingElement'>
      <failure>
        declared in
        http://opencaesar.io/examples/firesat/programs/earth-science/projects/firesat/bundle/individuals.
      </failure>
    </testcase>
    <testcase name='http://imce.jpl.nasa.gov/foundation/mission#Presents'>
      <failure>
        declared in
        http://opencaesar.io/examples/firesat/programs/earth-science/projects/firesat/bundle/individuals.
      </failure>
    </testcase>
    <testcase name='http://imce.jpl.nasa.gov/foundation/mission#Produces'>
      <failure>
        declared in
        http://opencaesar.io/examples/firesat/programs/earth-science/projects/firesat/bundle/individuals.
      </failure>
    </testcase>
    <testcase name='http://imce.jpl.nasa.gov/foundation/mission#Product'>
      <failure>
        declared in
        http://opencaesar.io/examples/firesat/programs/earth-science/projects/firesat/bundle/individuals.
      </failure>
    </testcase>
    <testcase name='http://imce.jpl.nasa.gov/foundation/mission#Pursues'>
      <failure>
        declared in
        http://opencaesar.io/examples/firesat/programs/earth-science/projects/firesat/bundle/individuals.
      </failure>
    </testcase>
    <testcase name='http://imce.jpl.nasa.gov/foundation/mission#Receives'>
      <failure>
        declared in
        http://opencaesar.io/examples/firesat/programs/earth-science/projects/firesat/bundle/individuals.
      </failure>
    </testcase>
    <testcase name='http://imce.jpl.nasa.gov/foundation/mission#Refines'>
      <failure>
        declared in
        http://opencaesar.io/examples/firesat/programs/earth-science/projects/firesat/bundle/individuals.
      </failure>
    </testcase>
    <testcase name='http://imce.jpl.nasa.gov/foundation/mission#Requirement'>
      <failure>
        declared in
        http://opencaesar.io/examples/firesat/programs/earth-science/projects/firesat/bundle/individuals.
      </failure>
    </testcase>
    <testcase name='http://imce.jpl.nasa.gov/foundation/mission#Sends'>
      <failure>
        declared in
        http://opencaesar.io/examples/firesat/programs/earth-science/projects/firesat/bundle/individuals.
      </failure>
    </testcase>
    <testcase name='http://imce.jpl.nasa.gov/foundation/mission#SpecifiedElement'>
      <failure>
        declared in
        http://opencaesar.io/examples/firesat/programs/earth-science/projects/firesat/bundle/individuals.
      </failure>
    </testcase>
    <testcase name='http://imce.jpl.nasa.gov/foundation/mission#Specifies'>
      <failure>
        declared in
        http://opencaesar.io/examples/firesat/programs/earth-science/projects/firesat/bundle/individuals.
      </failure>
    </testcase>
    <testcase name='http://imce.jpl.nasa.gov/foundation/mission#Transfers'>
      <failure>
        declared in
        http://opencaesar.io/examples/firesat/programs/earth-science/projects/firesat/bundle/individuals.
      </failure>
    </testcase>
    <testcase name='http://imce.jpl.nasa.gov/foundation/mission#TransfersIn'>
      <failure>
        declared in
        http://opencaesar.io/examples/firesat/programs/earth-science/projects/firesat/bundle/individuals.
      </failure>
    </testcase>
    <testcase name='http://imce.jpl.nasa.gov/foundation/mission#TransfersOut'>
      <failure>
        declared in
        http://opencaesar.io/examples/firesat/programs/earth-science/projects/firesat/bundle/individuals.
      </failure>
    </testcase>
    <testcase name='http://imce.jpl.nasa.gov/foundation/mission#TraversingElement'>
      <failure>
        declared in
        http://opencaesar.io/examples/firesat/programs/earth-science/projects/firesat/bundle/individuals.
      </failure>
    </testcase>
    <testcase name='http://imce.jpl.nasa.gov/foundation/mission#deploys'>
      <failure>
        declared in
        http://opencaesar.io/examples/firesat/programs/earth-science/projects/firesat/bundle/individuals.
      </failure>
    </testcase>
    <testcase name='http://imce.jpl.nasa.gov/foundation/mission#emits'>
      <failure>
        declared in
        http://opencaesar.io/examples/firesat/programs/earth-science/projects/firesat/bundle/individuals.
      </failure>
    </testcase>
    <testcase name='http://imce.jpl.nasa.gov/foundation/mission#hasDeploysSource'>
      <failure>
        declared in
        http://opencaesar.io/examples/firesat/programs/earth-science/projects/firesat/bundle/individuals.
      </failure>
    </testcase>
    <testcase name='http://imce.jpl.nasa.gov/foundation/mission#hasDeploysTarget'>
      <failure>
        declared in
        http://opencaesar.io/examples/firesat/programs/earth-science/projects/firesat/bundle/individuals.
      </failure>
    </testcase>
    <testcase name='http://imce.jpl.nasa.gov/foundation/mission#hasEmitsSource'>
      <failure>
        declared in
        http://opencaesar.io/examples/firesat/programs/earth-science/projects/firesat/bundle/individuals.
      </failure>
    </testcase>
    <testcase name='http://imce.jpl.nasa.gov/foundation/mission#hasEmitsTarget'>
      <failure>
        declared in
        http://opencaesar.io/examples/firesat/programs/earth-science/projects/firesat/bundle/individuals.
      </failure>
    </testcase>
    <testcase name='http://imce.jpl.nasa.gov/foundation/mission#hasHasParticipantSource'>
      <failure>
        declared in
        http://opencaesar.io/examples/firesat/programs/earth-science/projects/firesat/bundle/individuals.
      </failure>
    </testcase>
    <testcase name='http://imce.jpl.nasa.gov/foundation/mission#hasHasParticipantTarget'>
      <failure>
        declared in
        http://opencaesar.io/examples/firesat/programs/earth-science/projects/firesat/bundle/individuals.
      </failure>
    </testcase>
    <testcase name='http://imce.jpl.nasa.gov/foundation/mission#hasInducesSource'>
      <failure>
        declared in
        http://opencaesar.io/examples/firesat/programs/earth-science/projects/firesat/bundle/individuals.
      </failure>
    </testcase>
    <testcase name='http://imce.jpl.nasa.gov/foundation/mission#hasInducesTarget'>
      <failure>
        declared in
        http://opencaesar.io/examples/firesat/programs/earth-science/projects/firesat/bundle/individuals.
      </failure>
    </testcase>
    <testcase name='http://imce.jpl.nasa.gov/foundation/mission#hasInfluencesSource'>
      <failure>
        declared in
        http://opencaesar.io/examples/firesat/programs/earth-science/projects/firesat/bundle/individuals.
      </failure>
    </testcase>
    <testcase name='http://imce.jpl.nasa.gov/foundation/mission#hasInfluencesTarget'>
      <failure>
        declared in
        http://opencaesar.io/examples/firesat/programs/earth-science/projects/firesat/bundle/individuals.
      </failure>
    </testcase>
    <testcase name='http://imce.jpl.nasa.gov/foundation/mission#hasIngestsSource'>
      <failure>
        declared in
        http://opencaesar.io/examples/firesat/programs/earth-science/projects/firesat/bundle/individuals.
      </failure>
    </testcase>
    <testcase name='http://imce.jpl.nasa.gov/foundation/mission#hasIngestsTarget'>
      <failure>
        declared in
        http://opencaesar.io/examples/firesat/programs/earth-science/projects/firesat/bundle/individuals.
      </failure>
    </testcase>
    <testcase name='http://imce.jpl.nasa.gov/foundation/mission#hasInterchangesThroughSource'>
      <failure>
        declared in
        http://opencaesar.io/examples/firesat/programs/earth-science/projects/firesat/bundle/individuals.
      </failure>
    </testcase>
    <testcase name='http://imce.jpl.nasa.gov/foundation/mission#hasInterchangesThroughTarget'>
      <failure>
        declared in
        http://opencaesar.io/examples/firesat/programs/earth-science/projects/firesat/bundle/individuals.
      </failure>
    </testcase>
    <testcase name='http://imce.jpl.nasa.gov/foundation/mission#hasInvokesSource'>
      <failure>
        declared in
        http://opencaesar.io/examples/firesat/programs/earth-science/projects/firesat/bundle/individuals.
      </failure>
    </testcase>
    <testcase name='http://imce.jpl.nasa.gov/foundation/mission#hasInvokesTarget'>
      <failure>
        declared in
        http://opencaesar.io/examples/firesat/programs/earth-science/projects/firesat/bundle/individuals.
      </failure>
    </testcase>
    <testcase name='http://imce.jpl.nasa.gov/foundation/mission#hasInvolves1Source'>
      <failure>
        declared in
        http://opencaesar.io/examples/firesat/programs/earth-science/projects/firesat/bundle/individuals.
      </failure>
    </testcase>
    <testcase name='http://imce.jpl.nasa.gov/foundation/mission#hasInvolves1Target'>
      <failure>
        declared in
        http://opencaesar.io/examples/firesat/programs/earth-science/projects/firesat/bundle/individuals.
      </failure>
    </testcase>
    <testcase name='http://imce.jpl.nasa.gov/foundation/mission#hasInvolves2Source'>
      <failure>
        declared in
        http://opencaesar.io/examples/firesat/programs/earth-science/projects/firesat/bundle/individuals.
      </failure>
    </testcase>
    <testcase name='http://imce.jpl.nasa.gov/foundation/mission#hasInvolves2Target'>
      <failure>
        declared in
        http://opencaesar.io/examples/firesat/programs/earth-science/projects/firesat/bundle/individuals.
      </failure>
    </testcase>
    <testcase name='http://imce.jpl.nasa.gov/foundation/mission#hasInvolvesSource'>
      <failure>
        declared in
        http://opencaesar.io/examples/firesat/programs/earth-science/projects/firesat/bundle/individuals.
      </failure>
    </testcase>
    <testcase name='http://imce.jpl.nasa.gov/foundation/mission#hasInvolvesTarget'>
      <failure>
        declared in
        http://opencaesar.io/examples/firesat/programs/earth-science/projects/firesat/bundle/individuals.
      </failure>
    </testcase>
    <testcase name='http://imce.jpl.nasa.gov/foundation/mission#hasIsTraversedBySource'>
      <failure>
        declared in
        http://opencaesar.io/examples/firesat/programs/earth-science/projects/firesat/bundle/individuals.
      </failure>
    </testcase>
    <testcase name='http://imce.jpl.nasa.gov/foundation/mission#hasIsTraversedByTarget'>
      <failure>
        declared in
        http://opencaesar.io/examples/firesat/programs/earth-science/projects/firesat/bundle/individuals.
      </failure>
    </testcase>
    <testcase name='http://imce.jpl.nasa.gov/foundation/mission#hasJoins1Source'>
      <failure>
        declared in
        http://opencaesar.io/examples/firesat/programs/earth-science/projects/firesat/bundle/individuals.
      </failure>
    </testcase>
    <testcase name='http://imce.jpl.nasa.gov/foundation/mission#hasJoins1Target'>
      <failure>
        declared in
        http://opencaesar.io/examples/firesat/programs/earth-science/projects/firesat/bundle/individuals.
      </failure>
    </testcase>
    <testcase name='http://imce.jpl.nasa.gov/foundation/mission#hasJoins2Source'>
      <failure>
        declared in
        http://opencaesar.io/examples/firesat/programs/earth-science/projects/firesat/bundle/individuals.
      </failure>
    </testcase>
    <testcase name='http://imce.jpl.nasa.gov/foundation/mission#hasJoins2Target'>
      <failure>
        declared in
        http://opencaesar.io/examples/firesat/programs/earth-science/projects/firesat/bundle/individuals.
      </failure>
    </testcase>
    <testcase name='http://imce.jpl.nasa.gov/foundation/mission#hasJoinsSource'>
      <failure>
        declared in
        http://opencaesar.io/examples/firesat/programs/earth-science/projects/firesat/bundle/individuals.
      </failure>
    </testcase>
    <testcase name='http://imce.jpl.nasa.gov/foundation/mission#hasJoinsTarget'>
      <failure>
        declared in
        http://opencaesar.io/examples/firesat/programs/earth-science/projects/firesat/bundle/individuals.
      </failure>
    </testcase>
    <testcase name='http://imce.jpl.nasa.gov/foundation/mission#hasParticipant'>
      <failure>
        declared in
        http://opencaesar.io/examples/firesat/programs/earth-science/projects/firesat/bundle/individuals.
      </failure>
    </testcase>
    <testcase name='http://imce.jpl.nasa.gov/foundation/mission#hasPerformsSource'>
      <failure>
        declared in
        http://opencaesar.io/examples/firesat/programs/earth-science/projects/firesat/bundle/individuals.
      </failure>
    </testcase>
    <testcase name='http://imce.jpl.nasa.gov/foundation/mission#hasPerformsTarget'>
      <failure>
        declared in
        http://opencaesar.io/examples/firesat/programs/earth-science/projects/firesat/bundle/individuals.
      </failure>
    </testcase>
    <testcase name='http://imce.jpl.nasa.gov/foundation/mission#hasPresentsSource'>
      <failure>
        declared in
        http://opencaesar.io/examples/firesat/programs/earth-science/projects/firesat/bundle/individuals.
      </failure>
    </testcase>
    <testcase name='http://imce.jpl.nasa.gov/foundation/mission#hasPresentsTarget'>
      <failure>
        declared in
        http://opencaesar.io/examples/firesat/programs/earth-science/projects/firesat/bundle/individuals.
      </failure>
    </testcase>
    <testcase name='http://imce.jpl.nasa.gov/foundation/mission#hasProducesSource'>
      <failure>
        declared in
        http://opencaesar.io/examples/firesat/programs/earth-science/projects/firesat/bundle/individuals.
      </failure>
    </testcase>
    <testcase name='http://imce.jpl.nasa.gov/foundation/mission#hasProducesTarget'>
      <failure>
        declared in
        http://opencaesar.io/examples/firesat/programs/earth-science/projects/firesat/bundle/individuals.
      </failure>
    </testcase>
    <testcase name='http://imce.jpl.nasa.gov/foundation/mission#hasPursuesSource'>
      <failure>
        declared in
        http://opencaesar.io/examples/firesat/programs/earth-science/projects/firesat/bundle/individuals.
      </failure>
    </testcase>
    <testcase name='http://imce.jpl.nasa.gov/foundation/mission#hasPursuesTarget'>
      <failure>
        declared in
        http://opencaesar.io/examples/firesat/programs/earth-science/projects/firesat/bundle/individuals.
      </failure>
    </testcase>
    <testcase name='http://imce.jpl.nasa.gov/foundation/mission#hasRationale'>
      <failure>
        declared in
        http://opencaesar.io/examples/firesat/programs/earth-science/projects/firesat/bundle/individuals.
      </failure>
    </testcase>
    <testcase name='http://imce.jpl.nasa.gov/foundation/mission#hasReceivesSource'>
      <failure>
        declared in
        http://opencaesar.io/examples/firesat/programs/earth-science/projects/firesat/bundle/individuals.
      </failure>
    </testcase>
    <testcase name='http://imce.jpl.nasa.gov/foundation/mission#hasReceivesTarget'>
      <failure>
        declared in
        http://opencaesar.io/examples/firesat/programs/earth-science/projects/firesat/bundle/individuals.
      </failure>
    </testcase>
    <testcase name='http://imce.jpl.nasa.gov/foundation/mission#hasRefinesSource'>
      <failure>
        declared in
        http://opencaesar.io/examples/firesat/programs/earth-science/projects/firesat/bundle/individuals.
      </failure>
    </testcase>
    <testcase name='http://imce.jpl.nasa.gov/foundation/mission#hasRefinesTarget'>
      <failure>
        declared in
        http://opencaesar.io/examples/firesat/programs/earth-science/projects/firesat/bundle/individuals.
      </failure>
    </testcase>
    <testcase name='http://imce.jpl.nasa.gov/foundation/mission#hasSendsSource'>
      <failure>
        declared in
        http://opencaesar.io/examples/firesat/programs/earth-science/projects/firesat/bundle/individuals.
      </failure>
    </testcase>
    <testcase name='http://imce.jpl.nasa.gov/foundation/mission#hasSendsTarget'>
      <failure>
        declared in
        http://opencaesar.io/examples/firesat/programs/earth-science/projects/firesat/bundle/individuals.
      </failure>
    </testcase>
    <testcase name='http://imce.jpl.nasa.gov/foundation/mission#hasSpecifiesSource'>
      <failure>
        declared in
        http://opencaesar.io/examples/firesat/programs/earth-science/projects/firesat/bundle/individuals.
      </failure>
    </testcase>
    <testcase name='http://imce.jpl.nasa.gov/foundation/mission#hasSpecifiesTarget'>
      <failure>
        declared in
        http://opencaesar.io/examples/firesat/programs/earth-science/projects/firesat/bundle/individuals.
      </failure>
    </testcase>
    <testcase name='http://imce.jpl.nasa.gov/foundation/mission#hasTransfersInSource'>
      <failure>
        declared in
        http://opencaesar.io/examples/firesat/programs/earth-science/projects/firesat/bundle/individuals.
      </failure>
    </testcase>
    <testcase name='http://imce.jpl.nasa.gov/foundation/mission#hasTransfersInTarget'>
      <failure>
        declared in
        http://opencaesar.io/examples/firesat/programs/earth-science/projects/firesat/bundle/individuals.
      </failure>
    </testcase>
    <testcase name='http://imce.jpl.nasa.gov/foundation/mission#hasTransfersOutSource'>
      <failure>
        declared in
        http://opencaesar.io/examples/firesat/programs/earth-science/projects/firesat/bundle/individuals.
      </failure>
    </testcase>
    <testcase name='http://imce.jpl.nasa.gov/foundation/mission#hasTransfersOutTarget'>
      <failure>
        declared in
        http://opencaesar.io/examples/firesat/programs/earth-science/projects/firesat/bundle/individuals.
      </failure>
    </testcase>
    <testcase name='http://imce.jpl.nasa.gov/foundation/mission#hasTransfersSource'>
      <failure>
        declared in
        http://opencaesar.io/examples/firesat/programs/earth-science/projects/firesat/bundle/individuals.
      </failure>
    </testcase>
    <testcase name='http://imce.jpl.nasa.gov/foundation/mission#hasTransfersTarget'>
      <failure>
        declared in
        http://opencaesar.io/examples/firesat/programs/earth-science/projects/firesat/bundle/individuals.
      </failure>
    </testcase>
    <testcase name='http://imce.jpl.nasa.gov/foundation/mission#induces'>
      <failure>
        declared in
        http://opencaesar.io/examples/firesat/programs/earth-science/projects/firesat/bundle/individuals.
      </failure>
    </testcase>
    <testcase name='http://imce.jpl.nasa.gov/foundation/mission#influences'>
      <failure>
        declared in
        http://opencaesar.io/examples/firesat/programs/earth-science/projects/firesat/bundle/individuals.
      </failure>
    </testcase>
    <testcase name='http://imce.jpl.nasa.gov/foundation/mission#ingests'>
      <failure>
        declared in
        http://opencaesar.io/examples/firesat/programs/earth-science/projects/firesat/bundle/individuals.
      </failure>
    </testcase>
    <testcase name='http://imce.jpl.nasa.gov/foundation/mission#interchangesThrough'>
      <failure>
        declared in
        http://opencaesar.io/examples/firesat/programs/earth-science/projects/firesat/bundle/individuals.
      </failure>
    </testcase>
    <testcase name='http://imce.jpl.nasa.gov/foundation/mission#invokes'>
      <failure>
        declared in
        http://opencaesar.io/examples/firesat/programs/earth-science/projects/firesat/bundle/individuals.
      </failure>
    </testcase>
    <testcase name='http://imce.jpl.nasa.gov/foundation/mission#involves'>
      <failure>
        declared in
        http://opencaesar.io/examples/firesat/programs/earth-science/projects/firesat/bundle/individuals.
      </failure>
    </testcase>
    <testcase name='http://imce.jpl.nasa.gov/foundation/mission#involves1'>
      <failure>
        declared in
        http://opencaesar.io/examples/firesat/programs/earth-science/projects/firesat/bundle/individuals.
      </failure>
    </testcase>
    <testcase name='http://imce.jpl.nasa.gov/foundation/mission#involves2'>
      <failure>
        declared in
        http://opencaesar.io/examples/firesat/programs/earth-science/projects/firesat/bundle/individuals.
      </failure>
    </testcase>
    <testcase name='http://imce.jpl.nasa.gov/foundation/mission#isDeployedBy'>
      <failure>
        declared in
        http://opencaesar.io/examples/firesat/programs/earth-science/projects/firesat/bundle/individuals.
      </failure>
    </testcase>
    <testcase name='http://imce.jpl.nasa.gov/foundation/mission#isEmittedBy'>
      <failure>
        declared in
        http://opencaesar.io/examples/firesat/programs/earth-science/projects/firesat/bundle/individuals.
      </failure>
    </testcase>
    <testcase name='http://imce.jpl.nasa.gov/foundation/mission#isInducedBy'>
      <failure>
        declared in
        http://opencaesar.io/examples/firesat/programs/earth-science/projects/firesat/bundle/individuals.
      </failure>
    </testcase>
    <testcase name='http://imce.jpl.nasa.gov/foundation/mission#isInfluencedBy'>
      <failure>
        declared in
        http://opencaesar.io/examples/firesat/programs/earth-science/projects/firesat/bundle/individuals.
      </failure>
    </testcase>
    <testcase name='http://imce.jpl.nasa.gov/foundation/mission#isIngestedBy'>
      <failure>
        declared in
        http://opencaesar.io/examples/firesat/programs/earth-science/projects/firesat/bundle/individuals.
      </failure>
    </testcase>
    <testcase name='http://imce.jpl.nasa.gov/foundation/mission#isInterchangePointFor'>
      <failure>
        declared in
        http://opencaesar.io/examples/firesat/programs/earth-science/projects/firesat/bundle/individuals.
      </failure>
    </testcase>
    <testcase name='http://imce.jpl.nasa.gov/foundation/mission#isInvokedBy'>
      <failure>
        declared in
        http://opencaesar.io/examples/firesat/programs/earth-science/projects/firesat/bundle/individuals.
      </failure>
    </testcase>
    <testcase name='http://imce.jpl.nasa.gov/foundation/mission#isInvolvedIn'>
      <failure>
        declared in
        http://opencaesar.io/examples/firesat/programs/earth-science/projects/firesat/bundle/individuals.
      </failure>
    </testcase>
    <testcase name='http://imce.jpl.nasa.gov/foundation/mission#isInvolvedIn1'>
      <failure>
        declared in
        http://opencaesar.io/examples/firesat/programs/earth-science/projects/firesat/bundle/individuals.
      </failure>
    </testcase>
    <testcase name='http://imce.jpl.nasa.gov/foundation/mission#isInvolvedIn2'>
      <failure>
        declared in
        http://opencaesar.io/examples/firesat/programs/earth-science/projects/firesat/bundle/individuals.
      </failure>
    </testcase>
    <testcase name='http://imce.jpl.nasa.gov/foundation/mission#isJoinedIn'>
      <failure>
        declared in
        http://opencaesar.io/examples/firesat/programs/earth-science/projects/firesat/bundle/individuals.
      </failure>
    </testcase>
    <testcase name='http://imce.jpl.nasa.gov/foundation/mission#isJoinedIn1'>
      <failure>
        declared in
        http://opencaesar.io/examples/firesat/programs/earth-science/projects/firesat/bundle/individuals.
      </failure>
    </testcase>
    <testcase name='http://imce.jpl.nasa.gov/foundation/mission#isJoinedIn2'>
      <failure>
        declared in
        http://opencaesar.io/examples/firesat/programs/earth-science/projects/firesat/bundle/individuals.
      </failure>
    </testcase>
    <testcase name='http://imce.jpl.nasa.gov/foundation/mission#isPerformedBy'>
      <failure>
        declared in
        http://opencaesar.io/examples/firesat/programs/earth-science/projects/firesat/bundle/individuals.
      </failure>
    </testcase>
    <testcase name='http://imce.jpl.nasa.gov/foundation/mission#isPresentedBy'>
      <failure>
        declared in
        http://opencaesar.io/examples/firesat/programs/earth-science/projects/firesat/bundle/individuals.
      </failure>
    </testcase>
    <testcase name='http://imce.jpl.nasa.gov/foundation/mission#isProducedBy'>
      <failure>
        declared in
        http://opencaesar.io/examples/firesat/programs/earth-science/projects/firesat/bundle/individuals.
      </failure>
    </testcase>
    <testcase name='http://imce.jpl.nasa.gov/foundation/mission#isPursuedBy'>
      <failure>
        declared in
        http://opencaesar.io/examples/firesat/programs/earth-science/projects/firesat/bundle/individuals.
      </failure>
    </testcase>
    <testcase name='http://imce.jpl.nasa.gov/foundation/mission#isReceivedBy'>
      <failure>
        declared in
        http://opencaesar.io/examples/firesat/programs/earth-science/projects/firesat/bundle/individuals.
      </failure>
    </testcase>
    <testcase name='http://imce.jpl.nasa.gov/foundation/mission#isRefinedBy'>
      <failure>
        declared in
        http://opencaesar.io/examples/firesat/programs/earth-science/projects/firesat/bundle/individuals.
      </failure>
    </testcase>
    <testcase name='http://imce.jpl.nasa.gov/foundation/mission#isSentBy'>
      <failure>
        declared in
        http://opencaesar.io/examples/firesat/programs/earth-science/projects/firesat/bundle/individuals.
      </failure>
    </testcase>
    <testcase name='http://imce.jpl.nasa.gov/foundation/mission#isSpecifiedBy'>
      <failure>
        declared in
        http://opencaesar.io/examples/firesat/programs/earth-science/projects/firesat/bundle/individuals.
      </failure>
    </testcase>
    <testcase name='http://imce.jpl.nasa.gov/foundation/mission#isTraversedBy'>
      <failure>
        declared in
        http://opencaesar.io/examples/firesat/programs/earth-science/projects/firesat/bundle/individuals.
      </failure>
    </testcase>
    <testcase name='http://imce.jpl.nasa.gov/foundation/mission#joins'>
      <failure>
        declared in
        http://opencaesar.io/examples/firesat/programs/earth-science/projects/firesat/bundle/individuals.
      </failure>
    </testcase>
    <testcase name='http://imce.jpl.nasa.gov/foundation/mission#joins1'>
      <failure>
        declared in
        http://opencaesar.io/examples/firesat/programs/earth-science/projects/firesat/bundle/individuals.
      </failure>
    </testcase>
    <testcase name='http://imce.jpl.nasa.gov/foundation/mission#joins2'>
      <failure>
        declared in
        http://opencaesar.io/examples/firesat/programs/earth-science/projects/firesat/bundle/individuals.
      </failure>
    </testcase>
    <testcase name='http://imce.jpl.nasa.gov/foundation/mission#participatesIn'>
      <failure>
        declared in
        http://opencaesar.io/examples/firesat/programs/earth-science/projects/firesat/bundle/individuals.
      </failure>
    </testcase>
    <testcase name='http://imce.jpl.nasa.gov/foundation/mission#performs'>
      <failure>
        declared in
        http://opencaesar.io/examples/firesat/programs/earth-science/projects/firesat/bundle/individuals.
      </failure>
    </testcase>
    <testcase name='http://imce.jpl.nasa.gov/foundation/mission#presents'>
      <failure>
        declared in
        http://opencaesar.io/examples/firesat/programs/earth-science/projects/firesat/bundle/individuals.
      </failure>
    </testcase>
    <testcase name='http://imce.jpl.nasa.gov/foundation/mission#produces'>
      <failure>
        declared in
        http://opencaesar.io/examples/firesat/programs/earth-science/projects/firesat/bundle/individuals.
      </failure>
    </testcase>
    <testcase name='http://imce.jpl.nasa.gov/foundation/mission#pursues'>
      <failure>
        declared in
        http://opencaesar.io/examples/firesat/programs/earth-science/projects/firesat/bundle/individuals.
      </failure>
    </testcase>
    <testcase name='http://imce.jpl.nasa.gov/foundation/mission#receives'>
      <failure>
        declared in
        http://opencaesar.io/examples/firesat/programs/earth-science/projects/firesat/bundle/individuals.
      </failure>
    </testcase>
    <testcase name='http://imce.jpl.nasa.gov/foundation/mission#refines'>
      <failure>
        declared in
        http://opencaesar.io/examples/firesat/programs/earth-science/projects/firesat/bundle/individuals.
      </failure>
    </testcase>
    <testcase name='http://imce.jpl.nasa.gov/foundation/mission#sends'>
      <failure>
        declared in
        http://opencaesar.io/examples/firesat/programs/earth-science/projects/firesat/bundle/individuals.
      </failure>
    </testcase>
    <testcase name='http://imce.jpl.nasa.gov/foundation/mission#specifies'>
      <failure>
        declared in
        http://opencaesar.io/examples/firesat/programs/earth-science/projects/firesat/bundle/individuals.
      </failure>
    </testcase>
    <testcase name='http://imce.jpl.nasa.gov/foundation/mission#transfers'>
      <failure>
        declared in
        http://opencaesar.io/examples/firesat/programs/earth-science/projects/firesat/bundle/individuals.
      </failure>
    </testcase>
    <testcase name='http://imce.jpl.nasa.gov/foundation/mission#transfersIn'>
      <failure>
        declared in
        http://opencaesar.io/examples/firesat/programs/earth-science/projects/firesat/bundle/individuals.
      </failure>
    </testcase>
    <testcase name='http://imce.jpl.nasa.gov/foundation/mission#transfersOut'>
      <failure>
        declared in
        http://opencaesar.io/examples/firesat/programs/earth-science/projects/firesat/bundle/individuals.
      </failure>
    </testcase>
    <testcase name='http://imce.jpl.nasa.gov/foundation/mission#traverses'>
      <failure>
        declared in
        http://opencaesar.io/examples/firesat/programs/earth-science/projects/firesat/bundle/individuals.
      </failure>
    </testcase>
    <testcase name='http://imce.jpl.nasa.gov/foundation/project#Approves'>
      <failure>
        declared in
        http://opencaesar.io/examples/firesat/programs/earth-science/projects/firesat/bundle/individuals.
      </failure>
    </testcase>
    <testcase name='http://imce.jpl.nasa.gov/foundation/project#AssignedElement'>
      <failure>
        declared in
        http://opencaesar.io/examples/firesat/programs/earth-science/projects/firesat/bundle/individuals.
      </failure>
    </testcase>
    <testcase name='http://imce.jpl.nasa.gov/foundation/project#Authority'>
      <failure>
        declared in
        http://opencaesar.io/examples/firesat/programs/earth-science/projects/firesat/bundle/individuals.
      </failure>
    </testcase>
    <testcase name='http://imce.jpl.nasa.gov/foundation/project#Authorizes'>
      <failure>
        declared in
        http://opencaesar.io/examples/firesat/programs/earth-science/projects/firesat/bundle/individuals.
      </failure>
    </testcase>
    <testcase name='http://imce.jpl.nasa.gov/foundation/project#BelongsTo'>
      <failure>
        declared in
        http://opencaesar.io/examples/firesat/programs/earth-science/projects/firesat/bundle/individuals.
      </failure>
    </testcase>
    <testcase name='http://imce.jpl.nasa.gov/foundation/project#Binds'>
      <failure>
        declared in
        http://opencaesar.io/examples/firesat/programs/earth-science/projects/firesat/bundle/individuals.
      </failure>
    </testcase>
    <testcase name='http://imce.jpl.nasa.gov/foundation/project#Concern'>
      <failure>
        declared in
        http://opencaesar.io/examples/firesat/programs/earth-science/projects/firesat/bundle/individuals.
      </failure>
    </testcase>
    <testcase name='http://imce.jpl.nasa.gov/foundation/project#Concurs'>
      <failure>
        declared in
        http://opencaesar.io/examples/firesat/programs/earth-science/projects/firesat/bundle/individuals.
      </failure>
    </testcase>
    <testcase name='http://imce.jpl.nasa.gov/foundation/project#DelegatesTo'>
      <failure>
        declared in
        http://opencaesar.io/examples/firesat/programs/earth-science/projects/firesat/bundle/individuals.
      </failure>
    </testcase>
    <testcase name='http://imce.jpl.nasa.gov/foundation/project#Deliverable'>
      <failure>
        declared in
        http://opencaesar.io/examples/firesat/programs/earth-science/projects/firesat/bundle/individuals.
      </failure>
    </testcase>
    <testcase name='http://imce.jpl.nasa.gov/foundation/project#Delivers'>
      <failure>
        declared in
        http://opencaesar.io/examples/firesat/programs/earth-science/projects/firesat/bundle/individuals.
      </failure>
    </testcase>
    <testcase name='http://imce.jpl.nasa.gov/foundation/project#Describes'>
      <failure>
        declared in
        http://opencaesar.io/examples/firesat/programs/earth-science/projects/firesat/bundle/individuals.
      </failure>
    </testcase>
    <testcase name='http://imce.jpl.nasa.gov/foundation/project#DevelopedElement'>
      <failure>
        declared in
        http://opencaesar.io/examples/firesat/programs/earth-science/projects/firesat/bundle/individuals.
      </failure>
    </testcase>
    <testcase name='http://imce.jpl.nasa.gov/foundation/project#DevelopmentState'>
      <failure>
        declared in
        http://opencaesar.io/examples/firesat/programs/earth-science/projects/firesat/bundle/individuals.
      </failure>
    </testcase>
    <testcase name='http://imce.jpl.nasa.gov/foundation/project#Executes'>
      <failure>
        declared in
        http://opencaesar.io/examples/firesat/programs/earth-science/projects/firesat/bundle/individuals.
      </failure>
    </testcase>
    <testcase name='http://imce.jpl.nasa.gov/foundation/project#Facility'>
      <failure>
        declared in
        http://opencaesar.io/examples/firesat/programs/earth-science/projects/firesat/bundle/individuals.
      </failure>
    </testcase>
    <testcase name='http://imce.jpl.nasa.gov/foundation/project#HasAssignment'>
      <failure>
        declared in
        http://opencaesar.io/examples/firesat/programs/earth-science/projects/firesat/bundle/individuals.
      </failure>
    </testcase>
    <testcase name='http://imce.jpl.nasa.gov/foundation/project#HasParticipant'>
      <failure>
        declared in
        http://opencaesar.io/examples/firesat/programs/earth-science/projects/firesat/bundle/individuals.
      </failure>
    </testcase>
    <testcase name='http://imce.jpl.nasa.gov/foundation/project#HasResponsibilityFor'>
      <failure>
        declared in
        http://opencaesar.io/examples/firesat/programs/earth-science/projects/firesat/bundle/individuals.
      </failure>
    </testcase>
    <testcase name='http://imce.jpl.nasa.gov/foundation/project#HasRole'>
      <failure>
        declared in
        http://opencaesar.io/examples/firesat/programs/earth-science/projects/firesat/bundle/individuals.
      </failure>
    </testcase>
    <testcase name='http://imce.jpl.nasa.gov/foundation/project#Interchange'>
      <failure>
        declared in
        http://opencaesar.io/examples/firesat/programs/earth-science/projects/firesat/bundle/individuals.
      </failure>
    </testcase>
    <testcase name='http://imce.jpl.nasa.gov/foundation/project#InterchangePoint'>
      <failure>
        declared in
        http://opencaesar.io/examples/firesat/programs/earth-science/projects/firesat/bundle/individuals.
      </failure>
    </testcase>
    <testcase name='http://imce.jpl.nasa.gov/foundation/project#InterchangesThrough'>
      <failure>
        declared in
        http://opencaesar.io/examples/firesat/programs/earth-science/projects/firesat/bundle/individuals.
      </failure>
    </testcase>
    <testcase name='http://imce.jpl.nasa.gov/foundation/project#Invokes'>
      <failure>
        declared in
        http://opencaesar.io/examples/firesat/programs/earth-science/projects/firesat/bundle/individuals.
      </failure>
    </testcase>
    <testcase name='http://imce.jpl.nasa.gov/foundation/project#Involves'>
      <failure>
        declared in
        http://opencaesar.io/examples/firesat/programs/earth-science/projects/firesat/bundle/individuals.
      </failure>
    </testcase>
    <testcase name='http://imce.jpl.nasa.gov/foundation/project#Involves1'>
      <failure>
        declared in
        http://opencaesar.io/examples/firesat/programs/earth-science/projects/firesat/bundle/individuals.
      </failure>
    </testcase>
    <testcase name='http://imce.jpl.nasa.gov/foundation/project#Involves2'>
      <failure>
        declared in
        http://opencaesar.io/examples/firesat/programs/earth-science/projects/firesat/bundle/individuals.
      </failure>
    </testcase>
    <testcase name='http://imce.jpl.nasa.gov/foundation/project#Manifests'>
      <failure>
        declared in
        http://opencaesar.io/examples/firesat/programs/earth-science/projects/firesat/bundle/individuals.
      </failure>
    </testcase>
    <testcase name='http://imce.jpl.nasa.gov/foundation/project#Organization'>
      <failure>
        declared in
        http://opencaesar.io/examples/firesat/programs/earth-science/projects/firesat/bundle/individuals.
      </failure>
    </testcase>
    <testcase name='http://imce.jpl.nasa.gov/foundation/project#Person'>
      <failure>
        declared in
        http://opencaesar.io/examples/firesat/programs/earth-science/projects/firesat/bundle/individuals.
      </failure>
    </testcase>
    <testcase name='http://imce.jpl.nasa.gov/foundation/project#Policy'>
      <failure>
        declared in
        http://opencaesar.io/examples/firesat/programs/earth-science/projects/firesat/bundle/individuals.
      </failure>
    </testcase>
    <testcase name='http://imce.jpl.nasa.gov/foundation/project#Prepares'>
      <failure>
        declared in
        http://opencaesar.io/examples/firesat/programs/earth-science/projects/firesat/bundle/individuals.
      </failure>
    </testcase>
    <testcase name='http://imce.jpl.nasa.gov/foundation/project#Process'>
      <failure>
        declared in
        http://opencaesar.io/examples/firesat/programs/earth-science/projects/firesat/bundle/individuals.
      </failure>
    </testcase>
    <testcase name='http://imce.jpl.nasa.gov/foundation/project#Produces'>
      <failure>
        declared in
        http://opencaesar.io/examples/firesat/programs/earth-science/projects/firesat/bundle/individuals.
      </failure>
    </testcase>
    <testcase name='http://imce.jpl.nasa.gov/foundation/project#Product'>
      <failure>
        declared in
        http://opencaesar.io/examples/firesat/programs/earth-science/projects/firesat/bundle/individuals.
      </failure>
    </testcase>
    <testcase name='http://imce.jpl.nasa.gov/foundation/project#Program'>
      <failure>
        declared in
        http://opencaesar.io/examples/firesat/programs/earth-science/projects/firesat/bundle/individuals.
      </failure>
    </testcase>
    <testcase name='http://imce.jpl.nasa.gov/foundation/project#Project'>
      <failure>
        declared in
        http://opencaesar.io/examples/firesat/programs/earth-science/projects/firesat/bundle/individuals.
      </failure>
    </testcase>
    <testcase name='http://imce.jpl.nasa.gov/foundation/project#RealizedElement'>
      <failure>
        declared in
        http://opencaesar.io/examples/firesat/programs/earth-science/projects/firesat/bundle/individuals.
      </failure>
    </testcase>
    <testcase name='http://imce.jpl.nasa.gov/foundation/project#Realizes'>
      <failure>
        declared in
        http://opencaesar.io/examples/firesat/programs/earth-science/projects/firesat/bundle/individuals.
      </failure>
    </testcase>
    <testcase name='http://imce.jpl.nasa.gov/foundation/project#Receives'>
      <failure>
        declared in
        http://opencaesar.io/examples/firesat/programs/earth-science/projects/firesat/bundle/individuals.
      </failure>
    </testcase>
    <testcase name='http://imce.jpl.nasa.gov/foundation/project#ReliesOn'>
      <failure>
        declared in
        http://opencaesar.io/examples/firesat/programs/earth-science/projects/firesat/bundle/individuals.
      </failure>
    </testcase>
    <testcase name='http://imce.jpl.nasa.gov/foundation/project#Represents'>
      <failure>
        declared in
        http://opencaesar.io/examples/firesat/programs/earth-science/projects/firesat/bundle/individuals.
      </failure>
    </testcase>
    <testcase name='http://imce.jpl.nasa.gov/foundation/project#Role'>
      <failure>
        declared in
        http://opencaesar.io/examples/firesat/programs/earth-science/projects/firesat/bundle/individuals.
      </failure>
    </testcase>
    <testcase name='http://imce.jpl.nasa.gov/foundation/project#Stakeholder'>
      <failure>
        declared in
        http://opencaesar.io/examples/firesat/programs/earth-science/projects/firesat/bundle/individuals.
      </failure>
    </testcase>
    <testcase name='http://imce.jpl.nasa.gov/foundation/project#SuppliedElement'>
      <failure>
        declared in
        http://opencaesar.io/examples/firesat/programs/earth-science/projects/firesat/bundle/individuals.
      </failure>
    </testcase>
    <testcase name='http://imce.jpl.nasa.gov/foundation/project#Supplies'>
      <failure>
        declared in
        http://opencaesar.io/examples/firesat/programs/earth-science/projects/firesat/bundle/individuals.
      </failure>
    </testcase>
    <testcase name='http://imce.jpl.nasa.gov/foundation/project#WorkPackage'>
      <failure>
        declared in
        http://opencaesar.io/examples/firesat/programs/earth-science/projects/firesat/bundle/individuals.
      </failure>
    </testcase>
    <testcase name='http://imce.jpl.nasa.gov/foundation/project#approves'>
      <failure>
        declared in
        http://opencaesar.io/examples/firesat/programs/earth-science/projects/firesat/bundle/individuals.
      </failure>
    </testcase>
    <testcase name='http://imce.jpl.nasa.gov/foundation/project#authorizes'>
      <failure>
        declared in
        http://opencaesar.io/examples/firesat/programs/earth-science/projects/firesat/bundle/individuals.
      </failure>
    </testcase>
    <testcase name='http://imce.jpl.nasa.gov/foundation/project#belongsTo'>
      <failure>
        declared in
        http://opencaesar.io/examples/firesat/programs/earth-science/projects/firesat/bundle/individuals.
      </failure>
    </testcase>
    <testcase name='http://imce.jpl.nasa.gov/foundation/project#binds'>
      <failure>
        declared in
        http://opencaesar.io/examples/firesat/programs/earth-science/projects/firesat/bundle/individuals.
      </failure>
    </testcase>
    <testcase name='http://imce.jpl.nasa.gov/foundation/project#concurs'>
      <failure>
        declared in
        http://opencaesar.io/examples/firesat/programs/earth-science/projects/firesat/bundle/individuals.
      </failure>
    </testcase>
    <testcase name='http://imce.jpl.nasa.gov/foundation/project#delegatesTo'>
      <failure>
        declared in
        http://opencaesar.io/examples/firesat/programs/earth-science/projects/firesat/bundle/individuals.
      </failure>
    </testcase>
    <testcase name='http://imce.jpl.nasa.gov/foundation/project#delivers'>
      <failure>
        declared in
        http://opencaesar.io/examples/firesat/programs/earth-science/projects/firesat/bundle/individuals.
      </failure>
    </testcase>
    <testcase name='http://imce.jpl.nasa.gov/foundation/project#describes'>
      <failure>
        declared in
        http://opencaesar.io/examples/firesat/programs/earth-science/projects/firesat/bundle/individuals.
      </failure>
    </testcase>
    <testcase name='http://imce.jpl.nasa.gov/foundation/project#executes'>
      <failure>
        declared in
        http://opencaesar.io/examples/firesat/programs/earth-science/projects/firesat/bundle/individuals.
      </failure>
    </testcase>
    <testcase name='http://imce.jpl.nasa.gov/foundation/project#hasApprovesSource'>
      <failure>
        declared in
        http://opencaesar.io/examples/firesat/programs/earth-science/projects/firesat/bundle/individuals.
      </failure>
    </testcase>
    <testcase name='http://imce.jpl.nasa.gov/foundation/project#hasApprovesTarget'>
      <failure>
        declared in
        http://opencaesar.io/examples/firesat/programs/earth-science/projects/firesat/bundle/individuals.
      </failure>
    </testcase>
    <testcase name='http://imce.jpl.nasa.gov/foundation/project#hasAssignment'>
      <failure>
        declared in
        http://opencaesar.io/examples/firesat/programs/earth-science/projects/firesat/bundle/individuals.
      </failure>
    </testcase>
    <testcase name='http://imce.jpl.nasa.gov/foundation/project#hasAuthorizesSource'>
      <failure>
        declared in
        http://opencaesar.io/examples/firesat/programs/earth-science/projects/firesat/bundle/individuals.
      </failure>
    </testcase>
    <testcase name='http://imce.jpl.nasa.gov/foundation/project#hasAuthorizesTarget'>
      <failure>
        declared in
        http://opencaesar.io/examples/firesat/programs/earth-science/projects/firesat/bundle/individuals.
      </failure>
    </testcase>
    <testcase name='http://imce.jpl.nasa.gov/foundation/project#hasBelongsToSource'>
      <failure>
        declared in
        http://opencaesar.io/examples/firesat/programs/earth-science/projects/firesat/bundle/individuals.
      </failure>
    </testcase>
    <testcase name='http://imce.jpl.nasa.gov/foundation/project#hasBelongsToTarget'>
      <failure>
        declared in
        http://opencaesar.io/examples/firesat/programs/earth-science/projects/firesat/bundle/individuals.
      </failure>
    </testcase>
    <testcase name='http://imce.jpl.nasa.gov/foundation/project#hasBindsSource'>
      <failure>
        declared in
        http://opencaesar.io/examples/firesat/programs/earth-science/projects/firesat/bundle/individuals.
      </failure>
    </testcase>
    <testcase name='http://imce.jpl.nasa.gov/foundation/project#hasBindsTarget'>
      <failure>
        declared in
        http://opencaesar.io/examples/firesat/programs/earth-science/projects/firesat/bundle/individuals.
      </failure>
    </testcase>
    <testcase name='http://imce.jpl.nasa.gov/foundation/project#hasConcursSource'>
      <failure>
        declared in
        http://opencaesar.io/examples/firesat/programs/earth-science/projects/firesat/bundle/individuals.
      </failure>
    </testcase>
    <testcase name='http://imce.jpl.nasa.gov/foundation/project#hasConcursTarget'>
      <failure>
        declared in
        http://opencaesar.io/examples/firesat/programs/earth-science/projects/firesat/bundle/individuals.
      </failure>
    </testcase>
    <testcase name='http://imce.jpl.nasa.gov/foundation/project#hasDelegatesToSource'>
      <failure>
        declared in
        http://opencaesar.io/examples/firesat/programs/earth-science/projects/firesat/bundle/individuals.
      </failure>
    </testcase>
    <testcase name='http://imce.jpl.nasa.gov/foundation/project#hasDelegatesToTarget'>
      <failure>
        declared in
        http://opencaesar.io/examples/firesat/programs/earth-science/projects/firesat/bundle/individuals.
      </failure>
    </testcase>
    <testcase name='http://imce.jpl.nasa.gov/foundation/project#hasDeliversSource'>
      <failure>
        declared in
        http://opencaesar.io/examples/firesat/programs/earth-science/projects/firesat/bundle/individuals.
      </failure>
    </testcase>
    <testcase name='http://imce.jpl.nasa.gov/foundation/project#hasDeliversTarget'>
      <failure>
        declared in
        http://opencaesar.io/examples/firesat/programs/earth-science/projects/firesat/bundle/individuals.
      </failure>
    </testcase>
    <testcase name='http://imce.jpl.nasa.gov/foundation/project#hasDescribesSource'>
      <failure>
        declared in
        http://opencaesar.io/examples/firesat/programs/earth-science/projects/firesat/bundle/individuals.
      </failure>
    </testcase>
    <testcase name='http://imce.jpl.nasa.gov/foundation/project#hasDescribesTarget'>
      <failure>
        declared in
        http://opencaesar.io/examples/firesat/programs/earth-science/projects/firesat/bundle/individuals.
      </failure>
    </testcase>
    <testcase name='http://imce.jpl.nasa.gov/foundation/project#hasExecutesSource'>
      <failure>
        declared in
        http://opencaesar.io/examples/firesat/programs/earth-science/projects/firesat/bundle/individuals.
      </failure>
    </testcase>
    <testcase name='http://imce.jpl.nasa.gov/foundation/project#hasExecutesTarget'>
      <failure>
        declared in
        http://opencaesar.io/examples/firesat/programs/earth-science/projects/firesat/bundle/individuals.
      </failure>
    </testcase>
    <testcase name='http://imce.jpl.nasa.gov/foundation/project#hasHasAssignmentSource'>
      <failure>
        declared in
        http://opencaesar.io/examples/firesat/programs/earth-science/projects/firesat/bundle/individuals.
      </failure>
    </testcase>
    <testcase name='http://imce.jpl.nasa.gov/foundation/project#hasHasAssignmentTarget'>
      <failure>
        declared in
        http://opencaesar.io/examples/firesat/programs/earth-science/projects/firesat/bundle/individuals.
      </failure>
    </testcase>
    <testcase name='http://imce.jpl.nasa.gov/foundation/project#hasHasParticipantSource'>
      <failure>
        declared in
        http://opencaesar.io/examples/firesat/programs/earth-science/projects/firesat/bundle/individuals.
      </failure>
    </testcase>
    <testcase name='http://imce.jpl.nasa.gov/foundation/project#hasHasParticipantTarget'>
      <failure>
        declared in
        http://opencaesar.io/examples/firesat/programs/earth-science/projects/firesat/bundle/individuals.
      </failure>
    </testcase>
    <testcase name='http://imce.jpl.nasa.gov/foundation/project#hasHasResponsibilityForSource'>
      <failure>
        declared in
        http://opencaesar.io/examples/firesat/programs/earth-science/projects/firesat/bundle/individuals.
      </failure>
    </testcase>
    <testcase name='http://imce.jpl.nasa.gov/foundation/project#hasHasResponsibilityForTarget'>
      <failure>
        declared in
        http://opencaesar.io/examples/firesat/programs/earth-science/projects/firesat/bundle/individuals.
      </failure>
    </testcase>
    <testcase name='http://imce.jpl.nasa.gov/foundation/project#hasHasRoleSource'>
      <failure>
        declared in
        http://opencaesar.io/examples/firesat/programs/earth-science/projects/firesat/bundle/individuals.
      </failure>
    </testcase>
    <testcase name='http://imce.jpl.nasa.gov/foundation/project#hasHasRoleTarget'>
      <failure>
        declared in
        http://opencaesar.io/examples/firesat/programs/earth-science/projects/firesat/bundle/individuals.
      </failure>
    </testcase>
    <testcase name='http://imce.jpl.nasa.gov/foundation/project#hasInterchangesThroughSource'>
      <failure>
        declared in
        http://opencaesar.io/examples/firesat/programs/earth-science/projects/firesat/bundle/individuals.
      </failure>
    </testcase>
    <testcase name='http://imce.jpl.nasa.gov/foundation/project#hasInterchangesThroughTarget'>
      <failure>
        declared in
        http://opencaesar.io/examples/firesat/programs/earth-science/projects/firesat/bundle/individuals.
      </failure>
    </testcase>
    <testcase name='http://imce.jpl.nasa.gov/foundation/project#hasInvokesSource'>
      <failure>
        declared in
        http://opencaesar.io/examples/firesat/programs/earth-science/projects/firesat/bundle/individuals.
      </failure>
    </testcase>
    <testcase name='http://imce.jpl.nasa.gov/foundation/project#hasInvokesTarget'>
      <failure>
        declared in
        http://opencaesar.io/examples/firesat/programs/earth-science/projects/firesat/bundle/individuals.
      </failure>
    </testcase>
    <testcase name='http://imce.jpl.nasa.gov/foundation/project#hasInvolves1Source'>
      <failure>
        declared in
        http://opencaesar.io/examples/firesat/programs/earth-science/projects/firesat/bundle/individuals.
      </failure>
    </testcase>
    <testcase name='http://imce.jpl.nasa.gov/foundation/project#hasInvolves1Target'>
      <failure>
        declared in
        http://opencaesar.io/examples/firesat/programs/earth-science/projects/firesat/bundle/individuals.
      </failure>
    </testcase>
    <testcase name='http://imce.jpl.nasa.gov/foundation/project#hasInvolves2Source'>
      <failure>
        declared in
        http://opencaesar.io/examples/firesat/programs/earth-science/projects/firesat/bundle/individuals.
      </failure>
    </testcase>
    <testcase name='http://imce.jpl.nasa.gov/foundation/project#hasInvolves2Target'>
      <failure>
        declared in
        http://opencaesar.io/examples/firesat/programs/earth-science/projects/firesat/bundle/individuals.
      </failure>
    </testcase>
    <testcase name='http://imce.jpl.nasa.gov/foundation/project#hasInvolvesSource'>
      <failure>
        declared in
        http://opencaesar.io/examples/firesat/programs/earth-science/projects/firesat/bundle/individuals.
      </failure>
    </testcase>
    <testcase name='http://imce.jpl.nasa.gov/foundation/project#hasInvolvesTarget'>
      <failure>
        declared in
        http://opencaesar.io/examples/firesat/programs/earth-science/projects/firesat/bundle/individuals.
      </failure>
    </testcase>
    <testcase name='http://imce.jpl.nasa.gov/foundation/project#hasManifestsSource'>
      <failure>
        declared in
        http://opencaesar.io/examples/firesat/programs/earth-science/projects/firesat/bundle/individuals.
      </failure>
    </testcase>
    <testcase name='http://imce.jpl.nasa.gov/foundation/project#hasManifestsTarget'>
      <failure>
        declared in
        http://opencaesar.io/examples/firesat/programs/earth-science/projects/firesat/bundle/individuals.
      </failure>
    </testcase>
    <testcase name='http://imce.jpl.nasa.gov/foundation/project#hasParticipant'>
      <failure>
        declared in
        http://opencaesar.io/examples/firesat/programs/earth-science/projects/firesat/bundle/individuals.
      </failure>
    </testcase>
    <testcase name='http://imce.jpl.nasa.gov/foundation/project#hasPreparesSource'>
      <failure>
        declared in
        http://opencaesar.io/examples/firesat/programs/earth-science/projects/firesat/bundle/individuals.
      </failure>
    </testcase>
    <testcase name='http://imce.jpl.nasa.gov/foundation/project#hasPreparesTarget'>
      <failure>
        declared in
        http://opencaesar.io/examples/firesat/programs/earth-science/projects/firesat/bundle/individuals.
      </failure>
    </testcase>
    <testcase name='http://imce.jpl.nasa.gov/foundation/project#hasProducesSource'>
      <failure>
        declared in
        http://opencaesar.io/examples/firesat/programs/earth-science/projects/firesat/bundle/individuals.
      </failure>
    </testcase>
    <testcase name='http://imce.jpl.nasa.gov/foundation/project#hasProducesTarget'>
      <failure>
        declared in
        http://opencaesar.io/examples/firesat/programs/earth-science/projects/firesat/bundle/individuals.
      </failure>
    </testcase>
    <testcase name='http://imce.jpl.nasa.gov/foundation/project#hasRealizesSource'>
      <failure>
        declared in
        http://opencaesar.io/examples/firesat/programs/earth-science/projects/firesat/bundle/individuals.
      </failure>
    </testcase>
    <testcase name='http://imce.jpl.nasa.gov/foundation/project#hasRealizesTarget'>
      <failure>
        declared in
        http://opencaesar.io/examples/firesat/programs/earth-science/projects/firesat/bundle/individuals.
      </failure>
    </testcase>
    <testcase name='http://imce.jpl.nasa.gov/foundation/project#hasReceivesSource'>
      <failure>
        declared in
        http://opencaesar.io/examples/firesat/programs/earth-science/projects/firesat/bundle/individuals.
      </failure>
    </testcase>
    <testcase name='http://imce.jpl.nasa.gov/foundation/project#hasReceivesTarget'>
      <failure>
        declared in
        http://opencaesar.io/examples/firesat/programs/earth-science/projects/firesat/bundle/individuals.
      </failure>
    </testcase>
    <testcase name='http://imce.jpl.nasa.gov/foundation/project#hasReliesOnSource'>
      <failure>
        declared in
        http://opencaesar.io/examples/firesat/programs/earth-science/projects/firesat/bundle/individuals.
      </failure>
    </testcase>
    <testcase name='http://imce.jpl.nasa.gov/foundation/project#hasReliesOnTarget'>
      <failure>
        declared in
        http://opencaesar.io/examples/firesat/programs/earth-science/projects/firesat/bundle/individuals.
      </failure>
    </testcase>
    <testcase name='http://imce.jpl.nasa.gov/foundation/project#hasRepresentsSource'>
      <failure>
        declared in
        http://opencaesar.io/examples/firesat/programs/earth-science/projects/firesat/bundle/individuals.
      </failure>
    </testcase>
    <testcase name='http://imce.jpl.nasa.gov/foundation/project#hasRepresentsTarget'>
      <failure>
        declared in
        http://opencaesar.io/examples/firesat/programs/earth-science/projects/firesat/bundle/individuals.
      </failure>
    </testcase>
    <testcase name='http://imce.jpl.nasa.gov/foundation/project#hasResponsibilityFor'>
      <failure>
        declared in
        http://opencaesar.io/examples/firesat/programs/earth-science/projects/firesat/bundle/individuals.
      </failure>
    </testcase>
    <testcase name='http://imce.jpl.nasa.gov/foundation/project#hasRole'>
      <failure>
        declared in
        http://opencaesar.io/examples/firesat/programs/earth-science/projects/firesat/bundle/individuals.
      </failure>
    </testcase>
    <testcase name='http://imce.jpl.nasa.gov/foundation/project#hasSuppliesSource'>
      <failure>
        declared in
        http://opencaesar.io/examples/firesat/programs/earth-science/projects/firesat/bundle/individuals.
      </failure>
    </testcase>
    <testcase name='http://imce.jpl.nasa.gov/foundation/project#hasSuppliesTarget'>
      <failure>
        declared in
        http://opencaesar.io/examples/firesat/programs/earth-science/projects/firesat/bundle/individuals.
      </failure>
    </testcase>
    <testcase name='http://imce.jpl.nasa.gov/foundation/project#interchangesThrough'>
      <failure>
        declared in
        http://opencaesar.io/examples/firesat/programs/earth-science/projects/firesat/bundle/individuals.
      </failure>
    </testcase>
    <testcase name='http://imce.jpl.nasa.gov/foundation/project#invokes'>
      <failure>
        declared in
        http://opencaesar.io/examples/firesat/programs/earth-science/projects/firesat/bundle/individuals.
      </failure>
    </testcase>
    <testcase name='http://imce.jpl.nasa.gov/foundation/project#involves'>
      <failure>
        declared in
        http://opencaesar.io/examples/firesat/programs/earth-science/projects/firesat/bundle/individuals.
      </failure>
    </testcase>
    <testcase name='http://imce.jpl.nasa.gov/foundation/project#involves1'>
      <failure>
        declared in
        http://opencaesar.io/examples/firesat/programs/earth-science/projects/firesat/bundle/individuals.
      </failure>
    </testcase>
    <testcase name='http://imce.jpl.nasa.gov/foundation/project#involves2'>
      <failure>
        declared in
        http://opencaesar.io/examples/firesat/programs/earth-science/projects/firesat/bundle/individuals.
      </failure>
    </testcase>
    <testcase name='http://imce.jpl.nasa.gov/foundation/project#isApprovedBy'>
      <failure>
        declared in
        http://opencaesar.io/examples/firesat/programs/earth-science/projects/firesat/bundle/individuals.
      </failure>
    </testcase>
    <testcase name='http://imce.jpl.nasa.gov/foundation/project#isAssignedTo'>
      <failure>
        declared in
        http://opencaesar.io/examples/firesat/programs/earth-science/projects/firesat/bundle/individuals.
      </failure>
    </testcase>
    <testcase name='http://imce.jpl.nasa.gov/foundation/project#isBoundBy'>
      <failure>
        declared in
        http://opencaesar.io/examples/firesat/programs/earth-science/projects/firesat/bundle/individuals.
      </failure>
    </testcase>
    <testcase name='http://imce.jpl.nasa.gov/foundation/project#isConcurredBy'>
      <failure>
        declared in
        http://opencaesar.io/examples/firesat/programs/earth-science/projects/firesat/bundle/individuals.
      </failure>
    </testcase>
    <testcase name='http://imce.jpl.nasa.gov/foundation/project#isDelegateOf'>
      <failure>
        declared in
        http://opencaesar.io/examples/firesat/programs/earth-science/projects/firesat/bundle/individuals.
      </failure>
    </testcase>
    <testcase name='http://imce.jpl.nasa.gov/foundation/project#isDeliveredBy'>
      <failure>
        declared in
        http://opencaesar.io/examples/firesat/programs/earth-science/projects/firesat/bundle/individuals.
      </failure>
    </testcase>
    <testcase name='http://imce.jpl.nasa.gov/foundation/project#isDescribedBy'>
      <failure>
        declared in
        http://opencaesar.io/examples/firesat/programs/earth-science/projects/firesat/bundle/individuals.
      </failure>
    </testcase>
    <testcase name='http://imce.jpl.nasa.gov/foundation/project#isExecutedBy'>
      <failure>
        declared in
        http://opencaesar.io/examples/firesat/programs/earth-science/projects/firesat/bundle/individuals.
      </failure>
    </testcase>
    <testcase name='http://imce.jpl.nasa.gov/foundation/project#isInterchangePointFor'>
      <failure>
        declared in
        http://opencaesar.io/examples/firesat/programs/earth-science/projects/firesat/bundle/individuals.
      </failure>
    </testcase>
    <testcase name='http://imce.jpl.nasa.gov/foundation/project#isInvokedBy'>
      <failure>
        declared in
        http://opencaesar.io/examples/firesat/programs/earth-science/projects/firesat/bundle/individuals.
      </failure>
    </testcase>
    <testcase name='http://imce.jpl.nasa.gov/foundation/project#isInvolvedIn'>
      <failure>
        declared in
        http://opencaesar.io/examples/firesat/programs/earth-science/projects/firesat/bundle/individuals.
      </failure>
    </testcase>
    <testcase name='http://imce.jpl.nasa.gov/foundation/project#isInvolvedIn1'>
      <failure>
        declared in
        http://opencaesar.io/examples/firesat/programs/earth-science/projects/firesat/bundle/individuals.
      </failure>
    </testcase>
    <testcase name='http://imce.jpl.nasa.gov/foundation/project#isInvolvedIn2'>
      <failure>
        declared in
        http://opencaesar.io/examples/firesat/programs/earth-science/projects/firesat/bundle/individuals.
      </failure>
    </testcase>
    <testcase name='http://imce.jpl.nasa.gov/foundation/project#isManfestedBy'>
      <failure>
        declared in
        http://opencaesar.io/examples/firesat/programs/earth-science/projects/firesat/bundle/individuals.
      </failure>
    </testcase>
    <testcase name='http://imce.jpl.nasa.gov/foundation/project#isPreparedBy'>
      <failure>
        declared in
        http://opencaesar.io/examples/firesat/programs/earth-science/projects/firesat/bundle/individuals.
      </failure>
    </testcase>
    <testcase name='http://imce.jpl.nasa.gov/foundation/project#isProducedBy'>
      <failure>
        declared in
        http://opencaesar.io/examples/firesat/programs/earth-science/projects/firesat/bundle/individuals.
      </failure>
    </testcase>
    <testcase name='http://imce.jpl.nasa.gov/foundation/project#isRealizedBy'>
      <failure>
        declared in
        http://opencaesar.io/examples/firesat/programs/earth-science/projects/firesat/bundle/individuals.
      </failure>
    </testcase>
    <testcase name='http://imce.jpl.nasa.gov/foundation/project#isReceivedBy'>
      <failure>
        declared in
        http://opencaesar.io/examples/firesat/programs/earth-science/projects/firesat/bundle/individuals.
      </failure>
    </testcase>
    <testcase name='http://imce.jpl.nasa.gov/foundation/project#isReliedOnBy'>
      <failure>
        declared in
        http://opencaesar.io/examples/firesat/programs/earth-science/projects/firesat/bundle/individuals.
      </failure>
    </testcase>
    <testcase name='http://imce.jpl.nasa.gov/foundation/project#isRepresentedBy'>
      <failure>
        declared in
        http://opencaesar.io/examples/firesat/programs/earth-science/projects/firesat/bundle/individuals.
      </failure>
    </testcase>
    <testcase name='http://imce.jpl.nasa.gov/foundation/project#isRequiredNotLaterThan'>
      <failure>
        declared in
        http://opencaesar.io/examples/firesat/programs/earth-science/projects/firesat/bundle/individuals.
      </failure>
    </testcase>
    <testcase name='http://imce.jpl.nasa.gov/foundation/project#isResponsibilityOf'>
      <failure>
        declared in
        http://opencaesar.io/examples/firesat/programs/earth-science/projects/firesat/bundle/individuals.
      </failure>
    </testcase>
    <testcase name='http://imce.jpl.nasa.gov/foundation/project#isRoleOf'>
      <failure>
        declared in
        http://opencaesar.io/examples/firesat/programs/earth-science/projects/firesat/bundle/individuals.
      </failure>
    </testcase>
    <testcase name='http://imce.jpl.nasa.gov/foundation/project#isSuppliedBy'>
      <failure>
        declared in
        http://opencaesar.io/examples/firesat/programs/earth-science/projects/firesat/bundle/individuals.
      </failure>
    </testcase>
    <testcase name='http://imce.jpl.nasa.gov/foundation/project#manifests'>
      <failure>
        declared in
        http://opencaesar.io/examples/firesat/programs/earth-science/projects/firesat/bundle/individuals.
      </failure>
    </testcase>
    <testcase name='http://imce.jpl.nasa.gov/foundation/project#participatesIn'>
      <failure>
        declared in
        http://opencaesar.io/examples/firesat/programs/earth-science/projects/firesat/bundle/individuals.
      </failure>
    </testcase>
    <testcase name='http://imce.jpl.nasa.gov/foundation/project#prepares'>
      <failure>
        declared in
        http://opencaesar.io/examples/firesat/programs/earth-science/projects/firesat/bundle/individuals.
      </failure>
    </testcase>
    <testcase name='http://imce.jpl.nasa.gov/foundation/project#produces'>
      <failure>
        declared in
        http://opencaesar.io/examples/firesat/programs/earth-science/projects/firesat/bundle/individuals.
      </failure>
    </testcase>
    <testcase name='http://imce.jpl.nasa.gov/foundation/project#realizes'>
      <failure>
        declared in
        http://opencaesar.io/examples/firesat/programs/earth-science/projects/firesat/bundle/individuals.
      </failure>
    </testcase>
    <testcase name='http://imce.jpl.nasa.gov/foundation/project#receives'>
      <failure>
        declared in
        http://opencaesar.io/examples/firesat/programs/earth-science/projects/firesat/bundle/individuals.
      </failure>
    </testcase>
    <testcase name='http://imce.jpl.nasa.gov/foundation/project#reliesOn'>
      <failure>
        declared in
        http://opencaesar.io/examples/firesat/programs/earth-science/projects/firesat/bundle/individuals.
      </failure>
    </testcase>
    <testcase name='http://imce.jpl.nasa.gov/foundation/project#represents'>
      <failure>
        declared in
        http://opencaesar.io/examples/firesat/programs/earth-science/projects/firesat/bundle/individuals.
      </failure>
    </testcase>
    <testcase name='http://imce.jpl.nasa.gov/foundation/project#supplies'>
      <failure>
        declared in
        http://opencaesar.io/examples/firesat/programs/earth-science/projects/firesat/bundle/individuals.
      </failure>
    </testcase>
    <testcase name='http://iso.org/80000-1#atto'>
      <failure>
        declared in
        http://opencaesar.io/examples/firesat/programs/earth-science/projects/firesat/bundle/individuals.
      </failure>
    </testcase>
    <testcase name='http://iso.org/80000-1#centi'>
      <failure>
        declared in
        http://opencaesar.io/examples/firesat/programs/earth-science/projects/firesat/bundle/individuals.
      </failure>
    </testcase>
    <testcase name='http://iso.org/80000-1#deca'>
      <failure>
        declared in
        http://opencaesar.io/examples/firesat/programs/earth-science/projects/firesat/bundle/individuals.
      </failure>
    </testcase>
    <testcase name='http://iso.org/80000-1#deci'>
      <failure>
        declared in
        http://opencaesar.io/examples/firesat/programs/earth-science/projects/firesat/bundle/individuals.
      </failure>
    </testcase>
    <testcase name='http://iso.org/80000-1#exa'>
      <failure>
        declared in
        http://opencaesar.io/examples/firesat/programs/earth-science/projects/firesat/bundle/individuals.
      </failure>
    </testcase>
    <testcase name='http://iso.org/80000-1#femto'>
      <failure>
        declared in
        http://opencaesar.io/examples/firesat/programs/earth-science/projects/firesat/bundle/individuals.
      </failure>
    </testcase>
    <testcase name='http://iso.org/80000-1#giga'>
      <failure>
        declared in
        http://opencaesar.io/examples/firesat/programs/earth-science/projects/firesat/bundle/individuals.
      </failure>
    </testcase>
    <testcase name='http://iso.org/80000-1#hecto'>
      <failure>
        declared in
        http://opencaesar.io/examples/firesat/programs/earth-science/projects/firesat/bundle/individuals.
      </failure>
    </testcase>
    <testcase name='http://iso.org/80000-1#kilo'>
      <failure>
        declared in
        http://opencaesar.io/examples/firesat/programs/earth-science/projects/firesat/bundle/individuals.
      </failure>
    </testcase>
    <testcase name='http://iso.org/80000-1#mega'>
      <failure>
        declared in
        http://opencaesar.io/examples/firesat/programs/earth-science/projects/firesat/bundle/individuals.
      </failure>
    </testcase>
    <testcase name='http://iso.org/80000-1#micro'>
      <failure>
        declared in
        http://opencaesar.io/examples/firesat/programs/earth-science/projects/firesat/bundle/individuals.
      </failure>
    </testcase>
    <testcase name='http://iso.org/80000-1#milli'>
      <failure>
        declared in
        http://opencaesar.io/examples/firesat/programs/earth-science/projects/firesat/bundle/individuals.
      </failure>
    </testcase>
    <testcase name='http://iso.org/80000-1#nano'>
      <failure>
        declared in
        http://opencaesar.io/examples/firesat/programs/earth-science/projects/firesat/bundle/individuals.
      </failure>
    </testcase>
    <testcase name='http://iso.org/80000-1#peta'>
      <failure>
        declared in
        http://opencaesar.io/examples/firesat/programs/earth-science/projects/firesat/bundle/individuals.
      </failure>
    </testcase>
    <testcase name='http://iso.org/80000-1#pico'>
      <failure>
        declared in
        http://opencaesar.io/examples/firesat/programs/earth-science/projects/firesat/bundle/individuals.
      </failure>
    </testcase>
    <testcase name='http://iso.org/80000-1#tera'>
      <failure>
        declared in
        http://opencaesar.io/examples/firesat/programs/earth-science/projects/firesat/bundle/individuals.
      </failure>
    </testcase>
    <testcase name='http://iso.org/80000-1#yocto'>
      <failure>
        declared in
        http://opencaesar.io/examples/firesat/programs/earth-science/projects/firesat/bundle/individuals.
      </failure>
    </testcase>
    <testcase name='http://iso.org/80000-1#yotta'>
      <failure>
        declared in
        http://opencaesar.io/examples/firesat/programs/earth-science/projects/firesat/bundle/individuals.
      </failure>
    </testcase>
    <testcase name='http://iso.org/80000-1#zepto'>
      <failure>
        declared in
        http://opencaesar.io/examples/firesat/programs/earth-science/projects/firesat/bundle/individuals.
      </failure>
    </testcase>
    <testcase name='http://iso.org/80000-1#zetta'>
      <failure>
        declared in
        http://opencaesar.io/examples/firesat/programs/earth-science/projects/firesat/bundle/individuals.
      </failure>
    </testcase>
    <testcase name='http://iso.org/80000-1-decimalPrefix#DecimalPrefix'>
      <failure>
        declared in
        http://opencaesar.io/examples/firesat/programs/earth-science/projects/firesat/bundle/individuals.
      </failure>
    </testcase>
    <testcase name='http://iso.org/80000-3-quantities#Angular-Measure-Has-Arc-Length'>
      <failure>
        declared in
        http://opencaesar.io/examples/firesat/programs/earth-science/projects/firesat/bundle/individuals.
      </failure>
    </testcase>
    <testcase name='http://iso.org/80000-3-quantities#Angular-Measure-Has-Radius'>
      <failure>
        declared in
        http://opencaesar.io/examples/firesat/programs/earth-science/projects/firesat/bundle/individuals.
      </failure>
    </testcase>
    <testcase name='http://iso.org/80000-3-quantities#Frequency-Has-Period-Duration'>
      <failure>
        declared in
        http://opencaesar.io/examples/firesat/programs/earth-science/projects/firesat/bundle/individuals.
      </failure>
    </testcase>
    <testcase name='http://iso.org/80000-3-quantities#Rotation-Has-Rotational-Displacement'>
      <failure>
        declared in
        http://opencaesar.io/examples/firesat/programs/earth-science/projects/firesat/bundle/individuals.
      </failure>
    </testcase>
    <testcase name='http://iso.org/80000-3-quantities#Rotational-Displacement-Has-Distance'>
      <failure>
        declared in
        http://opencaesar.io/examples/firesat/programs/earth-science/projects/firesat/bundle/individuals.
      </failure>
    </testcase>
    <testcase name='http://iso.org/80000-3-quantities#Rotational-Displacement-Has-Path-Length'>
      <failure>
        declared in
        http://opencaesar.io/examples/firesat/programs/earth-science/projects/firesat/bundle/individuals.
      </failure>
    </testcase>
    <testcase name='http://iso.org/80000-3-quantities#Rotational-Frequency-Has-Duration'>
      <failure>
        declared in
        http://opencaesar.io/examples/firesat/programs/earth-science/projects/firesat/bundle/individuals.
      </failure>
    </testcase>
    <testcase name='http://iso.org/80000-3-quantities#Rotational-Frequency-Has-Rotation'>
      <failure>
        declared in
        http://opencaesar.io/examples/firesat/programs/earth-science/projects/firesat/bundle/individuals.
      </failure>
    </testcase>
    <testcase name='http://iso.org/80000-3-quantities#Velocity-Has-Duration'>
      <failure>
        declared in
        http://opencaesar.io/examples/firesat/programs/earth-science/projects/firesat/bundle/individuals.
      </failure>
    </testcase>
    <testcase name='http://iso.org/80000-3-quantities#Velocity-Has-Position-Vector'>
      <failure>
        declared in
        http://opencaesar.io/examples/firesat/programs/earth-science/projects/firesat/bundle/individuals.
      </failure>
    </testcase>
    <testcase name='http://iso.org/80000-3-quantities#altitude'>
      <failure>
        declared in
        http://opencaesar.io/examples/firesat/programs/earth-science/projects/firesat/bundle/individuals.
      </failure>
    </testcase>
    <testcase name='http://iso.org/80000-3-quantities#angular-measure'>
      <failure>
        declared in
        http://opencaesar.io/examples/firesat/programs/earth-science/projects/firesat/bundle/individuals.
      </failure>
    </testcase>
    <testcase name='http://iso.org/80000-3-quantities#angular-measure-has-arc-length'>
      <failure>
        declared in
        http://opencaesar.io/examples/firesat/programs/earth-science/projects/firesat/bundle/individuals.
      </failure>
    </testcase>
    <testcase name='http://iso.org/80000-3-quantities#angular-measure-has-radius'>
      <failure>
        declared in
        http://opencaesar.io/examples/firesat/programs/earth-science/projects/firesat/bundle/individuals.
      </failure>
    </testcase>
    <testcase name='http://iso.org/80000-3-quantities#arc-length'>
      <failure>
        declared in
        http://opencaesar.io/examples/firesat/programs/earth-science/projects/firesat/bundle/individuals.
      </failure>
    </testcase>
    <testcase name='http://iso.org/80000-3-quantities#breadth'>
      <failure>
        declared in
        http://opencaesar.io/examples/firesat/programs/earth-science/projects/firesat/bundle/individuals.
      </failure>
    </testcase>
    <testcase name='http://iso.org/80000-3-quantities#depth'>
      <failure>
        declared in
        http://opencaesar.io/examples/firesat/programs/earth-science/projects/firesat/bundle/individuals.
      </failure>
    </testcase>
    <testcase name='http://iso.org/80000-3-quantities#diameter'>
      <failure>
        declared in
        http://opencaesar.io/examples/firesat/programs/earth-science/projects/firesat/bundle/individuals.
      </failure>
    </testcase>
    <testcase name='http://iso.org/80000-3-quantities#displacement'>
      <failure>
        declared in
        http://opencaesar.io/examples/firesat/programs/earth-science/projects/firesat/bundle/individuals.
      </failure>
    </testcase>
    <testcase name='http://iso.org/80000-3-quantities#distance'>
      <failure>
        declared in
        http://opencaesar.io/examples/firesat/programs/earth-science/projects/firesat/bundle/individuals.
      </failure>
    </testcase>
    <testcase name='http://iso.org/80000-3-quantities#duration'>
      <failure>
        declared in
        http://opencaesar.io/examples/firesat/programs/earth-science/projects/firesat/bundle/individuals.
      </failure>
    </testcase>
    <testcase name='http://iso.org/80000-3-quantities#frequency'>
      <failure>
        declared in
        http://opencaesar.io/examples/firesat/programs/earth-science/projects/firesat/bundle/individuals.
      </failure>
    </testcase>
    <testcase name='http://iso.org/80000-3-quantities#frequency-has-period-duration'>
      <failure>
        declared in
        http://opencaesar.io/examples/firesat/programs/earth-science/projects/firesat/bundle/individuals.
      </failure>
    </testcase>
    <testcase name='http://iso.org/80000-3-quantities#hasAngular-Measure-Has-Arc-LengthSource'>
      <failure>
        declared in
        http://opencaesar.io/examples/firesat/programs/earth-science/projects/firesat/bundle/individuals.
      </failure>
    </testcase>
    <testcase name='http://iso.org/80000-3-quantities#hasAngular-Measure-Has-Arc-LengthTarget'>
      <failure>
        declared in
        http://opencaesar.io/examples/firesat/programs/earth-science/projects/firesat/bundle/individuals.
      </failure>
    </testcase>
    <testcase name='http://iso.org/80000-3-quantities#hasAngular-Measure-Has-RadiusSource'>
      <failure>
        declared in
        http://opencaesar.io/examples/firesat/programs/earth-science/projects/firesat/bundle/individuals.
      </failure>
    </testcase>
    <testcase name='http://iso.org/80000-3-quantities#hasAngular-Measure-Has-RadiusTarget'>
      <failure>
        declared in
        http://opencaesar.io/examples/firesat/programs/earth-science/projects/firesat/bundle/individuals.
      </failure>
    </testcase>
    <testcase name='http://iso.org/80000-3-quantities#hasFrequency-Has-Period-DurationSource'>
      <failure>
        declared in
        http://opencaesar.io/examples/firesat/programs/earth-science/projects/firesat/bundle/individuals.
      </failure>
    </testcase>
    <testcase name='http://iso.org/80000-3-quantities#hasFrequency-Has-Period-DurationTarget'>
      <failure>
        declared in
        http://opencaesar.io/examples/firesat/programs/earth-science/projects/firesat/bundle/individuals.
      </failure>
    </testcase>
    <testcase name='http://iso.org/80000-3-quantities#hasRotation-Has-Rotational-DisplacementSource'>
      <failure>
        declared in
        http://opencaesar.io/examples/firesat/programs/earth-science/projects/firesat/bundle/individuals.
      </failure>
    </testcase>
    <testcase name='http://iso.org/80000-3-quantities#hasRotation-Has-Rotational-DisplacementTarget'>
      <failure>
        declared in
        http://opencaesar.io/examples/firesat/programs/earth-science/projects/firesat/bundle/individuals.
      </failure>
    </testcase>
    <testcase name='http://iso.org/80000-3-quantities#hasRotational-Displacement-Has-DistanceSource'>
      <failure>
        declared in
        http://opencaesar.io/examples/firesat/programs/earth-science/projects/firesat/bundle/individuals.
      </failure>
    </testcase>
    <testcase name='http://iso.org/80000-3-quantities#hasRotational-Displacement-Has-DistanceTarget'>
      <failure>
        declared in
        http://opencaesar.io/examples/firesat/programs/earth-science/projects/firesat/bundle/individuals.
      </failure>
    </testcase>
    <testcase name='http://iso.org/80000-3-quantities#hasRotational-Displacement-Has-Path-LengthSource'>
      <failure>
        declared in
        http://opencaesar.io/examples/firesat/programs/earth-science/projects/firesat/bundle/individuals.
      </failure>
    </testcase>
    <testcase name='http://iso.org/80000-3-quantities#hasRotational-Displacement-Has-Path-LengthTarget'>
      <failure>
        declared in
        http://opencaesar.io/examples/firesat/programs/earth-science/projects/firesat/bundle/individuals.
      </failure>
    </testcase>
    <testcase name='http://iso.org/80000-3-quantities#hasRotational-Frequency-Has-DurationSource'>
      <failure>
        declared in
        http://opencaesar.io/examples/firesat/programs/earth-science/projects/firesat/bundle/individuals.
      </failure>
    </testcase>
    <testcase name='http://iso.org/80000-3-quantities#hasRotational-Frequency-Has-DurationTarget'>
      <failure>
        declared in
        http://opencaesar.io/examples/firesat/programs/earth-science/projects/firesat/bundle/individuals.
      </failure>
    </testcase>
    <testcase name='http://iso.org/80000-3-quantities#hasRotational-Frequency-Has-RotationSource'>
      <failure>
        declared in
        http://opencaesar.io/examples/firesat/programs/earth-science/projects/firesat/bundle/individuals.
      </failure>
    </testcase>
    <testcase name='http://iso.org/80000-3-quantities#hasRotational-Frequency-Has-RotationTarget'>
      <failure>
        declared in
        http://opencaesar.io/examples/firesat/programs/earth-science/projects/firesat/bundle/individuals.
      </failure>
    </testcase>
    <testcase name='http://iso.org/80000-3-quantities#hasVelocity-Has-DurationSource'>
      <failure>
        declared in
        http://opencaesar.io/examples/firesat/programs/earth-science/projects/firesat/bundle/individuals.
      </failure>
    </testcase>
    <testcase name='http://iso.org/80000-3-quantities#hasVelocity-Has-DurationTarget'>
      <failure>
        declared in
        http://opencaesar.io/examples/firesat/programs/earth-science/projects/firesat/bundle/individuals.
      </failure>
    </testcase>
    <testcase name='http://iso.org/80000-3-quantities#hasVelocity-Has-Position-VectorSource'>
      <failure>
        declared in
        http://opencaesar.io/examples/firesat/programs/earth-science/projects/firesat/bundle/individuals.
      </failure>
    </testcase>
    <testcase name='http://iso.org/80000-3-quantities#hasVelocity-Has-Position-VectorTarget'>
      <failure>
        declared in
        http://opencaesar.io/examples/firesat/programs/earth-science/projects/firesat/bundle/individuals.
      </failure>
    </testcase>
    <testcase name='http://iso.org/80000-3-quantities#height'>
      <failure>
        declared in
        http://opencaesar.io/examples/firesat/programs/earth-science/projects/firesat/bundle/individuals.
      </failure>
    </testcase>
    <testcase name='http://iso.org/80000-3-quantities#length'>
      <failure>
        declared in
        http://opencaesar.io/examples/firesat/programs/earth-science/projects/firesat/bundle/individuals.
      </failure>
    </testcase>
    <testcase name='http://iso.org/80000-3-quantities#path-length'>
      <failure>
        declared in
        http://opencaesar.io/examples/firesat/programs/earth-science/projects/firesat/bundle/individuals.
      </failure>
    </testcase>
    <testcase name='http://iso.org/80000-3-quantities#period-duration'>
      <failure>
        declared in
        http://opencaesar.io/examples/firesat/programs/earth-science/projects/firesat/bundle/individuals.
      </failure>
    </testcase>
    <testcase name='http://iso.org/80000-3-quantities#position-vector'>
      <failure>
        declared in
        http://opencaesar.io/examples/firesat/programs/earth-science/projects/firesat/bundle/individuals.
      </failure>
    </testcase>
    <testcase name='http://iso.org/80000-3-quantities#radial-distance'>
      <failure>
        declared in
        http://opencaesar.io/examples/firesat/programs/earth-science/projects/firesat/bundle/individuals.
      </failure>
    </testcase>
    <testcase name='http://iso.org/80000-3-quantities#radius'>
      <failure>
        declared in
        http://opencaesar.io/examples/firesat/programs/earth-science/projects/firesat/bundle/individuals.
      </failure>
    </testcase>
    <testcase name='http://iso.org/80000-3-quantities#radius-of-curvature'>
      <failure>
        declared in
        http://opencaesar.io/examples/firesat/programs/earth-science/projects/firesat/bundle/individuals.
      </failure>
    </testcase>
    <testcase name='http://iso.org/80000-3-quantities#rotation'>
      <failure>
        declared in
        http://opencaesar.io/examples/firesat/programs/earth-science/projects/firesat/bundle/individuals.
      </failure>
    </testcase>
    <testcase name='http://iso.org/80000-3-quantities#rotation-has-rotational-displacement'>
      <failure>
        declared in
        http://opencaesar.io/examples/firesat/programs/earth-science/projects/firesat/bundle/individuals.
      </failure>
    </testcase>
    <testcase name='http://iso.org/80000-3-quantities#rotational-displacement'>
      <failure>
        declared in
        http://opencaesar.io/examples/firesat/programs/earth-science/projects/firesat/bundle/individuals.
      </failure>
    </testcase>
    <testcase name='http://iso.org/80000-3-quantities#rotational-displacement-has-distance'>
      <failure>
        declared in
        http://opencaesar.io/examples/firesat/programs/earth-science/projects/firesat/bundle/individuals.
      </failure>
    </testcase>
    <testcase name='http://iso.org/80000-3-quantities#rotational-displacement-has-path-length'>
      <failure>
        declared in
        http://opencaesar.io/examples/firesat/programs/earth-science/projects/firesat/bundle/individuals.
      </failure>
    </testcase>
    <testcase name='http://iso.org/80000-3-quantities#rotational-frequency'>
      <failure>
        declared in
        http://opencaesar.io/examples/firesat/programs/earth-science/projects/firesat/bundle/individuals.
      </failure>
    </testcase>
    <testcase name='http://iso.org/80000-3-quantities#rotational-frequency-has-duration'>
      <failure>
        declared in
        http://opencaesar.io/examples/firesat/programs/earth-science/projects/firesat/bundle/individuals.
      </failure>
    </testcase>
    <testcase name='http://iso.org/80000-3-quantities#rotational-frequency-has-rotation'>
      <failure>
        declared in
        http://opencaesar.io/examples/firesat/programs/earth-science/projects/firesat/bundle/individuals.
      </failure>
    </testcase>
    <testcase name='http://iso.org/80000-3-quantities#thickness'>
      <failure>
        declared in
        http://opencaesar.io/examples/firesat/programs/earth-science/projects/firesat/bundle/individuals.
      </failure>
    </testcase>
    <testcase name='http://iso.org/80000-3-quantities#velocity'>
      <failure>
        declared in
        http://opencaesar.io/examples/firesat/programs/earth-science/projects/firesat/bundle/individuals.
      </failure>
    </testcase>
    <testcase name='http://iso.org/80000-3-quantities#velocity-has-duration'>
      <failure>
        declared in
        http://opencaesar.io/examples/firesat/programs/earth-science/projects/firesat/bundle/individuals.
      </failure>
    </testcase>
    <testcase name='http://iso.org/80000-3-quantities#velocity-has-position-vector'>
      <failure>
        declared in
        http://opencaesar.io/examples/firesat/programs/earth-science/projects/firesat/bundle/individuals.
      </failure>
    </testcase>
    <testcase name='http://iso.org/80000-3-quantities#width'>
      <failure>
        declared in
        http://opencaesar.io/examples/firesat/programs/earth-science/projects/firesat/bundle/individuals.
      </failure>
    </testcase>
    <testcase name='http://iso.org/80000-3-units#AngularMeasureMagnitude'>
      <failure>
        declared in
        http://opencaesar.io/examples/firesat/programs/earth-science/projects/firesat/bundle/individuals.
      </failure>
    </testcase>
    <testcase name='http://iso.org/80000-3-units#AngularMeasureUnit'>
      <failure>
        declared in
        http://opencaesar.io/examples/firesat/programs/earth-science/projects/firesat/bundle/individuals.
      </failure>
    </testcase>
    <testcase name='http://iso.org/80000-3-units#CoherentTimeUnit'>
      <failure>
        declared in
        http://opencaesar.io/examples/firesat/programs/earth-science/projects/firesat/bundle/individuals.
      </failure>
    </testcase>
    <testcase name='http://iso.org/80000-3-units#FrequencyMagnitude'>
      <failure>
        declared in
        http://opencaesar.io/examples/firesat/programs/earth-science/projects/firesat/bundle/individuals.
      </failure>
    </testcase>
    <testcase name='http://iso.org/80000-3-units#FrequencyUnit'>
      <failure>
        declared in
        http://opencaesar.io/examples/firesat/programs/earth-science/projects/firesat/bundle/individuals.
      </failure>
    </testcase>
    <testcase name='http://iso.org/80000-3-units#Hertz-Has-Second'>
      <failure>
        declared in
        http://opencaesar.io/examples/firesat/programs/earth-science/projects/firesat/bundle/individuals.
      </failure>
    </testcase>
    <testcase name='http://iso.org/80000-3-units#Kilometre-Per-Second-Has-Kilometre'>
      <failure>
        declared in
        http://opencaesar.io/examples/firesat/programs/earth-science/projects/firesat/bundle/individuals.
      </failure>
    </testcase>
    <testcase name='http://iso.org/80000-3-units#Kilometre-Per-Second-Has-Second'>
      <failure>
        declared in
        http://opencaesar.io/examples/firesat/programs/earth-science/projects/firesat/bundle/individuals.
      </failure>
    </testcase>
    <testcase name='http://iso.org/80000-3-units#LengthMagnitude'>
      <failure>
        declared in
        http://opencaesar.io/examples/firesat/programs/earth-science/projects/firesat/bundle/individuals.
      </failure>
    </testcase>
    <testcase name='http://iso.org/80000-3-units#LengthUnit'>
      <failure>
        declared in
        http://opencaesar.io/examples/firesat/programs/earth-science/projects/firesat/bundle/individuals.
      </failure>
    </testcase>
    <testcase name='http://iso.org/80000-3-units#Metre-Per-Second-Has-Metre'>
      <failure>
        declared in
        http://opencaesar.io/examples/firesat/programs/earth-science/projects/firesat/bundle/individuals.
      </failure>
    </testcase>
    <testcase name='http://iso.org/80000-3-units#Metre-Per-Second-Has-Second'>
      <failure>
        declared in
        http://opencaesar.io/examples/firesat/programs/earth-science/projects/firesat/bundle/individuals.
      </failure>
    </testcase>
    <testcase name='http://iso.org/80000-3-units#Radian-Has-Metre-Denominator'>
      <failure>
        declared in
        http://opencaesar.io/examples/firesat/programs/earth-science/projects/firesat/bundle/individuals.
      </failure>
    </testcase>
    <testcase name='http://iso.org/80000-3-units#Radian-Has-Metre-Numerator'>
      <failure>
        declared in
        http://opencaesar.io/examples/firesat/programs/earth-science/projects/firesat/bundle/individuals.
      </failure>
    </testcase>
    <testcase name='http://iso.org/80000-3-units#Revolution-Has-Radian'>
      <failure>
        declared in
        http://opencaesar.io/examples/firesat/programs/earth-science/projects/firesat/bundle/individuals.
      </failure>
    </testcase>
    <testcase name='http://iso.org/80000-3-units#RotationMagnitude'>
      <failure>
        declared in
        http://opencaesar.io/examples/firesat/programs/earth-science/projects/firesat/bundle/individuals.
      </failure>
    </testcase>
    <testcase name='http://iso.org/80000-3-units#RotationUnit'>
      <failure>
        declared in
        http://opencaesar.io/examples/firesat/programs/earth-science/projects/firesat/bundle/individuals.
      </failure>
    </testcase>
    <testcase name='http://iso.org/80000-3-units#TimeMagnitude'>
      <failure>
        declared in
        http://opencaesar.io/examples/firesat/programs/earth-science/projects/firesat/bundle/individuals.
      </failure>
    </testcase>
    <testcase name='http://iso.org/80000-3-units#TimeUnit'>
      <failure>
        declared in
        http://opencaesar.io/examples/firesat/programs/earth-science/projects/firesat/bundle/individuals.
      </failure>
    </testcase>
    <testcase name='http://iso.org/80000-3-units#VelocityMagnitude'>
      <failure>
        declared in
        http://opencaesar.io/examples/firesat/programs/earth-science/projects/firesat/bundle/individuals.
      </failure>
    </testcase>
    <testcase name='http://iso.org/80000-3-units#VelocityUnit'>
      <failure>
        declared in
        http://opencaesar.io/examples/firesat/programs/earth-science/projects/firesat/bundle/individuals.
      </failure>
    </testcase>
    <testcase name='http://iso.org/80000-3-units#hasHertz-Has-SecondSource'>
      <failure>
        declared in
        http://opencaesar.io/examples/firesat/programs/earth-science/projects/firesat/bundle/individuals.
      </failure>
    </testcase>
    <testcase name='http://iso.org/80000-3-units#hasHertz-Has-SecondTarget'>
      <failure>
        declared in
        http://opencaesar.io/examples/firesat/programs/earth-science/projects/firesat/bundle/individuals.
      </failure>
    </testcase>
    <testcase name='http://iso.org/80000-3-units#hasKilometre-Per-Second-Has-KilometreSource'>
      <failure>
        declared in
        http://opencaesar.io/examples/firesat/programs/earth-science/projects/firesat/bundle/individuals.
      </failure>
    </testcase>
    <testcase name='http://iso.org/80000-3-units#hasKilometre-Per-Second-Has-KilometreTarget'>
      <failure>
        declared in
        http://opencaesar.io/examples/firesat/programs/earth-science/projects/firesat/bundle/individuals.
      </failure>
    </testcase>
    <testcase name='http://iso.org/80000-3-units#hasKilometre-Per-Second-Has-SecondSource'>
      <failure>
        declared in
        http://opencaesar.io/examples/firesat/programs/earth-science/projects/firesat/bundle/individuals.
      </failure>
    </testcase>
    <testcase name='http://iso.org/80000-3-units#hasKilometre-Per-Second-Has-SecondTarget'>
      <failure>
        declared in
        http://opencaesar.io/examples/firesat/programs/earth-science/projects/firesat/bundle/individuals.
      </failure>
    </testcase>
    <testcase name='http://iso.org/80000-3-units#hasMetre-Per-Second-Has-MetreSource'>
      <failure>
        declared in
        http://opencaesar.io/examples/firesat/programs/earth-science/projects/firesat/bundle/individuals.
      </failure>
    </testcase>
    <testcase name='http://iso.org/80000-3-units#hasMetre-Per-Second-Has-MetreTarget'>
      <failure>
        declared in
        http://opencaesar.io/examples/firesat/programs/earth-science/projects/firesat/bundle/individuals.
      </failure>
    </testcase>
    <testcase name='http://iso.org/80000-3-units#hasMetre-Per-Second-Has-SecondSource'>
      <failure>
        declared in
        http://opencaesar.io/examples/firesat/programs/earth-science/projects/firesat/bundle/individuals.
      </failure>
    </testcase>
    <testcase name='http://iso.org/80000-3-units#hasMetre-Per-Second-Has-SecondTarget'>
      <failure>
        declared in
        http://opencaesar.io/examples/firesat/programs/earth-science/projects/firesat/bundle/individuals.
      </failure>
    </testcase>
    <testcase name='http://iso.org/80000-3-units#hasRadian-Has-Metre-DenominatorSource'>
      <failure>
        declared in
        http://opencaesar.io/examples/firesat/programs/earth-science/projects/firesat/bundle/individuals.
      </failure>
    </testcase>
    <testcase name='http://iso.org/80000-3-units#hasRadian-Has-Metre-DenominatorTarget'>
      <failure>
        declared in
        http://opencaesar.io/examples/firesat/programs/earth-science/projects/firesat/bundle/individuals.
      </failure>
    </testcase>
    <testcase name='http://iso.org/80000-3-units#hasRadian-Has-Metre-NumeratorSource'>
      <failure>
        declared in
        http://opencaesar.io/examples/firesat/programs/earth-science/projects/firesat/bundle/individuals.
      </failure>
    </testcase>
    <testcase name='http://iso.org/80000-3-units#hasRadian-Has-Metre-NumeratorTarget'>
      <failure>
        declared in
        http://opencaesar.io/examples/firesat/programs/earth-science/projects/firesat/bundle/individuals.
      </failure>
    </testcase>
    <testcase name='http://iso.org/80000-3-units#hasRevolution-Has-RadianSource'>
      <failure>
        declared in
        http://opencaesar.io/examples/firesat/programs/earth-science/projects/firesat/bundle/individuals.
      </failure>
    </testcase>
    <testcase name='http://iso.org/80000-3-units#hasRevolution-Has-RadianTarget'>
      <failure>
        declared in
        http://opencaesar.io/examples/firesat/programs/earth-science/projects/firesat/bundle/individuals.
      </failure>
    </testcase>
    <testcase name='http://iso.org/80000-3-units#hertz'>
      <failure>
        declared in
        http://opencaesar.io/examples/firesat/programs/earth-science/projects/firesat/bundle/individuals.
      </failure>
    </testcase>
    <testcase name='http://iso.org/80000-3-units#hertz-has-second'>
      <failure>
        declared in
        http://opencaesar.io/examples/firesat/programs/earth-science/projects/firesat/bundle/individuals.
      </failure>
    </testcase>
    <testcase name='http://iso.org/80000-3-units#hour'>
      <failure>
        declared in
        http://opencaesar.io/examples/firesat/programs/earth-science/projects/firesat/bundle/individuals.
      </failure>
    </testcase>
    <testcase name='http://iso.org/80000-3-units#kilometre'>
      <failure>
        declared in
        http://opencaesar.io/examples/firesat/programs/earth-science/projects/firesat/bundle/individuals.
      </failure>
    </testcase>
    <testcase name='http://iso.org/80000-3-units#kilometre-per-second'>
      <failure>
        declared in
        http://opencaesar.io/examples/firesat/programs/earth-science/projects/firesat/bundle/individuals.
      </failure>
    </testcase>
    <testcase name='http://iso.org/80000-3-units#kilometre-per-second-has-kilometre'>
      <failure>
        declared in
        http://opencaesar.io/examples/firesat/programs/earth-science/projects/firesat/bundle/individuals.
      </failure>
    </testcase>
    <testcase name='http://iso.org/80000-3-units#kilometre-per-second-has-second'>
      <failure>
        declared in
        http://opencaesar.io/examples/firesat/programs/earth-science/projects/firesat/bundle/individuals.
      </failure>
    </testcase>
    <testcase name='http://iso.org/80000-3-units#metre'>
      <failure>
        declared in
        http://opencaesar.io/examples/firesat/programs/earth-science/projects/firesat/bundle/individuals.
      </failure>
    </testcase>
    <testcase name='http://iso.org/80000-3-units#metre-per-second'>
      <failure>
        declared in
        http://opencaesar.io/examples/firesat/programs/earth-science/projects/firesat/bundle/individuals.
      </failure>
    </testcase>
    <testcase name='http://iso.org/80000-3-units#metre-per-second-has-metre'>
      <failure>
        declared in
        http://opencaesar.io/examples/firesat/programs/earth-science/projects/firesat/bundle/individuals.
      </failure>
    </testcase>
    <testcase name='http://iso.org/80000-3-units#metre-per-second-has-second'>
      <failure>
        declared in
        http://opencaesar.io/examples/firesat/programs/earth-science/projects/firesat/bundle/individuals.
      </failure>
    </testcase>
    <testcase name='http://iso.org/80000-3-units#millisecond'>
      <failure>
        declared in
        http://opencaesar.io/examples/firesat/programs/earth-science/projects/firesat/bundle/individuals.
      </failure>
    </testcase>
    <testcase name='http://iso.org/80000-3-units#minute'>
      <failure>
        declared in
        http://opencaesar.io/examples/firesat/programs/earth-science/projects/firesat/bundle/individuals.
      </failure>
    </testcase>
    <testcase name='http://iso.org/80000-3-units#radian'>
      <failure>
        declared in
        http://opencaesar.io/examples/firesat/programs/earth-science/projects/firesat/bundle/individuals.
      </failure>
    </testcase>
    <testcase name='http://iso.org/80000-3-units#radian-has-metre-denominator'>
      <failure>
        declared in
        http://opencaesar.io/examples/firesat/programs/earth-science/projects/firesat/bundle/individuals.
      </failure>
    </testcase>
    <testcase name='http://iso.org/80000-3-units#radian-has-metre-numerator'>
      <failure>
        declared in
        http://opencaesar.io/examples/firesat/programs/earth-science/projects/firesat/bundle/individuals.
      </failure>
    </testcase>
    <testcase name='http://iso.org/80000-3-units#revolution'>
      <failure>
        declared in
        http://opencaesar.io/examples/firesat/programs/earth-science/projects/firesat/bundle/individuals.
      </failure>
    </testcase>
    <testcase name='http://iso.org/80000-3-units#revolution-has-radian'>
      <failure>
        declared in
        http://opencaesar.io/examples/firesat/programs/earth-science/projects/firesat/bundle/individuals.
      </failure>
    </testcase>
    <testcase name='http://iso.org/80000-3-units#second'>
      <failure>
        declared in
        http://opencaesar.io/examples/firesat/programs/earth-science/projects/firesat/bundle/individuals.
      </failure>
    </testcase>
    <testcase name='http://iso.org/80000-4-instances#force'>
      <failure>
        declared in
        http://opencaesar.io/examples/firesat/programs/earth-science/projects/firesat/bundle/individuals.
      </failure>
    </testcase>
    <testcase name='http://iso.org/80000-4-instances#gram'>
      <failure>
        declared in
        http://opencaesar.io/examples/firesat/programs/earth-science/projects/firesat/bundle/individuals.
      </failure>
    </testcase>
    <testcase name='http://iso.org/80000-4-instances#impulse'>
      <failure>
        declared in
        http://opencaesar.io/examples/firesat/programs/earth-science/projects/firesat/bundle/individuals.
      </failure>
    </testcase>
    <testcase name='http://iso.org/80000-4-instances#kilogram'>
      <failure>
        declared in
        http://opencaesar.io/examples/firesat/programs/earth-science/projects/firesat/bundle/individuals.
      </failure>
    </testcase>
    <testcase name='http://iso.org/80000-4-instances#kilogram-metre-per-second'>
      <failure>
        declared in
        http://opencaesar.io/examples/firesat/programs/earth-science/projects/firesat/bundle/individuals.
      </failure>
    </testcase>
    <testcase name='http://iso.org/80000-4-instances#mass'>
      <failure>
        declared in
        http://opencaesar.io/examples/firesat/programs/earth-science/projects/firesat/bundle/individuals.
      </failure>
    </testcase>
    <testcase name='http://iso.org/80000-4-instances#momentum'>
      <failure>
        declared in
        http://opencaesar.io/examples/firesat/programs/earth-science/projects/firesat/bundle/individuals.
      </failure>
    </testcase>
    <testcase name='http://iso.org/80000-4-instances#newton'>
      <failure>
        declared in
        http://opencaesar.io/examples/firesat/programs/earth-science/projects/firesat/bundle/individuals.
      </failure>
    </testcase>
    <testcase name='http://iso.org/80000-4-instances#newton-millisecond'>
      <failure>
        declared in
        http://opencaesar.io/examples/firesat/programs/earth-science/projects/firesat/bundle/individuals.
      </failure>
    </testcase>
    <testcase name='http://iso.org/80000-4-instances#newton-second'>
      <failure>
        declared in
        http://opencaesar.io/examples/firesat/programs/earth-science/projects/firesat/bundle/individuals.
      </failure>
    </testcase>
    <testcase name='http://iso.org/80000-4-instances#power'>
      <failure>
        declared in
        http://opencaesar.io/examples/firesat/programs/earth-science/projects/firesat/bundle/individuals.
      </failure>
    </testcase>
    <testcase name='http://iso.org/80000-4-instances#systemOfQuantities-force'>
      <failure>
        declared in
        http://opencaesar.io/examples/firesat/programs/earth-science/projects/firesat/bundle/individuals.
      </failure>
    </testcase>
    <testcase name='http://iso.org/80000-4-instances#systemOfQuantities-impulse'>
      <failure>
        declared in
        http://opencaesar.io/examples/firesat/programs/earth-science/projects/firesat/bundle/individuals.
      </failure>
    </testcase>
    <testcase name='http://iso.org/80000-4-instances#systemOfQuantities-mass'>
      <failure>
        declared in
        http://opencaesar.io/examples/firesat/programs/earth-science/projects/firesat/bundle/individuals.
      </failure>
    </testcase>
    <testcase name='http://iso.org/80000-4-instances#systemOfQuantities-momentum'>
      <failure>
        declared in
        http://opencaesar.io/examples/firesat/programs/earth-science/projects/firesat/bundle/individuals.
      </failure>
    </testcase>
    <testcase name='http://iso.org/80000-4-instances#systemOfQuantities-power'>
      <failure>
        declared in
        http://opencaesar.io/examples/firesat/programs/earth-science/projects/firesat/bundle/individuals.
      </failure>
    </testcase>
    <testcase name='http://iso.org/80000-4-instances#systemOfUnits-kilogram'>
      <failure>
        declared in
        http://opencaesar.io/examples/firesat/programs/earth-science/projects/firesat/bundle/individuals.
      </failure>
    </testcase>
    <testcase name='http://iso.org/80000-4-instances#systemOfUnits-kilogram-metre-per-second'>
      <failure>
        declared in
        http://opencaesar.io/examples/firesat/programs/earth-science/projects/firesat/bundle/individuals.
      </failure>
    </testcase>
    <testcase name='http://iso.org/80000-4-instances#systemOfUnits-newton'>
      <failure>
        declared in
        http://opencaesar.io/examples/firesat/programs/earth-science/projects/firesat/bundle/individuals.
      </failure>
    </testcase>
    <testcase name='http://iso.org/80000-4-instances#systemOfUnits-newton-millisecond'>
      <failure>
        declared in
        http://opencaesar.io/examples/firesat/programs/earth-science/projects/firesat/bundle/individuals.
      </failure>
    </testcase>
    <testcase name='http://iso.org/80000-4-instances#systemOfUnits-newton-second'>
      <failure>
        declared in
        http://opencaesar.io/examples/firesat/programs/earth-science/projects/firesat/bundle/individuals.
      </failure>
    </testcase>
    <testcase name='http://iso.org/80000-4-instances#systemOfUnits-watt'>
      <failure>
        declared in
        http://opencaesar.io/examples/firesat/programs/earth-science/projects/firesat/bundle/individuals.
      </failure>
    </testcase>
    <testcase name='http://iso.org/80000-4-instances#watt'>
      <failure>
        declared in
        http://opencaesar.io/examples/firesat/programs/earth-science/projects/firesat/bundle/individuals.
      </failure>
    </testcase>
    <testcase name='http://iso.org/80000-4-magnitudes1#gram-magnitude'>
      <failure>
        declared in
        http://opencaesar.io/examples/firesat/programs/earth-science/projects/firesat/bundle/individuals.
      </failure>
    </testcase>
    <testcase name='http://iso.org/80000-4-magnitudes1#kilogram-magnitude'>
      <failure>
        declared in
        http://opencaesar.io/examples/firesat/programs/earth-science/projects/firesat/bundle/individuals.
      </failure>
    </testcase>
    <testcase name='http://iso.org/80000-4-magnitudes1#kilogram-metre-per-second-magnitude'>
      <failure>
        declared in
        http://opencaesar.io/examples/firesat/programs/earth-science/projects/firesat/bundle/individuals.
      </failure>
    </testcase>
    <testcase name='http://iso.org/80000-4-magnitudes1#newton-magnitude'>
      <failure>
        declared in
        http://opencaesar.io/examples/firesat/programs/earth-science/projects/firesat/bundle/individuals.
      </failure>
    </testcase>
    <testcase name='http://iso.org/80000-4-magnitudes1#newton-millisecond-magnitude'>
      <failure>
        declared in
        http://opencaesar.io/examples/firesat/programs/earth-science/projects/firesat/bundle/individuals.
      </failure>
    </testcase>
    <testcase name='http://iso.org/80000-4-magnitudes1#newton-second-magnitude'>
      <failure>
        declared in
        http://opencaesar.io/examples/firesat/programs/earth-science/projects/firesat/bundle/individuals.
      </failure>
    </testcase>
    <testcase name='http://iso.org/80000-4-magnitudes1#watt-magnitude'>
      <failure>
        declared in
        http://opencaesar.io/examples/firesat/programs/earth-science/projects/firesat/bundle/individuals.
      </failure>
    </testcase>
    <testcase name='http://iso.org/80000-4-quantities#Force-Has-Momentum'>
      <failure>
        declared in
        http://opencaesar.io/examples/firesat/programs/earth-science/projects/firesat/bundle/individuals.
      </failure>
    </testcase>
    <testcase name='http://iso.org/80000-4-quantities#Force-Has-Velocity'>
      <failure>
        declared in
        http://opencaesar.io/examples/firesat/programs/earth-science/projects/firesat/bundle/individuals.
      </failure>
    </testcase>
    <testcase name='http://iso.org/80000-4-quantities#Impulse-Has-Duration'>
      <failure>
        declared in
        http://opencaesar.io/examples/firesat/programs/earth-science/projects/firesat/bundle/individuals.
      </failure>
    </testcase>
    <testcase name='http://iso.org/80000-4-quantities#Impulse-Has-Force'>
      <failure>
        declared in
        http://opencaesar.io/examples/firesat/programs/earth-science/projects/firesat/bundle/individuals.
      </failure>
    </testcase>
    <testcase name='http://iso.org/80000-4-quantities#Momentum-Has-Mass'>
      <failure>
        declared in
        http://opencaesar.io/examples/firesat/programs/earth-science/projects/firesat/bundle/individuals.
      </failure>
    </testcase>
    <testcase name='http://iso.org/80000-4-quantities#Momentum-Has-Velocity'>
      <failure>
        declared in
        http://opencaesar.io/examples/firesat/programs/earth-science/projects/firesat/bundle/individuals.
      </failure>
    </testcase>
    <testcase name='http://iso.org/80000-4-quantities#Power-Has-Force'>
      <failure>
        declared in
        http://opencaesar.io/examples/firesat/programs/earth-science/projects/firesat/bundle/individuals.
      </failure>
    </testcase>
    <testcase name='http://iso.org/80000-4-quantities#Power-Has-Velocity'>
      <failure>
        declared in
        http://opencaesar.io/examples/firesat/programs/earth-science/projects/firesat/bundle/individuals.
      </failure>
    </testcase>
    <testcase name='http://iso.org/80000-4-quantities#force'>
      <failure>
        declared in
        http://opencaesar.io/examples/firesat/programs/earth-science/projects/firesat/bundle/individuals.
      </failure>
    </testcase>
    <testcase name='http://iso.org/80000-4-quantities#force-has-momentum'>
      <failure>
        declared in
        http://opencaesar.io/examples/firesat/programs/earth-science/projects/firesat/bundle/individuals.
      </failure>
    </testcase>
    <testcase name='http://iso.org/80000-4-quantities#force-has-velocity'>
      <failure>
        declared in
        http://opencaesar.io/examples/firesat/programs/earth-science/projects/firesat/bundle/individuals.
      </failure>
    </testcase>
    <testcase name='http://iso.org/80000-4-quantities#hasForce-Has-MomentumSource'>
      <failure>
        declared in
        http://opencaesar.io/examples/firesat/programs/earth-science/projects/firesat/bundle/individuals.
      </failure>
    </testcase>
    <testcase name='http://iso.org/80000-4-quantities#hasForce-Has-MomentumTarget'>
      <failure>
        declared in
        http://opencaesar.io/examples/firesat/programs/earth-science/projects/firesat/bundle/individuals.
      </failure>
    </testcase>
    <testcase name='http://iso.org/80000-4-quantities#hasForce-Has-VelocitySource'>
      <failure>
        declared in
        http://opencaesar.io/examples/firesat/programs/earth-science/projects/firesat/bundle/individuals.
      </failure>
    </testcase>
    <testcase name='http://iso.org/80000-4-quantities#hasForce-Has-VelocityTarget'>
      <failure>
        declared in
        http://opencaesar.io/examples/firesat/programs/earth-science/projects/firesat/bundle/individuals.
      </failure>
    </testcase>
    <testcase name='http://iso.org/80000-4-quantities#hasImpulse-Has-DurationSource'>
      <failure>
        declared in
        http://opencaesar.io/examples/firesat/programs/earth-science/projects/firesat/bundle/individuals.
      </failure>
    </testcase>
    <testcase name='http://iso.org/80000-4-quantities#hasImpulse-Has-DurationTarget'>
      <failure>
        declared in
        http://opencaesar.io/examples/firesat/programs/earth-science/projects/firesat/bundle/individuals.
      </failure>
    </testcase>
    <testcase name='http://iso.org/80000-4-quantities#hasImpulse-Has-ForceSource'>
      <failure>
        declared in
        http://opencaesar.io/examples/firesat/programs/earth-science/projects/firesat/bundle/individuals.
      </failure>
    </testcase>
    <testcase name='http://iso.org/80000-4-quantities#hasImpulse-Has-ForceTarget'>
      <failure>
        declared in
        http://opencaesar.io/examples/firesat/programs/earth-science/projects/firesat/bundle/individuals.
      </failure>
    </testcase>
    <testcase name='http://iso.org/80000-4-quantities#hasMomentum-Has-MassSource'>
      <failure>
        declared in
        http://opencaesar.io/examples/firesat/programs/earth-science/projects/firesat/bundle/individuals.
      </failure>
    </testcase>
    <testcase name='http://iso.org/80000-4-quantities#hasMomentum-Has-MassTarget'>
      <failure>
        declared in
        http://opencaesar.io/examples/firesat/programs/earth-science/projects/firesat/bundle/individuals.
      </failure>
    </testcase>
    <testcase name='http://iso.org/80000-4-quantities#hasMomentum-Has-VelocitySource'>
      <failure>
        declared in
        http://opencaesar.io/examples/firesat/programs/earth-science/projects/firesat/bundle/individuals.
      </failure>
    </testcase>
    <testcase name='http://iso.org/80000-4-quantities#hasMomentum-Has-VelocityTarget'>
      <failure>
        declared in
        http://opencaesar.io/examples/firesat/programs/earth-science/projects/firesat/bundle/individuals.
      </failure>
    </testcase>
    <testcase name='http://iso.org/80000-4-quantities#hasPower-Has-ForceSource'>
      <failure>
        declared in
        http://opencaesar.io/examples/firesat/programs/earth-science/projects/firesat/bundle/individuals.
      </failure>
    </testcase>
    <testcase name='http://iso.org/80000-4-quantities#hasPower-Has-ForceTarget'>
      <failure>
        declared in
        http://opencaesar.io/examples/firesat/programs/earth-science/projects/firesat/bundle/individuals.
      </failure>
    </testcase>
    <testcase name='http://iso.org/80000-4-quantities#hasPower-Has-VelocitySource'>
      <failure>
        declared in
        http://opencaesar.io/examples/firesat/programs/earth-science/projects/firesat/bundle/individuals.
      </failure>
    </testcase>
    <testcase name='http://iso.org/80000-4-quantities#hasPower-Has-VelocityTarget'>
      <failure>
        declared in
        http://opencaesar.io/examples/firesat/programs/earth-science/projects/firesat/bundle/individuals.
      </failure>
    </testcase>
    <testcase name='http://iso.org/80000-4-quantities#impulse'>
      <failure>
        declared in
        http://opencaesar.io/examples/firesat/programs/earth-science/projects/firesat/bundle/individuals.
      </failure>
    </testcase>
    <testcase name='http://iso.org/80000-4-quantities#impulse-has-duration'>
      <failure>
        declared in
        http://opencaesar.io/examples/firesat/programs/earth-science/projects/firesat/bundle/individuals.
      </failure>
    </testcase>
    <testcase name='http://iso.org/80000-4-quantities#impulse-has-force'>
      <failure>
        declared in
        http://opencaesar.io/examples/firesat/programs/earth-science/projects/firesat/bundle/individuals.
      </failure>
    </testcase>
    <testcase name='http://iso.org/80000-4-quantities#mass'>
      <failure>
        declared in
        http://opencaesar.io/examples/firesat/programs/earth-science/projects/firesat/bundle/individuals.
      </failure>
    </testcase>
    <testcase name='http://iso.org/80000-4-quantities#momentum'>
      <failure>
        declared in
        http://opencaesar.io/examples/firesat/programs/earth-science/projects/firesat/bundle/individuals.
      </failure>
    </testcase>
    <testcase name='http://iso.org/80000-4-quantities#momentum-has-mass'>
      <failure>
        declared in
        http://opencaesar.io/examples/firesat/programs/earth-science/projects/firesat/bundle/individuals.
      </failure>
    </testcase>
    <testcase name='http://iso.org/80000-4-quantities#momentum-has-velocity'>
      <failure>
        declared in
        http://opencaesar.io/examples/firesat/programs/earth-science/projects/firesat/bundle/individuals.
      </failure>
    </testcase>
    <testcase name='http://iso.org/80000-4-quantities#power'>
      <failure>
        declared in
        http://opencaesar.io/examples/firesat/programs/earth-science/projects/firesat/bundle/individuals.
      </failure>
    </testcase>
    <testcase name='http://iso.org/80000-4-quantities#power-has-force'>
      <failure>
        declared in
        http://opencaesar.io/examples/firesat/programs/earth-science/projects/firesat/bundle/individuals.
      </failure>
    </testcase>
    <testcase name='http://iso.org/80000-4-quantities#power-has-velocity'>
      <failure>
        declared in
        http://opencaesar.io/examples/firesat/programs/earth-science/projects/firesat/bundle/individuals.
      </failure>
    </testcase>
    <testcase name='http://iso.org/80000-4-units#ForceMagnitude'>
      <failure>
        declared in
        http://opencaesar.io/examples/firesat/programs/earth-science/projects/firesat/bundle/individuals.
      </failure>
    </testcase>
    <testcase name='http://iso.org/80000-4-units#ForceUnit'>
      <failure>
        declared in
        http://opencaesar.io/examples/firesat/programs/earth-science/projects/firesat/bundle/individuals.
      </failure>
    </testcase>
    <testcase name='http://iso.org/80000-4-units#ImpulseMagnitude'>
      <failure>
        declared in
        http://opencaesar.io/examples/firesat/programs/earth-science/projects/firesat/bundle/individuals.
      </failure>
    </testcase>
    <testcase name='http://iso.org/80000-4-units#ImpulseUnit'>
      <failure>
        declared in
        http://opencaesar.io/examples/firesat/programs/earth-science/projects/firesat/bundle/individuals.
      </failure>
    </testcase>
    <testcase name='http://iso.org/80000-4-units#Kilogram-Metre-Per-Second-Has-Kilogram'>
      <failure>
        declared in
        http://opencaesar.io/examples/firesat/programs/earth-science/projects/firesat/bundle/individuals.
      </failure>
    </testcase>
    <testcase name='http://iso.org/80000-4-units#Kilogram-Metre-Per-Second-Has-Metre-Per-Second'>
      <failure>
        declared in
        http://opencaesar.io/examples/firesat/programs/earth-science/projects/firesat/bundle/individuals.
      </failure>
    </testcase>
    <testcase name='http://iso.org/80000-4-units#MassMagnitude'>
      <failure>
        declared in
        http://opencaesar.io/examples/firesat/programs/earth-science/projects/firesat/bundle/individuals.
      </failure>
    </testcase>
    <testcase name='http://iso.org/80000-4-units#MassUnit'>
      <failure>
        declared in
        http://opencaesar.io/examples/firesat/programs/earth-science/projects/firesat/bundle/individuals.
      </failure>
    </testcase>
    <testcase name='http://iso.org/80000-4-units#MomentumMagnitude'>
      <failure>
        declared in
        http://opencaesar.io/examples/firesat/programs/earth-science/projects/firesat/bundle/individuals.
      </failure>
    </testcase>
    <testcase name='http://iso.org/80000-4-units#MomentumUnit'>
      <failure>
        declared in
        http://opencaesar.io/examples/firesat/programs/earth-science/projects/firesat/bundle/individuals.
      </failure>
    </testcase>
    <testcase name='http://iso.org/80000-4-units#Newton-Has-Kilogram'>
      <failure>
        declared in
        http://opencaesar.io/examples/firesat/programs/earth-science/projects/firesat/bundle/individuals.
      </failure>
    </testcase>
    <testcase name='http://iso.org/80000-4-units#Newton-Has-Metre-Per-Second'>
      <failure>
        declared in
        http://opencaesar.io/examples/firesat/programs/earth-science/projects/firesat/bundle/individuals.
      </failure>
    </testcase>
    <testcase name='http://iso.org/80000-4-units#Newton-Millisecond-Has-Millisecond'>
      <failure>
        declared in
        http://opencaesar.io/examples/firesat/programs/earth-science/projects/firesat/bundle/individuals.
      </failure>
    </testcase>
    <testcase name='http://iso.org/80000-4-units#Newton-Millisecond-Has-Newton'>
      <failure>
        declared in
        http://opencaesar.io/examples/firesat/programs/earth-science/projects/firesat/bundle/individuals.
      </failure>
    </testcase>
    <testcase name='http://iso.org/80000-4-units#Newton-Second-Has-Newton'>
      <failure>
        declared in
        http://opencaesar.io/examples/firesat/programs/earth-science/projects/firesat/bundle/individuals.
      </failure>
    </testcase>
    <testcase name='http://iso.org/80000-4-units#Newton-Second-Has-Second'>
      <failure>
        declared in
        http://opencaesar.io/examples/firesat/programs/earth-science/projects/firesat/bundle/individuals.
      </failure>
    </testcase>
    <testcase name='http://iso.org/80000-4-units#PowerMagnitude'>
      <failure>
        declared in
        http://opencaesar.io/examples/firesat/programs/earth-science/projects/firesat/bundle/individuals.
      </failure>
    </testcase>
    <testcase name='http://iso.org/80000-4-units#PowerUnit'>
      <failure>
        declared in
        http://opencaesar.io/examples/firesat/programs/earth-science/projects/firesat/bundle/individuals.
      </failure>
    </testcase>
    <testcase name='http://iso.org/80000-4-units#Watt-Has-Metre-Per-Second'>
      <failure>
        declared in
        http://opencaesar.io/examples/firesat/programs/earth-science/projects/firesat/bundle/individuals.
      </failure>
    </testcase>
    <testcase name='http://iso.org/80000-4-units#Watt-Has-Newton'>
      <failure>
        declared in
        http://opencaesar.io/examples/firesat/programs/earth-science/projects/firesat/bundle/individuals.
      </failure>
    </testcase>
    <testcase name='http://iso.org/80000-4-units#gram'>
      <failure>
        declared in
        http://opencaesar.io/examples/firesat/programs/earth-science/projects/firesat/bundle/individuals.
      </failure>
    </testcase>
    <testcase name='http://iso.org/80000-4-units#hasKilogram-Metre-Per-Second-Has-KilogramSource'>
      <failure>
        declared in
        http://opencaesar.io/examples/firesat/programs/earth-science/projects/firesat/bundle/individuals.
      </failure>
    </testcase>
    <testcase name='http://iso.org/80000-4-units#hasKilogram-Metre-Per-Second-Has-KilogramTarget'>
      <failure>
        declared in
        http://opencaesar.io/examples/firesat/programs/earth-science/projects/firesat/bundle/individuals.
      </failure>
    </testcase>
    <testcase name='http://iso.org/80000-4-units#hasKilogram-Metre-Per-Second-Has-Metre-Per-SecondSource'>
      <failure>
        declared in
        http://opencaesar.io/examples/firesat/programs/earth-science/projects/firesat/bundle/individuals.
      </failure>
    </testcase>
    <testcase name='http://iso.org/80000-4-units#hasKilogram-Metre-Per-Second-Has-Metre-Per-SecondTarget'>
      <failure>
        declared in
        http://opencaesar.io/examples/firesat/programs/earth-science/projects/firesat/bundle/individuals.
      </failure>
    </testcase>
    <testcase name='http://iso.org/80000-4-units#hasNewton-Has-KilogramSource'>
      <failure>
        declared in
        http://opencaesar.io/examples/firesat/programs/earth-science/projects/firesat/bundle/individuals.
      </failure>
    </testcase>
    <testcase name='http://iso.org/80000-4-units#hasNewton-Has-KilogramTarget'>
      <failure>
        declared in
        http://opencaesar.io/examples/firesat/programs/earth-science/projects/firesat/bundle/individuals.
      </failure>
    </testcase>
    <testcase name='http://iso.org/80000-4-units#hasNewton-Has-Metre-Per-SecondSource'>
      <failure>
        declared in
        http://opencaesar.io/examples/firesat/programs/earth-science/projects/firesat/bundle/individuals.
      </failure>
    </testcase>
    <testcase name='http://iso.org/80000-4-units#hasNewton-Has-Metre-Per-SecondTarget'>
      <failure>
        declared in
        http://opencaesar.io/examples/firesat/programs/earth-science/projects/firesat/bundle/individuals.
      </failure>
    </testcase>
    <testcase name='http://iso.org/80000-4-units#hasNewton-Millisecond-Has-MillisecondSource'>
      <failure>
        declared in
        http://opencaesar.io/examples/firesat/programs/earth-science/projects/firesat/bundle/individuals.
      </failure>
    </testcase>
    <testcase name='http://iso.org/80000-4-units#hasNewton-Millisecond-Has-MillisecondTarget'>
      <failure>
        declared in
        http://opencaesar.io/examples/firesat/programs/earth-science/projects/firesat/bundle/individuals.
      </failure>
    </testcase>
    <testcase name='http://iso.org/80000-4-units#hasNewton-Millisecond-Has-NewtonSource'>
      <failure>
        declared in
        http://opencaesar.io/examples/firesat/programs/earth-science/projects/firesat/bundle/individuals.
      </failure>
    </testcase>
    <testcase name='http://iso.org/80000-4-units#hasNewton-Millisecond-Has-NewtonTarget'>
      <failure>
        declared in
        http://opencaesar.io/examples/firesat/programs/earth-science/projects/firesat/bundle/individuals.
      </failure>
    </testcase>
    <testcase name='http://iso.org/80000-4-units#hasNewton-Second-Has-NewtonSource'>
      <failure>
        declared in
        http://opencaesar.io/examples/firesat/programs/earth-science/projects/firesat/bundle/individuals.
      </failure>
    </testcase>
    <testcase name='http://iso.org/80000-4-units#hasNewton-Second-Has-NewtonTarget'>
      <failure>
        declared in
        http://opencaesar.io/examples/firesat/programs/earth-science/projects/firesat/bundle/individuals.
      </failure>
    </testcase>
    <testcase name='http://iso.org/80000-4-units#hasNewton-Second-Has-SecondSource'>
      <failure>
        declared in
        http://opencaesar.io/examples/firesat/programs/earth-science/projects/firesat/bundle/individuals.
      </failure>
    </testcase>
    <testcase name='http://iso.org/80000-4-units#hasNewton-Second-Has-SecondTarget'>
      <failure>
        declared in
        http://opencaesar.io/examples/firesat/programs/earth-science/projects/firesat/bundle/individuals.
      </failure>
    </testcase>
    <testcase name='http://iso.org/80000-4-units#hasWatt-Has-Metre-Per-SecondSource'>
      <failure>
        declared in
        http://opencaesar.io/examples/firesat/programs/earth-science/projects/firesat/bundle/individuals.
      </failure>
    </testcase>
    <testcase name='http://iso.org/80000-4-units#hasWatt-Has-Metre-Per-SecondTarget'>
      <failure>
        declared in
        http://opencaesar.io/examples/firesat/programs/earth-science/projects/firesat/bundle/individuals.
      </failure>
    </testcase>
    <testcase name='http://iso.org/80000-4-units#hasWatt-Has-NewtonSource'>
      <failure>
        declared in
        http://opencaesar.io/examples/firesat/programs/earth-science/projects/firesat/bundle/individuals.
      </failure>
    </testcase>
    <testcase name='http://iso.org/80000-4-units#hasWatt-Has-NewtonTarget'>
      <failure>
        declared in
        http://opencaesar.io/examples/firesat/programs/earth-science/projects/firesat/bundle/individuals.
      </failure>
    </testcase>
    <testcase name='http://iso.org/80000-4-units#kilogram'>
      <failure>
        declared in
        http://opencaesar.io/examples/firesat/programs/earth-science/projects/firesat/bundle/individuals.
      </failure>
    </testcase>
    <testcase name='http://iso.org/80000-4-units#kilogram-metre-per-second'>
      <failure>
        declared in
        http://opencaesar.io/examples/firesat/programs/earth-science/projects/firesat/bundle/individuals.
      </failure>
    </testcase>
    <testcase name='http://iso.org/80000-4-units#kilogram-metre-per-second-has-kilogram'>
      <failure>
        declared in
        http://opencaesar.io/examples/firesat/programs/earth-science/projects/firesat/bundle/individuals.
      </failure>
    </testcase>
    <testcase name='http://iso.org/80000-4-units#kilogram-metre-per-second-has-metre-per-second'>
      <failure>
        declared in
        http://opencaesar.io/examples/firesat/programs/earth-science/projects/firesat/bundle/individuals.
      </failure>
    </testcase>
    <testcase name='http://iso.org/80000-4-units#newton'>
      <failure>
        declared in
        http://opencaesar.io/examples/firesat/programs/earth-science/projects/firesat/bundle/individuals.
      </failure>
    </testcase>
    <testcase name='http://iso.org/80000-4-units#newton-has-kilogram'>
      <failure>
        declared in
        http://opencaesar.io/examples/firesat/programs/earth-science/projects/firesat/bundle/individuals.
      </failure>
    </testcase>
    <testcase name='http://iso.org/80000-4-units#newton-has-metre-per-second'>
      <failure>
        declared in
        http://opencaesar.io/examples/firesat/programs/earth-science/projects/firesat/bundle/individuals.
      </failure>
    </testcase>
    <testcase name='http://iso.org/80000-4-units#newton-millisecond'>
      <failure>
        declared in
        http://opencaesar.io/examples/firesat/programs/earth-science/projects/firesat/bundle/individuals.
      </failure>
    </testcase>
    <testcase name='http://iso.org/80000-4-units#newton-millisecond-has-millisecond'>
      <failure>
        declared in
        http://opencaesar.io/examples/firesat/programs/earth-science/projects/firesat/bundle/individuals.
      </failure>
    </testcase>
    <testcase name='http://iso.org/80000-4-units#newton-millisecond-has-newton'>
      <failure>
        declared in
        http://opencaesar.io/examples/firesat/programs/earth-science/projects/firesat/bundle/individuals.
      </failure>
    </testcase>
    <testcase name='http://iso.org/80000-4-units#newton-second'>
      <failure>
        declared in
        http://opencaesar.io/examples/firesat/programs/earth-science/projects/firesat/bundle/individuals.
      </failure>
    </testcase>
    <testcase name='http://iso.org/80000-4-units#newton-second-has-newton'>
      <failure>
        declared in
        http://opencaesar.io/examples/firesat/programs/earth-science/projects/firesat/bundle/individuals.
      </failure>
    </testcase>
    <testcase name='http://iso.org/80000-4-units#newton-second-has-second'>
      <failure>
        declared in
        http://opencaesar.io/examples/firesat/programs/earth-science/projects/firesat/bundle/individuals.
      </failure>
    </testcase>
    <testcase name='http://iso.org/80000-4-units#watt'>
      <failure>
        declared in
        http://opencaesar.io/examples/firesat/programs/earth-science/projects/firesat/bundle/individuals.
      </failure>
    </testcase>
    <testcase name='http://iso.org/80000-4-units#watt-has-metre-per-second'>
      <failure>
        declared in
        http://opencaesar.io/examples/firesat/programs/earth-science/projects/firesat/bundle/individuals.
      </failure>
    </testcase>
    <testcase name='http://iso.org/80000-4-units#watt-has-newton'>
      <failure>
        declared in
        http://opencaesar.io/examples/firesat/programs/earth-science/projects/firesat/bundle/individuals.
      </failure>
    </testcase>
    <testcase name='http://iso.org/80000-5-quantities#Celcius-Temperature-Has-Thermodynamic-Temperature'>
      <failure>
        declared in
        http://opencaesar.io/examples/firesat/programs/earth-science/projects/firesat/bundle/individuals.
      </failure>
    </testcase>
    <testcase name='http://iso.org/80000-5-quantities#celcius-temperature'>
      <failure>
        declared in
        http://opencaesar.io/examples/firesat/programs/earth-science/projects/firesat/bundle/individuals.
      </failure>
    </testcase>
    <testcase name='http://iso.org/80000-5-quantities#celcius-temperature-has-thermodynamic-temperature'>
      <failure>
        declared in
        http://opencaesar.io/examples/firesat/programs/earth-science/projects/firesat/bundle/individuals.
      </failure>
    </testcase>
    <testcase name='http://iso.org/80000-5-quantities#hasCelcius-Temperature-Has-Thermodynamic-TemperatureSource'>
      <failure>
        declared in
        http://opencaesar.io/examples/firesat/programs/earth-science/projects/firesat/bundle/individuals.
      </failure>
    </testcase>
    <testcase name='http://iso.org/80000-5-quantities#hasCelcius-Temperature-Has-Thermodynamic-TemperatureTarget'>
      <failure>
        declared in
        http://opencaesar.io/examples/firesat/programs/earth-science/projects/firesat/bundle/individuals.
      </failure>
    </testcase>
    <testcase name='http://iso.org/80000-5-quantities#thermodynamic-temperature'>
      <failure>
        declared in
        http://opencaesar.io/examples/firesat/programs/earth-science/projects/firesat/bundle/individuals.
      </failure>
    </testcase>
    <testcase name='http://iso.org/80000-5-units#CelciusTemperatureMagnitude'>
      <failure>
        declared in
        http://opencaesar.io/examples/firesat/programs/earth-science/projects/firesat/bundle/individuals.
      </failure>
    </testcase>
    <testcase name='http://iso.org/80000-5-units#CelciusTemperatureUnit'>
      <failure>
        declared in
        http://opencaesar.io/examples/firesat/programs/earth-science/projects/firesat/bundle/individuals.
      </failure>
    </testcase>
    <testcase name='http://iso.org/80000-5-units#DegreeCelcius-Has-Kelvin'>
      <failure>
        declared in
        http://opencaesar.io/examples/firesat/programs/earth-science/projects/firesat/bundle/individuals.
      </failure>
    </testcase>
    <testcase name='http://iso.org/80000-5-units#ThermodynamicTemperatureMagnitude'>
      <failure>
        declared in
        http://opencaesar.io/examples/firesat/programs/earth-science/projects/firesat/bundle/individuals.
      </failure>
    </testcase>
    <testcase name='http://iso.org/80000-5-units#ThermodynamicTemperatureUnit'>
      <failure>
        declared in
        http://opencaesar.io/examples/firesat/programs/earth-science/projects/firesat/bundle/individuals.
      </failure>
    </testcase>
    <testcase name='http://iso.org/80000-5-units#degreeCelcius'>
      <failure>
        declared in
        http://opencaesar.io/examples/firesat/programs/earth-science/projects/firesat/bundle/individuals.
      </failure>
    </testcase>
    <testcase name='http://iso.org/80000-5-units#degreeCelcius-has-kelvin'>
      <failure>
        declared in
        http://opencaesar.io/examples/firesat/programs/earth-science/projects/firesat/bundle/individuals.
      </failure>
    </testcase>
    <testcase name='http://iso.org/80000-5-units#hasDegreeCelcius-Has-KelvinSource'>
      <failure>
        declared in
        http://opencaesar.io/examples/firesat/programs/earth-science/projects/firesat/bundle/individuals.
      </failure>
    </testcase>
    <testcase name='http://iso.org/80000-5-units#hasDegreeCelcius-Has-KelvinTarget'>
      <failure>
        declared in
        http://opencaesar.io/examples/firesat/programs/earth-science/projects/firesat/bundle/individuals.
      </failure>
    </testcase>
    <testcase name='http://iso.org/80000-5-units#kelvin'>
      <failure>
        declared in
        http://opencaesar.io/examples/firesat/programs/earth-science/projects/firesat/bundle/individuals.
      </failure>
    </testcase>
    <testcase name='http://iso.org/80000-6-instances#ampere'>
      <failure>
        declared in
        http://opencaesar.io/examples/firesat/programs/earth-science/projects/firesat/bundle/individuals.
      </failure>
    </testcase>
    <testcase name='http://iso.org/80000-6-instances#coulomb'>
      <failure>
        declared in
        http://opencaesar.io/examples/firesat/programs/earth-science/projects/firesat/bundle/individuals.
      </failure>
    </testcase>
    <testcase name='http://iso.org/80000-6-instances#electric-charge'>
      <failure>
        declared in
        http://opencaesar.io/examples/firesat/programs/earth-science/projects/firesat/bundle/individuals.
      </failure>
    </testcase>
    <testcase name='http://iso.org/80000-6-instances#electric-current'>
      <failure>
        declared in
        http://opencaesar.io/examples/firesat/programs/earth-science/projects/firesat/bundle/individuals.
      </failure>
    </testcase>
    <testcase name='http://iso.org/80000-6-instances#electric-field-strength'>
      <failure>
        declared in
        http://opencaesar.io/examples/firesat/programs/earth-science/projects/firesat/bundle/individuals.
      </failure>
    </testcase>
    <testcase name='http://iso.org/80000-6-instances#electric-potential'>
      <failure>
        declared in
        http://opencaesar.io/examples/firesat/programs/earth-science/projects/firesat/bundle/individuals.
      </failure>
    </testcase>
    <testcase name='http://iso.org/80000-6-instances#newton-per-coulomb'>
      <failure>
        declared in
        http://opencaesar.io/examples/firesat/programs/earth-science/projects/firesat/bundle/individuals.
      </failure>
    </testcase>
    <testcase name='http://iso.org/80000-6-instances#ohm'>
      <failure>
        declared in
        http://opencaesar.io/examples/firesat/programs/earth-science/projects/firesat/bundle/individuals.
      </failure>
    </testcase>
    <testcase name='http://iso.org/80000-6-instances#resistance'>
      <failure>
        declared in
        http://opencaesar.io/examples/firesat/programs/earth-science/projects/firesat/bundle/individuals.
      </failure>
    </testcase>
    <testcase name='http://iso.org/80000-6-instances#systemOfQuantities-electric-charge'>
      <failure>
        declared in
        http://opencaesar.io/examples/firesat/programs/earth-science/projects/firesat/bundle/individuals.
      </failure>
    </testcase>
    <testcase name='http://iso.org/80000-6-instances#systemOfQuantities-electric-current'>
      <failure>
        declared in
        http://opencaesar.io/examples/firesat/programs/earth-science/projects/firesat/bundle/individuals.
      </failure>
    </testcase>
    <testcase name='http://iso.org/80000-6-instances#systemOfQuantities-electric-field-strength'>
      <failure>
        declared in
        http://opencaesar.io/examples/firesat/programs/earth-science/projects/firesat/bundle/individuals.
      </failure>
    </testcase>
    <testcase name='http://iso.org/80000-6-instances#systemOfQuantities-electric-potential'>
      <failure>
        declared in
        http://opencaesar.io/examples/firesat/programs/earth-science/projects/firesat/bundle/individuals.
      </failure>
    </testcase>
    <testcase name='http://iso.org/80000-6-instances#systemOfQuantities-resistance'>
      <failure>
        declared in
        http://opencaesar.io/examples/firesat/programs/earth-science/projects/firesat/bundle/individuals.
      </failure>
    </testcase>
    <testcase name='http://iso.org/80000-6-instances#systemOfUnits-ampere'>
      <failure>
        declared in
        http://opencaesar.io/examples/firesat/programs/earth-science/projects/firesat/bundle/individuals.
      </failure>
    </testcase>
    <testcase name='http://iso.org/80000-6-instances#systemOfUnits-coulomb'>
      <failure>
        declared in
        http://opencaesar.io/examples/firesat/programs/earth-science/projects/firesat/bundle/individuals.
      </failure>
    </testcase>
    <testcase name='http://iso.org/80000-6-instances#systemOfUnits-newton-per-coulomb'>
      <failure>
        declared in
        http://opencaesar.io/examples/firesat/programs/earth-science/projects/firesat/bundle/individuals.
      </failure>
    </testcase>
    <testcase name='http://iso.org/80000-6-instances#systemOfUnits-ohm'>
      <failure>
        declared in
        http://opencaesar.io/examples/firesat/programs/earth-science/projects/firesat/bundle/individuals.
      </failure>
    </testcase>
    <testcase name='http://iso.org/80000-6-instances#systemOfUnits-volt'>
      <failure>
        declared in
        http://opencaesar.io/examples/firesat/programs/earth-science/projects/firesat/bundle/individuals.
      </failure>
    </testcase>
    <testcase name='http://iso.org/80000-6-instances#volt'>
      <failure>
        declared in
        http://opencaesar.io/examples/firesat/programs/earth-science/projects/firesat/bundle/individuals.
      </failure>
    </testcase>
    <testcase name='http://iso.org/80000-6-magnitudes1#ampere-magnitude'>
      <failure>
        declared in
        http://opencaesar.io/examples/firesat/programs/earth-science/projects/firesat/bundle/individuals.
      </failure>
    </testcase>
    <testcase name='http://iso.org/80000-6-magnitudes1#coulomb-magnitude'>
      <failure>
        declared in
        http://opencaesar.io/examples/firesat/programs/earth-science/projects/firesat/bundle/individuals.
      </failure>
    </testcase>
    <testcase name='http://iso.org/80000-6-magnitudes1#newton-per-coulomb-magnitude'>
      <failure>
        declared in
        http://opencaesar.io/examples/firesat/programs/earth-science/projects/firesat/bundle/individuals.
      </failure>
    </testcase>
    <testcase name='http://iso.org/80000-6-magnitudes1#ohm-magnitude'>
      <failure>
        declared in
        http://opencaesar.io/examples/firesat/programs/earth-science/projects/firesat/bundle/individuals.
      </failure>
    </testcase>
    <testcase name='http://iso.org/80000-6-magnitudes1#volt-magnitude'>
      <failure>
        declared in
        http://opencaesar.io/examples/firesat/programs/earth-science/projects/firesat/bundle/individuals.
      </failure>
    </testcase>
    <testcase name='http://iso.org/80000-6-quantities#Electric-Charge-Has-Duration'>
      <failure>
        declared in
        http://opencaesar.io/examples/firesat/programs/earth-science/projects/firesat/bundle/individuals.
      </failure>
    </testcase>
    <testcase name='http://iso.org/80000-6-quantities#Electric-Charge-Has-Electric-Current'>
      <failure>
        declared in
        http://opencaesar.io/examples/firesat/programs/earth-science/projects/firesat/bundle/individuals.
      </failure>
    </testcase>
    <testcase name='http://iso.org/80000-6-quantities#Electric-Field-Strength-Has-Electric-Charge'>
      <failure>
        declared in
        http://opencaesar.io/examples/firesat/programs/earth-science/projects/firesat/bundle/individuals.
      </failure>
    </testcase>
    <testcase name='http://iso.org/80000-6-quantities#Electric-Field-Strength-Has-Force'>
      <failure>
        declared in
        http://opencaesar.io/examples/firesat/programs/earth-science/projects/firesat/bundle/individuals.
      </failure>
    </testcase>
    <testcase name='http://iso.org/80000-6-quantities#Electric-Potential-Has-Electric-Field-Strength'>
      <failure>
        declared in
        http://opencaesar.io/examples/firesat/programs/earth-science/projects/firesat/bundle/individuals.
      </failure>
    </testcase>
    <testcase name='http://iso.org/80000-6-quantities#Electric-Potential-Has-Path-Length'>
      <failure>
        declared in
        http://opencaesar.io/examples/firesat/programs/earth-science/projects/firesat/bundle/individuals.
      </failure>
    </testcase>
    <testcase name='http://iso.org/80000-6-quantities#Resistance-Has-Electric-Current'>
      <failure>
        declared in
        http://opencaesar.io/examples/firesat/programs/earth-science/projects/firesat/bundle/individuals.
      </failure>
    </testcase>
    <testcase name='http://iso.org/80000-6-quantities#Resistance-Has-Electric-Potential'>
      <failure>
        declared in
        http://opencaesar.io/examples/firesat/programs/earth-science/projects/firesat/bundle/individuals.
      </failure>
    </testcase>
    <testcase name='http://iso.org/80000-6-quantities#electric-charge'>
      <failure>
        declared in
        http://opencaesar.io/examples/firesat/programs/earth-science/projects/firesat/bundle/individuals.
      </failure>
    </testcase>
    <testcase name='http://iso.org/80000-6-quantities#electric-charge-has-duration'>
      <failure>
        declared in
        http://opencaesar.io/examples/firesat/programs/earth-science/projects/firesat/bundle/individuals.
      </failure>
    </testcase>
    <testcase name='http://iso.org/80000-6-quantities#electric-charge-has-electric-current'>
      <failure>
        declared in
        http://opencaesar.io/examples/firesat/programs/earth-science/projects/firesat/bundle/individuals.
      </failure>
    </testcase>
    <testcase name='http://iso.org/80000-6-quantities#electric-current'>
      <failure>
        declared in
        http://opencaesar.io/examples/firesat/programs/earth-science/projects/firesat/bundle/individuals.
      </failure>
    </testcase>
    <testcase name='http://iso.org/80000-6-quantities#electric-field-strength'>
      <failure>
        declared in
        http://opencaesar.io/examples/firesat/programs/earth-science/projects/firesat/bundle/individuals.
      </failure>
    </testcase>
    <testcase name='http://iso.org/80000-6-quantities#electric-field-strength-has-electric-charge'>
      <failure>
        declared in
        http://opencaesar.io/examples/firesat/programs/earth-science/projects/firesat/bundle/individuals.
      </failure>
    </testcase>
    <testcase name='http://iso.org/80000-6-quantities#electric-field-strength-has-force'>
      <failure>
        declared in
        http://opencaesar.io/examples/firesat/programs/earth-science/projects/firesat/bundle/individuals.
      </failure>
    </testcase>
    <testcase name='http://iso.org/80000-6-quantities#electric-potential'>
      <failure>
        declared in
        http://opencaesar.io/examples/firesat/programs/earth-science/projects/firesat/bundle/individuals.
      </failure>
    </testcase>
    <testcase name='http://iso.org/80000-6-quantities#electric-potential-has-electric-field-strength'>
      <failure>
        declared in
        http://opencaesar.io/examples/firesat/programs/earth-science/projects/firesat/bundle/individuals.
      </failure>
    </testcase>
    <testcase name='http://iso.org/80000-6-quantities#electric-potential-has-path-length'>
      <failure>
        declared in
        http://opencaesar.io/examples/firesat/programs/earth-science/projects/firesat/bundle/individuals.
      </failure>
    </testcase>
    <testcase name='http://iso.org/80000-6-quantities#hasElectric-Charge-Has-DurationSource'>
      <failure>
        declared in
        http://opencaesar.io/examples/firesat/programs/earth-science/projects/firesat/bundle/individuals.
      </failure>
    </testcase>
    <testcase name='http://iso.org/80000-6-quantities#hasElectric-Charge-Has-DurationTarget'>
      <failure>
        declared in
        http://opencaesar.io/examples/firesat/programs/earth-science/projects/firesat/bundle/individuals.
      </failure>
    </testcase>
    <testcase name='http://iso.org/80000-6-quantities#hasElectric-Charge-Has-Electric-CurrentSource'>
      <failure>
        declared in
        http://opencaesar.io/examples/firesat/programs/earth-science/projects/firesat/bundle/individuals.
      </failure>
    </testcase>
    <testcase name='http://iso.org/80000-6-quantities#hasElectric-Charge-Has-Electric-CurrentTarget'>
      <failure>
        declared in
        http://opencaesar.io/examples/firesat/programs/earth-science/projects/firesat/bundle/individuals.
      </failure>
    </testcase>
    <testcase name='http://iso.org/80000-6-quantities#hasElectric-Field-Strength-Has-Electric-ChargeSource'>
      <failure>
        declared in
        http://opencaesar.io/examples/firesat/programs/earth-science/projects/firesat/bundle/individuals.
      </failure>
    </testcase>
    <testcase name='http://iso.org/80000-6-quantities#hasElectric-Field-Strength-Has-Electric-ChargeTarget'>
      <failure>
        declared in
        http://opencaesar.io/examples/firesat/programs/earth-science/projects/firesat/bundle/individuals.
      </failure>
    </testcase>
    <testcase name='http://iso.org/80000-6-quantities#hasElectric-Field-Strength-Has-ForceSource'>
      <failure>
        declared in
        http://opencaesar.io/examples/firesat/programs/earth-science/projects/firesat/bundle/individuals.
      </failure>
    </testcase>
    <testcase name='http://iso.org/80000-6-quantities#hasElectric-Field-Strength-Has-ForceTarget'>
      <failure>
        declared in
        http://opencaesar.io/examples/firesat/programs/earth-science/projects/firesat/bundle/individuals.
      </failure>
    </testcase>
    <testcase name='http://iso.org/80000-6-quantities#hasElectric-Potential-Has-Electric-Field-StrengthSource'>
      <failure>
        declared in
        http://opencaesar.io/examples/firesat/programs/earth-science/projects/firesat/bundle/individuals.
      </failure>
    </testcase>
    <testcase name='http://iso.org/80000-6-quantities#hasElectric-Potential-Has-Electric-Field-StrengthTarget'>
      <failure>
        declared in
        http://opencaesar.io/examples/firesat/programs/earth-science/projects/firesat/bundle/individuals.
      </failure>
    </testcase>
    <testcase name='http://iso.org/80000-6-quantities#hasElectric-Potential-Has-Path-LengthSource'>
      <failure>
        declared in
        http://opencaesar.io/examples/firesat/programs/earth-science/projects/firesat/bundle/individuals.
      </failure>
    </testcase>
    <testcase name='http://iso.org/80000-6-quantities#hasElectric-Potential-Has-Path-LengthTarget'>
      <failure>
        declared in
        http://opencaesar.io/examples/firesat/programs/earth-science/projects/firesat/bundle/individuals.
      </failure>
    </testcase>
    <testcase name='http://iso.org/80000-6-quantities#hasResistance-Has-Electric-CurrentSource'>
      <failure>
        declared in
        http://opencaesar.io/examples/firesat/programs/earth-science/projects/firesat/bundle/individuals.
      </failure>
    </testcase>
    <testcase name='http://iso.org/80000-6-quantities#hasResistance-Has-Electric-CurrentTarget'>
      <failure>
        declared in
        http://opencaesar.io/examples/firesat/programs/earth-science/projects/firesat/bundle/individuals.
      </failure>
    </testcase>
    <testcase name='http://iso.org/80000-6-quantities#hasResistance-Has-Electric-PotentialSource'>
      <failure>
        declared in
        http://opencaesar.io/examples/firesat/programs/earth-science/projects/firesat/bundle/individuals.
      </failure>
    </testcase>
    <testcase name='http://iso.org/80000-6-quantities#hasResistance-Has-Electric-PotentialTarget'>
      <failure>
        declared in
        http://opencaesar.io/examples/firesat/programs/earth-science/projects/firesat/bundle/individuals.
      </failure>
    </testcase>
    <testcase name='http://iso.org/80000-6-quantities#resistance'>
      <failure>
        declared in
        http://opencaesar.io/examples/firesat/programs/earth-science/projects/firesat/bundle/individuals.
      </failure>
    </testcase>
    <testcase name='http://iso.org/80000-6-quantities#resistance-has-electric-current'>
      <failure>
        declared in
        http://opencaesar.io/examples/firesat/programs/earth-science/projects/firesat/bundle/individuals.
      </failure>
    </testcase>
    <testcase name='http://iso.org/80000-6-quantities#resistance-has-electric-potential'>
      <failure>
        declared in
        http://opencaesar.io/examples/firesat/programs/earth-science/projects/firesat/bundle/individuals.
      </failure>
    </testcase>
    <testcase name='http://iso.org/80000-6-units#Coulomb-Has-Ampere'>
      <failure>
        declared in
        http://opencaesar.io/examples/firesat/programs/earth-science/projects/firesat/bundle/individuals.
      </failure>
    </testcase>
    <testcase name='http://iso.org/80000-6-units#Coulomb-Has-Second'>
      <failure>
        declared in
        http://opencaesar.io/examples/firesat/programs/earth-science/projects/firesat/bundle/individuals.
      </failure>
    </testcase>
    <testcase name='http://iso.org/80000-6-units#ElectricChargeMagnitude'>
      <failure>
        declared in
        http://opencaesar.io/examples/firesat/programs/earth-science/projects/firesat/bundle/individuals.
      </failure>
    </testcase>
    <testcase name='http://iso.org/80000-6-units#ElectricChargeUnit'>
      <failure>
        declared in
        http://opencaesar.io/examples/firesat/programs/earth-science/projects/firesat/bundle/individuals.
      </failure>
    </testcase>
    <testcase name='http://iso.org/80000-6-units#ElectricCurrentMagnitude'>
      <failure>
        declared in
        http://opencaesar.io/examples/firesat/programs/earth-science/projects/firesat/bundle/individuals.
      </failure>
    </testcase>
    <testcase name='http://iso.org/80000-6-units#ElectricCurrentUnit'>
      <failure>
        declared in
        http://opencaesar.io/examples/firesat/programs/earth-science/projects/firesat/bundle/individuals.
      </failure>
    </testcase>
    <testcase name='http://iso.org/80000-6-units#ElectricFieldStrengthMagnitude'>
      <failure>
        declared in
        http://opencaesar.io/examples/firesat/programs/earth-science/projects/firesat/bundle/individuals.
      </failure>
    </testcase>
    <testcase name='http://iso.org/80000-6-units#ElectricFieldStrengthUnit'>
      <failure>
        declared in
        http://opencaesar.io/examples/firesat/programs/earth-science/projects/firesat/bundle/individuals.
      </failure>
    </testcase>
    <testcase name='http://iso.org/80000-6-units#ElectricPotentialMagnitude'>
      <failure>
        declared in
        http://opencaesar.io/examples/firesat/programs/earth-science/projects/firesat/bundle/individuals.
      </failure>
    </testcase>
    <testcase name='http://iso.org/80000-6-units#ElectricPotentialUnit'>
      <failure>
        declared in
        http://opencaesar.io/examples/firesat/programs/earth-science/projects/firesat/bundle/individuals.
      </failure>
    </testcase>
    <testcase name='http://iso.org/80000-6-units#Newton-Per-Coulomb-Has-Coulomb'>
      <failure>
        declared in
        http://opencaesar.io/examples/firesat/programs/earth-science/projects/firesat/bundle/individuals.
      </failure>
    </testcase>
    <testcase name='http://iso.org/80000-6-units#Newton-Per-Coulomb-Has-Newton'>
      <failure>
        declared in
        http://opencaesar.io/examples/firesat/programs/earth-science/projects/firesat/bundle/individuals.
      </failure>
    </testcase>
    <testcase name='http://iso.org/80000-6-units#Ohm-Has-Ampere'>
      <failure>
        declared in
        http://opencaesar.io/examples/firesat/programs/earth-science/projects/firesat/bundle/individuals.
      </failure>
    </testcase>
    <testcase name='http://iso.org/80000-6-units#Ohm-Has-Volt'>
      <failure>
        declared in
        http://opencaesar.io/examples/firesat/programs/earth-science/projects/firesat/bundle/individuals.
      </failure>
    </testcase>
    <testcase name='http://iso.org/80000-6-units#ResistanceMagnitude'>
      <failure>
        declared in
        http://opencaesar.io/examples/firesat/programs/earth-science/projects/firesat/bundle/individuals.
      </failure>
    </testcase>
    <testcase name='http://iso.org/80000-6-units#ResistanceUnit'>
      <failure>
        declared in
        http://opencaesar.io/examples/firesat/programs/earth-science/projects/firesat/bundle/individuals.
      </failure>
    </testcase>
    <testcase name='http://iso.org/80000-6-units#Volt-Has-Metre'>
      <failure>
        declared in
        http://opencaesar.io/examples/firesat/programs/earth-science/projects/firesat/bundle/individuals.
      </failure>
    </testcase>
    <testcase name='http://iso.org/80000-6-units#Volt-Has-Newton-Per-Coulomb'>
      <failure>
        declared in
        http://opencaesar.io/examples/firesat/programs/earth-science/projects/firesat/bundle/individuals.
      </failure>
    </testcase>
    <testcase name='http://iso.org/80000-6-units#ampere'>
      <failure>
        declared in
        http://opencaesar.io/examples/firesat/programs/earth-science/projects/firesat/bundle/individuals.
      </failure>
    </testcase>
    <testcase name='http://iso.org/80000-6-units#coulomb'>
      <failure>
        declared in
        http://opencaesar.io/examples/firesat/programs/earth-science/projects/firesat/bundle/individuals.
      </failure>
    </testcase>
    <testcase name='http://iso.org/80000-6-units#coulomb-has-ampere'>
      <failure>
        declared in
        http://opencaesar.io/examples/firesat/programs/earth-science/projects/firesat/bundle/individuals.
      </failure>
    </testcase>
    <testcase name='http://iso.org/80000-6-units#coulomb-has-second'>
      <failure>
        declared in
        http://opencaesar.io/examples/firesat/programs/earth-science/projects/firesat/bundle/individuals.
      </failure>
    </testcase>
    <testcase name='http://iso.org/80000-6-units#hasCoulomb-Has-AmpereSource'>
      <failure>
        declared in
        http://opencaesar.io/examples/firesat/programs/earth-science/projects/firesat/bundle/individuals.
      </failure>
    </testcase>
    <testcase name='http://iso.org/80000-6-units#hasCoulomb-Has-AmpereTarget'>
      <failure>
        declared in
        http://opencaesar.io/examples/firesat/programs/earth-science/projects/firesat/bundle/individuals.
      </failure>
    </testcase>
    <testcase name='http://iso.org/80000-6-units#hasCoulomb-Has-SecondSource'>
      <failure>
        declared in
        http://opencaesar.io/examples/firesat/programs/earth-science/projects/firesat/bundle/individuals.
      </failure>
    </testcase>
    <testcase name='http://iso.org/80000-6-units#hasCoulomb-Has-SecondTarget'>
      <failure>
        declared in
        http://opencaesar.io/examples/firesat/programs/earth-science/projects/firesat/bundle/individuals.
      </failure>
    </testcase>
    <testcase name='http://iso.org/80000-6-units#hasNewton-Per-Coulomb-Has-CoulombSource'>
      <failure>
        declared in
        http://opencaesar.io/examples/firesat/programs/earth-science/projects/firesat/bundle/individuals.
      </failure>
    </testcase>
    <testcase name='http://iso.org/80000-6-units#hasNewton-Per-Coulomb-Has-CoulombTarget'>
      <failure>
        declared in
        http://opencaesar.io/examples/firesat/programs/earth-science/projects/firesat/bundle/individuals.
      </failure>
    </testcase>
    <testcase name='http://iso.org/80000-6-units#hasNewton-Per-Coulomb-Has-NewtonSource'>
      <failure>
        declared in
        http://opencaesar.io/examples/firesat/programs/earth-science/projects/firesat/bundle/individuals.
      </failure>
    </testcase>
    <testcase name='http://iso.org/80000-6-units#hasNewton-Per-Coulomb-Has-NewtonTarget'>
      <failure>
        declared in
        http://opencaesar.io/examples/firesat/programs/earth-science/projects/firesat/bundle/individuals.
      </failure>
    </testcase>
    <testcase name='http://iso.org/80000-6-units#hasOhm-Has-AmpereSource'>
      <failure>
        declared in
        http://opencaesar.io/examples/firesat/programs/earth-science/projects/firesat/bundle/individuals.
      </failure>
    </testcase>
    <testcase name='http://iso.org/80000-6-units#hasOhm-Has-AmpereTarget'>
      <failure>
        declared in
        http://opencaesar.io/examples/firesat/programs/earth-science/projects/firesat/bundle/individuals.
      </failure>
    </testcase>
    <testcase name='http://iso.org/80000-6-units#hasOhm-Has-VoltSource'>
      <failure>
        declared in
        http://opencaesar.io/examples/firesat/programs/earth-science/projects/firesat/bundle/individuals.
      </failure>
    </testcase>
    <testcase name='http://iso.org/80000-6-units#hasOhm-Has-VoltTarget'>
      <failure>
        declared in
        http://opencaesar.io/examples/firesat/programs/earth-science/projects/firesat/bundle/individuals.
      </failure>
    </testcase>
    <testcase name='http://iso.org/80000-6-units#hasVolt-Has-MetreSource'>
      <failure>
        declared in
        http://opencaesar.io/examples/firesat/programs/earth-science/projects/firesat/bundle/individuals.
      </failure>
    </testcase>
    <testcase name='http://iso.org/80000-6-units#hasVolt-Has-MetreTarget'>
      <failure>
        declared in
        http://opencaesar.io/examples/firesat/programs/earth-science/projects/firesat/bundle/individuals.
      </failure>
    </testcase>
    <testcase name='http://iso.org/80000-6-units#hasVolt-Has-Newton-Per-CoulombSource'>
      <failure>
        declared in
        http://opencaesar.io/examples/firesat/programs/earth-science/projects/firesat/bundle/individuals.
      </failure>
    </testcase>
    <testcase name='http://iso.org/80000-6-units#hasVolt-Has-Newton-Per-CoulombTarget'>
      <failure>
        declared in
        http://opencaesar.io/examples/firesat/programs/earth-science/projects/firesat/bundle/individuals.
      </failure>
    </testcase>
    <testcase name='http://iso.org/80000-6-units#newton-per-coulomb'>
      <failure>
        declared in
        http://opencaesar.io/examples/firesat/programs/earth-science/projects/firesat/bundle/individuals.
      </failure>
    </testcase>
    <testcase name='http://iso.org/80000-6-units#newton-per-coulomb-has-coulomb'>
      <failure>
        declared in
        http://opencaesar.io/examples/firesat/programs/earth-science/projects/firesat/bundle/individuals.
      </failure>
    </testcase>
    <testcase name='http://iso.org/80000-6-units#newton-per-coulomb-has-newton'>
      <failure>
        declared in
        http://opencaesar.io/examples/firesat/programs/earth-science/projects/firesat/bundle/individuals.
      </failure>
    </testcase>
    <testcase name='http://iso.org/80000-6-units#ohm'>
      <failure>
        declared in
        http://opencaesar.io/examples/firesat/programs/earth-science/projects/firesat/bundle/individuals.
      </failure>
    </testcase>
    <testcase name='http://iso.org/80000-6-units#ohm-has-ampere'>
      <failure>
        declared in
        http://opencaesar.io/examples/firesat/programs/earth-science/projects/firesat/bundle/individuals.
      </failure>
    </testcase>
    <testcase name='http://iso.org/80000-6-units#ohm-has-volt'>
      <failure>
        declared in
        http://opencaesar.io/examples/firesat/programs/earth-science/projects/firesat/bundle/individuals.
      </failure>
    </testcase>
    <testcase name='http://iso.org/80000-6-units#volt'>
      <failure>
        declared in
        http://opencaesar.io/examples/firesat/programs/earth-science/projects/firesat/bundle/individuals.
      </failure>
    </testcase>
    <testcase name='http://iso.org/80000-6-units#volt-has-metre'>
      <failure>
        declared in
        http://opencaesar.io/examples/firesat/programs/earth-science/projects/firesat/bundle/individuals.
      </failure>
    </testcase>
    <testcase name='http://iso.org/80000-6-units#volt-has-newton-per-coulomb'>
      <failure>
        declared in
        http://opencaesar.io/examples/firesat/programs/earth-science/projects/firesat/bundle/individuals.
      </failure>
    </testcase>
    <testcase name='http://iso.org/80000-instances#systemOfQuantities'>
      <failure>
        declared in
        http://opencaesar.io/examples/firesat/programs/earth-science/projects/firesat/bundle/individuals.
      </failure>
    </testcase>
    <testcase name='http://iso.org/80000-instances#systemOfUnits'>
      <failure>
        declared in
        http://opencaesar.io/examples/firesat/programs/earth-science/projects/firesat/bundle/individuals.
      </failure>
    </testcase>
    <testcase name='http://iupac.org/metrology#CoherentMeasurementUnit'>
      <failure>
        declared in
        http://opencaesar.io/examples/firesat/programs/earth-science/projects/firesat/bundle/individuals.
      </failure>
    </testcase>
    <testcase name='http://iupac.org/metrology#DerivedMeasurementUnit'>
      <failure>
        declared in
        http://opencaesar.io/examples/firesat/programs/earth-science/projects/firesat/bundle/individuals.
      </failure>
    </testcase>
    <testcase name='http://iupac.org/metrology#DerivedUnitaryQuantity'>
      <failure>
        declared in
        http://opencaesar.io/examples/firesat/programs/earth-science/projects/firesat/bundle/individuals.
      </failure>
    </testcase>
    <testcase name='http://iupac.org/metrology#ExponentFactor'>
      <failure>
        declared in
        http://opencaesar.io/examples/firesat/programs/earth-science/projects/firesat/bundle/individuals.
      </failure>
    </testcase>
    <testcase name='http://iupac.org/metrology#HasFactorForMeasurementUnit'>
      <failure>
        declared in
        http://opencaesar.io/examples/firesat/programs/earth-science/projects/firesat/bundle/individuals.
      </failure>
    </testcase>
    <testcase name='http://iupac.org/metrology#HasFactorForUnitaryQuantity'>
      <failure>
        declared in
        http://opencaesar.io/examples/firesat/programs/earth-science/projects/firesat/bundle/individuals.
      </failure>
    </testcase>
    <testcase name='http://iupac.org/metrology#HasPrefix'>
      <failure>
        declared in
        http://opencaesar.io/examples/firesat/programs/earth-science/projects/firesat/bundle/individuals.
      </failure>
    </testcase>
    <testcase name='http://iupac.org/metrology#HasReference'>
      <failure>
        declared in
        http://opencaesar.io/examples/firesat/programs/earth-science/projects/firesat/bundle/individuals.
      </failure>
    </testcase>
    <testcase name='http://iupac.org/metrology#IndependentMeasurementUnit'>
      <failure>
        declared in
        http://opencaesar.io/examples/firesat/programs/earth-science/projects/firesat/bundle/individuals.
      </failure>
    </testcase>
    <testcase name='http://iupac.org/metrology#IndependentUnitaryQuantity'>
      <failure>
        declared in
        http://opencaesar.io/examples/firesat/programs/earth-science/projects/firesat/bundle/individuals.
      </failure>
    </testcase>
    <testcase name='http://iupac.org/metrology#IsMagnitudeOf'>
      <failure>
        declared in
        http://opencaesar.io/examples/firesat/programs/earth-science/projects/firesat/bundle/individuals.
      </failure>
    </testcase>
    <testcase name='http://iupac.org/metrology#IsQuantityOf'>
      <failure>
        declared in
        http://opencaesar.io/examples/firesat/programs/earth-science/projects/firesat/bundle/individuals.
      </failure>
    </testcase>
    <testcase name='http://iupac.org/metrology#IsReflexiveMagnitudeOf'>
      <failure>
        declared in
        http://opencaesar.io/examples/firesat/programs/earth-science/projects/firesat/bundle/individuals.
      </failure>
    </testcase>
    <testcase name='http://iupac.org/metrology#Magnitude'>
      <failure>
        declared in
        http://opencaesar.io/examples/firesat/programs/earth-science/projects/firesat/bundle/individuals.
      </failure>
    </testcase>
    <testcase name='http://iupac.org/metrology#MeasurementProcedure'>
      <failure>
        declared in
        http://opencaesar.io/examples/firesat/programs/earth-science/projects/firesat/bundle/individuals.
      </failure>
    </testcase>
    <testcase name='http://iupac.org/metrology#MeasurementUnit'>
      <failure>
        declared in
        http://opencaesar.io/examples/firesat/programs/earth-science/projects/firesat/bundle/individuals.
      </failure>
    </testcase>
    <testcase name='http://iupac.org/metrology#MetrologicalEntity'>
      <failure>
        declared in
        http://opencaesar.io/examples/firesat/programs/earth-science/projects/firesat/bundle/individuals.
      </failure>
    </testcase>
    <testcase name='http://iupac.org/metrology#NonCoherentDerivedMeasurementUnit'>
      <failure>
        declared in
        http://opencaesar.io/examples/firesat/programs/earth-science/projects/firesat/bundle/individuals.
      </failure>
    </testcase>
    <testcase name='http://iupac.org/metrology#NonCoherentDerivedMeasurementUnitOf'>
      <failure>
        declared in
        http://opencaesar.io/examples/firesat/programs/earth-science/projects/firesat/bundle/individuals.
      </failure>
    </testcase>
    <testcase name='http://iupac.org/metrology#Object'>
      <failure>
        declared in
        http://opencaesar.io/examples/firesat/programs/earth-science/projects/firesat/bundle/individuals.
      </failure>
    </testcase>
    <testcase name='http://iupac.org/metrology#OrdinalMagnitude'>
      <failure>
        declared in
        http://opencaesar.io/examples/firesat/programs/earth-science/projects/firesat/bundle/individuals.
      </failure>
    </testcase>
    <testcase name='http://iupac.org/metrology#OrdinalQuantity'>
      <failure>
        declared in
        http://opencaesar.io/examples/firesat/programs/earth-science/projects/firesat/bundle/individuals.
      </failure>
    </testcase>
    <testcase name='http://iupac.org/metrology#Prefix'>
      <failure>
        declared in
        http://opencaesar.io/examples/firesat/programs/earth-science/projects/firesat/bundle/individuals.
      </failure>
    </testcase>
    <testcase name='http://iupac.org/metrology#PrefixedMeasurementUnit'>
      <failure>
        declared in
        http://opencaesar.io/examples/firesat/programs/earth-science/projects/firesat/bundle/individuals.
      </failure>
    </testcase>
    <testcase name='http://iupac.org/metrology#Quantity'>
      <failure>
        declared in
        http://opencaesar.io/examples/firesat/programs/earth-science/projects/firesat/bundle/individuals.
      </failure>
    </testcase>
    <testcase name='http://iupac.org/metrology#Reference'>
      <failure>
        declared in
        http://opencaesar.io/examples/firesat/programs/earth-science/projects/firesat/bundle/individuals.
      </failure>
    </testcase>
    <testcase name='http://iupac.org/metrology#ReferenceMaterial'>
      <failure>
        declared in
        http://opencaesar.io/examples/firesat/programs/earth-science/projects/firesat/bundle/individuals.
      </failure>
    </testcase>
    <testcase name='http://iupac.org/metrology#SystemHasMetrologicalUnit'>
      <failure>
        declared in
        http://opencaesar.io/examples/firesat/programs/earth-science/projects/firesat/bundle/individuals.
      </failure>
    </testcase>
    <testcase name='http://iupac.org/metrology#SystemHasUnitaryQuantity'>
      <failure>
        declared in
        http://opencaesar.io/examples/firesat/programs/earth-science/projects/firesat/bundle/individuals.
      </failure>
    </testcase>
    <testcase name='http://iupac.org/metrology#SystemOfMetrologicalUnits'>
      <failure>
        declared in
        http://opencaesar.io/examples/firesat/programs/earth-science/projects/firesat/bundle/individuals.
      </failure>
    </testcase>
    <testcase name='http://iupac.org/metrology#SystemOfUnitaryQuantities'>
      <failure>
        declared in
        http://opencaesar.io/examples/firesat/programs/earth-science/projects/firesat/bundle/individuals.
      </failure>
    </testcase>
    <testcase name='http://iupac.org/metrology#Thing'>
      <failure>
        declared in
        http://opencaesar.io/examples/firesat/programs/earth-science/projects/firesat/bundle/individuals.
      </failure>
    </testcase>
    <testcase name='http://iupac.org/metrology#UnitaryMagnitude'>
      <failure>
        declared in
        http://opencaesar.io/examples/firesat/programs/earth-science/projects/firesat/bundle/individuals.
      </failure>
    </testcase>
    <testcase name='http://iupac.org/metrology#UnitaryQuantity'>
      <failure>
        declared in
        http://opencaesar.io/examples/firesat/programs/earth-science/projects/firesat/bundle/individuals.
      </failure>
    </testcase>
    <testcase name='http://iupac.org/metrology#exponent'>
      <failure>
        declared in
        http://opencaesar.io/examples/firesat/programs/earth-science/projects/firesat/bundle/individuals.
      </failure>
    </testcase>
    <testcase name='http://iupac.org/metrology#hasDoubleNumber'>
      <failure>
        declared in
        http://opencaesar.io/examples/firesat/programs/earth-science/projects/firesat/bundle/individuals.
      </failure>
    </testcase>
    <testcase name='http://iupac.org/metrology#hasFactorForMeasurementUnit'>
      <failure>
        declared in
        http://opencaesar.io/examples/firesat/programs/earth-science/projects/firesat/bundle/individuals.
      </failure>
    </testcase>
    <testcase name='http://iupac.org/metrology#hasFactorForUnitaryQuantity'>
      <failure>
        declared in
        http://opencaesar.io/examples/firesat/programs/earth-science/projects/firesat/bundle/individuals.
      </failure>
    </testcase>
    <testcase name='http://iupac.org/metrology#hasHasFactorForMeasurementUnitSource'>
      <failure>
        declared in
        http://opencaesar.io/examples/firesat/programs/earth-science/projects/firesat/bundle/individuals.
      </failure>
    </testcase>
    <testcase name='http://iupac.org/metrology#hasHasFactorForMeasurementUnitTarget'>
      <failure>
        declared in
        http://opencaesar.io/examples/firesat/programs/earth-science/projects/firesat/bundle/individuals.
      </failure>
    </testcase>
    <testcase name='http://iupac.org/metrology#hasHasFactorForUnitaryQuantitySource'>
      <failure>
        declared in
        http://opencaesar.io/examples/firesat/programs/earth-science/projects/firesat/bundle/individuals.
      </failure>
    </testcase>
    <testcase name='http://iupac.org/metrology#hasHasFactorForUnitaryQuantityTarget'>
      <failure>
        declared in
        http://opencaesar.io/examples/firesat/programs/earth-science/projects/firesat/bundle/individuals.
      </failure>
    </testcase>
    <testcase name='http://iupac.org/metrology#hasHasPrefixSource'>
      <failure>
        declared in
        http://opencaesar.io/examples/firesat/programs/earth-science/projects/firesat/bundle/individuals.
      </failure>
    </testcase>
    <testcase name='http://iupac.org/metrology#hasHasPrefixTarget'>
      <failure>
        declared in
        http://opencaesar.io/examples/firesat/programs/earth-science/projects/firesat/bundle/individuals.
      </failure>
    </testcase>
    <testcase name='http://iupac.org/metrology#hasHasReferenceSource'>
      <failure>
        declared in
        http://opencaesar.io/examples/firesat/programs/earth-science/projects/firesat/bundle/individuals.
      </failure>
    </testcase>
    <testcase name='http://iupac.org/metrology#hasHasReferenceTarget'>
      <failure>
        declared in
        http://opencaesar.io/examples/firesat/programs/earth-science/projects/firesat/bundle/individuals.
      </failure>
    </testcase>
    <testcase name='http://iupac.org/metrology#hasIsMagnitudeOfSource'>
      <failure>
        declared in
        http://opencaesar.io/examples/firesat/programs/earth-science/projects/firesat/bundle/individuals.
      </failure>
    </testcase>
    <testcase name='http://iupac.org/metrology#hasIsMagnitudeOfTarget'>
      <failure>
        declared in
        http://opencaesar.io/examples/firesat/programs/earth-science/projects/firesat/bundle/individuals.
      </failure>
    </testcase>
    <testcase name='http://iupac.org/metrology#hasIsQuantityOfSource'>
      <failure>
        declared in
        http://opencaesar.io/examples/firesat/programs/earth-science/projects/firesat/bundle/individuals.
      </failure>
    </testcase>
    <testcase name='http://iupac.org/metrology#hasIsQuantityOfTarget'>
      <failure>
        declared in
        http://opencaesar.io/examples/firesat/programs/earth-science/projects/firesat/bundle/individuals.
      </failure>
    </testcase>
    <testcase name='http://iupac.org/metrology#hasIsReflexiveMagnitudeOfSource'>
      <failure>
        declared in
        http://opencaesar.io/examples/firesat/programs/earth-science/projects/firesat/bundle/individuals.
      </failure>
    </testcase>
    <testcase name='http://iupac.org/metrology#hasIsReflexiveMagnitudeOfTarget'>
      <failure>
        declared in
        http://opencaesar.io/examples/firesat/programs/earth-science/projects/firesat/bundle/individuals.
      </failure>
    </testcase>
    <testcase name='http://iupac.org/metrology#hasMagnitude'>
      <failure>
        declared in
        http://opencaesar.io/examples/firesat/programs/earth-science/projects/firesat/bundle/individuals.
      </failure>
    </testcase>
    <testcase name='http://iupac.org/metrology#hasNonCoherentDerivedMeasurementUnitOfSource'>
      <failure>
        declared in
        http://opencaesar.io/examples/firesat/programs/earth-science/projects/firesat/bundle/individuals.
      </failure>
    </testcase>
    <testcase name='http://iupac.org/metrology#hasNonCoherentDerivedMeasurementUnitOfTarget'>
      <failure>
        declared in
        http://opencaesar.io/examples/firesat/programs/earth-science/projects/firesat/bundle/individuals.
      </failure>
    </testcase>
    <testcase name='http://iupac.org/metrology#hasPrefix'>
      <failure>
        declared in
        http://opencaesar.io/examples/firesat/programs/earth-science/projects/firesat/bundle/individuals.
      </failure>
    </testcase>
    <testcase name='http://iupac.org/metrology#hasQuantity'>
      <failure>
        declared in
        http://opencaesar.io/examples/firesat/programs/earth-science/projects/firesat/bundle/individuals.
      </failure>
    </testcase>
    <testcase name='http://iupac.org/metrology#hasReference'>
      <failure>
        declared in
        http://opencaesar.io/examples/firesat/programs/earth-science/projects/firesat/bundle/individuals.
      </failure>
    </testcase>
    <testcase name='http://iupac.org/metrology#hasSystemHasMetrologicalUnitSource'>
      <failure>
        declared in
        http://opencaesar.io/examples/firesat/programs/earth-science/projects/firesat/bundle/individuals.
      </failure>
    </testcase>
    <testcase name='http://iupac.org/metrology#hasSystemHasMetrologicalUnitTarget'>
      <failure>
        declared in
        http://opencaesar.io/examples/firesat/programs/earth-science/projects/firesat/bundle/individuals.
      </failure>
    </testcase>
    <testcase name='http://iupac.org/metrology#hasSystemHasUnitaryQuantitySource'>
      <failure>
        declared in
        http://opencaesar.io/examples/firesat/programs/earth-science/projects/firesat/bundle/individuals.
      </failure>
    </testcase>
    <testcase name='http://iupac.org/metrology#hasSystemHasUnitaryQuantityTarget'>
      <failure>
        declared in
        http://opencaesar.io/examples/firesat/programs/earth-science/projects/firesat/bundle/individuals.
      </failure>
    </testcase>
    <testcase name='http://iupac.org/metrology#isBaseMetrologicalUnit'>
      <failure>
        declared in
        http://opencaesar.io/examples/firesat/programs/earth-science/projects/firesat/bundle/individuals.
      </failure>
    </testcase>
    <testcase name='http://iupac.org/metrology#isBaseQuantity'>
      <failure>
        declared in
        http://opencaesar.io/examples/firesat/programs/earth-science/projects/firesat/bundle/individuals.
      </failure>
    </testcase>
    <testcase name='http://iupac.org/metrology#isDimensionlessMeasurementUnit'>
      <failure>
        declared in
        http://opencaesar.io/examples/firesat/programs/earth-science/projects/firesat/bundle/individuals.
      </failure>
    </testcase>
    <testcase name='http://iupac.org/metrology#isDimensionlessQuantity'>
      <failure>
        declared in
        http://opencaesar.io/examples/firesat/programs/earth-science/projects/firesat/bundle/individuals.
      </failure>
    </testcase>
    <testcase name='http://iupac.org/metrology#isMagnitudeOf'>
      <failure>
        declared in
        http://opencaesar.io/examples/firesat/programs/earth-science/projects/firesat/bundle/individuals.
      </failure>
    </testcase>
    <testcase name='http://iupac.org/metrology#isQuantityOf'>
      <failure>
        declared in
        http://opencaesar.io/examples/firesat/programs/earth-science/projects/firesat/bundle/individuals.
      </failure>
    </testcase>
    <testcase name='http://iupac.org/metrology#isReflexiveMagnitudeOf'>
      <failure>
        declared in
        http://opencaesar.io/examples/firesat/programs/earth-science/projects/firesat/bundle/individuals.
      </failure>
    </testcase>
    <testcase name='http://iupac.org/metrology#nonCoherentDerivedMeasurementUnitOf'>
      <failure>
        declared in
        http://opencaesar.io/examples/firesat/programs/earth-science/projects/firesat/bundle/individuals.
      </failure>
    </testcase>
    <testcase name='http://iupac.org/metrology#nonCoherentRelationship'>
      <failure>
        declared in
        http://opencaesar.io/examples/firesat/programs/earth-science/projects/firesat/bundle/individuals.
      </failure>
    </testcase>
    <testcase name='http://iupac.org/metrology#systemHasMetrologicalUnit'>
      <failure>
        declared in
        http://opencaesar.io/examples/firesat/programs/earth-science/projects/firesat/bundle/individuals.
      </failure>
    </testcase>
    <testcase name='http://iupac.org/metrology#systemHasUnitaryQuantity'>
      <failure>
        declared in
        http://opencaesar.io/examples/firesat/programs/earth-science/projects/firesat/bundle/individuals.
      </failure>
    </testcase>
    <testcase name='http://opencaesar.io/examples/firesat/organizations/boeing#Boeing'>
      <failure>
        declared in
        http://opencaesar.io/examples/firesat/programs/earth-science/projects/firesat/bundle/individuals.
      </failure>
    </testcase>
    <testcase name='http://opencaesar.io/examples/firesat/organizations/curtiss-wright#CurtissWright'>
      <failure>
        declared in
        http://opencaesar.io/examples/firesat/programs/earth-science/projects/firesat/bundle/individuals.
      </failure>
    </testcase>
    <testcase name='http://opencaesar.io/examples/firesat/organizations/jpl#JPL'>
      <failure>
        declared in
        http://opencaesar.io/examples/firesat/programs/earth-science/projects/firesat/bundle/individuals.
      </failure>
    </testcase>
    <testcase name='http://opencaesar.io/examples/firesat/organizations/lockheed-martin#LockheedMartin'>
      <failure>
        declared in
        http://opencaesar.io/examples/firesat/programs/earth-science/projects/firesat/bundle/individuals.
      </failure>
    </testcase>
    <testcase name='http://opencaesar.io/examples/firesat/organizations/nasa#BobF'>
      <failure>
        declared in
        http://opencaesar.io/examples/firesat/programs/earth-science/projects/firesat/bundle/individuals.
      </failure>
    </testcase>
    <testcase name='http://opencaesar.io/examples/firesat/organizations/nasa#HarryP'>
      <failure>
        declared in
        http://opencaesar.io/examples/firesat/programs/earth-science/projects/firesat/bundle/individuals.
      </failure>
    </testcase>
    <testcase name='http://opencaesar.io/examples/firesat/organizations/nasa#JohnA'>
      <failure>
        declared in
        http://opencaesar.io/examples/firesat/programs/earth-science/projects/firesat/bundle/individuals.
      </failure>
    </testcase>
    <testcase name='http://opencaesar.io/examples/firesat/organizations/nasa#LukeS'>
      <failure>
        declared in
        http://opencaesar.io/examples/firesat/programs/earth-science/projects/firesat/bundle/individuals.
      </failure>
    </testcase>
    <testcase name='http://opencaesar.io/examples/firesat/organizations/nasa#NASA'>
      <failure>
        declared in
        http://opencaesar.io/examples/firesat/programs/earth-science/projects/firesat/bundle/individuals.
      </failure>
    </testcase>
    <testcase name='http://opencaesar.io/examples/firesat/organizations/nasa#PaulN'>
      <failure>
        declared in
        http://opencaesar.io/examples/firesat/programs/earth-science/projects/firesat/bundle/individuals.
      </failure>
    </testcase>
    <testcase name='http://opencaesar.io/examples/firesat/organizations/nasa#ProjectManager'>
      <failure>
        declared in
        http://opencaesar.io/examples/firesat/programs/earth-science/projects/firesat/bundle/individuals.
      </failure>
    </testcase>
    <testcase name='http://opencaesar.io/examples/firesat/organizations/nasa#SystemArchitect'>
      <failure>
        declared in
        http://opencaesar.io/examples/firesat/programs/earth-science/projects/firesat/bundle/individuals.
      </failure>
    </testcase>
    <testcase name='http://opencaesar.io/examples/firesat/organizations/nasa#SystemEngineer'>
      <failure>
        declared in
        http://opencaesar.io/examples/firesat/programs/earth-science/projects/firesat/bundle/individuals.
      </failure>
    </testcase>
    <testcase name='http://opencaesar.io/examples/firesat/organizations/northrop-grumman#NorthropGrumman'>
      <failure>
        declared in
        http://opencaesar.io/examples/firesat/programs/earth-science/projects/firesat/bundle/individuals.
      </failure>
    </testcase>
    <testcase name='http://opencaesar.io/examples/firesat/organizations/raytheon#Raytheon'>
      <failure>
        declared in
        http://opencaesar.io/examples/firesat/programs/earth-science/projects/firesat/bundle/individuals.
      </failure>
    </testcase>
    <testcase name='http://opencaesar.io/examples/firesat/programs/earth-science/earth-science#EarthScienceProgram'>
      <failure>
        declared in
        http://opencaesar.io/examples/firesat/programs/earth-science/projects/firesat/bundle/individuals.
      </failure>
    </testcase>
    <testcase name='http://opencaesar.io/examples/firesat/programs/earth-science/earth-science#FireSatProject'>
      <failure>
        declared in
        http://opencaesar.io/examples/firesat/programs/earth-science/projects/firesat/bundle/individuals.
      </failure>
    </testcase>
    <testcase name='http://opencaesar.io/examples/firesat/programs/earth-science/missions/firesat/firesat#Endoatmosphere'>
      <failure>
        declared in
        http://opencaesar.io/examples/firesat/programs/earth-science/projects/firesat/bundle/individuals.
      </failure>
    </testcase>
    <testcase name='http://opencaesar.io/examples/firesat/programs/earth-science/missions/firesat/firesat#FireSatMission'>
      <failure>
        declared in
        http://opencaesar.io/examples/firesat/programs/earth-science/projects/firesat/bundle/individuals.
      </failure>
    </testcase>
    <testcase name='http://opencaesar.io/examples/firesat/programs/earth-science/missions/firesat/firesat#ForestFireDetection'>
      <failure>
        declared in
        http://opencaesar.io/examples/firesat/programs/earth-science/projects/firesat/bundle/individuals.
      </failure>
    </testcase>
    <testcase name='http://opencaesar.io/examples/firesat/programs/earth-science/missions/firesat/firesat#SpaceDebris'>
      <failure>
        declared in
        http://opencaesar.io/examples/firesat/programs/earth-science/projects/firesat/bundle/individuals.
      </failure>
    </testcase>
    <testcase name='http://opencaesar.io/examples/firesat/programs/earth-science/missions/firesat/firesat#Stars'>
      <failure>
        declared in
        http://opencaesar.io/examples/firesat/programs/earth-science/projects/firesat/bundle/individuals.
      </failure>
    </testcase>
    <testcase name='http://opencaesar.io/examples/firesat/programs/earth-science/missions/firesat/firesat#Sun'>
      <failure>
        declared in
        http://opencaesar.io/examples/firesat/programs/earth-science/projects/firesat/bundle/individuals.
      </failure>
    </testcase>
    <testcase name='http://opencaesar.io/examples/firesat/programs/earth-science/missions/firesat/firesat#USForestService'>
      <failure>
        declared in
        http://opencaesar.io/examples/firesat/programs/earth-science/projects/firesat/bundle/individuals.
      </failure>
    </testcase>
    <testcase name='http://opencaesar.io/examples/firesat/programs/earth-science/missions/firesat/functions#ApplyCommands'>
      <failure>
        declared in
        http://opencaesar.io/examples/firesat/programs/earth-science/projects/firesat/bundle/individuals.
      </failure>
    </testcase>
    <testcase name='http://opencaesar.io/examples/firesat/programs/earth-science/missions/firesat/functions#AttitudeAwareness'>
      <failure>
        declared in
        http://opencaesar.io/examples/firesat/programs/earth-science/projects/firesat/bundle/individuals.
      </failure>
    </testcase>
    <testcase name='http://opencaesar.io/examples/firesat/programs/earth-science/missions/firesat/functions#AvoidCollisions'>
      <failure>
        declared in
        http://opencaesar.io/examples/firesat/programs/earth-science/projects/firesat/bundle/individuals.
      </failure>
    </testcase>
    <testcase name='http://opencaesar.io/examples/firesat/programs/earth-science/missions/firesat/functions#Communicate'>
      <failure>
        declared in
        http://opencaesar.io/examples/firesat/programs/earth-science/projects/firesat/bundle/individuals.
      </failure>
    </testcase>
    <testcase name='http://opencaesar.io/examples/firesat/programs/earth-science/missions/firesat/functions#Communicate911DownlinkWithRegionalFieldOffices'>
      <failure>
        declared in
        http://opencaesar.io/examples/firesat/programs/earth-science/projects/firesat/bundle/individuals.
      </failure>
    </testcase>
    <testcase name='http://opencaesar.io/examples/firesat/programs/earth-science/missions/firesat/functions#ControlTrajectory'>
      <failure>
        declared in
        http://opencaesar.io/examples/firesat/programs/earth-science/projects/firesat/bundle/individuals.
      </failure>
    </testcase>
    <testcase name='http://opencaesar.io/examples/firesat/programs/earth-science/missions/firesat/functions#DeployMechanisms'>
      <failure>
        declared in
        http://opencaesar.io/examples/firesat/programs/earth-science/projects/firesat/bundle/individuals.
      </failure>
    </testcase>
    <testcase name='http://opencaesar.io/examples/firesat/programs/earth-science/missions/firesat/functions#DetectNewWildfires'>
      <failure>
        declared in
        http://opencaesar.io/examples/firesat/programs/earth-science/projects/firesat/bundle/individuals.
      </failure>
    </testcase>
    <testcase name='http://opencaesar.io/examples/firesat/programs/earth-science/missions/firesat/functions#GenerateTelemetry'>
      <failure>
        declared in
        http://opencaesar.io/examples/firesat/programs/earth-science/projects/firesat/bundle/individuals.
      </failure>
    </testcase>
    <testcase name='http://opencaesar.io/examples/firesat/programs/earth-science/missions/firesat/functions#HomogenizeTemperature'>
      <failure>
        declared in
        http://opencaesar.io/examples/firesat/programs/earth-science/projects/firesat/bundle/individuals.
      </failure>
    </testcase>
    <testcase name='http://opencaesar.io/examples/firesat/programs/earth-science/missions/firesat/functions#InsureMechanicalIntegrity'>
      <failure>
        declared in
        http://opencaesar.io/examples/firesat/programs/earth-science/projects/firesat/bundle/individuals.
      </failure>
    </testcase>
    <testcase name='http://opencaesar.io/examples/firesat/programs/earth-science/missions/firesat/functions#Launch_SC'>
      <failure>
        declared in
        http://opencaesar.io/examples/firesat/programs/earth-science/projects/firesat/bundle/individuals.
      </failure>
    </testcase>
    <testcase name='http://opencaesar.io/examples/firesat/programs/earth-science/missions/firesat/functions#MitigateFailures'>
      <failure>
        declared in
        http://opencaesar.io/examples/firesat/programs/earth-science/projects/firesat/bundle/individuals.
      </failure>
    </testcase>
    <testcase name='http://opencaesar.io/examples/firesat/programs/earth-science/missions/firesat/functions#MonitorAndMaintainHealthAndsafety'>
      <failure>
        declared in
        http://opencaesar.io/examples/firesat/programs/earth-science/projects/firesat/bundle/individuals.
      </failure>
    </testcase>
    <testcase name='http://opencaesar.io/examples/firesat/programs/earth-science/missions/firesat/functions#MonitorExistingWildfires_24_7'>
      <failure>
        declared in
        http://opencaesar.io/examples/firesat/programs/earth-science/projects/firesat/bundle/individuals.
      </failure>
    </testcase>
    <testcase name='http://opencaesar.io/examples/firesat/programs/earth-science/missions/firesat/functions#PerformMission'>
      <failure>
        declared in
        http://opencaesar.io/examples/firesat/programs/earth-science/projects/firesat/bundle/individuals.
      </failure>
    </testcase>
    <testcase name='http://opencaesar.io/examples/firesat/programs/earth-science/missions/firesat/functions#PositionAwareness'>
      <failure>
        declared in
        http://opencaesar.io/examples/firesat/programs/earth-science/projects/firesat/bundle/individuals.
      </failure>
    </testcase>
    <testcase name='http://opencaesar.io/examples/firesat/programs/earth-science/missions/firesat/functions#ProtectAgainstRadiations'>
      <failure>
        declared in
        http://opencaesar.io/examples/firesat/programs/earth-science/projects/firesat/bundle/individuals.
      </failure>
    </testcase>
    <testcase name='http://opencaesar.io/examples/firesat/programs/earth-science/missions/firesat/functions#ReachOperationalOrbit'>
      <failure>
        declared in
        http://opencaesar.io/examples/firesat/programs/earth-science/projects/firesat/bundle/individuals.
      </failure>
    </testcase>
    <testcase name='http://opencaesar.io/examples/firesat/programs/earth-science/missions/firesat/functions#ReceiveTelecommandFromNOAAGroundStations'>
      <failure>
        declared in
        http://opencaesar.io/examples/firesat/programs/earth-science/projects/firesat/bundle/individuals.
      </failure>
    </testcase>
    <testcase name='http://opencaesar.io/examples/firesat/programs/earth-science/missions/firesat/functions#Release_SC_From_LV'>
      <failure>
        declared in
        http://opencaesar.io/examples/firesat/programs/earth-science/projects/firesat/bundle/individuals.
      </failure>
    </testcase>
    <testcase name='http://opencaesar.io/examples/firesat/programs/earth-science/missions/firesat/functions#SendTelemetryToNOAAGroundStations'>
      <failure>
        declared in
        http://opencaesar.io/examples/firesat/programs/earth-science/projects/firesat/bundle/individuals.
      </failure>
    </testcase>
    <testcase name='http://opencaesar.io/examples/firesat/programs/earth-science/missions/firesat/functions#StoreDataBetweenTwoTelemetries'>
      <failure>
        declared in
        http://opencaesar.io/examples/firesat/programs/earth-science/projects/firesat/bundle/individuals.
      </failure>
    </testcase>
    <testcase name='http://opencaesar.io/examples/firesat/programs/earth-science/missions/firesat/functions#StoreEnergyDuringEclipses'>
      <failure>
        declared in
        http://opencaesar.io/examples/firesat/programs/earth-science/projects/firesat/bundle/individuals.
      </failure>
    </testcase>
    <testcase name='http://opencaesar.io/examples/firesat/programs/earth-science/missions/firesat/functions#Supply_Power_24_7'>
      <failure>
        declared in
        http://opencaesar.io/examples/firesat/programs/earth-science/projects/firesat/bundle/individuals.
      </failure>
    </testcase>
    <testcase name='http://opencaesar.io/examples/firesat/programs/earth-science/missions/firesat/functions#TransformSolarRadiationsIntoEnergy'>
      <failure>
        declared in
        http://opencaesar.io/examples/firesat/programs/earth-science/projects/firesat/bundle/individuals.
      </failure>
    </testcase>
    <testcase name='http://opencaesar.io/examples/firesat/programs/earth-science/missions/firesat/requirements/functional#Coverage'>
      <failure>
        declared in
        http://opencaesar.io/examples/firesat/programs/earth-science/projects/firesat/bundle/individuals.
      </failure>
    </testcase>
    <testcase name='http://opencaesar.io/examples/firesat/programs/earth-science/missions/firesat/requirements/functional#Detection'>
      <failure>
        declared in
        http://opencaesar.io/examples/firesat/programs/earth-science/projects/firesat/bundle/individuals.
      </failure>
    </testcase>
    <testcase name='http://opencaesar.io/examples/firesat/programs/earth-science/missions/firesat/requirements/functional#DownwardsMessages'>
      <failure>
        declared in
        http://opencaesar.io/examples/firesat/programs/earth-science/projects/firesat/bundle/individuals.
      </failure>
    </testcase>
    <testcase name='http://opencaesar.io/examples/firesat/programs/earth-science/missions/firesat/requirements/functional#GeoLocation'>
      <failure>
        declared in
        http://opencaesar.io/examples/firesat/programs/earth-science/projects/firesat/bundle/individuals.
      </failure>
    </testcase>
    <testcase name='http://opencaesar.io/examples/firesat/programs/earth-science/missions/firesat/requirements/functional#Persistence'>
      <failure>
        declared in
        http://opencaesar.io/examples/firesat/programs/earth-science/projects/firesat/bundle/individuals.
      </failure>
    </testcase>
    <testcase name='http://opencaesar.io/examples/firesat/programs/earth-science/missions/firesat/requirements/functional#TimeAllocationFor911MessageDownlink'>
      <failure>
        declared in
        http://opencaesar.io/examples/firesat/programs/earth-science/projects/firesat/bundle/individuals.
      </failure>
    </testcase>
    <testcase name='http://opencaesar.io/examples/firesat/programs/earth-science/missions/firesat/requirements/functional#TimeAllocationForDetectingANewWildfire'>
      <failure>
        declared in
        http://opencaesar.io/examples/firesat/programs/earth-science/projects/firesat/bundle/individuals.
      </failure>
    </testcase>
    <testcase name='http://opencaesar.io/examples/firesat/programs/earth-science/missions/firesat/requirements/functional#TimeAllocationForFireGeoLocation'>
      <failure>
        declared in
        http://opencaesar.io/examples/firesat/programs/earth-science/projects/firesat/bundle/individuals.
      </failure>
    </testcase>
    <testcase name='http://opencaesar.io/examples/firesat/programs/earth-science/missions/firesat/requirements/functional#TimeAllocationForGroundReceiptAndConfirmationOutsideScope'>
      <failure>
        declared in
        http://opencaesar.io/examples/firesat/programs/earth-science/projects/firesat/bundle/individuals.
      </failure>
    </testcase>
    <testcase name='http://opencaesar.io/examples/firesat/programs/earth-science/missions/firesat/requirements/functional#TimeAllocationForOnboardValidation'>
      <failure>
        declared in
        http://opencaesar.io/examples/firesat/programs/earth-science/projects/firesat/bundle/individuals.
      </failure>
    </testcase>
    <testcase name='http://opencaesar.io/examples/firesat/programs/earth-science/missions/firesat/requirements/functional#TimeAllocationForOrbitAndAltitudeDetermination'>
      <failure>
        declared in
        http://opencaesar.io/examples/firesat/programs/earth-science/projects/firesat/bundle/individuals.
      </failure>
    </testcase>
    <testcase name='http://opencaesar.io/examples/firesat/programs/earth-science/missions/firesat/requirements/functional#Timeliness'>
      <failure>
        declared in
        http://opencaesar.io/examples/firesat/programs/earth-science/projects/firesat/bundle/individuals.
      </failure>
    </testcase>
    <testcase name='http://opencaesar.io/examples/firesat/programs/earth-science/missions/firesat/requirements/stakeholder#GroundSystemInterface'>
      <failure>
        declared in
        http://opencaesar.io/examples/firesat/programs/earth-science/projects/firesat/bundle/individuals.
      </failure>
    </testcase>
    <testcase name='http://opencaesar.io/examples/firesat/programs/earth-science/missions/firesat/requirements/stakeholder#InitialFullOperationalCapability'>
      <failure>
        declared in
        http://opencaesar.io/examples/firesat/programs/earth-science/projects/firesat/bundle/individuals.
      </failure>
    </testcase>
    <testcase name='http://opencaesar.io/examples/firesat/programs/earth-science/missions/firesat/requirements/stakeholder#LCCBudget'>
      <failure>
        declared in
        http://opencaesar.io/examples/firesat/programs/earth-science/projects/firesat/bundle/individuals.
      </failure>
    </testcase>
    <testcase name='http://opencaesar.io/examples/firesat/programs/earth-science/missions/firesat/requirements/stakeholder#OnOrbitDesignLifetime'>
      <failure>
        declared in
        http://opencaesar.io/examples/firesat/programs/earth-science/projects/firesat/bundle/individuals.
      </failure>
    </testcase>
    <testcase name='http://opencaesar.io/examples/firesat/programs/earth-science/projects/firesat/bundle/individuals'/>
    <testcase name='http://opencaesar.io/examples/firesat/programs/earth-science/projects/firesat/firesat#WP05'>
      <failure>
        declared in
        http://opencaesar.io/examples/firesat/programs/earth-science/projects/firesat/bundle/individuals.
      </failure>
    </testcase>
    <testcase name='http://opencaesar.io/examples/firesat/programs/earth-science/projects/firesat/firesat#WP06'>
      <failure>
        declared in
        http://opencaesar.io/examples/firesat/programs/earth-science/projects/firesat/bundle/individuals.
      </failure>
    </testcase>
    <testcase name='http://opencaesar.io/examples/firesat/programs/earth-science/projects/firesat/firesat#WP06alt'>
      <failure>
        declared in
        http://opencaesar.io/examples/firesat/programs/earth-science/projects/firesat/bundle/individuals.
      </failure>
    </testcase>
    <testcase name='http://opencaesar.io/examples/firesat/programs/earth-science/projects/firesat/firesat#WP07-incomplete'>
      <failure>
        declared in
        http://opencaesar.io/examples/firesat/programs/earth-science/projects/firesat/bundle/individuals.
      </failure>
    </testcase>
    <testcase name='http://opencaesar.io/examples/firesat/programs/earth-science/projects/firesat/systems/pld/masses#PayloadMassLimit'>
      <failure>
        declared in
        http://opencaesar.io/examples/firesat/programs/earth-science/projects/firesat/bundle/individuals.
      </failure>
    </testcase>
    <testcase name='http://opencaesar.io/examples/firesat/programs/earth-science/projects/firesat/systems/pld/masses#PayloadMassLimitMagnitude'>
      <failure>
        declared in
        http://opencaesar.io/examples/firesat/programs/earth-science/projects/firesat/bundle/individuals.
      </failure>
    </testcase>
    <testcase name='http://opencaesar.io/examples/firesat/programs/earth-science/projects/firesat/systems/pld/pld#Payload'>
      <failure>
        declared in
        http://opencaesar.io/examples/firesat/programs/earth-science/projects/firesat/bundle/individuals.
      </failure>
    </testcase>
    <testcase name='http://opencaesar.io/examples/firesat/programs/earth-science/projects/firesat/systems/pld/requirements/system#ApertureSize'>
      <failure>
        declared in
        http://opencaesar.io/examples/firesat/programs/earth-science/projects/firesat/bundle/individuals.
      </failure>
    </testcase>
    <testcase name='http://opencaesar.io/examples/firesat/programs/earth-science/projects/firesat/systems/pld/requirements/system#FOR'>
      <failure>
        declared in
        http://opencaesar.io/examples/firesat/programs/earth-science/projects/firesat/bundle/individuals.
      </failure>
    </testcase>
    <testcase name='http://opencaesar.io/examples/firesat/programs/earth-science/projects/firesat/systems/pld/requirements/system#SensingRange'>
      <failure>
        declared in
        http://opencaesar.io/examples/firesat/programs/earth-science/projects/firesat/bundle/individuals.
      </failure>
    </testcase>
    <testcase name='http://opencaesar.io/examples/firesat/programs/earth-science/projects/firesat/systems/pld/requirements/system#SpatialResolution'>
      <failure>
        declared in
        http://opencaesar.io/examples/firesat/programs/earth-science/projects/firesat/bundle/individuals.
      </failure>
    </testcase>
    <testcase name='http://opencaesar.io/examples/firesat/programs/earth-science/projects/firesat/systems/pld/requirements/system#SpectralResolution'>
      <failure>
        declared in
        http://opencaesar.io/examples/firesat/programs/earth-science/projects/firesat/bundle/individuals.
      </failure>
    </testcase>
    <testcase name='http://opencaesar.io/examples/firesat/programs/earth-science/projects/firesat/systems/pld/requirements/system#WavelenghtRange'>
      <failure>
        declared in
        http://opencaesar.io/examples/firesat/programs/earth-science/projects/firesat/bundle/individuals.
      </failure>
    </testcase>
    <testcase name='http://opencaesar.io/examples/firesat/programs/earth-science/projects/firesat/systems/signals#5000To1000Power'>
      <failure>
        declared in
        http://opencaesar.io/examples/firesat/programs/earth-science/projects/firesat/bundle/individuals.
      </failure>
    </testcase>
    <testcase name='http://opencaesar.io/examples/firesat/programs/earth-science/projects/firesat/systems/spc/masses#SpacecraftMassLimit'>
      <failure>
        declared in
        http://opencaesar.io/examples/firesat/programs/earth-science/projects/firesat/bundle/individuals.
      </failure>
    </testcase>
    <testcase name='http://opencaesar.io/examples/firesat/programs/earth-science/projects/firesat/systems/spc/masses#SpacecraftMassLimitMagnitude'>
      <failure>
        declared in
        http://opencaesar.io/examples/firesat/programs/earth-science/projects/firesat/bundle/individuals.
      </failure>
    </testcase>
    <testcase name='http://opencaesar.io/examples/firesat/programs/earth-science/projects/firesat/systems/spc/requirements/environmental#Environment'>
      <failure>
        declared in
        http://opencaesar.io/examples/firesat/programs/earth-science/projects/firesat/bundle/individuals.
      </failure>
    </testcase>
    <testcase name='http://opencaesar.io/examples/firesat/programs/earth-science/projects/firesat/systems/spc/requirements/environmental#LaunchEnvironment'>
      <failure>
        declared in
        http://opencaesar.io/examples/firesat/programs/earth-science/projects/firesat/bundle/individuals.
      </failure>
    </testcase>
    <testcase name='http://opencaesar.io/examples/firesat/programs/earth-science/projects/firesat/systems/spc/requirements/environmental#QualificationOfHeritageFlightHardware'>
      <failure>
        declared in
        http://opencaesar.io/examples/firesat/programs/earth-science/projects/firesat/bundle/individuals.
      </failure>
    </testcase>
    <testcase name='http://opencaesar.io/examples/firesat/programs/earth-science/projects/firesat/systems/spc/requirements/environmental#SpaceEnvironment'>
      <failure>
        declared in
        http://opencaesar.io/examples/firesat/programs/earth-science/projects/firesat/bundle/individuals.
      </failure>
    </testcase>
    <testcase name='http://opencaesar.io/examples/firesat/programs/earth-science/projects/firesat/systems/spc/requirements/environmental#SpaceEnvironmentEffectsOnMaterialSelection'>
      <failure>
        declared in
        http://opencaesar.io/examples/firesat/programs/earth-science/projects/firesat/bundle/individuals.
      </failure>
    </testcase>
    <testcase name='http://opencaesar.io/examples/firesat/programs/earth-science/projects/firesat/systems/spc/requirements/environmental#SpaceVehicleNaturalFrequency'>
      <failure>
        declared in
        http://opencaesar.io/examples/firesat/programs/earth-science/projects/firesat/bundle/individuals.
      </failure>
    </testcase>
    <testcase name='http://opencaesar.io/examples/firesat/programs/earth-science/projects/firesat/systems/spc/requirements/environmental#StructuralQualification'>
      <failure>
        declared in
        http://opencaesar.io/examples/firesat/programs/earth-science/projects/firesat/bundle/individuals.
      </failure>
    </testcase>
    <testcase name='http://opencaesar.io/examples/firesat/programs/earth-science/projects/firesat/systems/spc/requirements/logistical#Availability'>
      <failure>
        declared in
        http://opencaesar.io/examples/firesat/programs/earth-science/projects/firesat/bundle/individuals.
      </failure>
    </testcase>
    <testcase name='http://opencaesar.io/examples/firesat/programs/earth-science/projects/firesat/systems/spc/requirements/logistical#EndOfLifeDisposal'>
      <failure>
        declared in
        http://opencaesar.io/examples/firesat/programs/earth-science/projects/firesat/bundle/individuals.
      </failure>
    </testcase>
    <testcase name='http://opencaesar.io/examples/firesat/programs/earth-science/projects/firesat/systems/spc/requirements/logistical#Facilities'>
      <failure>
        declared in
        http://opencaesar.io/examples/firesat/programs/earth-science/projects/firesat/bundle/individuals.
      </failure>
    </testcase>
    <testcase name='http://opencaesar.io/examples/firesat/programs/earth-science/projects/firesat/systems/spc/requirements/logistical#FaultProtection'>
      <failure>
        declared in
        http://opencaesar.io/examples/firesat/programs/earth-science/projects/firesat/bundle/individuals.
      </failure>
    </testcase>
    <testcase name='http://opencaesar.io/examples/firesat/programs/earth-science/projects/firesat/systems/spc/requirements/logistical#Maintainability'>
      <failure>
        declared in
        http://opencaesar.io/examples/firesat/programs/earth-science/projects/firesat/bundle/individuals.
      </failure>
    </testcase>
    <testcase name='http://opencaesar.io/examples/firesat/programs/earth-science/projects/firesat/systems/spc/requirements/logistical#Maintenance'>
      <failure>
        declared in
        http://opencaesar.io/examples/firesat/programs/earth-science/projects/firesat/bundle/individuals.
      </failure>
    </testcase>
    <testcase name='http://opencaesar.io/examples/firesat/programs/earth-science/projects/firesat/systems/spc/requirements/logistical#Operability'>
      <failure>
        declared in
        http://opencaesar.io/examples/firesat/programs/earth-science/projects/firesat/bundle/individuals.
      </failure>
    </testcase>
    <testcase name='http://opencaesar.io/examples/firesat/programs/earth-science/projects/firesat/systems/spc/requirements/logistical#Reliability'>
      <failure>
        declared in
        http://opencaesar.io/examples/firesat/programs/earth-science/projects/firesat/bundle/individuals.
      </failure>
    </testcase>
    <testcase name='http://opencaesar.io/examples/firesat/programs/earth-science/projects/firesat/systems/spc/requirements/logistical#Supply'>
      <failure>
        declared in
        http://opencaesar.io/examples/firesat/programs/earth-science/projects/firesat/bundle/individuals.
      </failure>
    </testcase>
    <testcase name='http://opencaesar.io/examples/firesat/programs/earth-science/projects/firesat/systems/spc/requirements/logistical#Supportability'>
      <failure>
        declared in
        http://opencaesar.io/examples/firesat/programs/earth-science/projects/firesat/bundle/individuals.
      </failure>
    </testcase>
    <testcase name='http://opencaesar.io/examples/firesat/programs/earth-science/projects/firesat/systems/spc/requirements/logistical#TrainingAndPersonel'>
      <failure>
        declared in
        http://opencaesar.io/examples/firesat/programs/earth-science/projects/firesat/bundle/individuals.
      </failure>
    </testcase>
    <testcase name='http://opencaesar.io/examples/firesat/programs/earth-science/projects/firesat/systems/spc/requirements/logistical#Transportation'>
      <failure>
        declared in
        http://opencaesar.io/examples/firesat/programs/earth-science/projects/firesat/bundle/individuals.
      </failure>
    </testcase>
    <testcase name='http://opencaesar.io/examples/firesat/programs/earth-science/projects/firesat/systems/spc/requirements/operational#Altitude'>
      <failure>
        declared in
        http://opencaesar.io/examples/firesat/programs/earth-science/projects/firesat/bundle/individuals.
      </failure>
    </testcase>
    <testcase name='http://opencaesar.io/examples/firesat/programs/earth-science/projects/firesat/systems/spc/requirements/operational#MinimumElevationAngle'>
      <failure>
        declared in
        http://opencaesar.io/examples/firesat/programs/earth-science/projects/firesat/bundle/individuals.
      </failure>
    </testcase>
    <testcase name='http://opencaesar.io/examples/firesat/programs/earth-science/projects/firesat/systems/spc/requirements/operational#OrbitInclination'>
      <failure>
        declared in
        http://opencaesar.io/examples/firesat/programs/earth-science/projects/firesat/bundle/individuals.
      </failure>
    </testcase>
    <testcase name='http://opencaesar.io/examples/firesat/programs/earth-science/projects/firesat/systems/spc/requirements/performance#AltitudeError'>
      <failure>
        declared in
        http://opencaesar.io/examples/firesat/programs/earth-science/projects/firesat/bundle/individuals.
      </failure>
    </testcase>
    <testcase name='http://opencaesar.io/examples/firesat/programs/earth-science/projects/firesat/systems/spc/requirements/performance#TimeError'>
      <failure>
        declared in
        http://opencaesar.io/examples/firesat/programs/earth-science/projects/firesat/bundle/individuals.
      </failure>
    </testcase>
    <testcase name='http://opencaesar.io/examples/firesat/programs/earth-science/projects/firesat/systems/spc/requirements/resource#AltitudeDetermination'>
      <failure>
        declared in
        http://opencaesar.io/examples/firesat/programs/earth-science/projects/firesat/bundle/individuals.
      </failure>
    </testcase>
    <testcase name='http://opencaesar.io/examples/firesat/programs/earth-science/projects/firesat/systems/spc/requirements/resource#DeltaVBudget'>
      <failure>
        declared in
        http://opencaesar.io/examples/firesat/programs/earth-science/projects/firesat/bundle/individuals.
      </failure>
    </testcase>
    <testcase name='http://opencaesar.io/examples/firesat/programs/earth-science/projects/firesat/systems/spc/requirements/resource#MaturityOfNewTechnologies'>
      <failure>
        declared in
        http://opencaesar.io/examples/firesat/programs/earth-science/projects/firesat/bundle/individuals.
      </failure>
    </testcase>
    <testcase name='http://opencaesar.io/examples/firesat/programs/earth-science/projects/firesat/systems/spc/requirements/resource#NumberOfSatellites'>
      <failure>
        declared in
        http://opencaesar.io/examples/firesat/programs/earth-science/projects/firesat/bundle/individuals.
      </failure>
    </testcase>
    <testcase name='http://opencaesar.io/examples/firesat/programs/earth-science/projects/firesat/systems/spc/requirements/resource#OrbitDetermination'>
      <failure>
        declared in
        http://opencaesar.io/examples/firesat/programs/earth-science/projects/firesat/bundle/individuals.
      </failure>
    </testcase>
    <testcase name='http://opencaesar.io/examples/firesat/programs/earth-science/projects/firesat/systems/spc/requirements/resource#PowerBudget'>
      <failure>
        declared in
        http://opencaesar.io/examples/firesat/programs/earth-science/projects/firesat/bundle/individuals.
      </failure>
    </testcase>
    <testcase name='http://opencaesar.io/examples/firesat/programs/earth-science/projects/firesat/systems/spc/requirements/resource#SpaceVehicleMass'>
      <failure>
        declared in
        http://opencaesar.io/examples/firesat/programs/earth-science/projects/firesat/bundle/individuals.
      </failure>
    </testcase>
    <testcase name='http://opencaesar.io/examples/firesat/programs/earth-science/projects/firesat/systems/spc/requirements/system#IncidentProcessing'>
      <failure>
        declared in
        http://opencaesar.io/examples/firesat/programs/earth-science/projects/firesat/bundle/individuals.
      </failure>
    </testcase>
    <testcase name='http://opencaesar.io/examples/firesat/programs/earth-science/projects/firesat/systems/spc/requirements/system#Interoperability'>
      <failure>
        declared in
        http://opencaesar.io/examples/firesat/programs/earth-science/projects/firesat/bundle/individuals.
      </failure>
    </testcase>
    <testcase name='http://opencaesar.io/examples/firesat/programs/earth-science/projects/firesat/systems/spc/requirements/system#Manufacturability'>
      <failure>
        declared in
        http://opencaesar.io/examples/firesat/programs/earth-science/projects/firesat/bundle/individuals.
      </failure>
    </testcase>
    <testcase name='http://opencaesar.io/examples/firesat/programs/earth-science/projects/firesat/systems/spc/requirements/system#Precedence'>
      <failure>
        declared in
        http://opencaesar.io/examples/firesat/programs/earth-science/projects/firesat/bundle/individuals.
      </failure>
    </testcase>
    <testcase name='http://opencaesar.io/examples/firesat/programs/earth-science/projects/firesat/systems/spc/requirements/system#PrimeItemDefinition'>
      <failure>
        declared in
        http://opencaesar.io/examples/firesat/programs/earth-science/projects/firesat/bundle/individuals.
      </failure>
    </testcase>
    <testcase name='http://opencaesar.io/examples/firesat/programs/earth-science/projects/firesat/systems/spc/requirements/system#SecurityAndSafety'>
      <failure>
        declared in
        http://opencaesar.io/examples/firesat/programs/earth-science/projects/firesat/bundle/individuals.
      </failure>
    </testcase>
    <testcase name='http://opencaesar.io/examples/firesat/programs/earth-science/projects/firesat/systems/spc/requirements/system#StandardSample'>
      <failure>
        declared in
        http://opencaesar.io/examples/firesat/programs/earth-science/projects/firesat/bundle/individuals.
      </failure>
    </testcase>
    <testcase name='http://opencaesar.io/examples/firesat/programs/earth-science/projects/firesat/systems/spc/requirements/system#UplinkDownlinkHardware'>
      <failure>
        declared in
        http://opencaesar.io/examples/firesat/programs/earth-science/projects/firesat/bundle/individuals.
      </failure>
    </testcase>
    <testcase name='http://opencaesar.io/examples/firesat/programs/earth-science/projects/firesat/systems/spc/spc#Lander'>
      <failure>
        declared in
        http://opencaesar.io/examples/firesat/programs/earth-science/projects/firesat/bundle/individuals.
      </failure>
    </testcase>
    <testcase name='http://opencaesar.io/examples/firesat/programs/earth-science/projects/firesat/systems/spc/spc#Spacecraft'>
      <failure>
        declared in
        http://opencaesar.io/examples/firesat/programs/earth-science/projects/firesat/bundle/individuals.
      </failure>
    </testcase>
    <testcase name='http://opencaesar.io/examples/firesat/programs/earth-science/projects/firesat/workpackages/05/systems/pld/assemblies#PayloadModule'>
      <failure>
        declared in
        http://opencaesar.io/examples/firesat/programs/earth-science/projects/firesat/bundle/individuals.
      </failure>
    </testcase>
    <testcase name='http://opencaesar.io/examples/firesat/programs/earth-science/projects/firesat/workpackages/05/systems/pld/assemblies#Sensor'>
      <failure>
        declared in
        http://opencaesar.io/examples/firesat/programs/earth-science/projects/firesat/bundle/individuals.
      </failure>
    </testcase>
    <testcase name='http://opencaesar.io/examples/firesat/programs/earth-science/projects/firesat/workpackages/05/systems/pld/endcircuits#PayloadModulePowerIn'>
      <failure>
        declared in
        http://opencaesar.io/examples/firesat/programs/earth-science/projects/firesat/bundle/individuals.
      </failure>
    </testcase>
    <testcase name='http://opencaesar.io/examples/firesat/programs/earth-science/projects/firesat/workpackages/05/systems/pld/endcircuits#SensorPowerIn'>
      <failure>
        declared in
        http://opencaesar.io/examples/firesat/programs/earth-science/projects/firesat/bundle/individuals.
      </failure>
    </testcase>
    <testcase name='http://opencaesar.io/examples/firesat/programs/earth-science/projects/firesat/workpackages/05/systems/pld/functions#DetectNewWildfiresBySensor'>
      <failure>
        declared in
        http://opencaesar.io/examples/firesat/programs/earth-science/projects/firesat/bundle/individuals.
      </failure>
    </testcase>
    <testcase name='http://opencaesar.io/examples/firesat/programs/earth-science/projects/firesat/workpackages/05/systems/pld/functions#InsureMechanicalIntegrityByPayloadModule'>
      <failure>
        declared in
        http://opencaesar.io/examples/firesat/programs/earth-science/projects/firesat/bundle/individuals.
      </failure>
    </testcase>
    <testcase name='http://opencaesar.io/examples/firesat/programs/earth-science/projects/firesat/workpackages/05/systems/pld/functions#MonitorExistingWildfires_24_7BySensor'>
      <failure>
        declared in
        http://opencaesar.io/examples/firesat/programs/earth-science/projects/firesat/bundle/individuals.
      </failure>
    </testcase>
    <testcase name='http://opencaesar.io/examples/firesat/programs/earth-science/projects/firesat/workpackages/05/systems/pld/functions#SensorPerformsDetectNewWildfires'>
      <failure>
        declared in
        http://opencaesar.io/examples/firesat/programs/earth-science/projects/firesat/bundle/individuals.
      </failure>
    </testcase>
    <testcase name='http://opencaesar.io/examples/firesat/programs/earth-science/projects/firesat/workpackages/05/systems/pld/masses#PayloadModuleCBEMass'>
      <failure>
        declared in
        http://opencaesar.io/examples/firesat/programs/earth-science/projects/firesat/bundle/individuals.
      </failure>
    </testcase>
    <testcase name='http://opencaesar.io/examples/firesat/programs/earth-science/projects/firesat/workpackages/05/systems/pld/masses#PayloadModuleCBEMassMagnitude'>
      <failure>
        declared in
        http://opencaesar.io/examples/firesat/programs/earth-science/projects/firesat/bundle/individuals.
      </failure>
    </testcase>
    <testcase name='http://opencaesar.io/examples/firesat/programs/earth-science/projects/firesat/workpackages/05/systems/pld/masses#SensorCBEMass'>
      <failure>
        declared in
        http://opencaesar.io/examples/firesat/programs/earth-science/projects/firesat/bundle/individuals.
      </failure>
    </testcase>
    <testcase name='http://opencaesar.io/examples/firesat/programs/earth-science/projects/firesat/workpackages/05/systems/pld/masses#SensorCBEMassMagnitude'>
      <failure>
        declared in
        http://opencaesar.io/examples/firesat/programs/earth-science/projects/firesat/bundle/individuals.
      </failure>
    </testcase>
    <testcase name='http://opencaesar.io/examples/firesat/programs/earth-science/projects/firesat/workpackages/05/systems/pld/requirements#ApertureSizeForSensor'>
      <failure>
        declared in
        http://opencaesar.io/examples/firesat/programs/earth-science/projects/firesat/bundle/individuals.
      </failure>
    </testcase>
    <testcase name='http://opencaesar.io/examples/firesat/programs/earth-science/projects/firesat/workpackages/05/systems/pld/requirements#FORForSensor'>
      <failure>
        declared in
        http://opencaesar.io/examples/firesat/programs/earth-science/projects/firesat/bundle/individuals.
      </failure>
    </testcase>
    <testcase name='http://opencaesar.io/examples/firesat/programs/earth-science/projects/firesat/workpackages/05/systems/pld/requirements#SensingRangeForSensor'>
      <failure>
        declared in
        http://opencaesar.io/examples/firesat/programs/earth-science/projects/firesat/bundle/individuals.
      </failure>
    </testcase>
    <testcase name='http://opencaesar.io/examples/firesat/programs/earth-science/projects/firesat/workpackages/05/systems/pld/requirements#SpatialResolutionForSensor'>
      <failure>
        declared in
        http://opencaesar.io/examples/firesat/programs/earth-science/projects/firesat/bundle/individuals.
      </failure>
    </testcase>
    <testcase name='http://opencaesar.io/examples/firesat/programs/earth-science/projects/firesat/workpackages/05/systems/pld/requirements#SpectralResolutionForSensor'>
      <failure>
        declared in
        http://opencaesar.io/examples/firesat/programs/earth-science/projects/firesat/bundle/individuals.
      </failure>
    </testcase>
    <testcase name='http://opencaesar.io/examples/firesat/programs/earth-science/projects/firesat/workpackages/05/systems/pld/requirements#WavelenghtRangeForSensor'>
      <failure>
        declared in
        http://opencaesar.io/examples/firesat/programs/earth-science/projects/firesat/bundle/individuals.
      </failure>
    </testcase>
    <testcase name='http://opencaesar.io/examples/firesat/programs/earth-science/projects/firesat/workpackages/06/04/subsystems/sam/assemblies#EPSRegulatorsAndConvertersUnit'>
      <failure>
        declared in
        http://opencaesar.io/examples/firesat/programs/earth-science/projects/firesat/bundle/individuals.
      </failure>
    </testcase>
    <testcase name='http://opencaesar.io/examples/firesat/programs/earth-science/projects/firesat/workpackages/06/04/subsystems/sam/assemblies#PowerControlUnit'>
      <failure>
        declared in
        http://opencaesar.io/examples/firesat/programs/earth-science/projects/firesat/bundle/individuals.
      </failure>
    </testcase>
    <testcase name='http://opencaesar.io/examples/firesat/programs/earth-science/projects/firesat/workpackages/06/04/subsystems/sam/assemblies#SolarArrayWithSADA1'>
      <failure>
        declared in
        http://opencaesar.io/examples/firesat/programs/earth-science/projects/firesat/bundle/individuals.
      </failure>
    </testcase>
    <testcase name='http://opencaesar.io/examples/firesat/programs/earth-science/projects/firesat/workpackages/06/04/subsystems/sam/assemblies#SolarArrayWithSADA2'>
      <failure>
        declared in
        http://opencaesar.io/examples/firesat/programs/earth-science/projects/firesat/bundle/individuals.
      </failure>
    </testcase>
    <testcase name='http://opencaesar.io/examples/firesat/programs/earth-science/projects/firesat/workpackages/06/04/subsystems/sam/endcircuits#EPSRegulatorsAndConvertersUnitPowerIn1'>
      <failure>
        declared in
        http://opencaesar.io/examples/firesat/programs/earth-science/projects/firesat/bundle/individuals.
      </failure>
    </testcase>
    <testcase name='http://opencaesar.io/examples/firesat/programs/earth-science/projects/firesat/workpackages/06/04/subsystems/sam/endcircuits#EPSRegulatorsAndConvertersUnitPowerIn2'>
      <failure>
        declared in
        http://opencaesar.io/examples/firesat/programs/earth-science/projects/firesat/bundle/individuals.
      </failure>
    </testcase>
    <testcase name='http://opencaesar.io/examples/firesat/programs/earth-science/projects/firesat/workpackages/06/04/subsystems/sam/endcircuits#EPSRegulatorsAndConvertersUnitPowerOut3'>
      <failure>
        declared in
        http://opencaesar.io/examples/firesat/programs/earth-science/projects/firesat/bundle/individuals.
      </failure>
    </testcase>
    <testcase name='http://opencaesar.io/examples/firesat/programs/earth-science/projects/firesat/workpackages/06/04/subsystems/sam/endcircuits#EPSRegulatorsAndConvertersUnitPowerOut4'>
      <failure>
        declared in
        http://opencaesar.io/examples/firesat/programs/earth-science/projects/firesat/bundle/individuals.
      </failure>
    </testcase>
    <testcase name='http://opencaesar.io/examples/firesat/programs/earth-science/projects/firesat/workpackages/06/04/subsystems/sam/endcircuits#EPSRegulatorsAndConvertersUnitPowerOut5'>
      <failure>
        declared in
        http://opencaesar.io/examples/firesat/programs/earth-science/projects/firesat/bundle/individuals.
      </failure>
    </testcase>
    <testcase name='http://opencaesar.io/examples/firesat/programs/earth-science/projects/firesat/workpackages/06/04/subsystems/sam/endcircuits#EPSRegulatorsAndConvertersUnitPowerOut6'>
      <failure>
        declared in
        http://opencaesar.io/examples/firesat/programs/earth-science/projects/firesat/bundle/individuals.
      </failure>
    </testcase>
    <testcase name='http://opencaesar.io/examples/firesat/programs/earth-science/projects/firesat/workpackages/06/04/subsystems/sam/endcircuits#EPSRegulatorsAndConvertersUnitPowerOut7'>
      <failure>
        declared in
        http://opencaesar.io/examples/firesat/programs/earth-science/projects/firesat/bundle/individuals.
      </failure>
    </testcase>
    <testcase name='http://opencaesar.io/examples/firesat/programs/earth-science/projects/firesat/workpackages/06/04/subsystems/sam/endcircuits#EPSRegulatorsAndConvertersUnitPowerOut8'>
      <failure>
        declared in
        http://opencaesar.io/examples/firesat/programs/earth-science/projects/firesat/bundle/individuals.
      </failure>
    </testcase>
    <testcase name='http://opencaesar.io/examples/firesat/programs/earth-science/projects/firesat/workpackages/06/04/subsystems/sam/endcircuits#EPSRegulatorsAndConvertersUnitPowerOut9'>
      <failure>
        declared in
        http://opencaesar.io/examples/firesat/programs/earth-science/projects/firesat/bundle/individuals.
      </failure>
    </testcase>
    <testcase name='http://opencaesar.io/examples/firesat/programs/earth-science/projects/firesat/workpackages/06/04/subsystems/sam/endcircuits#PowerControlUnitPowerIn'>
      <failure>
        declared in
        http://opencaesar.io/examples/firesat/programs/earth-science/projects/firesat/bundle/individuals.
      </failure>
    </testcase>
    <testcase name='http://opencaesar.io/examples/firesat/programs/earth-science/projects/firesat/workpackages/06/04/subsystems/sam/endcircuits#SolarArrayWithSADA1PowerOut'>
      <failure>
        declared in
        http://opencaesar.io/examples/firesat/programs/earth-science/projects/firesat/bundle/individuals.
      </failure>
    </testcase>
    <testcase name='http://opencaesar.io/examples/firesat/programs/earth-science/projects/firesat/workpackages/06/04/subsystems/sam/endcircuits#SolarArrayWithSADA2PowerOut'>
      <failure>
        declared in
        http://opencaesar.io/examples/firesat/programs/earth-science/projects/firesat/bundle/individuals.
      </failure>
    </testcase>
    <testcase name='http://opencaesar.io/examples/firesat/programs/earth-science/projects/firesat/workpackages/06/04/subsystems/sam/functions#DeployMechanismsBySolarArrayWithSADA1'>
      <failure>
        declared in
        http://opencaesar.io/examples/firesat/programs/earth-science/projects/firesat/bundle/individuals.
      </failure>
    </testcase>
    <testcase name='http://opencaesar.io/examples/firesat/programs/earth-science/projects/firesat/workpackages/06/04/subsystems/sam/functions#DeployMechanismsBySolarArrayWithSADA2'>
      <failure>
        declared in
        http://opencaesar.io/examples/firesat/programs/earth-science/projects/firesat/bundle/individuals.
      </failure>
    </testcase>
    <testcase name='http://opencaesar.io/examples/firesat/programs/earth-science/projects/firesat/workpackages/06/04/subsystems/sam/functions#Supply_Power_24_7ByEPSRegulatorsAndConvertersUnit'>
      <failure>
        declared in
        http://opencaesar.io/examples/firesat/programs/earth-science/projects/firesat/bundle/individuals.
      </failure>
    </testcase>
    <testcase name='http://opencaesar.io/examples/firesat/programs/earth-science/projects/firesat/workpackages/06/04/subsystems/sam/functions#Supply_Power_24_7ByPowerControlUnit'>
      <failure>
        declared in
        http://opencaesar.io/examples/firesat/programs/earth-science/projects/firesat/bundle/individuals.
      </failure>
    </testcase>
    <testcase name='http://opencaesar.io/examples/firesat/programs/earth-science/projects/firesat/workpackages/06/04/subsystems/sam/functions#TransformSolarRadiationsIntoEnergyBySolarArrayWithSADA1'>
      <failure>
        declared in
        http://opencaesar.io/examples/firesat/programs/earth-science/projects/firesat/bundle/individuals.
      </failure>
    </testcase>
    <testcase name='http://opencaesar.io/examples/firesat/programs/earth-science/projects/firesat/workpackages/06/04/subsystems/sam/functions#TransformSolarRadiationsIntoEnergyBySolarArrayWithSADA2'>
      <failure>
        declared in
        http://opencaesar.io/examples/firesat/programs/earth-science/projects/firesat/bundle/individuals.
      </failure>
    </testcase>
    <testcase name='http://opencaesar.io/examples/firesat/programs/earth-science/projects/firesat/workpackages/06/04/subsystems/sam/masses#EPSRegulatorsAndConvertersUnitCBEMass'>
      <failure>
        declared in
        http://opencaesar.io/examples/firesat/programs/earth-science/projects/firesat/bundle/individuals.
      </failure>
    </testcase>
    <testcase name='http://opencaesar.io/examples/firesat/programs/earth-science/projects/firesat/workpackages/06/04/subsystems/sam/masses#EPSRegulatorsAndConvertersUnitCBEMassMagnitude'>
      <failure>
        declared in
        http://opencaesar.io/examples/firesat/programs/earth-science/projects/firesat/bundle/individuals.
      </failure>
    </testcase>
    <testcase name='http://opencaesar.io/examples/firesat/programs/earth-science/projects/firesat/workpackages/06/04/subsystems/sam/masses#PowerControlUnitCBEMass'>
      <failure>
        declared in
        http://opencaesar.io/examples/firesat/programs/earth-science/projects/firesat/bundle/individuals.
      </failure>
    </testcase>
    <testcase name='http://opencaesar.io/examples/firesat/programs/earth-science/projects/firesat/workpackages/06/04/subsystems/sam/masses#PowerControlUnitCBEMassMagnitude'>
      <failure>
        declared in
        http://opencaesar.io/examples/firesat/programs/earth-science/projects/firesat/bundle/individuals.
      </failure>
    </testcase>
    <testcase name='http://opencaesar.io/examples/firesat/programs/earth-science/projects/firesat/workpackages/06/04/subsystems/sam/masses#SolarArrayWithSADA1CBEMass'>
      <failure>
        declared in
        http://opencaesar.io/examples/firesat/programs/earth-science/projects/firesat/bundle/individuals.
      </failure>
    </testcase>
    <testcase name='http://opencaesar.io/examples/firesat/programs/earth-science/projects/firesat/workpackages/06/04/subsystems/sam/masses#SolarArrayWithSADA1CBEMassMagnitude'>
      <failure>
        declared in
        http://opencaesar.io/examples/firesat/programs/earth-science/projects/firesat/bundle/individuals.
      </failure>
    </testcase>
    <testcase name='http://opencaesar.io/examples/firesat/programs/earth-science/projects/firesat/workpackages/06/04/subsystems/sam/masses#SolarArrayWithSADA2CBEMass'>
      <failure>
        declared in
        http://opencaesar.io/examples/firesat/programs/earth-science/projects/firesat/bundle/individuals.
      </failure>
    </testcase>
    <testcase name='http://opencaesar.io/examples/firesat/programs/earth-science/projects/firesat/workpackages/06/04/subsystems/sam/masses#SolarArrayWithSADA2CBEMassMagnitude'>
      <failure>
        declared in
        http://opencaesar.io/examples/firesat/programs/earth-science/projects/firesat/bundle/individuals.
      </failure>
    </testcase>
    <testcase name='http://opencaesar.io/examples/firesat/programs/earth-science/projects/firesat/workpackages/06/04/subsystems/sam/requirements#SpaceEnvironmentForEPSRegulatorsAndConvertersUnit'>
      <failure>
        declared in
        http://opencaesar.io/examples/firesat/programs/earth-science/projects/firesat/bundle/individuals.
      </failure>
    </testcase>
    <testcase name='http://opencaesar.io/examples/firesat/programs/earth-science/projects/firesat/workpackages/06/04/subsystems/sam/requirements#SpaceEnvironmentForPowerControlUnit'>
      <failure>
        declared in
        http://opencaesar.io/examples/firesat/programs/earth-science/projects/firesat/bundle/individuals.
      </failure>
    </testcase>
    <testcase name='http://opencaesar.io/examples/firesat/programs/earth-science/projects/firesat/workpackages/06/04/subsystems/sam/requirements#SpaceEnvironmentForSolarArrayWithSADA1'>
      <failure>
        declared in
        http://opencaesar.io/examples/firesat/programs/earth-science/projects/firesat/bundle/individuals.
      </failure>
    </testcase>
    <testcase name='http://opencaesar.io/examples/firesat/programs/earth-science/projects/firesat/workpackages/06/04/subsystems/sam/requirements#SpaceEnvironmentForSolarArrayWithSADA2'>
      <failure>
        declared in
        http://opencaesar.io/examples/firesat/programs/earth-science/projects/firesat/bundle/individuals.
      </failure>
    </testcase>
    <testcase name='http://opencaesar.io/examples/firesat/programs/earth-science/projects/firesat/workpackages/06/04/subsystems/sam/signals#5000516200To5000Power'>
      <failure>
        declared in
        http://opencaesar.io/examples/firesat/programs/earth-science/projects/firesat/bundle/individuals.
      </failure>
    </testcase>
    <testcase name='http://opencaesar.io/examples/firesat/programs/earth-science/projects/firesat/workpackages/06/04/subsystems/sam/signals#5000To5000516200Power'>
      <failure>
        declared in
        http://opencaesar.io/examples/firesat/programs/earth-science/projects/firesat/bundle/individuals.
      </failure>
    </testcase>
    <testcase name='http://opencaesar.io/examples/firesat/programs/earth-science/projects/firesat/workpackages/06/05/subsystems/thc/assemblies#ThermalBlankets'>
      <failure>
        declared in
        http://opencaesar.io/examples/firesat/programs/earth-science/projects/firesat/bundle/individuals.
      </failure>
    </testcase>
    <testcase name='http://opencaesar.io/examples/firesat/programs/earth-science/projects/firesat/workpackages/06/05/subsystems/thc/functions#HomogenizeTemperatureByThermalBlankets'>
      <failure>
        declared in
        http://opencaesar.io/examples/firesat/programs/earth-science/projects/firesat/bundle/individuals.
      </failure>
    </testcase>
    <testcase name='http://opencaesar.io/examples/firesat/programs/earth-science/projects/firesat/workpackages/06/05/subsystems/thc/masses#ThermalBlanketsCBEMass'>
      <failure>
        declared in
        http://opencaesar.io/examples/firesat/programs/earth-science/projects/firesat/bundle/individuals.
      </failure>
    </testcase>
    <testcase name='http://opencaesar.io/examples/firesat/programs/earth-science/projects/firesat/workpackages/06/05/subsystems/thc/masses#ThermalBlanketsCBEMassMagnitude'>
      <failure>
        declared in
        http://opencaesar.io/examples/firesat/programs/earth-science/projects/firesat/bundle/individuals.
      </failure>
    </testcase>
    <testcase name='http://opencaesar.io/examples/firesat/programs/earth-science/projects/firesat/workpackages/06/05/subsystems/thc/requirements#SpaceEnvironmentForThermalBlankets'>
      <failure>
        declared in
        http://opencaesar.io/examples/firesat/programs/earth-science/projects/firesat/bundle/individuals.
      </failure>
    </testcase>
    <testcase name='http://opencaesar.io/examples/firesat/programs/earth-science/projects/firesat/workpackages/06/06/subsystems/eps/assemblies#BatteryPack1'>
      <failure>
        declared in
        http://opencaesar.io/examples/firesat/programs/earth-science/projects/firesat/bundle/individuals.
      </failure>
    </testcase>
    <testcase name='http://opencaesar.io/examples/firesat/programs/earth-science/projects/firesat/workpackages/06/06/subsystems/eps/assemblies#BatteryPack2'>
      <failure>
        declared in
        http://opencaesar.io/examples/firesat/programs/earth-science/projects/firesat/bundle/individuals.
      </failure>
    </testcase>
    <testcase name='http://opencaesar.io/examples/firesat/programs/earth-science/projects/firesat/workpackages/06/06/subsystems/eps/assemblies#BatteryPack3'>
      <failure>
        declared in
        http://opencaesar.io/examples/firesat/programs/earth-science/projects/firesat/bundle/individuals.
      </failure>
    </testcase>
    <testcase name='http://opencaesar.io/examples/firesat/programs/earth-science/projects/firesat/workpackages/06/06/subsystems/eps/endcircuits#BatteryPack1PowerIn'>
      <failure>
        declared in
        http://opencaesar.io/examples/firesat/programs/earth-science/projects/firesat/bundle/individuals.
      </failure>
    </testcase>
    <testcase name='http://opencaesar.io/examples/firesat/programs/earth-science/projects/firesat/workpackages/06/06/subsystems/eps/endcircuits#BatteryPack1PowerOut'>
      <failure>
        declared in
        http://opencaesar.io/examples/firesat/programs/earth-science/projects/firesat/bundle/individuals.
      </failure>
    </testcase>
    <testcase name='http://opencaesar.io/examples/firesat/programs/earth-science/projects/firesat/workpackages/06/06/subsystems/eps/endcircuits#BatteryPack2PowerIn'>
      <failure>
        declared in
        http://opencaesar.io/examples/firesat/programs/earth-science/projects/firesat/bundle/individuals.
      </failure>
    </testcase>
    <testcase name='http://opencaesar.io/examples/firesat/programs/earth-science/projects/firesat/workpackages/06/06/subsystems/eps/endcircuits#BatteryPack2PowerOut'>
      <failure>
        declared in
        http://opencaesar.io/examples/firesat/programs/earth-science/projects/firesat/bundle/individuals.
      </failure>
    </testcase>
    <testcase name='http://opencaesar.io/examples/firesat/programs/earth-science/projects/firesat/workpackages/06/06/subsystems/eps/endcircuits#BatteryPack3PowerIn'>
      <failure>
        declared in
        http://opencaesar.io/examples/firesat/programs/earth-science/projects/firesat/bundle/individuals.
      </failure>
    </testcase>
    <testcase name='http://opencaesar.io/examples/firesat/programs/earth-science/projects/firesat/workpackages/06/06/subsystems/eps/endcircuits#BatteryPack3PowerOut'>
      <failure>
        declared in
        http://opencaesar.io/examples/firesat/programs/earth-science/projects/firesat/bundle/individuals.
      </failure>
    </testcase>
    <testcase name='http://opencaesar.io/examples/firesat/programs/earth-science/projects/firesat/workpackages/06/06/subsystems/eps/functions#StoreEnergyDuringEclipsesByBatteryPack1'>
      <failure>
        declared in
        http://opencaesar.io/examples/firesat/programs/earth-science/projects/firesat/bundle/individuals.
      </failure>
    </testcase>
    <testcase name='http://opencaesar.io/examples/firesat/programs/earth-science/projects/firesat/workpackages/06/06/subsystems/eps/functions#StoreEnergyDuringEclipsesByBatteryPack2'>
      <failure>
        declared in
        http://opencaesar.io/examples/firesat/programs/earth-science/projects/firesat/bundle/individuals.
      </failure>
    </testcase>
    <testcase name='http://opencaesar.io/examples/firesat/programs/earth-science/projects/firesat/workpackages/06/06/subsystems/eps/functions#StoreEnergyDuringEclipsesByBatteryPack3'>
      <failure>
        declared in
        http://opencaesar.io/examples/firesat/programs/earth-science/projects/firesat/bundle/individuals.
      </failure>
    </testcase>
    <testcase name='http://opencaesar.io/examples/firesat/programs/earth-science/projects/firesat/workpackages/06/06/subsystems/eps/masses#BatteryPack1CBEMass'>
      <failure>
        declared in
        http://opencaesar.io/examples/firesat/programs/earth-science/projects/firesat/bundle/individuals.
      </failure>
    </testcase>
    <testcase name='http://opencaesar.io/examples/firesat/programs/earth-science/projects/firesat/workpackages/06/06/subsystems/eps/masses#BatteryPack1CBEMassMagnitude'>
      <failure>
        declared in
        http://opencaesar.io/examples/firesat/programs/earth-science/projects/firesat/bundle/individuals.
      </failure>
    </testcase>
    <testcase name='http://opencaesar.io/examples/firesat/programs/earth-science/projects/firesat/workpackages/06/06/subsystems/eps/masses#BatteryPack2CBEMass'>
      <failure>
        declared in
        http://opencaesar.io/examples/firesat/programs/earth-science/projects/firesat/bundle/individuals.
      </failure>
    </testcase>
    <testcase name='http://opencaesar.io/examples/firesat/programs/earth-science/projects/firesat/workpackages/06/06/subsystems/eps/masses#BatteryPack2CBEMassMagnitude'>
      <failure>
        declared in
        http://opencaesar.io/examples/firesat/programs/earth-science/projects/firesat/bundle/individuals.
      </failure>
    </testcase>
    <testcase name='http://opencaesar.io/examples/firesat/programs/earth-science/projects/firesat/workpackages/06/06/subsystems/eps/masses#BatteryPack3CBEMass'>
      <failure>
        declared in
        http://opencaesar.io/examples/firesat/programs/earth-science/projects/firesat/bundle/individuals.
      </failure>
    </testcase>
    <testcase name='http://opencaesar.io/examples/firesat/programs/earth-science/projects/firesat/workpackages/06/06/subsystems/eps/masses#BatteryPack3CBEMassMagnitude'>
      <failure>
        declared in
        http://opencaesar.io/examples/firesat/programs/earth-science/projects/firesat/bundle/individuals.
      </failure>
    </testcase>
    <testcase name='http://opencaesar.io/examples/firesat/programs/earth-science/projects/firesat/workpackages/06/06/subsystems/eps/requirements#SpaceEnvironmentForBatteryPack1'>
      <failure>
        declared in
        http://opencaesar.io/examples/firesat/programs/earth-science/projects/firesat/bundle/individuals.
      </failure>
    </testcase>
    <testcase name='http://opencaesar.io/examples/firesat/programs/earth-science/projects/firesat/workpackages/06/06/subsystems/eps/requirements#SpaceEnvironmentForBatteryPack2'>
      <failure>
        declared in
        http://opencaesar.io/examples/firesat/programs/earth-science/projects/firesat/bundle/individuals.
      </failure>
    </testcase>
    <testcase name='http://opencaesar.io/examples/firesat/programs/earth-science/projects/firesat/workpackages/06/06/subsystems/eps/requirements#SpaceEnvironmentForBatteryPack3'>
      <failure>
        declared in
        http://opencaesar.io/examples/firesat/programs/earth-science/projects/firesat/bundle/individuals.
      </failure>
    </testcase>
    <testcase name='http://opencaesar.io/examples/firesat/programs/earth-science/projects/firesat/workpackages/06/07/subsystems/ang/assemblies#ADCSElectronicsUnit'>
      <failure>
        declared in
        http://opencaesar.io/examples/firesat/programs/earth-science/projects/firesat/bundle/individuals.
      </failure>
    </testcase>
    <testcase name='http://opencaesar.io/examples/firesat/programs/earth-science/projects/firesat/workpackages/06/07/subsystems/ang/assemblies#EarthSensor'>
      <failure>
        declared in
        http://opencaesar.io/examples/firesat/programs/earth-science/projects/firesat/bundle/individuals.
      </failure>
    </testcase>
    <testcase name='http://opencaesar.io/examples/firesat/programs/earth-science/projects/firesat/workpackages/06/07/subsystems/ang/assemblies#GPSAntenna'>
      <failure>
        declared in
        http://opencaesar.io/examples/firesat/programs/earth-science/projects/firesat/bundle/individuals.
      </failure>
    </testcase>
    <testcase name='http://opencaesar.io/examples/firesat/programs/earth-science/projects/firesat/workpackages/06/07/subsystems/ang/assemblies#GPSReceiverUnit'>
      <failure>
        declared in
        http://opencaesar.io/examples/firesat/programs/earth-science/projects/firesat/bundle/individuals.
      </failure>
    </testcase>
    <testcase name='http://opencaesar.io/examples/firesat/programs/earth-science/projects/firesat/workpackages/06/07/subsystems/ang/assemblies#Magnetometer'>
      <failure>
        declared in
        http://opencaesar.io/examples/firesat/programs/earth-science/projects/firesat/bundle/individuals.
      </failure>
    </testcase>
    <testcase name='http://opencaesar.io/examples/firesat/programs/earth-science/projects/firesat/workpackages/06/07/subsystems/ang/assemblies#Magnetorquer1'>
      <failure>
        declared in
        http://opencaesar.io/examples/firesat/programs/earth-science/projects/firesat/bundle/individuals.
      </failure>
    </testcase>
    <testcase name='http://opencaesar.io/examples/firesat/programs/earth-science/projects/firesat/workpackages/06/07/subsystems/ang/assemblies#Magnetorquer2'>
      <failure>
        declared in
        http://opencaesar.io/examples/firesat/programs/earth-science/projects/firesat/bundle/individuals.
      </failure>
    </testcase>
    <testcase name='http://opencaesar.io/examples/firesat/programs/earth-science/projects/firesat/workpackages/06/07/subsystems/ang/assemblies#Magnetorquer3'>
      <failure>
        declared in
        http://opencaesar.io/examples/firesat/programs/earth-science/projects/firesat/bundle/individuals.
      </failure>
    </testcase>
    <testcase name='http://opencaesar.io/examples/firesat/programs/earth-science/projects/firesat/workpackages/06/07/subsystems/ang/assemblies#ReactionWheel1'>
      <failure>
        declared in
        http://opencaesar.io/examples/firesat/programs/earth-science/projects/firesat/bundle/individuals.
      </failure>
    </testcase>
    <testcase name='http://opencaesar.io/examples/firesat/programs/earth-science/projects/firesat/workpackages/06/07/subsystems/ang/assemblies#ReactionWheel2'>
      <failure>
        declared in
        http://opencaesar.io/examples/firesat/programs/earth-science/projects/firesat/bundle/individuals.
      </failure>
    </testcase>
    <testcase name='http://opencaesar.io/examples/firesat/programs/earth-science/projects/firesat/workpackages/06/07/subsystems/ang/assemblies#ReactionWheel3'>
      <failure>
        declared in
        http://opencaesar.io/examples/firesat/programs/earth-science/projects/firesat/bundle/individuals.
      </failure>
    </testcase>
    <testcase name='http://opencaesar.io/examples/firesat/programs/earth-science/projects/firesat/workpackages/06/07/subsystems/ang/assemblies#ReactionWheel4'>
      <failure>
        declared in
        http://opencaesar.io/examples/firesat/programs/earth-science/projects/firesat/bundle/individuals.
      </failure>
    </testcase>
    <testcase name='http://opencaesar.io/examples/firesat/programs/earth-science/projects/firesat/workpackages/06/07/subsystems/ang/assemblies#SunSensor'>
      <failure>
        declared in
        http://opencaesar.io/examples/firesat/programs/earth-science/projects/firesat/bundle/individuals.
      </failure>
    </testcase>
    <testcase name='http://opencaesar.io/examples/firesat/programs/earth-science/projects/firesat/workpackages/06/07/subsystems/ang/endcircuits#ADCSElectronicsUnitPowerIn'>
      <failure>
        declared in
        http://opencaesar.io/examples/firesat/programs/earth-science/projects/firesat/bundle/individuals.
      </failure>
    </testcase>
    <testcase name='http://opencaesar.io/examples/firesat/programs/earth-science/projects/firesat/workpackages/06/07/subsystems/ang/endcircuits#EarthSensorPowerIn'>
      <failure>
        declared in
        http://opencaesar.io/examples/firesat/programs/earth-science/projects/firesat/bundle/individuals.
      </failure>
    </testcase>
    <testcase name='http://opencaesar.io/examples/firesat/programs/earth-science/projects/firesat/workpackages/06/07/subsystems/ang/endcircuits#GPSAntennaPowerIn'>
      <failure>
        declared in
        http://opencaesar.io/examples/firesat/programs/earth-science/projects/firesat/bundle/individuals.
      </failure>
    </testcase>
    <testcase name='http://opencaesar.io/examples/firesat/programs/earth-science/projects/firesat/workpackages/06/07/subsystems/ang/endcircuits#GPSReceiverUnitPowerIn'>
      <failure>
        declared in
        http://opencaesar.io/examples/firesat/programs/earth-science/projects/firesat/bundle/individuals.
      </failure>
    </testcase>
    <testcase name='http://opencaesar.io/examples/firesat/programs/earth-science/projects/firesat/workpackages/06/07/subsystems/ang/endcircuits#MagnetometerPowerIn'>
      <failure>
        declared in
        http://opencaesar.io/examples/firesat/programs/earth-science/projects/firesat/bundle/individuals.
      </failure>
    </testcase>
    <testcase name='http://opencaesar.io/examples/firesat/programs/earth-science/projects/firesat/workpackages/06/07/subsystems/ang/endcircuits#Magnetorquer1PowerIn'>
      <failure>
        declared in
        http://opencaesar.io/examples/firesat/programs/earth-science/projects/firesat/bundle/individuals.
      </failure>
    </testcase>
    <testcase name='http://opencaesar.io/examples/firesat/programs/earth-science/projects/firesat/workpackages/06/07/subsystems/ang/endcircuits#Magnetorquer2PowerIn'>
      <failure>
        declared in
        http://opencaesar.io/examples/firesat/programs/earth-science/projects/firesat/bundle/individuals.
      </failure>
    </testcase>
    <testcase name='http://opencaesar.io/examples/firesat/programs/earth-science/projects/firesat/workpackages/06/07/subsystems/ang/endcircuits#Magnetorquer3PowerIn'>
      <failure>
        declared in
        http://opencaesar.io/examples/firesat/programs/earth-science/projects/firesat/bundle/individuals.
      </failure>
    </testcase>
    <testcase name='http://opencaesar.io/examples/firesat/programs/earth-science/projects/firesat/workpackages/06/07/subsystems/ang/endcircuits#ReactionWheel1PowerIn'>
      <failure>
        declared in
        http://opencaesar.io/examples/firesat/programs/earth-science/projects/firesat/bundle/individuals.
      </failure>
    </testcase>
    <testcase name='http://opencaesar.io/examples/firesat/programs/earth-science/projects/firesat/workpackages/06/07/subsystems/ang/endcircuits#ReactionWheel2PowerIn'>
      <failure>
        declared in
        http://opencaesar.io/examples/firesat/programs/earth-science/projects/firesat/bundle/individuals.
      </failure>
    </testcase>
    <testcase name='http://opencaesar.io/examples/firesat/programs/earth-science/projects/firesat/workpackages/06/07/subsystems/ang/endcircuits#ReactionWheel3PowerIn'>
      <failure>
        declared in
        http://opencaesar.io/examples/firesat/programs/earth-science/projects/firesat/bundle/individuals.
      </failure>
    </testcase>
    <testcase name='http://opencaesar.io/examples/firesat/programs/earth-science/projects/firesat/workpackages/06/07/subsystems/ang/endcircuits#ReactionWheel4PowerIn'>
      <failure>
        declared in
        http://opencaesar.io/examples/firesat/programs/earth-science/projects/firesat/bundle/individuals.
      </failure>
    </testcase>
    <testcase name='http://opencaesar.io/examples/firesat/programs/earth-science/projects/firesat/workpackages/06/07/subsystems/ang/endcircuits#SunSensorPowerIn'>
      <failure>
        declared in
        http://opencaesar.io/examples/firesat/programs/earth-science/projects/firesat/bundle/individuals.
      </failure>
    </testcase>
    <testcase name='http://opencaesar.io/examples/firesat/programs/earth-science/projects/firesat/workpackages/06/07/subsystems/ang/functions#AttitudeAwarenessByEarthSensor'>
      <failure>
        declared in
        http://opencaesar.io/examples/firesat/programs/earth-science/projects/firesat/bundle/individuals.
      </failure>
    </testcase>
    <testcase name='http://opencaesar.io/examples/firesat/programs/earth-science/projects/firesat/workpackages/06/07/subsystems/ang/functions#AttitudeAwarenessByMagnetometer'>
      <failure>
        declared in
        http://opencaesar.io/examples/firesat/programs/earth-science/projects/firesat/bundle/individuals.
      </failure>
    </testcase>
    <testcase name='http://opencaesar.io/examples/firesat/programs/earth-science/projects/firesat/workpackages/06/07/subsystems/ang/functions#AttitudeAwarenessBySunSensor'>
      <failure>
        declared in
        http://opencaesar.io/examples/firesat/programs/earth-science/projects/firesat/bundle/individuals.
      </failure>
    </testcase>
    <testcase name='http://opencaesar.io/examples/firesat/programs/earth-science/projects/firesat/workpackages/06/07/subsystems/ang/functions#ControlTrajectoryByADCSElectronicsUnit'>
      <failure>
        declared in
        http://opencaesar.io/examples/firesat/programs/earth-science/projects/firesat/bundle/individuals.
      </failure>
    </testcase>
    <testcase name='http://opencaesar.io/examples/firesat/programs/earth-science/projects/firesat/workpackages/06/07/subsystems/ang/functions#ControlTrajectoryByMagnetorquer1'>
      <failure>
        declared in
        http://opencaesar.io/examples/firesat/programs/earth-science/projects/firesat/bundle/individuals.
      </failure>
    </testcase>
    <testcase name='http://opencaesar.io/examples/firesat/programs/earth-science/projects/firesat/workpackages/06/07/subsystems/ang/functions#ControlTrajectoryByMagnetorquer2'>
      <failure>
        declared in
        http://opencaesar.io/examples/firesat/programs/earth-science/projects/firesat/bundle/individuals.
      </failure>
    </testcase>
    <testcase name='http://opencaesar.io/examples/firesat/programs/earth-science/projects/firesat/workpackages/06/07/subsystems/ang/functions#ControlTrajectoryByMagnetorquer3'>
      <failure>
        declared in
        http://opencaesar.io/examples/firesat/programs/earth-science/projects/firesat/bundle/individuals.
      </failure>
    </testcase>
    <testcase name='http://opencaesar.io/examples/firesat/programs/earth-science/projects/firesat/workpackages/06/07/subsystems/ang/functions#ControlTrajectoryByReactionWheel1'>
      <failure>
        declared in
        http://opencaesar.io/examples/firesat/programs/earth-science/projects/firesat/bundle/individuals.
      </failure>
    </testcase>
    <testcase name='http://opencaesar.io/examples/firesat/programs/earth-science/projects/firesat/workpackages/06/07/subsystems/ang/functions#ControlTrajectoryByReactionWheel2'>
      <failure>
        declared in
        http://opencaesar.io/examples/firesat/programs/earth-science/projects/firesat/bundle/individuals.
      </failure>
    </testcase>
    <testcase name='http://opencaesar.io/examples/firesat/programs/earth-science/projects/firesat/workpackages/06/07/subsystems/ang/functions#ControlTrajectoryByReactionWheel3'>
      <failure>
        declared in
        http://opencaesar.io/examples/firesat/programs/earth-science/projects/firesat/bundle/individuals.
      </failure>
    </testcase>
    <testcase name='http://opencaesar.io/examples/firesat/programs/earth-science/projects/firesat/workpackages/06/07/subsystems/ang/functions#ControlTrajectoryByReactionWheel4'>
      <failure>
        declared in
        http://opencaesar.io/examples/firesat/programs/earth-science/projects/firesat/bundle/individuals.
      </failure>
    </testcase>
    <testcase name='http://opencaesar.io/examples/firesat/programs/earth-science/projects/firesat/workpackages/06/07/subsystems/ang/functions#GPSAntennaPerformsPositionAwareness'>
      <failure>
        declared in
        http://opencaesar.io/examples/firesat/programs/earth-science/projects/firesat/bundle/individuals.
      </failure>
    </testcase>
    <testcase name='http://opencaesar.io/examples/firesat/programs/earth-science/projects/firesat/workpackages/06/07/subsystems/ang/functions#GPSReceiverUnitPerformsPositionAwareness'>
      <failure>
        declared in
        http://opencaesar.io/examples/firesat/programs/earth-science/projects/firesat/bundle/individuals.
      </failure>
    </testcase>
    <testcase name='http://opencaesar.io/examples/firesat/programs/earth-science/projects/firesat/workpackages/06/07/subsystems/ang/functions#PositionAwarenessByGPSAntenna'>
      <failure>
        declared in
        http://opencaesar.io/examples/firesat/programs/earth-science/projects/firesat/bundle/individuals.
      </failure>
    </testcase>
    <testcase name='http://opencaesar.io/examples/firesat/programs/earth-science/projects/firesat/workpackages/06/07/subsystems/ang/functions#PositionAwarenessByGPSReceiverUnit'>
      <failure>
        declared in
        http://opencaesar.io/examples/firesat/programs/earth-science/projects/firesat/bundle/individuals.
      </failure>
    </testcase>
    <testcase name='http://opencaesar.io/examples/firesat/programs/earth-science/projects/firesat/workpackages/06/07/subsystems/ang/masses#ADCSElectronicsUnitCBEMass'>
      <failure>
        declared in
        http://opencaesar.io/examples/firesat/programs/earth-science/projects/firesat/bundle/individuals.
      </failure>
    </testcase>
    <testcase name='http://opencaesar.io/examples/firesat/programs/earth-science/projects/firesat/workpackages/06/07/subsystems/ang/masses#ADCSElectronicsUnitCBEMassMagnitude'>
      <failure>
        declared in
        http://opencaesar.io/examples/firesat/programs/earth-science/projects/firesat/bundle/individuals.
      </failure>
    </testcase>
    <testcase name='http://opencaesar.io/examples/firesat/programs/earth-science/projects/firesat/workpackages/06/07/subsystems/ang/masses#EarthSensorCBEMass'>
      <failure>
        declared in
        http://opencaesar.io/examples/firesat/programs/earth-science/projects/firesat/bundle/individuals.
      </failure>
    </testcase>
    <testcase name='http://opencaesar.io/examples/firesat/programs/earth-science/projects/firesat/workpackages/06/07/subsystems/ang/masses#EarthSensorCBEMassMagnitude'>
      <failure>
        declared in
        http://opencaesar.io/examples/firesat/programs/earth-science/projects/firesat/bundle/individuals.
      </failure>
    </testcase>
    <testcase name='http://opencaesar.io/examples/firesat/programs/earth-science/projects/firesat/workpackages/06/07/subsystems/ang/masses#GPSAntennaCBEMass'>
      <failure>
        declared in
        http://opencaesar.io/examples/firesat/programs/earth-science/projects/firesat/bundle/individuals.
      </failure>
    </testcase>
    <testcase name='http://opencaesar.io/examples/firesat/programs/earth-science/projects/firesat/workpackages/06/07/subsystems/ang/masses#GPSAntennaCBEMassMagnitude'>
      <failure>
        declared in
        http://opencaesar.io/examples/firesat/programs/earth-science/projects/firesat/bundle/individuals.
      </failure>
    </testcase>
    <testcase name='http://opencaesar.io/examples/firesat/programs/earth-science/projects/firesat/workpackages/06/07/subsystems/ang/masses#GPSReceiverUnitCBEMass'>
      <failure>
        declared in
        http://opencaesar.io/examples/firesat/programs/earth-science/projects/firesat/bundle/individuals.
      </failure>
    </testcase>
    <testcase name='http://opencaesar.io/examples/firesat/programs/earth-science/projects/firesat/workpackages/06/07/subsystems/ang/masses#GPSReceiverUnitCBEMassMagnitude'>
      <failure>
        declared in
        http://opencaesar.io/examples/firesat/programs/earth-science/projects/firesat/bundle/individuals.
      </failure>
    </testcase>
    <testcase name='http://opencaesar.io/examples/firesat/programs/earth-science/projects/firesat/workpackages/06/07/subsystems/ang/masses#MagnetometerCBEMass'>
      <failure>
        declared in
        http://opencaesar.io/examples/firesat/programs/earth-science/projects/firesat/bundle/individuals.
      </failure>
    </testcase>
    <testcase name='http://opencaesar.io/examples/firesat/programs/earth-science/projects/firesat/workpackages/06/07/subsystems/ang/masses#MagnetometerCBEMassMagnitude'>
      <failure>
        declared in
        http://opencaesar.io/examples/firesat/programs/earth-science/projects/firesat/bundle/individuals.
      </failure>
    </testcase>
    <testcase name='http://opencaesar.io/examples/firesat/programs/earth-science/projects/firesat/workpackages/06/07/subsystems/ang/masses#Magnetorquer1CBEMass'>
      <failure>
        declared in
        http://opencaesar.io/examples/firesat/programs/earth-science/projects/firesat/bundle/individuals.
      </failure>
    </testcase>
    <testcase name='http://opencaesar.io/examples/firesat/programs/earth-science/projects/firesat/workpackages/06/07/subsystems/ang/masses#Magnetorquer1CBEMassMagnitude'>
      <failure>
        declared in
        http://opencaesar.io/examples/firesat/programs/earth-science/projects/firesat/bundle/individuals.
      </failure>
    </testcase>
    <testcase name='http://opencaesar.io/examples/firesat/programs/earth-science/projects/firesat/workpackages/06/07/subsystems/ang/masses#Magnetorquer2CBEMass'>
      <failure>
        declared in
        http://opencaesar.io/examples/firesat/programs/earth-science/projects/firesat/bundle/individuals.
      </failure>
    </testcase>
    <testcase name='http://opencaesar.io/examples/firesat/programs/earth-science/projects/firesat/workpackages/06/07/subsystems/ang/masses#Magnetorquer2CBEMassMagnitude'>
      <failure>
        declared in
        http://opencaesar.io/examples/firesat/programs/earth-science/projects/firesat/bundle/individuals.
      </failure>
    </testcase>
    <testcase name='http://opencaesar.io/examples/firesat/programs/earth-science/projects/firesat/workpackages/06/07/subsystems/ang/masses#Magnetorquer3CBEMass'>
      <failure>
        declared in
        http://opencaesar.io/examples/firesat/programs/earth-science/projects/firesat/bundle/individuals.
      </failure>
    </testcase>
    <testcase name='http://opencaesar.io/examples/firesat/programs/earth-science/projects/firesat/workpackages/06/07/subsystems/ang/masses#Magnetorquer3CBEMassMagnitude'>
      <failure>
        declared in
        http://opencaesar.io/examples/firesat/programs/earth-science/projects/firesat/bundle/individuals.
      </failure>
    </testcase>
    <testcase name='http://opencaesar.io/examples/firesat/programs/earth-science/projects/firesat/workpackages/06/07/subsystems/ang/masses#ReactionWheel1CBEMass'>
      <failure>
        declared in
        http://opencaesar.io/examples/firesat/programs/earth-science/projects/firesat/bundle/individuals.
      </failure>
    </testcase>
    <testcase name='http://opencaesar.io/examples/firesat/programs/earth-science/projects/firesat/workpackages/06/07/subsystems/ang/masses#ReactionWheel1CBEMassMagnitude'>
      <failure>
        declared in
        http://opencaesar.io/examples/firesat/programs/earth-science/projects/firesat/bundle/individuals.
      </failure>
    </testcase>
    <testcase name='http://opencaesar.io/examples/firesat/programs/earth-science/projects/firesat/workpackages/06/07/subsystems/ang/masses#ReactionWheel2CBEMass'>
      <failure>
        declared in
        http://opencaesar.io/examples/firesat/programs/earth-science/projects/firesat/bundle/individuals.
      </failure>
    </testcase>
    <testcase name='http://opencaesar.io/examples/firesat/programs/earth-science/projects/firesat/workpackages/06/07/subsystems/ang/masses#ReactionWheel2CBEMassMagnitude'>
      <failure>
        declared in
        http://opencaesar.io/examples/firesat/programs/earth-science/projects/firesat/bundle/individuals.
      </failure>
    </testcase>
    <testcase name='http://opencaesar.io/examples/firesat/programs/earth-science/projects/firesat/workpackages/06/07/subsystems/ang/masses#ReactionWheel3CBEMass'>
      <failure>
        declared in
        http://opencaesar.io/examples/firesat/programs/earth-science/projects/firesat/bundle/individuals.
      </failure>
    </testcase>
    <testcase name='http://opencaesar.io/examples/firesat/programs/earth-science/projects/firesat/workpackages/06/07/subsystems/ang/masses#ReactionWheel3CBEMassMagnitude'>
      <failure>
        declared in
        http://opencaesar.io/examples/firesat/programs/earth-science/projects/firesat/bundle/individuals.
      </failure>
    </testcase>
    <testcase name='http://opencaesar.io/examples/firesat/programs/earth-science/projects/firesat/workpackages/06/07/subsystems/ang/masses#ReactionWheel4CBEMass'>
      <failure>
        declared in
        http://opencaesar.io/examples/firesat/programs/earth-science/projects/firesat/bundle/individuals.
      </failure>
    </testcase>
    <testcase name='http://opencaesar.io/examples/firesat/programs/earth-science/projects/firesat/workpackages/06/07/subsystems/ang/masses#ReactionWheel4CBEMassMagnitude'>
      <failure>
        declared in
        http://opencaesar.io/examples/firesat/programs/earth-science/projects/firesat/bundle/individuals.
      </failure>
    </testcase>
    <testcase name='http://opencaesar.io/examples/firesat/programs/earth-science/projects/firesat/workpackages/06/07/subsystems/ang/masses#SunSensorCBEMass'>
      <failure>
        declared in
        http://opencaesar.io/examples/firesat/programs/earth-science/projects/firesat/bundle/individuals.
      </failure>
    </testcase>
    <testcase name='http://opencaesar.io/examples/firesat/programs/earth-science/projects/firesat/workpackages/06/07/subsystems/ang/masses#SunSensorCBEMassMagnitude'>
      <failure>
        declared in
        http://opencaesar.io/examples/firesat/programs/earth-science/projects/firesat/bundle/individuals.
      </failure>
    </testcase>
    <testcase name='http://opencaesar.io/examples/firesat/programs/earth-science/projects/firesat/workpackages/06/07/subsystems/ang/requirements#AltitudeDeterminationForGPSAntenna'>
      <failure>
        declared in
        http://opencaesar.io/examples/firesat/programs/earth-science/projects/firesat/bundle/individuals.
      </failure>
    </testcase>
    <testcase name='http://opencaesar.io/examples/firesat/programs/earth-science/projects/firesat/workpackages/06/07/subsystems/ang/requirements#AltitudeDeterminationForGPSReceiverUnit'>
      <failure>
        declared in
        http://opencaesar.io/examples/firesat/programs/earth-science/projects/firesat/bundle/individuals.
      </failure>
    </testcase>
    <testcase name='http://opencaesar.io/examples/firesat/programs/earth-science/projects/firesat/workpackages/06/07/subsystems/ang/requirements#MaintenanceForADCSElectronicsUnit'>
      <failure>
        declared in
        http://opencaesar.io/examples/firesat/programs/earth-science/projects/firesat/bundle/individuals.
      </failure>
    </testcase>
    <testcase name='http://opencaesar.io/examples/firesat/programs/earth-science/projects/firesat/workpackages/06/07/subsystems/ang/requirements#OperabilityForADCSElectronicsUnit'>
      <failure>
        declared in
        http://opencaesar.io/examples/firesat/programs/earth-science/projects/firesat/bundle/individuals.
      </failure>
    </testcase>
    <testcase name='http://opencaesar.io/examples/firesat/programs/earth-science/projects/firesat/workpackages/06/07/subsystems/ang/requirements#OperabilityForEarthSensor'>
      <failure>
        declared in
        http://opencaesar.io/examples/firesat/programs/earth-science/projects/firesat/bundle/individuals.
      </failure>
    </testcase>
    <testcase name='http://opencaesar.io/examples/firesat/programs/earth-science/projects/firesat/workpackages/06/07/subsystems/ang/requirements#OperabilityForGPSAntenna'>
      <failure>
        declared in
        http://opencaesar.io/examples/firesat/programs/earth-science/projects/firesat/bundle/individuals.
      </failure>
    </testcase>
    <testcase name='http://opencaesar.io/examples/firesat/programs/earth-science/projects/firesat/workpackages/06/07/subsystems/ang/requirements#OperabilityForMagnetometer'>
      <failure>
        declared in
        http://opencaesar.io/examples/firesat/programs/earth-science/projects/firesat/bundle/individuals.
      </failure>
    </testcase>
    <testcase name='http://opencaesar.io/examples/firesat/programs/earth-science/projects/firesat/workpackages/06/07/subsystems/ang/requirements#OperabilityForMagnetorquer1'>
      <failure>
        declared in
        http://opencaesar.io/examples/firesat/programs/earth-science/projects/firesat/bundle/individuals.
      </failure>
    </testcase>
    <testcase name='http://opencaesar.io/examples/firesat/programs/earth-science/projects/firesat/workpackages/06/07/subsystems/ang/requirements#OperabilityForMagnetorquer2'>
      <failure>
        declared in
        http://opencaesar.io/examples/firesat/programs/earth-science/projects/firesat/bundle/individuals.
      </failure>
    </testcase>
    <testcase name='http://opencaesar.io/examples/firesat/programs/earth-science/projects/firesat/workpackages/06/07/subsystems/ang/requirements#OperabilityForMagnetorquer3'>
      <failure>
        declared in
        http://opencaesar.io/examples/firesat/programs/earth-science/projects/firesat/bundle/individuals.
      </failure>
    </testcase>
    <testcase name='http://opencaesar.io/examples/firesat/programs/earth-science/projects/firesat/workpackages/06/07/subsystems/ang/requirements#OperabilityForReactionWheel1'>
      <failure>
        declared in
        http://opencaesar.io/examples/firesat/programs/earth-science/projects/firesat/bundle/individuals.
      </failure>
    </testcase>
    <testcase name='http://opencaesar.io/examples/firesat/programs/earth-science/projects/firesat/workpackages/06/07/subsystems/ang/requirements#OperabilityForReactionWheel2'>
      <failure>
        declared in
        http://opencaesar.io/examples/firesat/programs/earth-science/projects/firesat/bundle/individuals.
      </failure>
    </testcase>
    <testcase name='http://opencaesar.io/examples/firesat/programs/earth-science/projects/firesat/workpackages/06/07/subsystems/ang/requirements#OperabilityForReactionWheel3'>
      <failure>
        declared in
        http://opencaesar.io/examples/firesat/programs/earth-science/projects/firesat/bundle/individuals.
      </failure>
    </testcase>
    <testcase name='http://opencaesar.io/examples/firesat/programs/earth-science/projects/firesat/workpackages/06/07/subsystems/ang/requirements#OperabilityForReactionWheel4'>
      <failure>
        declared in
        http://opencaesar.io/examples/firesat/programs/earth-science/projects/firesat/bundle/individuals.
      </failure>
    </testcase>
    <testcase name='http://opencaesar.io/examples/firesat/programs/earth-science/projects/firesat/workpackages/06/07/subsystems/ang/requirements#OperabilityForSunSensor'>
      <failure>
        declared in
        http://opencaesar.io/examples/firesat/programs/earth-science/projects/firesat/bundle/individuals.
      </failure>
    </testcase>
    <testcase name='http://opencaesar.io/examples/firesat/programs/earth-science/projects/firesat/workpackages/06/07/subsystems/ang/requirements#OrbitDeterminationForGPSAntenna'>
      <failure>
        declared in
        http://opencaesar.io/examples/firesat/programs/earth-science/projects/firesat/bundle/individuals.
      </failure>
    </testcase>
    <testcase name='http://opencaesar.io/examples/firesat/programs/earth-science/projects/firesat/workpackages/06/07/subsystems/ang/requirements#OrbitDeterminationForGPSReceiverUnit'>
      <failure>
        declared in
        http://opencaesar.io/examples/firesat/programs/earth-science/projects/firesat/bundle/individuals.
      </failure>
    </testcase>
    <testcase name='http://opencaesar.io/examples/firesat/programs/earth-science/projects/firesat/workpackages/06/08/subsystems/prp/assemblies#ACSThruster1'>
      <failure>
        declared in
        http://opencaesar.io/examples/firesat/programs/earth-science/projects/firesat/bundle/individuals.
      </failure>
    </testcase>
    <testcase name='http://opencaesar.io/examples/firesat/programs/earth-science/projects/firesat/workpackages/06/08/subsystems/prp/assemblies#ACSThruster2'>
      <failure>
        declared in
        http://opencaesar.io/examples/firesat/programs/earth-science/projects/firesat/bundle/individuals.
      </failure>
    </testcase>
    <testcase name='http://opencaesar.io/examples/firesat/programs/earth-science/projects/firesat/workpackages/06/08/subsystems/prp/assemblies#ACSThruster3'>
      <failure>
        declared in
        http://opencaesar.io/examples/firesat/programs/earth-science/projects/firesat/bundle/individuals.
      </failure>
    </testcase>
    <testcase name='http://opencaesar.io/examples/firesat/programs/earth-science/projects/firesat/workpackages/06/08/subsystems/prp/assemblies#ACSThruster4'>
      <failure>
        declared in
        http://opencaesar.io/examples/firesat/programs/earth-science/projects/firesat/bundle/individuals.
      </failure>
    </testcase>
    <testcase name='http://opencaesar.io/examples/firesat/programs/earth-science/projects/firesat/workpackages/06/08/subsystems/prp/assemblies#ACSThruster5'>
      <failure>
        declared in
        http://opencaesar.io/examples/firesat/programs/earth-science/projects/firesat/bundle/individuals.
      </failure>
    </testcase>
    <testcase name='http://opencaesar.io/examples/firesat/programs/earth-science/projects/firesat/workpackages/06/08/subsystems/prp/assemblies#ACSThruster6'>
      <failure>
        declared in
        http://opencaesar.io/examples/firesat/programs/earth-science/projects/firesat/bundle/individuals.
      </failure>
    </testcase>
    <testcase name='http://opencaesar.io/examples/firesat/programs/earth-science/projects/firesat/workpackages/06/08/subsystems/prp/assemblies#BPPropellantLineUnit'>
      <failure>
        declared in
        http://opencaesar.io/examples/firesat/programs/earth-science/projects/firesat/bundle/individuals.
      </failure>
    </testcase>
    <testcase name='http://opencaesar.io/examples/firesat/programs/earth-science/projects/firesat/workpackages/06/08/subsystems/prp/assemblies#FillDrainValveUnit'>
      <failure>
        declared in
        http://opencaesar.io/examples/firesat/programs/earth-science/projects/firesat/bundle/individuals.
      </failure>
    </testcase>
    <testcase name='http://opencaesar.io/examples/firesat/programs/earth-science/projects/firesat/workpackages/06/08/subsystems/prp/assemblies#PMPropellantLineUnit'>
      <failure>
        declared in
        http://opencaesar.io/examples/firesat/programs/earth-science/projects/firesat/bundle/individuals.
      </failure>
    </testcase>
    <testcase name='http://opencaesar.io/examples/firesat/programs/earth-science/projects/firesat/workpackages/06/08/subsystems/prp/assemblies#PressurantTank'>
      <failure>
        declared in
        http://opencaesar.io/examples/firesat/programs/earth-science/projects/firesat/bundle/individuals.
      </failure>
    </testcase>
    <testcase name='http://opencaesar.io/examples/firesat/programs/earth-science/projects/firesat/workpackages/06/08/subsystems/prp/assemblies#PrimaryThruster'>
      <failure>
        declared in
        http://opencaesar.io/examples/firesat/programs/earth-science/projects/firesat/bundle/individuals.
      </failure>
    </testcase>
    <testcase name='http://opencaesar.io/examples/firesat/programs/earth-science/projects/firesat/workpackages/06/08/subsystems/prp/assemblies#PropellantHandlingSection'>
      <failure>
        declared in
        http://opencaesar.io/examples/firesat/programs/earth-science/projects/firesat/bundle/individuals.
      </failure>
    </testcase>
    <testcase name='http://opencaesar.io/examples/firesat/programs/earth-science/projects/firesat/workpackages/06/08/subsystems/prp/assemblies#PropellantTank'>
      <failure>
        declared in
        http://opencaesar.io/examples/firesat/programs/earth-science/projects/firesat/bundle/individuals.
      </failure>
    </testcase>
    <testcase name='http://opencaesar.io/examples/firesat/programs/earth-science/projects/firesat/workpackages/06/08/subsystems/prp/assemblies#PropulsionModule'>
      <failure>
        declared in
        http://opencaesar.io/examples/firesat/programs/earth-science/projects/firesat/bundle/individuals.
      </failure>
    </testcase>
    <testcase name='http://opencaesar.io/examples/firesat/programs/earth-science/projects/firesat/workpackages/06/08/subsystems/prp/assemblies#PropulsionSystemControlUnit'>
      <failure>
        declared in
        http://opencaesar.io/examples/firesat/programs/earth-science/projects/firesat/bundle/individuals.
      </failure>
    </testcase>
    <testcase name='http://opencaesar.io/examples/firesat/programs/earth-science/projects/firesat/workpackages/06/08/subsystems/prp/endcircuits#FillDrainValveUnitPowerIn'>
      <failure>
        declared in
        http://opencaesar.io/examples/firesat/programs/earth-science/projects/firesat/bundle/individuals.
      </failure>
    </testcase>
    <testcase name='http://opencaesar.io/examples/firesat/programs/earth-science/projects/firesat/workpackages/06/08/subsystems/prp/endcircuits#PropellantHandlingSectionPowerIn'>
      <failure>
        declared in
        http://opencaesar.io/examples/firesat/programs/earth-science/projects/firesat/bundle/individuals.
      </failure>
    </testcase>
    <testcase name='http://opencaesar.io/examples/firesat/programs/earth-science/projects/firesat/workpackages/06/08/subsystems/prp/endcircuits#PropulsionModulePowerIn'>
      <failure>
        declared in
        http://opencaesar.io/examples/firesat/programs/earth-science/projects/firesat/bundle/individuals.
      </failure>
    </testcase>
    <testcase name='http://opencaesar.io/examples/firesat/programs/earth-science/projects/firesat/workpackages/06/08/subsystems/prp/endcircuits#PropulsionSystemControlUnitPowerIn'>
      <failure>
        declared in
        http://opencaesar.io/examples/firesat/programs/earth-science/projects/firesat/bundle/individuals.
      </failure>
    </testcase>
    <testcase name='http://opencaesar.io/examples/firesat/programs/earth-science/projects/firesat/workpackages/06/08/subsystems/prp/functions#ControlTrajectoryByACSThruster1'>
      <failure>
        declared in
        http://opencaesar.io/examples/firesat/programs/earth-science/projects/firesat/bundle/individuals.
      </failure>
    </testcase>
    <testcase name='http://opencaesar.io/examples/firesat/programs/earth-science/projects/firesat/workpackages/06/08/subsystems/prp/functions#ControlTrajectoryByACSThruster2'>
      <failure>
        declared in
        http://opencaesar.io/examples/firesat/programs/earth-science/projects/firesat/bundle/individuals.
      </failure>
    </testcase>
    <testcase name='http://opencaesar.io/examples/firesat/programs/earth-science/projects/firesat/workpackages/06/08/subsystems/prp/functions#ControlTrajectoryByACSThruster3'>
      <failure>
        declared in
        http://opencaesar.io/examples/firesat/programs/earth-science/projects/firesat/bundle/individuals.
      </failure>
    </testcase>
    <testcase name='http://opencaesar.io/examples/firesat/programs/earth-science/projects/firesat/workpackages/06/08/subsystems/prp/functions#ControlTrajectoryByACSThruster4'>
      <failure>
        declared in
        http://opencaesar.io/examples/firesat/programs/earth-science/projects/firesat/bundle/individuals.
      </failure>
    </testcase>
    <testcase name='http://opencaesar.io/examples/firesat/programs/earth-science/projects/firesat/workpackages/06/08/subsystems/prp/functions#ControlTrajectoryByACSThruster5'>
      <failure>
        declared in
        http://opencaesar.io/examples/firesat/programs/earth-science/projects/firesat/bundle/individuals.
      </failure>
    </testcase>
    <testcase name='http://opencaesar.io/examples/firesat/programs/earth-science/projects/firesat/workpackages/06/08/subsystems/prp/functions#ControlTrajectoryByACSThruster6'>
      <failure>
        declared in
        http://opencaesar.io/examples/firesat/programs/earth-science/projects/firesat/bundle/individuals.
      </failure>
    </testcase>
    <testcase name='http://opencaesar.io/examples/firesat/programs/earth-science/projects/firesat/workpackages/06/08/subsystems/prp/functions#ControlTrajectoryByBPPropellantLineUnit'>
      <failure>
        declared in
        http://opencaesar.io/examples/firesat/programs/earth-science/projects/firesat/bundle/individuals.
      </failure>
    </testcase>
    <testcase name='http://opencaesar.io/examples/firesat/programs/earth-science/projects/firesat/workpackages/06/08/subsystems/prp/functions#ControlTrajectoryByFillDrainValveUnit'>
      <failure>
        declared in
        http://opencaesar.io/examples/firesat/programs/earth-science/projects/firesat/bundle/individuals.
      </failure>
    </testcase>
    <testcase name='http://opencaesar.io/examples/firesat/programs/earth-science/projects/firesat/workpackages/06/08/subsystems/prp/functions#ControlTrajectoryByPMPropellantLineUnit'>
      <failure>
        declared in
        http://opencaesar.io/examples/firesat/programs/earth-science/projects/firesat/bundle/individuals.
      </failure>
    </testcase>
    <testcase name='http://opencaesar.io/examples/firesat/programs/earth-science/projects/firesat/workpackages/06/08/subsystems/prp/functions#ControlTrajectoryByPressurantTank'>
      <failure>
        declared in
        http://opencaesar.io/examples/firesat/programs/earth-science/projects/firesat/bundle/individuals.
      </failure>
    </testcase>
    <testcase name='http://opencaesar.io/examples/firesat/programs/earth-science/projects/firesat/workpackages/06/08/subsystems/prp/functions#ControlTrajectoryByPropellantTank'>
      <failure>
        declared in
        http://opencaesar.io/examples/firesat/programs/earth-science/projects/firesat/bundle/individuals.
      </failure>
    </testcase>
    <testcase name='http://opencaesar.io/examples/firesat/programs/earth-science/projects/firesat/workpackages/06/08/subsystems/prp/functions#ControlTrajectoryByPropulsionSystemControlUnit'>
      <failure>
        declared in
        http://opencaesar.io/examples/firesat/programs/earth-science/projects/firesat/bundle/individuals.
      </failure>
    </testcase>
    <testcase name='http://opencaesar.io/examples/firesat/programs/earth-science/projects/firesat/workpackages/06/08/subsystems/prp/functions#Launch_SCByPrimaryThruster'>
      <failure>
        declared in
        http://opencaesar.io/examples/firesat/programs/earth-science/projects/firesat/bundle/individuals.
      </failure>
    </testcase>
    <testcase name='http://opencaesar.io/examples/firesat/programs/earth-science/projects/firesat/workpackages/06/08/subsystems/prp/masses#ACSThruster1CBEMass'>
      <failure>
        declared in
        http://opencaesar.io/examples/firesat/programs/earth-science/projects/firesat/bundle/individuals.
      </failure>
    </testcase>
    <testcase name='http://opencaesar.io/examples/firesat/programs/earth-science/projects/firesat/workpackages/06/08/subsystems/prp/masses#ACSThruster1CBEMassMagnitude'>
      <failure>
        declared in
        http://opencaesar.io/examples/firesat/programs/earth-science/projects/firesat/bundle/individuals.
      </failure>
    </testcase>
    <testcase name='http://opencaesar.io/examples/firesat/programs/earth-science/projects/firesat/workpackages/06/08/subsystems/prp/masses#ACSThruster2CBEMass'>
      <failure>
        declared in
        http://opencaesar.io/examples/firesat/programs/earth-science/projects/firesat/bundle/individuals.
      </failure>
    </testcase>
    <testcase name='http://opencaesar.io/examples/firesat/programs/earth-science/projects/firesat/workpackages/06/08/subsystems/prp/masses#ACSThruster2CBEMassMagnitude'>
      <failure>
        declared in
        http://opencaesar.io/examples/firesat/programs/earth-science/projects/firesat/bundle/individuals.
      </failure>
    </testcase>
    <testcase name='http://opencaesar.io/examples/firesat/programs/earth-science/projects/firesat/workpackages/06/08/subsystems/prp/masses#ACSThruster3CBEMass'>
      <failure>
        declared in
        http://opencaesar.io/examples/firesat/programs/earth-science/projects/firesat/bundle/individuals.
      </failure>
    </testcase>
    <testcase name='http://opencaesar.io/examples/firesat/programs/earth-science/projects/firesat/workpackages/06/08/subsystems/prp/masses#ACSThruster3CBEMassMagnitude'>
      <failure>
        declared in
        http://opencaesar.io/examples/firesat/programs/earth-science/projects/firesat/bundle/individuals.
      </failure>
    </testcase>
    <testcase name='http://opencaesar.io/examples/firesat/programs/earth-science/projects/firesat/workpackages/06/08/subsystems/prp/masses#ACSThruster4CBEMass'>
      <failure>
        declared in
        http://opencaesar.io/examples/firesat/programs/earth-science/projects/firesat/bundle/individuals.
      </failure>
    </testcase>
    <testcase name='http://opencaesar.io/examples/firesat/programs/earth-science/projects/firesat/workpackages/06/08/subsystems/prp/masses#ACSThruster4CBEMassMagnitude'>
      <failure>
        declared in
        http://opencaesar.io/examples/firesat/programs/earth-science/projects/firesat/bundle/individuals.
      </failure>
    </testcase>
    <testcase name='http://opencaesar.io/examples/firesat/programs/earth-science/projects/firesat/workpackages/06/08/subsystems/prp/masses#ACSThruster5CBEMass'>
      <failure>
        declared in
        http://opencaesar.io/examples/firesat/programs/earth-science/projects/firesat/bundle/individuals.
      </failure>
    </testcase>
    <testcase name='http://opencaesar.io/examples/firesat/programs/earth-science/projects/firesat/workpackages/06/08/subsystems/prp/masses#ACSThruster5CBEMassMagnitude'>
      <failure>
        declared in
        http://opencaesar.io/examples/firesat/programs/earth-science/projects/firesat/bundle/individuals.
      </failure>
    </testcase>
    <testcase name='http://opencaesar.io/examples/firesat/programs/earth-science/projects/firesat/workpackages/06/08/subsystems/prp/masses#ACSThruster6CBEMass'>
      <failure>
        declared in
        http://opencaesar.io/examples/firesat/programs/earth-science/projects/firesat/bundle/individuals.
      </failure>
    </testcase>
    <testcase name='http://opencaesar.io/examples/firesat/programs/earth-science/projects/firesat/workpackages/06/08/subsystems/prp/masses#ACSThruster6CBEMassMagnitude'>
      <failure>
        declared in
        http://opencaesar.io/examples/firesat/programs/earth-science/projects/firesat/bundle/individuals.
      </failure>
    </testcase>
    <testcase name='http://opencaesar.io/examples/firesat/programs/earth-science/projects/firesat/workpackages/06/08/subsystems/prp/masses#BPPropellantLineUnitCBEMass'>
      <failure>
        declared in
        http://opencaesar.io/examples/firesat/programs/earth-science/projects/firesat/bundle/individuals.
      </failure>
    </testcase>
    <testcase name='http://opencaesar.io/examples/firesat/programs/earth-science/projects/firesat/workpackages/06/08/subsystems/prp/masses#BPPropellantLineUnitCBEMassMagnitude'>
      <failure>
        declared in
        http://opencaesar.io/examples/firesat/programs/earth-science/projects/firesat/bundle/individuals.
      </failure>
    </testcase>
    <testcase name='http://opencaesar.io/examples/firesat/programs/earth-science/projects/firesat/workpackages/06/08/subsystems/prp/masses#FillDrainValveUnitCBEMass'>
      <failure>
        declared in
        http://opencaesar.io/examples/firesat/programs/earth-science/projects/firesat/bundle/individuals.
      </failure>
    </testcase>
    <testcase name='http://opencaesar.io/examples/firesat/programs/earth-science/projects/firesat/workpackages/06/08/subsystems/prp/masses#FillDrainValveUnitCBEMassMagnitude'>
      <failure>
        declared in
        http://opencaesar.io/examples/firesat/programs/earth-science/projects/firesat/bundle/individuals.
      </failure>
    </testcase>
    <testcase name='http://opencaesar.io/examples/firesat/programs/earth-science/projects/firesat/workpackages/06/08/subsystems/prp/masses#PMPropellantLineUnitCBEMass'>
      <failure>
        declared in
        http://opencaesar.io/examples/firesat/programs/earth-science/projects/firesat/bundle/individuals.
      </failure>
    </testcase>
    <testcase name='http://opencaesar.io/examples/firesat/programs/earth-science/projects/firesat/workpackages/06/08/subsystems/prp/masses#PMPropellantLineUnitCBEMassMagnitude'>
      <failure>
        declared in
        http://opencaesar.io/examples/firesat/programs/earth-science/projects/firesat/bundle/individuals.
      </failure>
    </testcase>
    <testcase name='http://opencaesar.io/examples/firesat/programs/earth-science/projects/firesat/workpackages/06/08/subsystems/prp/masses#PressurantTankCBEMass'>
      <failure>
        declared in
        http://opencaesar.io/examples/firesat/programs/earth-science/projects/firesat/bundle/individuals.
      </failure>
    </testcase>
    <testcase name='http://opencaesar.io/examples/firesat/programs/earth-science/projects/firesat/workpackages/06/08/subsystems/prp/masses#PressurantTankCBEMassMagnitude'>
      <failure>
        declared in
        http://opencaesar.io/examples/firesat/programs/earth-science/projects/firesat/bundle/individuals.
      </failure>
    </testcase>
    <testcase name='http://opencaesar.io/examples/firesat/programs/earth-science/projects/firesat/workpackages/06/08/subsystems/prp/masses#PrimaryThrusterCBEMass'>
      <failure>
        declared in
        http://opencaesar.io/examples/firesat/programs/earth-science/projects/firesat/bundle/individuals.
      </failure>
    </testcase>
    <testcase name='http://opencaesar.io/examples/firesat/programs/earth-science/projects/firesat/workpackages/06/08/subsystems/prp/masses#PrimaryThrusterCBEMassMagnitude'>
      <failure>
        declared in
        http://opencaesar.io/examples/firesat/programs/earth-science/projects/firesat/bundle/individuals.
      </failure>
    </testcase>
    <testcase name='http://opencaesar.io/examples/firesat/programs/earth-science/projects/firesat/workpackages/06/08/subsystems/prp/masses#PropellantHandlingSectionCBEMass'>
      <failure>
        declared in
        http://opencaesar.io/examples/firesat/programs/earth-science/projects/firesat/bundle/individuals.
      </failure>
    </testcase>
    <testcase name='http://opencaesar.io/examples/firesat/programs/earth-science/projects/firesat/workpackages/06/08/subsystems/prp/masses#PropellantHandlingSectionCBEMassMagnitude'>
      <failure>
        declared in
        http://opencaesar.io/examples/firesat/programs/earth-science/projects/firesat/bundle/individuals.
      </failure>
    </testcase>
    <testcase name='http://opencaesar.io/examples/firesat/programs/earth-science/projects/firesat/workpackages/06/08/subsystems/prp/masses#PropellantTankCBEMass'>
      <failure>
        declared in
        http://opencaesar.io/examples/firesat/programs/earth-science/projects/firesat/bundle/individuals.
      </failure>
    </testcase>
    <testcase name='http://opencaesar.io/examples/firesat/programs/earth-science/projects/firesat/workpackages/06/08/subsystems/prp/masses#PropellantTankCBEMassMagnitude'>
      <failure>
        declared in
        http://opencaesar.io/examples/firesat/programs/earth-science/projects/firesat/bundle/individuals.
      </failure>
    </testcase>
    <testcase name='http://opencaesar.io/examples/firesat/programs/earth-science/projects/firesat/workpackages/06/08/subsystems/prp/masses#PropulsionModuleCBEMass'>
      <failure>
        declared in
        http://opencaesar.io/examples/firesat/programs/earth-science/projects/firesat/bundle/individuals.
      </failure>
    </testcase>
    <testcase name='http://opencaesar.io/examples/firesat/programs/earth-science/projects/firesat/workpackages/06/08/subsystems/prp/masses#PropulsionModuleCBEMassMagnitude'>
      <failure>
        declared in
        http://opencaesar.io/examples/firesat/programs/earth-science/projects/firesat/bundle/individuals.
      </failure>
    </testcase>
    <testcase name='http://opencaesar.io/examples/firesat/programs/earth-science/projects/firesat/workpackages/06/08/subsystems/prp/masses#PropulsionSystemControlUnitCBEMass'>
      <failure>
        declared in
        http://opencaesar.io/examples/firesat/programs/earth-science/projects/firesat/bundle/individuals.
      </failure>
    </testcase>
    <testcase name='http://opencaesar.io/examples/firesat/programs/earth-science/projects/firesat/workpackages/06/08/subsystems/prp/masses#PropulsionSystemControlUnitCBEMassMagnitude'>
      <failure>
        declared in
        http://opencaesar.io/examples/firesat/programs/earth-science/projects/firesat/bundle/individuals.
      </failure>
    </testcase>
    <testcase name='http://opencaesar.io/examples/firesat/programs/earth-science/projects/firesat/workpackages/06/08/subsystems/prp/requirements#AltitudeForBPPropellantLineUnit'>
      <failure>
        declared in
        http://opencaesar.io/examples/firesat/programs/earth-science/projects/firesat/bundle/individuals.
      </failure>
    </testcase>
    <testcase name='http://opencaesar.io/examples/firesat/programs/earth-science/projects/firesat/workpackages/06/08/subsystems/prp/requirements#AltitudeForPMPropellantLineUnit'>
      <failure>
        declared in
        http://opencaesar.io/examples/firesat/programs/earth-science/projects/firesat/bundle/individuals.
      </failure>
    </testcase>
    <testcase name='http://opencaesar.io/examples/firesat/programs/earth-science/projects/firesat/workpackages/06/08/subsystems/prp/requirements#AltitudeForPressurantTank'>
      <failure>
        declared in
        http://opencaesar.io/examples/firesat/programs/earth-science/projects/firesat/bundle/individuals.
      </failure>
    </testcase>
    <testcase name='http://opencaesar.io/examples/firesat/programs/earth-science/projects/firesat/workpackages/06/08/subsystems/prp/requirements#AltitudeForPrimaryThruster'>
      <failure>
        declared in
        http://opencaesar.io/examples/firesat/programs/earth-science/projects/firesat/bundle/individuals.
      </failure>
    </testcase>
    <testcase name='http://opencaesar.io/examples/firesat/programs/earth-science/projects/firesat/workpackages/06/08/subsystems/prp/requirements#AltitudeForPropellantTank'>
      <failure>
        declared in
        http://opencaesar.io/examples/firesat/programs/earth-science/projects/firesat/bundle/individuals.
      </failure>
    </testcase>
    <testcase name='http://opencaesar.io/examples/firesat/programs/earth-science/projects/firesat/workpackages/06/08/subsystems/prp/requirements#AltitudeForPropulsionModule'>
      <failure>
        declared in
        http://opencaesar.io/examples/firesat/programs/earth-science/projects/firesat/bundle/individuals.
      </failure>
    </testcase>
    <testcase name='http://opencaesar.io/examples/firesat/programs/earth-science/projects/firesat/workpackages/06/08/subsystems/prp/requirements#AltitudeForPropulsionSystemControlUnit'>
      <failure>
        declared in
        http://opencaesar.io/examples/firesat/programs/earth-science/projects/firesat/bundle/individuals.
      </failure>
    </testcase>
    <testcase name='http://opencaesar.io/examples/firesat/programs/earth-science/projects/firesat/workpackages/06/08/subsystems/prp/requirements#DeltaVBudgetForBPPropellantLineUnit'>
      <failure>
        declared in
        http://opencaesar.io/examples/firesat/programs/earth-science/projects/firesat/bundle/individuals.
      </failure>
    </testcase>
    <testcase name='http://opencaesar.io/examples/firesat/programs/earth-science/projects/firesat/workpackages/06/08/subsystems/prp/requirements#DeltaVBudgetForFillDrainValveUnit'>
      <failure>
        declared in
        http://opencaesar.io/examples/firesat/programs/earth-science/projects/firesat/bundle/individuals.
      </failure>
    </testcase>
    <testcase name='http://opencaesar.io/examples/firesat/programs/earth-science/projects/firesat/workpackages/06/08/subsystems/prp/requirements#DeltaVBudgetForPMPropellantLineUnit'>
      <failure>
        declared in
        http://opencaesar.io/examples/firesat/programs/earth-science/projects/firesat/bundle/individuals.
      </failure>
    </testcase>
    <testcase name='http://opencaesar.io/examples/firesat/programs/earth-science/projects/firesat/workpackages/06/08/subsystems/prp/requirements#DeltaVBudgetForPressurantTank'>
      <failure>
        declared in
        http://opencaesar.io/examples/firesat/programs/earth-science/projects/firesat/bundle/individuals.
      </failure>
    </testcase>
    <testcase name='http://opencaesar.io/examples/firesat/programs/earth-science/projects/firesat/workpackages/06/08/subsystems/prp/requirements#DeltaVBudgetForPrimaryThruster'>
      <failure>
        declared in
        http://opencaesar.io/examples/firesat/programs/earth-science/projects/firesat/bundle/individuals.
      </failure>
    </testcase>
    <testcase name='http://opencaesar.io/examples/firesat/programs/earth-science/projects/firesat/workpackages/06/08/subsystems/prp/requirements#DeltaVBudgetForPropellantTank'>
      <failure>
        declared in
        http://opencaesar.io/examples/firesat/programs/earth-science/projects/firesat/bundle/individuals.
      </failure>
    </testcase>
    <testcase name='http://opencaesar.io/examples/firesat/programs/earth-science/projects/firesat/workpackages/06/08/subsystems/prp/requirements#DeltaVBudgetForPropulsionModule'>
      <failure>
        declared in
        http://opencaesar.io/examples/firesat/programs/earth-science/projects/firesat/bundle/individuals.
      </failure>
    </testcase>
    <testcase name='http://opencaesar.io/examples/firesat/programs/earth-science/projects/firesat/workpackages/06/08/subsystems/prp/requirements#DeltaVBudgetForPropulsionSystemControlUnit'>
      <failure>
        declared in
        http://opencaesar.io/examples/firesat/programs/earth-science/projects/firesat/bundle/individuals.
      </failure>
    </testcase>
    <testcase name='http://opencaesar.io/examples/firesat/programs/earth-science/projects/firesat/workpackages/06/08/subsystems/prp/requirements#OperabilityForACSThruster1'>
      <failure>
        declared in
        http://opencaesar.io/examples/firesat/programs/earth-science/projects/firesat/bundle/individuals.
      </failure>
    </testcase>
    <testcase name='http://opencaesar.io/examples/firesat/programs/earth-science/projects/firesat/workpackages/06/08/subsystems/prp/requirements#OperabilityForACSThruster2'>
      <failure>
        declared in
        http://opencaesar.io/examples/firesat/programs/earth-science/projects/firesat/bundle/individuals.
      </failure>
    </testcase>
    <testcase name='http://opencaesar.io/examples/firesat/programs/earth-science/projects/firesat/workpackages/06/08/subsystems/prp/requirements#OperabilityForACSThruster3'>
      <failure>
        declared in
        http://opencaesar.io/examples/firesat/programs/earth-science/projects/firesat/bundle/individuals.
      </failure>
    </testcase>
    <testcase name='http://opencaesar.io/examples/firesat/programs/earth-science/projects/firesat/workpackages/06/08/subsystems/prp/requirements#OperabilityForACSThruster4'>
      <failure>
        declared in
        http://opencaesar.io/examples/firesat/programs/earth-science/projects/firesat/bundle/individuals.
      </failure>
    </testcase>
    <testcase name='http://opencaesar.io/examples/firesat/programs/earth-science/projects/firesat/workpackages/06/08/subsystems/prp/requirements#OperabilityForACSThruster5'>
      <failure>
        declared in
        http://opencaesar.io/examples/firesat/programs/earth-science/projects/firesat/bundle/individuals.
      </failure>
    </testcase>
    <testcase name='http://opencaesar.io/examples/firesat/programs/earth-science/projects/firesat/workpackages/06/08/subsystems/prp/requirements#OperabilityForACSThruster6'>
      <failure>
        declared in
        http://opencaesar.io/examples/firesat/programs/earth-science/projects/firesat/bundle/individuals.
      </failure>
    </testcase>
    <testcase name='http://opencaesar.io/examples/firesat/programs/earth-science/projects/firesat/workpackages/06/09/subsystems/cmn/assemblies#ReceiveWhipAntenna'>
      <failure>
        declared in
        http://opencaesar.io/examples/firesat/programs/earth-science/projects/firesat/bundle/individuals.
      </failure>
    </testcase>
    <testcase name='http://opencaesar.io/examples/firesat/programs/earth-science/projects/firesat/workpackages/06/09/subsystems/cmn/assemblies#ReceiverUnit'>
      <failure>
        declared in
        http://opencaesar.io/examples/firesat/programs/earth-science/projects/firesat/bundle/individuals.
      </failure>
    </testcase>
    <testcase name='http://opencaesar.io/examples/firesat/programs/earth-science/projects/firesat/workpackages/06/09/subsystems/cmn/assemblies#TransmitHiGainAntenna'>
      <failure>
        declared in
        http://opencaesar.io/examples/firesat/programs/earth-science/projects/firesat/bundle/individuals.
      </failure>
    </testcase>
    <testcase name='http://opencaesar.io/examples/firesat/programs/earth-science/projects/firesat/workpackages/06/09/subsystems/cmn/assemblies#TransmitWhipAntenna'>
      <failure>
        declared in
        http://opencaesar.io/examples/firesat/programs/earth-science/projects/firesat/bundle/individuals.
      </failure>
    </testcase>
    <testcase name='http://opencaesar.io/examples/firesat/programs/earth-science/projects/firesat/workpackages/06/09/subsystems/cmn/assemblies#TransmitterUnit'>
      <failure>
        declared in
        http://opencaesar.io/examples/firesat/programs/earth-science/projects/firesat/bundle/individuals.
      </failure>
    </testcase>
    <testcase name='http://opencaesar.io/examples/firesat/programs/earth-science/projects/firesat/workpackages/06/09/subsystems/cmn/endcircuits#ReceiveWhipAntennaPowerIn'>
      <failure>
        declared in
        http://opencaesar.io/examples/firesat/programs/earth-science/projects/firesat/bundle/individuals.
      </failure>
    </testcase>
    <testcase name='http://opencaesar.io/examples/firesat/programs/earth-science/projects/firesat/workpackages/06/09/subsystems/cmn/endcircuits#ReceiverUnitPowerIn'>
      <failure>
        declared in
        http://opencaesar.io/examples/firesat/programs/earth-science/projects/firesat/bundle/individuals.
      </failure>
    </testcase>
    <testcase name='http://opencaesar.io/examples/firesat/programs/earth-science/projects/firesat/workpackages/06/09/subsystems/cmn/endcircuits#TransmitHiGainAntennaPowerIn'>
      <failure>
        declared in
        http://opencaesar.io/examples/firesat/programs/earth-science/projects/firesat/bundle/individuals.
      </failure>
    </testcase>
    <testcase name='http://opencaesar.io/examples/firesat/programs/earth-science/projects/firesat/workpackages/06/09/subsystems/cmn/endcircuits#TransmitWhipAntennaPowerIn'>
      <failure>
        declared in
        http://opencaesar.io/examples/firesat/programs/earth-science/projects/firesat/bundle/individuals.
      </failure>
    </testcase>
    <testcase name='http://opencaesar.io/examples/firesat/programs/earth-science/projects/firesat/workpackages/06/09/subsystems/cmn/endcircuits#TransmitterUnitPowerIn'>
      <failure>
        declared in
        http://opencaesar.io/examples/firesat/programs/earth-science/projects/firesat/bundle/individuals.
      </failure>
    </testcase>
    <testcase name='http://opencaesar.io/examples/firesat/programs/earth-science/projects/firesat/workpackages/06/09/subsystems/cmn/functions#ApplyCommandsByReceiverUnit'>
      <failure>
        declared in
        http://opencaesar.io/examples/firesat/programs/earth-science/projects/firesat/bundle/individuals.
      </failure>
    </testcase>
    <testcase name='http://opencaesar.io/examples/firesat/programs/earth-science/projects/firesat/workpackages/06/09/subsystems/cmn/functions#Communicate911DownlinkWithRegionalFieldOfficesByReceiveWhipAntenna'>
      <failure>
        declared in
        http://opencaesar.io/examples/firesat/programs/earth-science/projects/firesat/bundle/individuals.
      </failure>
    </testcase>
    <testcase name='http://opencaesar.io/examples/firesat/programs/earth-science/projects/firesat/workpackages/06/09/subsystems/cmn/functions#Communicate911DownlinkWithRegionalFieldOfficesByTransmitHiGainAntenna'>
      <failure>
        declared in
        http://opencaesar.io/examples/firesat/programs/earth-science/projects/firesat/bundle/individuals.
      </failure>
    </testcase>
    <testcase name='http://opencaesar.io/examples/firesat/programs/earth-science/projects/firesat/workpackages/06/09/subsystems/cmn/functions#DeployMechanismsByReceiveWhipAntenna'>
      <failure>
        declared in
        http://opencaesar.io/examples/firesat/programs/earth-science/projects/firesat/bundle/individuals.
      </failure>
    </testcase>
    <testcase name='http://opencaesar.io/examples/firesat/programs/earth-science/projects/firesat/workpackages/06/09/subsystems/cmn/functions#DeployMechanismsByTransmitHiGainAntenna'>
      <failure>
        declared in
        http://opencaesar.io/examples/firesat/programs/earth-science/projects/firesat/bundle/individuals.
      </failure>
    </testcase>
    <testcase name='http://opencaesar.io/examples/firesat/programs/earth-science/projects/firesat/workpackages/06/09/subsystems/cmn/functions#DeployMechanismsByTransmitWhipAntenna'>
      <failure>
        declared in
        http://opencaesar.io/examples/firesat/programs/earth-science/projects/firesat/bundle/individuals.
      </failure>
    </testcase>
    <testcase name='http://opencaesar.io/examples/firesat/programs/earth-science/projects/firesat/workpackages/06/09/subsystems/cmn/functions#GenerateTelemetryByTransmitterUnit'>
      <failure>
        declared in
        http://opencaesar.io/examples/firesat/programs/earth-science/projects/firesat/bundle/individuals.
      </failure>
    </testcase>
    <testcase name='http://opencaesar.io/examples/firesat/programs/earth-science/projects/firesat/workpackages/06/09/subsystems/cmn/functions#SendTelemetryToNOAAGroundStationsByTransmitWhipAntenna'>
      <failure>
        declared in
        http://opencaesar.io/examples/firesat/programs/earth-science/projects/firesat/bundle/individuals.
      </failure>
    </testcase>
    <testcase name='http://opencaesar.io/examples/firesat/programs/earth-science/projects/firesat/workpackages/06/09/subsystems/cmn/functions#TransmitHiGainAntennaPerformsCommunicate911DownlinkWithRegionalFieldOffices'>
      <failure>
        declared in
        http://opencaesar.io/examples/firesat/programs/earth-science/projects/firesat/bundle/individuals.
      </failure>
    </testcase>
    <testcase name='http://opencaesar.io/examples/firesat/programs/earth-science/projects/firesat/workpackages/06/09/subsystems/cmn/functions#TransmitterUnitPerformsGenerateTelemetry'>
      <failure>
        declared in
        http://opencaesar.io/examples/firesat/programs/earth-science/projects/firesat/bundle/individuals.
      </failure>
    </testcase>
    <testcase name='http://opencaesar.io/examples/firesat/programs/earth-science/projects/firesat/workpackages/06/09/subsystems/cmn/masses#ReceiveWhipAntennaCBEMass'>
      <failure>
        declared in
        http://opencaesar.io/examples/firesat/programs/earth-science/projects/firesat/bundle/individuals.
      </failure>
    </testcase>
    <testcase name='http://opencaesar.io/examples/firesat/programs/earth-science/projects/firesat/workpackages/06/09/subsystems/cmn/masses#ReceiveWhipAntennaCBEMassMagnitude'>
      <failure>
        declared in
        http://opencaesar.io/examples/firesat/programs/earth-science/projects/firesat/bundle/individuals.
      </failure>
    </testcase>
    <testcase name='http://opencaesar.io/examples/firesat/programs/earth-science/projects/firesat/workpackages/06/09/subsystems/cmn/masses#ReceiverUnitCBEMass'>
      <failure>
        declared in
        http://opencaesar.io/examples/firesat/programs/earth-science/projects/firesat/bundle/individuals.
      </failure>
    </testcase>
    <testcase name='http://opencaesar.io/examples/firesat/programs/earth-science/projects/firesat/workpackages/06/09/subsystems/cmn/masses#ReceiverUnitCBEMassMagnitude'>
      <failure>
        declared in
        http://opencaesar.io/examples/firesat/programs/earth-science/projects/firesat/bundle/individuals.
      </failure>
    </testcase>
    <testcase name='http://opencaesar.io/examples/firesat/programs/earth-science/projects/firesat/workpackages/06/09/subsystems/cmn/masses#TransmitHiGainAntennaCBEMass'>
      <failure>
        declared in
        http://opencaesar.io/examples/firesat/programs/earth-science/projects/firesat/bundle/individuals.
      </failure>
    </testcase>
    <testcase name='http://opencaesar.io/examples/firesat/programs/earth-science/projects/firesat/workpackages/06/09/subsystems/cmn/masses#TransmitHiGainAntennaCBEMassMagnitude'>
      <failure>
        declared in
        http://opencaesar.io/examples/firesat/programs/earth-science/projects/firesat/bundle/individuals.
      </failure>
    </testcase>
    <testcase name='http://opencaesar.io/examples/firesat/programs/earth-science/projects/firesat/workpackages/06/09/subsystems/cmn/masses#TransmitWhipAntennaCBEMass'>
      <failure>
        declared in
        http://opencaesar.io/examples/firesat/programs/earth-science/projects/firesat/bundle/individuals.
      </failure>
    </testcase>
    <testcase name='http://opencaesar.io/examples/firesat/programs/earth-science/projects/firesat/workpackages/06/09/subsystems/cmn/masses#TransmitWhipAntennaCBEMassMagnitude'>
      <failure>
        declared in
        http://opencaesar.io/examples/firesat/programs/earth-science/projects/firesat/bundle/individuals.
      </failure>
    </testcase>
    <testcase name='http://opencaesar.io/examples/firesat/programs/earth-science/projects/firesat/workpackages/06/09/subsystems/cmn/masses#TransmitterUnitCBEMass'>
      <failure>
        declared in
        http://opencaesar.io/examples/firesat/programs/earth-science/projects/firesat/bundle/individuals.
      </failure>
    </testcase>
    <testcase name='http://opencaesar.io/examples/firesat/programs/earth-science/projects/firesat/workpackages/06/09/subsystems/cmn/masses#TransmitterUnitCBEMassMagnitude'>
      <failure>
        declared in
        http://opencaesar.io/examples/firesat/programs/earth-science/projects/firesat/bundle/individuals.
      </failure>
    </testcase>
    <testcase name='http://opencaesar.io/examples/firesat/programs/earth-science/projects/firesat/workpackages/06/09/subsystems/cmn/requirements#InteroperabilityForReceiveWhipAntenna'>
      <failure>
        declared in
        http://opencaesar.io/examples/firesat/programs/earth-science/projects/firesat/bundle/individuals.
      </failure>
    </testcase>
    <testcase name='http://opencaesar.io/examples/firesat/programs/earth-science/projects/firesat/workpackages/06/09/subsystems/cmn/requirements#InteroperabilityForReceiverUnit'>
      <failure>
        declared in
        http://opencaesar.io/examples/firesat/programs/earth-science/projects/firesat/bundle/individuals.
      </failure>
    </testcase>
    <testcase name='http://opencaesar.io/examples/firesat/programs/earth-science/projects/firesat/workpackages/06/09/subsystems/cmn/requirements#InteroperabilityForTransmitHiGainAntenna'>
      <failure>
        declared in
        http://opencaesar.io/examples/firesat/programs/earth-science/projects/firesat/bundle/individuals.
      </failure>
    </testcase>
    <testcase name='http://opencaesar.io/examples/firesat/programs/earth-science/projects/firesat/workpackages/06/09/subsystems/cmn/requirements#InteroperabilityForTransmitWhipAntenna'>
      <failure>
        declared in
        http://opencaesar.io/examples/firesat/programs/earth-science/projects/firesat/bundle/individuals.
      </failure>
    </testcase>
    <testcase name='http://opencaesar.io/examples/firesat/programs/earth-science/projects/firesat/workpackages/06/09/subsystems/cmn/requirements#InteroperabilityForTransmitterUnit'>
      <failure>
        declared in
        http://opencaesar.io/examples/firesat/programs/earth-science/projects/firesat/bundle/individuals.
      </failure>
    </testcase>
    <testcase name='http://opencaesar.io/examples/firesat/programs/earth-science/projects/firesat/workpackages/06/09/subsystems/cmn/requirements#SupportabilityForTransmitWhipAntenna'>
      <failure>
        declared in
        http://opencaesar.io/examples/firesat/programs/earth-science/projects/firesat/bundle/individuals.
      </failure>
    </testcase>
    <testcase name='http://opencaesar.io/examples/firesat/programs/earth-science/projects/firesat/workpackages/06/09/subsystems/cmn/requirements#SupportabilityForTransmitterUnit'>
      <failure>
        declared in
        http://opencaesar.io/examples/firesat/programs/earth-science/projects/firesat/bundle/individuals.
      </failure>
    </testcase>
    <testcase name='http://opencaesar.io/examples/firesat/programs/earth-science/projects/firesat/workpackages/06/09/subsystems/cmn/requirements#UplinkDownlinkHardwareForReceiveWhipAntenna'>
      <failure>
        declared in
        http://opencaesar.io/examples/firesat/programs/earth-science/projects/firesat/bundle/individuals.
      </failure>
    </testcase>
    <testcase name='http://opencaesar.io/examples/firesat/programs/earth-science/projects/firesat/workpackages/06/09/subsystems/cmn/requirements#UplinkDownlinkHardwareForReceiverUnit'>
      <failure>
        declared in
        http://opencaesar.io/examples/firesat/programs/earth-science/projects/firesat/bundle/individuals.
      </failure>
    </testcase>
    <testcase name='http://opencaesar.io/examples/firesat/programs/earth-science/projects/firesat/workpackages/06/09/subsystems/cmn/requirements#UplinkDownlinkHardwareForTransmitHiGainAntenna'>
      <failure>
        declared in
        http://opencaesar.io/examples/firesat/programs/earth-science/projects/firesat/bundle/individuals.
      </failure>
    </testcase>
    <testcase name='http://opencaesar.io/examples/firesat/programs/earth-science/projects/firesat/workpackages/06/09/subsystems/cmn/requirements#UplinkDownlinkHardwareForTransmitWhipAntenna'>
      <failure>
        declared in
        http://opencaesar.io/examples/firesat/programs/earth-science/projects/firesat/bundle/individuals.
      </failure>
    </testcase>
    <testcase name='http://opencaesar.io/examples/firesat/programs/earth-science/projects/firesat/workpackages/06/09/subsystems/cmn/requirements#UplinkDownlinkHardwareForTransmitterUnit'>
      <failure>
        declared in
        http://opencaesar.io/examples/firesat/programs/earth-science/projects/firesat/bundle/individuals.
      </failure>
    </testcase>
    <testcase name='http://opencaesar.io/examples/firesat/programs/earth-science/projects/firesat/workpackages/06/10/subsystems/cdh/assemblies#AvionicsStackSection'>
      <failure>
        declared in
        http://opencaesar.io/examples/firesat/programs/earth-science/projects/firesat/bundle/individuals.
      </failure>
    </testcase>
    <testcase name='http://opencaesar.io/examples/firesat/programs/earth-science/projects/firesat/workpackages/06/10/subsystems/cdh/assemblies#BasePlate'>
      <failure>
        declared in
        http://opencaesar.io/examples/firesat/programs/earth-science/projects/firesat/bundle/individuals.
      </failure>
    </testcase>
    <testcase name='http://opencaesar.io/examples/firesat/programs/earth-science/projects/firesat/workpackages/06/10/subsystems/cdh/assemblies#BasePlateModule'>
      <failure>
        declared in
        http://opencaesar.io/examples/firesat/programs/earth-science/projects/firesat/bundle/individuals.
      </failure>
    </testcase>
    <testcase name='http://opencaesar.io/examples/firesat/programs/earth-science/projects/firesat/workpackages/06/10/subsystems/cdh/assemblies#LaunchVehicleAdapter'>
      <failure>
        declared in
        http://opencaesar.io/examples/firesat/programs/earth-science/projects/firesat/bundle/individuals.
      </failure>
    </testcase>
    <testcase name='http://opencaesar.io/examples/firesat/programs/earth-science/projects/firesat/workpackages/06/10/subsystems/cdh/assemblies#LaunchVehicleInterfaceModule'>
      <failure>
        declared in
        http://opencaesar.io/examples/firesat/programs/earth-science/projects/firesat/bundle/individuals.
      </failure>
    </testcase>
    <testcase name='http://opencaesar.io/examples/firesat/programs/earth-science/projects/firesat/workpackages/06/10/subsystems/cdh/assemblies#PayloadStructuralInterface'>
      <failure>
        declared in
        http://opencaesar.io/examples/firesat/programs/earth-science/projects/firesat/bundle/individuals.
      </failure>
    </testcase>
    <testcase name='http://opencaesar.io/examples/firesat/programs/earth-science/projects/firesat/workpackages/06/10/subsystems/cdh/assemblies#PressurantTankMountingPanel'>
      <failure>
        declared in
        http://opencaesar.io/examples/firesat/programs/earth-science/projects/firesat/bundle/individuals.
      </failure>
    </testcase>
    <testcase name='http://opencaesar.io/examples/firesat/programs/earth-science/projects/firesat/workpackages/06/10/subsystems/cdh/assemblies#PrimaryFlightComputerUnit'>
      <failure>
        declared in
        http://opencaesar.io/examples/firesat/programs/earth-science/projects/firesat/bundle/individuals.
      </failure>
    </testcase>
    <testcase name='http://opencaesar.io/examples/firesat/programs/earth-science/projects/firesat/workpackages/06/10/subsystems/cdh/assemblies#PropellantTankMountingPanel'>
      <failure>
        declared in
        http://opencaesar.io/examples/firesat/programs/earth-science/projects/firesat/bundle/individuals.
      </failure>
    </testcase>
    <testcase name='http://opencaesar.io/examples/firesat/programs/earth-science/projects/firesat/workpackages/06/10/subsystems/cdh/assemblies#PropulsionStructurePost1'>
      <failure>
        declared in
        http://opencaesar.io/examples/firesat/programs/earth-science/projects/firesat/bundle/individuals.
      </failure>
    </testcase>
    <testcase name='http://opencaesar.io/examples/firesat/programs/earth-science/projects/firesat/workpackages/06/10/subsystems/cdh/assemblies#PropulsionStructurePost2'>
      <failure>
        declared in
        http://opencaesar.io/examples/firesat/programs/earth-science/projects/firesat/bundle/individuals.
      </failure>
    </testcase>
    <testcase name='http://opencaesar.io/examples/firesat/programs/earth-science/projects/firesat/workpackages/06/10/subsystems/cdh/assemblies#PropulsionStructurePost3'>
      <failure>
        declared in
        http://opencaesar.io/examples/firesat/programs/earth-science/projects/firesat/bundle/individuals.
      </failure>
    </testcase>
    <testcase name='http://opencaesar.io/examples/firesat/programs/earth-science/projects/firesat/workpackages/06/10/subsystems/cdh/assemblies#PropulsionStructurePost4'>
      <failure>
        declared in
        http://opencaesar.io/examples/firesat/programs/earth-science/projects/firesat/bundle/individuals.
      </failure>
    </testcase>
    <testcase name='http://opencaesar.io/examples/firesat/programs/earth-science/projects/firesat/workpackages/06/10/subsystems/cdh/assemblies#SeparationSystem'>
      <failure>
        declared in
        http://opencaesar.io/examples/firesat/programs/earth-science/projects/firesat/bundle/individuals.
      </failure>
    </testcase>
    <testcase name='http://opencaesar.io/examples/firesat/programs/earth-science/projects/firesat/workpackages/06/10/subsystems/cdh/assemblies#SidePanel1'>
      <failure>
        declared in
        http://opencaesar.io/examples/firesat/programs/earth-science/projects/firesat/bundle/individuals.
      </failure>
    </testcase>
    <testcase name='http://opencaesar.io/examples/firesat/programs/earth-science/projects/firesat/workpackages/06/10/subsystems/cdh/assemblies#SidePanel2'>
      <failure>
        declared in
        http://opencaesar.io/examples/firesat/programs/earth-science/projects/firesat/bundle/individuals.
      </failure>
    </testcase>
    <testcase name='http://opencaesar.io/examples/firesat/programs/earth-science/projects/firesat/workpackages/06/10/subsystems/cdh/assemblies#SidePanel3'>
      <failure>
        declared in
        http://opencaesar.io/examples/firesat/programs/earth-science/projects/firesat/bundle/individuals.
      </failure>
    </testcase>
    <testcase name='http://opencaesar.io/examples/firesat/programs/earth-science/projects/firesat/workpackages/06/10/subsystems/cdh/assemblies#SidePanel4'>
      <failure>
        declared in
        http://opencaesar.io/examples/firesat/programs/earth-science/projects/firesat/bundle/individuals.
      </failure>
    </testcase>
    <testcase name='http://opencaesar.io/examples/firesat/programs/earth-science/projects/firesat/workpackages/06/10/subsystems/cdh/assemblies#SidePanel5'>
      <failure>
        declared in
        http://opencaesar.io/examples/firesat/programs/earth-science/projects/firesat/bundle/individuals.
      </failure>
    </testcase>
    <testcase name='http://opencaesar.io/examples/firesat/programs/earth-science/projects/firesat/workpackages/06/10/subsystems/cdh/assemblies#SidePanel6'>
      <failure>
        declared in
        http://opencaesar.io/examples/firesat/programs/earth-science/projects/firesat/bundle/individuals.
      </failure>
    </testcase>
    <testcase name='http://opencaesar.io/examples/firesat/programs/earth-science/projects/firesat/workpackages/06/10/subsystems/cdh/assemblies#StructurePost1'>
      <failure>
        declared in
        http://opencaesar.io/examples/firesat/programs/earth-science/projects/firesat/bundle/individuals.
      </failure>
    </testcase>
    <testcase name='http://opencaesar.io/examples/firesat/programs/earth-science/projects/firesat/workpackages/06/10/subsystems/cdh/assemblies#StructurePost2'>
      <failure>
        declared in
        http://opencaesar.io/examples/firesat/programs/earth-science/projects/firesat/bundle/individuals.
      </failure>
    </testcase>
    <testcase name='http://opencaesar.io/examples/firesat/programs/earth-science/projects/firesat/workpackages/06/10/subsystems/cdh/assemblies#StructurePost3'>
      <failure>
        declared in
        http://opencaesar.io/examples/firesat/programs/earth-science/projects/firesat/bundle/individuals.
      </failure>
    </testcase>
    <testcase name='http://opencaesar.io/examples/firesat/programs/earth-science/projects/firesat/workpackages/06/10/subsystems/cdh/assemblies#StructurePost4'>
      <failure>
        declared in
        http://opencaesar.io/examples/firesat/programs/earth-science/projects/firesat/bundle/individuals.
      </failure>
    </testcase>
    <testcase name='http://opencaesar.io/examples/firesat/programs/earth-science/projects/firesat/workpackages/06/10/subsystems/cdh/assemblies#StructurePost5'>
      <failure>
        declared in
        http://opencaesar.io/examples/firesat/programs/earth-science/projects/firesat/bundle/individuals.
      </failure>
    </testcase>
    <testcase name='http://opencaesar.io/examples/firesat/programs/earth-science/projects/firesat/workpackages/06/10/subsystems/cdh/assemblies#StructurePost6'>
      <failure>
        declared in
        http://opencaesar.io/examples/firesat/programs/earth-science/projects/firesat/bundle/individuals.
      </failure>
    </testcase>
    <testcase name='http://opencaesar.io/examples/firesat/programs/earth-science/projects/firesat/workpackages/06/10/subsystems/cdh/assemblies#TopPanel'>
      <failure>
        declared in
        http://opencaesar.io/examples/firesat/programs/earth-science/projects/firesat/bundle/individuals.
      </failure>
    </testcase>
    <testcase name='http://opencaesar.io/examples/firesat/programs/earth-science/projects/firesat/workpackages/06/10/subsystems/cdh/assemblies#TopPanelModule'>
      <failure>
        declared in
        http://opencaesar.io/examples/firesat/programs/earth-science/projects/firesat/bundle/individuals.
      </failure>
    </testcase>
    <testcase name='http://opencaesar.io/examples/firesat/programs/earth-science/projects/firesat/workpackages/06/10/subsystems/cdh/endcircuits#AvionicsStackSectionPowerIn'>
      <failure>
        declared in
        http://opencaesar.io/examples/firesat/programs/earth-science/projects/firesat/bundle/individuals.
      </failure>
    </testcase>
    <testcase name='http://opencaesar.io/examples/firesat/programs/earth-science/projects/firesat/workpackages/06/10/subsystems/cdh/endcircuits#LaunchVehicleInterfaceModulePowerIn'>
      <failure>
        declared in
        http://opencaesar.io/examples/firesat/programs/earth-science/projects/firesat/bundle/individuals.
      </failure>
    </testcase>
    <testcase name='http://opencaesar.io/examples/firesat/programs/earth-science/projects/firesat/workpackages/06/10/subsystems/cdh/endcircuits#PrimaryFlightComputerUnitPowerIn'>
      <failure>
        declared in
        http://opencaesar.io/examples/firesat/programs/earth-science/projects/firesat/bundle/individuals.
      </failure>
    </testcase>
    <testcase name='http://opencaesar.io/examples/firesat/programs/earth-science/projects/firesat/workpackages/06/10/subsystems/cdh/endcircuits#SeparationSystemPowerIn'>
      <failure>
        declared in
        http://opencaesar.io/examples/firesat/programs/earth-science/projects/firesat/bundle/individuals.
      </failure>
    </testcase>
    <testcase name='http://opencaesar.io/examples/firesat/programs/earth-science/projects/firesat/workpackages/06/10/subsystems/cdh/functions#ApplyCommandsByPrimaryFlightComputerUnit'>
      <failure>
        declared in
        http://opencaesar.io/examples/firesat/programs/earth-science/projects/firesat/bundle/individuals.
      </failure>
    </testcase>
    <testcase name='http://opencaesar.io/examples/firesat/programs/earth-science/projects/firesat/workpackages/06/10/subsystems/cdh/functions#DetectNewWildfiresByPrimaryFlightComputerUnit'>
      <failure>
        declared in
        http://opencaesar.io/examples/firesat/programs/earth-science/projects/firesat/bundle/individuals.
      </failure>
    </testcase>
    <testcase name='http://opencaesar.io/examples/firesat/programs/earth-science/projects/firesat/workpackages/06/10/subsystems/cdh/functions#GenerateTelemetryByPrimaryFlightComputerUnit'>
      <failure>
        declared in
        http://opencaesar.io/examples/firesat/programs/earth-science/projects/firesat/bundle/individuals.
      </failure>
    </testcase>
    <testcase name='http://opencaesar.io/examples/firesat/programs/earth-science/projects/firesat/workpackages/06/10/subsystems/cdh/functions#InsureMechanicalIntegrityByBasePlate'>
      <failure>
        declared in
        http://opencaesar.io/examples/firesat/programs/earth-science/projects/firesat/bundle/individuals.
      </failure>
    </testcase>
    <testcase name='http://opencaesar.io/examples/firesat/programs/earth-science/projects/firesat/workpackages/06/10/subsystems/cdh/functions#InsureMechanicalIntegrityByPressurantTankMountingPanel'>
      <failure>
        declared in
        http://opencaesar.io/examples/firesat/programs/earth-science/projects/firesat/bundle/individuals.
      </failure>
    </testcase>
    <testcase name='http://opencaesar.io/examples/firesat/programs/earth-science/projects/firesat/workpackages/06/10/subsystems/cdh/functions#InsureMechanicalIntegrityByPropellantTankMountingPanel'>
      <failure>
        declared in
        http://opencaesar.io/examples/firesat/programs/earth-science/projects/firesat/bundle/individuals.
      </failure>
    </testcase>
    <testcase name='http://opencaesar.io/examples/firesat/programs/earth-science/projects/firesat/workpackages/06/10/subsystems/cdh/functions#InsureMechanicalIntegrityByPropulsionStructurePost1'>
      <failure>
        declared in
        http://opencaesar.io/examples/firesat/programs/earth-science/projects/firesat/bundle/individuals.
      </failure>
    </testcase>
    <testcase name='http://opencaesar.io/examples/firesat/programs/earth-science/projects/firesat/workpackages/06/10/subsystems/cdh/functions#InsureMechanicalIntegrityByPropulsionStructurePost2'>
      <failure>
        declared in
        http://opencaesar.io/examples/firesat/programs/earth-science/projects/firesat/bundle/individuals.
      </failure>
    </testcase>
    <testcase name='http://opencaesar.io/examples/firesat/programs/earth-science/projects/firesat/workpackages/06/10/subsystems/cdh/functions#InsureMechanicalIntegrityByPropulsionStructurePost3'>
      <failure>
        declared in
        http://opencaesar.io/examples/firesat/programs/earth-science/projects/firesat/bundle/individuals.
      </failure>
    </testcase>
    <testcase name='http://opencaesar.io/examples/firesat/programs/earth-science/projects/firesat/workpackages/06/10/subsystems/cdh/functions#InsureMechanicalIntegrityByPropulsionStructurePost4'>
      <failure>
        declared in
        http://opencaesar.io/examples/firesat/programs/earth-science/projects/firesat/bundle/individuals.
      </failure>
    </testcase>
    <testcase name='http://opencaesar.io/examples/firesat/programs/earth-science/projects/firesat/workpackages/06/10/subsystems/cdh/functions#InsureMechanicalIntegrityBySidePanel1'>
      <failure>
        declared in
        http://opencaesar.io/examples/firesat/programs/earth-science/projects/firesat/bundle/individuals.
      </failure>
    </testcase>
    <testcase name='http://opencaesar.io/examples/firesat/programs/earth-science/projects/firesat/workpackages/06/10/subsystems/cdh/functions#InsureMechanicalIntegrityBySidePanel2'>
      <failure>
        declared in
        http://opencaesar.io/examples/firesat/programs/earth-science/projects/firesat/bundle/individuals.
      </failure>
    </testcase>
    <testcase name='http://opencaesar.io/examples/firesat/programs/earth-science/projects/firesat/workpackages/06/10/subsystems/cdh/functions#InsureMechanicalIntegrityBySidePanel3'>
      <failure>
        declared in
        http://opencaesar.io/examples/firesat/programs/earth-science/projects/firesat/bundle/individuals.
      </failure>
    </testcase>
    <testcase name='http://opencaesar.io/examples/firesat/programs/earth-science/projects/firesat/workpackages/06/10/subsystems/cdh/functions#InsureMechanicalIntegrityBySidePanel4'>
      <failure>
        declared in
        http://opencaesar.io/examples/firesat/programs/earth-science/projects/firesat/bundle/individuals.
      </failure>
    </testcase>
    <testcase name='http://opencaesar.io/examples/firesat/programs/earth-science/projects/firesat/workpackages/06/10/subsystems/cdh/functions#InsureMechanicalIntegrityBySidePanel5'>
      <failure>
        declared in
        http://opencaesar.io/examples/firesat/programs/earth-science/projects/firesat/bundle/individuals.
      </failure>
    </testcase>
    <testcase name='http://opencaesar.io/examples/firesat/programs/earth-science/projects/firesat/workpackages/06/10/subsystems/cdh/functions#InsureMechanicalIntegrityBySidePanel6'>
      <failure>
        declared in
        http://opencaesar.io/examples/firesat/programs/earth-science/projects/firesat/bundle/individuals.
      </failure>
    </testcase>
    <testcase name='http://opencaesar.io/examples/firesat/programs/earth-science/projects/firesat/workpackages/06/10/subsystems/cdh/functions#InsureMechanicalIntegrityByStructurePost1'>
      <failure>
        declared in
        http://opencaesar.io/examples/firesat/programs/earth-science/projects/firesat/bundle/individuals.
      </failure>
    </testcase>
    <testcase name='http://opencaesar.io/examples/firesat/programs/earth-science/projects/firesat/workpackages/06/10/subsystems/cdh/functions#InsureMechanicalIntegrityByStructurePost2'>
      <failure>
        declared in
        http://opencaesar.io/examples/firesat/programs/earth-science/projects/firesat/bundle/individuals.
      </failure>
    </testcase>
    <testcase name='http://opencaesar.io/examples/firesat/programs/earth-science/projects/firesat/workpackages/06/10/subsystems/cdh/functions#InsureMechanicalIntegrityByStructurePost3'>
      <failure>
        declared in
        http://opencaesar.io/examples/firesat/programs/earth-science/projects/firesat/bundle/individuals.
      </failure>
    </testcase>
    <testcase name='http://opencaesar.io/examples/firesat/programs/earth-science/projects/firesat/workpackages/06/10/subsystems/cdh/functions#InsureMechanicalIntegrityByStructurePost4'>
      <failure>
        declared in
        http://opencaesar.io/examples/firesat/programs/earth-science/projects/firesat/bundle/individuals.
      </failure>
    </testcase>
    <testcase name='http://opencaesar.io/examples/firesat/programs/earth-science/projects/firesat/workpackages/06/10/subsystems/cdh/functions#InsureMechanicalIntegrityByStructurePost5'>
      <failure>
        declared in
        http://opencaesar.io/examples/firesat/programs/earth-science/projects/firesat/bundle/individuals.
      </failure>
    </testcase>
    <testcase name='http://opencaesar.io/examples/firesat/programs/earth-science/projects/firesat/workpackages/06/10/subsystems/cdh/functions#InsureMechanicalIntegrityByStructurePost6'>
      <failure>
        declared in
        http://opencaesar.io/examples/firesat/programs/earth-science/projects/firesat/bundle/individuals.
      </failure>
    </testcase>
    <testcase name='http://opencaesar.io/examples/firesat/programs/earth-science/projects/firesat/workpackages/06/10/subsystems/cdh/functions#InsureMechanicalIntegrityByTopPanel'>
      <failure>
        declared in
        http://opencaesar.io/examples/firesat/programs/earth-science/projects/firesat/bundle/individuals.
      </failure>
    </testcase>
    <testcase name='http://opencaesar.io/examples/firesat/programs/earth-science/projects/firesat/workpackages/06/10/subsystems/cdh/functions#Launch_SCByLaunchVehicleAdapter'>
      <failure>
        declared in
        http://opencaesar.io/examples/firesat/programs/earth-science/projects/firesat/bundle/individuals.
      </failure>
    </testcase>
    <testcase name='http://opencaesar.io/examples/firesat/programs/earth-science/projects/firesat/workpackages/06/10/subsystems/cdh/functions#PrimaryFlightComputerUnitPerformsDetectNewWildfires'>
      <failure>
        declared in
        http://opencaesar.io/examples/firesat/programs/earth-science/projects/firesat/bundle/individuals.
      </failure>
    </testcase>
    <testcase name='http://opencaesar.io/examples/firesat/programs/earth-science/projects/firesat/workpackages/06/10/subsystems/cdh/functions#ProtectAgainstRadiationsBySidePanel1'>
      <failure>
        declared in
        http://opencaesar.io/examples/firesat/programs/earth-science/projects/firesat/bundle/individuals.
      </failure>
    </testcase>
    <testcase name='http://opencaesar.io/examples/firesat/programs/earth-science/projects/firesat/workpackages/06/10/subsystems/cdh/functions#ProtectAgainstRadiationsBySidePanel2'>
      <failure>
        declared in
        http://opencaesar.io/examples/firesat/programs/earth-science/projects/firesat/bundle/individuals.
      </failure>
    </testcase>
    <testcase name='http://opencaesar.io/examples/firesat/programs/earth-science/projects/firesat/workpackages/06/10/subsystems/cdh/functions#ProtectAgainstRadiationsBySidePanel3'>
      <failure>
        declared in
        http://opencaesar.io/examples/firesat/programs/earth-science/projects/firesat/bundle/individuals.
      </failure>
    </testcase>
    <testcase name='http://opencaesar.io/examples/firesat/programs/earth-science/projects/firesat/workpackages/06/10/subsystems/cdh/functions#ProtectAgainstRadiationsBySidePanel4'>
      <failure>
        declared in
        http://opencaesar.io/examples/firesat/programs/earth-science/projects/firesat/bundle/individuals.
      </failure>
    </testcase>
    <testcase name='http://opencaesar.io/examples/firesat/programs/earth-science/projects/firesat/workpackages/06/10/subsystems/cdh/functions#ProtectAgainstRadiationsBySidePanel5'>
      <failure>
        declared in
        http://opencaesar.io/examples/firesat/programs/earth-science/projects/firesat/bundle/individuals.
      </failure>
    </testcase>
    <testcase name='http://opencaesar.io/examples/firesat/programs/earth-science/projects/firesat/workpackages/06/10/subsystems/cdh/functions#ProtectAgainstRadiationsBySidePanel6'>
      <failure>
        declared in
        http://opencaesar.io/examples/firesat/programs/earth-science/projects/firesat/bundle/individuals.
      </failure>
    </testcase>
    <testcase name='http://opencaesar.io/examples/firesat/programs/earth-science/projects/firesat/workpackages/06/10/subsystems/cdh/functions#Release_SC_From_LVBySeparationSystem'>
      <failure>
        declared in
        http://opencaesar.io/examples/firesat/programs/earth-science/projects/firesat/bundle/individuals.
      </failure>
    </testcase>
    <testcase name='http://opencaesar.io/examples/firesat/programs/earth-science/projects/firesat/workpackages/06/10/subsystems/cdh/functions#StoreDataBetweenTwoTelemetriesByPrimaryFlightComputerUnit'>
      <failure>
        declared in
        http://opencaesar.io/examples/firesat/programs/earth-science/projects/firesat/bundle/individuals.
      </failure>
    </testcase>
    <testcase name='http://opencaesar.io/examples/firesat/programs/earth-science/projects/firesat/workpackages/06/10/subsystems/cdh/masses#AvionicsStackSectionCBEMass'>
      <failure>
        declared in
        http://opencaesar.io/examples/firesat/programs/earth-science/projects/firesat/bundle/individuals.
      </failure>
    </testcase>
    <testcase name='http://opencaesar.io/examples/firesat/programs/earth-science/projects/firesat/workpackages/06/10/subsystems/cdh/masses#AvionicsStackSectionCBEMassMagnitude'>
      <failure>
        declared in
        http://opencaesar.io/examples/firesat/programs/earth-science/projects/firesat/bundle/individuals.
      </failure>
    </testcase>
    <testcase name='http://opencaesar.io/examples/firesat/programs/earth-science/projects/firesat/workpackages/06/10/subsystems/cdh/masses#BasePlateCBEMass'>
      <failure>
        declared in
        http://opencaesar.io/examples/firesat/programs/earth-science/projects/firesat/bundle/individuals.
      </failure>
    </testcase>
    <testcase name='http://opencaesar.io/examples/firesat/programs/earth-science/projects/firesat/workpackages/06/10/subsystems/cdh/masses#BasePlateCBEMassMagnitude'>
      <failure>
        declared in
        http://opencaesar.io/examples/firesat/programs/earth-science/projects/firesat/bundle/individuals.
      </failure>
    </testcase>
    <testcase name='http://opencaesar.io/examples/firesat/programs/earth-science/projects/firesat/workpackages/06/10/subsystems/cdh/masses#BasePlateModuleCBEMass'>
      <failure>
        declared in
        http://opencaesar.io/examples/firesat/programs/earth-science/projects/firesat/bundle/individuals.
      </failure>
    </testcase>
    <testcase name='http://opencaesar.io/examples/firesat/programs/earth-science/projects/firesat/workpackages/06/10/subsystems/cdh/masses#BasePlateModuleCBEMassMagnitude'>
      <failure>
        declared in
        http://opencaesar.io/examples/firesat/programs/earth-science/projects/firesat/bundle/individuals.
      </failure>
    </testcase>
    <testcase name='http://opencaesar.io/examples/firesat/programs/earth-science/projects/firesat/workpackages/06/10/subsystems/cdh/masses#LaunchVehicleAdapterCBEMass'>
      <failure>
        declared in
        http://opencaesar.io/examples/firesat/programs/earth-science/projects/firesat/bundle/individuals.
      </failure>
    </testcase>
    <testcase name='http://opencaesar.io/examples/firesat/programs/earth-science/projects/firesat/workpackages/06/10/subsystems/cdh/masses#LaunchVehicleAdapterCBEMassMagnitude'>
      <failure>
        declared in
        http://opencaesar.io/examples/firesat/programs/earth-science/projects/firesat/bundle/individuals.
      </failure>
    </testcase>
    <testcase name='http://opencaesar.io/examples/firesat/programs/earth-science/projects/firesat/workpackages/06/10/subsystems/cdh/masses#LaunchVehicleInterfaceModuleCBEMass'>
      <failure>
        declared in
        http://opencaesar.io/examples/firesat/programs/earth-science/projects/firesat/bundle/individuals.
      </failure>
    </testcase>
    <testcase name='http://opencaesar.io/examples/firesat/programs/earth-science/projects/firesat/workpackages/06/10/subsystems/cdh/masses#LaunchVehicleInterfaceModuleCBEMassMagnitude'>
      <failure>
        declared in
        http://opencaesar.io/examples/firesat/programs/earth-science/projects/firesat/bundle/individuals.
      </failure>
    </testcase>
    <testcase name='http://opencaesar.io/examples/firesat/programs/earth-science/projects/firesat/workpackages/06/10/subsystems/cdh/masses#PayloadStructuralInterfaceCBEMass'>
      <failure>
        declared in
        http://opencaesar.io/examples/firesat/programs/earth-science/projects/firesat/bundle/individuals.
      </failure>
    </testcase>
    <testcase name='http://opencaesar.io/examples/firesat/programs/earth-science/projects/firesat/workpackages/06/10/subsystems/cdh/masses#PayloadStructuralInterfaceCBEMassMagnitude'>
      <failure>
        declared in
        http://opencaesar.io/examples/firesat/programs/earth-science/projects/firesat/bundle/individuals.
      </failure>
    </testcase>
    <testcase name='http://opencaesar.io/examples/firesat/programs/earth-science/projects/firesat/workpackages/06/10/subsystems/cdh/masses#PressurantTankMountingPanelCBEMass'>
      <failure>
        declared in
        http://opencaesar.io/examples/firesat/programs/earth-science/projects/firesat/bundle/individuals.
      </failure>
    </testcase>
    <testcase name='http://opencaesar.io/examples/firesat/programs/earth-science/projects/firesat/workpackages/06/10/subsystems/cdh/masses#PressurantTankMountingPanelCBEMassMagnitude'>
      <failure>
        declared in
        http://opencaesar.io/examples/firesat/programs/earth-science/projects/firesat/bundle/individuals.
      </failure>
    </testcase>
    <testcase name='http://opencaesar.io/examples/firesat/programs/earth-science/projects/firesat/workpackages/06/10/subsystems/cdh/masses#PrimaryFlightComputerUnitCBEMass'>
      <failure>
        declared in
        http://opencaesar.io/examples/firesat/programs/earth-science/projects/firesat/bundle/individuals.
      </failure>
    </testcase>
    <testcase name='http://opencaesar.io/examples/firesat/programs/earth-science/projects/firesat/workpackages/06/10/subsystems/cdh/masses#PrimaryFlightComputerUnitCBEMassMagnitude'>
      <failure>
        declared in
        http://opencaesar.io/examples/firesat/programs/earth-science/projects/firesat/bundle/individuals.
      </failure>
    </testcase>
    <testcase name='http://opencaesar.io/examples/firesat/programs/earth-science/projects/firesat/workpackages/06/10/subsystems/cdh/masses#PropellantTankMountingPanelCBEMass'>
      <failure>
        declared in
        http://opencaesar.io/examples/firesat/programs/earth-science/projects/firesat/bundle/individuals.
      </failure>
    </testcase>
    <testcase name='http://opencaesar.io/examples/firesat/programs/earth-science/projects/firesat/workpackages/06/10/subsystems/cdh/masses#PropellantTankMountingPanelCBEMassMagnitude'>
      <failure>
        declared in
        http://opencaesar.io/examples/firesat/programs/earth-science/projects/firesat/bundle/individuals.
      </failure>
    </testcase>
    <testcase name='http://opencaesar.io/examples/firesat/programs/earth-science/projects/firesat/workpackages/06/10/subsystems/cdh/masses#PropulsionStructurePost1CBEMass'>
      <failure>
        declared in
        http://opencaesar.io/examples/firesat/programs/earth-science/projects/firesat/bundle/individuals.
      </failure>
    </testcase>
    <testcase name='http://opencaesar.io/examples/firesat/programs/earth-science/projects/firesat/workpackages/06/10/subsystems/cdh/masses#PropulsionStructurePost1CBEMassMagnitude'>
      <failure>
        declared in
        http://opencaesar.io/examples/firesat/programs/earth-science/projects/firesat/bundle/individuals.
      </failure>
    </testcase>
    <testcase name='http://opencaesar.io/examples/firesat/programs/earth-science/projects/firesat/workpackages/06/10/subsystems/cdh/masses#PropulsionStructurePost2CBEMass'>
      <failure>
        declared in
        http://opencaesar.io/examples/firesat/programs/earth-science/projects/firesat/bundle/individuals.
      </failure>
    </testcase>
    <testcase name='http://opencaesar.io/examples/firesat/programs/earth-science/projects/firesat/workpackages/06/10/subsystems/cdh/masses#PropulsionStructurePost2CBEMassMagnitude'>
      <failure>
        declared in
        http://opencaesar.io/examples/firesat/programs/earth-science/projects/firesat/bundle/individuals.
      </failure>
    </testcase>
    <testcase name='http://opencaesar.io/examples/firesat/programs/earth-science/projects/firesat/workpackages/06/10/subsystems/cdh/masses#PropulsionStructurePost3CBEMass'>
      <failure>
        declared in
        http://opencaesar.io/examples/firesat/programs/earth-science/projects/firesat/bundle/individuals.
      </failure>
    </testcase>
    <testcase name='http://opencaesar.io/examples/firesat/programs/earth-science/projects/firesat/workpackages/06/10/subsystems/cdh/masses#PropulsionStructurePost3CBEMassMagnitude'>
      <failure>
        declared in
        http://opencaesar.io/examples/firesat/programs/earth-science/projects/firesat/bundle/individuals.
      </failure>
    </testcase>
    <testcase name='http://opencaesar.io/examples/firesat/programs/earth-science/projects/firesat/workpackages/06/10/subsystems/cdh/masses#PropulsionStructurePost4CBEMass'>
      <failure>
        declared in
        http://opencaesar.io/examples/firesat/programs/earth-science/projects/firesat/bundle/individuals.
      </failure>
    </testcase>
    <testcase name='http://opencaesar.io/examples/firesat/programs/earth-science/projects/firesat/workpackages/06/10/subsystems/cdh/masses#PropulsionStructurePost4CBEMassMagnitude'>
      <failure>
        declared in
        http://opencaesar.io/examples/firesat/programs/earth-science/projects/firesat/bundle/individuals.
      </failure>
    </testcase>
    <testcase name='http://opencaesar.io/examples/firesat/programs/earth-science/projects/firesat/workpackages/06/10/subsystems/cdh/masses#SeparationSystemCBEMass'>
      <failure>
        declared in
        http://opencaesar.io/examples/firesat/programs/earth-science/projects/firesat/bundle/individuals.
      </failure>
    </testcase>
    <testcase name='http://opencaesar.io/examples/firesat/programs/earth-science/projects/firesat/workpackages/06/10/subsystems/cdh/masses#SeparationSystemCBEMassMagnitude'>
      <failure>
        declared in
        http://opencaesar.io/examples/firesat/programs/earth-science/projects/firesat/bundle/individuals.
      </failure>
    </testcase>
    <testcase name='http://opencaesar.io/examples/firesat/programs/earth-science/projects/firesat/workpackages/06/10/subsystems/cdh/masses#SidePanel1CBEMass'>
      <failure>
        declared in
        http://opencaesar.io/examples/firesat/programs/earth-science/projects/firesat/bundle/individuals.
      </failure>
    </testcase>
    <testcase name='http://opencaesar.io/examples/firesat/programs/earth-science/projects/firesat/workpackages/06/10/subsystems/cdh/masses#SidePanel1CBEMassMagnitude'>
      <failure>
        declared in
        http://opencaesar.io/examples/firesat/programs/earth-science/projects/firesat/bundle/individuals.
      </failure>
    </testcase>
    <testcase name='http://opencaesar.io/examples/firesat/programs/earth-science/projects/firesat/workpackages/06/10/subsystems/cdh/masses#SidePanel2CBEMass'>
      <failure>
        declared in
        http://opencaesar.io/examples/firesat/programs/earth-science/projects/firesat/bundle/individuals.
      </failure>
    </testcase>
    <testcase name='http://opencaesar.io/examples/firesat/programs/earth-science/projects/firesat/workpackages/06/10/subsystems/cdh/masses#SidePanel2CBEMassMagnitude'>
      <failure>
        declared in
        http://opencaesar.io/examples/firesat/programs/earth-science/projects/firesat/bundle/individuals.
      </failure>
    </testcase>
    <testcase name='http://opencaesar.io/examples/firesat/programs/earth-science/projects/firesat/workpackages/06/10/subsystems/cdh/masses#SidePanel3CBEMass'>
      <failure>
        declared in
        http://opencaesar.io/examples/firesat/programs/earth-science/projects/firesat/bundle/individuals.
      </failure>
    </testcase>
    <testcase name='http://opencaesar.io/examples/firesat/programs/earth-science/projects/firesat/workpackages/06/10/subsystems/cdh/masses#SidePanel3CBEMassMagnitude'>
      <failure>
        declared in
        http://opencaesar.io/examples/firesat/programs/earth-science/projects/firesat/bundle/individuals.
      </failure>
    </testcase>
    <testcase name='http://opencaesar.io/examples/firesat/programs/earth-science/projects/firesat/workpackages/06/10/subsystems/cdh/masses#SidePanel4CBEMass'>
      <failure>
        declared in
        http://opencaesar.io/examples/firesat/programs/earth-science/projects/firesat/bundle/individuals.
      </failure>
    </testcase>
    <testcase name='http://opencaesar.io/examples/firesat/programs/earth-science/projects/firesat/workpackages/06/10/subsystems/cdh/masses#SidePanel4CBEMassMagnitude'>
      <failure>
        declared in
        http://opencaesar.io/examples/firesat/programs/earth-science/projects/firesat/bundle/individuals.
      </failure>
    </testcase>
    <testcase name='http://opencaesar.io/examples/firesat/programs/earth-science/projects/firesat/workpackages/06/10/subsystems/cdh/masses#SidePanel5CBEMass'>
      <failure>
        declared in
        http://opencaesar.io/examples/firesat/programs/earth-science/projects/firesat/bundle/individuals.
      </failure>
    </testcase>
    <testcase name='http://opencaesar.io/examples/firesat/programs/earth-science/projects/firesat/workpackages/06/10/subsystems/cdh/masses#SidePanel5CBEMassMagnitude'>
      <failure>
        declared in
        http://opencaesar.io/examples/firesat/programs/earth-science/projects/firesat/bundle/individuals.
      </failure>
    </testcase>
    <testcase name='http://opencaesar.io/examples/firesat/programs/earth-science/projects/firesat/workpackages/06/10/subsystems/cdh/masses#SidePanel6CBEMass'>
      <failure>
        declared in
        http://opencaesar.io/examples/firesat/programs/earth-science/projects/firesat/bundle/individuals.
      </failure>
    </testcase>
    <testcase name='http://opencaesar.io/examples/firesat/programs/earth-science/projects/firesat/workpackages/06/10/subsystems/cdh/masses#SidePanel6CBEMassMagnitude'>
      <failure>
        declared in
        http://opencaesar.io/examples/firesat/programs/earth-science/projects/firesat/bundle/individuals.
      </failure>
    </testcase>
    <testcase name='http://opencaesar.io/examples/firesat/programs/earth-science/projects/firesat/workpackages/06/10/subsystems/cdh/masses#StructurePost1CBEMass'>
      <failure>
        declared in
        http://opencaesar.io/examples/firesat/programs/earth-science/projects/firesat/bundle/individuals.
      </failure>
    </testcase>
    <testcase name='http://opencaesar.io/examples/firesat/programs/earth-science/projects/firesat/workpackages/06/10/subsystems/cdh/masses#StructurePost1CBEMassMagnitude'>
      <failure>
        declared in
        http://opencaesar.io/examples/firesat/programs/earth-science/projects/firesat/bundle/individuals.
      </failure>
    </testcase>
    <testcase name='http://opencaesar.io/examples/firesat/programs/earth-science/projects/firesat/workpackages/06/10/subsystems/cdh/masses#StructurePost2CBEMass'>
      <failure>
        declared in
        http://opencaesar.io/examples/firesat/programs/earth-science/projects/firesat/bundle/individuals.
      </failure>
    </testcase>
    <testcase name='http://opencaesar.io/examples/firesat/programs/earth-science/projects/firesat/workpackages/06/10/subsystems/cdh/masses#StructurePost2CBEMassMagnitude'>
      <failure>
        declared in
        http://opencaesar.io/examples/firesat/programs/earth-science/projects/firesat/bundle/individuals.
      </failure>
    </testcase>
    <testcase name='http://opencaesar.io/examples/firesat/programs/earth-science/projects/firesat/workpackages/06/10/subsystems/cdh/masses#StructurePost3CBEMass'>
      <failure>
        declared in
        http://opencaesar.io/examples/firesat/programs/earth-science/projects/firesat/bundle/individuals.
      </failure>
    </testcase>
    <testcase name='http://opencaesar.io/examples/firesat/programs/earth-science/projects/firesat/workpackages/06/10/subsystems/cdh/masses#StructurePost3CBEMassMagnitude'>
      <failure>
        declared in
        http://opencaesar.io/examples/firesat/programs/earth-science/projects/firesat/bundle/individuals.
      </failure>
    </testcase>
    <testcase name='http://opencaesar.io/examples/firesat/programs/earth-science/projects/firesat/workpackages/06/10/subsystems/cdh/masses#StructurePost4CBEMass'>
      <failure>
        declared in
        http://opencaesar.io/examples/firesat/programs/earth-science/projects/firesat/bundle/individuals.
      </failure>
    </testcase>
    <testcase name='http://opencaesar.io/examples/firesat/programs/earth-science/projects/firesat/workpackages/06/10/subsystems/cdh/masses#StructurePost4CBEMassMagnitude'>
      <failure>
        declared in
        http://opencaesar.io/examples/firesat/programs/earth-science/projects/firesat/bundle/individuals.
      </failure>
    </testcase>
    <testcase name='http://opencaesar.io/examples/firesat/programs/earth-science/projects/firesat/workpackages/06/10/subsystems/cdh/masses#StructurePost5CBEMass'>
      <failure>
        declared in
        http://opencaesar.io/examples/firesat/programs/earth-science/projects/firesat/bundle/individuals.
      </failure>
    </testcase>
    <testcase name='http://opencaesar.io/examples/firesat/programs/earth-science/projects/firesat/workpackages/06/10/subsystems/cdh/masses#StructurePost5CBEMassMagnitude'>
      <failure>
        declared in
        http://opencaesar.io/examples/firesat/programs/earth-science/projects/firesat/bundle/individuals.
      </failure>
    </testcase>
    <testcase name='http://opencaesar.io/examples/firesat/programs/earth-science/projects/firesat/workpackages/06/10/subsystems/cdh/masses#StructurePost6CBEMass'>
      <failure>
        declared in
        http://opencaesar.io/examples/firesat/programs/earth-science/projects/firesat/bundle/individuals.
      </failure>
    </testcase>
    <testcase name='http://opencaesar.io/examples/firesat/programs/earth-science/projects/firesat/workpackages/06/10/subsystems/cdh/masses#StructurePost6CBEMassMagnitude'>
      <failure>
        declared in
        http://opencaesar.io/examples/firesat/programs/earth-science/projects/firesat/bundle/individuals.
      </failure>
    </testcase>
    <testcase name='http://opencaesar.io/examples/firesat/programs/earth-science/projects/firesat/workpackages/06/10/subsystems/cdh/masses#TopPanelCBEMass'>
      <failure>
        declared in
        http://opencaesar.io/examples/firesat/programs/earth-science/projects/firesat/bundle/individuals.
      </failure>
    </testcase>
    <testcase name='http://opencaesar.io/examples/firesat/programs/earth-science/projects/firesat/workpackages/06/10/subsystems/cdh/masses#TopPanelCBEMassMagnitude'>
      <failure>
        declared in
        http://opencaesar.io/examples/firesat/programs/earth-science/projects/firesat/bundle/individuals.
      </failure>
    </testcase>
    <testcase name='http://opencaesar.io/examples/firesat/programs/earth-science/projects/firesat/workpackages/06/10/subsystems/cdh/masses#TopPanelModuleCBEMass'>
      <failure>
        declared in
        http://opencaesar.io/examples/firesat/programs/earth-science/projects/firesat/bundle/individuals.
      </failure>
    </testcase>
    <testcase name='http://opencaesar.io/examples/firesat/programs/earth-science/projects/firesat/workpackages/06/10/subsystems/cdh/masses#TopPanelModuleCBEMassMagnitude'>
      <failure>
        declared in
        http://opencaesar.io/examples/firesat/programs/earth-science/projects/firesat/bundle/individuals.
      </failure>
    </testcase>
    <testcase name='http://opencaesar.io/examples/firesat/programs/earth-science/projects/firesat/workpackages/06/10/subsystems/cdh/requirements#EnvironmentForBasePlate'>
      <failure>
        declared in
        http://opencaesar.io/examples/firesat/programs/earth-science/projects/firesat/bundle/individuals.
      </failure>
    </testcase>
    <testcase name='http://opencaesar.io/examples/firesat/programs/earth-science/projects/firesat/workpackages/06/10/subsystems/cdh/requirements#EnvironmentForLaunchVehicleAdapter'>
      <failure>
        declared in
        http://opencaesar.io/examples/firesat/programs/earth-science/projects/firesat/bundle/individuals.
      </failure>
    </testcase>
    <testcase name='http://opencaesar.io/examples/firesat/programs/earth-science/projects/firesat/workpackages/06/10/subsystems/cdh/requirements#EnvironmentForPayloadStructuralInterface'>
      <failure>
        declared in
        http://opencaesar.io/examples/firesat/programs/earth-science/projects/firesat/bundle/individuals.
      </failure>
    </testcase>
    <testcase name='http://opencaesar.io/examples/firesat/programs/earth-science/projects/firesat/workpackages/06/10/subsystems/cdh/requirements#EnvironmentForPressurantTankMountingPanel'>
      <failure>
        declared in
        http://opencaesar.io/examples/firesat/programs/earth-science/projects/firesat/bundle/individuals.
      </failure>
    </testcase>
    <testcase name='http://opencaesar.io/examples/firesat/programs/earth-science/projects/firesat/workpackages/06/10/subsystems/cdh/requirements#EnvironmentForPropellantTankMountingPanel'>
      <failure>
        declared in
        http://opencaesar.io/examples/firesat/programs/earth-science/projects/firesat/bundle/individuals.
      </failure>
    </testcase>
    <testcase name='http://opencaesar.io/examples/firesat/programs/earth-science/projects/firesat/workpackages/06/10/subsystems/cdh/requirements#EnvironmentForPropulsionStructurePost1'>
      <failure>
        declared in
        http://opencaesar.io/examples/firesat/programs/earth-science/projects/firesat/bundle/individuals.
      </failure>
    </testcase>
    <testcase name='http://opencaesar.io/examples/firesat/programs/earth-science/projects/firesat/workpackages/06/10/subsystems/cdh/requirements#EnvironmentForPropulsionStructurePost2'>
      <failure>
        declared in
        http://opencaesar.io/examples/firesat/programs/earth-science/projects/firesat/bundle/individuals.
      </failure>
    </testcase>
    <testcase name='http://opencaesar.io/examples/firesat/programs/earth-science/projects/firesat/workpackages/06/10/subsystems/cdh/requirements#EnvironmentForPropulsionStructurePost3'>
      <failure>
        declared in
        http://opencaesar.io/examples/firesat/programs/earth-science/projects/firesat/bundle/individuals.
      </failure>
    </testcase>
    <testcase name='http://opencaesar.io/examples/firesat/programs/earth-science/projects/firesat/workpackages/06/10/subsystems/cdh/requirements#EnvironmentForPropulsionStructurePost4'>
      <failure>
        declared in
        http://opencaesar.io/examples/firesat/programs/earth-science/projects/firesat/bundle/individuals.
      </failure>
    </testcase>
    <testcase name='http://opencaesar.io/examples/firesat/programs/earth-science/projects/firesat/workpackages/06/10/subsystems/cdh/requirements#EnvironmentForSeparationSystem'>
      <failure>
        declared in
        http://opencaesar.io/examples/firesat/programs/earth-science/projects/firesat/bundle/individuals.
      </failure>
    </testcase>
    <testcase name='http://opencaesar.io/examples/firesat/programs/earth-science/projects/firesat/workpackages/06/10/subsystems/cdh/requirements#EnvironmentForSidePanel1'>
      <failure>
        declared in
        http://opencaesar.io/examples/firesat/programs/earth-science/projects/firesat/bundle/individuals.
      </failure>
    </testcase>
    <testcase name='http://opencaesar.io/examples/firesat/programs/earth-science/projects/firesat/workpackages/06/10/subsystems/cdh/requirements#EnvironmentForSidePanel2'>
      <failure>
        declared in
        http://opencaesar.io/examples/firesat/programs/earth-science/projects/firesat/bundle/individuals.
      </failure>
    </testcase>
    <testcase name='http://opencaesar.io/examples/firesat/programs/earth-science/projects/firesat/workpackages/06/10/subsystems/cdh/requirements#EnvironmentForSidePanel3'>
      <failure>
        declared in
        http://opencaesar.io/examples/firesat/programs/earth-science/projects/firesat/bundle/individuals.
      </failure>
    </testcase>
    <testcase name='http://opencaesar.io/examples/firesat/programs/earth-science/projects/firesat/workpackages/06/10/subsystems/cdh/requirements#EnvironmentForSidePanel4'>
      <failure>
        declared in
        http://opencaesar.io/examples/firesat/programs/earth-science/projects/firesat/bundle/individuals.
      </failure>
    </testcase>
    <testcase name='http://opencaesar.io/examples/firesat/programs/earth-science/projects/firesat/workpackages/06/10/subsystems/cdh/requirements#EnvironmentForSidePanel5'>
      <failure>
        declared in
        http://opencaesar.io/examples/firesat/programs/earth-science/projects/firesat/bundle/individuals.
      </failure>
    </testcase>
    <testcase name='http://opencaesar.io/examples/firesat/programs/earth-science/projects/firesat/workpackages/06/10/subsystems/cdh/requirements#EnvironmentForSidePanel6'>
      <failure>
        declared in
        http://opencaesar.io/examples/firesat/programs/earth-science/projects/firesat/bundle/individuals.
      </failure>
    </testcase>
    <testcase name='http://opencaesar.io/examples/firesat/programs/earth-science/projects/firesat/workpackages/06/10/subsystems/cdh/requirements#EnvironmentForStructurePost1'>
      <failure>
        declared in
        http://opencaesar.io/examples/firesat/programs/earth-science/projects/firesat/bundle/individuals.
      </failure>
    </testcase>
    <testcase name='http://opencaesar.io/examples/firesat/programs/earth-science/projects/firesat/workpackages/06/10/subsystems/cdh/requirements#EnvironmentForStructurePost2'>
      <failure>
        declared in
        http://opencaesar.io/examples/firesat/programs/earth-science/projects/firesat/bundle/individuals.
      </failure>
    </testcase>
    <testcase name='http://opencaesar.io/examples/firesat/programs/earth-science/projects/firesat/workpackages/06/10/subsystems/cdh/requirements#EnvironmentForStructurePost3'>
      <failure>
        declared in
        http://opencaesar.io/examples/firesat/programs/earth-science/projects/firesat/bundle/individuals.
      </failure>
    </testcase>
    <testcase name='http://opencaesar.io/examples/firesat/programs/earth-science/projects/firesat/workpackages/06/10/subsystems/cdh/requirements#EnvironmentForStructurePost4'>
      <failure>
        declared in
        http://opencaesar.io/examples/firesat/programs/earth-science/projects/firesat/bundle/individuals.
      </failure>
    </testcase>
    <testcase name='http://opencaesar.io/examples/firesat/programs/earth-science/projects/firesat/workpackages/06/10/subsystems/cdh/requirements#EnvironmentForStructurePost5'>
      <failure>
        declared in
        http://opencaesar.io/examples/firesat/programs/earth-science/projects/firesat/bundle/individuals.
      </failure>
    </testcase>
    <testcase name='http://opencaesar.io/examples/firesat/programs/earth-science/projects/firesat/workpackages/06/10/subsystems/cdh/requirements#EnvironmentForStructurePost6'>
      <failure>
        declared in
        http://opencaesar.io/examples/firesat/programs/earth-science/projects/firesat/bundle/individuals.
      </failure>
    </testcase>
    <testcase name='http://opencaesar.io/examples/firesat/programs/earth-science/projects/firesat/workpackages/06/10/subsystems/cdh/requirements#EnvironmentForTopPanel'>
      <failure>
        declared in
        http://opencaesar.io/examples/firesat/programs/earth-science/projects/firesat/bundle/individuals.
      </failure>
    </testcase>
    <testcase name='http://opencaesar.io/examples/firesat/programs/earth-science/projects/firesat/workpackages/06/10/subsystems/cdh/requirements#LaunchEnvironmentForBasePlate'>
      <failure>
        declared in
        http://opencaesar.io/examples/firesat/programs/earth-science/projects/firesat/bundle/individuals.
      </failure>
    </testcase>
    <testcase name='http://opencaesar.io/examples/firesat/programs/earth-science/projects/firesat/workpackages/06/10/subsystems/cdh/requirements#LaunchEnvironmentForLaunchVehicleAdapter'>
      <failure>
        declared in
        http://opencaesar.io/examples/firesat/programs/earth-science/projects/firesat/bundle/individuals.
      </failure>
    </testcase>
    <testcase name='http://opencaesar.io/examples/firesat/programs/earth-science/projects/firesat/workpackages/06/10/subsystems/cdh/requirements#LaunchEnvironmentForPayloadStructuralInterface'>
      <failure>
        declared in
        http://opencaesar.io/examples/firesat/programs/earth-science/projects/firesat/bundle/individuals.
      </failure>
    </testcase>
    <testcase name='http://opencaesar.io/examples/firesat/programs/earth-science/projects/firesat/workpackages/06/10/subsystems/cdh/requirements#LaunchEnvironmentForPressurantTankMountingPanel'>
      <failure>
        declared in
        http://opencaesar.io/examples/firesat/programs/earth-science/projects/firesat/bundle/individuals.
      </failure>
    </testcase>
    <testcase name='http://opencaesar.io/examples/firesat/programs/earth-science/projects/firesat/workpackages/06/10/subsystems/cdh/requirements#LaunchEnvironmentForPropellantTankMountingPanel'>
      <failure>
        declared in
        http://opencaesar.io/examples/firesat/programs/earth-science/projects/firesat/bundle/individuals.
      </failure>
    </testcase>
    <testcase name='http://opencaesar.io/examples/firesat/programs/earth-science/projects/firesat/workpackages/06/10/subsystems/cdh/requirements#LaunchEnvironmentForPropulsionStructurePost1'>
      <failure>
        declared in
        http://opencaesar.io/examples/firesat/programs/earth-science/projects/firesat/bundle/individuals.
      </failure>
    </testcase>
    <testcase name='http://opencaesar.io/examples/firesat/programs/earth-science/projects/firesat/workpackages/06/10/subsystems/cdh/requirements#LaunchEnvironmentForPropulsionStructurePost2'>
      <failure>
        declared in
        http://opencaesar.io/examples/firesat/programs/earth-science/projects/firesat/bundle/individuals.
      </failure>
    </testcase>
    <testcase name='http://opencaesar.io/examples/firesat/programs/earth-science/projects/firesat/workpackages/06/10/subsystems/cdh/requirements#LaunchEnvironmentForPropulsionStructurePost3'>
      <failure>
        declared in
        http://opencaesar.io/examples/firesat/programs/earth-science/projects/firesat/bundle/individuals.
      </failure>
    </testcase>
    <testcase name='http://opencaesar.io/examples/firesat/programs/earth-science/projects/firesat/workpackages/06/10/subsystems/cdh/requirements#LaunchEnvironmentForPropulsionStructurePost4'>
      <failure>
        declared in
        http://opencaesar.io/examples/firesat/programs/earth-science/projects/firesat/bundle/individuals.
      </failure>
    </testcase>
    <testcase name='http://opencaesar.io/examples/firesat/programs/earth-science/projects/firesat/workpackages/06/10/subsystems/cdh/requirements#LaunchEnvironmentForSeparationSystem'>
      <failure>
        declared in
        http://opencaesar.io/examples/firesat/programs/earth-science/projects/firesat/bundle/individuals.
      </failure>
    </testcase>
    <testcase name='http://opencaesar.io/examples/firesat/programs/earth-science/projects/firesat/workpackages/06/10/subsystems/cdh/requirements#LaunchEnvironmentForSidePanel1'>
      <failure>
        declared in
        http://opencaesar.io/examples/firesat/programs/earth-science/projects/firesat/bundle/individuals.
      </failure>
    </testcase>
    <testcase name='http://opencaesar.io/examples/firesat/programs/earth-science/projects/firesat/workpackages/06/10/subsystems/cdh/requirements#LaunchEnvironmentForSidePanel2'>
      <failure>
        declared in
        http://opencaesar.io/examples/firesat/programs/earth-science/projects/firesat/bundle/individuals.
      </failure>
    </testcase>
    <testcase name='http://opencaesar.io/examples/firesat/programs/earth-science/projects/firesat/workpackages/06/10/subsystems/cdh/requirements#LaunchEnvironmentForSidePanel3'>
      <failure>
        declared in
        http://opencaesar.io/examples/firesat/programs/earth-science/projects/firesat/bundle/individuals.
      </failure>
    </testcase>
    <testcase name='http://opencaesar.io/examples/firesat/programs/earth-science/projects/firesat/workpackages/06/10/subsystems/cdh/requirements#LaunchEnvironmentForSidePanel4'>
      <failure>
        declared in
        http://opencaesar.io/examples/firesat/programs/earth-science/projects/firesat/bundle/individuals.
      </failure>
    </testcase>
    <testcase name='http://opencaesar.io/examples/firesat/programs/earth-science/projects/firesat/workpackages/06/10/subsystems/cdh/requirements#LaunchEnvironmentForSidePanel5'>
      <failure>
        declared in
        http://opencaesar.io/examples/firesat/programs/earth-science/projects/firesat/bundle/individuals.
      </failure>
    </testcase>
    <testcase name='http://opencaesar.io/examples/firesat/programs/earth-science/projects/firesat/workpackages/06/10/subsystems/cdh/requirements#LaunchEnvironmentForSidePanel6'>
      <failure>
        declared in
        http://opencaesar.io/examples/firesat/programs/earth-science/projects/firesat/bundle/individuals.
      </failure>
    </testcase>
    <testcase name='http://opencaesar.io/examples/firesat/programs/earth-science/projects/firesat/workpackages/06/10/subsystems/cdh/requirements#LaunchEnvironmentForStructurePost1'>
      <failure>
        declared in
        http://opencaesar.io/examples/firesat/programs/earth-science/projects/firesat/bundle/individuals.
      </failure>
    </testcase>
    <testcase name='http://opencaesar.io/examples/firesat/programs/earth-science/projects/firesat/workpackages/06/10/subsystems/cdh/requirements#LaunchEnvironmentForStructurePost2'>
      <failure>
        declared in
        http://opencaesar.io/examples/firesat/programs/earth-science/projects/firesat/bundle/individuals.
      </failure>
    </testcase>
    <testcase name='http://opencaesar.io/examples/firesat/programs/earth-science/projects/firesat/workpackages/06/10/subsystems/cdh/requirements#LaunchEnvironmentForStructurePost3'>
      <failure>
        declared in
        http://opencaesar.io/examples/firesat/programs/earth-science/projects/firesat/bundle/individuals.
      </failure>
    </testcase>
    <testcase name='http://opencaesar.io/examples/firesat/programs/earth-science/projects/firesat/workpackages/06/10/subsystems/cdh/requirements#LaunchEnvironmentForStructurePost4'>
      <failure>
        declared in
        http://opencaesar.io/examples/firesat/programs/earth-science/projects/firesat/bundle/individuals.
      </failure>
    </testcase>
    <testcase name='http://opencaesar.io/examples/firesat/programs/earth-science/projects/firesat/workpackages/06/10/subsystems/cdh/requirements#LaunchEnvironmentForStructurePost5'>
      <failure>
        declared in
        http://opencaesar.io/examples/firesat/programs/earth-science/projects/firesat/bundle/individuals.
      </failure>
    </testcase>
    <testcase name='http://opencaesar.io/examples/firesat/programs/earth-science/projects/firesat/workpackages/06/10/subsystems/cdh/requirements#LaunchEnvironmentForStructurePost6'>
      <failure>
        declared in
        http://opencaesar.io/examples/firesat/programs/earth-science/projects/firesat/bundle/individuals.
      </failure>
    </testcase>
    <testcase name='http://opencaesar.io/examples/firesat/programs/earth-science/projects/firesat/workpackages/06/10/subsystems/cdh/requirements#LaunchEnvironmentForTopPanel'>
      <failure>
        declared in
        http://opencaesar.io/examples/firesat/programs/earth-science/projects/firesat/bundle/individuals.
      </failure>
    </testcase>
    <testcase name='http://opencaesar.io/examples/firesat/programs/earth-science/projects/firesat/workpackages/06/10/subsystems/cdh/requirements#MaintenanceForPrimaryFlightComputerUnit'>
      <failure>
        declared in
        http://opencaesar.io/examples/firesat/programs/earth-science/projects/firesat/bundle/individuals.
      </failure>
    </testcase>
    <testcase name='http://opencaesar.io/examples/firesat/programs/earth-science/projects/firesat/workpackages/06/10/subsystems/cdh/requirements#PrecedenceForPrimaryFlightComputerUnit'>
      <failure>
        declared in
        http://opencaesar.io/examples/firesat/programs/earth-science/projects/firesat/bundle/individuals.
      </failure>
    </testcase>
    <testcase name='http://opencaesar.io/examples/firesat/programs/earth-science/projects/firesat/workpackages/06/10/subsystems/cdh/requirements#SpaceEnvironmentForBasePlate'>
      <failure>
        declared in
        http://opencaesar.io/examples/firesat/programs/earth-science/projects/firesat/bundle/individuals.
      </failure>
    </testcase>
    <testcase name='http://opencaesar.io/examples/firesat/programs/earth-science/projects/firesat/workpackages/06/10/subsystems/cdh/requirements#SpaceEnvironmentForPayloadStructuralInterface'>
      <failure>
        declared in
        http://opencaesar.io/examples/firesat/programs/earth-science/projects/firesat/bundle/individuals.
      </failure>
    </testcase>
    <testcase name='http://opencaesar.io/examples/firesat/programs/earth-science/projects/firesat/workpackages/06/10/subsystems/cdh/requirements#SpaceEnvironmentForPressurantTankMountingPanel'>
      <failure>
        declared in
        http://opencaesar.io/examples/firesat/programs/earth-science/projects/firesat/bundle/individuals.
      </failure>
    </testcase>
    <testcase name='http://opencaesar.io/examples/firesat/programs/earth-science/projects/firesat/workpackages/06/10/subsystems/cdh/requirements#SpaceEnvironmentForPropellantTankMountingPanel'>
      <failure>
        declared in
        http://opencaesar.io/examples/firesat/programs/earth-science/projects/firesat/bundle/individuals.
      </failure>
    </testcase>
    <testcase name='http://opencaesar.io/examples/firesat/programs/earth-science/projects/firesat/workpackages/06/10/subsystems/cdh/requirements#SpaceEnvironmentForPropulsionStructurePost1'>
      <failure>
        declared in
        http://opencaesar.io/examples/firesat/programs/earth-science/projects/firesat/bundle/individuals.
      </failure>
    </testcase>
    <testcase name='http://opencaesar.io/examples/firesat/programs/earth-science/projects/firesat/workpackages/06/10/subsystems/cdh/requirements#SpaceEnvironmentForPropulsionStructurePost2'>
      <failure>
        declared in
        http://opencaesar.io/examples/firesat/programs/earth-science/projects/firesat/bundle/individuals.
      </failure>
    </testcase>
    <testcase name='http://opencaesar.io/examples/firesat/programs/earth-science/projects/firesat/workpackages/06/10/subsystems/cdh/requirements#SpaceEnvironmentForPropulsionStructurePost3'>
      <failure>
        declared in
        http://opencaesar.io/examples/firesat/programs/earth-science/projects/firesat/bundle/individuals.
      </failure>
    </testcase>
    <testcase name='http://opencaesar.io/examples/firesat/programs/earth-science/projects/firesat/workpackages/06/10/subsystems/cdh/requirements#SpaceEnvironmentForPropulsionStructurePost4'>
      <failure>
        declared in
        http://opencaesar.io/examples/firesat/programs/earth-science/projects/firesat/bundle/individuals.
      </failure>
    </testcase>
    <testcase name='http://opencaesar.io/examples/firesat/programs/earth-science/projects/firesat/workpackages/06/10/subsystems/cdh/requirements#SpaceEnvironmentForSidePanel1'>
      <failure>
        declared in
        http://opencaesar.io/examples/firesat/programs/earth-science/projects/firesat/bundle/individuals.
      </failure>
    </testcase>
    <testcase name='http://opencaesar.io/examples/firesat/programs/earth-science/projects/firesat/workpackages/06/10/subsystems/cdh/requirements#SpaceEnvironmentForSidePanel2'>
      <failure>
        declared in
        http://opencaesar.io/examples/firesat/programs/earth-science/projects/firesat/bundle/individuals.
      </failure>
    </testcase>
    <testcase name='http://opencaesar.io/examples/firesat/programs/earth-science/projects/firesat/workpackages/06/10/subsystems/cdh/requirements#SpaceEnvironmentForSidePanel3'>
      <failure>
        declared in
        http://opencaesar.io/examples/firesat/programs/earth-science/projects/firesat/bundle/individuals.
      </failure>
    </testcase>
    <testcase name='http://opencaesar.io/examples/firesat/programs/earth-science/projects/firesat/workpackages/06/10/subsystems/cdh/requirements#SpaceEnvironmentForSidePanel4'>
      <failure>
        declared in
        http://opencaesar.io/examples/firesat/programs/earth-science/projects/firesat/bundle/individuals.
      </failure>
    </testcase>
    <testcase name='http://opencaesar.io/examples/firesat/programs/earth-science/projects/firesat/workpackages/06/10/subsystems/cdh/requirements#SpaceEnvironmentForSidePanel5'>
      <failure>
        declared in
        http://opencaesar.io/examples/firesat/programs/earth-science/projects/firesat/bundle/individuals.
      </failure>
    </testcase>
    <testcase name='http://opencaesar.io/examples/firesat/programs/earth-science/projects/firesat/workpackages/06/10/subsystems/cdh/requirements#SpaceEnvironmentForSidePanel6'>
      <failure>
        declared in
        http://opencaesar.io/examples/firesat/programs/earth-science/projects/firesat/bundle/individuals.
      </failure>
    </testcase>
    <testcase name='http://opencaesar.io/examples/firesat/programs/earth-science/projects/firesat/workpackages/06/10/subsystems/cdh/requirements#SpaceEnvironmentForStructurePost1'>
      <failure>
        declared in
        http://opencaesar.io/examples/firesat/programs/earth-science/projects/firesat/bundle/individuals.
      </failure>
    </testcase>
    <testcase name='http://opencaesar.io/examples/firesat/programs/earth-science/projects/firesat/workpackages/06/10/subsystems/cdh/requirements#SpaceEnvironmentForStructurePost2'>
      <failure>
        declared in
        http://opencaesar.io/examples/firesat/programs/earth-science/projects/firesat/bundle/individuals.
      </failure>
    </testcase>
    <testcase name='http://opencaesar.io/examples/firesat/programs/earth-science/projects/firesat/workpackages/06/10/subsystems/cdh/requirements#SpaceEnvironmentForStructurePost3'>
      <failure>
        declared in
        http://opencaesar.io/examples/firesat/programs/earth-science/projects/firesat/bundle/individuals.
      </failure>
    </testcase>
    <testcase name='http://opencaesar.io/examples/firesat/programs/earth-science/projects/firesat/workpackages/06/10/subsystems/cdh/requirements#SpaceEnvironmentForStructurePost4'>
      <failure>
        declared in
        http://opencaesar.io/examples/firesat/programs/earth-science/projects/firesat/bundle/individuals.
      </failure>
    </testcase>
    <testcase name='http://opencaesar.io/examples/firesat/programs/earth-science/projects/firesat/workpackages/06/10/subsystems/cdh/requirements#SpaceEnvironmentForStructurePost5'>
      <failure>
        declared in
        http://opencaesar.io/examples/firesat/programs/earth-science/projects/firesat/bundle/individuals.
      </failure>
    </testcase>
    <testcase name='http://opencaesar.io/examples/firesat/programs/earth-science/projects/firesat/workpackages/06/10/subsystems/cdh/requirements#SpaceEnvironmentForStructurePost6'>
      <failure>
        declared in
        http://opencaesar.io/examples/firesat/programs/earth-science/projects/firesat/bundle/individuals.
      </failure>
    </testcase>
    <testcase name='http://opencaesar.io/examples/firesat/programs/earth-science/projects/firesat/workpackages/06/10/subsystems/cdh/requirements#SpaceEnvironmentForTopPanel'>
      <failure>
        declared in
        http://opencaesar.io/examples/firesat/programs/earth-science/projects/firesat/bundle/individuals.
      </failure>
    </testcase>
    <testcase name='http://opencaesar.io/examples/firesat/programs/earth-science/projects/firesat/workpackages/06/10/subsystems/cdh/requirements#SpaceVehicleNaturalFrequencyForBasePlate'>
      <failure>
        declared in
        http://opencaesar.io/examples/firesat/programs/earth-science/projects/firesat/bundle/individuals.
      </failure>
    </testcase>
    <testcase name='http://opencaesar.io/examples/firesat/programs/earth-science/projects/firesat/workpackages/06/10/subsystems/cdh/requirements#SpaceVehicleNaturalFrequencyForPayloadStructuralInterface'>
      <failure>
        declared in
        http://opencaesar.io/examples/firesat/programs/earth-science/projects/firesat/bundle/individuals.
      </failure>
    </testcase>
    <testcase name='http://opencaesar.io/examples/firesat/programs/earth-science/projects/firesat/workpackages/06/10/subsystems/cdh/requirements#SpaceVehicleNaturalFrequencyForPressurantTankMountingPanel'>
      <failure>
        declared in
        http://opencaesar.io/examples/firesat/programs/earth-science/projects/firesat/bundle/individuals.
      </failure>
    </testcase>
    <testcase name='http://opencaesar.io/examples/firesat/programs/earth-science/projects/firesat/workpackages/06/10/subsystems/cdh/requirements#SpaceVehicleNaturalFrequencyForPropellantTankMountingPanel'>
      <failure>
        declared in
        http://opencaesar.io/examples/firesat/programs/earth-science/projects/firesat/bundle/individuals.
      </failure>
    </testcase>
    <testcase name='http://opencaesar.io/examples/firesat/programs/earth-science/projects/firesat/workpackages/06/10/subsystems/cdh/requirements#SpaceVehicleNaturalFrequencyForPropulsionStructurePost1'>
      <failure>
        declared in
        http://opencaesar.io/examples/firesat/programs/earth-science/projects/firesat/bundle/individuals.
      </failure>
    </testcase>
    <testcase name='http://opencaesar.io/examples/firesat/programs/earth-science/projects/firesat/workpackages/06/10/subsystems/cdh/requirements#SpaceVehicleNaturalFrequencyForPropulsionStructurePost2'>
      <failure>
        declared in
        http://opencaesar.io/examples/firesat/programs/earth-science/projects/firesat/bundle/individuals.
      </failure>
    </testcase>
    <testcase name='http://opencaesar.io/examples/firesat/programs/earth-science/projects/firesat/workpackages/06/10/subsystems/cdh/requirements#SpaceVehicleNaturalFrequencyForPropulsionStructurePost3'>
      <failure>
        declared in
        http://opencaesar.io/examples/firesat/programs/earth-science/projects/firesat/bundle/individuals.
      </failure>
    </testcase>
    <testcase name='http://opencaesar.io/examples/firesat/programs/earth-science/projects/firesat/workpackages/06/10/subsystems/cdh/requirements#SpaceVehicleNaturalFrequencyForPropulsionStructurePost4'>
      <failure>
        declared in
        http://opencaesar.io/examples/firesat/programs/earth-science/projects/firesat/bundle/individuals.
      </failure>
    </testcase>
    <testcase name='http://opencaesar.io/examples/firesat/programs/earth-science/projects/firesat/workpackages/06/10/subsystems/cdh/requirements#SpaceVehicleNaturalFrequencyForSidePanel1'>
      <failure>
        declared in
        http://opencaesar.io/examples/firesat/programs/earth-science/projects/firesat/bundle/individuals.
      </failure>
    </testcase>
    <testcase name='http://opencaesar.io/examples/firesat/programs/earth-science/projects/firesat/workpackages/06/10/subsystems/cdh/requirements#SpaceVehicleNaturalFrequencyForSidePanel2'>
      <failure>
        declared in
        http://opencaesar.io/examples/firesat/programs/earth-science/projects/firesat/bundle/individuals.
      </failure>
    </testcase>
    <testcase name='http://opencaesar.io/examples/firesat/programs/earth-science/projects/firesat/workpackages/06/10/subsystems/cdh/requirements#SpaceVehicleNaturalFrequencyForSidePanel3'>
      <failure>
        declared in
        http://opencaesar.io/examples/firesat/programs/earth-science/projects/firesat/bundle/individuals.
      </failure>
    </testcase>
    <testcase name='http://opencaesar.io/examples/firesat/programs/earth-science/projects/firesat/workpackages/06/10/subsystems/cdh/requirements#SpaceVehicleNaturalFrequencyForSidePanel4'>
      <failure>
        declared in
        http://opencaesar.io/examples/firesat/programs/earth-science/projects/firesat/bundle/individuals.
      </failure>
    </testcase>
    <testcase name='http://opencaesar.io/examples/firesat/programs/earth-science/projects/firesat/workpackages/06/10/subsystems/cdh/requirements#SpaceVehicleNaturalFrequencyForSidePanel5'>
      <failure>
        declared in
        http://opencaesar.io/examples/firesat/programs/earth-science/projects/firesat/bundle/individuals.
      </failure>
    </testcase>
    <testcase name='http://opencaesar.io/examples/firesat/programs/earth-science/projects/firesat/workpackages/06/10/subsystems/cdh/requirements#SpaceVehicleNaturalFrequencyForSidePanel6'>
      <failure>
        declared in
        http://opencaesar.io/examples/firesat/programs/earth-science/projects/firesat/bundle/individuals.
      </failure>
    </testcase>
    <testcase name='http://opencaesar.io/examples/firesat/programs/earth-science/projects/firesat/workpackages/06/10/subsystems/cdh/requirements#SpaceVehicleNaturalFrequencyForStructurePost1'>
      <failure>
        declared in
        http://opencaesar.io/examples/firesat/programs/earth-science/projects/firesat/bundle/individuals.
      </failure>
    </testcase>
    <testcase name='http://opencaesar.io/examples/firesat/programs/earth-science/projects/firesat/workpackages/06/10/subsystems/cdh/requirements#SpaceVehicleNaturalFrequencyForStructurePost2'>
      <failure>
        declared in
        http://opencaesar.io/examples/firesat/programs/earth-science/projects/firesat/bundle/individuals.
      </failure>
    </testcase>
    <testcase name='http://opencaesar.io/examples/firesat/programs/earth-science/projects/firesat/workpackages/06/10/subsystems/cdh/requirements#SpaceVehicleNaturalFrequencyForStructurePost3'>
      <failure>
        declared in
        http://opencaesar.io/examples/firesat/programs/earth-science/projects/firesat/bundle/individuals.
      </failure>
    </testcase>
    <testcase name='http://opencaesar.io/examples/firesat/programs/earth-science/projects/firesat/workpackages/06/10/subsystems/cdh/requirements#SpaceVehicleNaturalFrequencyForStructurePost4'>
      <failure>
        declared in
        http://opencaesar.io/examples/firesat/programs/earth-science/projects/firesat/bundle/individuals.
      </failure>
    </testcase>
    <testcase name='http://opencaesar.io/examples/firesat/programs/earth-science/projects/firesat/workpackages/06/10/subsystems/cdh/requirements#SpaceVehicleNaturalFrequencyForStructurePost5'>
      <failure>
        declared in
        http://opencaesar.io/examples/firesat/programs/earth-science/projects/firesat/bundle/individuals.
      </failure>
    </testcase>
    <testcase name='http://opencaesar.io/examples/firesat/programs/earth-science/projects/firesat/workpackages/06/10/subsystems/cdh/requirements#SpaceVehicleNaturalFrequencyForStructurePost6'>
      <failure>
        declared in
        http://opencaesar.io/examples/firesat/programs/earth-science/projects/firesat/bundle/individuals.
      </failure>
    </testcase>
    <testcase name='http://opencaesar.io/examples/firesat/programs/earth-science/projects/firesat/workpackages/06/10/subsystems/cdh/requirements#SpaceVehicleNaturalFrequencyForTopPanel'>
      <failure>
        declared in
        http://opencaesar.io/examples/firesat/programs/earth-science/projects/firesat/bundle/individuals.
      </failure>
    </testcase>
    <testcase name='http://opencaesar.io/examples/firesat/programs/earth-science/projects/firesat/workpackages/06/10/subsystems/cdh/requirements#StructuralQualificationForBasePlate'>
      <failure>
        declared in
        http://opencaesar.io/examples/firesat/programs/earth-science/projects/firesat/bundle/individuals.
      </failure>
    </testcase>
    <testcase name='http://opencaesar.io/examples/firesat/programs/earth-science/projects/firesat/workpackages/06/10/subsystems/cdh/requirements#StructuralQualificationForPayloadStructuralInterface'>
      <failure>
        declared in
        http://opencaesar.io/examples/firesat/programs/earth-science/projects/firesat/bundle/individuals.
      </failure>
    </testcase>
    <testcase name='http://opencaesar.io/examples/firesat/programs/earth-science/projects/firesat/workpackages/06/10/subsystems/cdh/requirements#StructuralQualificationForPressurantTankMountingPanel'>
      <failure>
        declared in
        http://opencaesar.io/examples/firesat/programs/earth-science/projects/firesat/bundle/individuals.
      </failure>
    </testcase>
    <testcase name='http://opencaesar.io/examples/firesat/programs/earth-science/projects/firesat/workpackages/06/10/subsystems/cdh/requirements#StructuralQualificationForPropellantTankMountingPanel'>
      <failure>
        declared in
        http://opencaesar.io/examples/firesat/programs/earth-science/projects/firesat/bundle/individuals.
      </failure>
    </testcase>
    <testcase name='http://opencaesar.io/examples/firesat/programs/earth-science/projects/firesat/workpackages/06/10/subsystems/cdh/requirements#StructuralQualificationForPropulsionStructurePost1'>
      <failure>
        declared in
        http://opencaesar.io/examples/firesat/programs/earth-science/projects/firesat/bundle/individuals.
      </failure>
    </testcase>
    <testcase name='http://opencaesar.io/examples/firesat/programs/earth-science/projects/firesat/workpackages/06/10/subsystems/cdh/requirements#StructuralQualificationForPropulsionStructurePost2'>
      <failure>
        declared in
        http://opencaesar.io/examples/firesat/programs/earth-science/projects/firesat/bundle/individuals.
      </failure>
    </testcase>
    <testcase name='http://opencaesar.io/examples/firesat/programs/earth-science/projects/firesat/workpackages/06/10/subsystems/cdh/requirements#StructuralQualificationForPropulsionStructurePost3'>
      <failure>
        declared in
        http://opencaesar.io/examples/firesat/programs/earth-science/projects/firesat/bundle/individuals.
      </failure>
    </testcase>
    <testcase name='http://opencaesar.io/examples/firesat/programs/earth-science/projects/firesat/workpackages/06/10/subsystems/cdh/requirements#StructuralQualificationForPropulsionStructurePost4'>
      <failure>
        declared in
        http://opencaesar.io/examples/firesat/programs/earth-science/projects/firesat/bundle/individuals.
      </failure>
    </testcase>
    <testcase name='http://opencaesar.io/examples/firesat/programs/earth-science/projects/firesat/workpackages/06/10/subsystems/cdh/requirements#StructuralQualificationForSidePanel1'>
      <failure>
        declared in
        http://opencaesar.io/examples/firesat/programs/earth-science/projects/firesat/bundle/individuals.
      </failure>
    </testcase>
    <testcase name='http://opencaesar.io/examples/firesat/programs/earth-science/projects/firesat/workpackages/06/10/subsystems/cdh/requirements#StructuralQualificationForSidePanel2'>
      <failure>
        declared in
        http://opencaesar.io/examples/firesat/programs/earth-science/projects/firesat/bundle/individuals.
      </failure>
    </testcase>
    <testcase name='http://opencaesar.io/examples/firesat/programs/earth-science/projects/firesat/workpackages/06/10/subsystems/cdh/requirements#StructuralQualificationForSidePanel3'>
      <failure>
        declared in
        http://opencaesar.io/examples/firesat/programs/earth-science/projects/firesat/bundle/individuals.
      </failure>
    </testcase>
    <testcase name='http://opencaesar.io/examples/firesat/programs/earth-science/projects/firesat/workpackages/06/10/subsystems/cdh/requirements#StructuralQualificationForSidePanel4'>
      <failure>
        declared in
        http://opencaesar.io/examples/firesat/programs/earth-science/projects/firesat/bundle/individuals.
      </failure>
    </testcase>
    <testcase name='http://opencaesar.io/examples/firesat/programs/earth-science/projects/firesat/workpackages/06/10/subsystems/cdh/requirements#StructuralQualificationForSidePanel5'>
      <failure>
        declared in
        http://opencaesar.io/examples/firesat/programs/earth-science/projects/firesat/bundle/individuals.
      </failure>
    </testcase>
    <testcase name='http://opencaesar.io/examples/firesat/programs/earth-science/projects/firesat/workpackages/06/10/subsystems/cdh/requirements#StructuralQualificationForSidePanel6'>
      <failure>
        declared in
        http://opencaesar.io/examples/firesat/programs/earth-science/projects/firesat/bundle/individuals.
      </failure>
    </testcase>
    <testcase name='http://opencaesar.io/examples/firesat/programs/earth-science/projects/firesat/workpackages/06/10/subsystems/cdh/requirements#StructuralQualificationForStructurePost1'>
      <failure>
        declared in
        http://opencaesar.io/examples/firesat/programs/earth-science/projects/firesat/bundle/individuals.
      </failure>
    </testcase>
    <testcase name='http://opencaesar.io/examples/firesat/programs/earth-science/projects/firesat/workpackages/06/10/subsystems/cdh/requirements#StructuralQualificationForStructurePost2'>
      <failure>
        declared in
        http://opencaesar.io/examples/firesat/programs/earth-science/projects/firesat/bundle/individuals.
      </failure>
    </testcase>
    <testcase name='http://opencaesar.io/examples/firesat/programs/earth-science/projects/firesat/workpackages/06/10/subsystems/cdh/requirements#StructuralQualificationForStructurePost3'>
      <failure>
        declared in
        http://opencaesar.io/examples/firesat/programs/earth-science/projects/firesat/bundle/individuals.
      </failure>
    </testcase>
    <testcase name='http://opencaesar.io/examples/firesat/programs/earth-science/projects/firesat/workpackages/06/10/subsystems/cdh/requirements#StructuralQualificationForStructurePost4'>
      <failure>
        declared in
        http://opencaesar.io/examples/firesat/programs/earth-science/projects/firesat/bundle/individuals.
      </failure>
    </testcase>
    <testcase name='http://opencaesar.io/examples/firesat/programs/earth-science/projects/firesat/workpackages/06/10/subsystems/cdh/requirements#StructuralQualificationForStructurePost5'>
      <failure>
        declared in
        http://opencaesar.io/examples/firesat/programs/earth-science/projects/firesat/bundle/individuals.
      </failure>
    </testcase>
    <testcase name='http://opencaesar.io/examples/firesat/programs/earth-science/projects/firesat/workpackages/06/10/subsystems/cdh/requirements#StructuralQualificationForStructurePost6'>
      <failure>
        declared in
        http://opencaesar.io/examples/firesat/programs/earth-science/projects/firesat/bundle/individuals.
      </failure>
    </testcase>
    <testcase name='http://opencaesar.io/examples/firesat/programs/earth-science/projects/firesat/workpackages/06/10/subsystems/cdh/requirements#StructuralQualificationForTopPanel'>
      <failure>
        declared in
        http://opencaesar.io/examples/firesat/programs/earth-science/projects/firesat/bundle/individuals.
      </failure>
    </testcase>
    <testcase name='http://opencaesar.io/examples/firesat/programs/earth-science/projects/firesat/workpackages/06/10/subsystems/cdh/requirements#SupportabilityForPrimaryFlightComputerUnit'>
      <failure>
        declared in
        http://opencaesar.io/examples/firesat/programs/earth-science/projects/firesat/bundle/individuals.
      </failure>
    </testcase>
    <testcase name='http://opencaesar.io/examples/firesat/programs/earth-science/projects/firesat/workpackages/06/systems/spc/assemblies#Propellant'>
      <failure>
        declared in
        http://opencaesar.io/examples/firesat/programs/earth-science/projects/firesat/bundle/individuals.
      </failure>
    </testcase>
    <testcase name='http://opencaesar.io/examples/firesat/programs/earth-science/projects/firesat/workpackages/06/systems/spc/assemblies#SpacecraftSystemSegment'>
      <failure>
        declared in
        http://opencaesar.io/examples/firesat/programs/earth-science/projects/firesat/bundle/individuals.
      </failure>
    </testcase>
    <testcase name='http://opencaesar.io/examples/firesat/programs/earth-science/projects/firesat/workpackages/06/systems/spc/functions#DetectNewWildfiresBySpacecraftSystemSegment'>
      <failure>
        declared in
        http://opencaesar.io/examples/firesat/programs/earth-science/projects/firesat/bundle/individuals.
      </failure>
    </testcase>
    <testcase name='http://opencaesar.io/examples/firesat/programs/earth-science/projects/firesat/workpackages/06/systems/spc/functions#MonitorExistingWildfires_24_7BySpacecraftSystemSegment'>
      <failure>
        declared in
        http://opencaesar.io/examples/firesat/programs/earth-science/projects/firesat/bundle/individuals.
      </failure>
    </testcase>
    <testcase name='http://opencaesar.io/examples/firesat/programs/earth-science/projects/firesat/workpackages/06/systems/spc/functions#PerformMissionBySpacecraftSystemSegment'>
      <failure>
        declared in
        http://opencaesar.io/examples/firesat/programs/earth-science/projects/firesat/bundle/individuals.
      </failure>
    </testcase>
    <testcase name='http://opencaesar.io/examples/firesat/programs/earth-science/projects/firesat/workpackages/06/systems/spc/functions#SpacecraftSystemSegmentPerformsDetectNewWildfires'>
      <failure>
        declared in
        http://opencaesar.io/examples/firesat/programs/earth-science/projects/firesat/bundle/individuals.
      </failure>
    </testcase>
    <testcase name='http://opencaesar.io/examples/firesat/programs/earth-science/projects/firesat/workpackages/06/systems/spc/functions#SpacecraftSystemSegmentPerformsMonitorExistingWildfires_24_7'>
      <failure>
        declared in
        http://opencaesar.io/examples/firesat/programs/earth-science/projects/firesat/bundle/individuals.
      </failure>
    </testcase>
    <testcase name='http://opencaesar.io/examples/firesat/programs/earth-science/projects/firesat/workpackages/06/systems/spc/masses#PropellantCBEMass'>
      <failure>
        declared in
        http://opencaesar.io/examples/firesat/programs/earth-science/projects/firesat/bundle/individuals.
      </failure>
    </testcase>
    <testcase name='http://opencaesar.io/examples/firesat/programs/earth-science/projects/firesat/workpackages/06/systems/spc/masses#PropellantCBEMassMagnitude'>
      <failure>
        declared in
        http://opencaesar.io/examples/firesat/programs/earth-science/projects/firesat/bundle/individuals.
      </failure>
    </testcase>
    <testcase name='http://opencaesar.io/examples/firesat/programs/earth-science/projects/firesat/workpackages/06/systems/spc/masses#PropellantMassLimit'>
      <failure>
        declared in
        http://opencaesar.io/examples/firesat/programs/earth-science/projects/firesat/bundle/individuals.
      </failure>
    </testcase>
    <testcase name='http://opencaesar.io/examples/firesat/programs/earth-science/projects/firesat/workpackages/06/systems/spc/masses#PropellantMassLimitMagnitude'>
      <failure>
        declared in
        http://opencaesar.io/examples/firesat/programs/earth-science/projects/firesat/bundle/individuals.
      </failure>
    </testcase>
    <testcase name='http://opencaesar.io/examples/firesat/programs/earth-science/projects/firesat/workpackages/06/systems/spc/masses#SpacecraftSystemSegmentCBEMass'>
      <failure>
        declared in
        http://opencaesar.io/examples/firesat/programs/earth-science/projects/firesat/bundle/individuals.
      </failure>
    </testcase>
    <testcase name='http://opencaesar.io/examples/firesat/programs/earth-science/projects/firesat/workpackages/06/systems/spc/masses#SpacecraftSystemSegmentCBEMassMagnitude'>
      <failure>
        declared in
        http://opencaesar.io/examples/firesat/programs/earth-science/projects/firesat/bundle/individuals.
      </failure>
    </testcase>
    <testcase name='http://opencaesar.io/examples/firesat/programs/earth-science/projects/firesat/workpackages/06/systems/spc/requirements#AltitudeErrorForSpacecraftSystemSegment'>
      <failure>
        declared in
        http://opencaesar.io/examples/firesat/programs/earth-science/projects/firesat/bundle/individuals.
      </failure>
    </testcase>
    <testcase name='http://opencaesar.io/examples/firesat/programs/earth-science/projects/firesat/workpackages/06/systems/spc/requirements#AvailabilityForSpacecraftSystemSegment'>
      <failure>
        declared in
        http://opencaesar.io/examples/firesat/programs/earth-science/projects/firesat/bundle/individuals.
      </failure>
    </testcase>
    <testcase name='http://opencaesar.io/examples/firesat/programs/earth-science/projects/firesat/workpackages/06/systems/spc/requirements#FacilitiesForSpacecraftSystemSegment'>
      <failure>
        declared in
        http://opencaesar.io/examples/firesat/programs/earth-science/projects/firesat/bundle/individuals.
      </failure>
    </testcase>
    <testcase name='http://opencaesar.io/examples/firesat/programs/earth-science/projects/firesat/workpackages/06/systems/spc/requirements#FaultProtectionForSpacecraftSystemSegment'>
      <failure>
        declared in
        http://opencaesar.io/examples/firesat/programs/earth-science/projects/firesat/bundle/individuals.
      </failure>
    </testcase>
    <testcase name='http://opencaesar.io/examples/firesat/programs/earth-science/projects/firesat/workpackages/06/systems/spc/requirements#MaintainabilityForSpacecraftSystemSegment'>
      <failure>
        declared in
        http://opencaesar.io/examples/firesat/programs/earth-science/projects/firesat/bundle/individuals.
      </failure>
    </testcase>
    <testcase name='http://opencaesar.io/examples/firesat/programs/earth-science/projects/firesat/workpackages/06/systems/spc/requirements#ManufacturabilityForSpacecraftSystemSegment'>
      <failure>
        declared in
        http://opencaesar.io/examples/firesat/programs/earth-science/projects/firesat/bundle/individuals.
      </failure>
    </testcase>
    <testcase name='http://opencaesar.io/examples/firesat/programs/earth-science/projects/firesat/workpackages/06/systems/spc/requirements#MaturityOfNewTechnologiesForSpacecraftSystemSegment'>
      <failure>
        declared in
        http://opencaesar.io/examples/firesat/programs/earth-science/projects/firesat/bundle/individuals.
      </failure>
    </testcase>
    <testcase name='http://opencaesar.io/examples/firesat/programs/earth-science/projects/firesat/workpackages/06/systems/spc/requirements#MinimumElevationAngleForSpacecraftSystemSegmentPerformsDetectNewWildfires'>
      <failure>
        declared in
        http://opencaesar.io/examples/firesat/programs/earth-science/projects/firesat/bundle/individuals.
      </failure>
    </testcase>
    <testcase name='http://opencaesar.io/examples/firesat/programs/earth-science/projects/firesat/workpackages/06/systems/spc/requirements#MinimumElevationAngleForSpacecraftSystemSegmentPerformsMonitorExistingWildfires_24_7'>
      <failure>
        declared in
        http://opencaesar.io/examples/firesat/programs/earth-science/projects/firesat/bundle/individuals.
      </failure>
    </testcase>
    <testcase name='http://opencaesar.io/examples/firesat/programs/earth-science/projects/firesat/workpackages/06/systems/spc/requirements#NumberOfSatellitesForSpacecraftSystemSegment'>
      <failure>
        declared in
        http://opencaesar.io/examples/firesat/programs/earth-science/projects/firesat/bundle/individuals.
      </failure>
    </testcase>
    <testcase name='http://opencaesar.io/examples/firesat/programs/earth-science/projects/firesat/workpackages/06/systems/spc/requirements#OrbitInclinationForSpacecraftSystemSegmentPerformsDetectNewWildfires'>
      <failure>
        declared in
        http://opencaesar.io/examples/firesat/programs/earth-science/projects/firesat/bundle/individuals.
      </failure>
    </testcase>
    <testcase name='http://opencaesar.io/examples/firesat/programs/earth-science/projects/firesat/workpackages/06/systems/spc/requirements#OrbitInclinationForSpacecraftSystemSegmentPerformsMonitorExistingWildfires_24_7'>
      <failure>
        declared in
        http://opencaesar.io/examples/firesat/programs/earth-science/projects/firesat/bundle/individuals.
      </failure>
    </testcase>
    <testcase name='http://opencaesar.io/examples/firesat/programs/earth-science/projects/firesat/workpackages/06/systems/spc/requirements#PowerBudgetForSpacecraftSystemSegment'>
      <failure>
        declared in
        http://opencaesar.io/examples/firesat/programs/earth-science/projects/firesat/bundle/individuals.
      </failure>
    </testcase>
    <testcase name='http://opencaesar.io/examples/firesat/programs/earth-science/projects/firesat/workpackages/06/systems/spc/requirements#PrimeItemDefinitionForSpacecraftSystemSegment'>
      <failure>
        declared in
        http://opencaesar.io/examples/firesat/programs/earth-science/projects/firesat/bundle/individuals.
      </failure>
    </testcase>
    <testcase name='http://opencaesar.io/examples/firesat/programs/earth-science/projects/firesat/workpackages/06/systems/spc/requirements#QualificationOfHeritageFlightHardwareForSpacecraftSystemSegment'>
      <failure>
        declared in
        http://opencaesar.io/examples/firesat/programs/earth-science/projects/firesat/bundle/individuals.
      </failure>
    </testcase>
    <testcase name='http://opencaesar.io/examples/firesat/programs/earth-science/projects/firesat/workpackages/06/systems/spc/requirements#ReliabilityForSpacecraftSystemSegment'>
      <failure>
        declared in
        http://opencaesar.io/examples/firesat/programs/earth-science/projects/firesat/bundle/individuals.
      </failure>
    </testcase>
    <testcase name='http://opencaesar.io/examples/firesat/programs/earth-science/projects/firesat/workpackages/06/systems/spc/requirements#SecurityAndSafetyForSpacecraftSystemSegment'>
      <failure>
        declared in
        http://opencaesar.io/examples/firesat/programs/earth-science/projects/firesat/bundle/individuals.
      </failure>
    </testcase>
    <testcase name='http://opencaesar.io/examples/firesat/programs/earth-science/projects/firesat/workpackages/06/systems/spc/requirements#SpaceEnvironmentEffectsOnMaterialSelectionForSpacecraftSystemSegment'>
      <failure>
        declared in
        http://opencaesar.io/examples/firesat/programs/earth-science/projects/firesat/bundle/individuals.
      </failure>
    </testcase>
    <testcase name='http://opencaesar.io/examples/firesat/programs/earth-science/projects/firesat/workpackages/06/systems/spc/requirements#SpaceVehicleMassForSpacecraftSystemSegment'>
      <failure>
        declared in
        http://opencaesar.io/examples/firesat/programs/earth-science/projects/firesat/bundle/individuals.
      </failure>
    </testcase>
    <testcase name='http://opencaesar.io/examples/firesat/programs/earth-science/projects/firesat/workpackages/06/systems/spc/requirements#SpaceVehicleNaturalFrequencyForSpacecraftSystemSegment'>
      <failure>
        declared in
        http://opencaesar.io/examples/firesat/programs/earth-science/projects/firesat/bundle/individuals.
      </failure>
    </testcase>
    <testcase name='http://opencaesar.io/examples/firesat/programs/earth-science/projects/firesat/workpackages/06/systems/spc/requirements#StandardSampleForSpacecraftSystemSegment'>
      <failure>
        declared in
        http://opencaesar.io/examples/firesat/programs/earth-science/projects/firesat/bundle/individuals.
      </failure>
    </testcase>
    <testcase name='http://opencaesar.io/examples/firesat/programs/earth-science/projects/firesat/workpackages/06/systems/spc/requirements#StructuralQualificationForSpacecraftSystemSegment'>
      <failure>
        declared in
        http://opencaesar.io/examples/firesat/programs/earth-science/projects/firesat/bundle/individuals.
      </failure>
    </testcase>
    <testcase name='http://opencaesar.io/examples/firesat/programs/earth-science/projects/firesat/workpackages/06/systems/spc/requirements#SupplyForSpacecraftSystemSegment'>
      <failure>
        declared in
        http://opencaesar.io/examples/firesat/programs/earth-science/projects/firesat/bundle/individuals.
      </failure>
    </testcase>
    <testcase name='http://opencaesar.io/examples/firesat/programs/earth-science/projects/firesat/workpackages/06/systems/spc/requirements#TimeErrorForSpacecraftSystemSegment'>
      <failure>
        declared in
        http://opencaesar.io/examples/firesat/programs/earth-science/projects/firesat/bundle/individuals.
      </failure>
    </testcase>
    <testcase name='http://opencaesar.io/examples/firesat/programs/earth-science/projects/firesat/workpackages/06/systems/spc/requirements#TrainingAndPersonelForSpacecraftSystemSegment'>
      <failure>
        declared in
        http://opencaesar.io/examples/firesat/programs/earth-science/projects/firesat/bundle/individuals.
      </failure>
    </testcase>
    <testcase name='http://opencaesar.io/examples/firesat/programs/earth-science/projects/firesat/workpackages/06/systems/spc/requirements#TransportationForSpacecraftSystemSegment'>
      <failure>
        declared in
        http://opencaesar.io/examples/firesat/programs/earth-science/projects/firesat/bundle/individuals.
      </failure>
    </testcase>
    <testcase name='http://opencaesar.io/examples/firesat/programs/earth-science/projects/firesat/workpackages/06/systems/spc/signals#3000To5000Power'>
      <failure>
        declared in
        http://opencaesar.io/examples/firesat/programs/earth-science/projects/firesat/bundle/individuals.
      </failure>
    </testcase>
    <testcase name='http://opencaesar.io/examples/firesat/programs/earth-science/projects/firesat/workpackages/06/systems/spc/signals#5000To2000Power'>
      <failure>
        declared in
        http://opencaesar.io/examples/firesat/programs/earth-science/projects/firesat/bundle/individuals.
      </failure>
    </testcase>
    <testcase name='http://opencaesar.io/examples/firesat/programs/earth-science/projects/firesat/workpackages/06/systems/spc/signals#5000To3000Power'>
      <failure>
        declared in
        http://opencaesar.io/examples/firesat/programs/earth-science/projects/firesat/bundle/individuals.
      </failure>
    </testcase>
    <testcase name='http://opencaesar.io/examples/firesat/programs/earth-science/projects/firesat/workpackages/06/systems/spc/signals#5000To4000Power'>
      <failure>
        declared in
        http://opencaesar.io/examples/firesat/programs/earth-science/projects/firesat/bundle/individuals.
      </failure>
    </testcase>
    <testcase name='http://opencaesar.io/examples/firesat/programs/earth-science/projects/firesat/workpackages/06/systems/spc/signals#5000To6000Power'>
      <failure>
        declared in
        http://opencaesar.io/examples/firesat/programs/earth-science/projects/firesat/bundle/individuals.
      </failure>
    </testcase>
    <testcase name='http://opencaesar.io/examples/firesat/programs/earth-science/projects/firesat/workpackages/06/systems/spc/signals#5000To7000Power'>
      <failure>
        declared in
        http://opencaesar.io/examples/firesat/programs/earth-science/projects/firesat/bundle/individuals.
      </failure>
    </testcase>
    <testcase name='http://opencaesar.io/examples/firesat/programs/earth-science/projects/firesat/workpackages/06/systems/spc/subsystems/ang/ang#ADCSAndGNC'>
      <failure>
        declared in
        http://opencaesar.io/examples/firesat/programs/earth-science/projects/firesat/bundle/individuals.
      </failure>
    </testcase>
    <testcase name='http://opencaesar.io/examples/firesat/programs/earth-science/projects/firesat/workpackages/06/systems/spc/subsystems/ang/masses#ADCSAndGNCMassLimit'>
      <failure>
        declared in
        http://opencaesar.io/examples/firesat/programs/earth-science/projects/firesat/bundle/individuals.
      </failure>
    </testcase>
    <testcase name='http://opencaesar.io/examples/firesat/programs/earth-science/projects/firesat/workpackages/06/systems/spc/subsystems/ang/masses#ADCSAndGNCMassLimitMagnitude'>
      <failure>
        declared in
        http://opencaesar.io/examples/firesat/programs/earth-science/projects/firesat/bundle/individuals.
      </failure>
    </testcase>
    <testcase name='http://opencaesar.io/examples/firesat/programs/earth-science/projects/firesat/workpackages/06/systems/spc/subsystems/cdh/cdh#CommandAndDataHandling'>
      <failure>
        declared in
        http://opencaesar.io/examples/firesat/programs/earth-science/projects/firesat/bundle/individuals.
      </failure>
    </testcase>
    <testcase name='http://opencaesar.io/examples/firesat/programs/earth-science/projects/firesat/workpackages/06/systems/spc/subsystems/cdh/masses#CommandAndDataHandlingMassLimit'>
      <failure>
        declared in
        http://opencaesar.io/examples/firesat/programs/earth-science/projects/firesat/bundle/individuals.
      </failure>
    </testcase>
    <testcase name='http://opencaesar.io/examples/firesat/programs/earth-science/projects/firesat/workpackages/06/systems/spc/subsystems/cdh/masses#CommandAndDataHandlingMassLimitMagnitude'>
      <failure>
        declared in
        http://opencaesar.io/examples/firesat/programs/earth-science/projects/firesat/bundle/individuals.
      </failure>
    </testcase>
    <testcase name='http://opencaesar.io/examples/firesat/programs/earth-science/projects/firesat/workpackages/06/systems/spc/subsystems/cmn/cmn#Communications'>
      <failure>
        declared in
        http://opencaesar.io/examples/firesat/programs/earth-science/projects/firesat/bundle/individuals.
      </failure>
    </testcase>
    <testcase name='http://opencaesar.io/examples/firesat/programs/earth-science/projects/firesat/workpackages/06/systems/spc/subsystems/cmn/masses#CommunicationsMassLimit'>
      <failure>
        declared in
        http://opencaesar.io/examples/firesat/programs/earth-science/projects/firesat/bundle/individuals.
      </failure>
    </testcase>
    <testcase name='http://opencaesar.io/examples/firesat/programs/earth-science/projects/firesat/workpackages/06/systems/spc/subsystems/cmn/masses#CommunicationsMassLimitMagnitude'>
      <failure>
        declared in
        http://opencaesar.io/examples/firesat/programs/earth-science/projects/firesat/bundle/individuals.
      </failure>
    </testcase>
    <testcase name='http://opencaesar.io/examples/firesat/programs/earth-science/projects/firesat/workpackages/06/systems/spc/subsystems/eps/eps#ElectricPowerSystem'>
      <failure>
        declared in
        http://opencaesar.io/examples/firesat/programs/earth-science/projects/firesat/bundle/individuals.
      </failure>
    </testcase>
    <testcase name='http://opencaesar.io/examples/firesat/programs/earth-science/projects/firesat/workpackages/06/systems/spc/subsystems/eps/masses#EPSMassLimit'>
      <failure>
        declared in
        http://opencaesar.io/examples/firesat/programs/earth-science/projects/firesat/bundle/individuals.
      </failure>
    </testcase>
    <testcase name='http://opencaesar.io/examples/firesat/programs/earth-science/projects/firesat/workpackages/06/systems/spc/subsystems/eps/masses#EPSMassLimitMagnitude'>
      <failure>
        declared in
        http://opencaesar.io/examples/firesat/programs/earth-science/projects/firesat/bundle/individuals.
      </failure>
    </testcase>
    <testcase name='http://opencaesar.io/examples/firesat/programs/earth-science/projects/firesat/workpackages/06/systems/spc/subsystems/prp/masses#PropulsionMassLimit'>
      <failure>
        declared in
        http://opencaesar.io/examples/firesat/programs/earth-science/projects/firesat/bundle/individuals.
      </failure>
    </testcase>
    <testcase name='http://opencaesar.io/examples/firesat/programs/earth-science/projects/firesat/workpackages/06/systems/spc/subsystems/prp/masses#PropulsionMassLimitMagnitude'>
      <failure>
        declared in
        http://opencaesar.io/examples/firesat/programs/earth-science/projects/firesat/bundle/individuals.
      </failure>
    </testcase>
    <testcase name='http://opencaesar.io/examples/firesat/programs/earth-science/projects/firesat/workpackages/06/systems/spc/subsystems/prp/prp#Propulsion'>
      <failure>
        declared in
        http://opencaesar.io/examples/firesat/programs/earth-science/projects/firesat/bundle/individuals.
      </failure>
    </testcase>
    <testcase name='http://opencaesar.io/examples/firesat/programs/earth-science/projects/firesat/workpackages/06/systems/spc/subsystems/sam/masses#StructuresAndMechanismsMassLimit'>
      <failure>
        declared in
        http://opencaesar.io/examples/firesat/programs/earth-science/projects/firesat/bundle/individuals.
      </failure>
    </testcase>
    <testcase name='http://opencaesar.io/examples/firesat/programs/earth-science/projects/firesat/workpackages/06/systems/spc/subsystems/sam/masses#StructuresAndMechanismsMassLimitMagnitude'>
      <failure>
        declared in
        http://opencaesar.io/examples/firesat/programs/earth-science/projects/firesat/bundle/individuals.
      </failure>
    </testcase>
    <testcase name='http://opencaesar.io/examples/firesat/programs/earth-science/projects/firesat/workpackages/06/systems/spc/subsystems/sam/sam#StructuresAndMechanisms'>
      <failure>
        declared in
        http://opencaesar.io/examples/firesat/programs/earth-science/projects/firesat/bundle/individuals.
      </failure>
    </testcase>
    <testcase name='http://opencaesar.io/examples/firesat/programs/earth-science/projects/firesat/workpackages/06/systems/spc/subsystems/thc/masses#ThermalControlMassLimit'>
      <failure>
        declared in
        http://opencaesar.io/examples/firesat/programs/earth-science/projects/firesat/bundle/individuals.
      </failure>
    </testcase>
    <testcase name='http://opencaesar.io/examples/firesat/programs/earth-science/projects/firesat/workpackages/06/systems/spc/subsystems/thc/masses#ThermalControlMassLimitMagnitude'>
      <failure>
        declared in
        http://opencaesar.io/examples/firesat/programs/earth-science/projects/firesat/bundle/individuals.
      </failure>
    </testcase>
    <testcase name='http://opencaesar.io/examples/firesat/programs/earth-science/projects/firesat/workpackages/06/systems/spc/subsystems/thc/thc#ThermalControl'>
      <failure>
        declared in
        http://opencaesar.io/examples/firesat/programs/earth-science/projects/firesat/bundle/individuals.
      </failure>
    </testcase>
    <testcase name='http://opencaesar.io/examples/firesat/programs/earth-science/projects/firesat/workpackages/06/wp06#WP06.04'>
      <failure>
        declared in
        http://opencaesar.io/examples/firesat/programs/earth-science/projects/firesat/bundle/individuals.
      </failure>
    </testcase>
    <testcase name='http://opencaesar.io/examples/firesat/programs/earth-science/projects/firesat/workpackages/06/wp06#WP06.05'>
      <failure>
        declared in
        http://opencaesar.io/examples/firesat/programs/earth-science/projects/firesat/bundle/individuals.
      </failure>
    </testcase>
    <testcase name='http://opencaesar.io/examples/firesat/programs/earth-science/projects/firesat/workpackages/06/wp06#WP06.06'>
      <failure>
        declared in
        http://opencaesar.io/examples/firesat/programs/earth-science/projects/firesat/bundle/individuals.
      </failure>
    </testcase>
    <testcase name='http://opencaesar.io/examples/firesat/programs/earth-science/projects/firesat/workpackages/06/wp06#WP06.07'>
      <failure>
        declared in
        http://opencaesar.io/examples/firesat/programs/earth-science/projects/firesat/bundle/individuals.
      </failure>
    </testcase>
    <testcase name='http://opencaesar.io/examples/firesat/programs/earth-science/projects/firesat/workpackages/06/wp06#WP06.08'>
      <failure>
        declared in
        http://opencaesar.io/examples/firesat/programs/earth-science/projects/firesat/bundle/individuals.
      </failure>
    </testcase>
    <testcase name='http://opencaesar.io/examples/firesat/programs/earth-science/projects/firesat/workpackages/06/wp06#WP06.09'>
      <failure>
        declared in
        http://opencaesar.io/examples/firesat/programs/earth-science/projects/firesat/bundle/individuals.
      </failure>
    </testcase>
    <testcase name='http://opencaesar.io/examples/firesat/programs/earth-science/projects/firesat/workpackages/06/wp06#WP06.10'>
      <failure>
        declared in
        http://opencaesar.io/examples/firesat/programs/earth-science/projects/firesat/bundle/individuals.
      </failure>
    </testcase>
    <testcase name='http://opencaesar.io/oml#Aspect'>
      <failure>
        declared in
        http://opencaesar.io/examples/firesat/programs/earth-science/projects/firesat/bundle/individuals.
      </failure>
    </testcase>
    <testcase name='http://opencaesar.io/oml#Concept'>
      <failure>
        declared in
        http://opencaesar.io/examples/firesat/programs/earth-science/projects/firesat/bundle/individuals.
      </failure>
    </testcase>
    <testcase name='http://opencaesar.io/oml#RelationEntity'>
      <failure>
        declared in
        http://opencaesar.io/examples/firesat/programs/earth-science/projects/firesat/bundle/individuals.
      </failure>
    </testcase>
    <testcase name='http://opencaesar.io/oml#forwardRelation'>
      <failure>
        declared in
        http://opencaesar.io/examples/firesat/programs/earth-science/projects/firesat/bundle/individuals.
      </failure>
    </testcase>
    <testcase name='http://opencaesar.io/oml#reverseRelation'>
      <failure>
        declared in
        http://opencaesar.io/examples/firesat/programs/earth-science/projects/firesat/bundle/individuals.
      </failure>
    </testcase>
    <testcase name='http://opencaesar.io/oml#scalarProperty'>
      <failure>
        declared in
        http://opencaesar.io/examples/firesat/programs/earth-science/projects/firesat/bundle/individuals.
      </failure>
    </testcase>
    <testcase name='http://opencaesar.io/oml#sourceRelation'>
      <failure>
        declared in
        http://opencaesar.io/examples/firesat/programs/earth-science/projects/firesat/bundle/individuals.
      </failure>
    </testcase>
    <testcase name='http://opencaesar.io/oml#targetRelation'>
      <failure>
        declared in
        http://opencaesar.io/examples/firesat/programs/earth-science/projects/firesat/bundle/individuals.
      </failure>
    </testcase>
    <testcase name='owl:Nothing'>
      <failure>
        declared in
        http://opencaesar.io/examples/firesat/programs/earth-science/projects/firesat/bundle/individuals.
      </failure>
    </testcase>
    <testcase name='owl:Thing'>
      <failure>
        declared in
        http://opencaesar.io/examples/firesat/programs/earth-science/projects/firesat/bundle/individuals.
      </failure>
    </testcase>
    <testcase name='owl:sameAs'>
      <failure>
        declared in
        http://opencaesar.io/examples/firesat/programs/earth-science/projects/firesat/bundle/individuals.
      </failure>
    </testcase>
    <testcase name='owl:topDataProperty'>
      <failure>
        declared in
        http://opencaesar.io/examples/firesat/programs/earth-science/projects/firesat/bundle/individuals.
      </failure>
    </testcase>
    <testcase name='owl:topObjectProperty'>
      <failure>
        declared in
        http://opencaesar.io/examples/firesat/programs/earth-science/projects/firesat/bundle/individuals.
      </failure>
    </testcase>
    <testcase name='http://imce.jpl.nasa.gov/discipline/fse/assemblies#BaseAssembly'>
      <failure>
        declared in
        http://opencaesar.io/examples/firesat/programs/earth-science/projects/firesat/bundle/properties.
      </failure>
    </testcase>
    <testcase name='http://imce.jpl.nasa.gov/discipline/fse/endcircuits#Power'>
      <failure>
        declared in
        http://opencaesar.io/examples/firesat/programs/earth-science/projects/firesat/bundle/properties.
      </failure>
    </testcase>
    <testcase name='http://imce.jpl.nasa.gov/discipline/fse/endcircuits#PowerIn'>
      <failure>
        declared in
        http://opencaesar.io/examples/firesat/programs/earth-science/projects/firesat/bundle/properties.
      </failure>
    </testcase>
    <testcase name='http://imce.jpl.nasa.gov/discipline/fse/endcircuits#PowerOut'>
      <failure>
        declared in
        http://opencaesar.io/examples/firesat/programs/earth-science/projects/firesat/bundle/properties.
      </failure>
    </testcase>
    <testcase name='http://imce.jpl.nasa.gov/discipline/fse/endcircuits#UnidirectionalPower'>
      <failure>
        declared in
        http://opencaesar.io/examples/firesat/programs/earth-science/projects/firesat/bundle/properties.
      </failure>
    </testcase>
    <testcase name='http://imce.jpl.nasa.gov/discipline/fse/fse#Assembly'>
      <failure>
        declared in
        http://opencaesar.io/examples/firesat/programs/earth-science/projects/firesat/bundle/properties.
      </failure>
    </testcase>
    <testcase name='http://imce.jpl.nasa.gov/discipline/fse/fse#CBEMagnitude'>
      <failure>
        declared in
        http://opencaesar.io/examples/firesat/programs/earth-science/projects/firesat/bundle/properties.
      </failure>
    </testcase>
    <testcase name='http://imce.jpl.nasa.gov/discipline/fse/fse#CBEMass'>
      <failure>
        declared in
        http://opencaesar.io/examples/firesat/programs/earth-science/projects/firesat/bundle/properties.
      </failure>
    </testcase>
    <testcase name='http://imce.jpl.nasa.gov/discipline/fse/fse#ConnectsAssembly'>
      <failure>
        declared in
        http://opencaesar.io/examples/firesat/programs/earth-science/projects/firesat/bundle/properties.
      </failure>
    </testcase>
    <testcase name='http://imce.jpl.nasa.gov/discipline/fse/fse#ConnectsAssembly1'>
      <failure>
        declared in
        http://opencaesar.io/examples/firesat/programs/earth-science/projects/firesat/bundle/properties.
      </failure>
    </testcase>
    <testcase name='http://imce.jpl.nasa.gov/discipline/fse/fse#ConnectsAssembly2'>
      <failure>
        declared in
        http://opencaesar.io/examples/firesat/programs/earth-science/projects/firesat/bundle/properties.
      </failure>
    </testcase>
    <testcase name='http://imce.jpl.nasa.gov/discipline/fse/fse#ConsumableMass'>
      <failure>
        declared in
        http://opencaesar.io/examples/firesat/programs/earth-science/projects/firesat/bundle/properties.
      </failure>
    </testcase>
    <testcase name='http://imce.jpl.nasa.gov/discipline/fse/fse#EndCircuit'>
      <failure>
        declared in
        http://opencaesar.io/examples/firesat/programs/earth-science/projects/firesat/bundle/properties.
      </failure>
    </testcase>
    <testcase name='http://imce.jpl.nasa.gov/discipline/fse/fse#EndCircuitPresentingElement'>
      <failure>
        declared in
        http://opencaesar.io/examples/firesat/programs/earth-science/projects/firesat/bundle/properties.
      </failure>
    </testcase>
    <testcase name='http://imce.jpl.nasa.gov/discipline/fse/fse#FlightHardwareComponent'>
      <failure>
        declared in
        http://opencaesar.io/examples/firesat/programs/earth-science/projects/firesat/bundle/properties.
      </failure>
    </testcase>
    <testcase name='http://imce.jpl.nasa.gov/discipline/fse/fse#Function'>
      <failure>
        declared in
        http://opencaesar.io/examples/firesat/programs/earth-science/projects/firesat/bundle/properties.
      </failure>
    </testcase>
    <testcase name='http://imce.jpl.nasa.gov/discipline/fse/fse#MEVMagnitue'>
      <failure>
        declared in
        http://opencaesar.io/examples/firesat/programs/earth-science/projects/firesat/bundle/properties.
      </failure>
    </testcase>
    <testcase name='http://imce.jpl.nasa.gov/discipline/fse/fse#MEVMass'>
      <failure>
        declared in
        http://opencaesar.io/examples/firesat/programs/earth-science/projects/firesat/bundle/properties.
      </failure>
    </testcase>
    <testcase name='http://imce.jpl.nasa.gov/discipline/fse/fse#MGAMagnitude'>
      <failure>
        declared in
        http://opencaesar.io/examples/firesat/programs/earth-science/projects/firesat/bundle/properties.
      </failure>
    </testcase>
    <testcase name='http://imce.jpl.nasa.gov/discipline/fse/fse#MGAMass'>
      <failure>
        declared in
        http://opencaesar.io/examples/firesat/programs/earth-science/projects/firesat/bundle/properties.
      </failure>
    </testcase>
    <testcase name='http://imce.jpl.nasa.gov/discipline/fse/fse#MassAllocatedElement'>
      <failure>
        declared in
        http://opencaesar.io/examples/firesat/programs/earth-science/projects/firesat/bundle/properties.
      </failure>
    </testcase>
    <testcase name='http://imce.jpl.nasa.gov/discipline/fse/fse#MassAllocation'>
      <failure>
        declared in
        http://opencaesar.io/examples/firesat/programs/earth-science/projects/firesat/bundle/properties.
      </failure>
    </testcase>
    <testcase name='http://imce.jpl.nasa.gov/discipline/fse/fse#MassAllocationMagnitude'>
      <failure>
        declared in
        http://opencaesar.io/examples/firesat/programs/earth-science/projects/firesat/bundle/properties.
      </failure>
    </testcase>
    <testcase name='http://imce.jpl.nasa.gov/discipline/fse/fse#MassConstrainedElement'>
      <failure>
        declared in
        http://opencaesar.io/examples/firesat/programs/earth-science/projects/firesat/bundle/properties.
      </failure>
    </testcase>
    <testcase name='http://imce.jpl.nasa.gov/discipline/fse/fse#MassEstimate'>
      <failure>
        declared in
        http://opencaesar.io/examples/firesat/programs/earth-science/projects/firesat/bundle/properties.
      </failure>
    </testcase>
    <testcase name='http://imce.jpl.nasa.gov/discipline/fse/fse#MassEstimateMagnitude'>
      <failure>
        declared in
        http://opencaesar.io/examples/firesat/programs/earth-science/projects/firesat/bundle/properties.
      </failure>
    </testcase>
    <testcase name='http://imce.jpl.nasa.gov/discipline/fse/fse#MassEstimatedElement'>
      <failure>
        declared in
        http://opencaesar.io/examples/firesat/programs/earth-science/projects/firesat/bundle/properties.
      </failure>
    </testcase>
    <testcase name='http://imce.jpl.nasa.gov/discipline/fse/fse#MassLimit'>
      <failure>
        declared in
        http://opencaesar.io/examples/firesat/programs/earth-science/projects/firesat/bundle/properties.
      </failure>
    </testcase>
    <testcase name='http://imce.jpl.nasa.gov/discipline/fse/fse#MassLimitMagnitude'>
      <failure>
        declared in
        http://opencaesar.io/examples/firesat/programs/earth-science/projects/firesat/bundle/properties.
      </failure>
    </testcase>
    <testcase name='http://imce.jpl.nasa.gov/discipline/fse/fse#MassProxy'>
      <failure>
        declared in
        http://opencaesar.io/examples/firesat/programs/earth-science/projects/firesat/bundle/properties.
      </failure>
    </testcase>
    <testcase name='http://imce.jpl.nasa.gov/discipline/fse/fse#ReferenceDesignatedElement'>
      <failure>
        declared in
        http://opencaesar.io/examples/firesat/programs/earth-science/projects/firesat/bundle/properties.
      </failure>
    </testcase>
    <testcase name='http://imce.jpl.nasa.gov/discipline/fse/fse#Subsystem'>
      <failure>
        declared in
        http://opencaesar.io/examples/firesat/programs/earth-science/projects/firesat/bundle/properties.
      </failure>
    </testcase>
    <testcase name='http://imce.jpl.nasa.gov/discipline/fse/fse#connectsAssembly'>
      <failure>
        declared in
        http://opencaesar.io/examples/firesat/programs/earth-science/projects/firesat/bundle/properties.
      </failure>
    </testcase>
    <testcase name='http://imce.jpl.nasa.gov/discipline/fse/fse#connectsAssembly1'>
      <failure>
        declared in
        http://opencaesar.io/examples/firesat/programs/earth-science/projects/firesat/bundle/properties.
      </failure>
    </testcase>
    <testcase name='http://imce.jpl.nasa.gov/discipline/fse/fse#connectsAssembly2'>
      <failure>
        declared in
        http://opencaesar.io/examples/firesat/programs/earth-science/projects/firesat/bundle/properties.
      </failure>
    </testcase>
    <testcase name='http://imce.jpl.nasa.gov/discipline/fse/fse#hasAcronym'>
      <failure>
        declared in
        http://opencaesar.io/examples/firesat/programs/earth-science/projects/firesat/bundle/properties.
      </failure>
    </testcase>
    <testcase name='http://imce.jpl.nasa.gov/discipline/fse/fse#hasConnectsAssembly1Source'>
      <failure>
        declared in
        http://opencaesar.io/examples/firesat/programs/earth-science/projects/firesat/bundle/properties.
      </failure>
    </testcase>
    <testcase name='http://imce.jpl.nasa.gov/discipline/fse/fse#hasConnectsAssembly1Target'>
      <failure>
        declared in
        http://opencaesar.io/examples/firesat/programs/earth-science/projects/firesat/bundle/properties.
      </failure>
    </testcase>
    <testcase name='http://imce.jpl.nasa.gov/discipline/fse/fse#hasConnectsAssembly2Source'>
      <failure>
        declared in
        http://opencaesar.io/examples/firesat/programs/earth-science/projects/firesat/bundle/properties.
      </failure>
    </testcase>
    <testcase name='http://imce.jpl.nasa.gov/discipline/fse/fse#hasConnectsAssembly2Target'>
      <failure>
        declared in
        http://opencaesar.io/examples/firesat/programs/earth-science/projects/firesat/bundle/properties.
      </failure>
    </testcase>
    <testcase name='http://imce.jpl.nasa.gov/discipline/fse/fse#hasConnectsAssemblySource'>
      <failure>
        declared in
        http://opencaesar.io/examples/firesat/programs/earth-science/projects/firesat/bundle/properties.
      </failure>
    </testcase>
    <testcase name='http://imce.jpl.nasa.gov/discipline/fse/fse#hasConnectsAssemblyTarget'>
      <failure>
        declared in
        http://opencaesar.io/examples/firesat/programs/earth-science/projects/firesat/bundle/properties.
      </failure>
    </testcase>
    <testcase name='http://imce.jpl.nasa.gov/discipline/fse/fse#hasEndCircuitDirection'>
      <failure>
        declared in
        http://opencaesar.io/examples/firesat/programs/earth-science/projects/firesat/bundle/properties.
      </failure>
    </testcase>
    <testcase name='http://imce.jpl.nasa.gov/discipline/fse/fse#hasEndCircuitIdentifier'>
      <failure>
        declared in
        http://opencaesar.io/examples/firesat/programs/earth-science/projects/firesat/bundle/properties.
      </failure>
    </testcase>
    <testcase name='http://imce.jpl.nasa.gov/discipline/fse/fse#hasFunctionDirection'>
      <failure>
        declared in
        http://opencaesar.io/examples/firesat/programs/earth-science/projects/firesat/bundle/properties.
      </failure>
    </testcase>
    <testcase name='http://imce.jpl.nasa.gov/discipline/fse/fse#hasFunctionNumber'>
      <failure>
        declared in
        http://opencaesar.io/examples/firesat/programs/earth-science/projects/firesat/bundle/properties.
      </failure>
    </testcase>
    <testcase name='http://imce.jpl.nasa.gov/discipline/fse/fse#hasMultiplicity'>
      <failure>
        declared in
        http://opencaesar.io/examples/firesat/programs/earth-science/projects/firesat/bundle/properties.
      </failure>
    </testcase>
    <testcase name='http://imce.jpl.nasa.gov/discipline/fse/fse#hasReferenceDesignator'>
      <failure>
        declared in
        http://opencaesar.io/examples/firesat/programs/earth-science/projects/firesat/bundle/properties.
      </failure>
    </testcase>
    <testcase name='http://imce.jpl.nasa.gov/discipline/fse/functions#BaseFunction'>
      <failure>
        declared in
        http://opencaesar.io/examples/firesat/programs/earth-science/projects/firesat/bundle/properties.
      </failure>
    </testcase>
    <testcase name='http://imce.jpl.nasa.gov/discipline/fse/functions#Power'>
      <failure>
        declared in
        http://opencaesar.io/examples/firesat/programs/earth-science/projects/firesat/bundle/properties.
      </failure>
    </testcase>
    <testcase name='http://imce.jpl.nasa.gov/discipline/fse/functions#UnidirectionalPower'>
      <failure>
        declared in
        http://opencaesar.io/examples/firesat/programs/earth-science/projects/firesat/bundle/properties.
      </failure>
    </testcase>
    <testcase name='http://imce.jpl.nasa.gov/foundation/analysis#Analysis'>
      <failure>
        declared in
        http://opencaesar.io/examples/firesat/programs/earth-science/projects/firesat/bundle/properties.
      </failure>
    </testcase>
    <testcase name='http://imce.jpl.nasa.gov/foundation/analysis#AnalyzedElement'>
      <failure>
        declared in
        http://opencaesar.io/examples/firesat/programs/earth-science/projects/firesat/bundle/properties.
      </failure>
    </testcase>
    <testcase name='http://imce.jpl.nasa.gov/foundation/analysis#Analyzes'>
      <failure>
        declared in
        http://opencaesar.io/examples/firesat/programs/earth-science/projects/firesat/bundle/properties.
      </failure>
    </testcase>
    <testcase name='http://imce.jpl.nasa.gov/foundation/analysis#Assumption'>
      <failure>
        declared in
        http://opencaesar.io/examples/firesat/programs/earth-science/projects/firesat/bundle/properties.
      </failure>
    </testcase>
    <testcase name='http://imce.jpl.nasa.gov/foundation/analysis#Characterization'>
      <failure>
        declared in
        http://opencaesar.io/examples/firesat/programs/earth-science/projects/firesat/bundle/properties.
      </failure>
    </testcase>
    <testcase name='http://imce.jpl.nasa.gov/foundation/analysis#CharacterizedElement'>
      <failure>
        declared in
        http://opencaesar.io/examples/firesat/programs/earth-science/projects/firesat/bundle/properties.
      </failure>
    </testcase>
    <testcase name='http://imce.jpl.nasa.gov/foundation/analysis#Characterizes'>
      <failure>
        declared in
        http://opencaesar.io/examples/firesat/programs/earth-science/projects/firesat/bundle/properties.
      </failure>
    </testcase>
    <testcase name='http://imce.jpl.nasa.gov/foundation/analysis#ConstrainedElement'>
      <failure>
        declared in
        http://opencaesar.io/examples/firesat/programs/earth-science/projects/firesat/bundle/properties.
      </failure>
    </testcase>
    <testcase name='http://imce.jpl.nasa.gov/foundation/analysis#Constrains'>
      <failure>
        declared in
        http://opencaesar.io/examples/firesat/programs/earth-science/projects/firesat/bundle/properties.
      </failure>
    </testcase>
    <testcase name='http://imce.jpl.nasa.gov/foundation/analysis#Constraint'>
      <failure>
        declared in
        http://opencaesar.io/examples/firesat/programs/earth-science/projects/firesat/bundle/properties.
      </failure>
    </testcase>
    <testcase name='http://imce.jpl.nasa.gov/foundation/analysis#Criterion'>
      <failure>
        declared in
        http://opencaesar.io/examples/firesat/programs/earth-science/projects/firesat/bundle/properties.
      </failure>
    </testcase>
    <testcase name='http://imce.jpl.nasa.gov/foundation/analysis#DrivingRequirementsAnalysis'>
      <failure>
        declared in
        http://opencaesar.io/examples/firesat/programs/earth-science/projects/firesat/bundle/properties.
      </failure>
    </testcase>
    <testcase name='http://imce.jpl.nasa.gov/foundation/analysis#DrivingRequirementsExplanation'>
      <failure>
        declared in
        http://opencaesar.io/examples/firesat/programs/earth-science/projects/firesat/bundle/properties.
      </failure>
    </testcase>
    <testcase name='http://imce.jpl.nasa.gov/foundation/analysis#Explains'>
      <failure>
        declared in
        http://opencaesar.io/examples/firesat/programs/earth-science/projects/firesat/bundle/properties.
      </failure>
    </testcase>
    <testcase name='http://imce.jpl.nasa.gov/foundation/analysis#Explanation'>
      <failure>
        declared in
        http://opencaesar.io/examples/firesat/programs/earth-science/projects/firesat/bundle/properties.
      </failure>
    </testcase>
    <testcase name='http://imce.jpl.nasa.gov/foundation/analysis#Fact'>
      <failure>
        declared in
        http://opencaesar.io/examples/firesat/programs/earth-science/projects/firesat/bundle/properties.
      </failure>
    </testcase>
    <testcase name='http://imce.jpl.nasa.gov/foundation/analysis#GlossaryEntry'>
      <failure>
        declared in
        http://opencaesar.io/examples/firesat/programs/earth-science/projects/firesat/bundle/properties.
      </failure>
    </testcase>
    <testcase name='http://imce.jpl.nasa.gov/foundation/analysis#KeyRequirementsAnalysis'>
      <failure>
        declared in
        http://opencaesar.io/examples/firesat/programs/earth-science/projects/firesat/bundle/properties.
      </failure>
    </testcase>
    <testcase name='http://imce.jpl.nasa.gov/foundation/analysis#KeyRequirementsExplanation'>
      <failure>
        declared in
        http://opencaesar.io/examples/firesat/programs/earth-science/projects/firesat/bundle/properties.
      </failure>
    </testcase>
    <testcase name='http://imce.jpl.nasa.gov/foundation/analysis#Limits'>
      <failure>
        declared in
        http://opencaesar.io/examples/firesat/programs/earth-science/projects/firesat/bundle/properties.
      </failure>
    </testcase>
    <testcase name='http://imce.jpl.nasa.gov/foundation/analysis#TradeStudy'>
      <failure>
        declared in
        http://opencaesar.io/examples/firesat/programs/earth-science/projects/firesat/bundle/properties.
      </failure>
    </testcase>
    <testcase name='http://imce.jpl.nasa.gov/foundation/analysis#Validates'>
      <failure>
        declared in
        http://opencaesar.io/examples/firesat/programs/earth-science/projects/firesat/bundle/properties.
      </failure>
    </testcase>
    <testcase name='http://imce.jpl.nasa.gov/foundation/analysis#analyzes'>
      <failure>
        declared in
        http://opencaesar.io/examples/firesat/programs/earth-science/projects/firesat/bundle/properties.
      </failure>
    </testcase>
    <testcase name='http://imce.jpl.nasa.gov/foundation/analysis#characterizes'>
      <failure>
        declared in
        http://opencaesar.io/examples/firesat/programs/earth-science/projects/firesat/bundle/properties.
      </failure>
    </testcase>
    <testcase name='http://imce.jpl.nasa.gov/foundation/analysis#constrains'>
      <failure>
        declared in
        http://opencaesar.io/examples/firesat/programs/earth-science/projects/firesat/bundle/properties.
      </failure>
    </testcase>
    <testcase name='http://imce.jpl.nasa.gov/foundation/analysis#explains'>
      <failure>
        declared in
        http://opencaesar.io/examples/firesat/programs/earth-science/projects/firesat/bundle/properties.
      </failure>
    </testcase>
    <testcase name='http://imce.jpl.nasa.gov/foundation/analysis#hasAnalyzesSource'>
      <failure>
        declared in
        http://opencaesar.io/examples/firesat/programs/earth-science/projects/firesat/bundle/properties.
      </failure>
    </testcase>
    <testcase name='http://imce.jpl.nasa.gov/foundation/analysis#hasAnalyzesTarget'>
      <failure>
        declared in
        http://opencaesar.io/examples/firesat/programs/earth-science/projects/firesat/bundle/properties.
      </failure>
    </testcase>
    <testcase name='http://imce.jpl.nasa.gov/foundation/analysis#hasCharacterizesSource'>
      <failure>
        declared in
        http://opencaesar.io/examples/firesat/programs/earth-science/projects/firesat/bundle/properties.
      </failure>
    </testcase>
    <testcase name='http://imce.jpl.nasa.gov/foundation/analysis#hasCharacterizesTarget'>
      <failure>
        declared in
        http://opencaesar.io/examples/firesat/programs/earth-science/projects/firesat/bundle/properties.
      </failure>
    </testcase>
    <testcase name='http://imce.jpl.nasa.gov/foundation/analysis#hasConstrainsSource'>
      <failure>
        declared in
        http://opencaesar.io/examples/firesat/programs/earth-science/projects/firesat/bundle/properties.
      </failure>
    </testcase>
    <testcase name='http://imce.jpl.nasa.gov/foundation/analysis#hasConstrainsTarget'>
      <failure>
        declared in
        http://opencaesar.io/examples/firesat/programs/earth-science/projects/firesat/bundle/properties.
      </failure>
    </testcase>
    <testcase name='http://imce.jpl.nasa.gov/foundation/analysis#hasExplainsSource'>
      <failure>
        declared in
        http://opencaesar.io/examples/firesat/programs/earth-science/projects/firesat/bundle/properties.
      </failure>
    </testcase>
    <testcase name='http://imce.jpl.nasa.gov/foundation/analysis#hasExplainsTarget'>
      <failure>
        declared in
        http://opencaesar.io/examples/firesat/programs/earth-science/projects/firesat/bundle/properties.
      </failure>
    </testcase>
    <testcase name='http://imce.jpl.nasa.gov/foundation/analysis#hasGlossaryDefinition'>
      <failure>
        declared in
        http://opencaesar.io/examples/firesat/programs/earth-science/projects/firesat/bundle/properties.
      </failure>
    </testcase>
    <testcase name='http://imce.jpl.nasa.gov/foundation/analysis#hasGlossaryTerm'>
      <failure>
        declared in
        http://opencaesar.io/examples/firesat/programs/earth-science/projects/firesat/bundle/properties.
      </failure>
    </testcase>
    <testcase name='http://imce.jpl.nasa.gov/foundation/analysis#hasLimitsSource'>
      <failure>
        declared in
        http://opencaesar.io/examples/firesat/programs/earth-science/projects/firesat/bundle/properties.
      </failure>
    </testcase>
    <testcase name='http://imce.jpl.nasa.gov/foundation/analysis#hasLimitsTarget'>
      <failure>
        declared in
        http://opencaesar.io/examples/firesat/programs/earth-science/projects/firesat/bundle/properties.
      </failure>
    </testcase>
    <testcase name='http://imce.jpl.nasa.gov/foundation/analysis#hasValidatesSource'>
      <failure>
        declared in
        http://opencaesar.io/examples/firesat/programs/earth-science/projects/firesat/bundle/properties.
      </failure>
    </testcase>
    <testcase name='http://imce.jpl.nasa.gov/foundation/analysis#hasValidatesTarget'>
      <failure>
        declared in
        http://opencaesar.io/examples/firesat/programs/earth-science/projects/firesat/bundle/properties.
      </failure>
    </testcase>
    <testcase name='http://imce.jpl.nasa.gov/foundation/analysis#isAnalyzedBy'>
      <failure>
        declared in
        http://opencaesar.io/examples/firesat/programs/earth-science/projects/firesat/bundle/properties.
      </failure>
    </testcase>
    <testcase name='http://imce.jpl.nasa.gov/foundation/analysis#isCharacterizedBy'>
      <failure>
        declared in
        http://opencaesar.io/examples/firesat/programs/earth-science/projects/firesat/bundle/properties.
      </failure>
    </testcase>
    <testcase name='http://imce.jpl.nasa.gov/foundation/analysis#isExplainedBy'>
      <failure>
        declared in
        http://opencaesar.io/examples/firesat/programs/earth-science/projects/firesat/bundle/properties.
      </failure>
    </testcase>
    <testcase name='http://imce.jpl.nasa.gov/foundation/analysis#isLimitedBy'>
      <failure>
        declared in
        http://opencaesar.io/examples/firesat/programs/earth-science/projects/firesat/bundle/properties.
      </failure>
    </testcase>
    <testcase name='http://imce.jpl.nasa.gov/foundation/analysis#isValidatedBy'>
      <failure>
        declared in
        http://opencaesar.io/examples/firesat/programs/earth-science/projects/firesat/bundle/properties.
      </failure>
    </testcase>
    <testcase name='http://imce.jpl.nasa.gov/foundation/analysis#limits'>
      <failure>
        declared in
        http://opencaesar.io/examples/firesat/programs/earth-science/projects/firesat/bundle/properties.
      </failure>
    </testcase>
    <testcase name='http://imce.jpl.nasa.gov/foundation/analysis#validates'>
      <failure>
        declared in
        http://opencaesar.io/examples/firesat/programs/earth-science/projects/firesat/bundle/properties.
      </failure>
    </testcase>
    <testcase name='http://imce.jpl.nasa.gov/foundation/base#AggregatedElement'>
      <failure>
        declared in
        http://opencaesar.io/examples/firesat/programs/earth-science/projects/firesat/bundle/properties.
      </failure>
    </testcase>
    <testcase name='http://imce.jpl.nasa.gov/foundation/base#Aggregates'>
      <failure>
        declared in
        http://opencaesar.io/examples/firesat/programs/earth-science/projects/firesat/bundle/properties.
      </failure>
    </testcase>
    <testcase name='http://imce.jpl.nasa.gov/foundation/base#ContainedElement'>
      <failure>
        declared in
        http://opencaesar.io/examples/firesat/programs/earth-science/projects/firesat/bundle/properties.
      </failure>
    </testcase>
    <testcase name='http://imce.jpl.nasa.gov/foundation/base#Container'>
      <failure>
        declared in
        http://opencaesar.io/examples/firesat/programs/earth-science/projects/firesat/bundle/properties.
      </failure>
    </testcase>
    <testcase name='http://imce.jpl.nasa.gov/foundation/base#Contains'>
      <failure>
        declared in
        http://opencaesar.io/examples/firesat/programs/earth-science/projects/firesat/bundle/properties.
      </failure>
    </testcase>
    <testcase name='http://imce.jpl.nasa.gov/foundation/base#IdentifiedElement'>
      <failure>
        declared in
        http://opencaesar.io/examples/firesat/programs/earth-science/projects/firesat/bundle/properties.
      </failure>
    </testcase>
    <testcase name='http://imce.jpl.nasa.gov/foundation/base#Package'>
      <failure>
        declared in
        http://opencaesar.io/examples/firesat/programs/earth-science/projects/firesat/bundle/properties.
      </failure>
    </testcase>
    <testcase name='http://imce.jpl.nasa.gov/foundation/base#aggregates'>
      <failure>
        declared in
        http://opencaesar.io/examples/firesat/programs/earth-science/projects/firesat/bundle/properties.
      </failure>
    </testcase>
    <testcase name='http://imce.jpl.nasa.gov/foundation/base#contains'>
      <failure>
        declared in
        http://opencaesar.io/examples/firesat/programs/earth-science/projects/firesat/bundle/properties.
      </failure>
    </testcase>
    <testcase name='http://imce.jpl.nasa.gov/foundation/base#hasAggregatesSource'>
      <failure>
        declared in
        http://opencaesar.io/examples/firesat/programs/earth-science/projects/firesat/bundle/properties.
      </failure>
    </testcase>
    <testcase name='http://imce.jpl.nasa.gov/foundation/base#hasAggregatesTarget'>
      <failure>
        declared in
        http://opencaesar.io/examples/firesat/programs/earth-science/projects/firesat/bundle/properties.
      </failure>
    </testcase>
    <testcase name='http://imce.jpl.nasa.gov/foundation/base#hasAlternateName'>
      <failure>
        declared in
        http://opencaesar.io/examples/firesat/programs/earth-science/projects/firesat/bundle/properties.
      </failure>
    </testcase>
    <testcase name='http://imce.jpl.nasa.gov/foundation/base#hasCanonicalName'>
      <failure>
        declared in
        http://opencaesar.io/examples/firesat/programs/earth-science/projects/firesat/bundle/properties.
      </failure>
    </testcase>
    <testcase name='http://imce.jpl.nasa.gov/foundation/base#hasContainmentIndex'>
      <failure>
        declared in
        http://opencaesar.io/examples/firesat/programs/earth-science/projects/firesat/bundle/properties.
      </failure>
    </testcase>
    <testcase name='http://imce.jpl.nasa.gov/foundation/base#hasContainsSource'>
      <failure>
        declared in
        http://opencaesar.io/examples/firesat/programs/earth-science/projects/firesat/bundle/properties.
      </failure>
    </testcase>
    <testcase name='http://imce.jpl.nasa.gov/foundation/base#hasContainsTarget'>
      <failure>
        declared in
        http://opencaesar.io/examples/firesat/programs/earth-science/projects/firesat/bundle/properties.
      </failure>
    </testcase>
    <testcase name='http://imce.jpl.nasa.gov/foundation/base#hasDescription'>
      <failure>
        declared in
        http://opencaesar.io/examples/firesat/programs/earth-science/projects/firesat/bundle/properties.
      </failure>
    </testcase>
    <testcase name='http://imce.jpl.nasa.gov/foundation/base#hasIdentifier'>
      <failure>
        declared in
        http://opencaesar.io/examples/firesat/programs/earth-science/projects/firesat/bundle/properties.
      </failure>
    </testcase>
    <testcase name='http://imce.jpl.nasa.gov/foundation/base#hasIndexEntry'>
      <failure>
        declared in
        http://opencaesar.io/examples/firesat/programs/earth-science/projects/firesat/bundle/properties.
      </failure>
    </testcase>
    <testcase name='http://imce.jpl.nasa.gov/foundation/base#hasShortName'>
      <failure>
        declared in
        http://opencaesar.io/examples/firesat/programs/earth-science/projects/firesat/bundle/properties.
      </failure>
    </testcase>
    <testcase name='http://imce.jpl.nasa.gov/foundation/base#hasSortKey'>
      <failure>
        declared in
        http://opencaesar.io/examples/firesat/programs/earth-science/projects/firesat/bundle/properties.
      </failure>
    </testcase>
    <testcase name='http://imce.jpl.nasa.gov/foundation/base#hasUuid'>
      <failure>
        declared in
        http://opencaesar.io/examples/firesat/programs/earth-science/projects/firesat/bundle/properties.
      </failure>
    </testcase>
    <testcase name='http://imce.jpl.nasa.gov/foundation/base#isAggregatedIn'>
      <failure>
        declared in
        http://opencaesar.io/examples/firesat/programs/earth-science/projects/firesat/bundle/properties.
      </failure>
    </testcase>
    <testcase name='http://imce.jpl.nasa.gov/foundation/base#isContainedIn'>
      <failure>
        declared in
        http://opencaesar.io/examples/firesat/programs/earth-science/projects/firesat/bundle/properties.
      </failure>
    </testcase>
    <testcase name='http://imce.jpl.nasa.gov/foundation/mission#Component'>
      <failure>
        declared in
        http://opencaesar.io/examples/firesat/programs/earth-science/projects/firesat/bundle/properties.
      </failure>
    </testcase>
    <testcase name='http://imce.jpl.nasa.gov/foundation/mission#Deploys'>
      <failure>
        declared in
        http://opencaesar.io/examples/firesat/programs/earth-science/projects/firesat/bundle/properties.
      </failure>
    </testcase>
    <testcase name='http://imce.jpl.nasa.gov/foundation/mission#Emits'>
      <failure>
        declared in
        http://opencaesar.io/examples/firesat/programs/earth-science/projects/firesat/bundle/properties.
      </failure>
    </testcase>
    <testcase name='http://imce.jpl.nasa.gov/foundation/mission#Environment'>
      <failure>
        declared in
        http://opencaesar.io/examples/firesat/programs/earth-science/projects/firesat/bundle/properties.
      </failure>
    </testcase>
    <testcase name='http://imce.jpl.nasa.gov/foundation/mission#Flow'>
      <failure>
        declared in
        http://opencaesar.io/examples/firesat/programs/earth-science/projects/firesat/bundle/properties.
      </failure>
    </testcase>
    <testcase name='http://imce.jpl.nasa.gov/foundation/mission#Function'>
      <failure>
        declared in
        http://opencaesar.io/examples/firesat/programs/earth-science/projects/firesat/bundle/properties.
      </failure>
    </testcase>
    <testcase name='http://imce.jpl.nasa.gov/foundation/mission#HasParticipant'>
      <failure>
        declared in
        http://opencaesar.io/examples/firesat/programs/earth-science/projects/firesat/bundle/properties.
      </failure>
    </testcase>
    <testcase name='http://imce.jpl.nasa.gov/foundation/mission#Induces'>
      <failure>
        declared in
        http://opencaesar.io/examples/firesat/programs/earth-science/projects/firesat/bundle/properties.
      </failure>
    </testcase>
    <testcase name='http://imce.jpl.nasa.gov/foundation/mission#Influences'>
      <failure>
        declared in
        http://opencaesar.io/examples/firesat/programs/earth-science/projects/firesat/bundle/properties.
      </failure>
    </testcase>
    <testcase name='http://imce.jpl.nasa.gov/foundation/mission#Ingests'>
      <failure>
        declared in
        http://opencaesar.io/examples/firesat/programs/earth-science/projects/firesat/bundle/properties.
      </failure>
    </testcase>
    <testcase name='http://imce.jpl.nasa.gov/foundation/mission#Interchange'>
      <failure>
        declared in
        http://opencaesar.io/examples/firesat/programs/earth-science/projects/firesat/bundle/properties.
      </failure>
    </testcase>
    <testcase name='http://imce.jpl.nasa.gov/foundation/mission#InterchangePoint'>
      <failure>
        declared in
        http://opencaesar.io/examples/firesat/programs/earth-science/projects/firesat/bundle/properties.
      </failure>
    </testcase>
    <testcase name='http://imce.jpl.nasa.gov/foundation/mission#InterchangesThrough'>
      <failure>
        declared in
        http://opencaesar.io/examples/firesat/programs/earth-science/projects/firesat/bundle/properties.
      </failure>
    </testcase>
    <testcase name='http://imce.jpl.nasa.gov/foundation/mission#Interface'>
      <failure>
        declared in
        http://opencaesar.io/examples/firesat/programs/earth-science/projects/firesat/bundle/properties.
      </failure>
    </testcase>
    <testcase name='http://imce.jpl.nasa.gov/foundation/mission#Invokes'>
      <failure>
        declared in
        http://opencaesar.io/examples/firesat/programs/earth-science/projects/firesat/bundle/properties.
      </failure>
    </testcase>
    <testcase name='http://imce.jpl.nasa.gov/foundation/mission#Involves'>
      <failure>
        declared in
        http://opencaesar.io/examples/firesat/programs/earth-science/projects/firesat/bundle/properties.
      </failure>
    </testcase>
    <testcase name='http://imce.jpl.nasa.gov/foundation/mission#Involves1'>
      <failure>
        declared in
        http://opencaesar.io/examples/firesat/programs/earth-science/projects/firesat/bundle/properties.
      </failure>
    </testcase>
    <testcase name='http://imce.jpl.nasa.gov/foundation/mission#Involves2'>
      <failure>
        declared in
        http://opencaesar.io/examples/firesat/programs/earth-science/projects/firesat/bundle/properties.
      </failure>
    </testcase>
    <testcase name='http://imce.jpl.nasa.gov/foundation/mission#IsTraversedBy'>
      <failure>
        declared in
        http://opencaesar.io/examples/firesat/programs/earth-science/projects/firesat/bundle/properties.
      </failure>
    </testcase>
    <testcase name='http://imce.jpl.nasa.gov/foundation/mission#Item'>
      <failure>
        declared in
        http://opencaesar.io/examples/firesat/programs/earth-science/projects/firesat/bundle/properties.
      </failure>
    </testcase>
    <testcase name='http://imce.jpl.nasa.gov/foundation/mission#Joins'>
      <failure>
        declared in
        http://opencaesar.io/examples/firesat/programs/earth-science/projects/firesat/bundle/properties.
      </failure>
    </testcase>
    <testcase name='http://imce.jpl.nasa.gov/foundation/mission#Joins1'>
      <failure>
        declared in
        http://opencaesar.io/examples/firesat/programs/earth-science/projects/firesat/bundle/properties.
      </failure>
    </testcase>
    <testcase name='http://imce.jpl.nasa.gov/foundation/mission#Joins2'>
      <failure>
        declared in
        http://opencaesar.io/examples/firesat/programs/earth-science/projects/firesat/bundle/properties.
      </failure>
    </testcase>
    <testcase name='http://imce.jpl.nasa.gov/foundation/mission#Junction'>
      <failure>
        declared in
        http://opencaesar.io/examples/firesat/programs/earth-science/projects/firesat/bundle/properties.
      </failure>
    </testcase>
    <testcase name='http://imce.jpl.nasa.gov/foundation/mission#MaterialItem'>
      <failure>
        declared in
        http://opencaesar.io/examples/firesat/programs/earth-science/projects/firesat/bundle/properties.
      </failure>
    </testcase>
    <testcase name='http://imce.jpl.nasa.gov/foundation/mission#Message'>
      <failure>
        declared in
        http://opencaesar.io/examples/firesat/programs/earth-science/projects/firesat/bundle/properties.
      </failure>
    </testcase>
    <testcase name='http://imce.jpl.nasa.gov/foundation/mission#Mission'>
      <failure>
        declared in
        http://opencaesar.io/examples/firesat/programs/earth-science/projects/firesat/bundle/properties.
      </failure>
    </testcase>
    <testcase name='http://imce.jpl.nasa.gov/foundation/mission#Objective'>
      <failure>
        declared in
        http://opencaesar.io/examples/firesat/programs/earth-science/projects/firesat/bundle/properties.
      </failure>
    </testcase>
    <testcase name='http://imce.jpl.nasa.gov/foundation/mission#PerformingElement'>
      <failure>
        declared in
        http://opencaesar.io/examples/firesat/programs/earth-science/projects/firesat/bundle/properties.
      </failure>
    </testcase>
    <testcase name='http://imce.jpl.nasa.gov/foundation/mission#Performs'>
      <failure>
        declared in
        http://opencaesar.io/examples/firesat/programs/earth-science/projects/firesat/bundle/properties.
      </failure>
    </testcase>
    <testcase name='http://imce.jpl.nasa.gov/foundation/mission#PresentingElement'>
      <failure>
        declared in
        http://opencaesar.io/examples/firesat/programs/earth-science/projects/firesat/bundle/properties.
      </failure>
    </testcase>
    <testcase name='http://imce.jpl.nasa.gov/foundation/mission#Presents'>
      <failure>
        declared in
        http://opencaesar.io/examples/firesat/programs/earth-science/projects/firesat/bundle/properties.
      </failure>
    </testcase>
    <testcase name='http://imce.jpl.nasa.gov/foundation/mission#Produces'>
      <failure>
        declared in
        http://opencaesar.io/examples/firesat/programs/earth-science/projects/firesat/bundle/properties.
      </failure>
    </testcase>
    <testcase name='http://imce.jpl.nasa.gov/foundation/mission#Product'>
      <failure>
        declared in
        http://opencaesar.io/examples/firesat/programs/earth-science/projects/firesat/bundle/properties.
      </failure>
    </testcase>
    <testcase name='http://imce.jpl.nasa.gov/foundation/mission#Pursues'>
      <failure>
        declared in
        http://opencaesar.io/examples/firesat/programs/earth-science/projects/firesat/bundle/properties.
      </failure>
    </testcase>
    <testcase name='http://imce.jpl.nasa.gov/foundation/mission#Receives'>
      <failure>
        declared in
        http://opencaesar.io/examples/firesat/programs/earth-science/projects/firesat/bundle/properties.
      </failure>
    </testcase>
    <testcase name='http://imce.jpl.nasa.gov/foundation/mission#Refines'>
      <failure>
        declared in
        http://opencaesar.io/examples/firesat/programs/earth-science/projects/firesat/bundle/properties.
      </failure>
    </testcase>
    <testcase name='http://imce.jpl.nasa.gov/foundation/mission#Requirement'>
      <failure>
        declared in
        http://opencaesar.io/examples/firesat/programs/earth-science/projects/firesat/bundle/properties.
      </failure>
    </testcase>
    <testcase name='http://imce.jpl.nasa.gov/foundation/mission#Sends'>
      <failure>
        declared in
        http://opencaesar.io/examples/firesat/programs/earth-science/projects/firesat/bundle/properties.
      </failure>
    </testcase>
    <testcase name='http://imce.jpl.nasa.gov/foundation/mission#SpecifiedElement'>
      <failure>
        declared in
        http://opencaesar.io/examples/firesat/programs/earth-science/projects/firesat/bundle/properties.
      </failure>
    </testcase>
    <testcase name='http://imce.jpl.nasa.gov/foundation/mission#Specifies'>
      <failure>
        declared in
        http://opencaesar.io/examples/firesat/programs/earth-science/projects/firesat/bundle/properties.
      </failure>
    </testcase>
    <testcase name='http://imce.jpl.nasa.gov/foundation/mission#Transfers'>
      <failure>
        declared in
        http://opencaesar.io/examples/firesat/programs/earth-science/projects/firesat/bundle/properties.
      </failure>
    </testcase>
    <testcase name='http://imce.jpl.nasa.gov/foundation/mission#TransfersIn'>
      <failure>
        declared in
        http://opencaesar.io/examples/firesat/programs/earth-science/projects/firesat/bundle/properties.
      </failure>
    </testcase>
    <testcase name='http://imce.jpl.nasa.gov/foundation/mission#TransfersOut'>
      <failure>
        declared in
        http://opencaesar.io/examples/firesat/programs/earth-science/projects/firesat/bundle/properties.
      </failure>
    </testcase>
    <testcase name='http://imce.jpl.nasa.gov/foundation/mission#TraversingElement'>
      <failure>
        declared in
        http://opencaesar.io/examples/firesat/programs/earth-science/projects/firesat/bundle/properties.
      </failure>
    </testcase>
    <testcase name='http://imce.jpl.nasa.gov/foundation/mission#deploys'>
      <failure>
        declared in
        http://opencaesar.io/examples/firesat/programs/earth-science/projects/firesat/bundle/properties.
      </failure>
    </testcase>
    <testcase name='http://imce.jpl.nasa.gov/foundation/mission#emits'>
      <failure>
        declared in
        http://opencaesar.io/examples/firesat/programs/earth-science/projects/firesat/bundle/properties.
      </failure>
    </testcase>
    <testcase name='http://imce.jpl.nasa.gov/foundation/mission#hasDeploysSource'>
      <failure>
        declared in
        http://opencaesar.io/examples/firesat/programs/earth-science/projects/firesat/bundle/properties.
      </failure>
    </testcase>
    <testcase name='http://imce.jpl.nasa.gov/foundation/mission#hasDeploysTarget'>
      <failure>
        declared in
        http://opencaesar.io/examples/firesat/programs/earth-science/projects/firesat/bundle/properties.
      </failure>
    </testcase>
    <testcase name='http://imce.jpl.nasa.gov/foundation/mission#hasEmitsSource'>
      <failure>
        declared in
        http://opencaesar.io/examples/firesat/programs/earth-science/projects/firesat/bundle/properties.
      </failure>
    </testcase>
    <testcase name='http://imce.jpl.nasa.gov/foundation/mission#hasEmitsTarget'>
      <failure>
        declared in
        http://opencaesar.io/examples/firesat/programs/earth-science/projects/firesat/bundle/properties.
      </failure>
    </testcase>
    <testcase name='http://imce.jpl.nasa.gov/foundation/mission#hasHasParticipantSource'>
      <failure>
        declared in
        http://opencaesar.io/examples/firesat/programs/earth-science/projects/firesat/bundle/properties.
      </failure>
    </testcase>
    <testcase name='http://imce.jpl.nasa.gov/foundation/mission#hasHasParticipantTarget'>
      <failure>
        declared in
        http://opencaesar.io/examples/firesat/programs/earth-science/projects/firesat/bundle/properties.
      </failure>
    </testcase>
    <testcase name='http://imce.jpl.nasa.gov/foundation/mission#hasInducesSource'>
      <failure>
        declared in
        http://opencaesar.io/examples/firesat/programs/earth-science/projects/firesat/bundle/properties.
      </failure>
    </testcase>
    <testcase name='http://imce.jpl.nasa.gov/foundation/mission#hasInducesTarget'>
      <failure>
        declared in
        http://opencaesar.io/examples/firesat/programs/earth-science/projects/firesat/bundle/properties.
      </failure>
    </testcase>
    <testcase name='http://imce.jpl.nasa.gov/foundation/mission#hasInfluencesSource'>
      <failure>
        declared in
        http://opencaesar.io/examples/firesat/programs/earth-science/projects/firesat/bundle/properties.
      </failure>
    </testcase>
    <testcase name='http://imce.jpl.nasa.gov/foundation/mission#hasInfluencesTarget'>
      <failure>
        declared in
        http://opencaesar.io/examples/firesat/programs/earth-science/projects/firesat/bundle/properties.
      </failure>
    </testcase>
    <testcase name='http://imce.jpl.nasa.gov/foundation/mission#hasIngestsSource'>
      <failure>
        declared in
        http://opencaesar.io/examples/firesat/programs/earth-science/projects/firesat/bundle/properties.
      </failure>
    </testcase>
    <testcase name='http://imce.jpl.nasa.gov/foundation/mission#hasIngestsTarget'>
      <failure>
        declared in
        http://opencaesar.io/examples/firesat/programs/earth-science/projects/firesat/bundle/properties.
      </failure>
    </testcase>
    <testcase name='http://imce.jpl.nasa.gov/foundation/mission#hasInterchangesThroughSource'>
      <failure>
        declared in
        http://opencaesar.io/examples/firesat/programs/earth-science/projects/firesat/bundle/properties.
      </failure>
    </testcase>
    <testcase name='http://imce.jpl.nasa.gov/foundation/mission#hasInterchangesThroughTarget'>
      <failure>
        declared in
        http://opencaesar.io/examples/firesat/programs/earth-science/projects/firesat/bundle/properties.
      </failure>
    </testcase>
    <testcase name='http://imce.jpl.nasa.gov/foundation/mission#hasInvokesSource'>
      <failure>
        declared in
        http://opencaesar.io/examples/firesat/programs/earth-science/projects/firesat/bundle/properties.
      </failure>
    </testcase>
    <testcase name='http://imce.jpl.nasa.gov/foundation/mission#hasInvokesTarget'>
      <failure>
        declared in
        http://opencaesar.io/examples/firesat/programs/earth-science/projects/firesat/bundle/properties.
      </failure>
    </testcase>
    <testcase name='http://imce.jpl.nasa.gov/foundation/mission#hasInvolves1Source'>
      <failure>
        declared in
        http://opencaesar.io/examples/firesat/programs/earth-science/projects/firesat/bundle/properties.
      </failure>
    </testcase>
    <testcase name='http://imce.jpl.nasa.gov/foundation/mission#hasInvolves1Target'>
      <failure>
        declared in
        http://opencaesar.io/examples/firesat/programs/earth-science/projects/firesat/bundle/properties.
      </failure>
    </testcase>
    <testcase name='http://imce.jpl.nasa.gov/foundation/mission#hasInvolves2Source'>
      <failure>
        declared in
        http://opencaesar.io/examples/firesat/programs/earth-science/projects/firesat/bundle/properties.
      </failure>
    </testcase>
    <testcase name='http://imce.jpl.nasa.gov/foundation/mission#hasInvolves2Target'>
      <failure>
        declared in
        http://opencaesar.io/examples/firesat/programs/earth-science/projects/firesat/bundle/properties.
      </failure>
    </testcase>
    <testcase name='http://imce.jpl.nasa.gov/foundation/mission#hasInvolvesSource'>
      <failure>
        declared in
        http://opencaesar.io/examples/firesat/programs/earth-science/projects/firesat/bundle/properties.
      </failure>
    </testcase>
    <testcase name='http://imce.jpl.nasa.gov/foundation/mission#hasInvolvesTarget'>
      <failure>
        declared in
        http://opencaesar.io/examples/firesat/programs/earth-science/projects/firesat/bundle/properties.
      </failure>
    </testcase>
    <testcase name='http://imce.jpl.nasa.gov/foundation/mission#hasIsTraversedBySource'>
      <failure>
        declared in
        http://opencaesar.io/examples/firesat/programs/earth-science/projects/firesat/bundle/properties.
      </failure>
    </testcase>
    <testcase name='http://imce.jpl.nasa.gov/foundation/mission#hasIsTraversedByTarget'>
      <failure>
        declared in
        http://opencaesar.io/examples/firesat/programs/earth-science/projects/firesat/bundle/properties.
      </failure>
    </testcase>
    <testcase name='http://imce.jpl.nasa.gov/foundation/mission#hasJoins1Source'>
      <failure>
        declared in
        http://opencaesar.io/examples/firesat/programs/earth-science/projects/firesat/bundle/properties.
      </failure>
    </testcase>
    <testcase name='http://imce.jpl.nasa.gov/foundation/mission#hasJoins1Target'>
      <failure>
        declared in
        http://opencaesar.io/examples/firesat/programs/earth-science/projects/firesat/bundle/properties.
      </failure>
    </testcase>
    <testcase name='http://imce.jpl.nasa.gov/foundation/mission#hasJoins2Source'>
      <failure>
        declared in
        http://opencaesar.io/examples/firesat/programs/earth-science/projects/firesat/bundle/properties.
      </failure>
    </testcase>
    <testcase name='http://imce.jpl.nasa.gov/foundation/mission#hasJoins2Target'>
      <failure>
        declared in
        http://opencaesar.io/examples/firesat/programs/earth-science/projects/firesat/bundle/properties.
      </failure>
    </testcase>
    <testcase name='http://imce.jpl.nasa.gov/foundation/mission#hasJoinsSource'>
      <failure>
        declared in
        http://opencaesar.io/examples/firesat/programs/earth-science/projects/firesat/bundle/properties.
      </failure>
    </testcase>
    <testcase name='http://imce.jpl.nasa.gov/foundation/mission#hasJoinsTarget'>
      <failure>
        declared in
        http://opencaesar.io/examples/firesat/programs/earth-science/projects/firesat/bundle/properties.
      </failure>
    </testcase>
    <testcase name='http://imce.jpl.nasa.gov/foundation/mission#hasParticipant'>
      <failure>
        declared in
        http://opencaesar.io/examples/firesat/programs/earth-science/projects/firesat/bundle/properties.
      </failure>
    </testcase>
    <testcase name='http://imce.jpl.nasa.gov/foundation/mission#hasPerformsSource'>
      <failure>
        declared in
        http://opencaesar.io/examples/firesat/programs/earth-science/projects/firesat/bundle/properties.
      </failure>
    </testcase>
    <testcase name='http://imce.jpl.nasa.gov/foundation/mission#hasPerformsTarget'>
      <failure>
        declared in
        http://opencaesar.io/examples/firesat/programs/earth-science/projects/firesat/bundle/properties.
      </failure>
    </testcase>
    <testcase name='http://imce.jpl.nasa.gov/foundation/mission#hasPresentsSource'>
      <failure>
        declared in
        http://opencaesar.io/examples/firesat/programs/earth-science/projects/firesat/bundle/properties.
      </failure>
    </testcase>
    <testcase name='http://imce.jpl.nasa.gov/foundation/mission#hasPresentsTarget'>
      <failure>
        declared in
        http://opencaesar.io/examples/firesat/programs/earth-science/projects/firesat/bundle/properties.
      </failure>
    </testcase>
    <testcase name='http://imce.jpl.nasa.gov/foundation/mission#hasProducesSource'>
      <failure>
        declared in
        http://opencaesar.io/examples/firesat/programs/earth-science/projects/firesat/bundle/properties.
      </failure>
    </testcase>
    <testcase name='http://imce.jpl.nasa.gov/foundation/mission#hasProducesTarget'>
      <failure>
        declared in
        http://opencaesar.io/examples/firesat/programs/earth-science/projects/firesat/bundle/properties.
      </failure>
    </testcase>
    <testcase name='http://imce.jpl.nasa.gov/foundation/mission#hasPursuesSource'>
      <failure>
        declared in
        http://opencaesar.io/examples/firesat/programs/earth-science/projects/firesat/bundle/properties.
      </failure>
    </testcase>
    <testcase name='http://imce.jpl.nasa.gov/foundation/mission#hasPursuesTarget'>
      <failure>
        declared in
        http://opencaesar.io/examples/firesat/programs/earth-science/projects/firesat/bundle/properties.
      </failure>
    </testcase>
    <testcase name='http://imce.jpl.nasa.gov/foundation/mission#hasRationale'>
      <failure>
        declared in
        http://opencaesar.io/examples/firesat/programs/earth-science/projects/firesat/bundle/properties.
      </failure>
    </testcase>
    <testcase name='http://imce.jpl.nasa.gov/foundation/mission#hasReceivesSource'>
      <failure>
        declared in
        http://opencaesar.io/examples/firesat/programs/earth-science/projects/firesat/bundle/properties.
      </failure>
    </testcase>
    <testcase name='http://imce.jpl.nasa.gov/foundation/mission#hasReceivesTarget'>
      <failure>
        declared in
        http://opencaesar.io/examples/firesat/programs/earth-science/projects/firesat/bundle/properties.
      </failure>
    </testcase>
    <testcase name='http://imce.jpl.nasa.gov/foundation/mission#hasRefinesSource'>
      <failure>
        declared in
        http://opencaesar.io/examples/firesat/programs/earth-science/projects/firesat/bundle/properties.
      </failure>
    </testcase>
    <testcase name='http://imce.jpl.nasa.gov/foundation/mission#hasRefinesTarget'>
      <failure>
        declared in
        http://opencaesar.io/examples/firesat/programs/earth-science/projects/firesat/bundle/properties.
      </failure>
    </testcase>
    <testcase name='http://imce.jpl.nasa.gov/foundation/mission#hasSendsSource'>
      <failure>
        declared in
        http://opencaesar.io/examples/firesat/programs/earth-science/projects/firesat/bundle/properties.
      </failure>
    </testcase>
    <testcase name='http://imce.jpl.nasa.gov/foundation/mission#hasSendsTarget'>
      <failure>
        declared in
        http://opencaesar.io/examples/firesat/programs/earth-science/projects/firesat/bundle/properties.
      </failure>
    </testcase>
    <testcase name='http://imce.jpl.nasa.gov/foundation/mission#hasSpecifiesSource'>
      <failure>
        declared in
        http://opencaesar.io/examples/firesat/programs/earth-science/projects/firesat/bundle/properties.
      </failure>
    </testcase>
    <testcase name='http://imce.jpl.nasa.gov/foundation/mission#hasSpecifiesTarget'>
      <failure>
        declared in
        http://opencaesar.io/examples/firesat/programs/earth-science/projects/firesat/bundle/properties.
      </failure>
    </testcase>
    <testcase name='http://imce.jpl.nasa.gov/foundation/mission#hasTransfersInSource'>
      <failure>
        declared in
        http://opencaesar.io/examples/firesat/programs/earth-science/projects/firesat/bundle/properties.
      </failure>
    </testcase>
    <testcase name='http://imce.jpl.nasa.gov/foundation/mission#hasTransfersInTarget'>
      <failure>
        declared in
        http://opencaesar.io/examples/firesat/programs/earth-science/projects/firesat/bundle/properties.
      </failure>
    </testcase>
    <testcase name='http://imce.jpl.nasa.gov/foundation/mission#hasTransfersOutSource'>
      <failure>
        declared in
        http://opencaesar.io/examples/firesat/programs/earth-science/projects/firesat/bundle/properties.
      </failure>
    </testcase>
    <testcase name='http://imce.jpl.nasa.gov/foundation/mission#hasTransfersOutTarget'>
      <failure>
        declared in
        http://opencaesar.io/examples/firesat/programs/earth-science/projects/firesat/bundle/properties.
      </failure>
    </testcase>
    <testcase name='http://imce.jpl.nasa.gov/foundation/mission#hasTransfersSource'>
      <failure>
        declared in
        http://opencaesar.io/examples/firesat/programs/earth-science/projects/firesat/bundle/properties.
      </failure>
    </testcase>
    <testcase name='http://imce.jpl.nasa.gov/foundation/mission#hasTransfersTarget'>
      <failure>
        declared in
        http://opencaesar.io/examples/firesat/programs/earth-science/projects/firesat/bundle/properties.
      </failure>
    </testcase>
    <testcase name='http://imce.jpl.nasa.gov/foundation/mission#induces'>
      <failure>
        declared in
        http://opencaesar.io/examples/firesat/programs/earth-science/projects/firesat/bundle/properties.
      </failure>
    </testcase>
    <testcase name='http://imce.jpl.nasa.gov/foundation/mission#influences'>
      <failure>
        declared in
        http://opencaesar.io/examples/firesat/programs/earth-science/projects/firesat/bundle/properties.
      </failure>
    </testcase>
    <testcase name='http://imce.jpl.nasa.gov/foundation/mission#ingests'>
      <failure>
        declared in
        http://opencaesar.io/examples/firesat/programs/earth-science/projects/firesat/bundle/properties.
      </failure>
    </testcase>
    <testcase name='http://imce.jpl.nasa.gov/foundation/mission#interchangesThrough'>
      <failure>
        declared in
        http://opencaesar.io/examples/firesat/programs/earth-science/projects/firesat/bundle/properties.
      </failure>
    </testcase>
    <testcase name='http://imce.jpl.nasa.gov/foundation/mission#invokes'>
      <failure>
        declared in
        http://opencaesar.io/examples/firesat/programs/earth-science/projects/firesat/bundle/properties.
      </failure>
    </testcase>
    <testcase name='http://imce.jpl.nasa.gov/foundation/mission#involves'>
      <failure>
        declared in
        http://opencaesar.io/examples/firesat/programs/earth-science/projects/firesat/bundle/properties.
      </failure>
    </testcase>
    <testcase name='http://imce.jpl.nasa.gov/foundation/mission#involves1'>
      <failure>
        declared in
        http://opencaesar.io/examples/firesat/programs/earth-science/projects/firesat/bundle/properties.
      </failure>
    </testcase>
    <testcase name='http://imce.jpl.nasa.gov/foundation/mission#involves2'>
      <failure>
        declared in
        http://opencaesar.io/examples/firesat/programs/earth-science/projects/firesat/bundle/properties.
      </failure>
    </testcase>
    <testcase name='http://imce.jpl.nasa.gov/foundation/mission#isDeployedBy'>
      <failure>
        declared in
        http://opencaesar.io/examples/firesat/programs/earth-science/projects/firesat/bundle/properties.
      </failure>
    </testcase>
    <testcase name='http://imce.jpl.nasa.gov/foundation/mission#isEmittedBy'>
      <failure>
        declared in
        http://opencaesar.io/examples/firesat/programs/earth-science/projects/firesat/bundle/properties.
      </failure>
    </testcase>
    <testcase name='http://imce.jpl.nasa.gov/foundation/mission#isInducedBy'>
      <failure>
        declared in
        http://opencaesar.io/examples/firesat/programs/earth-science/projects/firesat/bundle/properties.
      </failure>
    </testcase>
    <testcase name='http://imce.jpl.nasa.gov/foundation/mission#isInfluencedBy'>
      <failure>
        declared in
        http://opencaesar.io/examples/firesat/programs/earth-science/projects/firesat/bundle/properties.
      </failure>
    </testcase>
    <testcase name='http://imce.jpl.nasa.gov/foundation/mission#isIngestedBy'>
      <failure>
        declared in
        http://opencaesar.io/examples/firesat/programs/earth-science/projects/firesat/bundle/properties.
      </failure>
    </testcase>
    <testcase name='http://imce.jpl.nasa.gov/foundation/mission#isInterchangePointFor'>
      <failure>
        declared in
        http://opencaesar.io/examples/firesat/programs/earth-science/projects/firesat/bundle/properties.
      </failure>
    </testcase>
    <testcase name='http://imce.jpl.nasa.gov/foundation/mission#isInvokedBy'>
      <failure>
        declared in
        http://opencaesar.io/examples/firesat/programs/earth-science/projects/firesat/bundle/properties.
      </failure>
    </testcase>
    <testcase name='http://imce.jpl.nasa.gov/foundation/mission#isInvolvedIn'>
      <failure>
        declared in
        http://opencaesar.io/examples/firesat/programs/earth-science/projects/firesat/bundle/properties.
      </failure>
    </testcase>
    <testcase name='http://imce.jpl.nasa.gov/foundation/mission#isInvolvedIn1'>
      <failure>
        declared in
        http://opencaesar.io/examples/firesat/programs/earth-science/projects/firesat/bundle/properties.
      </failure>
    </testcase>
    <testcase name='http://imce.jpl.nasa.gov/foundation/mission#isInvolvedIn2'>
      <failure>
        declared in
        http://opencaesar.io/examples/firesat/programs/earth-science/projects/firesat/bundle/properties.
      </failure>
    </testcase>
    <testcase name='http://imce.jpl.nasa.gov/foundation/mission#isJoinedIn'>
      <failure>
        declared in
        http://opencaesar.io/examples/firesat/programs/earth-science/projects/firesat/bundle/properties.
      </failure>
    </testcase>
    <testcase name='http://imce.jpl.nasa.gov/foundation/mission#isJoinedIn1'>
      <failure>
        declared in
        http://opencaesar.io/examples/firesat/programs/earth-science/projects/firesat/bundle/properties.
      </failure>
    </testcase>
    <testcase name='http://imce.jpl.nasa.gov/foundation/mission#isJoinedIn2'>
      <failure>
        declared in
        http://opencaesar.io/examples/firesat/programs/earth-science/projects/firesat/bundle/properties.
      </failure>
    </testcase>
    <testcase name='http://imce.jpl.nasa.gov/foundation/mission#isPerformedBy'>
      <failure>
        declared in
        http://opencaesar.io/examples/firesat/programs/earth-science/projects/firesat/bundle/properties.
      </failure>
    </testcase>
    <testcase name='http://imce.jpl.nasa.gov/foundation/mission#isPresentedBy'>
      <failure>
        declared in
        http://opencaesar.io/examples/firesat/programs/earth-science/projects/firesat/bundle/properties.
      </failure>
    </testcase>
    <testcase name='http://imce.jpl.nasa.gov/foundation/mission#isProducedBy'>
      <failure>
        declared in
        http://opencaesar.io/examples/firesat/programs/earth-science/projects/firesat/bundle/properties.
      </failure>
    </testcase>
    <testcase name='http://imce.jpl.nasa.gov/foundation/mission#isPursuedBy'>
      <failure>
        declared in
        http://opencaesar.io/examples/firesat/programs/earth-science/projects/firesat/bundle/properties.
      </failure>
    </testcase>
    <testcase name='http://imce.jpl.nasa.gov/foundation/mission#isReceivedBy'>
      <failure>
        declared in
        http://opencaesar.io/examples/firesat/programs/earth-science/projects/firesat/bundle/properties.
      </failure>
    </testcase>
    <testcase name='http://imce.jpl.nasa.gov/foundation/mission#isRefinedBy'>
      <failure>
        declared in
        http://opencaesar.io/examples/firesat/programs/earth-science/projects/firesat/bundle/properties.
      </failure>
    </testcase>
    <testcase name='http://imce.jpl.nasa.gov/foundation/mission#isSentBy'>
      <failure>
        declared in
        http://opencaesar.io/examples/firesat/programs/earth-science/projects/firesat/bundle/properties.
      </failure>
    </testcase>
    <testcase name='http://imce.jpl.nasa.gov/foundation/mission#isSpecifiedBy'>
      <failure>
        declared in
        http://opencaesar.io/examples/firesat/programs/earth-science/projects/firesat/bundle/properties.
      </failure>
    </testcase>
    <testcase name='http://imce.jpl.nasa.gov/foundation/mission#isTraversedBy'>
      <failure>
        declared in
        http://opencaesar.io/examples/firesat/programs/earth-science/projects/firesat/bundle/properties.
      </failure>
    </testcase>
    <testcase name='http://imce.jpl.nasa.gov/foundation/mission#joins'>
      <failure>
        declared in
        http://opencaesar.io/examples/firesat/programs/earth-science/projects/firesat/bundle/properties.
      </failure>
    </testcase>
    <testcase name='http://imce.jpl.nasa.gov/foundation/mission#joins1'>
      <failure>
        declared in
        http://opencaesar.io/examples/firesat/programs/earth-science/projects/firesat/bundle/properties.
      </failure>
    </testcase>
    <testcase name='http://imce.jpl.nasa.gov/foundation/mission#joins2'>
      <failure>
        declared in
        http://opencaesar.io/examples/firesat/programs/earth-science/projects/firesat/bundle/properties.
      </failure>
    </testcase>
    <testcase name='http://imce.jpl.nasa.gov/foundation/mission#participatesIn'>
      <failure>
        declared in
        http://opencaesar.io/examples/firesat/programs/earth-science/projects/firesat/bundle/properties.
      </failure>
    </testcase>
    <testcase name='http://imce.jpl.nasa.gov/foundation/mission#performs'>
      <failure>
        declared in
        http://opencaesar.io/examples/firesat/programs/earth-science/projects/firesat/bundle/properties.
      </failure>
    </testcase>
    <testcase name='http://imce.jpl.nasa.gov/foundation/mission#presents'>
      <failure>
        declared in
        http://opencaesar.io/examples/firesat/programs/earth-science/projects/firesat/bundle/properties.
      </failure>
    </testcase>
    <testcase name='http://imce.jpl.nasa.gov/foundation/mission#produces'>
      <failure>
        declared in
        http://opencaesar.io/examples/firesat/programs/earth-science/projects/firesat/bundle/properties.
      </failure>
    </testcase>
    <testcase name='http://imce.jpl.nasa.gov/foundation/mission#pursues'>
      <failure>
        declared in
        http://opencaesar.io/examples/firesat/programs/earth-science/projects/firesat/bundle/properties.
      </failure>
    </testcase>
    <testcase name='http://imce.jpl.nasa.gov/foundation/mission#receives'>
      <failure>
        declared in
        http://opencaesar.io/examples/firesat/programs/earth-science/projects/firesat/bundle/properties.
      </failure>
    </testcase>
    <testcase name='http://imce.jpl.nasa.gov/foundation/mission#refines'>
      <failure>
        declared in
        http://opencaesar.io/examples/firesat/programs/earth-science/projects/firesat/bundle/properties.
      </failure>
    </testcase>
    <testcase name='http://imce.jpl.nasa.gov/foundation/mission#sends'>
      <failure>
        declared in
        http://opencaesar.io/examples/firesat/programs/earth-science/projects/firesat/bundle/properties.
      </failure>
    </testcase>
    <testcase name='http://imce.jpl.nasa.gov/foundation/mission#specifies'>
      <failure>
        declared in
        http://opencaesar.io/examples/firesat/programs/earth-science/projects/firesat/bundle/properties.
      </failure>
    </testcase>
    <testcase name='http://imce.jpl.nasa.gov/foundation/mission#transfers'>
      <failure>
        declared in
        http://opencaesar.io/examples/firesat/programs/earth-science/projects/firesat/bundle/properties.
      </failure>
    </testcase>
    <testcase name='http://imce.jpl.nasa.gov/foundation/mission#transfersIn'>
      <failure>
        declared in
        http://opencaesar.io/examples/firesat/programs/earth-science/projects/firesat/bundle/properties.
      </failure>
    </testcase>
    <testcase name='http://imce.jpl.nasa.gov/foundation/mission#transfersOut'>
      <failure>
        declared in
        http://opencaesar.io/examples/firesat/programs/earth-science/projects/firesat/bundle/properties.
      </failure>
    </testcase>
    <testcase name='http://imce.jpl.nasa.gov/foundation/mission#traverses'>
      <failure>
        declared in
        http://opencaesar.io/examples/firesat/programs/earth-science/projects/firesat/bundle/properties.
      </failure>
    </testcase>
    <testcase name='http://imce.jpl.nasa.gov/foundation/project#Approves'>
      <failure>
        declared in
        http://opencaesar.io/examples/firesat/programs/earth-science/projects/firesat/bundle/properties.
      </failure>
    </testcase>
    <testcase name='http://imce.jpl.nasa.gov/foundation/project#AssignedElement'>
      <failure>
        declared in
        http://opencaesar.io/examples/firesat/programs/earth-science/projects/firesat/bundle/properties.
      </failure>
    </testcase>
    <testcase name='http://imce.jpl.nasa.gov/foundation/project#Authority'>
      <failure>
        declared in
        http://opencaesar.io/examples/firesat/programs/earth-science/projects/firesat/bundle/properties.
      </failure>
    </testcase>
    <testcase name='http://imce.jpl.nasa.gov/foundation/project#Authorizes'>
      <failure>
        declared in
        http://opencaesar.io/examples/firesat/programs/earth-science/projects/firesat/bundle/properties.
      </failure>
    </testcase>
    <testcase name='http://imce.jpl.nasa.gov/foundation/project#BelongsTo'>
      <failure>
        declared in
        http://opencaesar.io/examples/firesat/programs/earth-science/projects/firesat/bundle/properties.
      </failure>
    </testcase>
    <testcase name='http://imce.jpl.nasa.gov/foundation/project#Binds'>
      <failure>
        declared in
        http://opencaesar.io/examples/firesat/programs/earth-science/projects/firesat/bundle/properties.
      </failure>
    </testcase>
    <testcase name='http://imce.jpl.nasa.gov/foundation/project#Concern'>
      <failure>
        declared in
        http://opencaesar.io/examples/firesat/programs/earth-science/projects/firesat/bundle/properties.
      </failure>
    </testcase>
    <testcase name='http://imce.jpl.nasa.gov/foundation/project#Concurs'>
      <failure>
        declared in
        http://opencaesar.io/examples/firesat/programs/earth-science/projects/firesat/bundle/properties.
      </failure>
    </testcase>
    <testcase name='http://imce.jpl.nasa.gov/foundation/project#DelegatesTo'>
      <failure>
        declared in
        http://opencaesar.io/examples/firesat/programs/earth-science/projects/firesat/bundle/properties.
      </failure>
    </testcase>
    <testcase name='http://imce.jpl.nasa.gov/foundation/project#Deliverable'>
      <failure>
        declared in
        http://opencaesar.io/examples/firesat/programs/earth-science/projects/firesat/bundle/properties.
      </failure>
    </testcase>
    <testcase name='http://imce.jpl.nasa.gov/foundation/project#Delivers'>
      <failure>
        declared in
        http://opencaesar.io/examples/firesat/programs/earth-science/projects/firesat/bundle/properties.
      </failure>
    </testcase>
    <testcase name='http://imce.jpl.nasa.gov/foundation/project#Describes'>
      <failure>
        declared in
        http://opencaesar.io/examples/firesat/programs/earth-science/projects/firesat/bundle/properties.
      </failure>
    </testcase>
    <testcase name='http://imce.jpl.nasa.gov/foundation/project#DevelopedElement'>
      <failure>
        declared in
        http://opencaesar.io/examples/firesat/programs/earth-science/projects/firesat/bundle/properties.
      </failure>
    </testcase>
    <testcase name='http://imce.jpl.nasa.gov/foundation/project#DevelopmentState'>
      <failure>
        declared in
        http://opencaesar.io/examples/firesat/programs/earth-science/projects/firesat/bundle/properties.
      </failure>
    </testcase>
    <testcase name='http://imce.jpl.nasa.gov/foundation/project#Executes'>
      <failure>
        declared in
        http://opencaesar.io/examples/firesat/programs/earth-science/projects/firesat/bundle/properties.
      </failure>
    </testcase>
    <testcase name='http://imce.jpl.nasa.gov/foundation/project#Facility'>
      <failure>
        declared in
        http://opencaesar.io/examples/firesat/programs/earth-science/projects/firesat/bundle/properties.
      </failure>
    </testcase>
    <testcase name='http://imce.jpl.nasa.gov/foundation/project#HasAssignment'>
      <failure>
        declared in
        http://opencaesar.io/examples/firesat/programs/earth-science/projects/firesat/bundle/properties.
      </failure>
    </testcase>
    <testcase name='http://imce.jpl.nasa.gov/foundation/project#HasParticipant'>
      <failure>
        declared in
        http://opencaesar.io/examples/firesat/programs/earth-science/projects/firesat/bundle/properties.
      </failure>
    </testcase>
    <testcase name='http://imce.jpl.nasa.gov/foundation/project#HasResponsibilityFor'>
      <failure>
        declared in
        http://opencaesar.io/examples/firesat/programs/earth-science/projects/firesat/bundle/properties.
      </failure>
    </testcase>
    <testcase name='http://imce.jpl.nasa.gov/foundation/project#HasRole'>
      <failure>
        declared in
        http://opencaesar.io/examples/firesat/programs/earth-science/projects/firesat/bundle/properties.
      </failure>
    </testcase>
    <testcase name='http://imce.jpl.nasa.gov/foundation/project#Interchange'>
      <failure>
        declared in
        http://opencaesar.io/examples/firesat/programs/earth-science/projects/firesat/bundle/properties.
      </failure>
    </testcase>
    <testcase name='http://imce.jpl.nasa.gov/foundation/project#InterchangePoint'>
      <failure>
        declared in
        http://opencaesar.io/examples/firesat/programs/earth-science/projects/firesat/bundle/properties.
      </failure>
    </testcase>
    <testcase name='http://imce.jpl.nasa.gov/foundation/project#InterchangesThrough'>
      <failure>
        declared in
        http://opencaesar.io/examples/firesat/programs/earth-science/projects/firesat/bundle/properties.
      </failure>
    </testcase>
    <testcase name='http://imce.jpl.nasa.gov/foundation/project#Invokes'>
      <failure>
        declared in
        http://opencaesar.io/examples/firesat/programs/earth-science/projects/firesat/bundle/properties.
      </failure>
    </testcase>
    <testcase name='http://imce.jpl.nasa.gov/foundation/project#Involves'>
      <failure>
        declared in
        http://opencaesar.io/examples/firesat/programs/earth-science/projects/firesat/bundle/properties.
      </failure>
    </testcase>
    <testcase name='http://imce.jpl.nasa.gov/foundation/project#Involves1'>
      <failure>
        declared in
        http://opencaesar.io/examples/firesat/programs/earth-science/projects/firesat/bundle/properties.
      </failure>
    </testcase>
    <testcase name='http://imce.jpl.nasa.gov/foundation/project#Involves2'>
      <failure>
        declared in
        http://opencaesar.io/examples/firesat/programs/earth-science/projects/firesat/bundle/properties.
      </failure>
    </testcase>
    <testcase name='http://imce.jpl.nasa.gov/foundation/project#Manifests'>
      <failure>
        declared in
        http://opencaesar.io/examples/firesat/programs/earth-science/projects/firesat/bundle/properties.
      </failure>
    </testcase>
    <testcase name='http://imce.jpl.nasa.gov/foundation/project#Organization'>
      <failure>
        declared in
        http://opencaesar.io/examples/firesat/programs/earth-science/projects/firesat/bundle/properties.
      </failure>
    </testcase>
    <testcase name='http://imce.jpl.nasa.gov/foundation/project#Person'>
      <failure>
        declared in
        http://opencaesar.io/examples/firesat/programs/earth-science/projects/firesat/bundle/properties.
      </failure>
    </testcase>
    <testcase name='http://imce.jpl.nasa.gov/foundation/project#Policy'>
      <failure>
        declared in
        http://opencaesar.io/examples/firesat/programs/earth-science/projects/firesat/bundle/properties.
      </failure>
    </testcase>
    <testcase name='http://imce.jpl.nasa.gov/foundation/project#Prepares'>
      <failure>
        declared in
        http://opencaesar.io/examples/firesat/programs/earth-science/projects/firesat/bundle/properties.
      </failure>
    </testcase>
    <testcase name='http://imce.jpl.nasa.gov/foundation/project#Process'>
      <failure>
        declared in
        http://opencaesar.io/examples/firesat/programs/earth-science/projects/firesat/bundle/properties.
      </failure>
    </testcase>
    <testcase name='http://imce.jpl.nasa.gov/foundation/project#Produces'>
      <failure>
        declared in
        http://opencaesar.io/examples/firesat/programs/earth-science/projects/firesat/bundle/properties.
      </failure>
    </testcase>
    <testcase name='http://imce.jpl.nasa.gov/foundation/project#Product'>
      <failure>
        declared in
        http://opencaesar.io/examples/firesat/programs/earth-science/projects/firesat/bundle/properties.
      </failure>
    </testcase>
    <testcase name='http://imce.jpl.nasa.gov/foundation/project#Program'>
      <failure>
        declared in
        http://opencaesar.io/examples/firesat/programs/earth-science/projects/firesat/bundle/properties.
      </failure>
    </testcase>
    <testcase name='http://imce.jpl.nasa.gov/foundation/project#Project'>
      <failure>
        declared in
        http://opencaesar.io/examples/firesat/programs/earth-science/projects/firesat/bundle/properties.
      </failure>
    </testcase>
    <testcase name='http://imce.jpl.nasa.gov/foundation/project#RealizedElement'>
      <failure>
        declared in
        http://opencaesar.io/examples/firesat/programs/earth-science/projects/firesat/bundle/properties.
      </failure>
    </testcase>
    <testcase name='http://imce.jpl.nasa.gov/foundation/project#Realizes'>
      <failure>
        declared in
        http://opencaesar.io/examples/firesat/programs/earth-science/projects/firesat/bundle/properties.
      </failure>
    </testcase>
    <testcase name='http://imce.jpl.nasa.gov/foundation/project#Receives'>
      <failure>
        declared in
        http://opencaesar.io/examples/firesat/programs/earth-science/projects/firesat/bundle/properties.
      </failure>
    </testcase>
    <testcase name='http://imce.jpl.nasa.gov/foundation/project#ReliesOn'>
      <failure>
        declared in
        http://opencaesar.io/examples/firesat/programs/earth-science/projects/firesat/bundle/properties.
      </failure>
    </testcase>
    <testcase name='http://imce.jpl.nasa.gov/foundation/project#Represents'>
      <failure>
        declared in
        http://opencaesar.io/examples/firesat/programs/earth-science/projects/firesat/bundle/properties.
      </failure>
    </testcase>
    <testcase name='http://imce.jpl.nasa.gov/foundation/project#Role'>
      <failure>
        declared in
        http://opencaesar.io/examples/firesat/programs/earth-science/projects/firesat/bundle/properties.
      </failure>
    </testcase>
    <testcase name='http://imce.jpl.nasa.gov/foundation/project#Stakeholder'>
      <failure>
        declared in
        http://opencaesar.io/examples/firesat/programs/earth-science/projects/firesat/bundle/properties.
      </failure>
    </testcase>
    <testcase name='http://imce.jpl.nasa.gov/foundation/project#SuppliedElement'>
      <failure>
        declared in
        http://opencaesar.io/examples/firesat/programs/earth-science/projects/firesat/bundle/properties.
      </failure>
    </testcase>
    <testcase name='http://imce.jpl.nasa.gov/foundation/project#Supplies'>
      <failure>
        declared in
        http://opencaesar.io/examples/firesat/programs/earth-science/projects/firesat/bundle/properties.
      </failure>
    </testcase>
    <testcase name='http://imce.jpl.nasa.gov/foundation/project#WorkPackage'>
      <failure>
        declared in
        http://opencaesar.io/examples/firesat/programs/earth-science/projects/firesat/bundle/properties.
      </failure>
    </testcase>
    <testcase name='http://imce.jpl.nasa.gov/foundation/project#approves'>
      <failure>
        declared in
        http://opencaesar.io/examples/firesat/programs/earth-science/projects/firesat/bundle/properties.
      </failure>
    </testcase>
    <testcase name='http://imce.jpl.nasa.gov/foundation/project#authorizes'>
      <failure>
        declared in
        http://opencaesar.io/examples/firesat/programs/earth-science/projects/firesat/bundle/properties.
      </failure>
    </testcase>
    <testcase name='http://imce.jpl.nasa.gov/foundation/project#belongsTo'>
      <failure>
        declared in
        http://opencaesar.io/examples/firesat/programs/earth-science/projects/firesat/bundle/properties.
      </failure>
    </testcase>
    <testcase name='http://imce.jpl.nasa.gov/foundation/project#binds'>
      <failure>
        declared in
        http://opencaesar.io/examples/firesat/programs/earth-science/projects/firesat/bundle/properties.
      </failure>
    </testcase>
    <testcase name='http://imce.jpl.nasa.gov/foundation/project#concurs'>
      <failure>
        declared in
        http://opencaesar.io/examples/firesat/programs/earth-science/projects/firesat/bundle/properties.
      </failure>
    </testcase>
    <testcase name='http://imce.jpl.nasa.gov/foundation/project#delegatesTo'>
      <failure>
        declared in
        http://opencaesar.io/examples/firesat/programs/earth-science/projects/firesat/bundle/properties.
      </failure>
    </testcase>
    <testcase name='http://imce.jpl.nasa.gov/foundation/project#delivers'>
      <failure>
        declared in
        http://opencaesar.io/examples/firesat/programs/earth-science/projects/firesat/bundle/properties.
      </failure>
    </testcase>
    <testcase name='http://imce.jpl.nasa.gov/foundation/project#describes'>
      <failure>
        declared in
        http://opencaesar.io/examples/firesat/programs/earth-science/projects/firesat/bundle/properties.
      </failure>
    </testcase>
    <testcase name='http://imce.jpl.nasa.gov/foundation/project#executes'>
      <failure>
        declared in
        http://opencaesar.io/examples/firesat/programs/earth-science/projects/firesat/bundle/properties.
      </failure>
    </testcase>
    <testcase name='http://imce.jpl.nasa.gov/foundation/project#hasApprovesSource'>
      <failure>
        declared in
        http://opencaesar.io/examples/firesat/programs/earth-science/projects/firesat/bundle/properties.
      </failure>
    </testcase>
    <testcase name='http://imce.jpl.nasa.gov/foundation/project#hasApprovesTarget'>
      <failure>
        declared in
        http://opencaesar.io/examples/firesat/programs/earth-science/projects/firesat/bundle/properties.
      </failure>
    </testcase>
    <testcase name='http://imce.jpl.nasa.gov/foundation/project#hasAssignment'>
      <failure>
        declared in
        http://opencaesar.io/examples/firesat/programs/earth-science/projects/firesat/bundle/properties.
      </failure>
    </testcase>
    <testcase name='http://imce.jpl.nasa.gov/foundation/project#hasAuthorizesSource'>
      <failure>
        declared in
        http://opencaesar.io/examples/firesat/programs/earth-science/projects/firesat/bundle/properties.
      </failure>
    </testcase>
    <testcase name='http://imce.jpl.nasa.gov/foundation/project#hasAuthorizesTarget'>
      <failure>
        declared in
        http://opencaesar.io/examples/firesat/programs/earth-science/projects/firesat/bundle/properties.
      </failure>
    </testcase>
    <testcase name='http://imce.jpl.nasa.gov/foundation/project#hasBelongsToSource'>
      <failure>
        declared in
        http://opencaesar.io/examples/firesat/programs/earth-science/projects/firesat/bundle/properties.
      </failure>
    </testcase>
    <testcase name='http://imce.jpl.nasa.gov/foundation/project#hasBelongsToTarget'>
      <failure>
        declared in
        http://opencaesar.io/examples/firesat/programs/earth-science/projects/firesat/bundle/properties.
      </failure>
    </testcase>
    <testcase name='http://imce.jpl.nasa.gov/foundation/project#hasBindsSource'>
      <failure>
        declared in
        http://opencaesar.io/examples/firesat/programs/earth-science/projects/firesat/bundle/properties.
      </failure>
    </testcase>
    <testcase name='http://imce.jpl.nasa.gov/foundation/project#hasBindsTarget'>
      <failure>
        declared in
        http://opencaesar.io/examples/firesat/programs/earth-science/projects/firesat/bundle/properties.
      </failure>
    </testcase>
    <testcase name='http://imce.jpl.nasa.gov/foundation/project#hasConcursSource'>
      <failure>
        declared in
        http://opencaesar.io/examples/firesat/programs/earth-science/projects/firesat/bundle/properties.
      </failure>
    </testcase>
    <testcase name='http://imce.jpl.nasa.gov/foundation/project#hasConcursTarget'>
      <failure>
        declared in
        http://opencaesar.io/examples/firesat/programs/earth-science/projects/firesat/bundle/properties.
      </failure>
    </testcase>
    <testcase name='http://imce.jpl.nasa.gov/foundation/project#hasDelegatesToSource'>
      <failure>
        declared in
        http://opencaesar.io/examples/firesat/programs/earth-science/projects/firesat/bundle/properties.
      </failure>
    </testcase>
    <testcase name='http://imce.jpl.nasa.gov/foundation/project#hasDelegatesToTarget'>
      <failure>
        declared in
        http://opencaesar.io/examples/firesat/programs/earth-science/projects/firesat/bundle/properties.
      </failure>
    </testcase>
    <testcase name='http://imce.jpl.nasa.gov/foundation/project#hasDeliversSource'>
      <failure>
        declared in
        http://opencaesar.io/examples/firesat/programs/earth-science/projects/firesat/bundle/properties.
      </failure>
    </testcase>
    <testcase name='http://imce.jpl.nasa.gov/foundation/project#hasDeliversTarget'>
      <failure>
        declared in
        http://opencaesar.io/examples/firesat/programs/earth-science/projects/firesat/bundle/properties.
      </failure>
    </testcase>
    <testcase name='http://imce.jpl.nasa.gov/foundation/project#hasDescribesSource'>
      <failure>
        declared in
        http://opencaesar.io/examples/firesat/programs/earth-science/projects/firesat/bundle/properties.
      </failure>
    </testcase>
    <testcase name='http://imce.jpl.nasa.gov/foundation/project#hasDescribesTarget'>
      <failure>
        declared in
        http://opencaesar.io/examples/firesat/programs/earth-science/projects/firesat/bundle/properties.
      </failure>
    </testcase>
    <testcase name='http://imce.jpl.nasa.gov/foundation/project#hasExecutesSource'>
      <failure>
        declared in
        http://opencaesar.io/examples/firesat/programs/earth-science/projects/firesat/bundle/properties.
      </failure>
    </testcase>
    <testcase name='http://imce.jpl.nasa.gov/foundation/project#hasExecutesTarget'>
      <failure>
        declared in
        http://opencaesar.io/examples/firesat/programs/earth-science/projects/firesat/bundle/properties.
      </failure>
    </testcase>
    <testcase name='http://imce.jpl.nasa.gov/foundation/project#hasHasAssignmentSource'>
      <failure>
        declared in
        http://opencaesar.io/examples/firesat/programs/earth-science/projects/firesat/bundle/properties.
      </failure>
    </testcase>
    <testcase name='http://imce.jpl.nasa.gov/foundation/project#hasHasAssignmentTarget'>
      <failure>
        declared in
        http://opencaesar.io/examples/firesat/programs/earth-science/projects/firesat/bundle/properties.
      </failure>
    </testcase>
    <testcase name='http://imce.jpl.nasa.gov/foundation/project#hasHasParticipantSource'>
      <failure>
        declared in
        http://opencaesar.io/examples/firesat/programs/earth-science/projects/firesat/bundle/properties.
      </failure>
    </testcase>
    <testcase name='http://imce.jpl.nasa.gov/foundation/project#hasHasParticipantTarget'>
      <failure>
        declared in
        http://opencaesar.io/examples/firesat/programs/earth-science/projects/firesat/bundle/properties.
      </failure>
    </testcase>
    <testcase name='http://imce.jpl.nasa.gov/foundation/project#hasHasResponsibilityForSource'>
      <failure>
        declared in
        http://opencaesar.io/examples/firesat/programs/earth-science/projects/firesat/bundle/properties.
      </failure>
    </testcase>
    <testcase name='http://imce.jpl.nasa.gov/foundation/project#hasHasResponsibilityForTarget'>
      <failure>
        declared in
        http://opencaesar.io/examples/firesat/programs/earth-science/projects/firesat/bundle/properties.
      </failure>
    </testcase>
    <testcase name='http://imce.jpl.nasa.gov/foundation/project#hasHasRoleSource'>
      <failure>
        declared in
        http://opencaesar.io/examples/firesat/programs/earth-science/projects/firesat/bundle/properties.
      </failure>
    </testcase>
    <testcase name='http://imce.jpl.nasa.gov/foundation/project#hasHasRoleTarget'>
      <failure>
        declared in
        http://opencaesar.io/examples/firesat/programs/earth-science/projects/firesat/bundle/properties.
      </failure>
    </testcase>
    <testcase name='http://imce.jpl.nasa.gov/foundation/project#hasInterchangesThroughSource'>
      <failure>
        declared in
        http://opencaesar.io/examples/firesat/programs/earth-science/projects/firesat/bundle/properties.
      </failure>
    </testcase>
    <testcase name='http://imce.jpl.nasa.gov/foundation/project#hasInterchangesThroughTarget'>
      <failure>
        declared in
        http://opencaesar.io/examples/firesat/programs/earth-science/projects/firesat/bundle/properties.
      </failure>
    </testcase>
    <testcase name='http://imce.jpl.nasa.gov/foundation/project#hasInvokesSource'>
      <failure>
        declared in
        http://opencaesar.io/examples/firesat/programs/earth-science/projects/firesat/bundle/properties.
      </failure>
    </testcase>
    <testcase name='http://imce.jpl.nasa.gov/foundation/project#hasInvokesTarget'>
      <failure>
        declared in
        http://opencaesar.io/examples/firesat/programs/earth-science/projects/firesat/bundle/properties.
      </failure>
    </testcase>
    <testcase name='http://imce.jpl.nasa.gov/foundation/project#hasInvolves1Source'>
      <failure>
        declared in
        http://opencaesar.io/examples/firesat/programs/earth-science/projects/firesat/bundle/properties.
      </failure>
    </testcase>
    <testcase name='http://imce.jpl.nasa.gov/foundation/project#hasInvolves1Target'>
      <failure>
        declared in
        http://opencaesar.io/examples/firesat/programs/earth-science/projects/firesat/bundle/properties.
      </failure>
    </testcase>
    <testcase name='http://imce.jpl.nasa.gov/foundation/project#hasInvolves2Source'>
      <failure>
        declared in
        http://opencaesar.io/examples/firesat/programs/earth-science/projects/firesat/bundle/properties.
      </failure>
    </testcase>
    <testcase name='http://imce.jpl.nasa.gov/foundation/project#hasInvolves2Target'>
      <failure>
        declared in
        http://opencaesar.io/examples/firesat/programs/earth-science/projects/firesat/bundle/properties.
      </failure>
    </testcase>
    <testcase name='http://imce.jpl.nasa.gov/foundation/project#hasInvolvesSource'>
      <failure>
        declared in
        http://opencaesar.io/examples/firesat/programs/earth-science/projects/firesat/bundle/properties.
      </failure>
    </testcase>
    <testcase name='http://imce.jpl.nasa.gov/foundation/project#hasInvolvesTarget'>
      <failure>
        declared in
        http://opencaesar.io/examples/firesat/programs/earth-science/projects/firesat/bundle/properties.
      </failure>
    </testcase>
    <testcase name='http://imce.jpl.nasa.gov/foundation/project#hasManifestsSource'>
      <failure>
        declared in
        http://opencaesar.io/examples/firesat/programs/earth-science/projects/firesat/bundle/properties.
      </failure>
    </testcase>
    <testcase name='http://imce.jpl.nasa.gov/foundation/project#hasManifestsTarget'>
      <failure>
        declared in
        http://opencaesar.io/examples/firesat/programs/earth-science/projects/firesat/bundle/properties.
      </failure>
    </testcase>
    <testcase name='http://imce.jpl.nasa.gov/foundation/project#hasParticipant'>
      <failure>
        declared in
        http://opencaesar.io/examples/firesat/programs/earth-science/projects/firesat/bundle/properties.
      </failure>
    </testcase>
    <testcase name='http://imce.jpl.nasa.gov/foundation/project#hasPreparesSource'>
      <failure>
        declared in
        http://opencaesar.io/examples/firesat/programs/earth-science/projects/firesat/bundle/properties.
      </failure>
    </testcase>
    <testcase name='http://imce.jpl.nasa.gov/foundation/project#hasPreparesTarget'>
      <failure>
        declared in
        http://opencaesar.io/examples/firesat/programs/earth-science/projects/firesat/bundle/properties.
      </failure>
    </testcase>
    <testcase name='http://imce.jpl.nasa.gov/foundation/project#hasProducesSource'>
      <failure>
        declared in
        http://opencaesar.io/examples/firesat/programs/earth-science/projects/firesat/bundle/properties.
      </failure>
    </testcase>
    <testcase name='http://imce.jpl.nasa.gov/foundation/project#hasProducesTarget'>
      <failure>
        declared in
        http://opencaesar.io/examples/firesat/programs/earth-science/projects/firesat/bundle/properties.
      </failure>
    </testcase>
    <testcase name='http://imce.jpl.nasa.gov/foundation/project#hasRealizesSource'>
      <failure>
        declared in
        http://opencaesar.io/examples/firesat/programs/earth-science/projects/firesat/bundle/properties.
      </failure>
    </testcase>
    <testcase name='http://imce.jpl.nasa.gov/foundation/project#hasRealizesTarget'>
      <failure>
        declared in
        http://opencaesar.io/examples/firesat/programs/earth-science/projects/firesat/bundle/properties.
      </failure>
    </testcase>
    <testcase name='http://imce.jpl.nasa.gov/foundation/project#hasReceivesSource'>
      <failure>
        declared in
        http://opencaesar.io/examples/firesat/programs/earth-science/projects/firesat/bundle/properties.
      </failure>
    </testcase>
    <testcase name='http://imce.jpl.nasa.gov/foundation/project#hasReceivesTarget'>
      <failure>
        declared in
        http://opencaesar.io/examples/firesat/programs/earth-science/projects/firesat/bundle/properties.
      </failure>
    </testcase>
    <testcase name='http://imce.jpl.nasa.gov/foundation/project#hasReliesOnSource'>
      <failure>
        declared in
        http://opencaesar.io/examples/firesat/programs/earth-science/projects/firesat/bundle/properties.
      </failure>
    </testcase>
    <testcase name='http://imce.jpl.nasa.gov/foundation/project#hasReliesOnTarget'>
      <failure>
        declared in
        http://opencaesar.io/examples/firesat/programs/earth-science/projects/firesat/bundle/properties.
      </failure>
    </testcase>
    <testcase name='http://imce.jpl.nasa.gov/foundation/project#hasRepresentsSource'>
      <failure>
        declared in
        http://opencaesar.io/examples/firesat/programs/earth-science/projects/firesat/bundle/properties.
      </failure>
    </testcase>
    <testcase name='http://imce.jpl.nasa.gov/foundation/project#hasRepresentsTarget'>
      <failure>
        declared in
        http://opencaesar.io/examples/firesat/programs/earth-science/projects/firesat/bundle/properties.
      </failure>
    </testcase>
    <testcase name='http://imce.jpl.nasa.gov/foundation/project#hasResponsibilityFor'>
      <failure>
        declared in
        http://opencaesar.io/examples/firesat/programs/earth-science/projects/firesat/bundle/properties.
      </failure>
    </testcase>
    <testcase name='http://imce.jpl.nasa.gov/foundation/project#hasRole'>
      <failure>
        declared in
        http://opencaesar.io/examples/firesat/programs/earth-science/projects/firesat/bundle/properties.
      </failure>
    </testcase>
    <testcase name='http://imce.jpl.nasa.gov/foundation/project#hasSuppliesSource'>
      <failure>
        declared in
        http://opencaesar.io/examples/firesat/programs/earth-science/projects/firesat/bundle/properties.
      </failure>
    </testcase>
    <testcase name='http://imce.jpl.nasa.gov/foundation/project#hasSuppliesTarget'>
      <failure>
        declared in
        http://opencaesar.io/examples/firesat/programs/earth-science/projects/firesat/bundle/properties.
      </failure>
    </testcase>
    <testcase name='http://imce.jpl.nasa.gov/foundation/project#interchangesThrough'>
      <failure>
        declared in
        http://opencaesar.io/examples/firesat/programs/earth-science/projects/firesat/bundle/properties.
      </failure>
    </testcase>
    <testcase name='http://imce.jpl.nasa.gov/foundation/project#invokes'>
      <failure>
        declared in
        http://opencaesar.io/examples/firesat/programs/earth-science/projects/firesat/bundle/properties.
      </failure>
    </testcase>
    <testcase name='http://imce.jpl.nasa.gov/foundation/project#involves'>
      <failure>
        declared in
        http://opencaesar.io/examples/firesat/programs/earth-science/projects/firesat/bundle/properties.
      </failure>
    </testcase>
    <testcase name='http://imce.jpl.nasa.gov/foundation/project#involves1'>
      <failure>
        declared in
        http://opencaesar.io/examples/firesat/programs/earth-science/projects/firesat/bundle/properties.
      </failure>
    </testcase>
    <testcase name='http://imce.jpl.nasa.gov/foundation/project#involves2'>
      <failure>
        declared in
        http://opencaesar.io/examples/firesat/programs/earth-science/projects/firesat/bundle/properties.
      </failure>
    </testcase>
    <testcase name='http://imce.jpl.nasa.gov/foundation/project#isApprovedBy'>
      <failure>
        declared in
        http://opencaesar.io/examples/firesat/programs/earth-science/projects/firesat/bundle/properties.
      </failure>
    </testcase>
    <testcase name='http://imce.jpl.nasa.gov/foundation/project#isAssignedTo'>
      <failure>
        declared in
        http://opencaesar.io/examples/firesat/programs/earth-science/projects/firesat/bundle/properties.
      </failure>
    </testcase>
    <testcase name='http://imce.jpl.nasa.gov/foundation/project#isBoundBy'>
      <failure>
        declared in
        http://opencaesar.io/examples/firesat/programs/earth-science/projects/firesat/bundle/properties.
      </failure>
    </testcase>
    <testcase name='http://imce.jpl.nasa.gov/foundation/project#isConcurredBy'>
      <failure>
        declared in
        http://opencaesar.io/examples/firesat/programs/earth-science/projects/firesat/bundle/properties.
      </failure>
    </testcase>
    <testcase name='http://imce.jpl.nasa.gov/foundation/project#isDelegateOf'>
      <failure>
        declared in
        http://opencaesar.io/examples/firesat/programs/earth-science/projects/firesat/bundle/properties.
      </failure>
    </testcase>
    <testcase name='http://imce.jpl.nasa.gov/foundation/project#isDeliveredBy'>
      <failure>
        declared in
        http://opencaesar.io/examples/firesat/programs/earth-science/projects/firesat/bundle/properties.
      </failure>
    </testcase>
    <testcase name='http://imce.jpl.nasa.gov/foundation/project#isDescribedBy'>
      <failure>
        declared in
        http://opencaesar.io/examples/firesat/programs/earth-science/projects/firesat/bundle/properties.
      </failure>
    </testcase>
    <testcase name='http://imce.jpl.nasa.gov/foundation/project#isExecutedBy'>
      <failure>
        declared in
        http://opencaesar.io/examples/firesat/programs/earth-science/projects/firesat/bundle/properties.
      </failure>
    </testcase>
    <testcase name='http://imce.jpl.nasa.gov/foundation/project#isInterchangePointFor'>
      <failure>
        declared in
        http://opencaesar.io/examples/firesat/programs/earth-science/projects/firesat/bundle/properties.
      </failure>
    </testcase>
    <testcase name='http://imce.jpl.nasa.gov/foundation/project#isInvokedBy'>
      <failure>
        declared in
        http://opencaesar.io/examples/firesat/programs/earth-science/projects/firesat/bundle/properties.
      </failure>
    </testcase>
    <testcase name='http://imce.jpl.nasa.gov/foundation/project#isInvolvedIn'>
      <failure>
        declared in
        http://opencaesar.io/examples/firesat/programs/earth-science/projects/firesat/bundle/properties.
      </failure>
    </testcase>
    <testcase name='http://imce.jpl.nasa.gov/foundation/project#isInvolvedIn1'>
      <failure>
        declared in
        http://opencaesar.io/examples/firesat/programs/earth-science/projects/firesat/bundle/properties.
      </failure>
    </testcase>
    <testcase name='http://imce.jpl.nasa.gov/foundation/project#isInvolvedIn2'>
      <failure>
        declared in
        http://opencaesar.io/examples/firesat/programs/earth-science/projects/firesat/bundle/properties.
      </failure>
    </testcase>
    <testcase name='http://imce.jpl.nasa.gov/foundation/project#isManfestedBy'>
      <failure>
        declared in
        http://opencaesar.io/examples/firesat/programs/earth-science/projects/firesat/bundle/properties.
      </failure>
    </testcase>
    <testcase name='http://imce.jpl.nasa.gov/foundation/project#isPreparedBy'>
      <failure>
        declared in
        http://opencaesar.io/examples/firesat/programs/earth-science/projects/firesat/bundle/properties.
      </failure>
    </testcase>
    <testcase name='http://imce.jpl.nasa.gov/foundation/project#isProducedBy'>
      <failure>
        declared in
        http://opencaesar.io/examples/firesat/programs/earth-science/projects/firesat/bundle/properties.
      </failure>
    </testcase>
    <testcase name='http://imce.jpl.nasa.gov/foundation/project#isRealizedBy'>
      <failure>
        declared in
        http://opencaesar.io/examples/firesat/programs/earth-science/projects/firesat/bundle/properties.
      </failure>
    </testcase>
    <testcase name='http://imce.jpl.nasa.gov/foundation/project#isReceivedBy'>
      <failure>
        declared in
        http://opencaesar.io/examples/firesat/programs/earth-science/projects/firesat/bundle/properties.
      </failure>
    </testcase>
    <testcase name='http://imce.jpl.nasa.gov/foundation/project#isReliedOnBy'>
      <failure>
        declared in
        http://opencaesar.io/examples/firesat/programs/earth-science/projects/firesat/bundle/properties.
      </failure>
    </testcase>
    <testcase name='http://imce.jpl.nasa.gov/foundation/project#isRepresentedBy'>
      <failure>
        declared in
        http://opencaesar.io/examples/firesat/programs/earth-science/projects/firesat/bundle/properties.
      </failure>
    </testcase>
    <testcase name='http://imce.jpl.nasa.gov/foundation/project#isRequiredNotLaterThan'>
      <failure>
        declared in
        http://opencaesar.io/examples/firesat/programs/earth-science/projects/firesat/bundle/properties.
      </failure>
    </testcase>
    <testcase name='http://imce.jpl.nasa.gov/foundation/project#isResponsibilityOf'>
      <failure>
        declared in
        http://opencaesar.io/examples/firesat/programs/earth-science/projects/firesat/bundle/properties.
      </failure>
    </testcase>
    <testcase name='http://imce.jpl.nasa.gov/foundation/project#isRoleOf'>
      <failure>
        declared in
        http://opencaesar.io/examples/firesat/programs/earth-science/projects/firesat/bundle/properties.
      </failure>
    </testcase>
    <testcase name='http://imce.jpl.nasa.gov/foundation/project#isSuppliedBy'>
      <failure>
        declared in
        http://opencaesar.io/examples/firesat/programs/earth-science/projects/firesat/bundle/properties.
      </failure>
    </testcase>
    <testcase name='http://imce.jpl.nasa.gov/foundation/project#manifests'>
      <failure>
        declared in
        http://opencaesar.io/examples/firesat/programs/earth-science/projects/firesat/bundle/properties.
      </failure>
    </testcase>
    <testcase name='http://imce.jpl.nasa.gov/foundation/project#participatesIn'>
      <failure>
        declared in
        http://opencaesar.io/examples/firesat/programs/earth-science/projects/firesat/bundle/properties.
      </failure>
    </testcase>
    <testcase name='http://imce.jpl.nasa.gov/foundation/project#prepares'>
      <failure>
        declared in
        http://opencaesar.io/examples/firesat/programs/earth-science/projects/firesat/bundle/properties.
      </failure>
    </testcase>
    <testcase name='http://imce.jpl.nasa.gov/foundation/project#produces'>
      <failure>
        declared in
        http://opencaesar.io/examples/firesat/programs/earth-science/projects/firesat/bundle/properties.
      </failure>
    </testcase>
    <testcase name='http://imce.jpl.nasa.gov/foundation/project#realizes'>
      <failure>
        declared in
        http://opencaesar.io/examples/firesat/programs/earth-science/projects/firesat/bundle/properties.
      </failure>
    </testcase>
    <testcase name='http://imce.jpl.nasa.gov/foundation/project#receives'>
      <failure>
        declared in
        http://opencaesar.io/examples/firesat/programs/earth-science/projects/firesat/bundle/properties.
      </failure>
    </testcase>
    <testcase name='http://imce.jpl.nasa.gov/foundation/project#reliesOn'>
      <failure>
        declared in
        http://opencaesar.io/examples/firesat/programs/earth-science/projects/firesat/bundle/properties.
      </failure>
    </testcase>
    <testcase name='http://imce.jpl.nasa.gov/foundation/project#represents'>
      <failure>
        declared in
        http://opencaesar.io/examples/firesat/programs/earth-science/projects/firesat/bundle/properties.
      </failure>
    </testcase>
    <testcase name='http://imce.jpl.nasa.gov/foundation/project#supplies'>
      <failure>
        declared in
        http://opencaesar.io/examples/firesat/programs/earth-science/projects/firesat/bundle/properties.
      </failure>
    </testcase>
    <testcase name='http://iso.org/80000-1-decimalPrefix#DecimalPrefix'>
      <failure>
        declared in
        http://opencaesar.io/examples/firesat/programs/earth-science/projects/firesat/bundle/properties.
      </failure>
    </testcase>
    <testcase name='http://iso.org/80000-3-quantities#Angular-Measure-Has-Arc-Length'>
      <failure>
        declared in
        http://opencaesar.io/examples/firesat/programs/earth-science/projects/firesat/bundle/properties.
      </failure>
    </testcase>
    <testcase name='http://iso.org/80000-3-quantities#Angular-Measure-Has-Radius'>
      <failure>
        declared in
        http://opencaesar.io/examples/firesat/programs/earth-science/projects/firesat/bundle/properties.
      </failure>
    </testcase>
    <testcase name='http://iso.org/80000-3-quantities#Frequency-Has-Period-Duration'>
      <failure>
        declared in
        http://opencaesar.io/examples/firesat/programs/earth-science/projects/firesat/bundle/properties.
      </failure>
    </testcase>
    <testcase name='http://iso.org/80000-3-quantities#Rotation-Has-Rotational-Displacement'>
      <failure>
        declared in
        http://opencaesar.io/examples/firesat/programs/earth-science/projects/firesat/bundle/properties.
      </failure>
    </testcase>
    <testcase name='http://iso.org/80000-3-quantities#Rotational-Displacement-Has-Distance'>
      <failure>
        declared in
        http://opencaesar.io/examples/firesat/programs/earth-science/projects/firesat/bundle/properties.
      </failure>
    </testcase>
    <testcase name='http://iso.org/80000-3-quantities#Rotational-Displacement-Has-Path-Length'>
      <failure>
        declared in
        http://opencaesar.io/examples/firesat/programs/earth-science/projects/firesat/bundle/properties.
      </failure>
    </testcase>
    <testcase name='http://iso.org/80000-3-quantities#Rotational-Frequency-Has-Duration'>
      <failure>
        declared in
        http://opencaesar.io/examples/firesat/programs/earth-science/projects/firesat/bundle/properties.
      </failure>
    </testcase>
    <testcase name='http://iso.org/80000-3-quantities#Rotational-Frequency-Has-Rotation'>
      <failure>
        declared in
        http://opencaesar.io/examples/firesat/programs/earth-science/projects/firesat/bundle/properties.
      </failure>
    </testcase>
    <testcase name='http://iso.org/80000-3-quantities#Velocity-Has-Duration'>
      <failure>
        declared in
        http://opencaesar.io/examples/firesat/programs/earth-science/projects/firesat/bundle/properties.
      </failure>
    </testcase>
    <testcase name='http://iso.org/80000-3-quantities#Velocity-Has-Position-Vector'>
      <failure>
        declared in
        http://opencaesar.io/examples/firesat/programs/earth-science/projects/firesat/bundle/properties.
      </failure>
    </testcase>
    <testcase name='http://iso.org/80000-3-quantities#altitude'>
      <failure>
        declared in
        http://opencaesar.io/examples/firesat/programs/earth-science/projects/firesat/bundle/properties.
      </failure>
    </testcase>
    <testcase name='http://iso.org/80000-3-quantities#angular-measure'>
      <failure>
        declared in
        http://opencaesar.io/examples/firesat/programs/earth-science/projects/firesat/bundle/properties.
      </failure>
    </testcase>
    <testcase name='http://iso.org/80000-3-quantities#angular-measure-has-arc-length'>
      <failure>
        declared in
        http://opencaesar.io/examples/firesat/programs/earth-science/projects/firesat/bundle/properties.
      </failure>
    </testcase>
    <testcase name='http://iso.org/80000-3-quantities#angular-measure-has-radius'>
      <failure>
        declared in
        http://opencaesar.io/examples/firesat/programs/earth-science/projects/firesat/bundle/properties.
      </failure>
    </testcase>
    <testcase name='http://iso.org/80000-3-quantities#arc-length'>
      <failure>
        declared in
        http://opencaesar.io/examples/firesat/programs/earth-science/projects/firesat/bundle/properties.
      </failure>
    </testcase>
    <testcase name='http://iso.org/80000-3-quantities#breadth'>
      <failure>
        declared in
        http://opencaesar.io/examples/firesat/programs/earth-science/projects/firesat/bundle/properties.
      </failure>
    </testcase>
    <testcase name='http://iso.org/80000-3-quantities#depth'>
      <failure>
        declared in
        http://opencaesar.io/examples/firesat/programs/earth-science/projects/firesat/bundle/properties.
      </failure>
    </testcase>
    <testcase name='http://iso.org/80000-3-quantities#diameter'>
      <failure>
        declared in
        http://opencaesar.io/examples/firesat/programs/earth-science/projects/firesat/bundle/properties.
      </failure>
    </testcase>
    <testcase name='http://iso.org/80000-3-quantities#displacement'>
      <failure>
        declared in
        http://opencaesar.io/examples/firesat/programs/earth-science/projects/firesat/bundle/properties.
      </failure>
    </testcase>
    <testcase name='http://iso.org/80000-3-quantities#distance'>
      <failure>
        declared in
        http://opencaesar.io/examples/firesat/programs/earth-science/projects/firesat/bundle/properties.
      </failure>
    </testcase>
    <testcase name='http://iso.org/80000-3-quantities#duration'>
      <failure>
        declared in
        http://opencaesar.io/examples/firesat/programs/earth-science/projects/firesat/bundle/properties.
      </failure>
    </testcase>
    <testcase name='http://iso.org/80000-3-quantities#frequency'>
      <failure>
        declared in
        http://opencaesar.io/examples/firesat/programs/earth-science/projects/firesat/bundle/properties.
      </failure>
    </testcase>
    <testcase name='http://iso.org/80000-3-quantities#frequency-has-period-duration'>
      <failure>
        declared in
        http://opencaesar.io/examples/firesat/programs/earth-science/projects/firesat/bundle/properties.
      </failure>
    </testcase>
    <testcase name='http://iso.org/80000-3-quantities#hasAngular-Measure-Has-Arc-LengthSource'>
      <failure>
        declared in
        http://opencaesar.io/examples/firesat/programs/earth-science/projects/firesat/bundle/properties.
      </failure>
    </testcase>
    <testcase name='http://iso.org/80000-3-quantities#hasAngular-Measure-Has-Arc-LengthTarget'>
      <failure>
        declared in
        http://opencaesar.io/examples/firesat/programs/earth-science/projects/firesat/bundle/properties.
      </failure>
    </testcase>
    <testcase name='http://iso.org/80000-3-quantities#hasAngular-Measure-Has-RadiusSource'>
      <failure>
        declared in
        http://opencaesar.io/examples/firesat/programs/earth-science/projects/firesat/bundle/properties.
      </failure>
    </testcase>
    <testcase name='http://iso.org/80000-3-quantities#hasAngular-Measure-Has-RadiusTarget'>
      <failure>
        declared in
        http://opencaesar.io/examples/firesat/programs/earth-science/projects/firesat/bundle/properties.
      </failure>
    </testcase>
    <testcase name='http://iso.org/80000-3-quantities#hasFrequency-Has-Period-DurationSource'>
      <failure>
        declared in
        http://opencaesar.io/examples/firesat/programs/earth-science/projects/firesat/bundle/properties.
      </failure>
    </testcase>
    <testcase name='http://iso.org/80000-3-quantities#hasFrequency-Has-Period-DurationTarget'>
      <failure>
        declared in
        http://opencaesar.io/examples/firesat/programs/earth-science/projects/firesat/bundle/properties.
      </failure>
    </testcase>
    <testcase name='http://iso.org/80000-3-quantities#hasRotation-Has-Rotational-DisplacementSource'>
      <failure>
        declared in
        http://opencaesar.io/examples/firesat/programs/earth-science/projects/firesat/bundle/properties.
      </failure>
    </testcase>
    <testcase name='http://iso.org/80000-3-quantities#hasRotation-Has-Rotational-DisplacementTarget'>
      <failure>
        declared in
        http://opencaesar.io/examples/firesat/programs/earth-science/projects/firesat/bundle/properties.
      </failure>
    </testcase>
    <testcase name='http://iso.org/80000-3-quantities#hasRotational-Displacement-Has-DistanceSource'>
      <failure>
        declared in
        http://opencaesar.io/examples/firesat/programs/earth-science/projects/firesat/bundle/properties.
      </failure>
    </testcase>
    <testcase name='http://iso.org/80000-3-quantities#hasRotational-Displacement-Has-DistanceTarget'>
      <failure>
        declared in
        http://opencaesar.io/examples/firesat/programs/earth-science/projects/firesat/bundle/properties.
      </failure>
    </testcase>
    <testcase name='http://iso.org/80000-3-quantities#hasRotational-Displacement-Has-Path-LengthSource'>
      <failure>
        declared in
        http://opencaesar.io/examples/firesat/programs/earth-science/projects/firesat/bundle/properties.
      </failure>
    </testcase>
    <testcase name='http://iso.org/80000-3-quantities#hasRotational-Displacement-Has-Path-LengthTarget'>
      <failure>
        declared in
        http://opencaesar.io/examples/firesat/programs/earth-science/projects/firesat/bundle/properties.
      </failure>
    </testcase>
    <testcase name='http://iso.org/80000-3-quantities#hasRotational-Frequency-Has-DurationSource'>
      <failure>
        declared in
        http://opencaesar.io/examples/firesat/programs/earth-science/projects/firesat/bundle/properties.
      </failure>
    </testcase>
    <testcase name='http://iso.org/80000-3-quantities#hasRotational-Frequency-Has-DurationTarget'>
      <failure>
        declared in
        http://opencaesar.io/examples/firesat/programs/earth-science/projects/firesat/bundle/properties.
      </failure>
    </testcase>
    <testcase name='http://iso.org/80000-3-quantities#hasRotational-Frequency-Has-RotationSource'>
      <failure>
        declared in
        http://opencaesar.io/examples/firesat/programs/earth-science/projects/firesat/bundle/properties.
      </failure>
    </testcase>
    <testcase name='http://iso.org/80000-3-quantities#hasRotational-Frequency-Has-RotationTarget'>
      <failure>
        declared in
        http://opencaesar.io/examples/firesat/programs/earth-science/projects/firesat/bundle/properties.
      </failure>
    </testcase>
    <testcase name='http://iso.org/80000-3-quantities#hasVelocity-Has-DurationSource'>
      <failure>
        declared in
        http://opencaesar.io/examples/firesat/programs/earth-science/projects/firesat/bundle/properties.
      </failure>
    </testcase>
    <testcase name='http://iso.org/80000-3-quantities#hasVelocity-Has-DurationTarget'>
      <failure>
        declared in
        http://opencaesar.io/examples/firesat/programs/earth-science/projects/firesat/bundle/properties.
      </failure>
    </testcase>
    <testcase name='http://iso.org/80000-3-quantities#hasVelocity-Has-Position-VectorSource'>
      <failure>
        declared in
        http://opencaesar.io/examples/firesat/programs/earth-science/projects/firesat/bundle/properties.
      </failure>
    </testcase>
    <testcase name='http://iso.org/80000-3-quantities#hasVelocity-Has-Position-VectorTarget'>
      <failure>
        declared in
        http://opencaesar.io/examples/firesat/programs/earth-science/projects/firesat/bundle/properties.
      </failure>
    </testcase>
    <testcase name='http://iso.org/80000-3-quantities#height'>
      <failure>
        declared in
        http://opencaesar.io/examples/firesat/programs/earth-science/projects/firesat/bundle/properties.
      </failure>
    </testcase>
    <testcase name='http://iso.org/80000-3-quantities#length'>
      <failure>
        declared in
        http://opencaesar.io/examples/firesat/programs/earth-science/projects/firesat/bundle/properties.
      </failure>
    </testcase>
    <testcase name='http://iso.org/80000-3-quantities#path-length'>
      <failure>
        declared in
        http://opencaesar.io/examples/firesat/programs/earth-science/projects/firesat/bundle/properties.
      </failure>
    </testcase>
    <testcase name='http://iso.org/80000-3-quantities#period-duration'>
      <failure>
        declared in
        http://opencaesar.io/examples/firesat/programs/earth-science/projects/firesat/bundle/properties.
      </failure>
    </testcase>
    <testcase name='http://iso.org/80000-3-quantities#position-vector'>
      <failure>
        declared in
        http://opencaesar.io/examples/firesat/programs/earth-science/projects/firesat/bundle/properties.
      </failure>
    </testcase>
    <testcase name='http://iso.org/80000-3-quantities#radial-distance'>
      <failure>
        declared in
        http://opencaesar.io/examples/firesat/programs/earth-science/projects/firesat/bundle/properties.
      </failure>
    </testcase>
    <testcase name='http://iso.org/80000-3-quantities#radius'>
      <failure>
        declared in
        http://opencaesar.io/examples/firesat/programs/earth-science/projects/firesat/bundle/properties.
      </failure>
    </testcase>
    <testcase name='http://iso.org/80000-3-quantities#radius-of-curvature'>
      <failure>
        declared in
        http://opencaesar.io/examples/firesat/programs/earth-science/projects/firesat/bundle/properties.
      </failure>
    </testcase>
    <testcase name='http://iso.org/80000-3-quantities#rotation'>
      <failure>
        declared in
        http://opencaesar.io/examples/firesat/programs/earth-science/projects/firesat/bundle/properties.
      </failure>
    </testcase>
    <testcase name='http://iso.org/80000-3-quantities#rotation-has-rotational-displacement'>
      <failure>
        declared in
        http://opencaesar.io/examples/firesat/programs/earth-science/projects/firesat/bundle/properties.
      </failure>
    </testcase>
    <testcase name='http://iso.org/80000-3-quantities#rotational-displacement'>
      <failure>
        declared in
        http://opencaesar.io/examples/firesat/programs/earth-science/projects/firesat/bundle/properties.
      </failure>
    </testcase>
    <testcase name='http://iso.org/80000-3-quantities#rotational-displacement-has-distance'>
      <failure>
        declared in
        http://opencaesar.io/examples/firesat/programs/earth-science/projects/firesat/bundle/properties.
      </failure>
    </testcase>
    <testcase name='http://iso.org/80000-3-quantities#rotational-displacement-has-path-length'>
      <failure>
        declared in
        http://opencaesar.io/examples/firesat/programs/earth-science/projects/firesat/bundle/properties.
      </failure>
    </testcase>
    <testcase name='http://iso.org/80000-3-quantities#rotational-frequency'>
      <failure>
        declared in
        http://opencaesar.io/examples/firesat/programs/earth-science/projects/firesat/bundle/properties.
      </failure>
    </testcase>
    <testcase name='http://iso.org/80000-3-quantities#rotational-frequency-has-duration'>
      <failure>
        declared in
        http://opencaesar.io/examples/firesat/programs/earth-science/projects/firesat/bundle/properties.
      </failure>
    </testcase>
    <testcase name='http://iso.org/80000-3-quantities#rotational-frequency-has-rotation'>
      <failure>
        declared in
        http://opencaesar.io/examples/firesat/programs/earth-science/projects/firesat/bundle/properties.
      </failure>
    </testcase>
    <testcase name='http://iso.org/80000-3-quantities#thickness'>
      <failure>
        declared in
        http://opencaesar.io/examples/firesat/programs/earth-science/projects/firesat/bundle/properties.
      </failure>
    </testcase>
    <testcase name='http://iso.org/80000-3-quantities#velocity'>
      <failure>
        declared in
        http://opencaesar.io/examples/firesat/programs/earth-science/projects/firesat/bundle/properties.
      </failure>
    </testcase>
    <testcase name='http://iso.org/80000-3-quantities#velocity-has-duration'>
      <failure>
        declared in
        http://opencaesar.io/examples/firesat/programs/earth-science/projects/firesat/bundle/properties.
      </failure>
    </testcase>
    <testcase name='http://iso.org/80000-3-quantities#velocity-has-position-vector'>
      <failure>
        declared in
        http://opencaesar.io/examples/firesat/programs/earth-science/projects/firesat/bundle/properties.
      </failure>
    </testcase>
    <testcase name='http://iso.org/80000-3-quantities#width'>
      <failure>
        declared in
        http://opencaesar.io/examples/firesat/programs/earth-science/projects/firesat/bundle/properties.
      </failure>
    </testcase>
    <testcase name='http://iso.org/80000-3-units#AngularMeasureMagnitude'>
      <failure>
        declared in
        http://opencaesar.io/examples/firesat/programs/earth-science/projects/firesat/bundle/properties.
      </failure>
    </testcase>
    <testcase name='http://iso.org/80000-3-units#AngularMeasureUnit'>
      <failure>
        declared in
        http://opencaesar.io/examples/firesat/programs/earth-science/projects/firesat/bundle/properties.
      </failure>
    </testcase>
    <testcase name='http://iso.org/80000-3-units#CoherentTimeUnit'>
      <failure>
        declared in
        http://opencaesar.io/examples/firesat/programs/earth-science/projects/firesat/bundle/properties.
      </failure>
    </testcase>
    <testcase name='http://iso.org/80000-3-units#FrequencyMagnitude'>
      <failure>
        declared in
        http://opencaesar.io/examples/firesat/programs/earth-science/projects/firesat/bundle/properties.
      </failure>
    </testcase>
    <testcase name='http://iso.org/80000-3-units#FrequencyUnit'>
      <failure>
        declared in
        http://opencaesar.io/examples/firesat/programs/earth-science/projects/firesat/bundle/properties.
      </failure>
    </testcase>
    <testcase name='http://iso.org/80000-3-units#Hertz-Has-Second'>
      <failure>
        declared in
        http://opencaesar.io/examples/firesat/programs/earth-science/projects/firesat/bundle/properties.
      </failure>
    </testcase>
    <testcase name='http://iso.org/80000-3-units#Kilometre-Per-Second-Has-Kilometre'>
      <failure>
        declared in
        http://opencaesar.io/examples/firesat/programs/earth-science/projects/firesat/bundle/properties.
      </failure>
    </testcase>
    <testcase name='http://iso.org/80000-3-units#Kilometre-Per-Second-Has-Second'>
      <failure>
        declared in
        http://opencaesar.io/examples/firesat/programs/earth-science/projects/firesat/bundle/properties.
      </failure>
    </testcase>
    <testcase name='http://iso.org/80000-3-units#LengthMagnitude'>
      <failure>
        declared in
        http://opencaesar.io/examples/firesat/programs/earth-science/projects/firesat/bundle/properties.
      </failure>
    </testcase>
    <testcase name='http://iso.org/80000-3-units#LengthUnit'>
      <failure>
        declared in
        http://opencaesar.io/examples/firesat/programs/earth-science/projects/firesat/bundle/properties.
      </failure>
    </testcase>
    <testcase name='http://iso.org/80000-3-units#Metre-Per-Second-Has-Metre'>
      <failure>
        declared in
        http://opencaesar.io/examples/firesat/programs/earth-science/projects/firesat/bundle/properties.
      </failure>
    </testcase>
    <testcase name='http://iso.org/80000-3-units#Metre-Per-Second-Has-Second'>
      <failure>
        declared in
        http://opencaesar.io/examples/firesat/programs/earth-science/projects/firesat/bundle/properties.
      </failure>
    </testcase>
    <testcase name='http://iso.org/80000-3-units#Radian-Has-Metre-Denominator'>
      <failure>
        declared in
        http://opencaesar.io/examples/firesat/programs/earth-science/projects/firesat/bundle/properties.
      </failure>
    </testcase>
    <testcase name='http://iso.org/80000-3-units#Radian-Has-Metre-Numerator'>
      <failure>
        declared in
        http://opencaesar.io/examples/firesat/programs/earth-science/projects/firesat/bundle/properties.
      </failure>
    </testcase>
    <testcase name='http://iso.org/80000-3-units#Revolution-Has-Radian'>
      <failure>
        declared in
        http://opencaesar.io/examples/firesat/programs/earth-science/projects/firesat/bundle/properties.
      </failure>
    </testcase>
    <testcase name='http://iso.org/80000-3-units#RotationMagnitude'>
      <failure>
        declared in
        http://opencaesar.io/examples/firesat/programs/earth-science/projects/firesat/bundle/properties.
      </failure>
    </testcase>
    <testcase name='http://iso.org/80000-3-units#RotationUnit'>
      <failure>
        declared in
        http://opencaesar.io/examples/firesat/programs/earth-science/projects/firesat/bundle/properties.
      </failure>
    </testcase>
    <testcase name='http://iso.org/80000-3-units#TimeMagnitude'>
      <failure>
        declared in
        http://opencaesar.io/examples/firesat/programs/earth-science/projects/firesat/bundle/properties.
      </failure>
    </testcase>
    <testcase name='http://iso.org/80000-3-units#TimeUnit'>
      <failure>
        declared in
        http://opencaesar.io/examples/firesat/programs/earth-science/projects/firesat/bundle/properties.
      </failure>
    </testcase>
    <testcase name='http://iso.org/80000-3-units#VelocityMagnitude'>
      <failure>
        declared in
        http://opencaesar.io/examples/firesat/programs/earth-science/projects/firesat/bundle/properties.
      </failure>
    </testcase>
    <testcase name='http://iso.org/80000-3-units#VelocityUnit'>
      <failure>
        declared in
        http://opencaesar.io/examples/firesat/programs/earth-science/projects/firesat/bundle/properties.
      </failure>
    </testcase>
    <testcase name='http://iso.org/80000-3-units#hasHertz-Has-SecondSource'>
      <failure>
        declared in
        http://opencaesar.io/examples/firesat/programs/earth-science/projects/firesat/bundle/properties.
      </failure>
    </testcase>
    <testcase name='http://iso.org/80000-3-units#hasHertz-Has-SecondTarget'>
      <failure>
        declared in
        http://opencaesar.io/examples/firesat/programs/earth-science/projects/firesat/bundle/properties.
      </failure>
    </testcase>
    <testcase name='http://iso.org/80000-3-units#hasKilometre-Per-Second-Has-KilometreSource'>
      <failure>
        declared in
        http://opencaesar.io/examples/firesat/programs/earth-science/projects/firesat/bundle/properties.
      </failure>
    </testcase>
    <testcase name='http://iso.org/80000-3-units#hasKilometre-Per-Second-Has-KilometreTarget'>
      <failure>
        declared in
        http://opencaesar.io/examples/firesat/programs/earth-science/projects/firesat/bundle/properties.
      </failure>
    </testcase>
    <testcase name='http://iso.org/80000-3-units#hasKilometre-Per-Second-Has-SecondSource'>
      <failure>
        declared in
        http://opencaesar.io/examples/firesat/programs/earth-science/projects/firesat/bundle/properties.
      </failure>
    </testcase>
    <testcase name='http://iso.org/80000-3-units#hasKilometre-Per-Second-Has-SecondTarget'>
      <failure>
        declared in
        http://opencaesar.io/examples/firesat/programs/earth-science/projects/firesat/bundle/properties.
      </failure>
    </testcase>
    <testcase name='http://iso.org/80000-3-units#hasMetre-Per-Second-Has-MetreSource'>
      <failure>
        declared in
        http://opencaesar.io/examples/firesat/programs/earth-science/projects/firesat/bundle/properties.
      </failure>
    </testcase>
    <testcase name='http://iso.org/80000-3-units#hasMetre-Per-Second-Has-MetreTarget'>
      <failure>
        declared in
        http://opencaesar.io/examples/firesat/programs/earth-science/projects/firesat/bundle/properties.
      </failure>
    </testcase>
    <testcase name='http://iso.org/80000-3-units#hasMetre-Per-Second-Has-SecondSource'>
      <failure>
        declared in
        http://opencaesar.io/examples/firesat/programs/earth-science/projects/firesat/bundle/properties.
      </failure>
    </testcase>
    <testcase name='http://iso.org/80000-3-units#hasMetre-Per-Second-Has-SecondTarget'>
      <failure>
        declared in
        http://opencaesar.io/examples/firesat/programs/earth-science/projects/firesat/bundle/properties.
      </failure>
    </testcase>
    <testcase name='http://iso.org/80000-3-units#hasRadian-Has-Metre-DenominatorSource'>
      <failure>
        declared in
        http://opencaesar.io/examples/firesat/programs/earth-science/projects/firesat/bundle/properties.
      </failure>
    </testcase>
    <testcase name='http://iso.org/80000-3-units#hasRadian-Has-Metre-DenominatorTarget'>
      <failure>
        declared in
        http://opencaesar.io/examples/firesat/programs/earth-science/projects/firesat/bundle/properties.
      </failure>
    </testcase>
    <testcase name='http://iso.org/80000-3-units#hasRadian-Has-Metre-NumeratorSource'>
      <failure>
        declared in
        http://opencaesar.io/examples/firesat/programs/earth-science/projects/firesat/bundle/properties.
      </failure>
    </testcase>
    <testcase name='http://iso.org/80000-3-units#hasRadian-Has-Metre-NumeratorTarget'>
      <failure>
        declared in
        http://opencaesar.io/examples/firesat/programs/earth-science/projects/firesat/bundle/properties.
      </failure>
    </testcase>
    <testcase name='http://iso.org/80000-3-units#hasRevolution-Has-RadianSource'>
      <failure>
        declared in
        http://opencaesar.io/examples/firesat/programs/earth-science/projects/firesat/bundle/properties.
      </failure>
    </testcase>
    <testcase name='http://iso.org/80000-3-units#hasRevolution-Has-RadianTarget'>
      <failure>
        declared in
        http://opencaesar.io/examples/firesat/programs/earth-science/projects/firesat/bundle/properties.
      </failure>
    </testcase>
    <testcase name='http://iso.org/80000-3-units#hertz'>
      <failure>
        declared in
        http://opencaesar.io/examples/firesat/programs/earth-science/projects/firesat/bundle/properties.
      </failure>
    </testcase>
    <testcase name='http://iso.org/80000-3-units#hertz-has-second'>
      <failure>
        declared in
        http://opencaesar.io/examples/firesat/programs/earth-science/projects/firesat/bundle/properties.
      </failure>
    </testcase>
    <testcase name='http://iso.org/80000-3-units#hour'>
      <failure>
        declared in
        http://opencaesar.io/examples/firesat/programs/earth-science/projects/firesat/bundle/properties.
      </failure>
    </testcase>
    <testcase name='http://iso.org/80000-3-units#kilometre'>
      <failure>
        declared in
        http://opencaesar.io/examples/firesat/programs/earth-science/projects/firesat/bundle/properties.
      </failure>
    </testcase>
    <testcase name='http://iso.org/80000-3-units#kilometre-per-second'>
      <failure>
        declared in
        http://opencaesar.io/examples/firesat/programs/earth-science/projects/firesat/bundle/properties.
      </failure>
    </testcase>
    <testcase name='http://iso.org/80000-3-units#kilometre-per-second-has-kilometre'>
      <failure>
        declared in
        http://opencaesar.io/examples/firesat/programs/earth-science/projects/firesat/bundle/properties.
      </failure>
    </testcase>
    <testcase name='http://iso.org/80000-3-units#kilometre-per-second-has-second'>
      <failure>
        declared in
        http://opencaesar.io/examples/firesat/programs/earth-science/projects/firesat/bundle/properties.
      </failure>
    </testcase>
    <testcase name='http://iso.org/80000-3-units#metre'>
      <failure>
        declared in
        http://opencaesar.io/examples/firesat/programs/earth-science/projects/firesat/bundle/properties.
      </failure>
    </testcase>
    <testcase name='http://iso.org/80000-3-units#metre-per-second'>
      <failure>
        declared in
        http://opencaesar.io/examples/firesat/programs/earth-science/projects/firesat/bundle/properties.
      </failure>
    </testcase>
    <testcase name='http://iso.org/80000-3-units#metre-per-second-has-metre'>
      <failure>
        declared in
        http://opencaesar.io/examples/firesat/programs/earth-science/projects/firesat/bundle/properties.
      </failure>
    </testcase>
    <testcase name='http://iso.org/80000-3-units#metre-per-second-has-second'>
      <failure>
        declared in
        http://opencaesar.io/examples/firesat/programs/earth-science/projects/firesat/bundle/properties.
      </failure>
    </testcase>
    <testcase name='http://iso.org/80000-3-units#millisecond'>
      <failure>
        declared in
        http://opencaesar.io/examples/firesat/programs/earth-science/projects/firesat/bundle/properties.
      </failure>
    </testcase>
    <testcase name='http://iso.org/80000-3-units#minute'>
      <failure>
        declared in
        http://opencaesar.io/examples/firesat/programs/earth-science/projects/firesat/bundle/properties.
      </failure>
    </testcase>
    <testcase name='http://iso.org/80000-3-units#radian'>
      <failure>
        declared in
        http://opencaesar.io/examples/firesat/programs/earth-science/projects/firesat/bundle/properties.
      </failure>
    </testcase>
    <testcase name='http://iso.org/80000-3-units#radian-has-metre-denominator'>
      <failure>
        declared in
        http://opencaesar.io/examples/firesat/programs/earth-science/projects/firesat/bundle/properties.
      </failure>
    </testcase>
    <testcase name='http://iso.org/80000-3-units#radian-has-metre-numerator'>
      <failure>
        declared in
        http://opencaesar.io/examples/firesat/programs/earth-science/projects/firesat/bundle/properties.
      </failure>
    </testcase>
    <testcase name='http://iso.org/80000-3-units#revolution'>
      <failure>
        declared in
        http://opencaesar.io/examples/firesat/programs/earth-science/projects/firesat/bundle/properties.
      </failure>
    </testcase>
    <testcase name='http://iso.org/80000-3-units#revolution-has-radian'>
      <failure>
        declared in
        http://opencaesar.io/examples/firesat/programs/earth-science/projects/firesat/bundle/properties.
      </failure>
    </testcase>
    <testcase name='http://iso.org/80000-3-units#second'>
      <failure>
        declared in
        http://opencaesar.io/examples/firesat/programs/earth-science/projects/firesat/bundle/properties.
      </failure>
    </testcase>
    <testcase name='http://iso.org/80000-4-magnitudes1#gram-magnitude'>
      <failure>
        declared in
        http://opencaesar.io/examples/firesat/programs/earth-science/projects/firesat/bundle/properties.
      </failure>
    </testcase>
    <testcase name='http://iso.org/80000-4-magnitudes1#kilogram-magnitude'>
      <failure>
        declared in
        http://opencaesar.io/examples/firesat/programs/earth-science/projects/firesat/bundle/properties.
      </failure>
    </testcase>
    <testcase name='http://iso.org/80000-4-magnitudes1#kilogram-metre-per-second-magnitude'>
      <failure>
        declared in
        http://opencaesar.io/examples/firesat/programs/earth-science/projects/firesat/bundle/properties.
      </failure>
    </testcase>
    <testcase name='http://iso.org/80000-4-magnitudes1#newton-magnitude'>
      <failure>
        declared in
        http://opencaesar.io/examples/firesat/programs/earth-science/projects/firesat/bundle/properties.
      </failure>
    </testcase>
    <testcase name='http://iso.org/80000-4-magnitudes1#newton-millisecond-magnitude'>
      <failure>
        declared in
        http://opencaesar.io/examples/firesat/programs/earth-science/projects/firesat/bundle/properties.
      </failure>
    </testcase>
    <testcase name='http://iso.org/80000-4-magnitudes1#newton-second-magnitude'>
      <failure>
        declared in
        http://opencaesar.io/examples/firesat/programs/earth-science/projects/firesat/bundle/properties.
      </failure>
    </testcase>
    <testcase name='http://iso.org/80000-4-magnitudes1#watt-magnitude'>
      <failure>
        declared in
        http://opencaesar.io/examples/firesat/programs/earth-science/projects/firesat/bundle/properties.
      </failure>
    </testcase>
    <testcase name='http://iso.org/80000-4-quantities#Force-Has-Momentum'>
      <failure>
        declared in
        http://opencaesar.io/examples/firesat/programs/earth-science/projects/firesat/bundle/properties.
      </failure>
    </testcase>
    <testcase name='http://iso.org/80000-4-quantities#Force-Has-Velocity'>
      <failure>
        declared in
        http://opencaesar.io/examples/firesat/programs/earth-science/projects/firesat/bundle/properties.
      </failure>
    </testcase>
    <testcase name='http://iso.org/80000-4-quantities#Impulse-Has-Duration'>
      <failure>
        declared in
        http://opencaesar.io/examples/firesat/programs/earth-science/projects/firesat/bundle/properties.
      </failure>
    </testcase>
    <testcase name='http://iso.org/80000-4-quantities#Impulse-Has-Force'>
      <failure>
        declared in
        http://opencaesar.io/examples/firesat/programs/earth-science/projects/firesat/bundle/properties.
      </failure>
    </testcase>
    <testcase name='http://iso.org/80000-4-quantities#Momentum-Has-Mass'>
      <failure>
        declared in
        http://opencaesar.io/examples/firesat/programs/earth-science/projects/firesat/bundle/properties.
      </failure>
    </testcase>
    <testcase name='http://iso.org/80000-4-quantities#Momentum-Has-Velocity'>
      <failure>
        declared in
        http://opencaesar.io/examples/firesat/programs/earth-science/projects/firesat/bundle/properties.
      </failure>
    </testcase>
    <testcase name='http://iso.org/80000-4-quantities#Power-Has-Force'>
      <failure>
        declared in
        http://opencaesar.io/examples/firesat/programs/earth-science/projects/firesat/bundle/properties.
      </failure>
    </testcase>
    <testcase name='http://iso.org/80000-4-quantities#Power-Has-Velocity'>
      <failure>
        declared in
        http://opencaesar.io/examples/firesat/programs/earth-science/projects/firesat/bundle/properties.
      </failure>
    </testcase>
    <testcase name='http://iso.org/80000-4-quantities#force'>
      <failure>
        declared in
        http://opencaesar.io/examples/firesat/programs/earth-science/projects/firesat/bundle/properties.
      </failure>
    </testcase>
    <testcase name='http://iso.org/80000-4-quantities#force-has-momentum'>
      <failure>
        declared in
        http://opencaesar.io/examples/firesat/programs/earth-science/projects/firesat/bundle/properties.
      </failure>
    </testcase>
    <testcase name='http://iso.org/80000-4-quantities#force-has-velocity'>
      <failure>
        declared in
        http://opencaesar.io/examples/firesat/programs/earth-science/projects/firesat/bundle/properties.
      </failure>
    </testcase>
    <testcase name='http://iso.org/80000-4-quantities#hasForce-Has-MomentumSource'>
      <failure>
        declared in
        http://opencaesar.io/examples/firesat/programs/earth-science/projects/firesat/bundle/properties.
      </failure>
    </testcase>
    <testcase name='http://iso.org/80000-4-quantities#hasForce-Has-MomentumTarget'>
      <failure>
        declared in
        http://opencaesar.io/examples/firesat/programs/earth-science/projects/firesat/bundle/properties.
      </failure>
    </testcase>
    <testcase name='http://iso.org/80000-4-quantities#hasForce-Has-VelocitySource'>
      <failure>
        declared in
        http://opencaesar.io/examples/firesat/programs/earth-science/projects/firesat/bundle/properties.
      </failure>
    </testcase>
    <testcase name='http://iso.org/80000-4-quantities#hasForce-Has-VelocityTarget'>
      <failure>
        declared in
        http://opencaesar.io/examples/firesat/programs/earth-science/projects/firesat/bundle/properties.
      </failure>
    </testcase>
    <testcase name='http://iso.org/80000-4-quantities#hasImpulse-Has-DurationSource'>
      <failure>
        declared in
        http://opencaesar.io/examples/firesat/programs/earth-science/projects/firesat/bundle/properties.
      </failure>
    </testcase>
    <testcase name='http://iso.org/80000-4-quantities#hasImpulse-Has-DurationTarget'>
      <failure>
        declared in
        http://opencaesar.io/examples/firesat/programs/earth-science/projects/firesat/bundle/properties.
      </failure>
    </testcase>
    <testcase name='http://iso.org/80000-4-quantities#hasImpulse-Has-ForceSource'>
      <failure>
        declared in
        http://opencaesar.io/examples/firesat/programs/earth-science/projects/firesat/bundle/properties.
      </failure>
    </testcase>
    <testcase name='http://iso.org/80000-4-quantities#hasImpulse-Has-ForceTarget'>
      <failure>
        declared in
        http://opencaesar.io/examples/firesat/programs/earth-science/projects/firesat/bundle/properties.
      </failure>
    </testcase>
    <testcase name='http://iso.org/80000-4-quantities#hasMomentum-Has-MassSource'>
      <failure>
        declared in
        http://opencaesar.io/examples/firesat/programs/earth-science/projects/firesat/bundle/properties.
      </failure>
    </testcase>
    <testcase name='http://iso.org/80000-4-quantities#hasMomentum-Has-MassTarget'>
      <failure>
        declared in
        http://opencaesar.io/examples/firesat/programs/earth-science/projects/firesat/bundle/properties.
      </failure>
    </testcase>
    <testcase name='http://iso.org/80000-4-quantities#hasMomentum-Has-VelocitySource'>
      <failure>
        declared in
        http://opencaesar.io/examples/firesat/programs/earth-science/projects/firesat/bundle/properties.
      </failure>
    </testcase>
    <testcase name='http://iso.org/80000-4-quantities#hasMomentum-Has-VelocityTarget'>
      <failure>
        declared in
        http://opencaesar.io/examples/firesat/programs/earth-science/projects/firesat/bundle/properties.
      </failure>
    </testcase>
    <testcase name='http://iso.org/80000-4-quantities#hasPower-Has-ForceSource'>
      <failure>
        declared in
        http://opencaesar.io/examples/firesat/programs/earth-science/projects/firesat/bundle/properties.
      </failure>
    </testcase>
    <testcase name='http://iso.org/80000-4-quantities#hasPower-Has-ForceTarget'>
      <failure>
        declared in
        http://opencaesar.io/examples/firesat/programs/earth-science/projects/firesat/bundle/properties.
      </failure>
    </testcase>
    <testcase name='http://iso.org/80000-4-quantities#hasPower-Has-VelocitySource'>
      <failure>
        declared in
        http://opencaesar.io/examples/firesat/programs/earth-science/projects/firesat/bundle/properties.
      </failure>
    </testcase>
    <testcase name='http://iso.org/80000-4-quantities#hasPower-Has-VelocityTarget'>
      <failure>
        declared in
        http://opencaesar.io/examples/firesat/programs/earth-science/projects/firesat/bundle/properties.
      </failure>
    </testcase>
    <testcase name='http://iso.org/80000-4-quantities#impulse'>
      <failure>
        declared in
        http://opencaesar.io/examples/firesat/programs/earth-science/projects/firesat/bundle/properties.
      </failure>
    </testcase>
    <testcase name='http://iso.org/80000-4-quantities#impulse-has-duration'>
      <failure>
        declared in
        http://opencaesar.io/examples/firesat/programs/earth-science/projects/firesat/bundle/properties.
      </failure>
    </testcase>
    <testcase name='http://iso.org/80000-4-quantities#impulse-has-force'>
      <failure>
        declared in
        http://opencaesar.io/examples/firesat/programs/earth-science/projects/firesat/bundle/properties.
      </failure>
    </testcase>
    <testcase name='http://iso.org/80000-4-quantities#mass'>
      <failure>
        declared in
        http://opencaesar.io/examples/firesat/programs/earth-science/projects/firesat/bundle/properties.
      </failure>
    </testcase>
    <testcase name='http://iso.org/80000-4-quantities#momentum'>
      <failure>
        declared in
        http://opencaesar.io/examples/firesat/programs/earth-science/projects/firesat/bundle/properties.
      </failure>
    </testcase>
    <testcase name='http://iso.org/80000-4-quantities#momentum-has-mass'>
      <failure>
        declared in
        http://opencaesar.io/examples/firesat/programs/earth-science/projects/firesat/bundle/properties.
      </failure>
    </testcase>
    <testcase name='http://iso.org/80000-4-quantities#momentum-has-velocity'>
      <failure>
        declared in
        http://opencaesar.io/examples/firesat/programs/earth-science/projects/firesat/bundle/properties.
      </failure>
    </testcase>
    <testcase name='http://iso.org/80000-4-quantities#power'>
      <failure>
        declared in
        http://opencaesar.io/examples/firesat/programs/earth-science/projects/firesat/bundle/properties.
      </failure>
    </testcase>
    <testcase name='http://iso.org/80000-4-quantities#power-has-force'>
      <failure>
        declared in
        http://opencaesar.io/examples/firesat/programs/earth-science/projects/firesat/bundle/properties.
      </failure>
    </testcase>
    <testcase name='http://iso.org/80000-4-quantities#power-has-velocity'>
      <failure>
        declared in
        http://opencaesar.io/examples/firesat/programs/earth-science/projects/firesat/bundle/properties.
      </failure>
    </testcase>
    <testcase name='http://iso.org/80000-4-units#ForceMagnitude'>
      <failure>
        declared in
        http://opencaesar.io/examples/firesat/programs/earth-science/projects/firesat/bundle/properties.
      </failure>
    </testcase>
    <testcase name='http://iso.org/80000-4-units#ForceUnit'>
      <failure>
        declared in
        http://opencaesar.io/examples/firesat/programs/earth-science/projects/firesat/bundle/properties.
      </failure>
    </testcase>
    <testcase name='http://iso.org/80000-4-units#ImpulseMagnitude'>
      <failure>
        declared in
        http://opencaesar.io/examples/firesat/programs/earth-science/projects/firesat/bundle/properties.
      </failure>
    </testcase>
    <testcase name='http://iso.org/80000-4-units#ImpulseUnit'>
      <failure>
        declared in
        http://opencaesar.io/examples/firesat/programs/earth-science/projects/firesat/bundle/properties.
      </failure>
    </testcase>
    <testcase name='http://iso.org/80000-4-units#Kilogram-Metre-Per-Second-Has-Kilogram'>
      <failure>
        declared in
        http://opencaesar.io/examples/firesat/programs/earth-science/projects/firesat/bundle/properties.
      </failure>
    </testcase>
    <testcase name='http://iso.org/80000-4-units#Kilogram-Metre-Per-Second-Has-Metre-Per-Second'>
      <failure>
        declared in
        http://opencaesar.io/examples/firesat/programs/earth-science/projects/firesat/bundle/properties.
      </failure>
    </testcase>
    <testcase name='http://iso.org/80000-4-units#MassMagnitude'>
      <failure>
        declared in
        http://opencaesar.io/examples/firesat/programs/earth-science/projects/firesat/bundle/properties.
      </failure>
    </testcase>
    <testcase name='http://iso.org/80000-4-units#MassUnit'>
      <failure>
        declared in
        http://opencaesar.io/examples/firesat/programs/earth-science/projects/firesat/bundle/properties.
      </failure>
    </testcase>
    <testcase name='http://iso.org/80000-4-units#MomentumMagnitude'>
      <failure>
        declared in
        http://opencaesar.io/examples/firesat/programs/earth-science/projects/firesat/bundle/properties.
      </failure>
    </testcase>
    <testcase name='http://iso.org/80000-4-units#MomentumUnit'>
      <failure>
        declared in
        http://opencaesar.io/examples/firesat/programs/earth-science/projects/firesat/bundle/properties.
      </failure>
    </testcase>
    <testcase name='http://iso.org/80000-4-units#Newton-Has-Kilogram'>
      <failure>
        declared in
        http://opencaesar.io/examples/firesat/programs/earth-science/projects/firesat/bundle/properties.
      </failure>
    </testcase>
    <testcase name='http://iso.org/80000-4-units#Newton-Has-Metre-Per-Second'>
      <failure>
        declared in
        http://opencaesar.io/examples/firesat/programs/earth-science/projects/firesat/bundle/properties.
      </failure>
    </testcase>
    <testcase name='http://iso.org/80000-4-units#Newton-Millisecond-Has-Millisecond'>
      <failure>
        declared in
        http://opencaesar.io/examples/firesat/programs/earth-science/projects/firesat/bundle/properties.
      </failure>
    </testcase>
    <testcase name='http://iso.org/80000-4-units#Newton-Millisecond-Has-Newton'>
      <failure>
        declared in
        http://opencaesar.io/examples/firesat/programs/earth-science/projects/firesat/bundle/properties.
      </failure>
    </testcase>
    <testcase name='http://iso.org/80000-4-units#Newton-Second-Has-Newton'>
      <failure>
        declared in
        http://opencaesar.io/examples/firesat/programs/earth-science/projects/firesat/bundle/properties.
      </failure>
    </testcase>
    <testcase name='http://iso.org/80000-4-units#Newton-Second-Has-Second'>
      <failure>
        declared in
        http://opencaesar.io/examples/firesat/programs/earth-science/projects/firesat/bundle/properties.
      </failure>
    </testcase>
    <testcase name='http://iso.org/80000-4-units#PowerMagnitude'>
      <failure>
        declared in
        http://opencaesar.io/examples/firesat/programs/earth-science/projects/firesat/bundle/properties.
      </failure>
    </testcase>
    <testcase name='http://iso.org/80000-4-units#PowerUnit'>
      <failure>
        declared in
        http://opencaesar.io/examples/firesat/programs/earth-science/projects/firesat/bundle/properties.
      </failure>
    </testcase>
    <testcase name='http://iso.org/80000-4-units#Watt-Has-Metre-Per-Second'>
      <failure>
        declared in
        http://opencaesar.io/examples/firesat/programs/earth-science/projects/firesat/bundle/properties.
      </failure>
    </testcase>
    <testcase name='http://iso.org/80000-4-units#Watt-Has-Newton'>
      <failure>
        declared in
        http://opencaesar.io/examples/firesat/programs/earth-science/projects/firesat/bundle/properties.
      </failure>
    </testcase>
    <testcase name='http://iso.org/80000-4-units#gram'>
      <failure>
        declared in
        http://opencaesar.io/examples/firesat/programs/earth-science/projects/firesat/bundle/properties.
      </failure>
    </testcase>
    <testcase name='http://iso.org/80000-4-units#hasKilogram-Metre-Per-Second-Has-KilogramSource'>
      <failure>
        declared in
        http://opencaesar.io/examples/firesat/programs/earth-science/projects/firesat/bundle/properties.
      </failure>
    </testcase>
    <testcase name='http://iso.org/80000-4-units#hasKilogram-Metre-Per-Second-Has-KilogramTarget'>
      <failure>
        declared in
        http://opencaesar.io/examples/firesat/programs/earth-science/projects/firesat/bundle/properties.
      </failure>
    </testcase>
    <testcase name='http://iso.org/80000-4-units#hasKilogram-Metre-Per-Second-Has-Metre-Per-SecondSource'>
      <failure>
        declared in
        http://opencaesar.io/examples/firesat/programs/earth-science/projects/firesat/bundle/properties.
      </failure>
    </testcase>
    <testcase name='http://iso.org/80000-4-units#hasKilogram-Metre-Per-Second-Has-Metre-Per-SecondTarget'>
      <failure>
        declared in
        http://opencaesar.io/examples/firesat/programs/earth-science/projects/firesat/bundle/properties.
      </failure>
    </testcase>
    <testcase name='http://iso.org/80000-4-units#hasNewton-Has-KilogramSource'>
      <failure>
        declared in
        http://opencaesar.io/examples/firesat/programs/earth-science/projects/firesat/bundle/properties.
      </failure>
    </testcase>
    <testcase name='http://iso.org/80000-4-units#hasNewton-Has-KilogramTarget'>
      <failure>
        declared in
        http://opencaesar.io/examples/firesat/programs/earth-science/projects/firesat/bundle/properties.
      </failure>
    </testcase>
    <testcase name='http://iso.org/80000-4-units#hasNewton-Has-Metre-Per-SecondSource'>
      <failure>
        declared in
        http://opencaesar.io/examples/firesat/programs/earth-science/projects/firesat/bundle/properties.
      </failure>
    </testcase>
    <testcase name='http://iso.org/80000-4-units#hasNewton-Has-Metre-Per-SecondTarget'>
      <failure>
        declared in
        http://opencaesar.io/examples/firesat/programs/earth-science/projects/firesat/bundle/properties.
      </failure>
    </testcase>
    <testcase name='http://iso.org/80000-4-units#hasNewton-Millisecond-Has-MillisecondSource'>
      <failure>
        declared in
        http://opencaesar.io/examples/firesat/programs/earth-science/projects/firesat/bundle/properties.
      </failure>
    </testcase>
    <testcase name='http://iso.org/80000-4-units#hasNewton-Millisecond-Has-MillisecondTarget'>
      <failure>
        declared in
        http://opencaesar.io/examples/firesat/programs/earth-science/projects/firesat/bundle/properties.
      </failure>
    </testcase>
    <testcase name='http://iso.org/80000-4-units#hasNewton-Millisecond-Has-NewtonSource'>
      <failure>
        declared in
        http://opencaesar.io/examples/firesat/programs/earth-science/projects/firesat/bundle/properties.
      </failure>
    </testcase>
    <testcase name='http://iso.org/80000-4-units#hasNewton-Millisecond-Has-NewtonTarget'>
      <failure>
        declared in
        http://opencaesar.io/examples/firesat/programs/earth-science/projects/firesat/bundle/properties.
      </failure>
    </testcase>
    <testcase name='http://iso.org/80000-4-units#hasNewton-Second-Has-NewtonSource'>
      <failure>
        declared in
        http://opencaesar.io/examples/firesat/programs/earth-science/projects/firesat/bundle/properties.
      </failure>
    </testcase>
    <testcase name='http://iso.org/80000-4-units#hasNewton-Second-Has-NewtonTarget'>
      <failure>
        declared in
        http://opencaesar.io/examples/firesat/programs/earth-science/projects/firesat/bundle/properties.
      </failure>
    </testcase>
    <testcase name='http://iso.org/80000-4-units#hasNewton-Second-Has-SecondSource'>
      <failure>
        declared in
        http://opencaesar.io/examples/firesat/programs/earth-science/projects/firesat/bundle/properties.
      </failure>
    </testcase>
    <testcase name='http://iso.org/80000-4-units#hasNewton-Second-Has-SecondTarget'>
      <failure>
        declared in
        http://opencaesar.io/examples/firesat/programs/earth-science/projects/firesat/bundle/properties.
      </failure>
    </testcase>
    <testcase name='http://iso.org/80000-4-units#hasWatt-Has-Metre-Per-SecondSource'>
      <failure>
        declared in
        http://opencaesar.io/examples/firesat/programs/earth-science/projects/firesat/bundle/properties.
      </failure>
    </testcase>
    <testcase name='http://iso.org/80000-4-units#hasWatt-Has-Metre-Per-SecondTarget'>
      <failure>
        declared in
        http://opencaesar.io/examples/firesat/programs/earth-science/projects/firesat/bundle/properties.
      </failure>
    </testcase>
    <testcase name='http://iso.org/80000-4-units#hasWatt-Has-NewtonSource'>
      <failure>
        declared in
        http://opencaesar.io/examples/firesat/programs/earth-science/projects/firesat/bundle/properties.
      </failure>
    </testcase>
    <testcase name='http://iso.org/80000-4-units#hasWatt-Has-NewtonTarget'>
      <failure>
        declared in
        http://opencaesar.io/examples/firesat/programs/earth-science/projects/firesat/bundle/properties.
      </failure>
    </testcase>
    <testcase name='http://iso.org/80000-4-units#kilogram'>
      <failure>
        declared in
        http://opencaesar.io/examples/firesat/programs/earth-science/projects/firesat/bundle/properties.
      </failure>
    </testcase>
    <testcase name='http://iso.org/80000-4-units#kilogram-metre-per-second'>
      <failure>
        declared in
        http://opencaesar.io/examples/firesat/programs/earth-science/projects/firesat/bundle/properties.
      </failure>
    </testcase>
    <testcase name='http://iso.org/80000-4-units#kilogram-metre-per-second-has-kilogram'>
      <failure>
        declared in
        http://opencaesar.io/examples/firesat/programs/earth-science/projects/firesat/bundle/properties.
      </failure>
    </testcase>
    <testcase name='http://iso.org/80000-4-units#kilogram-metre-per-second-has-metre-per-second'>
      <failure>
        declared in
        http://opencaesar.io/examples/firesat/programs/earth-science/projects/firesat/bundle/properties.
      </failure>
    </testcase>
    <testcase name='http://iso.org/80000-4-units#newton'>
      <failure>
        declared in
        http://opencaesar.io/examples/firesat/programs/earth-science/projects/firesat/bundle/properties.
      </failure>
    </testcase>
    <testcase name='http://iso.org/80000-4-units#newton-has-kilogram'>
      <failure>
        declared in
        http://opencaesar.io/examples/firesat/programs/earth-science/projects/firesat/bundle/properties.
      </failure>
    </testcase>
    <testcase name='http://iso.org/80000-4-units#newton-has-metre-per-second'>
      <failure>
        declared in
        http://opencaesar.io/examples/firesat/programs/earth-science/projects/firesat/bundle/properties.
      </failure>
    </testcase>
    <testcase name='http://iso.org/80000-4-units#newton-millisecond'>
      <failure>
        declared in
        http://opencaesar.io/examples/firesat/programs/earth-science/projects/firesat/bundle/properties.
      </failure>
    </testcase>
    <testcase name='http://iso.org/80000-4-units#newton-millisecond-has-millisecond'>
      <failure>
        declared in
        http://opencaesar.io/examples/firesat/programs/earth-science/projects/firesat/bundle/properties.
      </failure>
    </testcase>
    <testcase name='http://iso.org/80000-4-units#newton-millisecond-has-newton'>
      <failure>
        declared in
        http://opencaesar.io/examples/firesat/programs/earth-science/projects/firesat/bundle/properties.
      </failure>
    </testcase>
    <testcase name='http://iso.org/80000-4-units#newton-second'>
      <failure>
        declared in
        http://opencaesar.io/examples/firesat/programs/earth-science/projects/firesat/bundle/properties.
      </failure>
    </testcase>
    <testcase name='http://iso.org/80000-4-units#newton-second-has-newton'>
      <failure>
        declared in
        http://opencaesar.io/examples/firesat/programs/earth-science/projects/firesat/bundle/properties.
      </failure>
    </testcase>
    <testcase name='http://iso.org/80000-4-units#newton-second-has-second'>
      <failure>
        declared in
        http://opencaesar.io/examples/firesat/programs/earth-science/projects/firesat/bundle/properties.
      </failure>
    </testcase>
    <testcase name='http://iso.org/80000-4-units#watt'>
      <failure>
        declared in
        http://opencaesar.io/examples/firesat/programs/earth-science/projects/firesat/bundle/properties.
      </failure>
    </testcase>
    <testcase name='http://iso.org/80000-4-units#watt-has-metre-per-second'>
      <failure>
        declared in
        http://opencaesar.io/examples/firesat/programs/earth-science/projects/firesat/bundle/properties.
      </failure>
    </testcase>
    <testcase name='http://iso.org/80000-4-units#watt-has-newton'>
      <failure>
        declared in
        http://opencaesar.io/examples/firesat/programs/earth-science/projects/firesat/bundle/properties.
      </failure>
    </testcase>
    <testcase name='http://iso.org/80000-5-quantities#Celcius-Temperature-Has-Thermodynamic-Temperature'>
      <failure>
        declared in
        http://opencaesar.io/examples/firesat/programs/earth-science/projects/firesat/bundle/properties.
      </failure>
    </testcase>
    <testcase name='http://iso.org/80000-5-quantities#celcius-temperature'>
      <failure>
        declared in
        http://opencaesar.io/examples/firesat/programs/earth-science/projects/firesat/bundle/properties.
      </failure>
    </testcase>
    <testcase name='http://iso.org/80000-5-quantities#celcius-temperature-has-thermodynamic-temperature'>
      <failure>
        declared in
        http://opencaesar.io/examples/firesat/programs/earth-science/projects/firesat/bundle/properties.
      </failure>
    </testcase>
    <testcase name='http://iso.org/80000-5-quantities#hasCelcius-Temperature-Has-Thermodynamic-TemperatureSource'>
      <failure>
        declared in
        http://opencaesar.io/examples/firesat/programs/earth-science/projects/firesat/bundle/properties.
      </failure>
    </testcase>
    <testcase name='http://iso.org/80000-5-quantities#hasCelcius-Temperature-Has-Thermodynamic-TemperatureTarget'>
      <failure>
        declared in
        http://opencaesar.io/examples/firesat/programs/earth-science/projects/firesat/bundle/properties.
      </failure>
    </testcase>
    <testcase name='http://iso.org/80000-5-quantities#thermodynamic-temperature'>
      <failure>
        declared in
        http://opencaesar.io/examples/firesat/programs/earth-science/projects/firesat/bundle/properties.
      </failure>
    </testcase>
    <testcase name='http://iso.org/80000-5-units#CelciusTemperatureMagnitude'>
      <failure>
        declared in
        http://opencaesar.io/examples/firesat/programs/earth-science/projects/firesat/bundle/properties.
      </failure>
    </testcase>
    <testcase name='http://iso.org/80000-5-units#CelciusTemperatureUnit'>
      <failure>
        declared in
        http://opencaesar.io/examples/firesat/programs/earth-science/projects/firesat/bundle/properties.
      </failure>
    </testcase>
    <testcase name='http://iso.org/80000-5-units#DegreeCelcius-Has-Kelvin'>
      <failure>
        declared in
        http://opencaesar.io/examples/firesat/programs/earth-science/projects/firesat/bundle/properties.
      </failure>
    </testcase>
    <testcase name='http://iso.org/80000-5-units#ThermodynamicTemperatureMagnitude'>
      <failure>
        declared in
        http://opencaesar.io/examples/firesat/programs/earth-science/projects/firesat/bundle/properties.
      </failure>
    </testcase>
    <testcase name='http://iso.org/80000-5-units#ThermodynamicTemperatureUnit'>
      <failure>
        declared in
        http://opencaesar.io/examples/firesat/programs/earth-science/projects/firesat/bundle/properties.
      </failure>
    </testcase>
    <testcase name='http://iso.org/80000-5-units#degreeCelcius'>
      <failure>
        declared in
        http://opencaesar.io/examples/firesat/programs/earth-science/projects/firesat/bundle/properties.
      </failure>
    </testcase>
    <testcase name='http://iso.org/80000-5-units#degreeCelcius-has-kelvin'>
      <failure>
        declared in
        http://opencaesar.io/examples/firesat/programs/earth-science/projects/firesat/bundle/properties.
      </failure>
    </testcase>
    <testcase name='http://iso.org/80000-5-units#hasDegreeCelcius-Has-KelvinSource'>
      <failure>
        declared in
        http://opencaesar.io/examples/firesat/programs/earth-science/projects/firesat/bundle/properties.
      </failure>
    </testcase>
    <testcase name='http://iso.org/80000-5-units#hasDegreeCelcius-Has-KelvinTarget'>
      <failure>
        declared in
        http://opencaesar.io/examples/firesat/programs/earth-science/projects/firesat/bundle/properties.
      </failure>
    </testcase>
    <testcase name='http://iso.org/80000-5-units#kelvin'>
      <failure>
        declared in
        http://opencaesar.io/examples/firesat/programs/earth-science/projects/firesat/bundle/properties.
      </failure>
    </testcase>
    <testcase name='http://iso.org/80000-6-magnitudes1#ampere-magnitude'>
      <failure>
        declared in
        http://opencaesar.io/examples/firesat/programs/earth-science/projects/firesat/bundle/properties.
      </failure>
    </testcase>
    <testcase name='http://iso.org/80000-6-magnitudes1#coulomb-magnitude'>
      <failure>
        declared in
        http://opencaesar.io/examples/firesat/programs/earth-science/projects/firesat/bundle/properties.
      </failure>
    </testcase>
    <testcase name='http://iso.org/80000-6-magnitudes1#newton-per-coulomb-magnitude'>
      <failure>
        declared in
        http://opencaesar.io/examples/firesat/programs/earth-science/projects/firesat/bundle/properties.
      </failure>
    </testcase>
    <testcase name='http://iso.org/80000-6-magnitudes1#ohm-magnitude'>
      <failure>
        declared in
        http://opencaesar.io/examples/firesat/programs/earth-science/projects/firesat/bundle/properties.
      </failure>
    </testcase>
    <testcase name='http://iso.org/80000-6-magnitudes1#volt-magnitude'>
      <failure>
        declared in
        http://opencaesar.io/examples/firesat/programs/earth-science/projects/firesat/bundle/properties.
      </failure>
    </testcase>
    <testcase name='http://iso.org/80000-6-quantities#Electric-Charge-Has-Duration'>
      <failure>
        declared in
        http://opencaesar.io/examples/firesat/programs/earth-science/projects/firesat/bundle/properties.
      </failure>
    </testcase>
    <testcase name='http://iso.org/80000-6-quantities#Electric-Charge-Has-Electric-Current'>
      <failure>
        declared in
        http://opencaesar.io/examples/firesat/programs/earth-science/projects/firesat/bundle/properties.
      </failure>
    </testcase>
    <testcase name='http://iso.org/80000-6-quantities#Electric-Field-Strength-Has-Electric-Charge'>
      <failure>
        declared in
        http://opencaesar.io/examples/firesat/programs/earth-science/projects/firesat/bundle/properties.
      </failure>
    </testcase>
    <testcase name='http://iso.org/80000-6-quantities#Electric-Field-Strength-Has-Force'>
      <failure>
        declared in
        http://opencaesar.io/examples/firesat/programs/earth-science/projects/firesat/bundle/properties.
      </failure>
    </testcase>
    <testcase name='http://iso.org/80000-6-quantities#Electric-Potential-Has-Electric-Field-Strength'>
      <failure>
        declared in
        http://opencaesar.io/examples/firesat/programs/earth-science/projects/firesat/bundle/properties.
      </failure>
    </testcase>
    <testcase name='http://iso.org/80000-6-quantities#Electric-Potential-Has-Path-Length'>
      <failure>
        declared in
        http://opencaesar.io/examples/firesat/programs/earth-science/projects/firesat/bundle/properties.
      </failure>
    </testcase>
    <testcase name='http://iso.org/80000-6-quantities#Resistance-Has-Electric-Current'>
      <failure>
        declared in
        http://opencaesar.io/examples/firesat/programs/earth-science/projects/firesat/bundle/properties.
      </failure>
    </testcase>
    <testcase name='http://iso.org/80000-6-quantities#Resistance-Has-Electric-Potential'>
      <failure>
        declared in
        http://opencaesar.io/examples/firesat/programs/earth-science/projects/firesat/bundle/properties.
      </failure>
    </testcase>
    <testcase name='http://iso.org/80000-6-quantities#electric-charge'>
      <failure>
        declared in
        http://opencaesar.io/examples/firesat/programs/earth-science/projects/firesat/bundle/properties.
      </failure>
    </testcase>
    <testcase name='http://iso.org/80000-6-quantities#electric-charge-has-duration'>
      <failure>
        declared in
        http://opencaesar.io/examples/firesat/programs/earth-science/projects/firesat/bundle/properties.
      </failure>
    </testcase>
    <testcase name='http://iso.org/80000-6-quantities#electric-charge-has-electric-current'>
      <failure>
        declared in
        http://opencaesar.io/examples/firesat/programs/earth-science/projects/firesat/bundle/properties.
      </failure>
    </testcase>
    <testcase name='http://iso.org/80000-6-quantities#electric-current'>
      <failure>
        declared in
        http://opencaesar.io/examples/firesat/programs/earth-science/projects/firesat/bundle/properties.
      </failure>
    </testcase>
    <testcase name='http://iso.org/80000-6-quantities#electric-field-strength'>
      <failure>
        declared in
        http://opencaesar.io/examples/firesat/programs/earth-science/projects/firesat/bundle/properties.
      </failure>
    </testcase>
    <testcase name='http://iso.org/80000-6-quantities#electric-field-strength-has-electric-charge'>
      <failure>
        declared in
        http://opencaesar.io/examples/firesat/programs/earth-science/projects/firesat/bundle/properties.
      </failure>
    </testcase>
    <testcase name='http://iso.org/80000-6-quantities#electric-field-strength-has-force'>
      <failure>
        declared in
        http://opencaesar.io/examples/firesat/programs/earth-science/projects/firesat/bundle/properties.
      </failure>
    </testcase>
    <testcase name='http://iso.org/80000-6-quantities#electric-potential'>
      <failure>
        declared in
        http://opencaesar.io/examples/firesat/programs/earth-science/projects/firesat/bundle/properties.
      </failure>
    </testcase>
    <testcase name='http://iso.org/80000-6-quantities#electric-potential-has-electric-field-strength'>
      <failure>
        declared in
        http://opencaesar.io/examples/firesat/programs/earth-science/projects/firesat/bundle/properties.
      </failure>
    </testcase>
    <testcase name='http://iso.org/80000-6-quantities#electric-potential-has-path-length'>
      <failure>
        declared in
        http://opencaesar.io/examples/firesat/programs/earth-science/projects/firesat/bundle/properties.
      </failure>
    </testcase>
    <testcase name='http://iso.org/80000-6-quantities#hasElectric-Charge-Has-DurationSource'>
      <failure>
        declared in
        http://opencaesar.io/examples/firesat/programs/earth-science/projects/firesat/bundle/properties.
      </failure>
    </testcase>
    <testcase name='http://iso.org/80000-6-quantities#hasElectric-Charge-Has-DurationTarget'>
      <failure>
        declared in
        http://opencaesar.io/examples/firesat/programs/earth-science/projects/firesat/bundle/properties.
      </failure>
    </testcase>
    <testcase name='http://iso.org/80000-6-quantities#hasElectric-Charge-Has-Electric-CurrentSource'>
      <failure>
        declared in
        http://opencaesar.io/examples/firesat/programs/earth-science/projects/firesat/bundle/properties.
      </failure>
    </testcase>
    <testcase name='http://iso.org/80000-6-quantities#hasElectric-Charge-Has-Electric-CurrentTarget'>
      <failure>
        declared in
        http://opencaesar.io/examples/firesat/programs/earth-science/projects/firesat/bundle/properties.
      </failure>
    </testcase>
    <testcase name='http://iso.org/80000-6-quantities#hasElectric-Field-Strength-Has-Electric-ChargeSource'>
      <failure>
        declared in
        http://opencaesar.io/examples/firesat/programs/earth-science/projects/firesat/bundle/properties.
      </failure>
    </testcase>
    <testcase name='http://iso.org/80000-6-quantities#hasElectric-Field-Strength-Has-Electric-ChargeTarget'>
      <failure>
        declared in
        http://opencaesar.io/examples/firesat/programs/earth-science/projects/firesat/bundle/properties.
      </failure>
    </testcase>
    <testcase name='http://iso.org/80000-6-quantities#hasElectric-Field-Strength-Has-ForceSource'>
      <failure>
        declared in
        http://opencaesar.io/examples/firesat/programs/earth-science/projects/firesat/bundle/properties.
      </failure>
    </testcase>
    <testcase name='http://iso.org/80000-6-quantities#hasElectric-Field-Strength-Has-ForceTarget'>
      <failure>
        declared in
        http://opencaesar.io/examples/firesat/programs/earth-science/projects/firesat/bundle/properties.
      </failure>
    </testcase>
    <testcase name='http://iso.org/80000-6-quantities#hasElectric-Potential-Has-Electric-Field-StrengthSource'>
      <failure>
        declared in
        http://opencaesar.io/examples/firesat/programs/earth-science/projects/firesat/bundle/properties.
      </failure>
    </testcase>
    <testcase name='http://iso.org/80000-6-quantities#hasElectric-Potential-Has-Electric-Field-StrengthTarget'>
      <failure>
        declared in
        http://opencaesar.io/examples/firesat/programs/earth-science/projects/firesat/bundle/properties.
      </failure>
    </testcase>
    <testcase name='http://iso.org/80000-6-quantities#hasElectric-Potential-Has-Path-LengthSource'>
      <failure>
        declared in
        http://opencaesar.io/examples/firesat/programs/earth-science/projects/firesat/bundle/properties.
      </failure>
    </testcase>
    <testcase name='http://iso.org/80000-6-quantities#hasElectric-Potential-Has-Path-LengthTarget'>
      <failure>
        declared in
        http://opencaesar.io/examples/firesat/programs/earth-science/projects/firesat/bundle/properties.
      </failure>
    </testcase>
    <testcase name='http://iso.org/80000-6-quantities#hasResistance-Has-Electric-CurrentSource'>
      <failure>
        declared in
        http://opencaesar.io/examples/firesat/programs/earth-science/projects/firesat/bundle/properties.
      </failure>
    </testcase>
    <testcase name='http://iso.org/80000-6-quantities#hasResistance-Has-Electric-CurrentTarget'>
      <failure>
        declared in
        http://opencaesar.io/examples/firesat/programs/earth-science/projects/firesat/bundle/properties.
      </failure>
    </testcase>
    <testcase name='http://iso.org/80000-6-quantities#hasResistance-Has-Electric-PotentialSource'>
      <failure>
        declared in
        http://opencaesar.io/examples/firesat/programs/earth-science/projects/firesat/bundle/properties.
      </failure>
    </testcase>
    <testcase name='http://iso.org/80000-6-quantities#hasResistance-Has-Electric-PotentialTarget'>
      <failure>
        declared in
        http://opencaesar.io/examples/firesat/programs/earth-science/projects/firesat/bundle/properties.
      </failure>
    </testcase>
    <testcase name='http://iso.org/80000-6-quantities#resistance'>
      <failure>
        declared in
        http://opencaesar.io/examples/firesat/programs/earth-science/projects/firesat/bundle/properties.
      </failure>
    </testcase>
    <testcase name='http://iso.org/80000-6-quantities#resistance-has-electric-current'>
      <failure>
        declared in
        http://opencaesar.io/examples/firesat/programs/earth-science/projects/firesat/bundle/properties.
      </failure>
    </testcase>
    <testcase name='http://iso.org/80000-6-quantities#resistance-has-electric-potential'>
      <failure>
        declared in
        http://opencaesar.io/examples/firesat/programs/earth-science/projects/firesat/bundle/properties.
      </failure>
    </testcase>
    <testcase name='http://iso.org/80000-6-units#Coulomb-Has-Ampere'>
      <failure>
        declared in
        http://opencaesar.io/examples/firesat/programs/earth-science/projects/firesat/bundle/properties.
      </failure>
    </testcase>
    <testcase name='http://iso.org/80000-6-units#Coulomb-Has-Second'>
      <failure>
        declared in
        http://opencaesar.io/examples/firesat/programs/earth-science/projects/firesat/bundle/properties.
      </failure>
    </testcase>
    <testcase name='http://iso.org/80000-6-units#ElectricChargeMagnitude'>
      <failure>
        declared in
        http://opencaesar.io/examples/firesat/programs/earth-science/projects/firesat/bundle/properties.
      </failure>
    </testcase>
    <testcase name='http://iso.org/80000-6-units#ElectricChargeUnit'>
      <failure>
        declared in
        http://opencaesar.io/examples/firesat/programs/earth-science/projects/firesat/bundle/properties.
      </failure>
    </testcase>
    <testcase name='http://iso.org/80000-6-units#ElectricCurrentMagnitude'>
      <failure>
        declared in
        http://opencaesar.io/examples/firesat/programs/earth-science/projects/firesat/bundle/properties.
      </failure>
    </testcase>
    <testcase name='http://iso.org/80000-6-units#ElectricCurrentUnit'>
      <failure>
        declared in
        http://opencaesar.io/examples/firesat/programs/earth-science/projects/firesat/bundle/properties.
      </failure>
    </testcase>
    <testcase name='http://iso.org/80000-6-units#ElectricFieldStrengthMagnitude'>
      <failure>
        declared in
        http://opencaesar.io/examples/firesat/programs/earth-science/projects/firesat/bundle/properties.
      </failure>
    </testcase>
    <testcase name='http://iso.org/80000-6-units#ElectricFieldStrengthUnit'>
      <failure>
        declared in
        http://opencaesar.io/examples/firesat/programs/earth-science/projects/firesat/bundle/properties.
      </failure>
    </testcase>
    <testcase name='http://iso.org/80000-6-units#ElectricPotentialMagnitude'>
      <failure>
        declared in
        http://opencaesar.io/examples/firesat/programs/earth-science/projects/firesat/bundle/properties.
      </failure>
    </testcase>
    <testcase name='http://iso.org/80000-6-units#ElectricPotentialUnit'>
      <failure>
        declared in
        http://opencaesar.io/examples/firesat/programs/earth-science/projects/firesat/bundle/properties.
      </failure>
    </testcase>
    <testcase name='http://iso.org/80000-6-units#Newton-Per-Coulomb-Has-Coulomb'>
      <failure>
        declared in
        http://opencaesar.io/examples/firesat/programs/earth-science/projects/firesat/bundle/properties.
      </failure>
    </testcase>
    <testcase name='http://iso.org/80000-6-units#Newton-Per-Coulomb-Has-Newton'>
      <failure>
        declared in
        http://opencaesar.io/examples/firesat/programs/earth-science/projects/firesat/bundle/properties.
      </failure>
    </testcase>
    <testcase name='http://iso.org/80000-6-units#Ohm-Has-Ampere'>
      <failure>
        declared in
        http://opencaesar.io/examples/firesat/programs/earth-science/projects/firesat/bundle/properties.
      </failure>
    </testcase>
    <testcase name='http://iso.org/80000-6-units#Ohm-Has-Volt'>
      <failure>
        declared in
        http://opencaesar.io/examples/firesat/programs/earth-science/projects/firesat/bundle/properties.
      </failure>
    </testcase>
    <testcase name='http://iso.org/80000-6-units#ResistanceMagnitude'>
      <failure>
        declared in
        http://opencaesar.io/examples/firesat/programs/earth-science/projects/firesat/bundle/properties.
      </failure>
    </testcase>
    <testcase name='http://iso.org/80000-6-units#ResistanceUnit'>
      <failure>
        declared in
        http://opencaesar.io/examples/firesat/programs/earth-science/projects/firesat/bundle/properties.
      </failure>
    </testcase>
    <testcase name='http://iso.org/80000-6-units#Volt-Has-Metre'>
      <failure>
        declared in
        http://opencaesar.io/examples/firesat/programs/earth-science/projects/firesat/bundle/properties.
      </failure>
    </testcase>
    <testcase name='http://iso.org/80000-6-units#Volt-Has-Newton-Per-Coulomb'>
      <failure>
        declared in
        http://opencaesar.io/examples/firesat/programs/earth-science/projects/firesat/bundle/properties.
      </failure>
    </testcase>
    <testcase name='http://iso.org/80000-6-units#ampere'>
      <failure>
        declared in
        http://opencaesar.io/examples/firesat/programs/earth-science/projects/firesat/bundle/properties.
      </failure>
    </testcase>
    <testcase name='http://iso.org/80000-6-units#coulomb'>
      <failure>
        declared in
        http://opencaesar.io/examples/firesat/programs/earth-science/projects/firesat/bundle/properties.
      </failure>
    </testcase>
    <testcase name='http://iso.org/80000-6-units#coulomb-has-ampere'>
      <failure>
        declared in
        http://opencaesar.io/examples/firesat/programs/earth-science/projects/firesat/bundle/properties.
      </failure>
    </testcase>
    <testcase name='http://iso.org/80000-6-units#coulomb-has-second'>
      <failure>
        declared in
        http://opencaesar.io/examples/firesat/programs/earth-science/projects/firesat/bundle/properties.
      </failure>
    </testcase>
    <testcase name='http://iso.org/80000-6-units#hasCoulomb-Has-AmpereSource'>
      <failure>
        declared in
        http://opencaesar.io/examples/firesat/programs/earth-science/projects/firesat/bundle/properties.
      </failure>
    </testcase>
    <testcase name='http://iso.org/80000-6-units#hasCoulomb-Has-AmpereTarget'>
      <failure>
        declared in
        http://opencaesar.io/examples/firesat/programs/earth-science/projects/firesat/bundle/properties.
      </failure>
    </testcase>
    <testcase name='http://iso.org/80000-6-units#hasCoulomb-Has-SecondSource'>
      <failure>
        declared in
        http://opencaesar.io/examples/firesat/programs/earth-science/projects/firesat/bundle/properties.
      </failure>
    </testcase>
    <testcase name='http://iso.org/80000-6-units#hasCoulomb-Has-SecondTarget'>
      <failure>
        declared in
        http://opencaesar.io/examples/firesat/programs/earth-science/projects/firesat/bundle/properties.
      </failure>
    </testcase>
    <testcase name='http://iso.org/80000-6-units#hasNewton-Per-Coulomb-Has-CoulombSource'>
      <failure>
        declared in
        http://opencaesar.io/examples/firesat/programs/earth-science/projects/firesat/bundle/properties.
      </failure>
    </testcase>
    <testcase name='http://iso.org/80000-6-units#hasNewton-Per-Coulomb-Has-CoulombTarget'>
      <failure>
        declared in
        http://opencaesar.io/examples/firesat/programs/earth-science/projects/firesat/bundle/properties.
      </failure>
    </testcase>
    <testcase name='http://iso.org/80000-6-units#hasNewton-Per-Coulomb-Has-NewtonSource'>
      <failure>
        declared in
        http://opencaesar.io/examples/firesat/programs/earth-science/projects/firesat/bundle/properties.
      </failure>
    </testcase>
    <testcase name='http://iso.org/80000-6-units#hasNewton-Per-Coulomb-Has-NewtonTarget'>
      <failure>
        declared in
        http://opencaesar.io/examples/firesat/programs/earth-science/projects/firesat/bundle/properties.
      </failure>
    </testcase>
    <testcase name='http://iso.org/80000-6-units#hasOhm-Has-AmpereSource'>
      <failure>
        declared in
        http://opencaesar.io/examples/firesat/programs/earth-science/projects/firesat/bundle/properties.
      </failure>
    </testcase>
    <testcase name='http://iso.org/80000-6-units#hasOhm-Has-AmpereTarget'>
      <failure>
        declared in
        http://opencaesar.io/examples/firesat/programs/earth-science/projects/firesat/bundle/properties.
      </failure>
    </testcase>
    <testcase name='http://iso.org/80000-6-units#hasOhm-Has-VoltSource'>
      <failure>
        declared in
        http://opencaesar.io/examples/firesat/programs/earth-science/projects/firesat/bundle/properties.
      </failure>
    </testcase>
    <testcase name='http://iso.org/80000-6-units#hasOhm-Has-VoltTarget'>
      <failure>
        declared in
        http://opencaesar.io/examples/firesat/programs/earth-science/projects/firesat/bundle/properties.
      </failure>
    </testcase>
    <testcase name='http://iso.org/80000-6-units#hasVolt-Has-MetreSource'>
      <failure>
        declared in
        http://opencaesar.io/examples/firesat/programs/earth-science/projects/firesat/bundle/properties.
      </failure>
    </testcase>
    <testcase name='http://iso.org/80000-6-units#hasVolt-Has-MetreTarget'>
      <failure>
        declared in
        http://opencaesar.io/examples/firesat/programs/earth-science/projects/firesat/bundle/properties.
      </failure>
    </testcase>
    <testcase name='http://iso.org/80000-6-units#hasVolt-Has-Newton-Per-CoulombSource'>
      <failure>
        declared in
        http://opencaesar.io/examples/firesat/programs/earth-science/projects/firesat/bundle/properties.
      </failure>
    </testcase>
    <testcase name='http://iso.org/80000-6-units#hasVolt-Has-Newton-Per-CoulombTarget'>
      <failure>
        declared in
        http://opencaesar.io/examples/firesat/programs/earth-science/projects/firesat/bundle/properties.
      </failure>
    </testcase>
    <testcase name='http://iso.org/80000-6-units#newton-per-coulomb'>
      <failure>
        declared in
        http://opencaesar.io/examples/firesat/programs/earth-science/projects/firesat/bundle/properties.
      </failure>
    </testcase>
    <testcase name='http://iso.org/80000-6-units#newton-per-coulomb-has-coulomb'>
      <failure>
        declared in
        http://opencaesar.io/examples/firesat/programs/earth-science/projects/firesat/bundle/properties.
      </failure>
    </testcase>
    <testcase name='http://iso.org/80000-6-units#newton-per-coulomb-has-newton'>
      <failure>
        declared in
        http://opencaesar.io/examples/firesat/programs/earth-science/projects/firesat/bundle/properties.
      </failure>
    </testcase>
    <testcase name='http://iso.org/80000-6-units#ohm'>
      <failure>
        declared in
        http://opencaesar.io/examples/firesat/programs/earth-science/projects/firesat/bundle/properties.
      </failure>
    </testcase>
    <testcase name='http://iso.org/80000-6-units#ohm-has-ampere'>
      <failure>
        declared in
        http://opencaesar.io/examples/firesat/programs/earth-science/projects/firesat/bundle/properties.
      </failure>
    </testcase>
    <testcase name='http://iso.org/80000-6-units#ohm-has-volt'>
      <failure>
        declared in
        http://opencaesar.io/examples/firesat/programs/earth-science/projects/firesat/bundle/properties.
      </failure>
    </testcase>
    <testcase name='http://iso.org/80000-6-units#volt'>
      <failure>
        declared in
        http://opencaesar.io/examples/firesat/programs/earth-science/projects/firesat/bundle/properties.
      </failure>
    </testcase>
    <testcase name='http://iso.org/80000-6-units#volt-has-metre'>
      <failure>
        declared in
        http://opencaesar.io/examples/firesat/programs/earth-science/projects/firesat/bundle/properties.
      </failure>
    </testcase>
    <testcase name='http://iso.org/80000-6-units#volt-has-newton-per-coulomb'>
      <failure>
        declared in
        http://opencaesar.io/examples/firesat/programs/earth-science/projects/firesat/bundle/properties.
      </failure>
    </testcase>
    <testcase name='http://iupac.org/metrology#CoherentMeasurementUnit'>
      <failure>
        declared in
        http://opencaesar.io/examples/firesat/programs/earth-science/projects/firesat/bundle/properties.
      </failure>
    </testcase>
    <testcase name='http://iupac.org/metrology#DerivedMeasurementUnit'>
      <failure>
        declared in
        http://opencaesar.io/examples/firesat/programs/earth-science/projects/firesat/bundle/properties.
      </failure>
    </testcase>
    <testcase name='http://iupac.org/metrology#DerivedUnitaryQuantity'>
      <failure>
        declared in
        http://opencaesar.io/examples/firesat/programs/earth-science/projects/firesat/bundle/properties.
      </failure>
    </testcase>
    <testcase name='http://iupac.org/metrology#ExponentFactor'>
      <failure>
        declared in
        http://opencaesar.io/examples/firesat/programs/earth-science/projects/firesat/bundle/properties.
      </failure>
    </testcase>
    <testcase name='http://iupac.org/metrology#HasFactorForMeasurementUnit'>
      <failure>
        declared in
        http://opencaesar.io/examples/firesat/programs/earth-science/projects/firesat/bundle/properties.
      </failure>
    </testcase>
    <testcase name='http://iupac.org/metrology#HasFactorForUnitaryQuantity'>
      <failure>
        declared in
        http://opencaesar.io/examples/firesat/programs/earth-science/projects/firesat/bundle/properties.
      </failure>
    </testcase>
    <testcase name='http://iupac.org/metrology#HasPrefix'>
      <failure>
        declared in
        http://opencaesar.io/examples/firesat/programs/earth-science/projects/firesat/bundle/properties.
      </failure>
    </testcase>
    <testcase name='http://iupac.org/metrology#HasReference'>
      <failure>
        declared in
        http://opencaesar.io/examples/firesat/programs/earth-science/projects/firesat/bundle/properties.
      </failure>
    </testcase>
    <testcase name='http://iupac.org/metrology#IndependentMeasurementUnit'>
      <failure>
        declared in
        http://opencaesar.io/examples/firesat/programs/earth-science/projects/firesat/bundle/properties.
      </failure>
    </testcase>
    <testcase name='http://iupac.org/metrology#IndependentUnitaryQuantity'>
      <failure>
        declared in
        http://opencaesar.io/examples/firesat/programs/earth-science/projects/firesat/bundle/properties.
      </failure>
    </testcase>
    <testcase name='http://iupac.org/metrology#IsMagnitudeOf'>
      <failure>
        declared in
        http://opencaesar.io/examples/firesat/programs/earth-science/projects/firesat/bundle/properties.
      </failure>
    </testcase>
    <testcase name='http://iupac.org/metrology#IsQuantityOf'>
      <failure>
        declared in
        http://opencaesar.io/examples/firesat/programs/earth-science/projects/firesat/bundle/properties.
      </failure>
    </testcase>
    <testcase name='http://iupac.org/metrology#IsReflexiveMagnitudeOf'>
      <failure>
        declared in
        http://opencaesar.io/examples/firesat/programs/earth-science/projects/firesat/bundle/properties.
      </failure>
    </testcase>
    <testcase name='http://iupac.org/metrology#Magnitude'>
      <failure>
        declared in
        http://opencaesar.io/examples/firesat/programs/earth-science/projects/firesat/bundle/properties.
      </failure>
    </testcase>
    <testcase name='http://iupac.org/metrology#MeasurementProcedure'>
      <failure>
        declared in
        http://opencaesar.io/examples/firesat/programs/earth-science/projects/firesat/bundle/properties.
      </failure>
    </testcase>
    <testcase name='http://iupac.org/metrology#MeasurementUnit'>
      <failure>
        declared in
        http://opencaesar.io/examples/firesat/programs/earth-science/projects/firesat/bundle/properties.
      </failure>
    </testcase>
    <testcase name='http://iupac.org/metrology#MetrologicalEntity'>
      <failure>
        declared in
        http://opencaesar.io/examples/firesat/programs/earth-science/projects/firesat/bundle/properties.
      </failure>
    </testcase>
    <testcase name='http://iupac.org/metrology#NonCoherentDerivedMeasurementUnit'>
      <failure>
        declared in
        http://opencaesar.io/examples/firesat/programs/earth-science/projects/firesat/bundle/properties.
      </failure>
    </testcase>
    <testcase name='http://iupac.org/metrology#NonCoherentDerivedMeasurementUnitOf'>
      <failure>
        declared in
        http://opencaesar.io/examples/firesat/programs/earth-science/projects/firesat/bundle/properties.
      </failure>
    </testcase>
    <testcase name='http://iupac.org/metrology#Object'>
      <failure>
        declared in
        http://opencaesar.io/examples/firesat/programs/earth-science/projects/firesat/bundle/properties.
      </failure>
    </testcase>
    <testcase name='http://iupac.org/metrology#OrdinalMagnitude'>
      <failure>
        declared in
        http://opencaesar.io/examples/firesat/programs/earth-science/projects/firesat/bundle/properties.
      </failure>
    </testcase>
    <testcase name='http://iupac.org/metrology#OrdinalQuantity'>
      <failure>
        declared in
        http://opencaesar.io/examples/firesat/programs/earth-science/projects/firesat/bundle/properties.
      </failure>
    </testcase>
    <testcase name='http://iupac.org/metrology#Prefix'>
      <failure>
        declared in
        http://opencaesar.io/examples/firesat/programs/earth-science/projects/firesat/bundle/properties.
      </failure>
    </testcase>
    <testcase name='http://iupac.org/metrology#PrefixedMeasurementUnit'>
      <failure>
        declared in
        http://opencaesar.io/examples/firesat/programs/earth-science/projects/firesat/bundle/properties.
      </failure>
    </testcase>
    <testcase name='http://iupac.org/metrology#Quantity'>
      <failure>
        declared in
        http://opencaesar.io/examples/firesat/programs/earth-science/projects/firesat/bundle/properties.
      </failure>
    </testcase>
    <testcase name='http://iupac.org/metrology#Reference'>
      <failure>
        declared in
        http://opencaesar.io/examples/firesat/programs/earth-science/projects/firesat/bundle/properties.
      </failure>
    </testcase>
    <testcase name='http://iupac.org/metrology#ReferenceMaterial'>
      <failure>
        declared in
        http://opencaesar.io/examples/firesat/programs/earth-science/projects/firesat/bundle/properties.
      </failure>
    </testcase>
    <testcase name='http://iupac.org/metrology#SystemHasMetrologicalUnit'>
      <failure>
        declared in
        http://opencaesar.io/examples/firesat/programs/earth-science/projects/firesat/bundle/properties.
      </failure>
    </testcase>
    <testcase name='http://iupac.org/metrology#SystemHasUnitaryQuantity'>
      <failure>
        declared in
        http://opencaesar.io/examples/firesat/programs/earth-science/projects/firesat/bundle/properties.
      </failure>
    </testcase>
    <testcase name='http://iupac.org/metrology#SystemOfMetrologicalUnits'>
      <failure>
        declared in
        http://opencaesar.io/examples/firesat/programs/earth-science/projects/firesat/bundle/properties.
      </failure>
    </testcase>
    <testcase name='http://iupac.org/metrology#SystemOfUnitaryQuantities'>
      <failure>
        declared in
        http://opencaesar.io/examples/firesat/programs/earth-science/projects/firesat/bundle/properties.
      </failure>
    </testcase>
    <testcase name='http://iupac.org/metrology#Thing'>
      <failure>
        declared in
        http://opencaesar.io/examples/firesat/programs/earth-science/projects/firesat/bundle/properties.
      </failure>
    </testcase>
    <testcase name='http://iupac.org/metrology#UnitaryMagnitude'>
      <failure>
        declared in
        http://opencaesar.io/examples/firesat/programs/earth-science/projects/firesat/bundle/properties.
      </failure>
    </testcase>
    <testcase name='http://iupac.org/metrology#UnitaryQuantity'>
      <failure>
        declared in
        http://opencaesar.io/examples/firesat/programs/earth-science/projects/firesat/bundle/properties.
      </failure>
    </testcase>
    <testcase name='http://iupac.org/metrology#exponent'>
      <failure>
        declared in
        http://opencaesar.io/examples/firesat/programs/earth-science/projects/firesat/bundle/properties.
      </failure>
    </testcase>
    <testcase name='http://iupac.org/metrology#hasDoubleNumber'>
      <failure>
        declared in
        http://opencaesar.io/examples/firesat/programs/earth-science/projects/firesat/bundle/properties.
      </failure>
    </testcase>
    <testcase name='http://iupac.org/metrology#hasFactorForMeasurementUnit'>
      <failure>
        declared in
        http://opencaesar.io/examples/firesat/programs/earth-science/projects/firesat/bundle/properties.
      </failure>
    </testcase>
    <testcase name='http://iupac.org/metrology#hasFactorForUnitaryQuantity'>
      <failure>
        declared in
        http://opencaesar.io/examples/firesat/programs/earth-science/projects/firesat/bundle/properties.
      </failure>
    </testcase>
    <testcase name='http://iupac.org/metrology#hasHasFactorForMeasurementUnitSource'>
      <failure>
        declared in
        http://opencaesar.io/examples/firesat/programs/earth-science/projects/firesat/bundle/properties.
      </failure>
    </testcase>
    <testcase name='http://iupac.org/metrology#hasHasFactorForMeasurementUnitTarget'>
      <failure>
        declared in
        http://opencaesar.io/examples/firesat/programs/earth-science/projects/firesat/bundle/properties.
      </failure>
    </testcase>
    <testcase name='http://iupac.org/metrology#hasHasFactorForUnitaryQuantitySource'>
      <failure>
        declared in
        http://opencaesar.io/examples/firesat/programs/earth-science/projects/firesat/bundle/properties.
      </failure>
    </testcase>
    <testcase name='http://iupac.org/metrology#hasHasFactorForUnitaryQuantityTarget'>
      <failure>
        declared in
        http://opencaesar.io/examples/firesat/programs/earth-science/projects/firesat/bundle/properties.
      </failure>
    </testcase>
    <testcase name='http://iupac.org/metrology#hasHasPrefixSource'>
      <failure>
        declared in
        http://opencaesar.io/examples/firesat/programs/earth-science/projects/firesat/bundle/properties.
      </failure>
    </testcase>
    <testcase name='http://iupac.org/metrology#hasHasPrefixTarget'>
      <failure>
        declared in
        http://opencaesar.io/examples/firesat/programs/earth-science/projects/firesat/bundle/properties.
      </failure>
    </testcase>
    <testcase name='http://iupac.org/metrology#hasHasReferenceSource'>
      <failure>
        declared in
        http://opencaesar.io/examples/firesat/programs/earth-science/projects/firesat/bundle/properties.
      </failure>
    </testcase>
    <testcase name='http://iupac.org/metrology#hasHasReferenceTarget'>
      <failure>
        declared in
        http://opencaesar.io/examples/firesat/programs/earth-science/projects/firesat/bundle/properties.
      </failure>
    </testcase>
    <testcase name='http://iupac.org/metrology#hasIsMagnitudeOfSource'>
      <failure>
        declared in
        http://opencaesar.io/examples/firesat/programs/earth-science/projects/firesat/bundle/properties.
      </failure>
    </testcase>
    <testcase name='http://iupac.org/metrology#hasIsMagnitudeOfTarget'>
      <failure>
        declared in
        http://opencaesar.io/examples/firesat/programs/earth-science/projects/firesat/bundle/properties.
      </failure>
    </testcase>
    <testcase name='http://iupac.org/metrology#hasIsQuantityOfSource'>
      <failure>
        declared in
        http://opencaesar.io/examples/firesat/programs/earth-science/projects/firesat/bundle/properties.
      </failure>
    </testcase>
    <testcase name='http://iupac.org/metrology#hasIsQuantityOfTarget'>
      <failure>
        declared in
        http://opencaesar.io/examples/firesat/programs/earth-science/projects/firesat/bundle/properties.
      </failure>
    </testcase>
    <testcase name='http://iupac.org/metrology#hasIsReflexiveMagnitudeOfSource'>
      <failure>
        declared in
        http://opencaesar.io/examples/firesat/programs/earth-science/projects/firesat/bundle/properties.
      </failure>
    </testcase>
    <testcase name='http://iupac.org/metrology#hasIsReflexiveMagnitudeOfTarget'>
      <failure>
        declared in
        http://opencaesar.io/examples/firesat/programs/earth-science/projects/firesat/bundle/properties.
      </failure>
    </testcase>
    <testcase name='http://iupac.org/metrology#hasMagnitude'>
      <failure>
        declared in
        http://opencaesar.io/examples/firesat/programs/earth-science/projects/firesat/bundle/properties.
      </failure>
    </testcase>
    <testcase name='http://iupac.org/metrology#hasNonCoherentDerivedMeasurementUnitOfSource'>
      <failure>
        declared in
        http://opencaesar.io/examples/firesat/programs/earth-science/projects/firesat/bundle/properties.
      </failure>
    </testcase>
    <testcase name='http://iupac.org/metrology#hasNonCoherentDerivedMeasurementUnitOfTarget'>
      <failure>
        declared in
        http://opencaesar.io/examples/firesat/programs/earth-science/projects/firesat/bundle/properties.
      </failure>
    </testcase>
    <testcase name='http://iupac.org/metrology#hasPrefix'>
      <failure>
        declared in
        http://opencaesar.io/examples/firesat/programs/earth-science/projects/firesat/bundle/properties.
      </failure>
    </testcase>
    <testcase name='http://iupac.org/metrology#hasQuantity'>
      <failure>
        declared in
        http://opencaesar.io/examples/firesat/programs/earth-science/projects/firesat/bundle/properties.
      </failure>
    </testcase>
    <testcase name='http://iupac.org/metrology#hasReference'>
      <failure>
        declared in
        http://opencaesar.io/examples/firesat/programs/earth-science/projects/firesat/bundle/properties.
      </failure>
    </testcase>
    <testcase name='http://iupac.org/metrology#hasSystemHasMetrologicalUnitSource'>
      <failure>
        declared in
        http://opencaesar.io/examples/firesat/programs/earth-science/projects/firesat/bundle/properties.
      </failure>
    </testcase>
    <testcase name='http://iupac.org/metrology#hasSystemHasMetrologicalUnitTarget'>
      <failure>
        declared in
        http://opencaesar.io/examples/firesat/programs/earth-science/projects/firesat/bundle/properties.
      </failure>
    </testcase>
    <testcase name='http://iupac.org/metrology#hasSystemHasUnitaryQuantitySource'>
      <failure>
        declared in
        http://opencaesar.io/examples/firesat/programs/earth-science/projects/firesat/bundle/properties.
      </failure>
    </testcase>
    <testcase name='http://iupac.org/metrology#hasSystemHasUnitaryQuantityTarget'>
      <failure>
        declared in
        http://opencaesar.io/examples/firesat/programs/earth-science/projects/firesat/bundle/properties.
      </failure>
    </testcase>
    <testcase name='http://iupac.org/metrology#isBaseMetrologicalUnit'>
      <failure>
        declared in
        http://opencaesar.io/examples/firesat/programs/earth-science/projects/firesat/bundle/properties.
      </failure>
    </testcase>
    <testcase name='http://iupac.org/metrology#isBaseQuantity'>
      <failure>
        declared in
        http://opencaesar.io/examples/firesat/programs/earth-science/projects/firesat/bundle/properties.
      </failure>
    </testcase>
    <testcase name='http://iupac.org/metrology#isDimensionlessMeasurementUnit'>
      <failure>
        declared in
        http://opencaesar.io/examples/firesat/programs/earth-science/projects/firesat/bundle/properties.
      </failure>
    </testcase>
    <testcase name='http://iupac.org/metrology#isDimensionlessQuantity'>
      <failure>
        declared in
        http://opencaesar.io/examples/firesat/programs/earth-science/projects/firesat/bundle/properties.
      </failure>
    </testcase>
    <testcase name='http://iupac.org/metrology#isMagnitudeOf'>
      <failure>
        declared in
        http://opencaesar.io/examples/firesat/programs/earth-science/projects/firesat/bundle/properties.
      </failure>
    </testcase>
    <testcase name='http://iupac.org/metrology#isQuantityOf'>
      <failure>
        declared in
        http://opencaesar.io/examples/firesat/programs/earth-science/projects/firesat/bundle/properties.
      </failure>
    </testcase>
    <testcase name='http://iupac.org/metrology#isReflexiveMagnitudeOf'>
      <failure>
        declared in
        http://opencaesar.io/examples/firesat/programs/earth-science/projects/firesat/bundle/properties.
      </failure>
    </testcase>
    <testcase name='http://iupac.org/metrology#nonCoherentDerivedMeasurementUnitOf'>
      <failure>
        declared in
        http://opencaesar.io/examples/firesat/programs/earth-science/projects/firesat/bundle/properties.
      </failure>
    </testcase>
    <testcase name='http://iupac.org/metrology#nonCoherentRelationship'>
      <failure>
        declared in
        http://opencaesar.io/examples/firesat/programs/earth-science/projects/firesat/bundle/properties.
      </failure>
    </testcase>
    <testcase name='http://iupac.org/metrology#systemHasMetrologicalUnit'>
      <failure>
        declared in
        http://opencaesar.io/examples/firesat/programs/earth-science/projects/firesat/bundle/properties.
      </failure>
    </testcase>
    <testcase name='http://iupac.org/metrology#systemHasUnitaryQuantity'>
      <failure>
        declared in
        http://opencaesar.io/examples/firesat/programs/earth-science/projects/firesat/bundle/properties.
      </failure>
    </testcase>
    <testcase name='http://opencaesar.io/examples/firesat/programs/earth-science/projects/firesat/bundle/properties'/>
    <testcase name='http://opencaesar.io/oml#Aspect'>
      <failure>
        declared in
        http://opencaesar.io/examples/firesat/programs/earth-science/projects/firesat/bundle/properties.
      </failure>
    </testcase>
    <testcase name='http://opencaesar.io/oml#Concept'>
      <failure>
        declared in
        http://opencaesar.io/examples/firesat/programs/earth-science/projects/firesat/bundle/properties.
      </failure>
    </testcase>
    <testcase name='http://opencaesar.io/oml#RelationEntity'>
      <failure>
        declared in
        http://opencaesar.io/examples/firesat/programs/earth-science/projects/firesat/bundle/properties.
      </failure>
    </testcase>
    <testcase name='http://opencaesar.io/oml#forwardRelation'>
      <failure>
        declared in
        http://opencaesar.io/examples/firesat/programs/earth-science/projects/firesat/bundle/properties.
      </failure>
    </testcase>
    <testcase name='http://opencaesar.io/oml#reverseRelation'>
      <failure>
        declared in
        http://opencaesar.io/examples/firesat/programs/earth-science/projects/firesat/bundle/properties.
      </failure>
    </testcase>
    <testcase name='http://opencaesar.io/oml#scalarProperty'>
      <failure>
        declared in
        http://opencaesar.io/examples/firesat/programs/earth-science/projects/firesat/bundle/properties.
      </failure>
    </testcase>
    <testcase name='http://opencaesar.io/oml#sourceRelation'>
      <failure>
        declared in
        http://opencaesar.io/examples/firesat/programs/earth-science/projects/firesat/bundle/properties.
      </failure>
    </testcase>
    <testcase name='http://opencaesar.io/oml#targetRelation'>
      <failure>
        declared in
        http://opencaesar.io/examples/firesat/programs/earth-science/projects/firesat/bundle/properties.
      </failure>
    </testcase>
    <testcase name='owl:Nothing'>
      <failure>
        declared in
        http://opencaesar.io/examples/firesat/programs/earth-science/projects/firesat/bundle/properties.
      </failure>
    </testcase>
    <testcase name='owl:Thing'>
      <failure>
        declared in
        http://opencaesar.io/examples/firesat/programs/earth-science/projects/firesat/bundle/properties.
      </failure>
    </testcase>
    <testcase name='owl:sameAs'>
      <failure>
        declared in
        http://opencaesar.io/examples/firesat/programs/earth-science/projects/firesat/bundle/properties.
      </failure>
    </testcase>
    <testcase name='owl:topDataProperty'>
      <failure>
        declared in
        http://opencaesar.io/examples/firesat/programs/earth-science/projects/firesat/bundle/properties.
      </failure>
    </testcase>
    <testcase name='owl:topObjectProperty'>
      <failure>
        declared in
        http://opencaesar.io/examples/firesat/programs/earth-science/projects/firesat/bundle/properties.
      </failure>
    </testcase>
    <testcase name='http://opencaesar.io/examples/firesat/programs/earth-science/projects/firesat/firesat'/>
    <testcase name='http://opencaesar.io/examples/firesat/programs/earth-science/projects/firesat/firesat#WP05'/>
    <testcase name='http://opencaesar.io/examples/firesat/programs/earth-science/projects/firesat/firesat#WP06'/>
    <testcase name='http://opencaesar.io/examples/firesat/programs/earth-science/projects/firesat/firesat#WP06alt'/>
    <testcase name='http://opencaesar.io/examples/firesat/programs/earth-science/projects/firesat/firesat#WP07-incomplete'/>
    <testcase name='http://opencaesar.io/examples/firesat/programs/earth-science/projects/firesat/systems/compositions'/>
    <testcase name='http://opencaesar.io/examples/firesat/programs/earth-science/projects/firesat/systems/pld/masses'/>
    <testcase name='http://opencaesar.io/examples/firesat/programs/earth-science/projects/firesat/systems/pld/masses#PayloadMassLimit'/>
    <testcase name='http://opencaesar.io/examples/firesat/programs/earth-science/projects/firesat/systems/pld/masses#PayloadMassLimitMagnitude'/>
    <testcase name='http://opencaesar.io/examples/firesat/programs/earth-science/projects/firesat/systems/pld/pld'/>
    <testcase name='http://opencaesar.io/examples/firesat/programs/earth-science/projects/firesat/systems/pld/pld#Payload'/>
    <testcase name='http://opencaesar.io/examples/firesat/programs/earth-science/projects/firesat/systems/pld/requirements/system'/>
    <testcase name='http://opencaesar.io/examples/firesat/programs/earth-science/projects/firesat/systems/pld/requirements/system#ApertureSize'/>
    <testcase name='http://opencaesar.io/examples/firesat/programs/earth-science/projects/firesat/systems/pld/requirements/system#FOR'/>
    <testcase name='http://opencaesar.io/examples/firesat/programs/earth-science/projects/firesat/systems/pld/requirements/system#SensingRange'/>
    <testcase name='http://opencaesar.io/examples/firesat/programs/earth-science/projects/firesat/systems/pld/requirements/system#SpatialResolution'/>
    <testcase name='http://opencaesar.io/examples/firesat/programs/earth-science/projects/firesat/systems/pld/requirements/system#SpectralResolution'/>
    <testcase name='http://opencaesar.io/examples/firesat/programs/earth-science/projects/firesat/systems/pld/requirements/system#WavelenghtRange'/>
    <testcase name='http://opencaesar.io/examples/firesat/programs/earth-science/projects/firesat/systems/signals'/>
    <testcase name='http://opencaesar.io/examples/firesat/programs/earth-science/projects/firesat/systems/signals#5000To1000Power'/>
    <testcase name='http://opencaesar.io/examples/firesat/programs/earth-science/projects/firesat/systems/spc/masses'/>
    <testcase name='http://opencaesar.io/examples/firesat/programs/earth-science/projects/firesat/systems/spc/masses#SpacecraftMassLimit'/>
    <testcase name='http://opencaesar.io/examples/firesat/programs/earth-science/projects/firesat/systems/spc/masses#SpacecraftMassLimitMagnitude'/>
    <testcase name='http://opencaesar.io/examples/firesat/programs/earth-science/projects/firesat/systems/spc/requirements/environmental'/>
    <testcase name='http://opencaesar.io/examples/firesat/programs/earth-science/projects/firesat/systems/spc/requirements/environmental#Environment'/>
    <testcase name='http://opencaesar.io/examples/firesat/programs/earth-science/projects/firesat/systems/spc/requirements/environmental#LaunchEnvironment'/>
    <testcase name='http://opencaesar.io/examples/firesat/programs/earth-science/projects/firesat/systems/spc/requirements/environmental#QualificationOfHeritageFlightHardware'/>
    <testcase name='http://opencaesar.io/examples/firesat/programs/earth-science/projects/firesat/systems/spc/requirements/environmental#SpaceEnvironment'/>
    <testcase name='http://opencaesar.io/examples/firesat/programs/earth-science/projects/firesat/systems/spc/requirements/environmental#SpaceEnvironmentEffectsOnMaterialSelection'/>
    <testcase name='http://opencaesar.io/examples/firesat/programs/earth-science/projects/firesat/systems/spc/requirements/environmental#SpaceVehicleNaturalFrequency'/>
    <testcase name='http://opencaesar.io/examples/firesat/programs/earth-science/projects/firesat/systems/spc/requirements/environmental#StructuralQualification'/>
    <testcase name='http://opencaesar.io/examples/firesat/programs/earth-science/projects/firesat/systems/spc/requirements/logistical'/>
    <testcase name='http://opencaesar.io/examples/firesat/programs/earth-science/projects/firesat/systems/spc/requirements/logistical#Availability'/>
    <testcase name='http://opencaesar.io/examples/firesat/programs/earth-science/projects/firesat/systems/spc/requirements/logistical#EndOfLifeDisposal'/>
    <testcase name='http://opencaesar.io/examples/firesat/programs/earth-science/projects/firesat/systems/spc/requirements/logistical#Facilities'/>
    <testcase name='http://opencaesar.io/examples/firesat/programs/earth-science/projects/firesat/systems/spc/requirements/logistical#FaultProtection'/>
    <testcase name='http://opencaesar.io/examples/firesat/programs/earth-science/projects/firesat/systems/spc/requirements/logistical#Maintainability'/>
    <testcase name='http://opencaesar.io/examples/firesat/programs/earth-science/projects/firesat/systems/spc/requirements/logistical#Maintenance'/>
    <testcase name='http://opencaesar.io/examples/firesat/programs/earth-science/projects/firesat/systems/spc/requirements/logistical#Operability'/>
    <testcase name='http://opencaesar.io/examples/firesat/programs/earth-science/projects/firesat/systems/spc/requirements/logistical#Reliability'/>
    <testcase name='http://opencaesar.io/examples/firesat/programs/earth-science/projects/firesat/systems/spc/requirements/logistical#Supply'/>
    <testcase name='http://opencaesar.io/examples/firesat/programs/earth-science/projects/firesat/systems/spc/requirements/logistical#Supportability'/>
    <testcase name='http://opencaesar.io/examples/firesat/programs/earth-science/projects/firesat/systems/spc/requirements/logistical#TrainingAndPersonel'/>
    <testcase name='http://opencaesar.io/examples/firesat/programs/earth-science/projects/firesat/systems/spc/requirements/logistical#Transportation'/>
    <testcase name='http://opencaesar.io/examples/firesat/programs/earth-science/projects/firesat/systems/spc/requirements/operational'/>
    <testcase name='http://opencaesar.io/examples/firesat/programs/earth-science/projects/firesat/systems/spc/requirements/operational#Altitude'/>
    <testcase name='http://opencaesar.io/examples/firesat/programs/earth-science/projects/firesat/systems/spc/requirements/operational#MinimumElevationAngle'/>
    <testcase name='http://opencaesar.io/examples/firesat/programs/earth-science/projects/firesat/systems/spc/requirements/operational#OrbitInclination'/>
    <testcase name='http://opencaesar.io/examples/firesat/programs/earth-science/projects/firesat/systems/spc/requirements/performance'/>
    <testcase name='http://opencaesar.io/examples/firesat/programs/earth-science/projects/firesat/systems/spc/requirements/performance#AltitudeError'/>
    <testcase name='http://opencaesar.io/examples/firesat/programs/earth-science/projects/firesat/systems/spc/requirements/performance#TimeError'/>
    <testcase name='http://opencaesar.io/examples/firesat/programs/earth-science/projects/firesat/systems/spc/requirements/resource'/>
    <testcase name='http://opencaesar.io/examples/firesat/programs/earth-science/projects/firesat/systems/spc/requirements/resource#AltitudeDetermination'/>
    <testcase name='http://opencaesar.io/examples/firesat/programs/earth-science/projects/firesat/systems/spc/requirements/resource#DeltaVBudget'/>
    <testcase name='http://opencaesar.io/examples/firesat/programs/earth-science/projects/firesat/systems/spc/requirements/resource#MaturityOfNewTechnologies'/>
    <testcase name='http://opencaesar.io/examples/firesat/programs/earth-science/projects/firesat/systems/spc/requirements/resource#NumberOfSatellites'/>
    <testcase name='http://opencaesar.io/examples/firesat/programs/earth-science/projects/firesat/systems/spc/requirements/resource#OrbitDetermination'/>
    <testcase name='http://opencaesar.io/examples/firesat/programs/earth-science/projects/firesat/systems/spc/requirements/resource#PowerBudget'/>
    <testcase name='http://opencaesar.io/examples/firesat/programs/earth-science/projects/firesat/systems/spc/requirements/resource#SpaceVehicleMass'/>
    <testcase name='http://opencaesar.io/examples/firesat/programs/earth-science/projects/firesat/systems/spc/requirements/system'/>
    <testcase name='http://opencaesar.io/examples/firesat/programs/earth-science/projects/firesat/systems/spc/requirements/system#IncidentProcessing'/>
    <testcase name='http://opencaesar.io/examples/firesat/programs/earth-science/projects/firesat/systems/spc/requirements/system#Interoperability'/>
    <testcase name='http://opencaesar.io/examples/firesat/programs/earth-science/projects/firesat/systems/spc/requirements/system#Manufacturability'/>
    <testcase name='http://opencaesar.io/examples/firesat/programs/earth-science/projects/firesat/systems/spc/requirements/system#Precedence'/>
    <testcase name='http://opencaesar.io/examples/firesat/programs/earth-science/projects/firesat/systems/spc/requirements/system#PrimeItemDefinition'/>
    <testcase name='http://opencaesar.io/examples/firesat/programs/earth-science/projects/firesat/systems/spc/requirements/system#SecurityAndSafety'/>
    <testcase name='http://opencaesar.io/examples/firesat/programs/earth-science/projects/firesat/systems/spc/requirements/system#StandardSample'/>
    <testcase name='http://opencaesar.io/examples/firesat/programs/earth-science/projects/firesat/systems/spc/requirements/system#UplinkDownlinkHardware'/>
    <testcase name='http://opencaesar.io/examples/firesat/programs/earth-science/projects/firesat/systems/spc/spc'/>
    <testcase name='http://opencaesar.io/examples/firesat/programs/earth-science/projects/firesat/systems/spc/spc#Lander'/>
    <testcase name='http://opencaesar.io/examples/firesat/programs/earth-science/projects/firesat/systems/spc/spc#Spacecraft'/>
    <testcase name='http://opencaesar.io/examples/firesat/programs/earth-science/projects/firesat/workpackages/05/systems/pld/assemblies'/>
    <testcase name='http://opencaesar.io/examples/firesat/programs/earth-science/projects/firesat/workpackages/05/systems/pld/assemblies#PayloadModule'/>
    <testcase name='http://opencaesar.io/examples/firesat/programs/earth-science/projects/firesat/workpackages/05/systems/pld/assemblies#Sensor'/>
    <testcase name='http://opencaesar.io/examples/firesat/programs/earth-science/projects/firesat/workpackages/05/systems/pld/compositions'/>
    <testcase name='http://opencaesar.io/examples/firesat/programs/earth-science/projects/firesat/workpackages/05/systems/pld/endcircuits'/>
    <testcase name='http://opencaesar.io/examples/firesat/programs/earth-science/projects/firesat/workpackages/05/systems/pld/endcircuits#PayloadModulePowerIn'/>
    <testcase name='http://opencaesar.io/examples/firesat/programs/earth-science/projects/firesat/workpackages/05/systems/pld/endcircuits#SensorPowerIn'/>
    <testcase name='http://opencaesar.io/examples/firesat/programs/earth-science/projects/firesat/workpackages/05/systems/pld/functions'/>
    <testcase name='http://opencaesar.io/examples/firesat/programs/earth-science/projects/firesat/workpackages/05/systems/pld/functions#DetectNewWildfiresBySensor'/>
    <testcase name='http://opencaesar.io/examples/firesat/programs/earth-science/projects/firesat/workpackages/05/systems/pld/functions#InsureMechanicalIntegrityByPayloadModule'/>
    <testcase name='http://opencaesar.io/examples/firesat/programs/earth-science/projects/firesat/workpackages/05/systems/pld/functions#MonitorExistingWildfires_24_7BySensor'/>
    <testcase name='http://opencaesar.io/examples/firesat/programs/earth-science/projects/firesat/workpackages/05/systems/pld/functions#SensorPerformsDetectNewWildfires'/>
    <testcase name='http://opencaesar.io/examples/firesat/programs/earth-science/projects/firesat/workpackages/05/systems/pld/masses'/>
    <testcase name='http://opencaesar.io/examples/firesat/programs/earth-science/projects/firesat/workpackages/05/systems/pld/masses#PayloadModuleCBEMass'/>
    <testcase name='http://opencaesar.io/examples/firesat/programs/earth-science/projects/firesat/workpackages/05/systems/pld/masses#PayloadModuleCBEMassMagnitude'/>
    <testcase name='http://opencaesar.io/examples/firesat/programs/earth-science/projects/firesat/workpackages/05/systems/pld/masses#SensorCBEMass'/>
    <testcase name='http://opencaesar.io/examples/firesat/programs/earth-science/projects/firesat/workpackages/05/systems/pld/masses#SensorCBEMassMagnitude'/>
    <testcase name='http://opencaesar.io/examples/firesat/programs/earth-science/projects/firesat/workpackages/05/systems/pld/requirements'/>
    <testcase name='http://opencaesar.io/examples/firesat/programs/earth-science/projects/firesat/workpackages/05/systems/pld/requirements#ApertureSizeForSensor'/>
    <testcase name='http://opencaesar.io/examples/firesat/programs/earth-science/projects/firesat/workpackages/05/systems/pld/requirements#FORForSensor'/>
    <testcase name='http://opencaesar.io/examples/firesat/programs/earth-science/projects/firesat/workpackages/05/systems/pld/requirements#SensingRangeForSensor'/>
    <testcase name='http://opencaesar.io/examples/firesat/programs/earth-science/projects/firesat/workpackages/05/systems/pld/requirements#SpatialResolutionForSensor'/>
    <testcase name='http://opencaesar.io/examples/firesat/programs/earth-science/projects/firesat/workpackages/05/systems/pld/requirements#SpectralResolutionForSensor'/>
    <testcase name='http://opencaesar.io/examples/firesat/programs/earth-science/projects/firesat/workpackages/05/systems/pld/requirements#WavelenghtRangeForSensor'/>
    <testcase name='http://opencaesar.io/examples/firesat/programs/earth-science/projects/firesat/workpackages/06/04/subsystems/sam/assemblies'/>
    <testcase name='http://opencaesar.io/examples/firesat/programs/earth-science/projects/firesat/workpackages/06/04/subsystems/sam/assemblies#EPSRegulatorsAndConvertersUnit'/>
    <testcase name='http://opencaesar.io/examples/firesat/programs/earth-science/projects/firesat/workpackages/06/04/subsystems/sam/assemblies#PowerControlUnit'/>
    <testcase name='http://opencaesar.io/examples/firesat/programs/earth-science/projects/firesat/workpackages/06/04/subsystems/sam/assemblies#SolarArrayWithSADA1'/>
    <testcase name='http://opencaesar.io/examples/firesat/programs/earth-science/projects/firesat/workpackages/06/04/subsystems/sam/assemblies#SolarArrayWithSADA2'/>
    <testcase name='http://opencaesar.io/examples/firesat/programs/earth-science/projects/firesat/workpackages/06/04/subsystems/sam/endcircuits'/>
    <testcase name='http://opencaesar.io/examples/firesat/programs/earth-science/projects/firesat/workpackages/06/04/subsystems/sam/endcircuits#EPSRegulatorsAndConvertersUnitPowerIn1'/>
    <testcase name='http://opencaesar.io/examples/firesat/programs/earth-science/projects/firesat/workpackages/06/04/subsystems/sam/endcircuits#EPSRegulatorsAndConvertersUnitPowerIn2'/>
    <testcase name='http://opencaesar.io/examples/firesat/programs/earth-science/projects/firesat/workpackages/06/04/subsystems/sam/endcircuits#EPSRegulatorsAndConvertersUnitPowerOut3'/>
    <testcase name='http://opencaesar.io/examples/firesat/programs/earth-science/projects/firesat/workpackages/06/04/subsystems/sam/endcircuits#EPSRegulatorsAndConvertersUnitPowerOut4'/>
    <testcase name='http://opencaesar.io/examples/firesat/programs/earth-science/projects/firesat/workpackages/06/04/subsystems/sam/endcircuits#EPSRegulatorsAndConvertersUnitPowerOut5'/>
    <testcase name='http://opencaesar.io/examples/firesat/programs/earth-science/projects/firesat/workpackages/06/04/subsystems/sam/endcircuits#EPSRegulatorsAndConvertersUnitPowerOut6'/>
    <testcase name='http://opencaesar.io/examples/firesat/programs/earth-science/projects/firesat/workpackages/06/04/subsystems/sam/endcircuits#EPSRegulatorsAndConvertersUnitPowerOut7'/>
    <testcase name='http://opencaesar.io/examples/firesat/programs/earth-science/projects/firesat/workpackages/06/04/subsystems/sam/endcircuits#EPSRegulatorsAndConvertersUnitPowerOut8'/>
    <testcase name='http://opencaesar.io/examples/firesat/programs/earth-science/projects/firesat/workpackages/06/04/subsystems/sam/endcircuits#EPSRegulatorsAndConvertersUnitPowerOut9'/>
    <testcase name='http://opencaesar.io/examples/firesat/programs/earth-science/projects/firesat/workpackages/06/04/subsystems/sam/endcircuits#PowerControlUnitPowerIn'/>
    <testcase name='http://opencaesar.io/examples/firesat/programs/earth-science/projects/firesat/workpackages/06/04/subsystems/sam/endcircuits#SolarArrayWithSADA1PowerOut'/>
    <testcase name='http://opencaesar.io/examples/firesat/programs/earth-science/projects/firesat/workpackages/06/04/subsystems/sam/endcircuits#SolarArrayWithSADA2PowerOut'/>
    <testcase name='http://opencaesar.io/examples/firesat/programs/earth-science/projects/firesat/workpackages/06/04/subsystems/sam/functions'/>
    <testcase name='http://opencaesar.io/examples/firesat/programs/earth-science/projects/firesat/workpackages/06/04/subsystems/sam/functions#DeployMechanismsBySolarArrayWithSADA1'/>
    <testcase name='http://opencaesar.io/examples/firesat/programs/earth-science/projects/firesat/workpackages/06/04/subsystems/sam/functions#DeployMechanismsBySolarArrayWithSADA2'/>
    <testcase name='http://opencaesar.io/examples/firesat/programs/earth-science/projects/firesat/workpackages/06/04/subsystems/sam/functions#Supply_Power_24_7ByEPSRegulatorsAndConvertersUnit'/>
    <testcase name='http://opencaesar.io/examples/firesat/programs/earth-science/projects/firesat/workpackages/06/04/subsystems/sam/functions#Supply_Power_24_7ByPowerControlUnit'/>
    <testcase name='http://opencaesar.io/examples/firesat/programs/earth-science/projects/firesat/workpackages/06/04/subsystems/sam/functions#TransformSolarRadiationsIntoEnergyBySolarArrayWithSADA1'/>
    <testcase name='http://opencaesar.io/examples/firesat/programs/earth-science/projects/firesat/workpackages/06/04/subsystems/sam/functions#TransformSolarRadiationsIntoEnergyBySolarArrayWithSADA2'/>
    <testcase name='http://opencaesar.io/examples/firesat/programs/earth-science/projects/firesat/workpackages/06/04/subsystems/sam/masses'/>
    <testcase name='http://opencaesar.io/examples/firesat/programs/earth-science/projects/firesat/workpackages/06/04/subsystems/sam/masses#EPSRegulatorsAndConvertersUnitCBEMass'/>
    <testcase name='http://opencaesar.io/examples/firesat/programs/earth-science/projects/firesat/workpackages/06/04/subsystems/sam/masses#EPSRegulatorsAndConvertersUnitCBEMassMagnitude'/>
    <testcase name='http://opencaesar.io/examples/firesat/programs/earth-science/projects/firesat/workpackages/06/04/subsystems/sam/masses#PowerControlUnitCBEMass'/>
    <testcase name='http://opencaesar.io/examples/firesat/programs/earth-science/projects/firesat/workpackages/06/04/subsystems/sam/masses#PowerControlUnitCBEMassMagnitude'/>
    <testcase name='http://opencaesar.io/examples/firesat/programs/earth-science/projects/firesat/workpackages/06/04/subsystems/sam/masses#SolarArrayWithSADA1CBEMass'/>
    <testcase name='http://opencaesar.io/examples/firesat/programs/earth-science/projects/firesat/workpackages/06/04/subsystems/sam/masses#SolarArrayWithSADA1CBEMassMagnitude'/>
    <testcase name='http://opencaesar.io/examples/firesat/programs/earth-science/projects/firesat/workpackages/06/04/subsystems/sam/masses#SolarArrayWithSADA2CBEMass'/>
    <testcase name='http://opencaesar.io/examples/firesat/programs/earth-science/projects/firesat/workpackages/06/04/subsystems/sam/masses#SolarArrayWithSADA2CBEMassMagnitude'/>
    <testcase name='http://opencaesar.io/examples/firesat/programs/earth-science/projects/firesat/workpackages/06/04/subsystems/sam/requirements'/>
    <testcase name='http://opencaesar.io/examples/firesat/programs/earth-science/projects/firesat/workpackages/06/04/subsystems/sam/requirements#SpaceEnvironmentForEPSRegulatorsAndConvertersUnit'/>
    <testcase name='http://opencaesar.io/examples/firesat/programs/earth-science/projects/firesat/workpackages/06/04/subsystems/sam/requirements#SpaceEnvironmentForPowerControlUnit'/>
    <testcase name='http://opencaesar.io/examples/firesat/programs/earth-science/projects/firesat/workpackages/06/04/subsystems/sam/requirements#SpaceEnvironmentForSolarArrayWithSADA1'/>
    <testcase name='http://opencaesar.io/examples/firesat/programs/earth-science/projects/firesat/workpackages/06/04/subsystems/sam/requirements#SpaceEnvironmentForSolarArrayWithSADA2'/>
    <testcase name='http://opencaesar.io/examples/firesat/programs/earth-science/projects/firesat/workpackages/06/04/subsystems/sam/signals'/>
    <testcase name='http://opencaesar.io/examples/firesat/programs/earth-science/projects/firesat/workpackages/06/04/subsystems/sam/signals#5000516200To5000Power'/>
    <testcase name='http://opencaesar.io/examples/firesat/programs/earth-science/projects/firesat/workpackages/06/04/subsystems/sam/signals#5000To5000516200Power'/>
    <testcase name='http://opencaesar.io/examples/firesat/programs/earth-science/projects/firesat/workpackages/06/05/subsystems/thc/assemblies'/>
    <testcase name='http://opencaesar.io/examples/firesat/programs/earth-science/projects/firesat/workpackages/06/05/subsystems/thc/assemblies#ThermalBlankets'/>
    <testcase name='http://opencaesar.io/examples/firesat/programs/earth-science/projects/firesat/workpackages/06/05/subsystems/thc/functions'/>
    <testcase name='http://opencaesar.io/examples/firesat/programs/earth-science/projects/firesat/workpackages/06/05/subsystems/thc/functions#HomogenizeTemperatureByThermalBlankets'/>
    <testcase name='http://opencaesar.io/examples/firesat/programs/earth-science/projects/firesat/workpackages/06/05/subsystems/thc/masses'/>
    <testcase name='http://opencaesar.io/examples/firesat/programs/earth-science/projects/firesat/workpackages/06/05/subsystems/thc/masses#ThermalBlanketsCBEMass'/>
    <testcase name='http://opencaesar.io/examples/firesat/programs/earth-science/projects/firesat/workpackages/06/05/subsystems/thc/masses#ThermalBlanketsCBEMassMagnitude'/>
    <testcase name='http://opencaesar.io/examples/firesat/programs/earth-science/projects/firesat/workpackages/06/05/subsystems/thc/requirements'/>
    <testcase name='http://opencaesar.io/examples/firesat/programs/earth-science/projects/firesat/workpackages/06/05/subsystems/thc/requirements#SpaceEnvironmentForThermalBlankets'/>
    <testcase name='http://opencaesar.io/examples/firesat/programs/earth-science/projects/firesat/workpackages/06/06/subsystems/eps/assemblies'/>
    <testcase name='http://opencaesar.io/examples/firesat/programs/earth-science/projects/firesat/workpackages/06/06/subsystems/eps/assemblies#BatteryPack1'/>
    <testcase name='http://opencaesar.io/examples/firesat/programs/earth-science/projects/firesat/workpackages/06/06/subsystems/eps/assemblies#BatteryPack2'/>
    <testcase name='http://opencaesar.io/examples/firesat/programs/earth-science/projects/firesat/workpackages/06/06/subsystems/eps/assemblies#BatteryPack3'/>
    <testcase name='http://opencaesar.io/examples/firesat/programs/earth-science/projects/firesat/workpackages/06/06/subsystems/eps/endcircuits'/>
    <testcase name='http://opencaesar.io/examples/firesat/programs/earth-science/projects/firesat/workpackages/06/06/subsystems/eps/endcircuits#BatteryPack1PowerIn'/>
    <testcase name='http://opencaesar.io/examples/firesat/programs/earth-science/projects/firesat/workpackages/06/06/subsystems/eps/endcircuits#BatteryPack1PowerOut'/>
    <testcase name='http://opencaesar.io/examples/firesat/programs/earth-science/projects/firesat/workpackages/06/06/subsystems/eps/endcircuits#BatteryPack2PowerIn'/>
    <testcase name='http://opencaesar.io/examples/firesat/programs/earth-science/projects/firesat/workpackages/06/06/subsystems/eps/endcircuits#BatteryPack2PowerOut'/>
    <testcase name='http://opencaesar.io/examples/firesat/programs/earth-science/projects/firesat/workpackages/06/06/subsystems/eps/endcircuits#BatteryPack3PowerIn'/>
    <testcase name='http://opencaesar.io/examples/firesat/programs/earth-science/projects/firesat/workpackages/06/06/subsystems/eps/endcircuits#BatteryPack3PowerOut'/>
    <testcase name='http://opencaesar.io/examples/firesat/programs/earth-science/projects/firesat/workpackages/06/06/subsystems/eps/functions'/>
    <testcase name='http://opencaesar.io/examples/firesat/programs/earth-science/projects/firesat/workpackages/06/06/subsystems/eps/functions#StoreEnergyDuringEclipsesByBatteryPack1'/>
    <testcase name='http://opencaesar.io/examples/firesat/programs/earth-science/projects/firesat/workpackages/06/06/subsystems/eps/functions#StoreEnergyDuringEclipsesByBatteryPack2'/>
    <testcase name='http://opencaesar.io/examples/firesat/programs/earth-science/projects/firesat/workpackages/06/06/subsystems/eps/functions#StoreEnergyDuringEclipsesByBatteryPack3'/>
    <testcase name='http://opencaesar.io/examples/firesat/programs/earth-science/projects/firesat/workpackages/06/06/subsystems/eps/masses'/>
    <testcase name='http://opencaesar.io/examples/firesat/programs/earth-science/projects/firesat/workpackages/06/06/subsystems/eps/masses#BatteryPack1CBEMass'/>
    <testcase name='http://opencaesar.io/examples/firesat/programs/earth-science/projects/firesat/workpackages/06/06/subsystems/eps/masses#BatteryPack1CBEMassMagnitude'/>
    <testcase name='http://opencaesar.io/examples/firesat/programs/earth-science/projects/firesat/workpackages/06/06/subsystems/eps/masses#BatteryPack2CBEMass'/>
    <testcase name='http://opencaesar.io/examples/firesat/programs/earth-science/projects/firesat/workpackages/06/06/subsystems/eps/masses#BatteryPack2CBEMassMagnitude'/>
    <testcase name='http://opencaesar.io/examples/firesat/programs/earth-science/projects/firesat/workpackages/06/06/subsystems/eps/masses#BatteryPack3CBEMass'/>
    <testcase name='http://opencaesar.io/examples/firesat/programs/earth-science/projects/firesat/workpackages/06/06/subsystems/eps/masses#BatteryPack3CBEMassMagnitude'/>
    <testcase name='http://opencaesar.io/examples/firesat/programs/earth-science/projects/firesat/workpackages/06/06/subsystems/eps/requirements'/>
    <testcase name='http://opencaesar.io/examples/firesat/programs/earth-science/projects/firesat/workpackages/06/06/subsystems/eps/requirements#SpaceEnvironmentForBatteryPack1'/>
    <testcase name='http://opencaesar.io/examples/firesat/programs/earth-science/projects/firesat/workpackages/06/06/subsystems/eps/requirements#SpaceEnvironmentForBatteryPack2'/>
    <testcase name='http://opencaesar.io/examples/firesat/programs/earth-science/projects/firesat/workpackages/06/06/subsystems/eps/requirements#SpaceEnvironmentForBatteryPack3'/>
    <testcase name='http://opencaesar.io/examples/firesat/programs/earth-science/projects/firesat/workpackages/06/07/subsystems/ang/assemblies'/>
    <testcase name='http://opencaesar.io/examples/firesat/programs/earth-science/projects/firesat/workpackages/06/07/subsystems/ang/assemblies#ADCSElectronicsUnit'/>
    <testcase name='http://opencaesar.io/examples/firesat/programs/earth-science/projects/firesat/workpackages/06/07/subsystems/ang/assemblies#EarthSensor'/>
    <testcase name='http://opencaesar.io/examples/firesat/programs/earth-science/projects/firesat/workpackages/06/07/subsystems/ang/assemblies#GPSAntenna'/>
    <testcase name='http://opencaesar.io/examples/firesat/programs/earth-science/projects/firesat/workpackages/06/07/subsystems/ang/assemblies#GPSReceiverUnit'/>
    <testcase name='http://opencaesar.io/examples/firesat/programs/earth-science/projects/firesat/workpackages/06/07/subsystems/ang/assemblies#Magnetometer'/>
    <testcase name='http://opencaesar.io/examples/firesat/programs/earth-science/projects/firesat/workpackages/06/07/subsystems/ang/assemblies#Magnetorquer1'/>
    <testcase name='http://opencaesar.io/examples/firesat/programs/earth-science/projects/firesat/workpackages/06/07/subsystems/ang/assemblies#Magnetorquer2'/>
    <testcase name='http://opencaesar.io/examples/firesat/programs/earth-science/projects/firesat/workpackages/06/07/subsystems/ang/assemblies#Magnetorquer3'/>
    <testcase name='http://opencaesar.io/examples/firesat/programs/earth-science/projects/firesat/workpackages/06/07/subsystems/ang/assemblies#ReactionWheel1'/>
    <testcase name='http://opencaesar.io/examples/firesat/programs/earth-science/projects/firesat/workpackages/06/07/subsystems/ang/assemblies#ReactionWheel2'/>
    <testcase name='http://opencaesar.io/examples/firesat/programs/earth-science/projects/firesat/workpackages/06/07/subsystems/ang/assemblies#ReactionWheel3'/>
    <testcase name='http://opencaesar.io/examples/firesat/programs/earth-science/projects/firesat/workpackages/06/07/subsystems/ang/assemblies#ReactionWheel4'/>
    <testcase name='http://opencaesar.io/examples/firesat/programs/earth-science/projects/firesat/workpackages/06/07/subsystems/ang/assemblies#SunSensor'/>
    <testcase name='http://opencaesar.io/examples/firesat/programs/earth-science/projects/firesat/workpackages/06/07/subsystems/ang/endcircuits'/>
    <testcase name='http://opencaesar.io/examples/firesat/programs/earth-science/projects/firesat/workpackages/06/07/subsystems/ang/endcircuits#ADCSElectronicsUnitPowerIn'/>
    <testcase name='http://opencaesar.io/examples/firesat/programs/earth-science/projects/firesat/workpackages/06/07/subsystems/ang/endcircuits#EarthSensorPowerIn'/>
    <testcase name='http://opencaesar.io/examples/firesat/programs/earth-science/projects/firesat/workpackages/06/07/subsystems/ang/endcircuits#GPSAntennaPowerIn'/>
    <testcase name='http://opencaesar.io/examples/firesat/programs/earth-science/projects/firesat/workpackages/06/07/subsystems/ang/endcircuits#GPSReceiverUnitPowerIn'/>
    <testcase name='http://opencaesar.io/examples/firesat/programs/earth-science/projects/firesat/workpackages/06/07/subsystems/ang/endcircuits#MagnetometerPowerIn'/>
    <testcase name='http://opencaesar.io/examples/firesat/programs/earth-science/projects/firesat/workpackages/06/07/subsystems/ang/endcircuits#Magnetorquer1PowerIn'/>
    <testcase name='http://opencaesar.io/examples/firesat/programs/earth-science/projects/firesat/workpackages/06/07/subsystems/ang/endcircuits#Magnetorquer2PowerIn'/>
    <testcase name='http://opencaesar.io/examples/firesat/programs/earth-science/projects/firesat/workpackages/06/07/subsystems/ang/endcircuits#Magnetorquer3PowerIn'/>
    <testcase name='http://opencaesar.io/examples/firesat/programs/earth-science/projects/firesat/workpackages/06/07/subsystems/ang/endcircuits#ReactionWheel1PowerIn'/>
    <testcase name='http://opencaesar.io/examples/firesat/programs/earth-science/projects/firesat/workpackages/06/07/subsystems/ang/endcircuits#ReactionWheel2PowerIn'/>
    <testcase name='http://opencaesar.io/examples/firesat/programs/earth-science/projects/firesat/workpackages/06/07/subsystems/ang/endcircuits#ReactionWheel3PowerIn'/>
    <testcase name='http://opencaesar.io/examples/firesat/programs/earth-science/projects/firesat/workpackages/06/07/subsystems/ang/endcircuits#ReactionWheel4PowerIn'/>
    <testcase name='http://opencaesar.io/examples/firesat/programs/earth-science/projects/firesat/workpackages/06/07/subsystems/ang/endcircuits#SunSensorPowerIn'/>
    <testcase name='http://opencaesar.io/examples/firesat/programs/earth-science/projects/firesat/workpackages/06/07/subsystems/ang/functions'/>
    <testcase name='http://opencaesar.io/examples/firesat/programs/earth-science/projects/firesat/workpackages/06/07/subsystems/ang/functions#AttitudeAwarenessByEarthSensor'/>
    <testcase name='http://opencaesar.io/examples/firesat/programs/earth-science/projects/firesat/workpackages/06/07/subsystems/ang/functions#AttitudeAwarenessByMagnetometer'/>
    <testcase name='http://opencaesar.io/examples/firesat/programs/earth-science/projects/firesat/workpackages/06/07/subsystems/ang/functions#AttitudeAwarenessBySunSensor'/>
    <testcase name='http://opencaesar.io/examples/firesat/programs/earth-science/projects/firesat/workpackages/06/07/subsystems/ang/functions#ControlTrajectoryByADCSElectronicsUnit'/>
    <testcase name='http://opencaesar.io/examples/firesat/programs/earth-science/projects/firesat/workpackages/06/07/subsystems/ang/functions#ControlTrajectoryByMagnetorquer1'/>
    <testcase name='http://opencaesar.io/examples/firesat/programs/earth-science/projects/firesat/workpackages/06/07/subsystems/ang/functions#ControlTrajectoryByMagnetorquer2'/>
    <testcase name='http://opencaesar.io/examples/firesat/programs/earth-science/projects/firesat/workpackages/06/07/subsystems/ang/functions#ControlTrajectoryByMagnetorquer3'/>
    <testcase name='http://opencaesar.io/examples/firesat/programs/earth-science/projects/firesat/workpackages/06/07/subsystems/ang/functions#ControlTrajectoryByReactionWheel1'/>
    <testcase name='http://opencaesar.io/examples/firesat/programs/earth-science/projects/firesat/workpackages/06/07/subsystems/ang/functions#ControlTrajectoryByReactionWheel2'/>
    <testcase name='http://opencaesar.io/examples/firesat/programs/earth-science/projects/firesat/workpackages/06/07/subsystems/ang/functions#ControlTrajectoryByReactionWheel3'/>
    <testcase name='http://opencaesar.io/examples/firesat/programs/earth-science/projects/firesat/workpackages/06/07/subsystems/ang/functions#ControlTrajectoryByReactionWheel4'/>
    <testcase name='http://opencaesar.io/examples/firesat/programs/earth-science/projects/firesat/workpackages/06/07/subsystems/ang/functions#GPSAntennaPerformsPositionAwareness'/>
    <testcase name='http://opencaesar.io/examples/firesat/programs/earth-science/projects/firesat/workpackages/06/07/subsystems/ang/functions#GPSReceiverUnitPerformsPositionAwareness'/>
    <testcase name='http://opencaesar.io/examples/firesat/programs/earth-science/projects/firesat/workpackages/06/07/subsystems/ang/functions#PositionAwarenessByGPSAntenna'/>
    <testcase name='http://opencaesar.io/examples/firesat/programs/earth-science/projects/firesat/workpackages/06/07/subsystems/ang/functions#PositionAwarenessByGPSReceiverUnit'/>
    <testcase name='http://opencaesar.io/examples/firesat/programs/earth-science/projects/firesat/workpackages/06/07/subsystems/ang/masses'/>
    <testcase name='http://opencaesar.io/examples/firesat/programs/earth-science/projects/firesat/workpackages/06/07/subsystems/ang/masses#ADCSElectronicsUnitCBEMass'/>
    <testcase name='http://opencaesar.io/examples/firesat/programs/earth-science/projects/firesat/workpackages/06/07/subsystems/ang/masses#ADCSElectronicsUnitCBEMassMagnitude'/>
    <testcase name='http://opencaesar.io/examples/firesat/programs/earth-science/projects/firesat/workpackages/06/07/subsystems/ang/masses#EarthSensorCBEMass'/>
    <testcase name='http://opencaesar.io/examples/firesat/programs/earth-science/projects/firesat/workpackages/06/07/subsystems/ang/masses#EarthSensorCBEMassMagnitude'/>
    <testcase name='http://opencaesar.io/examples/firesat/programs/earth-science/projects/firesat/workpackages/06/07/subsystems/ang/masses#GPSAntennaCBEMass'/>
    <testcase name='http://opencaesar.io/examples/firesat/programs/earth-science/projects/firesat/workpackages/06/07/subsystems/ang/masses#GPSAntennaCBEMassMagnitude'/>
    <testcase name='http://opencaesar.io/examples/firesat/programs/earth-science/projects/firesat/workpackages/06/07/subsystems/ang/masses#GPSReceiverUnitCBEMass'/>
    <testcase name='http://opencaesar.io/examples/firesat/programs/earth-science/projects/firesat/workpackages/06/07/subsystems/ang/masses#GPSReceiverUnitCBEMassMagnitude'/>
    <testcase name='http://opencaesar.io/examples/firesat/programs/earth-science/projects/firesat/workpackages/06/07/subsystems/ang/masses#MagnetometerCBEMass'/>
    <testcase name='http://opencaesar.io/examples/firesat/programs/earth-science/projects/firesat/workpackages/06/07/subsystems/ang/masses#MagnetometerCBEMassMagnitude'/>
    <testcase name='http://opencaesar.io/examples/firesat/programs/earth-science/projects/firesat/workpackages/06/07/subsystems/ang/masses#Magnetorquer1CBEMass'/>
    <testcase name='http://opencaesar.io/examples/firesat/programs/earth-science/projects/firesat/workpackages/06/07/subsystems/ang/masses#Magnetorquer1CBEMassMagnitude'/>
    <testcase name='http://opencaesar.io/examples/firesat/programs/earth-science/projects/firesat/workpackages/06/07/subsystems/ang/masses#Magnetorquer2CBEMass'/>
    <testcase name='http://opencaesar.io/examples/firesat/programs/earth-science/projects/firesat/workpackages/06/07/subsystems/ang/masses#Magnetorquer2CBEMassMagnitude'/>
    <testcase name='http://opencaesar.io/examples/firesat/programs/earth-science/projects/firesat/workpackages/06/07/subsystems/ang/masses#Magnetorquer3CBEMass'/>
    <testcase name='http://opencaesar.io/examples/firesat/programs/earth-science/projects/firesat/workpackages/06/07/subsystems/ang/masses#Magnetorquer3CBEMassMagnitude'/>
    <testcase name='http://opencaesar.io/examples/firesat/programs/earth-science/projects/firesat/workpackages/06/07/subsystems/ang/masses#ReactionWheel1CBEMass'/>
    <testcase name='http://opencaesar.io/examples/firesat/programs/earth-science/projects/firesat/workpackages/06/07/subsystems/ang/masses#ReactionWheel1CBEMassMagnitude'/>
    <testcase name='http://opencaesar.io/examples/firesat/programs/earth-science/projects/firesat/workpackages/06/07/subsystems/ang/masses#ReactionWheel2CBEMass'/>
    <testcase name='http://opencaesar.io/examples/firesat/programs/earth-science/projects/firesat/workpackages/06/07/subsystems/ang/masses#ReactionWheel2CBEMassMagnitude'/>
    <testcase name='http://opencaesar.io/examples/firesat/programs/earth-science/projects/firesat/workpackages/06/07/subsystems/ang/masses#ReactionWheel3CBEMass'/>
    <testcase name='http://opencaesar.io/examples/firesat/programs/earth-science/projects/firesat/workpackages/06/07/subsystems/ang/masses#ReactionWheel3CBEMassMagnitude'/>
    <testcase name='http://opencaesar.io/examples/firesat/programs/earth-science/projects/firesat/workpackages/06/07/subsystems/ang/masses#ReactionWheel4CBEMass'/>
    <testcase name='http://opencaesar.io/examples/firesat/programs/earth-science/projects/firesat/workpackages/06/07/subsystems/ang/masses#ReactionWheel4CBEMassMagnitude'/>
    <testcase name='http://opencaesar.io/examples/firesat/programs/earth-science/projects/firesat/workpackages/06/07/subsystems/ang/masses#SunSensorCBEMass'/>
    <testcase name='http://opencaesar.io/examples/firesat/programs/earth-science/projects/firesat/workpackages/06/07/subsystems/ang/masses#SunSensorCBEMassMagnitude'/>
    <testcase name='http://opencaesar.io/examples/firesat/programs/earth-science/projects/firesat/workpackages/06/07/subsystems/ang/requirements'/>
    <testcase name='http://opencaesar.io/examples/firesat/programs/earth-science/projects/firesat/workpackages/06/07/subsystems/ang/requirements#AltitudeDeterminationForGPSAntenna'/>
    <testcase name='http://opencaesar.io/examples/firesat/programs/earth-science/projects/firesat/workpackages/06/07/subsystems/ang/requirements#AltitudeDeterminationForGPSReceiverUnit'/>
    <testcase name='http://opencaesar.io/examples/firesat/programs/earth-science/projects/firesat/workpackages/06/07/subsystems/ang/requirements#MaintenanceForADCSElectronicsUnit'/>
    <testcase name='http://opencaesar.io/examples/firesat/programs/earth-science/projects/firesat/workpackages/06/07/subsystems/ang/requirements#OperabilityForADCSElectronicsUnit'/>
    <testcase name='http://opencaesar.io/examples/firesat/programs/earth-science/projects/firesat/workpackages/06/07/subsystems/ang/requirements#OperabilityForEarthSensor'/>
    <testcase name='http://opencaesar.io/examples/firesat/programs/earth-science/projects/firesat/workpackages/06/07/subsystems/ang/requirements#OperabilityForGPSAntenna'/>
    <testcase name='http://opencaesar.io/examples/firesat/programs/earth-science/projects/firesat/workpackages/06/07/subsystems/ang/requirements#OperabilityForMagnetometer'/>
    <testcase name='http://opencaesar.io/examples/firesat/programs/earth-science/projects/firesat/workpackages/06/07/subsystems/ang/requirements#OperabilityForMagnetorquer1'/>
    <testcase name='http://opencaesar.io/examples/firesat/programs/earth-science/projects/firesat/workpackages/06/07/subsystems/ang/requirements#OperabilityForMagnetorquer2'/>
    <testcase name='http://opencaesar.io/examples/firesat/programs/earth-science/projects/firesat/workpackages/06/07/subsystems/ang/requirements#OperabilityForMagnetorquer3'/>
    <testcase name='http://opencaesar.io/examples/firesat/programs/earth-science/projects/firesat/workpackages/06/07/subsystems/ang/requirements#OperabilityForReactionWheel1'/>
    <testcase name='http://opencaesar.io/examples/firesat/programs/earth-science/projects/firesat/workpackages/06/07/subsystems/ang/requirements#OperabilityForReactionWheel2'/>
    <testcase name='http://opencaesar.io/examples/firesat/programs/earth-science/projects/firesat/workpackages/06/07/subsystems/ang/requirements#OperabilityForReactionWheel3'/>
    <testcase name='http://opencaesar.io/examples/firesat/programs/earth-science/projects/firesat/workpackages/06/07/subsystems/ang/requirements#OperabilityForReactionWheel4'/>
    <testcase name='http://opencaesar.io/examples/firesat/programs/earth-science/projects/firesat/workpackages/06/07/subsystems/ang/requirements#OperabilityForSunSensor'/>
    <testcase name='http://opencaesar.io/examples/firesat/programs/earth-science/projects/firesat/workpackages/06/07/subsystems/ang/requirements#OrbitDeterminationForGPSAntenna'/>
    <testcase name='http://opencaesar.io/examples/firesat/programs/earth-science/projects/firesat/workpackages/06/07/subsystems/ang/requirements#OrbitDeterminationForGPSReceiverUnit'/>
    <testcase name='http://opencaesar.io/examples/firesat/programs/earth-science/projects/firesat/workpackages/06/08/subsystems/prp/assemblies'/>
    <testcase name='http://opencaesar.io/examples/firesat/programs/earth-science/projects/firesat/workpackages/06/08/subsystems/prp/assemblies#ACSThruster1'/>
    <testcase name='http://opencaesar.io/examples/firesat/programs/earth-science/projects/firesat/workpackages/06/08/subsystems/prp/assemblies#ACSThruster2'/>
    <testcase name='http://opencaesar.io/examples/firesat/programs/earth-science/projects/firesat/workpackages/06/08/subsystems/prp/assemblies#ACSThruster3'/>
    <testcase name='http://opencaesar.io/examples/firesat/programs/earth-science/projects/firesat/workpackages/06/08/subsystems/prp/assemblies#ACSThruster4'/>
    <testcase name='http://opencaesar.io/examples/firesat/programs/earth-science/projects/firesat/workpackages/06/08/subsystems/prp/assemblies#ACSThruster5'/>
    <testcase name='http://opencaesar.io/examples/firesat/programs/earth-science/projects/firesat/workpackages/06/08/subsystems/prp/assemblies#ACSThruster6'/>
    <testcase name='http://opencaesar.io/examples/firesat/programs/earth-science/projects/firesat/workpackages/06/08/subsystems/prp/assemblies#BPPropellantLineUnit'/>
    <testcase name='http://opencaesar.io/examples/firesat/programs/earth-science/projects/firesat/workpackages/06/08/subsystems/prp/assemblies#FillDrainValveUnit'/>
    <testcase name='http://opencaesar.io/examples/firesat/programs/earth-science/projects/firesat/workpackages/06/08/subsystems/prp/assemblies#PMPropellantLineUnit'/>
    <testcase name='http://opencaesar.io/examples/firesat/programs/earth-science/projects/firesat/workpackages/06/08/subsystems/prp/assemblies#PressurantTank'/>
    <testcase name='http://opencaesar.io/examples/firesat/programs/earth-science/projects/firesat/workpackages/06/08/subsystems/prp/assemblies#PrimaryThruster'/>
    <testcase name='http://opencaesar.io/examples/firesat/programs/earth-science/projects/firesat/workpackages/06/08/subsystems/prp/assemblies#PropellantHandlingSection'/>
    <testcase name='http://opencaesar.io/examples/firesat/programs/earth-science/projects/firesat/workpackages/06/08/subsystems/prp/assemblies#PropellantTank'/>
    <testcase name='http://opencaesar.io/examples/firesat/programs/earth-science/projects/firesat/workpackages/06/08/subsystems/prp/assemblies#PropulsionModule'/>
    <testcase name='http://opencaesar.io/examples/firesat/programs/earth-science/projects/firesat/workpackages/06/08/subsystems/prp/assemblies#PropulsionSystemControlUnit'/>
    <testcase name='http://opencaesar.io/examples/firesat/programs/earth-science/projects/firesat/workpackages/06/08/subsystems/prp/compositions'/>
    <testcase name='http://opencaesar.io/examples/firesat/programs/earth-science/projects/firesat/workpackages/06/08/subsystems/prp/endcircuits'/>
    <testcase name='http://opencaesar.io/examples/firesat/programs/earth-science/projects/firesat/workpackages/06/08/subsystems/prp/endcircuits#FillDrainValveUnitPowerIn'/>
    <testcase name='http://opencaesar.io/examples/firesat/programs/earth-science/projects/firesat/workpackages/06/08/subsystems/prp/endcircuits#PropellantHandlingSectionPowerIn'/>
    <testcase name='http://opencaesar.io/examples/firesat/programs/earth-science/projects/firesat/workpackages/06/08/subsystems/prp/endcircuits#PropulsionModulePowerIn'/>
    <testcase name='http://opencaesar.io/examples/firesat/programs/earth-science/projects/firesat/workpackages/06/08/subsystems/prp/endcircuits#PropulsionSystemControlUnitPowerIn'/>
    <testcase name='http://opencaesar.io/examples/firesat/programs/earth-science/projects/firesat/workpackages/06/08/subsystems/prp/functions'/>
    <testcase name='http://opencaesar.io/examples/firesat/programs/earth-science/projects/firesat/workpackages/06/08/subsystems/prp/functions#ControlTrajectoryByACSThruster1'/>
    <testcase name='http://opencaesar.io/examples/firesat/programs/earth-science/projects/firesat/workpackages/06/08/subsystems/prp/functions#ControlTrajectoryByACSThruster2'/>
    <testcase name='http://opencaesar.io/examples/firesat/programs/earth-science/projects/firesat/workpackages/06/08/subsystems/prp/functions#ControlTrajectoryByACSThruster3'/>
    <testcase name='http://opencaesar.io/examples/firesat/programs/earth-science/projects/firesat/workpackages/06/08/subsystems/prp/functions#ControlTrajectoryByACSThruster4'/>
    <testcase name='http://opencaesar.io/examples/firesat/programs/earth-science/projects/firesat/workpackages/06/08/subsystems/prp/functions#ControlTrajectoryByACSThruster5'/>
    <testcase name='http://opencaesar.io/examples/firesat/programs/earth-science/projects/firesat/workpackages/06/08/subsystems/prp/functions#ControlTrajectoryByACSThruster6'/>
    <testcase name='http://opencaesar.io/examples/firesat/programs/earth-science/projects/firesat/workpackages/06/08/subsystems/prp/functions#ControlTrajectoryByBPPropellantLineUnit'/>
    <testcase name='http://opencaesar.io/examples/firesat/programs/earth-science/projects/firesat/workpackages/06/08/subsystems/prp/functions#ControlTrajectoryByFillDrainValveUnit'/>
    <testcase name='http://opencaesar.io/examples/firesat/programs/earth-science/projects/firesat/workpackages/06/08/subsystems/prp/functions#ControlTrajectoryByPMPropellantLineUnit'/>
    <testcase name='http://opencaesar.io/examples/firesat/programs/earth-science/projects/firesat/workpackages/06/08/subsystems/prp/functions#ControlTrajectoryByPressurantTank'/>
    <testcase name='http://opencaesar.io/examples/firesat/programs/earth-science/projects/firesat/workpackages/06/08/subsystems/prp/functions#ControlTrajectoryByPropellantTank'/>
    <testcase name='http://opencaesar.io/examples/firesat/programs/earth-science/projects/firesat/workpackages/06/08/subsystems/prp/functions#ControlTrajectoryByPropulsionSystemControlUnit'/>
    <testcase name='http://opencaesar.io/examples/firesat/programs/earth-science/projects/firesat/workpackages/06/08/subsystems/prp/functions#Launch_SCByPrimaryThruster'/>
    <testcase name='http://opencaesar.io/examples/firesat/programs/earth-science/projects/firesat/workpackages/06/08/subsystems/prp/masses'/>
    <testcase name='http://opencaesar.io/examples/firesat/programs/earth-science/projects/firesat/workpackages/06/08/subsystems/prp/masses#ACSThruster1CBEMass'/>
    <testcase name='http://opencaesar.io/examples/firesat/programs/earth-science/projects/firesat/workpackages/06/08/subsystems/prp/masses#ACSThruster1CBEMassMagnitude'/>
    <testcase name='http://opencaesar.io/examples/firesat/programs/earth-science/projects/firesat/workpackages/06/08/subsystems/prp/masses#ACSThruster2CBEMass'/>
    <testcase name='http://opencaesar.io/examples/firesat/programs/earth-science/projects/firesat/workpackages/06/08/subsystems/prp/masses#ACSThruster2CBEMassMagnitude'/>
    <testcase name='http://opencaesar.io/examples/firesat/programs/earth-science/projects/firesat/workpackages/06/08/subsystems/prp/masses#ACSThruster3CBEMass'/>
    <testcase name='http://opencaesar.io/examples/firesat/programs/earth-science/projects/firesat/workpackages/06/08/subsystems/prp/masses#ACSThruster3CBEMassMagnitude'/>
    <testcase name='http://opencaesar.io/examples/firesat/programs/earth-science/projects/firesat/workpackages/06/08/subsystems/prp/masses#ACSThruster4CBEMass'/>
    <testcase name='http://opencaesar.io/examples/firesat/programs/earth-science/projects/firesat/workpackages/06/08/subsystems/prp/masses#ACSThruster4CBEMassMagnitude'/>
    <testcase name='http://opencaesar.io/examples/firesat/programs/earth-science/projects/firesat/workpackages/06/08/subsystems/prp/masses#ACSThruster5CBEMass'/>
    <testcase name='http://opencaesar.io/examples/firesat/programs/earth-science/projects/firesat/workpackages/06/08/subsystems/prp/masses#ACSThruster5CBEMassMagnitude'/>
    <testcase name='http://opencaesar.io/examples/firesat/programs/earth-science/projects/firesat/workpackages/06/08/subsystems/prp/masses#ACSThruster6CBEMass'/>
    <testcase name='http://opencaesar.io/examples/firesat/programs/earth-science/projects/firesat/workpackages/06/08/subsystems/prp/masses#ACSThruster6CBEMassMagnitude'/>
    <testcase name='http://opencaesar.io/examples/firesat/programs/earth-science/projects/firesat/workpackages/06/08/subsystems/prp/masses#BPPropellantLineUnitCBEMass'/>
    <testcase name='http://opencaesar.io/examples/firesat/programs/earth-science/projects/firesat/workpackages/06/08/subsystems/prp/masses#BPPropellantLineUnitCBEMassMagnitude'/>
    <testcase name='http://opencaesar.io/examples/firesat/programs/earth-science/projects/firesat/workpackages/06/08/subsystems/prp/masses#FillDrainValveUnitCBEMass'/>
    <testcase name='http://opencaesar.io/examples/firesat/programs/earth-science/projects/firesat/workpackages/06/08/subsystems/prp/masses#FillDrainValveUnitCBEMassMagnitude'/>
    <testcase name='http://opencaesar.io/examples/firesat/programs/earth-science/projects/firesat/workpackages/06/08/subsystems/prp/masses#PMPropellantLineUnitCBEMass'/>
    <testcase name='http://opencaesar.io/examples/firesat/programs/earth-science/projects/firesat/workpackages/06/08/subsystems/prp/masses#PMPropellantLineUnitCBEMassMagnitude'/>
    <testcase name='http://opencaesar.io/examples/firesat/programs/earth-science/projects/firesat/workpackages/06/08/subsystems/prp/masses#PressurantTankCBEMass'/>
    <testcase name='http://opencaesar.io/examples/firesat/programs/earth-science/projects/firesat/workpackages/06/08/subsystems/prp/masses#PressurantTankCBEMassMagnitude'/>
    <testcase name='http://opencaesar.io/examples/firesat/programs/earth-science/projects/firesat/workpackages/06/08/subsystems/prp/masses#PrimaryThrusterCBEMass'/>
    <testcase name='http://opencaesar.io/examples/firesat/programs/earth-science/projects/firesat/workpackages/06/08/subsystems/prp/masses#PrimaryThrusterCBEMassMagnitude'/>
    <testcase name='http://opencaesar.io/examples/firesat/programs/earth-science/projects/firesat/workpackages/06/08/subsystems/prp/masses#PropellantHandlingSectionCBEMass'/>
    <testcase name='http://opencaesar.io/examples/firesat/programs/earth-science/projects/firesat/workpackages/06/08/subsystems/prp/masses#PropellantHandlingSectionCBEMassMagnitude'/>
    <testcase name='http://opencaesar.io/examples/firesat/programs/earth-science/projects/firesat/workpackages/06/08/subsystems/prp/masses#PropellantTankCBEMass'/>
    <testcase name='http://opencaesar.io/examples/firesat/programs/earth-science/projects/firesat/workpackages/06/08/subsystems/prp/masses#PropellantTankCBEMassMagnitude'/>
    <testcase name='http://opencaesar.io/examples/firesat/programs/earth-science/projects/firesat/workpackages/06/08/subsystems/prp/masses#PropulsionModuleCBEMass'/>
    <testcase name='http://opencaesar.io/examples/firesat/programs/earth-science/projects/firesat/workpackages/06/08/subsystems/prp/masses#PropulsionModuleCBEMassMagnitude'/>
    <testcase name='http://opencaesar.io/examples/firesat/programs/earth-science/projects/firesat/workpackages/06/08/subsystems/prp/masses#PropulsionSystemControlUnitCBEMass'/>
    <testcase name='http://opencaesar.io/examples/firesat/programs/earth-science/projects/firesat/workpackages/06/08/subsystems/prp/masses#PropulsionSystemControlUnitCBEMassMagnitude'/>
    <testcase name='http://opencaesar.io/examples/firesat/programs/earth-science/projects/firesat/workpackages/06/08/subsystems/prp/requirements'/>
    <testcase name='http://opencaesar.io/examples/firesat/programs/earth-science/projects/firesat/workpackages/06/08/subsystems/prp/requirements#AltitudeForBPPropellantLineUnit'/>
    <testcase name='http://opencaesar.io/examples/firesat/programs/earth-science/projects/firesat/workpackages/06/08/subsystems/prp/requirements#AltitudeForPMPropellantLineUnit'/>
    <testcase name='http://opencaesar.io/examples/firesat/programs/earth-science/projects/firesat/workpackages/06/08/subsystems/prp/requirements#AltitudeForPressurantTank'/>
    <testcase name='http://opencaesar.io/examples/firesat/programs/earth-science/projects/firesat/workpackages/06/08/subsystems/prp/requirements#AltitudeForPrimaryThruster'/>
    <testcase name='http://opencaesar.io/examples/firesat/programs/earth-science/projects/firesat/workpackages/06/08/subsystems/prp/requirements#AltitudeForPropellantTank'/>
    <testcase name='http://opencaesar.io/examples/firesat/programs/earth-science/projects/firesat/workpackages/06/08/subsystems/prp/requirements#AltitudeForPropulsionModule'/>
    <testcase name='http://opencaesar.io/examples/firesat/programs/earth-science/projects/firesat/workpackages/06/08/subsystems/prp/requirements#AltitudeForPropulsionSystemControlUnit'/>
    <testcase name='http://opencaesar.io/examples/firesat/programs/earth-science/projects/firesat/workpackages/06/08/subsystems/prp/requirements#DeltaVBudgetForBPPropellantLineUnit'/>
    <testcase name='http://opencaesar.io/examples/firesat/programs/earth-science/projects/firesat/workpackages/06/08/subsystems/prp/requirements#DeltaVBudgetForFillDrainValveUnit'/>
    <testcase name='http://opencaesar.io/examples/firesat/programs/earth-science/projects/firesat/workpackages/06/08/subsystems/prp/requirements#DeltaVBudgetForPMPropellantLineUnit'/>
    <testcase name='http://opencaesar.io/examples/firesat/programs/earth-science/projects/firesat/workpackages/06/08/subsystems/prp/requirements#DeltaVBudgetForPressurantTank'/>
    <testcase name='http://opencaesar.io/examples/firesat/programs/earth-science/projects/firesat/workpackages/06/08/subsystems/prp/requirements#DeltaVBudgetForPrimaryThruster'/>
    <testcase name='http://opencaesar.io/examples/firesat/programs/earth-science/projects/firesat/workpackages/06/08/subsystems/prp/requirements#DeltaVBudgetForPropellantTank'/>
    <testcase name='http://opencaesar.io/examples/firesat/programs/earth-science/projects/firesat/workpackages/06/08/subsystems/prp/requirements#DeltaVBudgetForPropulsionModule'/>
    <testcase name='http://opencaesar.io/examples/firesat/programs/earth-science/projects/firesat/workpackages/06/08/subsystems/prp/requirements#DeltaVBudgetForPropulsionSystemControlUnit'/>
    <testcase name='http://opencaesar.io/examples/firesat/programs/earth-science/projects/firesat/workpackages/06/08/subsystems/prp/requirements#OperabilityForACSThruster1'/>
    <testcase name='http://opencaesar.io/examples/firesat/programs/earth-science/projects/firesat/workpackages/06/08/subsystems/prp/requirements#OperabilityForACSThruster2'/>
    <testcase name='http://opencaesar.io/examples/firesat/programs/earth-science/projects/firesat/workpackages/06/08/subsystems/prp/requirements#OperabilityForACSThruster3'/>
    <testcase name='http://opencaesar.io/examples/firesat/programs/earth-science/projects/firesat/workpackages/06/08/subsystems/prp/requirements#OperabilityForACSThruster4'/>
    <testcase name='http://opencaesar.io/examples/firesat/programs/earth-science/projects/firesat/workpackages/06/08/subsystems/prp/requirements#OperabilityForACSThruster5'/>
    <testcase name='http://opencaesar.io/examples/firesat/programs/earth-science/projects/firesat/workpackages/06/08/subsystems/prp/requirements#OperabilityForACSThruster6'/>
    <testcase name='http://opencaesar.io/examples/firesat/programs/earth-science/projects/firesat/workpackages/06/09/subsystems/cmn/assemblies'/>
    <testcase name='http://opencaesar.io/examples/firesat/programs/earth-science/projects/firesat/workpackages/06/09/subsystems/cmn/assemblies#ReceiveWhipAntenna'/>
    <testcase name='http://opencaesar.io/examples/firesat/programs/earth-science/projects/firesat/workpackages/06/09/subsystems/cmn/assemblies#ReceiverUnit'/>
    <testcase name='http://opencaesar.io/examples/firesat/programs/earth-science/projects/firesat/workpackages/06/09/subsystems/cmn/assemblies#TransmitHiGainAntenna'/>
    <testcase name='http://opencaesar.io/examples/firesat/programs/earth-science/projects/firesat/workpackages/06/09/subsystems/cmn/assemblies#TransmitWhipAntenna'/>
    <testcase name='http://opencaesar.io/examples/firesat/programs/earth-science/projects/firesat/workpackages/06/09/subsystems/cmn/assemblies#TransmitterUnit'/>
    <testcase name='http://opencaesar.io/examples/firesat/programs/earth-science/projects/firesat/workpackages/06/09/subsystems/cmn/endcircuits'/>
    <testcase name='http://opencaesar.io/examples/firesat/programs/earth-science/projects/firesat/workpackages/06/09/subsystems/cmn/endcircuits#ReceiveWhipAntennaPowerIn'/>
    <testcase name='http://opencaesar.io/examples/firesat/programs/earth-science/projects/firesat/workpackages/06/09/subsystems/cmn/endcircuits#ReceiverUnitPowerIn'/>
    <testcase name='http://opencaesar.io/examples/firesat/programs/earth-science/projects/firesat/workpackages/06/09/subsystems/cmn/endcircuits#TransmitHiGainAntennaPowerIn'/>
    <testcase name='http://opencaesar.io/examples/firesat/programs/earth-science/projects/firesat/workpackages/06/09/subsystems/cmn/endcircuits#TransmitWhipAntennaPowerIn'/>
    <testcase name='http://opencaesar.io/examples/firesat/programs/earth-science/projects/firesat/workpackages/06/09/subsystems/cmn/endcircuits#TransmitterUnitPowerIn'/>
    <testcase name='http://opencaesar.io/examples/firesat/programs/earth-science/projects/firesat/workpackages/06/09/subsystems/cmn/functions'/>
    <testcase name='http://opencaesar.io/examples/firesat/programs/earth-science/projects/firesat/workpackages/06/09/subsystems/cmn/functions#ApplyCommandsByReceiverUnit'/>
    <testcase name='http://opencaesar.io/examples/firesat/programs/earth-science/projects/firesat/workpackages/06/09/subsystems/cmn/functions#Communicate911DownlinkWithRegionalFieldOfficesByReceiveWhipAntenna'/>
    <testcase name='http://opencaesar.io/examples/firesat/programs/earth-science/projects/firesat/workpackages/06/09/subsystems/cmn/functions#Communicate911DownlinkWithRegionalFieldOfficesByTransmitHiGainAntenna'/>
    <testcase name='http://opencaesar.io/examples/firesat/programs/earth-science/projects/firesat/workpackages/06/09/subsystems/cmn/functions#DeployMechanismsByReceiveWhipAntenna'/>
    <testcase name='http://opencaesar.io/examples/firesat/programs/earth-science/projects/firesat/workpackages/06/09/subsystems/cmn/functions#DeployMechanismsByTransmitHiGainAntenna'/>
    <testcase name='http://opencaesar.io/examples/firesat/programs/earth-science/projects/firesat/workpackages/06/09/subsystems/cmn/functions#DeployMechanismsByTransmitWhipAntenna'/>
    <testcase name='http://opencaesar.io/examples/firesat/programs/earth-science/projects/firesat/workpackages/06/09/subsystems/cmn/functions#GenerateTelemetryByTransmitterUnit'/>
    <testcase name='http://opencaesar.io/examples/firesat/programs/earth-science/projects/firesat/workpackages/06/09/subsystems/cmn/functions#SendTelemetryToNOAAGroundStationsByTransmitWhipAntenna'/>
    <testcase name='http://opencaesar.io/examples/firesat/programs/earth-science/projects/firesat/workpackages/06/09/subsystems/cmn/functions#TransmitHiGainAntennaPerformsCommunicate911DownlinkWithRegionalFieldOffices'/>
    <testcase name='http://opencaesar.io/examples/firesat/programs/earth-science/projects/firesat/workpackages/06/09/subsystems/cmn/functions#TransmitterUnitPerformsGenerateTelemetry'/>
    <testcase name='http://opencaesar.io/examples/firesat/programs/earth-science/projects/firesat/workpackages/06/09/subsystems/cmn/masses'/>
    <testcase name='http://opencaesar.io/examples/firesat/programs/earth-science/projects/firesat/workpackages/06/09/subsystems/cmn/masses#ReceiveWhipAntennaCBEMass'/>
    <testcase name='http://opencaesar.io/examples/firesat/programs/earth-science/projects/firesat/workpackages/06/09/subsystems/cmn/masses#ReceiveWhipAntennaCBEMassMagnitude'/>
    <testcase name='http://opencaesar.io/examples/firesat/programs/earth-science/projects/firesat/workpackages/06/09/subsystems/cmn/masses#ReceiverUnitCBEMass'/>
    <testcase name='http://opencaesar.io/examples/firesat/programs/earth-science/projects/firesat/workpackages/06/09/subsystems/cmn/masses#ReceiverUnitCBEMassMagnitude'/>
    <testcase name='http://opencaesar.io/examples/firesat/programs/earth-science/projects/firesat/workpackages/06/09/subsystems/cmn/masses#TransmitHiGainAntennaCBEMass'/>
    <testcase name='http://opencaesar.io/examples/firesat/programs/earth-science/projects/firesat/workpackages/06/09/subsystems/cmn/masses#TransmitHiGainAntennaCBEMassMagnitude'/>
    <testcase name='http://opencaesar.io/examples/firesat/programs/earth-science/projects/firesat/workpackages/06/09/subsystems/cmn/masses#TransmitWhipAntennaCBEMass'/>
    <testcase name='http://opencaesar.io/examples/firesat/programs/earth-science/projects/firesat/workpackages/06/09/subsystems/cmn/masses#TransmitWhipAntennaCBEMassMagnitude'/>
    <testcase name='http://opencaesar.io/examples/firesat/programs/earth-science/projects/firesat/workpackages/06/09/subsystems/cmn/masses#TransmitterUnitCBEMass'/>
    <testcase name='http://opencaesar.io/examples/firesat/programs/earth-science/projects/firesat/workpackages/06/09/subsystems/cmn/masses#TransmitterUnitCBEMassMagnitude'/>
    <testcase name='http://opencaesar.io/examples/firesat/programs/earth-science/projects/firesat/workpackages/06/09/subsystems/cmn/requirements'/>
    <testcase name='http://opencaesar.io/examples/firesat/programs/earth-science/projects/firesat/workpackages/06/09/subsystems/cmn/requirements#InteroperabilityForReceiveWhipAntenna'/>
    <testcase name='http://opencaesar.io/examples/firesat/programs/earth-science/projects/firesat/workpackages/06/09/subsystems/cmn/requirements#InteroperabilityForReceiverUnit'/>
    <testcase name='http://opencaesar.io/examples/firesat/programs/earth-science/projects/firesat/workpackages/06/09/subsystems/cmn/requirements#InteroperabilityForTransmitHiGainAntenna'/>
    <testcase name='http://opencaesar.io/examples/firesat/programs/earth-science/projects/firesat/workpackages/06/09/subsystems/cmn/requirements#InteroperabilityForTransmitWhipAntenna'/>
    <testcase name='http://opencaesar.io/examples/firesat/programs/earth-science/projects/firesat/workpackages/06/09/subsystems/cmn/requirements#InteroperabilityForTransmitterUnit'/>
    <testcase name='http://opencaesar.io/examples/firesat/programs/earth-science/projects/firesat/workpackages/06/09/subsystems/cmn/requirements#SupportabilityForTransmitWhipAntenna'/>
    <testcase name='http://opencaesar.io/examples/firesat/programs/earth-science/projects/firesat/workpackages/06/09/subsystems/cmn/requirements#SupportabilityForTransmitterUnit'/>
    <testcase name='http://opencaesar.io/examples/firesat/programs/earth-science/projects/firesat/workpackages/06/09/subsystems/cmn/requirements#UplinkDownlinkHardwareForReceiveWhipAntenna'/>
    <testcase name='http://opencaesar.io/examples/firesat/programs/earth-science/projects/firesat/workpackages/06/09/subsystems/cmn/requirements#UplinkDownlinkHardwareForReceiverUnit'/>
    <testcase name='http://opencaesar.io/examples/firesat/programs/earth-science/projects/firesat/workpackages/06/09/subsystems/cmn/requirements#UplinkDownlinkHardwareForTransmitHiGainAntenna'/>
    <testcase name='http://opencaesar.io/examples/firesat/programs/earth-science/projects/firesat/workpackages/06/09/subsystems/cmn/requirements#UplinkDownlinkHardwareForTransmitWhipAntenna'/>
    <testcase name='http://opencaesar.io/examples/firesat/programs/earth-science/projects/firesat/workpackages/06/09/subsystems/cmn/requirements#UplinkDownlinkHardwareForTransmitterUnit'/>
    <testcase name='http://opencaesar.io/examples/firesat/programs/earth-science/projects/firesat/workpackages/06/10/subsystems/cdh/assemblies'/>
    <testcase name='http://opencaesar.io/examples/firesat/programs/earth-science/projects/firesat/workpackages/06/10/subsystems/cdh/assemblies#AvionicsStackSection'/>
    <testcase name='http://opencaesar.io/examples/firesat/programs/earth-science/projects/firesat/workpackages/06/10/subsystems/cdh/assemblies#BasePlate'/>
    <testcase name='http://opencaesar.io/examples/firesat/programs/earth-science/projects/firesat/workpackages/06/10/subsystems/cdh/assemblies#BasePlateModule'/>
    <testcase name='http://opencaesar.io/examples/firesat/programs/earth-science/projects/firesat/workpackages/06/10/subsystems/cdh/assemblies#LaunchVehicleAdapter'/>
    <testcase name='http://opencaesar.io/examples/firesat/programs/earth-science/projects/firesat/workpackages/06/10/subsystems/cdh/assemblies#LaunchVehicleInterfaceModule'/>
    <testcase name='http://opencaesar.io/examples/firesat/programs/earth-science/projects/firesat/workpackages/06/10/subsystems/cdh/assemblies#PayloadStructuralInterface'/>
    <testcase name='http://opencaesar.io/examples/firesat/programs/earth-science/projects/firesat/workpackages/06/10/subsystems/cdh/assemblies#PressurantTankMountingPanel'/>
    <testcase name='http://opencaesar.io/examples/firesat/programs/earth-science/projects/firesat/workpackages/06/10/subsystems/cdh/assemblies#PrimaryFlightComputerUnit'/>
    <testcase name='http://opencaesar.io/examples/firesat/programs/earth-science/projects/firesat/workpackages/06/10/subsystems/cdh/assemblies#PropellantTankMountingPanel'/>
    <testcase name='http://opencaesar.io/examples/firesat/programs/earth-science/projects/firesat/workpackages/06/10/subsystems/cdh/assemblies#PropulsionStructurePost1'/>
    <testcase name='http://opencaesar.io/examples/firesat/programs/earth-science/projects/firesat/workpackages/06/10/subsystems/cdh/assemblies#PropulsionStructurePost2'/>
    <testcase name='http://opencaesar.io/examples/firesat/programs/earth-science/projects/firesat/workpackages/06/10/subsystems/cdh/assemblies#PropulsionStructurePost3'/>
    <testcase name='http://opencaesar.io/examples/firesat/programs/earth-science/projects/firesat/workpackages/06/10/subsystems/cdh/assemblies#PropulsionStructurePost4'/>
    <testcase name='http://opencaesar.io/examples/firesat/programs/earth-science/projects/firesat/workpackages/06/10/subsystems/cdh/assemblies#SeparationSystem'/>
    <testcase name='http://opencaesar.io/examples/firesat/programs/earth-science/projects/firesat/workpackages/06/10/subsystems/cdh/assemblies#SidePanel1'/>
    <testcase name='http://opencaesar.io/examples/firesat/programs/earth-science/projects/firesat/workpackages/06/10/subsystems/cdh/assemblies#SidePanel2'/>
    <testcase name='http://opencaesar.io/examples/firesat/programs/earth-science/projects/firesat/workpackages/06/10/subsystems/cdh/assemblies#SidePanel3'/>
    <testcase name='http://opencaesar.io/examples/firesat/programs/earth-science/projects/firesat/workpackages/06/10/subsystems/cdh/assemblies#SidePanel4'/>
    <testcase name='http://opencaesar.io/examples/firesat/programs/earth-science/projects/firesat/workpackages/06/10/subsystems/cdh/assemblies#SidePanel5'/>
    <testcase name='http://opencaesar.io/examples/firesat/programs/earth-science/projects/firesat/workpackages/06/10/subsystems/cdh/assemblies#SidePanel6'/>
    <testcase name='http://opencaesar.io/examples/firesat/programs/earth-science/projects/firesat/workpackages/06/10/subsystems/cdh/assemblies#StructurePost1'/>
    <testcase name='http://opencaesar.io/examples/firesat/programs/earth-science/projects/firesat/workpackages/06/10/subsystems/cdh/assemblies#StructurePost2'/>
    <testcase name='http://opencaesar.io/examples/firesat/programs/earth-science/projects/firesat/workpackages/06/10/subsystems/cdh/assemblies#StructurePost3'/>
    <testcase name='http://opencaesar.io/examples/firesat/programs/earth-science/projects/firesat/workpackages/06/10/subsystems/cdh/assemblies#StructurePost4'/>
    <testcase name='http://opencaesar.io/examples/firesat/programs/earth-science/projects/firesat/workpackages/06/10/subsystems/cdh/assemblies#StructurePost5'/>
    <testcase name='http://opencaesar.io/examples/firesat/programs/earth-science/projects/firesat/workpackages/06/10/subsystems/cdh/assemblies#StructurePost6'/>
    <testcase name='http://opencaesar.io/examples/firesat/programs/earth-science/projects/firesat/workpackages/06/10/subsystems/cdh/assemblies#TopPanel'/>
    <testcase name='http://opencaesar.io/examples/firesat/programs/earth-science/projects/firesat/workpackages/06/10/subsystems/cdh/assemblies#TopPanelModule'/>
    <testcase name='http://opencaesar.io/examples/firesat/programs/earth-science/projects/firesat/workpackages/06/10/subsystems/cdh/compositions'/>
    <testcase name='http://opencaesar.io/examples/firesat/programs/earth-science/projects/firesat/workpackages/06/10/subsystems/cdh/endcircuits'/>
    <testcase name='http://opencaesar.io/examples/firesat/programs/earth-science/projects/firesat/workpackages/06/10/subsystems/cdh/endcircuits#AvionicsStackSectionPowerIn'/>
    <testcase name='http://opencaesar.io/examples/firesat/programs/earth-science/projects/firesat/workpackages/06/10/subsystems/cdh/endcircuits#LaunchVehicleInterfaceModulePowerIn'/>
    <testcase name='http://opencaesar.io/examples/firesat/programs/earth-science/projects/firesat/workpackages/06/10/subsystems/cdh/endcircuits#PrimaryFlightComputerUnitPowerIn'/>
    <testcase name='http://opencaesar.io/examples/firesat/programs/earth-science/projects/firesat/workpackages/06/10/subsystems/cdh/endcircuits#SeparationSystemPowerIn'/>
    <testcase name='http://opencaesar.io/examples/firesat/programs/earth-science/projects/firesat/workpackages/06/10/subsystems/cdh/functions'/>
    <testcase name='http://opencaesar.io/examples/firesat/programs/earth-science/projects/firesat/workpackages/06/10/subsystems/cdh/functions#ApplyCommandsByPrimaryFlightComputerUnit'/>
    <testcase name='http://opencaesar.io/examples/firesat/programs/earth-science/projects/firesat/workpackages/06/10/subsystems/cdh/functions#DetectNewWildfiresByPrimaryFlightComputerUnit'/>
    <testcase name='http://opencaesar.io/examples/firesat/programs/earth-science/projects/firesat/workpackages/06/10/subsystems/cdh/functions#GenerateTelemetryByPrimaryFlightComputerUnit'/>
    <testcase name='http://opencaesar.io/examples/firesat/programs/earth-science/projects/firesat/workpackages/06/10/subsystems/cdh/functions#InsureMechanicalIntegrityByBasePlate'/>
    <testcase name='http://opencaesar.io/examples/firesat/programs/earth-science/projects/firesat/workpackages/06/10/subsystems/cdh/functions#InsureMechanicalIntegrityByPressurantTankMountingPanel'/>
    <testcase name='http://opencaesar.io/examples/firesat/programs/earth-science/projects/firesat/workpackages/06/10/subsystems/cdh/functions#InsureMechanicalIntegrityByPropellantTankMountingPanel'/>
    <testcase name='http://opencaesar.io/examples/firesat/programs/earth-science/projects/firesat/workpackages/06/10/subsystems/cdh/functions#InsureMechanicalIntegrityByPropulsionStructurePost1'/>
    <testcase name='http://opencaesar.io/examples/firesat/programs/earth-science/projects/firesat/workpackages/06/10/subsystems/cdh/functions#InsureMechanicalIntegrityByPropulsionStructurePost2'/>
    <testcase name='http://opencaesar.io/examples/firesat/programs/earth-science/projects/firesat/workpackages/06/10/subsystems/cdh/functions#InsureMechanicalIntegrityByPropulsionStructurePost3'/>
    <testcase name='http://opencaesar.io/examples/firesat/programs/earth-science/projects/firesat/workpackages/06/10/subsystems/cdh/functions#InsureMechanicalIntegrityByPropulsionStructurePost4'/>
    <testcase name='http://opencaesar.io/examples/firesat/programs/earth-science/projects/firesat/workpackages/06/10/subsystems/cdh/functions#InsureMechanicalIntegrityBySidePanel1'/>
    <testcase name='http://opencaesar.io/examples/firesat/programs/earth-science/projects/firesat/workpackages/06/10/subsystems/cdh/functions#InsureMechanicalIntegrityBySidePanel2'/>
    <testcase name='http://opencaesar.io/examples/firesat/programs/earth-science/projects/firesat/workpackages/06/10/subsystems/cdh/functions#InsureMechanicalIntegrityBySidePanel3'/>
    <testcase name='http://opencaesar.io/examples/firesat/programs/earth-science/projects/firesat/workpackages/06/10/subsystems/cdh/functions#InsureMechanicalIntegrityBySidePanel4'/>
    <testcase name='http://opencaesar.io/examples/firesat/programs/earth-science/projects/firesat/workpackages/06/10/subsystems/cdh/functions#InsureMechanicalIntegrityBySidePanel5'/>
    <testcase name='http://opencaesar.io/examples/firesat/programs/earth-science/projects/firesat/workpackages/06/10/subsystems/cdh/functions#InsureMechanicalIntegrityBySidePanel6'/>
    <testcase name='http://opencaesar.io/examples/firesat/programs/earth-science/projects/firesat/workpackages/06/10/subsystems/cdh/functions#InsureMechanicalIntegrityByStructurePost1'/>
    <testcase name='http://opencaesar.io/examples/firesat/programs/earth-science/projects/firesat/workpackages/06/10/subsystems/cdh/functions#InsureMechanicalIntegrityByStructurePost2'/>
    <testcase name='http://opencaesar.io/examples/firesat/programs/earth-science/projects/firesat/workpackages/06/10/subsystems/cdh/functions#InsureMechanicalIntegrityByStructurePost3'/>
    <testcase name='http://opencaesar.io/examples/firesat/programs/earth-science/projects/firesat/workpackages/06/10/subsystems/cdh/functions#InsureMechanicalIntegrityByStructurePost4'/>
    <testcase name='http://opencaesar.io/examples/firesat/programs/earth-science/projects/firesat/workpackages/06/10/subsystems/cdh/functions#InsureMechanicalIntegrityByStructurePost5'/>
    <testcase name='http://opencaesar.io/examples/firesat/programs/earth-science/projects/firesat/workpackages/06/10/subsystems/cdh/functions#InsureMechanicalIntegrityByStructurePost6'/>
    <testcase name='http://opencaesar.io/examples/firesat/programs/earth-science/projects/firesat/workpackages/06/10/subsystems/cdh/functions#InsureMechanicalIntegrityByTopPanel'/>
    <testcase name='http://opencaesar.io/examples/firesat/programs/earth-science/projects/firesat/workpackages/06/10/subsystems/cdh/functions#Launch_SCByLaunchVehicleAdapter'/>
    <testcase name='http://opencaesar.io/examples/firesat/programs/earth-science/projects/firesat/workpackages/06/10/subsystems/cdh/functions#PrimaryFlightComputerUnitPerformsDetectNewWildfires'/>
    <testcase name='http://opencaesar.io/examples/firesat/programs/earth-science/projects/firesat/workpackages/06/10/subsystems/cdh/functions#ProtectAgainstRadiationsBySidePanel1'/>
    <testcase name='http://opencaesar.io/examples/firesat/programs/earth-science/projects/firesat/workpackages/06/10/subsystems/cdh/functions#ProtectAgainstRadiationsBySidePanel2'/>
    <testcase name='http://opencaesar.io/examples/firesat/programs/earth-science/projects/firesat/workpackages/06/10/subsystems/cdh/functions#ProtectAgainstRadiationsBySidePanel3'/>
    <testcase name='http://opencaesar.io/examples/firesat/programs/earth-science/projects/firesat/workpackages/06/10/subsystems/cdh/functions#ProtectAgainstRadiationsBySidePanel4'/>
    <testcase name='http://opencaesar.io/examples/firesat/programs/earth-science/projects/firesat/workpackages/06/10/subsystems/cdh/functions#ProtectAgainstRadiationsBySidePanel5'/>
    <testcase name='http://opencaesar.io/examples/firesat/programs/earth-science/projects/firesat/workpackages/06/10/subsystems/cdh/functions#ProtectAgainstRadiationsBySidePanel6'/>
    <testcase name='http://opencaesar.io/examples/firesat/programs/earth-science/projects/firesat/workpackages/06/10/subsystems/cdh/functions#Release_SC_From_LVBySeparationSystem'/>
    <testcase name='http://opencaesar.io/examples/firesat/programs/earth-science/projects/firesat/workpackages/06/10/subsystems/cdh/functions#StoreDataBetweenTwoTelemetriesByPrimaryFlightComputerUnit'/>
    <testcase name='http://opencaesar.io/examples/firesat/programs/earth-science/projects/firesat/workpackages/06/10/subsystems/cdh/masses'/>
    <testcase name='http://opencaesar.io/examples/firesat/programs/earth-science/projects/firesat/workpackages/06/10/subsystems/cdh/masses#AvionicsStackSectionCBEMass'/>
    <testcase name='http://opencaesar.io/examples/firesat/programs/earth-science/projects/firesat/workpackages/06/10/subsystems/cdh/masses#AvionicsStackSectionCBEMassMagnitude'/>
    <testcase name='http://opencaesar.io/examples/firesat/programs/earth-science/projects/firesat/workpackages/06/10/subsystems/cdh/masses#BasePlateCBEMass'/>
    <testcase name='http://opencaesar.io/examples/firesat/programs/earth-science/projects/firesat/workpackages/06/10/subsystems/cdh/masses#BasePlateCBEMassMagnitude'/>
    <testcase name='http://opencaesar.io/examples/firesat/programs/earth-science/projects/firesat/workpackages/06/10/subsystems/cdh/masses#BasePlateModuleCBEMass'/>
    <testcase name='http://opencaesar.io/examples/firesat/programs/earth-science/projects/firesat/workpackages/06/10/subsystems/cdh/masses#BasePlateModuleCBEMassMagnitude'/>
    <testcase name='http://opencaesar.io/examples/firesat/programs/earth-science/projects/firesat/workpackages/06/10/subsystems/cdh/masses#LaunchVehicleAdapterCBEMass'/>
    <testcase name='http://opencaesar.io/examples/firesat/programs/earth-science/projects/firesat/workpackages/06/10/subsystems/cdh/masses#LaunchVehicleAdapterCBEMassMagnitude'/>
    <testcase name='http://opencaesar.io/examples/firesat/programs/earth-science/projects/firesat/workpackages/06/10/subsystems/cdh/masses#LaunchVehicleInterfaceModuleCBEMass'/>
    <testcase name='http://opencaesar.io/examples/firesat/programs/earth-science/projects/firesat/workpackages/06/10/subsystems/cdh/masses#LaunchVehicleInterfaceModuleCBEMassMagnitude'/>
    <testcase name='http://opencaesar.io/examples/firesat/programs/earth-science/projects/firesat/workpackages/06/10/subsystems/cdh/masses#PayloadStructuralInterfaceCBEMass'/>
    <testcase name='http://opencaesar.io/examples/firesat/programs/earth-science/projects/firesat/workpackages/06/10/subsystems/cdh/masses#PayloadStructuralInterfaceCBEMassMagnitude'/>
    <testcase name='http://opencaesar.io/examples/firesat/programs/earth-science/projects/firesat/workpackages/06/10/subsystems/cdh/masses#PressurantTankMountingPanelCBEMass'/>
    <testcase name='http://opencaesar.io/examples/firesat/programs/earth-science/projects/firesat/workpackages/06/10/subsystems/cdh/masses#PressurantTankMountingPanelCBEMassMagnitude'/>
    <testcase name='http://opencaesar.io/examples/firesat/programs/earth-science/projects/firesat/workpackages/06/10/subsystems/cdh/masses#PrimaryFlightComputerUnitCBEMass'/>
    <testcase name='http://opencaesar.io/examples/firesat/programs/earth-science/projects/firesat/workpackages/06/10/subsystems/cdh/masses#PrimaryFlightComputerUnitCBEMassMagnitude'/>
    <testcase name='http://opencaesar.io/examples/firesat/programs/earth-science/projects/firesat/workpackages/06/10/subsystems/cdh/masses#PropellantTankMountingPanelCBEMass'/>
    <testcase name='http://opencaesar.io/examples/firesat/programs/earth-science/projects/firesat/workpackages/06/10/subsystems/cdh/masses#PropellantTankMountingPanelCBEMassMagnitude'/>
    <testcase name='http://opencaesar.io/examples/firesat/programs/earth-science/projects/firesat/workpackages/06/10/subsystems/cdh/masses#PropulsionStructurePost1CBEMass'/>
    <testcase name='http://opencaesar.io/examples/firesat/programs/earth-science/projects/firesat/workpackages/06/10/subsystems/cdh/masses#PropulsionStructurePost1CBEMassMagnitude'/>
    <testcase name='http://opencaesar.io/examples/firesat/programs/earth-science/projects/firesat/workpackages/06/10/subsystems/cdh/masses#PropulsionStructurePost2CBEMass'/>
    <testcase name='http://opencaesar.io/examples/firesat/programs/earth-science/projects/firesat/workpackages/06/10/subsystems/cdh/masses#PropulsionStructurePost2CBEMassMagnitude'/>
    <testcase name='http://opencaesar.io/examples/firesat/programs/earth-science/projects/firesat/workpackages/06/10/subsystems/cdh/masses#PropulsionStructurePost3CBEMass'/>
    <testcase name='http://opencaesar.io/examples/firesat/programs/earth-science/projects/firesat/workpackages/06/10/subsystems/cdh/masses#PropulsionStructurePost3CBEMassMagnitude'/>
    <testcase name='http://opencaesar.io/examples/firesat/programs/earth-science/projects/firesat/workpackages/06/10/subsystems/cdh/masses#PropulsionStructurePost4CBEMass'/>
    <testcase name='http://opencaesar.io/examples/firesat/programs/earth-science/projects/firesat/workpackages/06/10/subsystems/cdh/masses#PropulsionStructurePost4CBEMassMagnitude'/>
    <testcase name='http://opencaesar.io/examples/firesat/programs/earth-science/projects/firesat/workpackages/06/10/subsystems/cdh/masses#SeparationSystemCBEMass'/>
    <testcase name='http://opencaesar.io/examples/firesat/programs/earth-science/projects/firesat/workpackages/06/10/subsystems/cdh/masses#SeparationSystemCBEMassMagnitude'/>
    <testcase name='http://opencaesar.io/examples/firesat/programs/earth-science/projects/firesat/workpackages/06/10/subsystems/cdh/masses#SidePanel1CBEMass'/>
    <testcase name='http://opencaesar.io/examples/firesat/programs/earth-science/projects/firesat/workpackages/06/10/subsystems/cdh/masses#SidePanel1CBEMassMagnitude'/>
    <testcase name='http://opencaesar.io/examples/firesat/programs/earth-science/projects/firesat/workpackages/06/10/subsystems/cdh/masses#SidePanel2CBEMass'/>
    <testcase name='http://opencaesar.io/examples/firesat/programs/earth-science/projects/firesat/workpackages/06/10/subsystems/cdh/masses#SidePanel2CBEMassMagnitude'/>
    <testcase name='http://opencaesar.io/examples/firesat/programs/earth-science/projects/firesat/workpackages/06/10/subsystems/cdh/masses#SidePanel3CBEMass'/>
    <testcase name='http://opencaesar.io/examples/firesat/programs/earth-science/projects/firesat/workpackages/06/10/subsystems/cdh/masses#SidePanel3CBEMassMagnitude'/>
    <testcase name='http://opencaesar.io/examples/firesat/programs/earth-science/projects/firesat/workpackages/06/10/subsystems/cdh/masses#SidePanel4CBEMass'/>
    <testcase name='http://opencaesar.io/examples/firesat/programs/earth-science/projects/firesat/workpackages/06/10/subsystems/cdh/masses#SidePanel4CBEMassMagnitude'/>
    <testcase name='http://opencaesar.io/examples/firesat/programs/earth-science/projects/firesat/workpackages/06/10/subsystems/cdh/masses#SidePanel5CBEMass'/>
    <testcase name='http://opencaesar.io/examples/firesat/programs/earth-science/projects/firesat/workpackages/06/10/subsystems/cdh/masses#SidePanel5CBEMassMagnitude'/>
    <testcase name='http://opencaesar.io/examples/firesat/programs/earth-science/projects/firesat/workpackages/06/10/subsystems/cdh/masses#SidePanel6CBEMass'/>
    <testcase name='http://opencaesar.io/examples/firesat/programs/earth-science/projects/firesat/workpackages/06/10/subsystems/cdh/masses#SidePanel6CBEMassMagnitude'/>
    <testcase name='http://opencaesar.io/examples/firesat/programs/earth-science/projects/firesat/workpackages/06/10/subsystems/cdh/masses#StructurePost1CBEMass'/>
    <testcase name='http://opencaesar.io/examples/firesat/programs/earth-science/projects/firesat/workpackages/06/10/subsystems/cdh/masses#StructurePost1CBEMassMagnitude'/>
    <testcase name='http://opencaesar.io/examples/firesat/programs/earth-science/projects/firesat/workpackages/06/10/subsystems/cdh/masses#StructurePost2CBEMass'/>
    <testcase name='http://opencaesar.io/examples/firesat/programs/earth-science/projects/firesat/workpackages/06/10/subsystems/cdh/masses#StructurePost2CBEMassMagnitude'/>
    <testcase name='http://opencaesar.io/examples/firesat/programs/earth-science/projects/firesat/workpackages/06/10/subsystems/cdh/masses#StructurePost3CBEMass'/>
    <testcase name='http://opencaesar.io/examples/firesat/programs/earth-science/projects/firesat/workpackages/06/10/subsystems/cdh/masses#StructurePost3CBEMassMagnitude'/>
    <testcase name='http://opencaesar.io/examples/firesat/programs/earth-science/projects/firesat/workpackages/06/10/subsystems/cdh/masses#StructurePost4CBEMass'/>
    <testcase name='http://opencaesar.io/examples/firesat/programs/earth-science/projects/firesat/workpackages/06/10/subsystems/cdh/masses#StructurePost4CBEMassMagnitude'/>
    <testcase name='http://opencaesar.io/examples/firesat/programs/earth-science/projects/firesat/workpackages/06/10/subsystems/cdh/masses#StructurePost5CBEMass'/>
    <testcase name='http://opencaesar.io/examples/firesat/programs/earth-science/projects/firesat/workpackages/06/10/subsystems/cdh/masses#StructurePost5CBEMassMagnitude'/>
    <testcase name='http://opencaesar.io/examples/firesat/programs/earth-science/projects/firesat/workpackages/06/10/subsystems/cdh/masses#StructurePost6CBEMass'/>
    <testcase name='http://opencaesar.io/examples/firesat/programs/earth-science/projects/firesat/workpackages/06/10/subsystems/cdh/masses#StructurePost6CBEMassMagnitude'/>
    <testcase name='http://opencaesar.io/examples/firesat/programs/earth-science/projects/firesat/workpackages/06/10/subsystems/cdh/masses#TopPanelCBEMass'/>
    <testcase name='http://opencaesar.io/examples/firesat/programs/earth-science/projects/firesat/workpackages/06/10/subsystems/cdh/masses#TopPanelCBEMassMagnitude'/>
    <testcase name='http://opencaesar.io/examples/firesat/programs/earth-science/projects/firesat/workpackages/06/10/subsystems/cdh/masses#TopPanelModuleCBEMass'/>
    <testcase name='http://opencaesar.io/examples/firesat/programs/earth-science/projects/firesat/workpackages/06/10/subsystems/cdh/masses#TopPanelModuleCBEMassMagnitude'/>
    <testcase name='http://opencaesar.io/examples/firesat/programs/earth-science/projects/firesat/workpackages/06/10/subsystems/cdh/requirements'/>
    <testcase name='http://opencaesar.io/examples/firesat/programs/earth-science/projects/firesat/workpackages/06/10/subsystems/cdh/requirements#EnvironmentForBasePlate'/>
    <testcase name='http://opencaesar.io/examples/firesat/programs/earth-science/projects/firesat/workpackages/06/10/subsystems/cdh/requirements#EnvironmentForLaunchVehicleAdapter'/>
    <testcase name='http://opencaesar.io/examples/firesat/programs/earth-science/projects/firesat/workpackages/06/10/subsystems/cdh/requirements#EnvironmentForPayloadStructuralInterface'/>
    <testcase name='http://opencaesar.io/examples/firesat/programs/earth-science/projects/firesat/workpackages/06/10/subsystems/cdh/requirements#EnvironmentForPressurantTankMountingPanel'/>
    <testcase name='http://opencaesar.io/examples/firesat/programs/earth-science/projects/firesat/workpackages/06/10/subsystems/cdh/requirements#EnvironmentForPropellantTankMountingPanel'/>
    <testcase name='http://opencaesar.io/examples/firesat/programs/earth-science/projects/firesat/workpackages/06/10/subsystems/cdh/requirements#EnvironmentForPropulsionStructurePost1'/>
    <testcase name='http://opencaesar.io/examples/firesat/programs/earth-science/projects/firesat/workpackages/06/10/subsystems/cdh/requirements#EnvironmentForPropulsionStructurePost2'/>
    <testcase name='http://opencaesar.io/examples/firesat/programs/earth-science/projects/firesat/workpackages/06/10/subsystems/cdh/requirements#EnvironmentForPropulsionStructurePost3'/>
    <testcase name='http://opencaesar.io/examples/firesat/programs/earth-science/projects/firesat/workpackages/06/10/subsystems/cdh/requirements#EnvironmentForPropulsionStructurePost4'/>
    <testcase name='http://opencaesar.io/examples/firesat/programs/earth-science/projects/firesat/workpackages/06/10/subsystems/cdh/requirements#EnvironmentForSeparationSystem'/>
    <testcase name='http://opencaesar.io/examples/firesat/programs/earth-science/projects/firesat/workpackages/06/10/subsystems/cdh/requirements#EnvironmentForSidePanel1'/>
    <testcase name='http://opencaesar.io/examples/firesat/programs/earth-science/projects/firesat/workpackages/06/10/subsystems/cdh/requirements#EnvironmentForSidePanel2'/>
    <testcase name='http://opencaesar.io/examples/firesat/programs/earth-science/projects/firesat/workpackages/06/10/subsystems/cdh/requirements#EnvironmentForSidePanel3'/>
    <testcase name='http://opencaesar.io/examples/firesat/programs/earth-science/projects/firesat/workpackages/06/10/subsystems/cdh/requirements#EnvironmentForSidePanel4'/>
    <testcase name='http://opencaesar.io/examples/firesat/programs/earth-science/projects/firesat/workpackages/06/10/subsystems/cdh/requirements#EnvironmentForSidePanel5'/>
    <testcase name='http://opencaesar.io/examples/firesat/programs/earth-science/projects/firesat/workpackages/06/10/subsystems/cdh/requirements#EnvironmentForSidePanel6'/>
    <testcase name='http://opencaesar.io/examples/firesat/programs/earth-science/projects/firesat/workpackages/06/10/subsystems/cdh/requirements#EnvironmentForStructurePost1'/>
    <testcase name='http://opencaesar.io/examples/firesat/programs/earth-science/projects/firesat/workpackages/06/10/subsystems/cdh/requirements#EnvironmentForStructurePost2'/>
    <testcase name='http://opencaesar.io/examples/firesat/programs/earth-science/projects/firesat/workpackages/06/10/subsystems/cdh/requirements#EnvironmentForStructurePost3'/>
    <testcase name='http://opencaesar.io/examples/firesat/programs/earth-science/projects/firesat/workpackages/06/10/subsystems/cdh/requirements#EnvironmentForStructurePost4'/>
    <testcase name='http://opencaesar.io/examples/firesat/programs/earth-science/projects/firesat/workpackages/06/10/subsystems/cdh/requirements#EnvironmentForStructurePost5'/>
    <testcase name='http://opencaesar.io/examples/firesat/programs/earth-science/projects/firesat/workpackages/06/10/subsystems/cdh/requirements#EnvironmentForStructurePost6'/>
    <testcase name='http://opencaesar.io/examples/firesat/programs/earth-science/projects/firesat/workpackages/06/10/subsystems/cdh/requirements#EnvironmentForTopPanel'/>
    <testcase name='http://opencaesar.io/examples/firesat/programs/earth-science/projects/firesat/workpackages/06/10/subsystems/cdh/requirements#LaunchEnvironmentForBasePlate'/>
    <testcase name='http://opencaesar.io/examples/firesat/programs/earth-science/projects/firesat/workpackages/06/10/subsystems/cdh/requirements#LaunchEnvironmentForLaunchVehicleAdapter'/>
    <testcase name='http://opencaesar.io/examples/firesat/programs/earth-science/projects/firesat/workpackages/06/10/subsystems/cdh/requirements#LaunchEnvironmentForPayloadStructuralInterface'/>
    <testcase name='http://opencaesar.io/examples/firesat/programs/earth-science/projects/firesat/workpackages/06/10/subsystems/cdh/requirements#LaunchEnvironmentForPressurantTankMountingPanel'/>
    <testcase name='http://opencaesar.io/examples/firesat/programs/earth-science/projects/firesat/workpackages/06/10/subsystems/cdh/requirements#LaunchEnvironmentForPropellantTankMountingPanel'/>
    <testcase name='http://opencaesar.io/examples/firesat/programs/earth-science/projects/firesat/workpackages/06/10/subsystems/cdh/requirements#LaunchEnvironmentForPropulsionStructurePost1'/>
    <testcase name='http://opencaesar.io/examples/firesat/programs/earth-science/projects/firesat/workpackages/06/10/subsystems/cdh/requirements#LaunchEnvironmentForPropulsionStructurePost2'/>
    <testcase name='http://opencaesar.io/examples/firesat/programs/earth-science/projects/firesat/workpackages/06/10/subsystems/cdh/requirements#LaunchEnvironmentForPropulsionStructurePost3'/>
    <testcase name='http://opencaesar.io/examples/firesat/programs/earth-science/projects/firesat/workpackages/06/10/subsystems/cdh/requirements#LaunchEnvironmentForPropulsionStructurePost4'/>
    <testcase name='http://opencaesar.io/examples/firesat/programs/earth-science/projects/firesat/workpackages/06/10/subsystems/cdh/requirements#LaunchEnvironmentForSeparationSystem'/>
    <testcase name='http://opencaesar.io/examples/firesat/programs/earth-science/projects/firesat/workpackages/06/10/subsystems/cdh/requirements#LaunchEnvironmentForSidePanel1'/>
    <testcase name='http://opencaesar.io/examples/firesat/programs/earth-science/projects/firesat/workpackages/06/10/subsystems/cdh/requirements#LaunchEnvironmentForSidePanel2'/>
    <testcase name='http://opencaesar.io/examples/firesat/programs/earth-science/projects/firesat/workpackages/06/10/subsystems/cdh/requirements#LaunchEnvironmentForSidePanel3'/>
    <testcase name='http://opencaesar.io/examples/firesat/programs/earth-science/projects/firesat/workpackages/06/10/subsystems/cdh/requirements#LaunchEnvironmentForSidePanel4'/>
    <testcase name='http://opencaesar.io/examples/firesat/programs/earth-science/projects/firesat/workpackages/06/10/subsystems/cdh/requirements#LaunchEnvironmentForSidePanel5'/>
    <testcase name='http://opencaesar.io/examples/firesat/programs/earth-science/projects/firesat/workpackages/06/10/subsystems/cdh/requirements#LaunchEnvironmentForSidePanel6'/>
    <testcase name='http://opencaesar.io/examples/firesat/programs/earth-science/projects/firesat/workpackages/06/10/subsystems/cdh/requirements#LaunchEnvironmentForStructurePost1'/>
    <testcase name='http://opencaesar.io/examples/firesat/programs/earth-science/projects/firesat/workpackages/06/10/subsystems/cdh/requirements#LaunchEnvironmentForStructurePost2'/>
    <testcase name='http://opencaesar.io/examples/firesat/programs/earth-science/projects/firesat/workpackages/06/10/subsystems/cdh/requirements#LaunchEnvironmentForStructurePost3'/>
    <testcase name='http://opencaesar.io/examples/firesat/programs/earth-science/projects/firesat/workpackages/06/10/subsystems/cdh/requirements#LaunchEnvironmentForStructurePost4'/>
    <testcase name='http://opencaesar.io/examples/firesat/programs/earth-science/projects/firesat/workpackages/06/10/subsystems/cdh/requirements#LaunchEnvironmentForStructurePost5'/>
    <testcase name='http://opencaesar.io/examples/firesat/programs/earth-science/projects/firesat/workpackages/06/10/subsystems/cdh/requirements#LaunchEnvironmentForStructurePost6'/>
    <testcase name='http://opencaesar.io/examples/firesat/programs/earth-science/projects/firesat/workpackages/06/10/subsystems/cdh/requirements#LaunchEnvironmentForTopPanel'/>
    <testcase name='http://opencaesar.io/examples/firesat/programs/earth-science/projects/firesat/workpackages/06/10/subsystems/cdh/requirements#MaintenanceForPrimaryFlightComputerUnit'/>
    <testcase name='http://opencaesar.io/examples/firesat/programs/earth-science/projects/firesat/workpackages/06/10/subsystems/cdh/requirements#PrecedenceForPrimaryFlightComputerUnit'/>
    <testcase name='http://opencaesar.io/examples/firesat/programs/earth-science/projects/firesat/workpackages/06/10/subsystems/cdh/requirements#SpaceEnvironmentForBasePlate'/>
    <testcase name='http://opencaesar.io/examples/firesat/programs/earth-science/projects/firesat/workpackages/06/10/subsystems/cdh/requirements#SpaceEnvironmentForPayloadStructuralInterface'/>
    <testcase name='http://opencaesar.io/examples/firesat/programs/earth-science/projects/firesat/workpackages/06/10/subsystems/cdh/requirements#SpaceEnvironmentForPressurantTankMountingPanel'/>
    <testcase name='http://opencaesar.io/examples/firesat/programs/earth-science/projects/firesat/workpackages/06/10/subsystems/cdh/requirements#SpaceEnvironmentForPropellantTankMountingPanel'/>
    <testcase name='http://opencaesar.io/examples/firesat/programs/earth-science/projects/firesat/workpackages/06/10/subsystems/cdh/requirements#SpaceEnvironmentForPropulsionStructurePost1'/>
    <testcase name='http://opencaesar.io/examples/firesat/programs/earth-science/projects/firesat/workpackages/06/10/subsystems/cdh/requirements#SpaceEnvironmentForPropulsionStructurePost2'/>
    <testcase name='http://opencaesar.io/examples/firesat/programs/earth-science/projects/firesat/workpackages/06/10/subsystems/cdh/requirements#SpaceEnvironmentForPropulsionStructurePost3'/>
    <testcase name='http://opencaesar.io/examples/firesat/programs/earth-science/projects/firesat/workpackages/06/10/subsystems/cdh/requirements#SpaceEnvironmentForPropulsionStructurePost4'/>
    <testcase name='http://opencaesar.io/examples/firesat/programs/earth-science/projects/firesat/workpackages/06/10/subsystems/cdh/requirements#SpaceEnvironmentForSidePanel1'/>
    <testcase name='http://opencaesar.io/examples/firesat/programs/earth-science/projects/firesat/workpackages/06/10/subsystems/cdh/requirements#SpaceEnvironmentForSidePanel2'/>
    <testcase name='http://opencaesar.io/examples/firesat/programs/earth-science/projects/firesat/workpackages/06/10/subsystems/cdh/requirements#SpaceEnvironmentForSidePanel3'/>
    <testcase name='http://opencaesar.io/examples/firesat/programs/earth-science/projects/firesat/workpackages/06/10/subsystems/cdh/requirements#SpaceEnvironmentForSidePanel4'/>
    <testcase name='http://opencaesar.io/examples/firesat/programs/earth-science/projects/firesat/workpackages/06/10/subsystems/cdh/requirements#SpaceEnvironmentForSidePanel5'/>
    <testcase name='http://opencaesar.io/examples/firesat/programs/earth-science/projects/firesat/workpackages/06/10/subsystems/cdh/requirements#SpaceEnvironmentForSidePanel6'/>
    <testcase name='http://opencaesar.io/examples/firesat/programs/earth-science/projects/firesat/workpackages/06/10/subsystems/cdh/requirements#SpaceEnvironmentForStructurePost1'/>
    <testcase name='http://opencaesar.io/examples/firesat/programs/earth-science/projects/firesat/workpackages/06/10/subsystems/cdh/requirements#SpaceEnvironmentForStructurePost2'/>
    <testcase name='http://opencaesar.io/examples/firesat/programs/earth-science/projects/firesat/workpackages/06/10/subsystems/cdh/requirements#SpaceEnvironmentForStructurePost3'/>
    <testcase name='http://opencaesar.io/examples/firesat/programs/earth-science/projects/firesat/workpackages/06/10/subsystems/cdh/requirements#SpaceEnvironmentForStructurePost4'/>
    <testcase name='http://opencaesar.io/examples/firesat/programs/earth-science/projects/firesat/workpackages/06/10/subsystems/cdh/requirements#SpaceEnvironmentForStructurePost5'/>
    <testcase name='http://opencaesar.io/examples/firesat/programs/earth-science/projects/firesat/workpackages/06/10/subsystems/cdh/requirements#SpaceEnvironmentForStructurePost6'/>
    <testcase name='http://opencaesar.io/examples/firesat/programs/earth-science/projects/firesat/workpackages/06/10/subsystems/cdh/requirements#SpaceEnvironmentForTopPanel'/>
    <testcase name='http://opencaesar.io/examples/firesat/programs/earth-science/projects/firesat/workpackages/06/10/subsystems/cdh/requirements#SpaceVehicleNaturalFrequencyForBasePlate'/>
    <testcase name='http://opencaesar.io/examples/firesat/programs/earth-science/projects/firesat/workpackages/06/10/subsystems/cdh/requirements#SpaceVehicleNaturalFrequencyForPayloadStructuralInterface'/>
    <testcase name='http://opencaesar.io/examples/firesat/programs/earth-science/projects/firesat/workpackages/06/10/subsystems/cdh/requirements#SpaceVehicleNaturalFrequencyForPressurantTankMountingPanel'/>
    <testcase name='http://opencaesar.io/examples/firesat/programs/earth-science/projects/firesat/workpackages/06/10/subsystems/cdh/requirements#SpaceVehicleNaturalFrequencyForPropellantTankMountingPanel'/>
    <testcase name='http://opencaesar.io/examples/firesat/programs/earth-science/projects/firesat/workpackages/06/10/subsystems/cdh/requirements#SpaceVehicleNaturalFrequencyForPropulsionStructurePost1'/>
    <testcase name='http://opencaesar.io/examples/firesat/programs/earth-science/projects/firesat/workpackages/06/10/subsystems/cdh/requirements#SpaceVehicleNaturalFrequencyForPropulsionStructurePost2'/>
    <testcase name='http://opencaesar.io/examples/firesat/programs/earth-science/projects/firesat/workpackages/06/10/subsystems/cdh/requirements#SpaceVehicleNaturalFrequencyForPropulsionStructurePost3'/>
    <testcase name='http://opencaesar.io/examples/firesat/programs/earth-science/projects/firesat/workpackages/06/10/subsystems/cdh/requirements#SpaceVehicleNaturalFrequencyForPropulsionStructurePost4'/>
    <testcase name='http://opencaesar.io/examples/firesat/programs/earth-science/projects/firesat/workpackages/06/10/subsystems/cdh/requirements#SpaceVehicleNaturalFrequencyForSidePanel1'/>
    <testcase name='http://opencaesar.io/examples/firesat/programs/earth-science/projects/firesat/workpackages/06/10/subsystems/cdh/requirements#SpaceVehicleNaturalFrequencyForSidePanel2'/>
    <testcase name='http://opencaesar.io/examples/firesat/programs/earth-science/projects/firesat/workpackages/06/10/subsystems/cdh/requirements#SpaceVehicleNaturalFrequencyForSidePanel3'/>
    <testcase name='http://opencaesar.io/examples/firesat/programs/earth-science/projects/firesat/workpackages/06/10/subsystems/cdh/requirements#SpaceVehicleNaturalFrequencyForSidePanel4'/>
    <testcase name='http://opencaesar.io/examples/firesat/programs/earth-science/projects/firesat/workpackages/06/10/subsystems/cdh/requirements#SpaceVehicleNaturalFrequencyForSidePanel5'/>
    <testcase name='http://opencaesar.io/examples/firesat/programs/earth-science/projects/firesat/workpackages/06/10/subsystems/cdh/requirements#SpaceVehicleNaturalFrequencyForSidePanel6'/>
    <testcase name='http://opencaesar.io/examples/firesat/programs/earth-science/projects/firesat/workpackages/06/10/subsystems/cdh/requirements#SpaceVehicleNaturalFrequencyForStructurePost1'/>
    <testcase name='http://opencaesar.io/examples/firesat/programs/earth-science/projects/firesat/workpackages/06/10/subsystems/cdh/requirements#SpaceVehicleNaturalFrequencyForStructurePost2'/>
    <testcase name='http://opencaesar.io/examples/firesat/programs/earth-science/projects/firesat/workpackages/06/10/subsystems/cdh/requirements#SpaceVehicleNaturalFrequencyForStructurePost3'/>
    <testcase name='http://opencaesar.io/examples/firesat/programs/earth-science/projects/firesat/workpackages/06/10/subsystems/cdh/requirements#SpaceVehicleNaturalFrequencyForStructurePost4'/>
    <testcase name='http://opencaesar.io/examples/firesat/programs/earth-science/projects/firesat/workpackages/06/10/subsystems/cdh/requirements#SpaceVehicleNaturalFrequencyForStructurePost5'/>
    <testcase name='http://opencaesar.io/examples/firesat/programs/earth-science/projects/firesat/workpackages/06/10/subsystems/cdh/requirements#SpaceVehicleNaturalFrequencyForStructurePost6'/>
    <testcase name='http://opencaesar.io/examples/firesat/programs/earth-science/projects/firesat/workpackages/06/10/subsystems/cdh/requirements#SpaceVehicleNaturalFrequencyForTopPanel'/>
    <testcase name='http://opencaesar.io/examples/firesat/programs/earth-science/projects/firesat/workpackages/06/10/subsystems/cdh/requirements#StructuralQualificationForBasePlate'/>
    <testcase name='http://opencaesar.io/examples/firesat/programs/earth-science/projects/firesat/workpackages/06/10/subsystems/cdh/requirements#StructuralQualificationForPayloadStructuralInterface'/>
    <testcase name='http://opencaesar.io/examples/firesat/programs/earth-science/projects/firesat/workpackages/06/10/subsystems/cdh/requirements#StructuralQualificationForPressurantTankMountingPanel'/>
    <testcase name='http://opencaesar.io/examples/firesat/programs/earth-science/projects/firesat/workpackages/06/10/subsystems/cdh/requirements#StructuralQualificationForPropellantTankMountingPanel'/>
    <testcase name='http://opencaesar.io/examples/firesat/programs/earth-science/projects/firesat/workpackages/06/10/subsystems/cdh/requirements#StructuralQualificationForPropulsionStructurePost1'/>
    <testcase name='http://opencaesar.io/examples/firesat/programs/earth-science/projects/firesat/workpackages/06/10/subsystems/cdh/requirements#StructuralQualificationForPropulsionStructurePost2'/>
    <testcase name='http://opencaesar.io/examples/firesat/programs/earth-science/projects/firesat/workpackages/06/10/subsystems/cdh/requirements#StructuralQualificationForPropulsionStructurePost3'/>
    <testcase name='http://opencaesar.io/examples/firesat/programs/earth-science/projects/firesat/workpackages/06/10/subsystems/cdh/requirements#StructuralQualificationForPropulsionStructurePost4'/>
    <testcase name='http://opencaesar.io/examples/firesat/programs/earth-science/projects/firesat/workpackages/06/10/subsystems/cdh/requirements#StructuralQualificationForSidePanel1'/>
    <testcase name='http://opencaesar.io/examples/firesat/programs/earth-science/projects/firesat/workpackages/06/10/subsystems/cdh/requirements#StructuralQualificationForSidePanel2'/>
    <testcase name='http://opencaesar.io/examples/firesat/programs/earth-science/projects/firesat/workpackages/06/10/subsystems/cdh/requirements#StructuralQualificationForSidePanel3'/>
    <testcase name='http://opencaesar.io/examples/firesat/programs/earth-science/projects/firesat/workpackages/06/10/subsystems/cdh/requirements#StructuralQualificationForSidePanel4'/>
    <testcase name='http://opencaesar.io/examples/firesat/programs/earth-science/projects/firesat/workpackages/06/10/subsystems/cdh/requirements#StructuralQualificationForSidePanel5'/>
    <testcase name='http://opencaesar.io/examples/firesat/programs/earth-science/projects/firesat/workpackages/06/10/subsystems/cdh/requirements#StructuralQualificationForSidePanel6'/>
    <testcase name='http://opencaesar.io/examples/firesat/programs/earth-science/projects/firesat/workpackages/06/10/subsystems/cdh/requirements#StructuralQualificationForStructurePost1'/>
    <testcase name='http://opencaesar.io/examples/firesat/programs/earth-science/projects/firesat/workpackages/06/10/subsystems/cdh/requirements#StructuralQualificationForStructurePost2'/>
    <testcase name='http://opencaesar.io/examples/firesat/programs/earth-science/projects/firesat/workpackages/06/10/subsystems/cdh/requirements#StructuralQualificationForStructurePost3'/>
    <testcase name='http://opencaesar.io/examples/firesat/programs/earth-science/projects/firesat/workpackages/06/10/subsystems/cdh/requirements#StructuralQualificationForStructurePost4'/>
    <testcase name='http://opencaesar.io/examples/firesat/programs/earth-science/projects/firesat/workpackages/06/10/subsystems/cdh/requirements#StructuralQualificationForStructurePost5'/>
    <testcase name='http://opencaesar.io/examples/firesat/programs/earth-science/projects/firesat/workpackages/06/10/subsystems/cdh/requirements#StructuralQualificationForStructurePost6'/>
    <testcase name='http://opencaesar.io/examples/firesat/programs/earth-science/projects/firesat/workpackages/06/10/subsystems/cdh/requirements#StructuralQualificationForTopPanel'/>
    <testcase name='http://opencaesar.io/examples/firesat/programs/earth-science/projects/firesat/workpackages/06/10/subsystems/cdh/requirements#SupportabilityForPrimaryFlightComputerUnit'/>
    <testcase name='http://opencaesar.io/examples/firesat/programs/earth-science/projects/firesat/workpackages/06/systems/spc/assemblies'/>
    <testcase name='http://opencaesar.io/examples/firesat/programs/earth-science/projects/firesat/workpackages/06/systems/spc/assemblies#Propellant'/>
    <testcase name='http://opencaesar.io/examples/firesat/programs/earth-science/projects/firesat/workpackages/06/systems/spc/assemblies#SpacecraftSystemSegment'/>
    <testcase name='http://opencaesar.io/examples/firesat/programs/earth-science/projects/firesat/workpackages/06/systems/spc/compositions'/>
    <testcase name='http://opencaesar.io/examples/firesat/programs/earth-science/projects/firesat/workpackages/06/systems/spc/functions'/>
    <testcase name='http://opencaesar.io/examples/firesat/programs/earth-science/projects/firesat/workpackages/06/systems/spc/functions#DetectNewWildfiresBySpacecraftSystemSegment'/>
    <testcase name='http://opencaesar.io/examples/firesat/programs/earth-science/projects/firesat/workpackages/06/systems/spc/functions#MonitorExistingWildfires_24_7BySpacecraftSystemSegment'/>
    <testcase name='http://opencaesar.io/examples/firesat/programs/earth-science/projects/firesat/workpackages/06/systems/spc/functions#PerformMissionBySpacecraftSystemSegment'/>
    <testcase name='http://opencaesar.io/examples/firesat/programs/earth-science/projects/firesat/workpackages/06/systems/spc/functions#SpacecraftSystemSegmentPerformsDetectNewWildfires'/>
    <testcase name='http://opencaesar.io/examples/firesat/programs/earth-science/projects/firesat/workpackages/06/systems/spc/functions#SpacecraftSystemSegmentPerformsMonitorExistingWildfires_24_7'/>
    <testcase name='http://opencaesar.io/examples/firesat/programs/earth-science/projects/firesat/workpackages/06/systems/spc/masses'/>
    <testcase name='http://opencaesar.io/examples/firesat/programs/earth-science/projects/firesat/workpackages/06/systems/spc/masses#PropellantCBEMass'/>
    <testcase name='http://opencaesar.io/examples/firesat/programs/earth-science/projects/firesat/workpackages/06/systems/spc/masses#PropellantCBEMassMagnitude'/>
    <testcase name='http://opencaesar.io/examples/firesat/programs/earth-science/projects/firesat/workpackages/06/systems/spc/masses#PropellantMassLimit'/>
    <testcase name='http://opencaesar.io/examples/firesat/programs/earth-science/projects/firesat/workpackages/06/systems/spc/masses#PropellantMassLimitMagnitude'/>
    <testcase name='http://opencaesar.io/examples/firesat/programs/earth-science/projects/firesat/workpackages/06/systems/spc/masses#SpacecraftSystemSegmentCBEMass'/>
    <testcase name='http://opencaesar.io/examples/firesat/programs/earth-science/projects/firesat/workpackages/06/systems/spc/masses#SpacecraftSystemSegmentCBEMassMagnitude'/>
    <testcase name='http://opencaesar.io/examples/firesat/programs/earth-science/projects/firesat/workpackages/06/systems/spc/requirements'/>
    <testcase name='http://opencaesar.io/examples/firesat/programs/earth-science/projects/firesat/workpackages/06/systems/spc/requirements#AltitudeErrorForSpacecraftSystemSegment'/>
    <testcase name='http://opencaesar.io/examples/firesat/programs/earth-science/projects/firesat/workpackages/06/systems/spc/requirements#AvailabilityForSpacecraftSystemSegment'/>
    <testcase name='http://opencaesar.io/examples/firesat/programs/earth-science/projects/firesat/workpackages/06/systems/spc/requirements#FacilitiesForSpacecraftSystemSegment'/>
    <testcase name='http://opencaesar.io/examples/firesat/programs/earth-science/projects/firesat/workpackages/06/systems/spc/requirements#FaultProtectionForSpacecraftSystemSegment'/>
    <testcase name='http://opencaesar.io/examples/firesat/programs/earth-science/projects/firesat/workpackages/06/systems/spc/requirements#MaintainabilityForSpacecraftSystemSegment'/>
    <testcase name='http://opencaesar.io/examples/firesat/programs/earth-science/projects/firesat/workpackages/06/systems/spc/requirements#ManufacturabilityForSpacecraftSystemSegment'/>
    <testcase name='http://opencaesar.io/examples/firesat/programs/earth-science/projects/firesat/workpackages/06/systems/spc/requirements#MaturityOfNewTechnologiesForSpacecraftSystemSegment'/>
    <testcase name='http://opencaesar.io/examples/firesat/programs/earth-science/projects/firesat/workpackages/06/systems/spc/requirements#MinimumElevationAngleForSpacecraftSystemSegmentPerformsDetectNewWildfires'/>
    <testcase name='http://opencaesar.io/examples/firesat/programs/earth-science/projects/firesat/workpackages/06/systems/spc/requirements#MinimumElevationAngleForSpacecraftSystemSegmentPerformsMonitorExistingWildfires_24_7'/>
    <testcase name='http://opencaesar.io/examples/firesat/programs/earth-science/projects/firesat/workpackages/06/systems/spc/requirements#NumberOfSatellitesForSpacecraftSystemSegment'/>
    <testcase name='http://opencaesar.io/examples/firesat/programs/earth-science/projects/firesat/workpackages/06/systems/spc/requirements#OrbitInclinationForSpacecraftSystemSegmentPerformsDetectNewWildfires'/>
    <testcase name='http://opencaesar.io/examples/firesat/programs/earth-science/projects/firesat/workpackages/06/systems/spc/requirements#OrbitInclinationForSpacecraftSystemSegmentPerformsMonitorExistingWildfires_24_7'/>
    <testcase name='http://opencaesar.io/examples/firesat/programs/earth-science/projects/firesat/workpackages/06/systems/spc/requirements#PowerBudgetForSpacecraftSystemSegment'/>
    <testcase name='http://opencaesar.io/examples/firesat/programs/earth-science/projects/firesat/workpackages/06/systems/spc/requirements#PrimeItemDefinitionForSpacecraftSystemSegment'/>
    <testcase name='http://opencaesar.io/examples/firesat/programs/earth-science/projects/firesat/workpackages/06/systems/spc/requirements#QualificationOfHeritageFlightHardwareForSpacecraftSystemSegment'/>
    <testcase name='http://opencaesar.io/examples/firesat/programs/earth-science/projects/firesat/workpackages/06/systems/spc/requirements#ReliabilityForSpacecraftSystemSegment'/>
    <testcase name='http://opencaesar.io/examples/firesat/programs/earth-science/projects/firesat/workpackages/06/systems/spc/requirements#SecurityAndSafetyForSpacecraftSystemSegment'/>
    <testcase name='http://opencaesar.io/examples/firesat/programs/earth-science/projects/firesat/workpackages/06/systems/spc/requirements#SpaceEnvironmentEffectsOnMaterialSelectionForSpacecraftSystemSegment'/>
    <testcase name='http://opencaesar.io/examples/firesat/programs/earth-science/projects/firesat/workpackages/06/systems/spc/requirements#SpaceVehicleMassForSpacecraftSystemSegment'/>
    <testcase name='http://opencaesar.io/examples/firesat/programs/earth-science/projects/firesat/workpackages/06/systems/spc/requirements#SpaceVehicleNaturalFrequencyForSpacecraftSystemSegment'/>
    <testcase name='http://opencaesar.io/examples/firesat/programs/earth-science/projects/firesat/workpackages/06/systems/spc/requirements#StandardSampleForSpacecraftSystemSegment'/>
    <testcase name='http://opencaesar.io/examples/firesat/programs/earth-science/projects/firesat/workpackages/06/systems/spc/requirements#StructuralQualificationForSpacecraftSystemSegment'/>
    <testcase name='http://opencaesar.io/examples/firesat/programs/earth-science/projects/firesat/workpackages/06/systems/spc/requirements#SupplyForSpacecraftSystemSegment'/>
    <testcase name='http://opencaesar.io/examples/firesat/programs/earth-science/projects/firesat/workpackages/06/systems/spc/requirements#TimeErrorForSpacecraftSystemSegment'/>
    <testcase name='http://opencaesar.io/examples/firesat/programs/earth-science/projects/firesat/workpackages/06/systems/spc/requirements#TrainingAndPersonelForSpacecraftSystemSegment'/>
    <testcase name='http://opencaesar.io/examples/firesat/programs/earth-science/projects/firesat/workpackages/06/systems/spc/requirements#TransportationForSpacecraftSystemSegment'/>
    <testcase name='http://opencaesar.io/examples/firesat/programs/earth-science/projects/firesat/workpackages/06/systems/spc/signals'/>
    <testcase name='http://opencaesar.io/examples/firesat/programs/earth-science/projects/firesat/workpackages/06/systems/spc/signals#3000To5000Power'/>
    <testcase name='http://opencaesar.io/examples/firesat/programs/earth-science/projects/firesat/workpackages/06/systems/spc/signals#5000To2000Power'/>
    <testcase name='http://opencaesar.io/examples/firesat/programs/earth-science/projects/firesat/workpackages/06/systems/spc/signals#5000To3000Power'/>
    <testcase name='http://opencaesar.io/examples/firesat/programs/earth-science/projects/firesat/workpackages/06/systems/spc/signals#5000To4000Power'/>
    <testcase name='http://opencaesar.io/examples/firesat/programs/earth-science/projects/firesat/workpackages/06/systems/spc/signals#5000To6000Power'/>
    <testcase name='http://opencaesar.io/examples/firesat/programs/earth-science/projects/firesat/workpackages/06/systems/spc/signals#5000To7000Power'/>
    <testcase name='http://opencaesar.io/examples/firesat/programs/earth-science/projects/firesat/workpackages/06/systems/spc/subsystems/ang/ang'/>
    <testcase name='http://opencaesar.io/examples/firesat/programs/earth-science/projects/firesat/workpackages/06/systems/spc/subsystems/ang/ang#ADCSAndGNC'/>
    <testcase name='http://opencaesar.io/examples/firesat/programs/earth-science/projects/firesat/workpackages/06/systems/spc/subsystems/ang/masses'/>
    <testcase name='http://opencaesar.io/examples/firesat/programs/earth-science/projects/firesat/workpackages/06/systems/spc/subsystems/ang/masses#ADCSAndGNCMassLimit'/>
    <testcase name='http://opencaesar.io/examples/firesat/programs/earth-science/projects/firesat/workpackages/06/systems/spc/subsystems/ang/masses#ADCSAndGNCMassLimitMagnitude'/>
    <testcase name='http://opencaesar.io/examples/firesat/programs/earth-science/projects/firesat/workpackages/06/systems/spc/subsystems/cdh/cdh'/>
    <testcase name='http://opencaesar.io/examples/firesat/programs/earth-science/projects/firesat/workpackages/06/systems/spc/subsystems/cdh/cdh#CommandAndDataHandling'/>
    <testcase name='http://opencaesar.io/examples/firesat/programs/earth-science/projects/firesat/workpackages/06/systems/spc/subsystems/cdh/masses'/>
    <testcase name='http://opencaesar.io/examples/firesat/programs/earth-science/projects/firesat/workpackages/06/systems/spc/subsystems/cdh/masses#CommandAndDataHandlingMassLimit'/>
    <testcase name='http://opencaesar.io/examples/firesat/programs/earth-science/projects/firesat/workpackages/06/systems/spc/subsystems/cdh/masses#CommandAndDataHandlingMassLimitMagnitude'/>
    <testcase name='http://opencaesar.io/examples/firesat/programs/earth-science/projects/firesat/workpackages/06/systems/spc/subsystems/cmn/cmn'/>
    <testcase name='http://opencaesar.io/examples/firesat/programs/earth-science/projects/firesat/workpackages/06/systems/spc/subsystems/cmn/cmn#Communications'/>
    <testcase name='http://opencaesar.io/examples/firesat/programs/earth-science/projects/firesat/workpackages/06/systems/spc/subsystems/cmn/masses'/>
    <testcase name='http://opencaesar.io/examples/firesat/programs/earth-science/projects/firesat/workpackages/06/systems/spc/subsystems/cmn/masses#CommunicationsMassLimit'/>
    <testcase name='http://opencaesar.io/examples/firesat/programs/earth-science/projects/firesat/workpackages/06/systems/spc/subsystems/cmn/masses#CommunicationsMassLimitMagnitude'/>
    <testcase name='http://opencaesar.io/examples/firesat/programs/earth-science/projects/firesat/workpackages/06/systems/spc/subsystems/eps/eps'/>
    <testcase name='http://opencaesar.io/examples/firesat/programs/earth-science/projects/firesat/workpackages/06/systems/spc/subsystems/eps/eps#ElectricPowerSystem'/>
    <testcase name='http://opencaesar.io/examples/firesat/programs/earth-science/projects/firesat/workpackages/06/systems/spc/subsystems/eps/masses'/>
    <testcase name='http://opencaesar.io/examples/firesat/programs/earth-science/projects/firesat/workpackages/06/systems/spc/subsystems/eps/masses#EPSMassLimit'/>
    <testcase name='http://opencaesar.io/examples/firesat/programs/earth-science/projects/firesat/workpackages/06/systems/spc/subsystems/eps/masses#EPSMassLimitMagnitude'/>
    <testcase name='http://opencaesar.io/examples/firesat/programs/earth-science/projects/firesat/workpackages/06/systems/spc/subsystems/prp/masses'/>
    <testcase name='http://opencaesar.io/examples/firesat/programs/earth-science/projects/firesat/workpackages/06/systems/spc/subsystems/prp/masses#PropulsionMassLimit'/>
    <testcase name='http://opencaesar.io/examples/firesat/programs/earth-science/projects/firesat/workpackages/06/systems/spc/subsystems/prp/masses#PropulsionMassLimitMagnitude'/>
    <testcase name='http://opencaesar.io/examples/firesat/programs/earth-science/projects/firesat/workpackages/06/systems/spc/subsystems/prp/prp'/>
    <testcase name='http://opencaesar.io/examples/firesat/programs/earth-science/projects/firesat/workpackages/06/systems/spc/subsystems/prp/prp#Propulsion'/>
    <testcase name='http://opencaesar.io/examples/firesat/programs/earth-science/projects/firesat/workpackages/06/systems/spc/subsystems/sam/masses'/>
    <testcase name='http://opencaesar.io/examples/firesat/programs/earth-science/projects/firesat/workpackages/06/systems/spc/subsystems/sam/masses#StructuresAndMechanismsMassLimit'/>
    <testcase name='http://opencaesar.io/examples/firesat/programs/earth-science/projects/firesat/workpackages/06/systems/spc/subsystems/sam/masses#StructuresAndMechanismsMassLimitMagnitude'/>
    <testcase name='http://opencaesar.io/examples/firesat/programs/earth-science/projects/firesat/workpackages/06/systems/spc/subsystems/sam/sam'/>
    <testcase name='http://opencaesar.io/examples/firesat/programs/earth-science/projects/firesat/workpackages/06/systems/spc/subsystems/sam/sam#StructuresAndMechanisms'/>
    <testcase name='http://opencaesar.io/examples/firesat/programs/earth-science/projects/firesat/workpackages/06/systems/spc/subsystems/thc/masses'/>
    <testcase name='http://opencaesar.io/examples/firesat/programs/earth-science/projects/firesat/workpackages/06/systems/spc/subsystems/thc/masses#ThermalControlMassLimit'/>
    <testcase name='http://opencaesar.io/examples/firesat/programs/earth-science/projects/firesat/workpackages/06/systems/spc/subsystems/thc/masses#ThermalControlMassLimitMagnitude'/>
    <testcase name='http://opencaesar.io/examples/firesat/programs/earth-science/projects/firesat/workpackages/06/systems/spc/subsystems/thc/thc'/>
    <testcase name='http://opencaesar.io/examples/firesat/programs/earth-science/projects/firesat/workpackages/06/systems/spc/subsystems/thc/thc#ThermalControl'/>
    <testcase name='http://opencaesar.io/examples/firesat/programs/earth-science/projects/firesat/firesat#WP06'>
      <failure>
        declared in
        http://opencaesar.io/examples/firesat/programs/earth-science/projects/firesat/workpackages/06/wp06.
      </failure>
    </testcase>
    <testcase name='http://opencaesar.io/examples/firesat/programs/earth-science/projects/firesat/workpackages/06/wp06'/>
    <testcase name='http://opencaesar.io/examples/firesat/programs/earth-science/projects/firesat/workpackages/06/wp06#WP06.04'/>
    <testcase name='http://opencaesar.io/examples/firesat/programs/earth-science/projects/firesat/workpackages/06/wp06#WP06.05'/>
    <testcase name='http://opencaesar.io/examples/firesat/programs/earth-science/projects/firesat/workpackages/06/wp06#WP06.06'/>
    <testcase name='http://opencaesar.io/examples/firesat/programs/earth-science/projects/firesat/workpackages/06/wp06#WP06.07'/>
    <testcase name='http://opencaesar.io/examples/firesat/programs/earth-science/projects/firesat/workpackages/06/wp06#WP06.08'/>
    <testcase name='http://opencaesar.io/examples/firesat/programs/earth-science/projects/firesat/workpackages/06/wp06#WP06.09'/>
    <testcase name='http://opencaesar.io/examples/firesat/programs/earth-science/projects/firesat/workpackages/06/wp06#WP06.10'/>
    <testcase name='http://purl.org/dc/elements/1.1'/>
  </testsuite>
</testsuites>
